Log file open, 01/23/15 21:27:34
LogInit:Display: Running engine for game: KodainaKingdom
LogInit: Version: 4.6.1-2386410+++depot+UE4-Releases+4.6
LogInit: API Version: 2369412
LogInit: Compiled (64-bit): Dec 11 2014 21:31:39
LogInit: Compiled with Visual C++: 18.00.21005.01
LogInit: Build Configuration: Development
LogInit: Branch Name: ++depot+UE4-Releases+4.6
LogInit: Command line:  
LogInit: Base directory: C:/Program Files/Epic Games/4.6/Engine/Binaries/Win64/
LogInit: Rocket: 1
[2015.01.24-02.27.34:955][  0]LogTaskGraph: Started task graph with 3 named threads and 6 total threads.
[2015.01.24-02.27.35:010][  0]LogOnline:Warning: No default platform service specified for OnlineSubsystem
[2015.01.24-02.27.35:034][  0]LogInit: Presizing for 0 objects not considered by GC, pre-allocating 0 bytes.
[2015.01.24-02.27.35:045][  0]LogInit: Object subsystem initialized
[2015.01.24-02.27.35:048][  0]LogConsoleResponse:Warning: Skipping Unknown console variable: 'UIScaleRule = ShortestSide'
[2015.01.24-02.27.35:048][  0]LogConsoleResponse:Warning:   Found in ini file 'C:/Users/Zim/Documents/Unreal Projects/KodainaKingdom/Saved/Config/Windows/Engine.ini', in section '[/Script/Engine.RendererSettings]'
[2015.01.24-02.27.35:048][  0]LogConsoleResponse:Warning: Skipping Unknown console variable: 'UIScaleCurve = (EditorCurveData=(Keys=),ExternalCurve=None)'
[2015.01.24-02.27.35:048][  0]LogConsoleResponse:Warning:   Found in ini file 'C:/Users/Zim/Documents/Unreal Projects/KodainaKingdom/Saved/Config/Windows/Engine.ini', in section '[/Script/Engine.RendererSettings]'
[2015.01.24-02.27.35:048][  0]LogConsoleManager:Warning: Console variable 'r.MSAA.CompositingSampleCount' wasn't set (Priority ProjectSetting < Scalability)
[2015.01.24-02.27.35:048][  0]LogInit: Selected Device Profile: [Windows]
[2015.01.24-02.27.35:049][  0]LogInit: Applying CVar settings loaded from the selected device profile: [Windows]
[2015.01.24-02.27.35:056][  0]LogInit: Computer: SEAN
[2015.01.24-02.27.35:056][  0]LogInit: User: Zim
[2015.01.24-02.27.35:056][  0]LogInit: CPU Page size=4096, Cores=4
[2015.01.24-02.27.35:056][  0]LogInit: High frequency timer resolution =2.338451 MHz
[2015.01.24-02.27.35:056][  0]LogMemory: Memory total: Physical=15.9GB (16GB approx) Virtual=131072.0GB
[2015.01.24-02.27.35:057][  0]LogMemory: Platform Memory Stats for Windows
[2015.01.24-02.27.35:057][  0]LogMemory: Process Physical Memory: 49.27 MB used, 49.27 MB peak
[2015.01.24-02.27.35:057][  0]LogMemory: Process Virtual Memory: 25.13 MB used, 25.13 MB peak
[2015.01.24-02.27.35:057][  0]LogMemory: Physical Memory: 6010.37 MB used, 16331.28 MB total
[2015.01.24-02.27.35:057][  0]LogMemory: Virtual Memory: 271.84 MB used, 134217728.00 MB total
[2015.01.24-02.27.35:092][  0]LogD3D11RHI: Found D3D11 adapter 0: NVIDIA GeForce GT 750M   (Feature Level 11_0)
[2015.01.24-02.27.35:092][  0]LogD3D11RHI: Adapter has 1985MB of dedicated video memory, 0MB of dedicated system memory, and 2048MB of shared system memory, 1 output[s]
[2015.01.24-02.27.35:121][  0]LogD3D11RHI: Found D3D11 adapter 1: NVIDIA GeForce GT 750M   (Feature Level 11_0)
[2015.01.24-02.27.35:121][  0]LogD3D11RHI: Adapter has 1985MB of dedicated video memory, 0MB of dedicated system memory, and 2048MB of shared system memory, 0 output[s]
[2015.01.24-02.27.35:122][  0]LogD3D11RHI: Found D3D11 adapter 2: Microsoft Basic Render Driver (Feature Level 11_0)
[2015.01.24-02.27.35:122][  0]LogD3D11RHI: Adapter has 0MB of dedicated video memory, 0MB of dedicated system memory, and 256MB of shared system memory, 0 output[s]
[2015.01.24-02.27.35:122][  0]LogD3D11RHI: Chosen D3D11 Adapter Id = 0
[2015.01.24-02.27.35:127][  0]LogRHI: Texture pool is 1361 MB (70% of 1945 MB)
[2015.01.24-02.27.35:142][  0]LogD3D11RHI: Async texture creation enabled
[2015.01.24-02.27.35:213][  0]LogTextLocalizationManager: The requested culture ('en_US') has no localization data; parent culture's ('en') localization data will be used.
[2015.01.24-02.27.35:395][  0]LogContentStreaming: Texture pool size is 0.000000MB
[2015.01.24-02.27.43:254][  0]LogTargetPlatformManager:Display: Building Assets For Windows
[2015.01.24-02.27.43:936][  0]LogTargetPlatformManager:Display: Building Assets For Windows
[2015.01.24-02.27.44:012][  0]LogDerivedDataCache:Display: Max Cache Size: 512 MB
[2015.01.24-02.27.44:064][  0]LogDerivedDataCache: Loaded boot cache 0.05s 39MB C:/Users/Zim/AppData/Local/UnrealEngine/4.6/DerivedDataCache/Boot.ddc.
[2015.01.24-02.27.44:064][  0]LogDerivedDataCache:Display: Loaded Boot cache: C:/Users/Zim/AppData/Local/UnrealEngine/4.6/DerivedDataCache/Boot.ddc
[2015.01.24-02.27.44:065][  0]LogDerivedDataCache: FDerivedDataBackendGraph:  Pak pak cache file ../../../../../../Users/Zim/Documents/Unreal Projects/KodainaKingdom/DerivedDataCache/DDC.ddp not found, will not use a pak cache.
[2015.01.24-02.27.44:065][  0]LogDerivedDataCache: Unable to find inner node Pak for hierarchical cache Hierarchy.
[2015.01.24-02.27.44:164][  0]LogDerivedDataCache:Display: Pak cache opened for reading ../../../Engine/DerivedDataCache/DDC.ddp.
[2015.01.24-02.27.44:176][  0]LogDerivedDataCache: Using Local data cache path C:/Users/Zim/AppData/Local/UnrealEngine/Common/DerivedDataCache: Writable
[2015.01.24-02.27.44:372][  0]LogCollisionProfile:Warning: Profile (UI) - Custom Channel Name = 'Weapon' hasn't been found
[2015.01.24-02.27.44:575][  0]LogMeshUtilities: No automatic mesh reduction module available
[2015.01.24-02.27.44:575][  0]LogMeshUtilities: No automatic mesh merging module available
[2015.01.24-02.27.45:101][  0]LogInit: WinSock: version 1.1 (2.2), MaxSocks=32767, MaxUdp=65467
[2015.01.24-02.27.45:175][  0]LogSlate:Warning: Failed to load font data from '../../../Engine/Content/Slate/Fonts/Roboto-Italic.ttf'
[2015.01.24-02.27.46:198][  0]UdpMessaging: Initializing bridge on interface 0.0.0.0:0 to multicast group 230.0.0.1:6666.
[2015.01.24-02.27.46:392][  0]LogDirectoryWatcher:Warning: Failed to begin reading directory changes for C:/Users/Zim/Documents/Unreal Projects/KodainaKingdom/Binaries/Win64. Error: 0
[2015.01.24-02.27.46:588][  0]SourceControl: Info Source control is disabled
[2015.01.24-02.27.46:589][  0]SourceControl: Info Source control is disabled
[2015.01.24-02.27.46:598][  0]SourceControl: Info Source control is disabled
[2015.01.24-02.27.46:750][  0]LogObj: 23754 objects as part of root set at end of initial load.
[2015.01.24-02.27.46:750][  0]LogUObjectAllocator: 5168136 out of 0 bytes used by permanent object pool.
[2015.01.24-02.27.46:820][  0]LogEngine: Initializing Engine...
[2015.01.24-02.27.47:017][  0]LogInit: XAudio2 using 'Speakers (Realtek High Definition Audio)' : 2 channels at 48 kHz using 32 bits per sample (channel mask 0x3)
[2015.01.24-02.27.47:027][  0]LogInit: FAudioDevice initialized.
[2015.01.24-02.27.47:051][  0]LogAIModule: Creating AISystem for world NewWorld
[2015.01.24-02.27.47:075][  0]LogDerivedDataCache: Saved boot cache 0.02s 39MB C:/Users/Zim/AppData/Local/UnrealEngine/4.6/DerivedDataCache/Boot.ddc.
[2015.01.24-02.27.47:080][  0]LogInit: Texture streaming: Enabled
[2015.01.24-02.27.47:118][  0]LogAnalytics: Creating configured Analytics provider AnalyticsET
[2015.01.24-02.27.47:118][  0]LogAnalytics: ET APIKey = Rocket.Release. APIServer = http://et2.epicgames.com/ET2/. AppVersion = 4.6.1-2386410+++depot+UE4-Releases+4.6
[2015.01.24-02.27.47:119][  0]LogAnalytics: SetUserId e818845727fd16b7b8e647cd16e3db7c
[2015.01.24-02.27.47:119][  0]LogAnalytics: AnalyticsET::StartSession [Rocket.Release]
[2015.01.24-02.27.47:138][  0]LogInit: Transaction tracking system initialized
[2015.01.24-02.27.47:252][  0]BlueprintLog: New page: Editor Load
[2015.01.24-02.27.47:286][  0]LogAssetRegistry: FAssetRegistry took 0.0109 seconds to start up
[2015.01.24-02.27.47:286][  0]LogDirectoryWatcher:Warning: Failed to begin reading directory changes for ../../../Engine/Plugins/Experimental/CharacterAI/Content/. Error: 0
[2015.01.24-02.27.47:990][  0]LogTargetPlatformManager:Display: Building Assets For Windows
[2015.01.24-02.27.48:506][  0]LogTargetPlatformManager:Display: Building Assets For Windows
[2015.01.24-02.27.48:742][  0]LogConsoleResponse:Display: 
[2015.01.24-02.27.48:812][  0]LogLinker:Warning: Asset '../../../Engine/Content/Functions/Engine_MaterialFunctions03/Procedurals/ComputeFilterWidth.uasset' has been saved with empty engine version. The asset will be loaded but may be incompatible.
[2015.01.24-02.27.49:061][  0]SourceControl: Info Source control is disabled
[2015.01.24-02.27.49:061][  0]Cmd: MAP LOAD FILE="../../../../../../Users/Zim/Documents/Unreal Projects/KodainaKingdom/Content/Maps/TestLevel.umap" TEMPLATE=0 SHOWPROGRESS=1
[2015.01.24-02.27.49:062][  0]LightingResults: New page: Lighting Build
[2015.01.24-02.27.49:073][  0]MapCheck: New page: Map Check
[2015.01.24-02.27.49:073][  0]LightingResults: New page: Lighting Build
[2015.01.24-02.27.49:085][  0]LogParticles: Destroying 0 GPU particle simulations for FXSystem 0x000000DFC0CA9580
[2015.01.24-02.27.49:188][  0]LogEditorServer: Finished looking for orphan Actors (0.000 secs)
[2015.01.24-02.27.49:189][  0]LogAIModule: Creating AISystem for world TestLevel
[2015.01.24-02.27.49:189][  0]Cmd: MAP CHECKDEP
[2015.01.24-02.27.49:189][  0]MapCheck: New page: TestLevel - Jan 23, 2015, 4:27:49 PM
[2015.01.24-02.27.49:301][  0]MapCheck: Info Map check complete: 0 Error(s), 0 Warning(s), took 112.11ms to complete.
[2015.01.24-02.27.49:301][  0]LogFileHelpers: Loading map 'TestLevel' took 0.240
[2015.01.24-02.27.49:392][  0]LogCollectionManager: Loaded 0 collections in 0.002326 seconds
[2015.01.24-02.27.49:615][  0]LogCrashTracker: Crashtracker disabled due to settings.
[2015.01.24-02.27.49:624][  0]LogUObjectGlobals:Warning: Failed to find object 'Class None.'
[2015.01.24-02.27.49:651][  0]LogLoad: Full Startup: 17.03 seconds (BP compile: 0.01 seconds)
[2015.01.24-02.27.49:995][  0]LogContentBrowser:Verbose: The content browser source was changed by the sources view to '/Game/Blueprints'
[2015.01.24-02.27.50:163][  0]LogRenderer:Warning: Reallocating scene render targets to support 1200x896.
[2015.01.24-02.27.51:198][  7]LogAssetRegistry: Asset discovery search completed in 3.9231 seconds
[2015.01.24-02.28.05:229][501]LogPropertyNode:Warning: UI Min (0.001) >= UI Max () for Ranged Numeric
[2015.01.24-02.28.05:233][501]LogPropertyNode:Warning: UI Min (0.001) >= UI Max () for Ranged Numeric
[2015.01.24-02.28.05:314][501]LogPropertyNode:Warning: UI Min (0.001) >= UI Max () for Ranged Numeric
[2015.01.24-02.28.05:316][501]LogPropertyNode:Warning: UI Min (0.001) >= UI Max () for Ranged Numeric
[2015.01.24-02.29.11:390][837]Cmd: OBJ SAVEPACKAGE PACKAGE="/Game/Blueprints/BattleHUD" FILE="../../../../../../Users/Zim/Documents/Unreal Projects/KodainaKingdom/Content/Blueprints/BattleHUD.uasset" SILENT=true
[2015.01.24-02.29.11:649][837]LogSavePackage: Save=112.105835ms
[2015.01.24-02.29.11:649][837]LogSavePackage: Moving '../../../../../../Users/Zim/Documents/Unreal Projects/KodainaKingdom/Saved/BattleHUD16C6ABD24F8F559FACCD24ADC354280D.tmp' to '../../../../../../Users/Zim/Documents/Unreal Projects/KodainaKingdom/Content/Blueprints/BattleHUD.uasset'
[2015.01.24-02.30.31:132][ 40]Cmd: OBJ SAVEPACKAGE PACKAGE="/Game/Blueprints/MyCharacter" FILE="../../../../../../Users/Zim/Documents/Unreal Projects/KodainaKingdom/Content/Blueprints/MyCharacter.uasset" SILENT=true
[2015.01.24-02.30.32:159][ 40]LogSavePackage: Save=866.234558ms
[2015.01.24-02.30.32:160][ 40]LogSavePackage: Moving '../../../../../../Users/Zim/Documents/Unreal Projects/KodainaKingdom/Saved/MyCharacterFB6F884249EB4B3985A9D280BD7C4534.tmp' to '../../../../../../Users/Zim/Documents/Unreal Projects/KodainaKingdom/Content/Blueprints/MyCharacter.uasset'
[2015.01.24-02.30.33:440][ 66]LogActorComponent: UnregisterComponent: (/Engine/Transient.CharacterMovementComponent_0) Not registered. Aborting.
[2015.01.24-02.30.33:494][ 66]LogParticles: Destroying 0 GPU particle simulations for FXSystem 0x000000DFCF134F40
[2015.01.24-02.30.44:704][383]Cmd: OBJ SAVEPACKAGE PACKAGE="/Game/Blueprints/MyCharacter" FILE="../../../../../../Users/Zim/Documents/Unreal Projects/KodainaKingdom/Content/Blueprints/MyCharacter.uasset" SILENT=true
[2015.01.24-02.30.45:167][383]LogSavePackage: Save=313.535767ms
[2015.01.24-02.30.45:167][383]LogSavePackage: Moving '../../../../../../Users/Zim/Documents/Unreal Projects/KodainaKingdom/Saved/MyCharacter7956A02B488AE0126ABBF8A31A4B0570.tmp' to '../../../../../../Users/Zim/Documents/Unreal Projects/KodainaKingdom/Content/Blueprints/MyCharacter.uasset'
[2015.01.24-02.33.33:364][381]Cmd: OBJ SAVEPACKAGE PACKAGE="/Game/Blueprints/MyCharacter" FILE="../../../../../../Users/Zim/Documents/Unreal Projects/KodainaKingdom/Content/Blueprints/MyCharacter.uasset" SILENT=true
[2015.01.24-02.33.33:823][381]LogSavePackage: Save=305.937134ms
[2015.01.24-02.33.33:823][381]LogSavePackage: Moving '../../../../../../Users/Zim/Documents/Unreal Projects/KodainaKingdom/Saved/MyCharacterED9BFDE14A04DEBE8DC39181917DC46D.tmp' to '../../../../../../Users/Zim/Documents/Unreal Projects/KodainaKingdom/Content/Blueprints/MyCharacter.uasset'
[2015.01.24-02.36.51:525][880]LogUObjectGlobals:Warning: Failed to find object 'Object None.'
[2015.01.24-02.36.52:876][943]LogUObjectGlobals:Warning: Failed to find object 'Object None.'
[2015.01.24-02.36.53:518][970]LogUObjectGlobals:Warning: Failed to find object 'Object None.'
[2015.01.24-02.37.51:664][ 23]LogFileHelpers: Editor autosave (incl. sublevels) for '/Game/Maps/TestLevel' took 0.041
[2015.01.24-02.37.51:703][ 23]OBJ SavePackage: Generating thumbnails for [1] asset(s) in package [/Game/Blueprints/Enemy] ([1] browsable assets)...
[2015.01.24-02.37.51:754][ 23]OBJ SavePackage:     Rendered thumbnail for [Blueprint /Game/Blueprints/Enemy.Enemy]
[2015.01.24-02.37.51:754][ 23]OBJ SavePackage: Finished generating thumbnails for package [/Game/Blueprints/Enemy]
[2015.01.24-02.37.52:337][ 23]LogSavePackage: Save=432.547882ms
[2015.01.24-02.37.52:337][ 23]LogSavePackage: Moving '../../../../../../Users/Zim/Documents/Unreal Projects/KodainaKingdom/Saved/Enemy_Auto1C848B9D24C8868086FF7AFB8D2D57FBD.tmp' to '../../../../../../Users/Zim/Documents/Unreal Projects/KodainaKingdom/Saved/Autosaves/Game/Blueprints/Enemy_Auto1.uasset'
[2015.01.24-02.37.52:341][ 23]LogFileHelpers: Auto-saving content packages took 0.677
[2015.01.24-02.41.13:708][976]LogUObjectGlobals:Warning: Failed to find object 'Object None.'
[2015.01.24-02.41.13:708][976]LogUObjectGlobals:Warning: Failed to find object 'Object None.'
[2015.01.24-02.41.13:708][976]LogProperty:Warning: ObjectProperty /Script/Engine.EdGraphPin:LinkedTo.LinkedTo: unresolved reference to 'EdGraphPin'"K2Node_VariableSet_487.EdGraphPin_20504"''
[2015.01.24-02.41.14:246][996]LogUObjectGlobals:Warning: Failed to find object 'Object None.'
[2015.01.24-02.41.14:246][996]LogUObjectGlobals:Warning: Failed to find object 'Object None.'
[2015.01.24-02.41.14:247][996]LogProperty:Warning: ObjectProperty /Script/Engine.EdGraphPin:LinkedTo.LinkedTo: unresolved reference to 'EdGraphPin'"K2Node_VariableSet_487.EdGraphPin_20504"''
[2015.01.24-02.41.14:676][ 12]LogUObjectGlobals:Warning: Failed to find object 'Object None.'
[2015.01.24-02.41.14:677][ 12]LogUObjectGlobals:Warning: Failed to find object 'Object None.'
[2015.01.24-02.41.14:677][ 12]LogProperty:Warning: ObjectProperty /Script/Engine.EdGraphPin:LinkedTo.LinkedTo: unresolved reference to 'EdGraphPin'"K2Node_VariableSet_487.EdGraphPin_20504"''
[2015.01.24-02.44.08:646][163]LogUObjectGlobals:Warning: Failed to find object 'Object None.'
[2015.01.24-02.45.09:317][567]BlueprintLog: New page: Compile Enemy
[2015.01.24-02.45.09:576][567]LogPropertyNode:Warning: UI Min (0.001) >= UI Max () for Ranged Numeric
[2015.01.24-02.45.09:578][567]LogPropertyNode:Warning: UI Min (0.001) >= UI Max () for Ranged Numeric
[2015.01.24-02.45.09:643][567]BlueprintEditorCompileResults: Info [1057.02] Compile of Enemy successful! [in 299 ms]
[2015.01.24-02.45.10:072][574]Cmd: OBJ SAVEPACKAGE PACKAGE="/Game/Blueprints/Enemy" FILE="../../../../../../Users/Zim/Documents/Unreal Projects/KodainaKingdom/Content/Blueprints/Enemy.uasset" SILENT=true
[2015.01.24-02.45.10:630][574]LogSavePackage: Save=399.966034ms
[2015.01.24-02.45.10:630][574]LogSavePackage: Moving '../../../../../../Users/Zim/Documents/Unreal Projects/KodainaKingdom/Saved/Enemy72263C0B461543F7C136EDA4FE39D8C8.tmp' to '../../../../../../Users/Zim/Documents/Unreal Projects/KodainaKingdom/Content/Blueprints/Enemy.uasset'
[2015.01.24-02.45.11:717][613]LogActorComponent: UnregisterComponent: (/Engine/Transient.CharacterMovementComponent_1) Not registered. Aborting.
[2015.01.24-02.47.53:209][562]LogActorComponent: UnregisterComponent: (/Engine/Transient.CharacterMovementComponent_2) Not registered. Aborting.
[2015.01.24-02.47.53:244][562]LogFileHelpers: Editor autosave (incl. sublevels) for '/Game/Maps/TestLevel' took 0.035
[2015.01.24-02.47.53:285][562]OBJ SavePackage: Generating thumbnails for [1] asset(s) in package [/Game/Blueprints/MyCharacter] ([1] browsable assets)...
[2015.01.24-02.47.53:346][562]OBJ SavePackage:     Rendered thumbnail for [Blueprint /Game/Blueprints/MyCharacter.MyCharacter]
[2015.01.24-02.47.53:346][562]OBJ SavePackage: Finished generating thumbnails for package [/Game/Blueprints/MyCharacter]
[2015.01.24-02.47.54:395][562]LogSavePackage: Save=897.110535ms
[2015.01.24-02.47.54:395][562]LogSavePackage: Moving '../../../../../../Users/Zim/Documents/Unreal Projects/KodainaKingdom/Saved/MyCharacter_Auto2D5FBD8EE403BF26CD0331D8ECC65EEF0.tmp' to '../../../../../../Users/Zim/Documents/Unreal Projects/KodainaKingdom/Saved/Autosaves/Game/Blueprints/MyCharacter_Auto2.uasset'
[2015.01.24-02.47.54:400][562]LogFileHelpers: Auto-saving content packages took 1.157
[2015.01.24-02.49.01:695][879]Cmd: OBJ SAVEPACKAGE PACKAGE="/Game/Blueprints/MyCharacter" FILE="../../../../../../Users/Zim/Documents/Unreal Projects/KodainaKingdom/Content/Blueprints/MyCharacter.uasset" SILENT=true
[2015.01.24-02.49.02:125][879]LogSavePackage: Save=288.169830ms
[2015.01.24-02.49.02:125][879]LogSavePackage: Moving '../../../../../../Users/Zim/Documents/Unreal Projects/KodainaKingdom/Saved/MyCharacter53913D704C842A136758E9B620B17738.tmp' to '../../../../../../Users/Zim/Documents/Unreal Projects/KodainaKingdom/Content/Blueprints/MyCharacter.uasset'
[2015.01.24-02.49.03:035][902]BlueprintLog: New page: Compile MyCharacter
[2015.01.24-02.49.03:355][902]LogPropertyNode:Warning: UI Min (0.001) >= UI Max () for Ranged Numeric
[2015.01.24-02.49.03:356][902]LogPropertyNode:Warning: UI Min (0.001) >= UI Max () for Ranged Numeric
[2015.01.24-02.49.03:481][902]LogActorComponent: UnregisterComponent: (/Engine/Transient.CharacterMovementComponent_3) Not registered. Aborting.
[2015.01.24-02.49.03:583][902]LogPropertyNode:Warning: UI Min (0.001) >= UI Max () for Ranged Numeric
[2015.01.24-02.49.03:585][902]LogPropertyNode:Warning: UI Min (0.001) >= UI Max () for Ranged Numeric
[2015.01.24-02.49.03:662][902]BlueprintEditorCompileResults: Info [1291.04] Compile of MyCharacter successful! [in 451 ms]
[2015.01.24-02.49.04:251][903]Cmd: OBJ SAVEPACKAGE PACKAGE="/Game/Blueprints/MyCharacter" FILE="../../../../../../Users/Zim/Documents/Unreal Projects/KodainaKingdom/Content/Blueprints/MyCharacter.uasset" SILENT=true
[2015.01.24-02.49.05:222][903]LogSavePackage: Save=829.319519ms
[2015.01.24-02.49.05:222][903]LogSavePackage: Moving '../../../../../../Users/Zim/Documents/Unreal Projects/KodainaKingdom/Saved/MyCharacter77432E494CE4D5A5C02C65AD99B962A6.tmp' to '../../../../../../Users/Zim/Documents/Unreal Projects/KodainaKingdom/Content/Blueprints/MyCharacter.uasset'
[2015.01.24-02.49.46:661][289]BlueprintLog: New page: Compile MyCharacter
[2015.01.24-02.49.46:987][289]LogPropertyNode:Warning: UI Min (0.001) >= UI Max () for Ranged Numeric
[2015.01.24-02.49.46:989][289]LogPropertyNode:Warning: UI Min (0.001) >= UI Max () for Ranged Numeric
[2015.01.24-02.49.47:094][289]LogActorComponent: UnregisterComponent: (/Engine/Transient.CharacterMovementComponent_4) Not registered. Aborting.
[2015.01.24-02.49.47:202][289]LogPropertyNode:Warning: UI Min (0.001) >= UI Max () for Ranged Numeric
[2015.01.24-02.49.47:203][289]LogPropertyNode:Warning: UI Min (0.001) >= UI Max () for Ranged Numeric
[2015.01.24-02.49.47:299][289]BlueprintEditorCompileResults: Info [1334.68] Compile of MyCharacter successful! [in 457 ms]
[2015.01.24-02.49.49:056][328]LogActorComponent: UnregisterComponent: (/Engine/Transient.CharacterMovementComponent_5) Not registered. Aborting.
[2015.01.24-02.49.51:172][390]BlueprintLog: New page: Pre-PIE auto-recompile
[2015.01.24-02.49.51:181][390]LogPlayLevel: [PIE] Compiling Enemy before PIE...
[2015.01.24-02.49.51:325][390]LogPlayLevel: [PIE] Compiling Tutorial_BP_MacroLib before PIE...
[2015.01.24-02.49.51:385][390]LogPlayLevel: [PIE] Compiling TestLevel before PIE...
[2015.01.24-02.49.51:448][390]LogPlayLevel: [PIE] Compiling BattleHUD before PIE...
[2015.01.24-02.49.51:659][390]LogPlayLevel: [PIE] Compiling RollingMovingHUD before PIE...
[2015.01.24-02.49.51:806][390]LogPlayLevel: [PIE] Compiling MyCharacter before PIE...
[2015.01.24-02.49.52:208][390]LogParticles: Destroying 0 GPU particle simulations for FXSystem 0x000000DFCD2DC0E0
[2015.01.24-02.49.52:208][390]LogParticles: Destroying 0 GPU particle simulations for FXSystem 0x000000DFD5E0C680
[2015.01.24-02.49.52:209][390]LogParticles: Destroying 0 GPU particle simulations for FXSystem 0x000000DFD041F100
[2015.01.24-02.49.52:228][390]LogPlayLevel: PIE:  Blueprint regeneration took 1056 ms (6 blueprints)
[2015.01.24-02.49.52:228][390]PIE: New page: PIE session: TestLevel (Jan 23, 2015, 4:49:52 PM)
[2015.01.24-02.49.52:233][390]LogPlayLevel: PIE: StaticDuplicateObject took: (0.004056s)
[2015.01.24-02.49.52:233][390]LogPlayLevel: PIE: World Init took: (0.000784s)
[2015.01.24-02.49.52:234][390]LogPlayLevel: PIE: Created PIE world by copying editor world from /Game/Maps/TestLevel.TestLevel to /Game/Maps/UEDPIE_0_TestLevel.TestLevel (0.005081s)
[2015.01.24-02.49.52:406][390]LogWorld: Game class is 'Kodaina_C'
[2015.01.24-02.49.52:408][390]LogAIModule: Creating AISystem for world TestLevel
[2015.01.24-02.49.52:411][390]LogWorld: Bringing World /Game/Maps/UEDPIE_0_TestLevel.TestLevel up for play (max tick rate 60) at 2015.01.23-21.49.52
[2015.01.24-02.49.52:412][390]LogWorld: Bringing up level for play took: 0.004180
[2015.01.24-02.49.52:421][390]PIE: Info Play in editor start time for /Game/Maps/UEDPIE_0_TestLevel 1.447
[2015.01.24-02.49.52:471][390]LogRenderer:Warning: Reallocating scene render targets to support 1296x896.
[2015.01.24-02.50.32:302][563]LogParticles: Destroying 0 GPU particle simulations for FXSystem 0x000000DFDA271580
[2015.01.24-02.50.37:885][832]LogPropertyNode:Warning: UI Min (0.001) >= UI Max () for Ranged Numeric
[2015.01.24-02.50.37:889][832]LogPropertyNode:Warning: UI Min (0.001) >= UI Max () for Ranged Numeric
[2015.01.24-02.50.37:961][832]LogPropertyNode:Warning: UI Min (0.001) >= UI Max () for Ranged Numeric
[2015.01.24-02.50.37:962][832]LogPropertyNode:Warning: UI Min (0.001) >= UI Max () for Ranged Numeric
[2015.01.24-02.51.01:845][502]BlueprintLog: New page: Compile MyCharacter
[2015.01.24-02.51.02:146][502]LogPropertyNode:Warning: UI Min (0.001) >= UI Max () for Ranged Numeric
[2015.01.24-02.51.02:147][502]LogPropertyNode:Warning: UI Min (0.001) >= UI Max () for Ranged Numeric
[2015.01.24-02.51.02:240][502]LogActorComponent: UnregisterComponent: (/Engine/Transient.CharacterMovementComponent_6) Not registered. Aborting.
[2015.01.24-02.51.02:343][502]LogPropertyNode:Warning: UI Min (0.001) >= UI Max () for Ranged Numeric
[2015.01.24-02.51.02:345][502]LogPropertyNode:Warning: UI Min (0.001) >= UI Max () for Ranged Numeric
[2015.01.24-02.51.02:410][502]BlueprintEditorCompileResults: Info [1409.79] Compile of MyCharacter successful! [in 403 ms]
[2015.01.24-02.51.03:011][504]Cmd: OBJ SAVEPACKAGE PACKAGE="/Game/Blueprints/MyCharacter" FILE="../../../../../../Users/Zim/Documents/Unreal Projects/KodainaKingdom/Content/Blueprints/MyCharacter.uasset" SILENT=true
[2015.01.24-02.51.04:009][504]LogSavePackage: Save=851.619324ms
[2015.01.24-02.51.04:009][504]LogSavePackage: Moving '../../../../../../Users/Zim/Documents/Unreal Projects/KodainaKingdom/Saved/MyCharacter504C345044A9035BB6184AAD49EAF53C.tmp' to '../../../../../../Users/Zim/Documents/Unreal Projects/KodainaKingdom/Content/Blueprints/MyCharacter.uasset'
[2015.01.24-02.51.04:981][531]LogActorComponent: UnregisterComponent: (/Engine/Transient.CharacterMovementComponent_7) Not registered. Aborting.
[2015.01.24-02.51.08:546][696]LogParticles: Destroying 0 GPU particle simulations for FXSystem 0x000000DFCFBAC5E0
[2015.01.24-02.51.10:368][756]Cmd: QUIT_EDITOR
[2015.01.24-02.51.10:903][756]LogExit: Preparing to exit.
[2015.01.24-02.51.12:137][756]LogExit: Editor shut down
[2015.01.24-02.51.12:137][756]LogExit: Transaction tracking system shut down
[2015.01.24-02.51.12:138][756]LogParticles: Destroying 0 GPU particle simulations for FXSystem 0x000000DFB9AC5440
[2015.01.24-02.51.12:138][756]LogParticles: Destroying 0 GPU particle simulations for FXSystem 0x000000DFBA583380
[2015.01.24-02.51.12:211][756]LogExit: Object subsystem successfully closed.
[2015.01.24-02.51.12:272][756]LogModuleManager: Shutting down and abandoning module Merge (174)
[2015.01.24-02.51.12:272][756]LogModuleManager: Shutting down and abandoning module SequencerWidgets (173)
[2015.01.24-02.51.12:272][756]LogModuleManager: Shutting down and abandoning module AndroidDeviceDetection (172)
[2015.01.24-02.51.12:273][756]LogModuleManager: Shutting down and abandoning module CrashTracker (171)
[2015.01.24-02.51.12:273][756]LogModuleManager: Shutting down and abandoning module SuperSearch (170)
[2015.01.24-02.51.12:273][756]LogModuleManager: Shutting down and abandoning module SceneOutliner (169)
[2015.01.24-02.51.12:273][756]LogModuleManager: Shutting down and abandoning module EditorWidgets (168)
[2015.01.24-02.51.12:273][756]LogModuleManager: Shutting down and abandoning module CollectionManager (167)
[2015.01.24-02.51.12:273][756]LogModuleManager: Shutting down and abandoning module StatsViewer (166)
[2015.01.24-02.51.12:273][756]LogModuleManager: Shutting down and abandoning module FoliageEdit (165)
[2015.01.24-02.51.12:273][756]LogModuleManager: Shutting down and abandoning module LandscapeEditor (164)
[2015.01.24-02.51.12:273][756]LogModuleManager: Shutting down and abandoning module MeshPaint (163)
[2015.01.24-02.51.12:273][756]LogModuleManager: Shutting down and abandoning module ActorPickerMode (162)
[2015.01.24-02.51.12:273][756]LogModuleManager: Shutting down and abandoning module GeometryMode (161)
[2015.01.24-02.51.12:273][756]LogModuleManager: Shutting down and abandoning module TextureAlignMode (160)
[2015.01.24-02.51.12:273][756]LogModuleManager: Shutting down and abandoning module BspMode (159)
[2015.01.24-02.51.12:273][756]LogModuleManager: Shutting down and abandoning module PlacementMode (158)
[2015.01.24-02.51.12:273][756]LogModuleManager: Shutting down and abandoning module AutomationWorker (157)
[2015.01.24-02.51.12:273][756]LogModuleManager: Shutting down and abandoning module CharacterAI (156)
[2015.01.24-02.51.12:273][756]LogModuleManager: Shutting down and abandoning module GameProjectGeneration (155)
[2015.01.24-02.51.12:273][756]LogModuleManager: Shutting down and abandoning module IntroTutorials (154)
[2015.01.24-02.51.12:273][756]LogModuleManager: Shutting down and abandoning module EditorLiveStreaming (153)
[2015.01.24-02.51.12:273][756]LogModuleManager: Shutting down and abandoning module HardwareTargeting (152)
[2015.01.24-02.51.12:273][756]LogModuleManager: Shutting down and abandoning module DeviceProfileEditor (151)
[2015.01.24-02.51.12:273][756]LogModuleManager: Shutting down and abandoning module UndoHistory (150)
[2015.01.24-02.51.12:273][756]LogModuleManager: Shutting down and abandoning module GameplayTagsEditor (149)
[2015.01.24-02.51.12:273][756]LogModuleManager: Shutting down and abandoning module UserFeedback (148)
[2015.01.24-02.51.12:273][756]LogModuleManager: Shutting down and abandoning module XmlParser (147)
[2015.01.24-02.51.12:273][756]LogModuleManager: Shutting down and abandoning module Blutility (146)
[2015.01.24-02.51.12:273][756]LogModuleManager: Shutting down and abandoning module IOSPlatformEditor (145)
[2015.01.24-02.51.12:273][756]LogModuleManager: Shutting down and abandoning module IOSRuntimeSettings (144)
[2015.01.24-02.51.12:273][756]LogModuleManager: Shutting down and abandoning module AndroidPlatformEditor (143)
[2015.01.24-02.51.12:273][756]LogModuleManager: Shutting down and abandoning module AndroidRuntimeSettings (142)
[2015.01.24-02.51.12:273][756]LogModuleManager: Shutting down and abandoning module ProjectTargetPlatformEditor (141)
[2015.01.24-02.51.12:274][756]LogModuleManager: Shutting down and abandoning module ProjectSettingsViewer (140)
[2015.01.24-02.51.12:274][756]LogModuleManager: Shutting down and abandoning module InputBindingEditor (139)
[2015.01.24-02.51.12:274][756]LogModuleManager: Shutting down and abandoning module EditorSettingsViewer (138)
[2015.01.24-02.51.12:274][756]LogModuleManager: Shutting down and abandoning module SettingsEditor (137)
[2015.01.24-02.51.12:274][756]LogModuleManager: Shutting down and abandoning module ProjectLauncher (136)
[2015.01.24-02.51.12:274][756]LogModuleManager: Shutting down and abandoning module SessionFrontend (135)
[2015.01.24-02.51.12:274][756]LogModuleManager: Shutting down and abandoning module ProfilerClient (134)
[2015.01.24-02.51.12:274][756]LogModuleManager: Shutting down and abandoning module TargetDeviceServices (133)
[2015.01.24-02.51.12:274][756]LogModuleManager: Shutting down and abandoning module DeviceManager (132)
[2015.01.24-02.51.12:274][756]LogModuleManager: Shutting down and abandoning module AutomationController (131)
[2015.01.24-02.51.12:274][756]LogModuleManager: Shutting down and abandoning module AutomationWindow (130)
[2015.01.24-02.51.12:274][756]LogModuleManager: Shutting down and abandoning module Layers (129)
[2015.01.24-02.51.12:274][756]LogModuleManager: Shutting down and abandoning module ComponentVisualizers (128)
[2015.01.24-02.51.12:274][756]LogModuleManager: Shutting down and abandoning module DetailCustomizations (127)
[2015.01.24-02.51.12:274][756]LogModuleManager: Shutting down and abandoning module PackagesDialog (126)
[2015.01.24-02.51.12:274][756]LogModuleManager: Shutting down and abandoning module AssetRegistry (125)
[2015.01.24-02.51.12:389][756]LogModuleManager: Shutting down and abandoning module Persona (124)
[2015.01.24-02.51.12:389][756]LogModuleManager: Shutting down and abandoning module Kismet (123)
[2015.01.24-02.51.12:389][756]LogModuleManager: Shutting down and abandoning module GraphEditor (122)
[2015.01.24-02.51.12:389][756]LogModuleManager: Shutting down and abandoning module ClassViewer (121)
[2015.01.24-02.51.12:389][756]LogModuleManager: Shutting down and abandoning module Toolbox (120)
[2015.01.24-02.51.12:389][756]LogModuleManager: Shutting down and abandoning module ModuleUI (119)
[2015.01.24-02.51.12:389][756]LogModuleManager: Shutting down and abandoning module MovieSceneTools (118)
[2015.01.24-02.51.12:389][756]LogModuleManager: Shutting down and abandoning module OutputLog (117)
[2015.01.24-02.51.12:389][756]LogModuleManager: Shutting down and abandoning module GammaUI (116)
[2015.01.24-02.51.12:389][756]LogModuleManager: Shutting down and abandoning module Documentation (115)
[2015.01.24-02.51.12:389][756]LogModuleManager: Shutting down and abandoning module GameLiveStreaming (114)
[2015.01.24-02.51.12:389][756]LogModuleManager: Shutting down and abandoning module StreamingPauseRendering (113)
[2015.01.24-02.51.12:389][756]LogModuleManager: Shutting down and abandoning module HTTP (112)
[2015.01.24-02.51.12:389][756]LogModuleManager: Shutting down and abandoning module AnalyticsET (111)
[2015.01.24-02.51.12:389][756]LogModuleManager: Shutting down and abandoning module Analytics (110)
[2015.01.24-02.51.12:389][756]LogModuleManager: Shutting down and abandoning module AITestSuite (109)
[2015.01.24-02.51.12:389][756]LogModuleManager: Shutting down and abandoning module AIModule (108)
[2015.01.24-02.51.12:389][756]LogModuleManager: Shutting down and abandoning module ProfilerService (107)
[2015.01.24-02.51.12:463][756]LogModuleManager: Shutting down and abandoning module TaskGraph (106)
[2015.01.24-02.51.12:463][756]LogModuleManager: Shutting down and abandoning module GameplayDebugger (105)
[2015.01.24-02.51.12:463][756]LogModuleManager: Shutting down and abandoning module SlateRemote (104)
[2015.01.24-02.51.12:463][756]LogModuleManager: Shutting down and abandoning module ScriptEditorPlugin (103)
[2015.01.24-02.51.12:463][756]LogModuleManager: Shutting down and abandoning module CustomMeshComponent (102)
[2015.01.24-02.51.12:463][756]LogModuleManager: Shutting down and abandoning module CableComponent (101)
[2015.01.24-02.51.12:463][756]LogModuleManager: Shutting down and abandoning module MessagingDebugger (100)
[2015.01.24-02.51.12:463][756]LogModuleManager: Shutting down and abandoning module MediaPlayerEditor (99)
[2015.01.24-02.51.12:463][756]LogModuleManager: Shutting down and abandoning module SpeedTreeImporter (98)
[2015.01.24-02.51.12:463][756]LogModuleManager: Shutting down and abandoning module PluginsEditor (97)
[2015.01.24-02.51.12:463][756]LogModuleManager: Shutting down and abandoning module EpicSurvey (96)
[2015.01.24-02.51.12:463][756]LogModuleManager: Shutting down and abandoning module DesktopPlatform (95)
[2015.01.24-02.51.12:463][756]LogModuleManager: Shutting down and abandoning module VisualStudioSourceCodeAccess (94)
[2015.01.24-02.51.12:463][756]LogModuleManager: Shutting down and abandoning module UObjectPlugin (93)
[2015.01.24-02.51.12:463][756]LogModuleManager: Shutting down and abandoning module SubversionSourceControl (92)
[2015.01.24-02.51.12:463][756]LogModuleManager: Shutting down and abandoning module SourceControl (91)
[2015.01.24-02.51.12:463][756]LogModuleManager: Shutting down and abandoning module PerforceSourceControl (90)
[2015.01.24-02.51.12:463][756]LogModuleManager: Shutting down and abandoning module BlankPlugin (89)
[2015.01.24-02.51.12:463][756]LogModuleManager: Shutting down and abandoning module SlateReflector (88)
[2015.01.24-02.51.12:463][756]LogModuleManager: Shutting down and abandoning module DirectoryWatcher (87)
[2015.01.24-02.51.12:464][756]LogModuleManager: Shutting down and abandoning module HotReload (86)
[2015.01.24-02.51.12:464][756]LogModuleManager: Shutting down and abandoning module MainFrame (85)
[2015.01.24-02.51.12:464][756]LogModuleManager: Shutting down and abandoning module LevelEditor (84)
[2015.01.24-02.51.12:465][756]LogModuleManager: Shutting down and abandoning module ViewportSnapping (83)
[2015.01.24-02.51.12:465][756]LogModuleManager: Shutting down and abandoning module SmartSnapping (82)
[2015.01.24-02.51.12:465][756]LogModuleManager: Shutting down and abandoning module PaperTiledImporter (81)
[2015.01.24-02.51.12:465][756]LogModuleManager: Shutting down and abandoning module PaperJsonImporter (80)
[2015.01.24-02.51.12:465][756]LogModuleManager: Shutting down and abandoning module ContentBrowser (79)
[2015.01.24-02.51.12:465][756]LogModuleManager: Shutting down and abandoning module Paper2DEditor (78)
[2015.01.24-02.51.12:465][756]LogModuleManager: Shutting down and abandoning module ScriptPlugin (77)
[2015.01.24-02.51.12:465][756]LogModuleManager: Shutting down and abandoning module UdpMessaging (76)
[2015.01.24-02.51.12:566][756]LogModuleManager: Shutting down and abandoning module Paper2D (75)
[2015.01.24-02.51.12:566][756]LogModuleManager: Shutting down and abandoning module UE4Game (74)
[2015.01.24-02.51.12:566][756]LogModuleManager: Shutting down and abandoning module WindowsMoviePlayer (73)
[2015.01.24-02.51.12:569][756]LogModuleManager: Shutting down and abandoning module Media (72)
[2015.01.24-02.51.12:569][756]LogModuleManager: Shutting down and abandoning module WmfMedia (71)
[2015.01.24-02.51.12:570][756]LogModuleManager: Shutting down and abandoning module OnlineBlueprintSupport (70)
[2015.01.24-02.51.12:570][756]LogModuleManager: Shutting down and abandoning module PropertyEditor (69)
[2015.01.24-02.51.12:570][756]LogModuleManager: Shutting down and abandoning module BehaviorTreeEditor (68)
[2015.01.24-02.51.12:570][756]LogModuleManager: Shutting down and abandoning module FunctionalTesting (67)
[2015.01.24-02.51.12:570][756]LogModuleManager: Shutting down and abandoning module CollisionAnalyzer (66)
[2015.01.24-02.51.12:570][756]LogModuleManager: Shutting down and abandoning module WorkspaceMenuStructure (65)
[2015.01.24-02.51.12:570][756]LogModuleManager: Shutting down and abandoning module MessageLog (64)
[2015.01.24-02.51.12:570][756]LogModuleManager: Shutting down and abandoning module Sequencer (63)
[2015.01.24-02.51.12:570][756]LogModuleManager: Shutting down and abandoning module AssetTools (62)
[2015.01.24-02.51.12:570][756]LogModuleManager: Shutting down and abandoning module UMGEditor (61)
[2015.01.24-02.51.12:570][756]LogModuleManager: Shutting down and abandoning module UMG (60)
[2015.01.24-02.51.12:570][756]LogModuleManager: Shutting down and abandoning module Slate (59)
[2015.01.24-02.51.12:570][756]LogModuleManager: Shutting down and abandoning module EditorStyle (58)
[2015.01.24-02.51.12:577][756]LogModuleManager: Shutting down and abandoning module SessionServices (57)
[2015.01.24-02.51.12:577][756]LogModuleManager: Shutting down and abandoning module SourceCodeAccess (56)
[2015.01.24-02.51.12:577][756]LogModuleManager: Shutting down and abandoning module HeadMountedDisplay (55)
[2015.01.24-02.51.12:577][756]LogModuleManager: Shutting down and abandoning module XAudio2 (54)
[2015.01.24-02.51.12:577][756]LogModuleManager: Shutting down and abandoning module Networking (52)
[2015.01.24-02.51.12:577][756]LogModuleManager: Shutting down and abandoning module Core (51)
[2015.01.24-02.51.12:577][756]LogModuleManager: Shutting down and abandoning module KismetCompiler (50)
[2015.01.24-02.51.12:577][756]LogModuleManager: Shutting down and abandoning module PhysXFormats (49)
[2015.01.24-02.51.12:577][756]LogModuleManager: Shutting down and abandoning module MeshUtilities (48)
[2015.01.24-02.51.12:577][756]LogModuleManager: Shutting down and abandoning module DerivedDataCache (47)
[2015.01.24-02.51.12:636][756]LogDerivedDataCache: Shutdown
[2015.01.24-02.51.12:636][756]LogModuleManager: Shutting down and abandoning module ShaderFormatOpenGL (46)
[2015.01.24-02.51.12:636][756]LogModuleManager: Shutting down and abandoning module ShaderFormatD3D (45)
[2015.01.24-02.51.12:636][756]LogModuleManager: Shutting down and abandoning module MetalShaderFormat (44)
[2015.01.24-02.51.12:636][756]LogModuleManager: Shutting down and abandoning module TextureFormatUncompressed (43)
[2015.01.24-02.51.12:636][756]LogModuleManager: Shutting down and abandoning module TextureFormatPVR (42)
[2015.01.24-02.51.12:636][756]LogModuleManager: Shutting down and abandoning module TextureFormatDXT (41)
[2015.01.24-02.51.12:636][756]LogModuleManager: Shutting down and abandoning module TextureFormatAndroid (40)
[2015.01.24-02.51.12:636][756]LogModuleManager: Shutting down and abandoning module AudioFormatOpus (39)
[2015.01.24-02.51.12:636][756]LogModuleManager: Shutting down and abandoning module AudioFormatOgg (38)
[2015.01.24-02.51.12:636][756]LogModuleManager: Shutting down and abandoning module AudioFormatADPCM (37)
[2015.01.24-02.51.12:636][756]LogModuleManager: Shutting down and abandoning module LinuxTargetPlatform (36)
[2015.01.24-02.51.12:636][756]LogModuleManager: Shutting down and abandoning module LinuxServerTargetPlatform (35)
[2015.01.24-02.51.12:636][756]LogModuleManager: Shutting down and abandoning module LinuxNoEditorTargetPlatform (34)
[2015.01.24-02.51.12:636][756]LogModuleManager: Shutting down and abandoning module Messaging (33)
[2015.01.24-02.51.12:636][756]LogModuleManager: Shutting down and abandoning module IOSTargetPlatform (32)
[2015.01.24-02.51.12:636][756]LogModuleManager: Shutting down and abandoning module Android_PVRTCTargetPlatform (31)
[2015.01.24-02.51.12:636][756]LogModuleManager: Shutting down and abandoning module Android_ETC2TargetPlatform (30)
[2015.01.24-02.51.12:636][756]LogModuleManager: Shutting down and abandoning module Android_ETC1TargetPlatform (29)
[2015.01.24-02.51.12:636][756]LogModuleManager: Shutting down and abandoning module Android_DXTTargetPlatform (28)
[2015.01.24-02.51.12:636][756]LogModuleManager: Shutting down and abandoning module Android_ATCTargetPlatform (27)
[2015.01.24-02.51.12:636][756]LogModuleManager: Shutting down and abandoning module AndroidTargetPlatform (26)
[2015.01.24-02.51.12:636][756]LogModuleManager: Shutting down and abandoning module WindowsTargetPlatform (25)
[2015.01.24-02.51.12:636][756]LogModuleManager: Shutting down and abandoning module WindowsServerTargetPlatform (24)
[2015.01.24-02.51.12:636][756]LogModuleManager: Shutting down and abandoning module WindowsNoEditorTargetPlatform (23)
[2015.01.24-02.51.12:636][756]LogModuleManager: Shutting down and abandoning module WindowsClientTargetPlatform (22)
[2015.01.24-02.51.12:636][756]LogModuleManager: Shutting down and abandoning module TargetPlatform (21)
[2015.01.24-02.51.12:636][756]LogModuleManager: Shutting down and abandoning module InputCore (20)
[2015.01.24-02.51.12:636][756]LogModuleManager: Shutting down and abandoning module Settings (19)
[2015.01.24-02.51.12:636][756]LogModuleManager: Shutting down and abandoning module ImageWrapper (18)
[2015.01.24-02.51.12:636][756]LogModuleManager: Shutting down and abandoning module OculusRift (15)
[2015.01.24-02.51.12:636][756]LogModuleManager: Shutting down and abandoning module ExampleDeviceProfileSelector (14)
[2015.01.24-02.51.12:636][756]LogModuleManager: Shutting down and abandoning module TextureCompressor (13)
[2015.01.24-02.51.12:636][756]LogModuleManager: Shutting down and abandoning module ShaderCore (12)
[2015.01.24-02.51.12:636][756]LogModuleManager: Shutting down and abandoning module Landscape (11)
[2015.01.24-02.51.12:636][756]LogModuleManager: Shutting down and abandoning module SlateRHIRenderer (10)
[2015.01.24-02.51.12:639][756]LogModuleManager: Shutting down and abandoning module OpenGLDrv (9)
[2015.01.24-02.51.12:639][756]LogModuleManager: Shutting down and abandoning module D3D11RHI (8)
[2015.01.24-02.51.12:639][756]LogModuleManager: Shutting down and abandoning module Renderer (7)
[2015.01.24-02.51.12:639][756]LogModuleManager: Shutting down and abandoning module Engine (6)
[2015.01.24-02.51.12:639][756]LogModuleManager: Shutting down and abandoning module CoreUObject (5)
[2015.01.24-02.51.12:639][756]LogModuleManager: Shutting down and abandoning module NetworkFile (4)
[2015.01.24-02.51.12:639][756]LogModuleManager: Shutting down and abandoning module StreamingFile (3)
[2015.01.24-02.51.12:639][756]LogModuleManager: Shutting down and abandoning module SandboxFile (2)
[2015.01.24-02.51.12:639][756]LogModuleManager: Shutting down and abandoning module PakFile (1)
[2015.01.24-02.51.12:640][756]LogExit: Exiting.
[2015.01.24-02.51.12:646][756]Log file closed, 01/23/15 21:51:12
