Log file open, 01/25/15 15:49:54
LogInit:Display: Running engine for game: KodainaKingdom
LogInit: Version: 4.6.1-2386410+++depot+UE4-Releases+4.6
LogInit: API Version: 2369412
LogInit: Compiled (64-bit): Dec 11 2014 21:31:39
LogInit: Compiled with Visual C++: 18.00.21005.01
LogInit: Build Configuration: Development
LogInit: Branch Name: ++depot+UE4-Releases+4.6
LogInit: Command line:  
LogInit: Base directory: C:/Program Files/Epic Games/4.6/Engine/Binaries/Win64/
LogInit: Rocket: 1
[2015.01.25-20.49.54:982][  0]LogTaskGraph: Started task graph with 3 named threads and 6 total threads.
[2015.01.25-20.49.55:039][  0]LogOnline:Warning: No default platform service specified for OnlineSubsystem
[2015.01.25-20.49.55:119][  0]LogInit: Presizing for 0 objects not considered by GC, pre-allocating 0 bytes.
[2015.01.25-20.49.55:131][  0]LogInit: Object subsystem initialized
[2015.01.25-20.49.55:134][  0]LogInit: Selected Device Profile: [Windows]
[2015.01.25-20.49.55:134][  0]LogInit: Applying CVar settings loaded from the selected device profile: [Windows]
[2015.01.25-20.49.55:147][  0]LogInit: Computer: SEAN
[2015.01.25-20.49.55:147][  0]LogInit: User: Zim
[2015.01.25-20.49.55:147][  0]LogInit: CPU Page size=4096, Cores=4
[2015.01.25-20.49.55:147][  0]LogInit: High frequency timer resolution =2.338451 MHz
[2015.01.25-20.49.55:147][  0]LogMemory: Memory total: Physical=15.9GB (16GB approx) Virtual=131072.0GB
[2015.01.25-20.49.55:147][  0]LogMemory: Platform Memory Stats for Windows
[2015.01.25-20.49.55:147][  0]LogMemory: Process Physical Memory: 49.22 MB used, 49.22 MB peak
[2015.01.25-20.49.55:147][  0]LogMemory: Process Virtual Memory: 25.10 MB used, 25.10 MB peak
[2015.01.25-20.49.55:147][  0]LogMemory: Physical Memory: 6524.03 MB used, 16331.28 MB total
[2015.01.25-20.49.55:147][  0]LogMemory: Virtual Memory: 271.84 MB used, 134217728.00 MB total
[2015.01.25-20.49.55:193][  0]LogD3D11RHI: Found D3D11 adapter 0: NVIDIA GeForce GT 750M   (Feature Level 11_0)
[2015.01.25-20.49.55:193][  0]LogD3D11RHI: Adapter has 1985MB of dedicated video memory, 0MB of dedicated system memory, and 2048MB of shared system memory, 1 output[s]
[2015.01.25-20.49.55:225][  0]LogD3D11RHI: Found D3D11 adapter 1: NVIDIA GeForce GT 750M   (Feature Level 11_0)
[2015.01.25-20.49.55:225][  0]LogD3D11RHI: Adapter has 1985MB of dedicated video memory, 0MB of dedicated system memory, and 2048MB of shared system memory, 0 output[s]
[2015.01.25-20.49.55:227][  0]LogD3D11RHI: Found D3D11 adapter 2: Microsoft Basic Render Driver (Feature Level 11_0)
[2015.01.25-20.49.55:227][  0]LogD3D11RHI: Adapter has 0MB of dedicated video memory, 0MB of dedicated system memory, and 256MB of shared system memory, 0 output[s]
[2015.01.25-20.49.55:227][  0]LogD3D11RHI: Chosen D3D11 Adapter Id = 0
[2015.01.25-20.49.55:234][  0]LogRHI: Texture pool is 1361 MB (70% of 1945 MB)
[2015.01.25-20.49.55:253][  0]LogD3D11RHI: Async texture creation enabled
[2015.01.25-20.49.55:594][  0]LogTextLocalizationManager: The requested culture ('en_US') has no localization data; parent culture's ('en') localization data will be used.
[2015.01.25-20.49.55:811][  0]LogContentStreaming: Texture pool size is 0.000000MB
[2015.01.25-20.50.05:070][  0]LogTargetPlatformManager:Display: Building Assets For Windows
[2015.01.25-20.50.06:048][  0]LogTargetPlatformManager:Display: Building Assets For Windows
[2015.01.25-20.50.06:136][  0]LogDerivedDataCache:Display: Max Cache Size: 512 MB
[2015.01.25-20.50.06:199][  0]LogDerivedDataCache: Loaded boot cache 0.06s 39MB C:/Users/Zim/AppData/Local/UnrealEngine/4.6/DerivedDataCache/Boot.ddc.
[2015.01.25-20.50.06:199][  0]LogDerivedDataCache:Display: Loaded Boot cache: C:/Users/Zim/AppData/Local/UnrealEngine/4.6/DerivedDataCache/Boot.ddc
[2015.01.25-20.50.06:199][  0]LogDerivedDataCache: FDerivedDataBackendGraph:  Pak pak cache file ../../../../../../Users/Zim/Documents/Unreal Projects/KodainaKingdom/DerivedDataCache/DDC.ddp not found, will not use a pak cache.
[2015.01.25-20.50.06:199][  0]LogDerivedDataCache: Unable to find inner node Pak for hierarchical cache Hierarchy.
[2015.01.25-20.50.06:297][  0]LogDerivedDataCache:Display: Pak cache opened for reading ../../../Engine/DerivedDataCache/DDC.ddp.
[2015.01.25-20.50.06:311][  0]LogDerivedDataCache: Using Local data cache path C:/Users/Zim/AppData/Local/UnrealEngine/Common/DerivedDataCache: Writable
[2015.01.25-20.50.10:326][  0]LogCollisionProfile:Warning: Profile (UI) - Custom Channel Name = 'Weapon' hasn't been found
[2015.01.25-20.50.10:620][  0]LogMeshUtilities: No automatic mesh reduction module available
[2015.01.25-20.50.10:620][  0]LogMeshUtilities: No automatic mesh merging module available
[2015.01.25-20.50.11:442][  0]LogInit: WinSock: version 1.1 (2.2), MaxSocks=32767, MaxUdp=65467
[2015.01.25-20.50.11:531][  0]LogSlate:Warning: Failed to load font data from '../../../Engine/Content/Slate/Fonts/Roboto-Italic.ttf'
[2015.01.25-20.50.13:460][  0]UdpMessaging: Initializing bridge on interface 0.0.0.0:0 to multicast group 230.0.0.1:6666.
[2015.01.25-20.50.13:673][  0]LogDirectoryWatcher:Warning: Failed to begin reading directory changes for C:/Users/Zim/Documents/Unreal Projects/KodainaKingdom/Binaries/Win64. Error: 0
[2015.01.25-20.50.14:048][  0]SourceControl: Info Source control is disabled
[2015.01.25-20.50.14:048][  0]SourceControl: Info Source control is disabled
[2015.01.25-20.50.14:057][  0]SourceControl: Info Source control is disabled
[2015.01.25-20.50.14:241][  0]LogObj: 23754 objects as part of root set at end of initial load.
[2015.01.25-20.50.14:241][  0]LogUObjectAllocator: 5168136 out of 0 bytes used by permanent object pool.
[2015.01.25-20.50.14:318][  0]LogEngine: Initializing Engine...
[2015.01.25-20.50.14:768][  0]LogInit: XAudio2 using 'Speakers (Realtek High Definition Audio)' : 2 channels at 48 kHz using 32 bits per sample (channel mask 0x3)
[2015.01.25-20.50.14:780][  0]LogInit: FAudioDevice initialized.
[2015.01.25-20.50.14:807][  0]LogAIModule: Creating AISystem for world NewWorld
[2015.01.25-20.50.14:834][  0]LogDerivedDataCache: Saved boot cache 0.03s 39MB C:/Users/Zim/AppData/Local/UnrealEngine/4.6/DerivedDataCache/Boot.ddc.
[2015.01.25-20.50.14:857][  0]LogInit: Texture streaming: Enabled
[2015.01.25-20.50.14:896][  0]LogAnalytics: Creating configured Analytics provider AnalyticsET
[2015.01.25-20.50.14:896][  0]LogAnalytics: ET APIKey = Rocket.Release. APIServer = http://et2.epicgames.com/ET2/. AppVersion = 4.6.1-2386410+++depot+UE4-Releases+4.6
[2015.01.25-20.50.14:897][  0]LogAnalytics: SetUserId e818845727fd16b7b8e647cd16e3db7c
[2015.01.25-20.50.14:897][  0]LogAnalytics: AnalyticsET::StartSession [Rocket.Release]
[2015.01.25-20.50.14:918][  0]LogInit: Transaction tracking system initialized
[2015.01.25-20.50.15:037][  0]BlueprintLog: New page: Editor Load
[2015.01.25-20.50.15:078][  0]LogAssetRegistry: FAssetRegistry took 0.0105 seconds to start up
[2015.01.25-20.50.15:078][  0]LogDirectoryWatcher:Warning: Failed to begin reading directory changes for ../../../Engine/Plugins/Experimental/CharacterAI/Content/. Error: 0
[2015.01.25-20.50.15:889][  0]LogTargetPlatformManager:Display: Building Assets For Windows
[2015.01.25-20.50.16:475][  0]LogTargetPlatformManager:Display: Building Assets For Windows
[2015.01.25-20.50.16:767][  0]LogConsoleResponse:Display: 
[2015.01.25-20.50.16:930][  0]LogLinker:Warning: Asset '../../../Engine/Content/Functions/Engine_MaterialFunctions03/Procedurals/ComputeFilterWidth.uasset' has been saved with empty engine version. The asset will be loaded but may be incompatible.
[2015.01.25-20.50.17:361][  0]SourceControl: Info Source control is disabled
[2015.01.25-20.50.17:361][  0]Cmd: MAP LOAD FILE="../../../../../../Users/Zim/Documents/Unreal Projects/KodainaKingdom/Content/Maps/TestLevel.umap" TEMPLATE=0 SHOWPROGRESS=1
[2015.01.25-20.50.17:365][  0]LightingResults: New page: Lighting Build
[2015.01.25-20.50.17:378][  0]MapCheck: New page: Map Check
[2015.01.25-20.50.17:378][  0]LightingResults: New page: Lighting Build
[2015.01.25-20.50.17:391][  0]LogParticles: Destroying 0 GPU particle simulations for FXSystem 0x0000008925EA9580
[2015.01.25-20.50.17:770][  0]LogEditorServer: Finished looking for orphan Actors (0.000 secs)
[2015.01.25-20.50.17:770][  0]LogAIModule: Creating AISystem for world TestLevel
[2015.01.25-20.50.17:771][  0]Cmd: MAP CHECKDEP
[2015.01.25-20.50.17:771][  0]MapCheck: New page: TestLevel - Jan 25, 2015, 10:50:17 AM
[2015.01.25-20.50.17:907][  0]MapCheck: Info Map check complete: 0 Error(s), 0 Warning(s), took 136.308ms to complete.
[2015.01.25-20.50.17:907][  0]LogFileHelpers: Loading map 'TestLevel' took 0.546
[2015.01.25-20.50.18:008][  0]LogCollectionManager: Loaded 0 collections in 0.001683 seconds
[2015.01.25-20.50.18:260][  0]LogCrashTracker: Crashtracker disabled due to settings.
[2015.01.25-20.50.18:268][  0]LogUObjectGlobals:Warning: Failed to find object 'Class None.'
[2015.01.25-20.50.18:295][  0]LogLoad: Full Startup: 26.91 seconds (BP compile: 0.02 seconds)
[2015.01.25-20.50.18:638][  0]LogContentBrowser:Verbose: The content browser source was changed by the sources view to '/Game/Blueprints'
[2015.01.25-20.50.18:812][  0]LogRenderer:Warning: Reallocating scene render targets to support 1200x872.
[2015.01.25-20.50.24:710][ 74]LogRenderer:Warning: Reallocating scene render targets to support 1200x896.
[2015.01.25-20.50.25:496][113]BlueprintLog: New page: Pre-PIE auto-recompile
[2015.01.25-20.50.25:496][113]LogPlayLevel: [PIE] Compiling TestLevel before PIE...
[2015.01.25-20.50.25:551][113]LogPlayLevel: PIE:  Blueprint regeneration took 54 ms (1 blueprints)
[2015.01.25-20.50.25:551][113]PIE: New page: PIE session: TestLevel (Jan 25, 2015, 10:50:25 AM)
[2015.01.25-20.50.25:557][113]LogPlayLevel: PIE: StaticDuplicateObject took: (0.005456s)
[2015.01.25-20.50.25:558][113]LogPlayLevel: PIE: World Init took: (0.000681s)
[2015.01.25-20.50.25:558][113]LogPlayLevel: PIE: Created PIE world by copying editor world from /Game/Maps/TestLevel.TestLevel to /Game/Maps/UEDPIE_0_TestLevel.TestLevel (0.006390s)
[2015.01.25-20.50.29:868][113]LogWorld: Game class is 'Kodaina_C'
[2015.01.25-20.50.29:870][113]LogAIModule: Creating AISystem for world TestLevel
[2015.01.25-20.50.29:874][113]LogWorld: Bringing World /Game/Maps/UEDPIE_0_TestLevel.TestLevel up for play (max tick rate 60) at 2015.01.25-15.50.29
[2015.01.25-20.50.29:875][113]LogWorld: Bringing up level for play took: 0.004633
[2015.01.25-20.50.29:901][113]PIE: Info Play in editor start time for /Game/Maps/UEDPIE_0_TestLevel 4.577
[2015.01.25-20.50.29:956][113]LogRenderer:Warning: Reallocating scene render targets to support 1296x896.
[2015.01.25-20.50.48:618][ 81]LogAssetRegistry: Asset discovery search completed in 33.5508 seconds
[2015.01.25-20.51.24:133][422]LogActorComponent: UnregisterComponent: (/Engine/Transient.CharacterMovementComponent_0) Not registered. Aborting.
[2015.01.25-20.51.24:191][422]LogParticles: Destroying 0 GPU particle simulations for FXSystem 0x000000891D022DE0
[2015.01.25-20.51.55:741][567]Cmd: QUIT_EDITOR
[2015.01.25-20.51.56:303][567]LogExit: Preparing to exit.
[2015.01.25-20.51.56:615][567]LogExit: Editor shut down
[2015.01.25-20.51.56:615][567]LogExit: Transaction tracking system shut down
[2015.01.25-20.51.56:616][567]LogParticles: Destroying 0 GPU particle simulations for FXSystem 0x000000891DE65440
[2015.01.25-20.51.56:617][567]LogParticles: Destroying 0 GPU particle simulations for FXSystem 0x000000891C87A020
[2015.01.25-20.51.56:657][567]LogExit: Object subsystem successfully closed.
[2015.01.25-20.51.56:721][567]LogModuleManager: Shutting down and abandoning module AndroidDeviceDetection (172)
[2015.01.25-20.51.56:721][567]LogModuleManager: Shutting down and abandoning module CrashTracker (171)
[2015.01.25-20.51.56:721][567]LogModuleManager: Shutting down and abandoning module SuperSearch (170)
[2015.01.25-20.51.56:721][567]LogModuleManager: Shutting down and abandoning module SceneOutliner (169)
[2015.01.25-20.51.56:721][567]LogModuleManager: Shutting down and abandoning module EditorWidgets (168)
[2015.01.25-20.51.56:721][567]LogModuleManager: Shutting down and abandoning module CollectionManager (167)
[2015.01.25-20.51.56:721][567]LogModuleManager: Shutting down and abandoning module StatsViewer (166)
[2015.01.25-20.51.56:721][567]LogModuleManager: Shutting down and abandoning module FoliageEdit (165)
[2015.01.25-20.51.56:721][567]LogModuleManager: Shutting down and abandoning module LandscapeEditor (164)
[2015.01.25-20.51.56:721][567]LogModuleManager: Shutting down and abandoning module MeshPaint (163)
[2015.01.25-20.51.56:721][567]LogModuleManager: Shutting down and abandoning module ActorPickerMode (162)
[2015.01.25-20.51.56:721][567]LogModuleManager: Shutting down and abandoning module GeometryMode (161)
[2015.01.25-20.51.56:721][567]LogModuleManager: Shutting down and abandoning module TextureAlignMode (160)
[2015.01.25-20.51.56:721][567]LogModuleManager: Shutting down and abandoning module BspMode (159)
[2015.01.25-20.51.56:721][567]LogModuleManager: Shutting down and abandoning module PlacementMode (158)
[2015.01.25-20.51.56:721][567]LogModuleManager: Shutting down and abandoning module AutomationWorker (157)
[2015.01.25-20.51.56:721][567]LogModuleManager: Shutting down and abandoning module CharacterAI (156)
[2015.01.25-20.51.56:721][567]LogModuleManager: Shutting down and abandoning module GameProjectGeneration (155)
[2015.01.25-20.51.56:721][567]LogModuleManager: Shutting down and abandoning module IntroTutorials (154)
[2015.01.25-20.51.56:722][567]LogModuleManager: Shutting down and abandoning module EditorLiveStreaming (153)
[2015.01.25-20.51.56:722][567]LogModuleManager: Shutting down and abandoning module HardwareTargeting (152)
[2015.01.25-20.51.56:722][567]LogModuleManager: Shutting down and abandoning module DeviceProfileEditor (151)
[2015.01.25-20.51.56:722][567]LogModuleManager: Shutting down and abandoning module UndoHistory (150)
[2015.01.25-20.51.56:722][567]LogModuleManager: Shutting down and abandoning module GameplayTagsEditor (149)
[2015.01.25-20.51.56:722][567]LogModuleManager: Shutting down and abandoning module UserFeedback (148)
[2015.01.25-20.51.56:722][567]LogModuleManager: Shutting down and abandoning module XmlParser (147)
[2015.01.25-20.51.56:722][567]LogModuleManager: Shutting down and abandoning module Blutility (146)
[2015.01.25-20.51.56:722][567]LogModuleManager: Shutting down and abandoning module IOSPlatformEditor (145)
[2015.01.25-20.51.56:722][567]LogModuleManager: Shutting down and abandoning module IOSRuntimeSettings (144)
[2015.01.25-20.51.56:722][567]LogModuleManager: Shutting down and abandoning module AndroidPlatformEditor (143)
[2015.01.25-20.51.56:722][567]LogModuleManager: Shutting down and abandoning module AndroidRuntimeSettings (142)
[2015.01.25-20.51.56:722][567]LogModuleManager: Shutting down and abandoning module ProjectTargetPlatformEditor (141)
[2015.01.25-20.51.56:722][567]LogModuleManager: Shutting down and abandoning module ProjectSettingsViewer (140)
[2015.01.25-20.51.56:722][567]LogModuleManager: Shutting down and abandoning module InputBindingEditor (139)
[2015.01.25-20.51.56:722][567]LogModuleManager: Shutting down and abandoning module EditorSettingsViewer (138)
[2015.01.25-20.51.56:722][567]LogModuleManager: Shutting down and abandoning module SettingsEditor (137)
[2015.01.25-20.51.56:722][567]LogModuleManager: Shutting down and abandoning module ProjectLauncher (136)
[2015.01.25-20.51.56:722][567]LogModuleManager: Shutting down and abandoning module SessionFrontend (135)
[2015.01.25-20.51.56:722][567]LogModuleManager: Shutting down and abandoning module ProfilerClient (134)
[2015.01.25-20.51.56:722][567]LogModuleManager: Shutting down and abandoning module TargetDeviceServices (133)
[2015.01.25-20.51.56:722][567]LogModuleManager: Shutting down and abandoning module DeviceManager (132)
[2015.01.25-20.51.56:722][567]LogModuleManager: Shutting down and abandoning module AutomationController (131)
[2015.01.25-20.51.56:722][567]LogModuleManager: Shutting down and abandoning module AutomationWindow (130)
[2015.01.25-20.51.56:722][567]LogModuleManager: Shutting down and abandoning module Layers (129)
[2015.01.25-20.51.56:722][567]LogModuleManager: Shutting down and abandoning module ComponentVisualizers (128)
[2015.01.25-20.51.56:722][567]LogModuleManager: Shutting down and abandoning module DetailCustomizations (127)
[2015.01.25-20.51.56:723][567]LogModuleManager: Shutting down and abandoning module PackagesDialog (126)
[2015.01.25-20.51.56:723][567]LogModuleManager: Shutting down and abandoning module AssetRegistry (125)
[2015.01.25-20.51.56:780][567]LogModuleManager: Shutting down and abandoning module Persona (124)
[2015.01.25-20.51.56:780][567]LogModuleManager: Shutting down and abandoning module Kismet (123)
[2015.01.25-20.51.56:780][567]LogModuleManager: Shutting down and abandoning module GraphEditor (122)
[2015.01.25-20.51.56:780][567]LogModuleManager: Shutting down and abandoning module ClassViewer (121)
[2015.01.25-20.51.56:780][567]LogModuleManager: Shutting down and abandoning module Toolbox (120)
[2015.01.25-20.51.56:780][567]LogModuleManager: Shutting down and abandoning module ModuleUI (119)
[2015.01.25-20.51.56:780][567]LogModuleManager: Shutting down and abandoning module MovieSceneTools (118)
[2015.01.25-20.51.56:780][567]LogModuleManager: Shutting down and abandoning module OutputLog (117)
[2015.01.25-20.51.56:780][567]LogModuleManager: Shutting down and abandoning module GammaUI (116)
[2015.01.25-20.51.56:780][567]LogModuleManager: Shutting down and abandoning module Documentation (115)
[2015.01.25-20.51.56:780][567]LogModuleManager: Shutting down and abandoning module GameLiveStreaming (114)
[2015.01.25-20.51.56:780][567]LogModuleManager: Shutting down and abandoning module StreamingPauseRendering (113)
[2015.01.25-20.51.56:780][567]LogModuleManager: Shutting down and abandoning module HTTP (112)
[2015.01.25-20.51.56:780][567]LogModuleManager: Shutting down and abandoning module AnalyticsET (111)
[2015.01.25-20.51.56:780][567]LogModuleManager: Shutting down and abandoning module Analytics (110)
[2015.01.25-20.51.56:780][567]LogModuleManager: Shutting down and abandoning module AITestSuite (109)
[2015.01.25-20.51.56:780][567]LogModuleManager: Shutting down and abandoning module AIModule (108)
[2015.01.25-20.51.56:780][567]LogModuleManager: Shutting down and abandoning module ProfilerService (107)
[2015.01.25-20.51.56:856][567]LogModuleManager: Shutting down and abandoning module TaskGraph (106)
[2015.01.25-20.51.56:856][567]LogModuleManager: Shutting down and abandoning module GameplayDebugger (105)
[2015.01.25-20.51.56:856][567]LogModuleManager: Shutting down and abandoning module SlateRemote (104)
[2015.01.25-20.51.56:856][567]LogModuleManager: Shutting down and abandoning module ScriptEditorPlugin (103)
[2015.01.25-20.51.56:856][567]LogModuleManager: Shutting down and abandoning module CustomMeshComponent (102)
[2015.01.25-20.51.56:856][567]LogModuleManager: Shutting down and abandoning module CableComponent (101)
[2015.01.25-20.51.56:856][567]LogModuleManager: Shutting down and abandoning module MessagingDebugger (100)
[2015.01.25-20.51.56:856][567]LogModuleManager: Shutting down and abandoning module MediaPlayerEditor (99)
[2015.01.25-20.51.56:856][567]LogModuleManager: Shutting down and abandoning module SpeedTreeImporter (98)
[2015.01.25-20.51.56:856][567]LogModuleManager: Shutting down and abandoning module PluginsEditor (97)
[2015.01.25-20.51.56:856][567]LogModuleManager: Shutting down and abandoning module EpicSurvey (96)
[2015.01.25-20.51.56:856][567]LogModuleManager: Shutting down and abandoning module DesktopPlatform (95)
[2015.01.25-20.51.56:856][567]LogModuleManager: Shutting down and abandoning module VisualStudioSourceCodeAccess (94)
[2015.01.25-20.51.56:856][567]LogModuleManager: Shutting down and abandoning module UObjectPlugin (93)
[2015.01.25-20.51.56:856][567]LogModuleManager: Shutting down and abandoning module SubversionSourceControl (92)
[2015.01.25-20.51.56:856][567]LogModuleManager: Shutting down and abandoning module SourceControl (91)
[2015.01.25-20.51.56:856][567]LogModuleManager: Shutting down and abandoning module PerforceSourceControl (90)
[2015.01.25-20.51.56:856][567]LogModuleManager: Shutting down and abandoning module BlankPlugin (89)
[2015.01.25-20.51.56:856][567]LogModuleManager: Shutting down and abandoning module SlateReflector (88)
[2015.01.25-20.51.56:856][567]LogModuleManager: Shutting down and abandoning module DirectoryWatcher (87)
[2015.01.25-20.51.56:857][567]LogModuleManager: Shutting down and abandoning module HotReload (86)
[2015.01.25-20.51.56:857][567]LogModuleManager: Shutting down and abandoning module MainFrame (85)
[2015.01.25-20.51.56:857][567]LogModuleManager: Shutting down and abandoning module LevelEditor (84)
[2015.01.25-20.51.56:858][567]LogModuleManager: Shutting down and abandoning module ViewportSnapping (83)
[2015.01.25-20.51.56:858][567]LogModuleManager: Shutting down and abandoning module SmartSnapping (82)
[2015.01.25-20.51.56:858][567]LogModuleManager: Shutting down and abandoning module PaperTiledImporter (81)
[2015.01.25-20.51.56:858][567]LogModuleManager: Shutting down and abandoning module PaperJsonImporter (80)
[2015.01.25-20.51.56:858][567]LogModuleManager: Shutting down and abandoning module ContentBrowser (79)
[2015.01.25-20.51.56:858][567]LogModuleManager: Shutting down and abandoning module Paper2DEditor (78)
[2015.01.25-20.51.56:858][567]LogModuleManager: Shutting down and abandoning module ScriptPlugin (77)
[2015.01.25-20.51.56:858][567]LogModuleManager: Shutting down and abandoning module UdpMessaging (76)
[2015.01.25-20.51.56:959][567]LogModuleManager: Shutting down and abandoning module Paper2D (75)
[2015.01.25-20.51.56:959][567]LogModuleManager: Shutting down and abandoning module UE4Game (74)
[2015.01.25-20.51.56:959][567]LogModuleManager: Shutting down and abandoning module WindowsMoviePlayer (73)
[2015.01.25-20.51.56:963][567]LogModuleManager: Shutting down and abandoning module Media (72)
[2015.01.25-20.51.56:963][567]LogModuleManager: Shutting down and abandoning module WmfMedia (71)
[2015.01.25-20.51.56:963][567]LogModuleManager: Shutting down and abandoning module OnlineBlueprintSupport (70)
[2015.01.25-20.51.56:963][567]LogModuleManager: Shutting down and abandoning module PropertyEditor (69)
[2015.01.25-20.51.56:963][567]LogModuleManager: Shutting down and abandoning module BehaviorTreeEditor (68)
[2015.01.25-20.51.56:963][567]LogModuleManager: Shutting down and abandoning module FunctionalTesting (67)
[2015.01.25-20.51.56:963][567]LogModuleManager: Shutting down and abandoning module CollisionAnalyzer (66)
[2015.01.25-20.51.56:963][567]LogModuleManager: Shutting down and abandoning module WorkspaceMenuStructure (65)
[2015.01.25-20.51.56:963][567]LogModuleManager: Shutting down and abandoning module MessageLog (64)
[2015.01.25-20.51.56:963][567]LogModuleManager: Shutting down and abandoning module Sequencer (63)
[2015.01.25-20.51.56:963][567]LogModuleManager: Shutting down and abandoning module AssetTools (62)
[2015.01.25-20.51.56:963][567]LogModuleManager: Shutting down and abandoning module UMGEditor (61)
[2015.01.25-20.51.56:963][567]LogModuleManager: Shutting down and abandoning module UMG (60)
[2015.01.25-20.51.56:963][567]LogModuleManager: Shutting down and abandoning module Slate (59)
[2015.01.25-20.51.56:963][567]LogModuleManager: Shutting down and abandoning module EditorStyle (58)
[2015.01.25-20.51.56:968][567]LogModuleManager: Shutting down and abandoning module SessionServices (57)
[2015.01.25-20.51.56:968][567]LogModuleManager: Shutting down and abandoning module SourceCodeAccess (56)
[2015.01.25-20.51.56:968][567]LogModuleManager: Shutting down and abandoning module HeadMountedDisplay (55)
[2015.01.25-20.51.56:968][567]LogModuleManager: Shutting down and abandoning module XAudio2 (54)
[2015.01.25-20.51.56:968][567]LogModuleManager: Shutting down and abandoning module Networking (52)
[2015.01.25-20.51.56:968][567]LogModuleManager: Shutting down and abandoning module Core (51)
[2015.01.25-20.51.56:968][567]LogModuleManager: Shutting down and abandoning module KismetCompiler (50)
[2015.01.25-20.51.56:968][567]LogModuleManager: Shutting down and abandoning module PhysXFormats (49)
[2015.01.25-20.51.56:968][567]LogModuleManager: Shutting down and abandoning module MeshUtilities (48)
[2015.01.25-20.51.56:968][567]LogModuleManager: Shutting down and abandoning module DerivedDataCache (47)
[2015.01.25-20.51.57:381][567]LogDerivedDataCache: Shutdown
[2015.01.25-20.51.57:381][567]LogModuleManager: Shutting down and abandoning module ShaderFormatOpenGL (46)
[2015.01.25-20.51.57:381][567]LogModuleManager: Shutting down and abandoning module ShaderFormatD3D (45)
[2015.01.25-20.51.57:381][567]LogModuleManager: Shutting down and abandoning module MetalShaderFormat (44)
[2015.01.25-20.51.57:381][567]LogModuleManager: Shutting down and abandoning module TextureFormatUncompressed (43)
[2015.01.25-20.51.57:381][567]LogModuleManager: Shutting down and abandoning module TextureFormatPVR (42)
[2015.01.25-20.51.57:381][567]LogModuleManager: Shutting down and abandoning module TextureFormatDXT (41)
[2015.01.25-20.51.57:381][567]LogModuleManager: Shutting down and abandoning module TextureFormatAndroid (40)
[2015.01.25-20.51.57:381][567]LogModuleManager: Shutting down and abandoning module AudioFormatOpus (39)
[2015.01.25-20.51.57:381][567]LogModuleManager: Shutting down and abandoning module AudioFormatOgg (38)
[2015.01.25-20.51.57:381][567]LogModuleManager: Shutting down and abandoning module AudioFormatADPCM (37)
[2015.01.25-20.51.57:381][567]LogModuleManager: Shutting down and abandoning module LinuxTargetPlatform (36)
[2015.01.25-20.51.57:381][567]LogModuleManager: Shutting down and abandoning module LinuxServerTargetPlatform (35)
[2015.01.25-20.51.57:381][567]LogModuleManager: Shutting down and abandoning module LinuxNoEditorTargetPlatform (34)
[2015.01.25-20.51.57:381][567]LogModuleManager: Shutting down and abandoning module Messaging (33)
[2015.01.25-20.51.57:381][567]LogModuleManager: Shutting down and abandoning module IOSTargetPlatform (32)
[2015.01.25-20.51.57:381][567]LogModuleManager: Shutting down and abandoning module Android_PVRTCTargetPlatform (31)
[2015.01.25-20.51.57:381][567]LogModuleManager: Shutting down and abandoning module Android_ETC2TargetPlatform (30)
[2015.01.25-20.51.57:381][567]LogModuleManager: Shutting down and abandoning module Android_ETC1TargetPlatform (29)
[2015.01.25-20.51.57:381][567]LogModuleManager: Shutting down and abandoning module Android_DXTTargetPlatform (28)
[2015.01.25-20.51.57:381][567]LogModuleManager: Shutting down and abandoning module Android_ATCTargetPlatform (27)
[2015.01.25-20.51.57:381][567]LogModuleManager: Shutting down and abandoning module AndroidTargetPlatform (26)
[2015.01.25-20.51.57:381][567]LogModuleManager: Shutting down and abandoning module WindowsTargetPlatform (25)
[2015.01.25-20.51.57:381][567]LogModuleManager: Shutting down and abandoning module WindowsServerTargetPlatform (24)
[2015.01.25-20.51.57:381][567]LogModuleManager: Shutting down and abandoning module WindowsNoEditorTargetPlatform (23)
[2015.01.25-20.51.57:381][567]LogModuleManager: Shutting down and abandoning module WindowsClientTargetPlatform (22)
[2015.01.25-20.51.57:381][567]LogModuleManager: Shutting down and abandoning module TargetPlatform (21)
[2015.01.25-20.51.57:381][567]LogModuleManager: Shutting down and abandoning module InputCore (20)
[2015.01.25-20.51.57:381][567]LogModuleManager: Shutting down and abandoning module Settings (19)
[2015.01.25-20.51.57:382][567]LogModuleManager: Shutting down and abandoning module ImageWrapper (18)
[2015.01.25-20.51.57:382][567]LogModuleManager: Shutting down and abandoning module OculusRift (15)
[2015.01.25-20.51.57:382][567]LogModuleManager: Shutting down and abandoning module ExampleDeviceProfileSelector (14)
[2015.01.25-20.51.57:382][567]LogModuleManager: Shutting down and abandoning module TextureCompressor (13)
[2015.01.25-20.51.57:382][567]LogModuleManager: Shutting down and abandoning module ShaderCore (12)
[2015.01.25-20.51.57:382][567]LogModuleManager: Shutting down and abandoning module Landscape (11)
[2015.01.25-20.51.57:382][567]LogModuleManager: Shutting down and abandoning module SlateRHIRenderer (10)
[2015.01.25-20.51.57:382][567]LogModuleManager: Shutting down and abandoning module OpenGLDrv (9)
[2015.01.25-20.51.57:382][567]LogModuleManager: Shutting down and abandoning module D3D11RHI (8)
[2015.01.25-20.51.57:382][567]LogModuleManager: Shutting down and abandoning module Renderer (7)
[2015.01.25-20.51.57:382][567]LogModuleManager: Shutting down and abandoning module Engine (6)
[2015.01.25-20.51.57:382][567]LogModuleManager: Shutting down and abandoning module CoreUObject (5)
[2015.01.25-20.51.57:382][567]LogModuleManager: Shutting down and abandoning module NetworkFile (4)
[2015.01.25-20.51.57:382][567]LogModuleManager: Shutting down and abandoning module StreamingFile (3)
[2015.01.25-20.51.57:382][567]LogModuleManager: Shutting down and abandoning module SandboxFile (2)
[2015.01.25-20.51.57:382][567]LogModuleManager: Shutting down and abandoning module PakFile (1)
[2015.01.25-20.51.57:383][567]LogExit: Exiting.
[2015.01.25-20.51.57:388][567]Log file closed, 01/25/15 15:51:57
