Log file open, 01/22/15 19:54:53
LogInit:Display: Running engine for game: KodainaKingdom
LogInit: Version: 4.6.1-2386410+++depot+UE4-Releases+4.6
LogInit: API Version: 2369412
LogInit: Compiled (64-bit): Dec 11 2014 21:31:39
LogInit: Compiled with Visual C++: 18.00.21005.01
LogInit: Build Configuration: Development
LogInit: Branch Name: ++depot+UE4-Releases+4.6
LogInit: Command line:  
LogInit: Base directory: C:/Program Files/Epic Games/4.6/Engine/Binaries/Win64/
LogInit: Rocket: 1
[2015.01.23-00.54.53:652][  0]LogTaskGraph: Started task graph with 3 named threads and 6 total threads.
[2015.01.23-00.54.53:703][  0]LogOnline:Warning: No default platform service specified for OnlineSubsystem
[2015.01.23-00.54.53:720][  0]LogInit: Presizing for 0 objects not considered by GC, pre-allocating 0 bytes.
[2015.01.23-00.54.53:728][  0]LogInit: Object subsystem initialized
[2015.01.23-00.54.53:730][  0]LogConsoleResponse:Warning: Skipping Unknown console variable: 'UIScaleRule = ShortestSide'
[2015.01.23-00.54.53:730][  0]LogConsoleResponse:Warning:   Found in ini file 'C:/Users/Zim/Documents/Unreal Projects/KodainaKingdom/Saved/Config/Windows/Engine.ini', in section '[/Script/Engine.RendererSettings]'
[2015.01.23-00.54.53:730][  0]LogConsoleResponse:Warning: Skipping Unknown console variable: 'UIScaleCurve = (EditorCurveData=(Keys=),ExternalCurve=None)'
[2015.01.23-00.54.53:730][  0]LogConsoleResponse:Warning:   Found in ini file 'C:/Users/Zim/Documents/Unreal Projects/KodainaKingdom/Saved/Config/Windows/Engine.ini', in section '[/Script/Engine.RendererSettings]'
[2015.01.23-00.54.53:730][  0]LogConsoleManager:Warning: Console variable 'r.MSAA.CompositingSampleCount' wasn't set (Priority ProjectSetting < Scalability)
[2015.01.23-00.54.53:730][  0]LogInit: Selected Device Profile: [Windows]
[2015.01.23-00.54.53:730][  0]LogInit: Applying CVar settings loaded from the selected device profile: [Windows]
[2015.01.23-00.54.53:736][  0]LogInit: Computer: SEAN
[2015.01.23-00.54.53:736][  0]LogInit: User: Zim
[2015.01.23-00.54.53:736][  0]LogInit: CPU Page size=4096, Cores=4
[2015.01.23-00.54.53:736][  0]LogInit: High frequency timer resolution =2.338451 MHz
[2015.01.23-00.54.53:736][  0]LogMemory: Memory total: Physical=15.9GB (16GB approx) Virtual=131072.0GB
[2015.01.23-00.54.53:736][  0]LogMemory: Platform Memory Stats for Windows
[2015.01.23-00.54.53:736][  0]LogMemory: Process Physical Memory: 49.25 MB used, 49.25 MB peak
[2015.01.23-00.54.53:736][  0]LogMemory: Process Virtual Memory: 25.11 MB used, 25.12 MB peak
[2015.01.23-00.54.53:736][  0]LogMemory: Physical Memory: 5549.48 MB used, 16331.28 MB total
[2015.01.23-00.54.53:736][  0]LogMemory: Virtual Memory: 275.69 MB used, 134217728.00 MB total
[2015.01.23-00.54.53:767][  0]LogD3D11RHI: Found D3D11 adapter 0: NVIDIA GeForce GT 750M   (Feature Level 11_0)
[2015.01.23-00.54.53:767][  0]LogD3D11RHI: Adapter has 1985MB of dedicated video memory, 0MB of dedicated system memory, and 2048MB of shared system memory, 1 output[s]
[2015.01.23-00.54.53:790][  0]LogD3D11RHI: Found D3D11 adapter 1: NVIDIA GeForce GT 750M   (Feature Level 11_0)
[2015.01.23-00.54.53:790][  0]LogD3D11RHI: Adapter has 1985MB of dedicated video memory, 0MB of dedicated system memory, and 2048MB of shared system memory, 0 output[s]
[2015.01.23-00.54.53:791][  0]LogD3D11RHI: Found D3D11 adapter 2: Microsoft Basic Render Driver (Feature Level 11_0)
[2015.01.23-00.54.53:791][  0]LogD3D11RHI: Adapter has 0MB of dedicated video memory, 0MB of dedicated system memory, and 256MB of shared system memory, 0 output[s]
[2015.01.23-00.54.53:791][  0]LogD3D11RHI: Chosen D3D11 Adapter Id = 0
[2015.01.23-00.54.53:795][  0]LogRHI: Texture pool is 1361 MB (70% of 1945 MB)
[2015.01.23-00.54.53:806][  0]LogD3D11RHI: Async texture creation enabled
[2015.01.23-00.54.53:868][  0]LogTextLocalizationManager: The requested culture ('en_US') has no localization data; parent culture's ('en') localization data will be used.
[2015.01.23-00.54.54:002][  0]LogContentStreaming: Texture pool size is 0.000000MB
[2015.01.23-00.54.59:880][  0]LogTargetPlatformManager:Display: Building Assets For Windows
[2015.01.23-00.55.00:337][  0]LogTargetPlatformManager:Display: Building Assets For Windows
[2015.01.23-00.55.00:390][  0]LogDerivedDataCache:Display: Max Cache Size: 512 MB
[2015.01.23-00.55.00:432][  0]LogDerivedDataCache: Loaded boot cache 0.04s 39MB C:/Users/Zim/AppData/Local/UnrealEngine/4.6/DerivedDataCache/Boot.ddc.
[2015.01.23-00.55.00:432][  0]LogDerivedDataCache:Display: Loaded Boot cache: C:/Users/Zim/AppData/Local/UnrealEngine/4.6/DerivedDataCache/Boot.ddc
[2015.01.23-00.55.00:432][  0]LogDerivedDataCache: FDerivedDataBackendGraph:  Pak pak cache file ../../../../../../Users/Zim/Documents/Unreal Projects/KodainaKingdom/DerivedDataCache/DDC.ddp not found, will not use a pak cache.
[2015.01.23-00.55.00:432][  0]LogDerivedDataCache: Unable to find inner node Pak for hierarchical cache Hierarchy.
[2015.01.23-00.55.00:508][  0]LogDerivedDataCache:Display: Pak cache opened for reading ../../../Engine/DerivedDataCache/DDC.ddp.
[2015.01.23-00.55.00:520][  0]LogDerivedDataCache: Using Local data cache path C:/Users/Zim/AppData/Local/UnrealEngine/Common/DerivedDataCache: Writable
[2015.01.23-00.55.00:664][  0]LogCollisionProfile:Warning: Profile (UI) - Custom Channel Name = 'Weapon' hasn't been found
[2015.01.23-00.55.00:820][  0]LogMeshUtilities: No automatic mesh reduction module available
[2015.01.23-00.55.00:820][  0]LogMeshUtilities: No automatic mesh merging module available
[2015.01.23-00.55.01:215][  0]LogInit: WinSock: version 1.1 (2.2), MaxSocks=32767, MaxUdp=65467
[2015.01.23-00.55.01:270][  0]LogSlate:Warning: Failed to load font data from '../../../Engine/Content/Slate/Fonts/Roboto-Italic.ttf'
[2015.01.23-00.55.02:005][  0]UdpMessaging: Initializing bridge on interface 0.0.0.0:0 to multicast group 230.0.0.1:6666.
[2015.01.23-00.55.02:162][  0]LogDirectoryWatcher:Warning: Failed to begin reading directory changes for C:/Users/Zim/Documents/Unreal Projects/KodainaKingdom/Binaries/Win64. Error: 0
[2015.01.23-00.55.02:307][  0]SourceControl: Info Source control is disabled
[2015.01.23-00.55.02:307][  0]SourceControl: Info Source control is disabled
[2015.01.23-00.55.02:313][  0]SourceControl: Info Source control is disabled
[2015.01.23-00.55.02:426][  0]LogObj: 23754 objects as part of root set at end of initial load.
[2015.01.23-00.55.02:426][  0]LogUObjectAllocator: 5168128 out of 0 bytes used by permanent object pool.
[2015.01.23-00.55.02:479][  0]LogEngine: Initializing Engine...
[2015.01.23-00.55.02:625][  0]LogInit: XAudio2 using 'Speakers (Siberia V2 Illuminated)' : 2 channels at 44.1 kHz using 16 bits per sample (channel mask 0x3)
[2015.01.23-00.55.02:631][  0]LogInit: FAudioDevice initialized.
[2015.01.23-00.55.02:649][  0]LogAIModule: Creating AISystem for world NewWorld
[2015.01.23-00.55.02:667][  0]LogDerivedDataCache: Saved boot cache 0.02s 39MB C:/Users/Zim/AppData/Local/UnrealEngine/4.6/DerivedDataCache/Boot.ddc.
[2015.01.23-00.55.02:671][  0]LogInit: Texture streaming: Enabled
[2015.01.23-00.55.02:696][  0]LogAnalytics: Creating configured Analytics provider AnalyticsET
[2015.01.23-00.55.02:696][  0]LogAnalytics: ET APIKey = Rocket.Release. APIServer = http://et2.epicgames.com/ET2/. AppVersion = 4.6.1-2386410+++depot+UE4-Releases+4.6
[2015.01.23-00.55.02:697][  0]LogAnalytics: SetUserId e818845727fd16b7b8e647cd16e3db7c
[2015.01.23-00.55.02:697][  0]LogAnalytics: AnalyticsET::StartSession [Rocket.Release]
[2015.01.23-00.55.02:711][  0]LogInit: Transaction tracking system initialized
[2015.01.23-00.55.02:795][  0]BlueprintLog: New page: Editor Load
[2015.01.23-00.55.02:824][  0]LogAssetRegistry: FAssetRegistry took 0.0111 seconds to start up
[2015.01.23-00.55.02:824][  0]LogDirectoryWatcher:Warning: Failed to begin reading directory changes for ../../../Engine/Plugins/Experimental/CharacterAI/Content/. Error: 0
[2015.01.23-00.55.03:267][  0]LogTargetPlatformManager:Display: Building Assets For Windows
[2015.01.23-00.55.03:620][  0]LogTargetPlatformManager:Display: Building Assets For Windows
[2015.01.23-00.55.03:787][  0]LogConsoleResponse:Display: 
[2015.01.23-00.55.03:832][  0]LogLinker:Warning: Asset '../../../Engine/Content/Functions/Engine_MaterialFunctions03/Procedurals/ComputeFilterWidth.uasset' has been saved with empty engine version. The asset will be loaded but may be incompatible.
[2015.01.23-00.55.04:007][  0]SourceControl: Info Source control is disabled
[2015.01.23-00.55.04:007][  0]Cmd: MAP LOAD FILE="../../../../../../Users/Zim/Documents/Unreal Projects/KodainaKingdom/Content/Maps/TestLevel.umap" TEMPLATE=0 SHOWPROGRESS=1
[2015.01.23-00.55.04:008][  0]LightingResults: New page: Lighting Build
[2015.01.23-00.55.04:019][  0]MapCheck: New page: Map Check
[2015.01.23-00.55.04:019][  0]LightingResults: New page: Lighting Build
[2015.01.23-00.55.04:030][  0]LogParticles: Destroying 0 GPU particle simulations for FXSystem 0x000000FE1E479580
[2015.01.23-00.55.05:176][  0]LogEditorServer: Finished looking for orphan Actors (0.000 secs)
[2015.01.23-00.55.05:176][  0]LogAIModule: Creating AISystem for world TestLevel
[2015.01.23-00.55.05:177][  0]Cmd: MAP CHECKDEP
[2015.01.23-00.55.05:177][  0]MapCheck: New page: TestLevel - Jan 22, 2015, 2:55:05 PM
[2015.01.23-00.55.05:272][  0]MapCheck: Info Map check complete: 0 Error(s), 0 Warning(s), took 95.225ms to complete.
[2015.01.23-00.55.05:272][  0]LogFileHelpers: Loading map 'TestLevel' took 1.265
[2015.01.23-00.55.05:347][  0]LogCollectionManager: Loaded 0 collections in 0.000915 seconds
[2015.01.23-00.55.05:501][  0]LogCrashTracker: Crashtracker disabled due to settings.
[2015.01.23-00.55.05:506][  0]LogUObjectGlobals:Warning: Failed to find object 'Class None.'
[2015.01.23-00.55.05:532][  0]LogLoad: Full Startup: 13.83 seconds (BP compile: 0.26 seconds)
[2015.01.23-00.55.05:875][  0]LogContentBrowser:Verbose: The content browser source was changed by the sources view to '/Game/Blueprints'
[2015.01.23-00.55.06:016][  0]LogRenderer:Warning: Reallocating scene render targets to support 1200x896.
[2015.01.23-00.55.07:209][  4]LogAssetRegistry: Asset discovery search completed in 4.3972 seconds
[2015.01.23-00.55.16:374][374]BlueprintLog: New page: Pre-PIE auto-recompile
[2015.01.23-00.55.16:374][374]LogPlayLevel: [PIE] Compiling TestLevel before PIE...
[2015.01.23-00.55.16:408][374]LogActorComponent: UnregisterComponent: (/Engine/Transient.CharacterMovementComponent_0) Not registered. Aborting.
[2015.01.23-00.55.16:441][374]LogPlayLevel: PIE:  Blueprint regeneration took 66 ms (1 blueprints)
[2015.01.23-00.55.16:441][374]PIE: New page: PIE session: TestLevel (Jan 22, 2015, 2:55:16 PM)
[2015.01.23-00.55.16:444][374]LogPlayLevel: PIE: StaticDuplicateObject took: (0.002998s)
[2015.01.23-00.55.16:445][374]LogPlayLevel: PIE: World Init took: (0.000460s)
[2015.01.23-00.55.16:445][374]LogPlayLevel: PIE: Created PIE world by copying editor world from /Game/Maps/TestLevel.TestLevel to /Game/Maps/UEDPIE_0_TestLevel.TestLevel (0.003609s)
[2015.01.23-00.55.16:500][374]LogWorld: Game class is 'Kodaina_C'
[2015.01.23-00.55.16:502][374]LogAIModule: Creating AISystem for world TestLevel
[2015.01.23-00.55.16:504][374]LogWorld: Bringing World /Game/Maps/UEDPIE_0_TestLevel.TestLevel up for play (max tick rate 0) at 2015.01.22-19.55.16
[2015.01.23-00.55.16:505][374]LogWorld: Bringing up level for play took: 0.002634
[2015.01.23-00.55.16:511][374]PIE: Info Play in editor start time for /Game/Maps/UEDPIE_0_TestLevel -0.525
[2015.01.23-00.55.16:546][374]LogRenderer:Warning: Reallocating scene render targets to support 1296x896.
[2015.01.23-00.55.25:568][992]Set new viewmode: Wireframe
[2015.01.23-00.55.26:297][ 49]Set new viewmode: Wireframe
[2015.01.23-00.55.28:348][201]LogParticles: Destroying 0 GPU particle simulations for FXSystem 0x000000FE16DFC5E0
[2015.01.23-00.55.30:339][390]BlueprintLog: New page: Pre-PIE auto-recompile
[2015.01.23-00.55.30:339][390]LogPlayLevel: [PIE] Compiling TestLevel before PIE...
[2015.01.23-00.55.30:387][390]LogPlayLevel: PIE:  Blueprint regeneration took 47 ms (1 blueprints)
[2015.01.23-00.55.30:387][390]PIE: New page: PIE session: TestLevel (Jan 22, 2015, 2:55:30 PM)
[2015.01.23-00.55.30:392][390]LogPlayLevel: PIE: StaticDuplicateObject took: (0.003937s)
[2015.01.23-00.55.30:392][390]LogPlayLevel: PIE: World Init took: (0.000573s)
[2015.01.23-00.55.30:392][390]LogPlayLevel: PIE: Created PIE world by copying editor world from /Game/Maps/TestLevel.TestLevel to /Game/Maps/UEDPIE_0_TestLevel.TestLevel (0.004705s)
[2015.01.23-00.55.30:432][390]LogWorld: Game class is 'Kodaina_C'
[2015.01.23-00.55.30:434][390]LogAIModule: Creating AISystem for world TestLevel
[2015.01.23-00.55.30:437][390]LogWorld: Bringing World /Game/Maps/UEDPIE_0_TestLevel.TestLevel up for play (max tick rate 0) at 2015.01.22-19.55.30
[2015.01.23-00.55.30:437][390]LogWorld: Bringing up level for play took: 0.003272
[2015.01.23-00.55.30:445][390]PIE: Info Play in editor start time for /Game/Maps/UEDPIE_0_TestLevel -0.59
[2015.01.23-00.55.39:901][ 31]LogParticles: Destroying 0 GPU particle simulations for FXSystem 0x000000FE16A0D940
[2015.01.23-00.55.43:423][196]LogPropertyNode:Warning: UI Min (0.001) >= UI Max () for Ranged Numeric
[2015.01.23-00.55.43:427][196]LogPropertyNode:Warning: UI Min (0.001) >= UI Max () for Ranged Numeric
[2015.01.23-00.55.43:492][196]LogPropertyNode:Warning: UI Min (0.001) >= UI Max () for Ranged Numeric
[2015.01.23-00.55.43:494][196]LogPropertyNode:Warning: UI Min (0.001) >= UI Max () for Ranged Numeric
[2015.01.23-00.55.56:929][939]BlueprintLog: New page: Compile MyCharacter
[2015.01.23-00.55.57:150][939]LogPropertyNode:Warning: UI Min (0.001) >= UI Max () for Ranged Numeric
[2015.01.23-00.55.57:151][939]LogPropertyNode:Warning: UI Min (0.001) >= UI Max () for Ranged Numeric
[2015.01.23-00.55.57:234][939]LogActorComponent: UnregisterComponent: (/Engine/Transient.CharacterMovementComponent_1) Not registered. Aborting.
[2015.01.23-00.55.57:332][939]LogPropertyNode:Warning: UI Min (0.001) >= UI Max () for Ranged Numeric
[2015.01.23-00.55.57:333][939]LogPropertyNode:Warning: UI Min (0.001) >= UI Max () for Ranged Numeric
[2015.01.23-00.55.57:373][939]BlueprintEditorCompileResults: Info [0065.68] Compile of MyCharacter successful! [in 331 ms]
[2015.01.23-00.55.57:624][941]Cmd: OBJ SAVEPACKAGE PACKAGE="/Game/Blueprints/MyCharacter" FILE="../../../../../../Users/Zim/Documents/Unreal Projects/KodainaKingdom/Content/Blueprints/MyCharacter.uasset" SILENT=true
[2015.01.23-00.55.58:432][941]LogSavePackage: Save=699.464294ms
[2015.01.23-00.55.58:432][941]LogSavePackage: Moving '../../../../../../Users/Zim/Documents/Unreal Projects/KodainaKingdom/Saved/MyCharacter0D34D7DD41FD38AF2999F5BFDECCD95B.tmp' to '../../../../../../Users/Zim/Documents/Unreal Projects/KodainaKingdom/Content/Blueprints/MyCharacter.uasset'
[2015.01.23-00.57.58:673][673]BlueprintLog: New page: Pre-PIE auto-recompile
[2015.01.23-00.57.58:679][673]LogPlayLevel: [PIE] Compiling Enemy before PIE...
[2015.01.23-00.57.58:751][673]LogPlayLevel: [PIE] Compiling Tutorial_BP_MacroLib before PIE...
[2015.01.23-00.57.58:804][673]LogPlayLevel: [PIE] Compiling TestLevel before PIE...
[2015.01.23-00.57.58:854][673]LogPlayLevel: [PIE] Compiling RollingMovingHUD before PIE...
[2015.01.23-00.57.58:970][673]LogPlayLevel: [PIE] Compiling BattleHUD before PIE...
[2015.01.23-00.57.59:077][673]LogPlayLevel: [PIE] Compiling MyCharacter before PIE...
[2015.01.23-00.57.59:348][673]LogActorComponent: UnregisterComponent: (/Engine/Transient.CharacterMovementComponent_2) Not registered. Aborting.
[2015.01.23-00.57.59:371][673]LogParticles: Destroying 0 GPU particle simulations for FXSystem 0x000000FE2840DB20
[2015.01.23-00.57.59:372][673]LogParticles: Destroying 0 GPU particle simulations for FXSystem 0x000000FE2CDB1EE0
[2015.01.23-00.57.59:385][673]LogPlayLevel: PIE:  Blueprint regeneration took 711 ms (6 blueprints)
[2015.01.23-00.57.59:385][673]PIE: New page: PIE session: TestLevel (Jan 22, 2015, 2:57:59 PM)
[2015.01.23-00.57.59:389][673]LogPlayLevel: PIE: StaticDuplicateObject took: (0.003870s)
[2015.01.23-00.57.59:390][673]LogPlayLevel: PIE: World Init took: (0.000604s)
[2015.01.23-00.57.59:390][673]LogPlayLevel: PIE: Created PIE world by copying editor world from /Game/Maps/TestLevel.TestLevel to /Game/Maps/UEDPIE_0_TestLevel.TestLevel (0.004680s)
[2015.01.23-00.57.59:425][673]LogWorld: Game class is 'Kodaina_C'
[2015.01.23-00.57.59:427][673]LogAIModule: Creating AISystem for world TestLevel
[2015.01.23-00.57.59:430][673]LogWorld: Bringing World /Game/Maps/UEDPIE_0_TestLevel.TestLevel up for play (max tick rate 0) at 2015.01.22-19.57.59
[2015.01.23-00.57.59:431][673]LogWorld: Bringing up level for play took: 0.003359
[2015.01.23-00.57.59:438][673]PIE: Info Play in editor start time for /Game/Maps/UEDPIE_0_TestLevel 0.403
[2015.01.23-00.58.13:751][597]LogParticles: Destroying 0 GPU particle simulations for FXSystem 0x000000FE27858AE0
[2015.01.23-00.58.46:992][521]LogPropertyNode:Warning: UI Min (0.001) >= UI Max () for Ranged Numeric
[2015.01.23-00.58.46:996][521]LogPropertyNode:Warning: UI Min (0.001) >= UI Max () for Ranged Numeric
[2015.01.23-00.58.47:062][521]LogPropertyNode:Warning: UI Min (0.001) >= UI Max () for Ranged Numeric
[2015.01.23-00.58.47:063][521]LogPropertyNode:Warning: UI Min (0.001) >= UI Max () for Ranged Numeric
[2015.01.23-00.59.44:671][583]Cmd: OBJ SAVEPACKAGE PACKAGE="/Game/Blueprints/MyCharacter" FILE="../../../../../../Users/Zim/Documents/Unreal Projects/KodainaKingdom/Content/Blueprints/MyCharacter.uasset" SILENT=true
[2015.01.23-00.59.44:995][583]LogSavePackage: Save=210.181015ms
[2015.01.23-00.59.44:995][583]LogSavePackage: Moving '../../../../../../Users/Zim/Documents/Unreal Projects/KodainaKingdom/Saved/MyCharacter7DD7133948739C2C877709B68B3D8E3C.tmp' to '../../../../../../Users/Zim/Documents/Unreal Projects/KodainaKingdom/Content/Blueprints/MyCharacter.uasset'
[2015.01.23-01.00.00:727][342]BlueprintLog: New page: Pre-PIE auto-recompile
[2015.01.23-01.00.00:734][342]LogPlayLevel: [PIE] Compiling Enemy before PIE...
[2015.01.23-01.00.00:807][342]LogPlayLevel: [PIE] Compiling TestLevel before PIE...
[2015.01.23-01.00.00:856][342]LogPlayLevel: [PIE] Compiling RollingMovingHUD before PIE...
[2015.01.23-01.00.01:025][342]LogPropertyNode:Warning: UI Min (0.001) >= UI Max () for Ranged Numeric
[2015.01.23-01.00.01:026][342]LogPropertyNode:Warning: UI Min (0.001) >= UI Max () for Ranged Numeric
[2015.01.23-01.00.01:054][342]LogActorComponent: UnregisterComponent: (/Engine/Transient.CharacterMovementComponent_3) Not registered. Aborting.
[2015.01.23-01.00.01:078][342]LogPlayLevel: [PIE] Compiling BattleHUD before PIE...
[2015.01.23-01.00.01:193][342]LogPropertyNode:Warning: UI Min (0.001) >= UI Max () for Ranged Numeric
[2015.01.23-01.00.01:194][342]LogPropertyNode:Warning: UI Min (0.001) >= UI Max () for Ranged Numeric
[2015.01.23-01.00.01:233][342]LogPlayLevel: [PIE] Compiling MyCharacter before PIE...
[2015.01.23-01.00.01:448][342]LogPropertyNode:Warning: UI Min (0.001) >= UI Max () for Ranged Numeric
[2015.01.23-01.00.01:449][342]LogPropertyNode:Warning: UI Min (0.001) >= UI Max () for Ranged Numeric
[2015.01.23-01.00.01:549][342]LogPropertyNode:Warning: UI Min (0.001) >= UI Max () for Ranged Numeric
[2015.01.23-01.00.01:550][342]LogPropertyNode:Warning: UI Min (0.001) >= UI Max () for Ranged Numeric
[2015.01.23-01.00.01:630][342]LogParticles: Destroying 0 GPU particle simulations for FXSystem 0x000000FE2F4C0CC0
[2015.01.23-01.00.01:641][342]LogPlayLevel: PIE:  Blueprint regeneration took 914 ms (5 blueprints)
[2015.01.23-01.00.01:641][342]PIE: New page: PIE session: TestLevel (Jan 22, 2015, 3:00:01 PM)
[2015.01.23-01.00.01:646][342]LogPlayLevel: PIE: StaticDuplicateObject took: (0.003978s)
[2015.01.23-01.00.01:646][342]LogPlayLevel: PIE: World Init took: (0.000647s)
[2015.01.23-01.00.01:646][342]LogPlayLevel: PIE: Created PIE world by copying editor world from /Game/Maps/TestLevel.TestLevel to /Game/Maps/UEDPIE_0_TestLevel.TestLevel (0.004809s)
[2015.01.23-01.00.01:695][342]LogWorld: Game class is 'Kodaina_C'
[2015.01.23-01.00.01:697][342]LogAIModule: Creating AISystem for world TestLevel
[2015.01.23-01.00.01:700][342]LogWorld: Bringing World /Game/Maps/UEDPIE_0_TestLevel.TestLevel up for play (max tick rate 0) at 2015.01.22-20.00.01
[2015.01.23-01.00.01:701][342]LogWorld: Bringing up level for play took: 0.003405
[2015.01.23-01.00.01:703][342]PIE: Info Play in editor start time for /Game/Maps/UEDPIE_0_TestLevel 0.668
[2015.01.23-01.00.14:701][203]LogActorComponent: UnregisterComponent: (/Engine/Transient.CharacterMovementComponent_4) Not registered. Aborting.
[2015.01.23-01.00.14:729][203]LogParticles: Destroying 0 GPU particle simulations for FXSystem 0x000000FE29107A60
[2015.01.23-01.00.16:019][318]BlueprintLog: New page: Pre-PIE auto-recompile
[2015.01.23-01.00.16:027][318]LogPlayLevel: [PIE] Compiling Enemy before PIE...
[2015.01.23-01.00.16:101][318]LogPlayLevel: [PIE] Compiling TestLevel before PIE...
[2015.01.23-01.00.16:153][318]LogPlayLevel: [PIE] Compiling RollingMovingHUD before PIE...
[2015.01.23-01.00.16:273][318]LogPropertyNode:Warning: UI Min (0.001) >= UI Max () for Ranged Numeric
[2015.01.23-01.00.16:274][318]LogPropertyNode:Warning: UI Min (0.001) >= UI Max () for Ranged Numeric
[2015.01.23-01.00.16:328][318]LogPlayLevel: [PIE] Compiling BattleHUD before PIE...
[2015.01.23-01.00.16:445][318]LogPropertyNode:Warning: UI Min (0.001) >= UI Max () for Ranged Numeric
[2015.01.23-01.00.16:446][318]LogPropertyNode:Warning: UI Min (0.001) >= UI Max () for Ranged Numeric
[2015.01.23-01.00.16:486][318]LogPlayLevel: [PIE] Compiling MyCharacter before PIE...
[2015.01.23-01.00.16:697][318]LogPropertyNode:Warning: UI Min (0.001) >= UI Max () for Ranged Numeric
[2015.01.23-01.00.16:698][318]LogPropertyNode:Warning: UI Min (0.001) >= UI Max () for Ranged Numeric
[2015.01.23-01.00.16:797][318]LogPropertyNode:Warning: UI Min (0.001) >= UI Max () for Ranged Numeric
[2015.01.23-01.00.16:798][318]LogPropertyNode:Warning: UI Min (0.001) >= UI Max () for Ranged Numeric
[2015.01.23-01.00.16:887][318]LogPlayLevel: PIE:  Blueprint regeneration took 867 ms (5 blueprints)
[2015.01.23-01.00.16:887][318]PIE: New page: PIE session: TestLevel (Jan 22, 2015, 3:00:16 PM)
[2015.01.23-01.00.16:891][318]LogPlayLevel: PIE: StaticDuplicateObject took: (0.003894s)
[2015.01.23-01.00.16:892][318]LogPlayLevel: PIE: World Init took: (0.000569s)
[2015.01.23-01.00.16:892][318]LogPlayLevel: PIE: Created PIE world by copying editor world from /Game/Maps/TestLevel.TestLevel to /Game/Maps/UEDPIE_0_TestLevel.TestLevel (0.004638s)
[2015.01.23-01.00.16:924][318]LogWorld: Game class is 'Kodaina_C'
[2015.01.23-01.00.16:926][318]LogAIModule: Creating AISystem for world TestLevel
[2015.01.23-01.00.16:929][318]LogWorld: Bringing World /Game/Maps/UEDPIE_0_TestLevel.TestLevel up for play (max tick rate 0) at 2015.01.22-20.00.16
[2015.01.23-01.00.16:930][318]LogWorld: Bringing up level for play took: 0.003359
[2015.01.23-01.00.16:932][318]PIE: Info Play in editor start time for /Game/Maps/UEDPIE_0_TestLevel 1.897
[2015.01.23-01.00.25:253][880]LogActorComponent: UnregisterComponent: (/Engine/Transient.CharacterMovementComponent_5) Not registered. Aborting.
[2015.01.23-01.00.25:283][880]LogParticles: Destroying 0 GPU particle simulations for FXSystem 0x000000FE31445120
[2015.01.23-01.00.27:690][ 89]BlueprintLog: New page: Pre-PIE auto-recompile
[2015.01.23-01.00.27:697][ 89]LogPlayLevel: [PIE] Compiling Enemy before PIE...
[2015.01.23-01.00.27:771][ 89]LogPlayLevel: [PIE] Compiling TestLevel before PIE...
[2015.01.23-01.00.27:822][ 89]LogPlayLevel: [PIE] Compiling RollingMovingHUD before PIE...
[2015.01.23-01.00.27:941][ 89]LogPropertyNode:Warning: UI Min (0.001) >= UI Max () for Ranged Numeric
[2015.01.23-01.00.27:942][ 89]LogPropertyNode:Warning: UI Min (0.001) >= UI Max () for Ranged Numeric
[2015.01.23-01.00.27:994][ 89]LogPlayLevel: [PIE] Compiling BattleHUD before PIE...
[2015.01.23-01.00.28:110][ 89]LogPropertyNode:Warning: UI Min (0.001) >= UI Max () for Ranged Numeric
[2015.01.23-01.00.28:111][ 89]LogPropertyNode:Warning: UI Min (0.001) >= UI Max () for Ranged Numeric
[2015.01.23-01.00.28:151][ 89]LogPlayLevel: [PIE] Compiling MyCharacter before PIE...
[2015.01.23-01.00.28:368][ 89]LogPropertyNode:Warning: UI Min (0.001) >= UI Max () for Ranged Numeric
[2015.01.23-01.00.28:369][ 89]LogPropertyNode:Warning: UI Min (0.001) >= UI Max () for Ranged Numeric
[2015.01.23-01.00.28:468][ 89]LogPropertyNode:Warning: UI Min (0.001) >= UI Max () for Ranged Numeric
[2015.01.23-01.00.28:469][ 89]LogPropertyNode:Warning: UI Min (0.001) >= UI Max () for Ranged Numeric
[2015.01.23-01.00.28:559][ 89]LogPlayLevel: PIE:  Blueprint regeneration took 868 ms (5 blueprints)
[2015.01.23-01.00.28:559][ 89]PIE: New page: PIE session: TestLevel (Jan 22, 2015, 3:00:28 PM)
[2015.01.23-01.00.28:563][ 89]LogPlayLevel: PIE: StaticDuplicateObject took: (0.003972s)
[2015.01.23-01.00.28:564][ 89]LogPlayLevel: PIE: World Init took: (0.000613s)
[2015.01.23-01.00.28:564][ 89]LogPlayLevel: PIE: Created PIE world by copying editor world from /Game/Maps/TestLevel.TestLevel to /Game/Maps/UEDPIE_0_TestLevel.TestLevel (0.004763s)
[2015.01.23-01.00.28:602][ 89]LogWorld: Game class is 'Kodaina_C'
[2015.01.23-01.00.28:604][ 89]LogAIModule: Creating AISystem for world TestLevel
[2015.01.23-01.00.28:607][ 89]LogWorld: Bringing World /Game/Maps/UEDPIE_0_TestLevel.TestLevel up for play (max tick rate 0) at 2015.01.22-20.00.28
[2015.01.23-01.00.28:608][ 89]LogWorld: Bringing up level for play took: 0.003794
[2015.01.23-01.00.28:619][ 89]PIE: Info Play in editor start time for /Game/Maps/UEDPIE_0_TestLevel 1.584
[2015.01.23-01.00.34:686][487]Set new viewmode: Wireframe
[2015.01.23-01.00.35:473][546]Set new viewmode: Wireframe
[2015.01.23-01.00.35:869][576]Set new viewmode: Unlit
[2015.01.23-01.00.36:517][626]Set new viewmode: Lit
[2015.01.23-01.00.36:926][655]Error: view mode not recognized: detaillighting
[2015.01.23-01.00.37:493][694]Set new viewmode: ShaderComplexity
[2015.01.23-01.00.39:498][851]Error: view mode not recognized: detaillighting
[2015.01.23-01.00.39:986][890]Set new viewmode: Lit
[2015.01.23-01.00.40:659][937]Error: view mode not recognized: detaillighting
[2015.01.23-01.00.41:823][ 11]LogActorComponent: UnregisterComponent: (/Engine/Transient.CharacterMovementComponent_6) Not registered. Aborting.
[2015.01.23-01.00.41:857][ 11]LogParticles: Destroying 0 GPU particle simulations for FXSystem 0x000000FE2CEE6C00
[2015.01.23-01.01.35:283][758]Cmd: OBJ SAVEPACKAGE PACKAGE="/Game/Blueprints/MyCharacter" FILE="../../../../../../Users/Zim/Documents/Unreal Projects/KodainaKingdom/Content/Blueprints/MyCharacter.uasset" SILENT=true
[2015.01.23-01.01.36:100][758]LogSavePackage: Save=705.246338ms
[2015.01.23-01.01.36:100][758]LogSavePackage: Moving '../../../../../../Users/Zim/Documents/Unreal Projects/KodainaKingdom/Saved/MyCharacterF3D140A9449DE33A15C966A62F055C3D.tmp' to '../../../../../../Users/Zim/Documents/Unreal Projects/KodainaKingdom/Content/Blueprints/MyCharacter.uasset'
[2015.01.23-01.01.49:744][566]BlueprintLog: New page: Compile MyCharacter
[2015.01.23-01.01.49:963][566]LogPropertyNode:Warning: UI Min (0.001) >= UI Max () for Ranged Numeric
[2015.01.23-01.01.49:964][566]LogPropertyNode:Warning: UI Min (0.001) >= UI Max () for Ranged Numeric
[2015.01.23-01.01.50:040][566]LogActorComponent: UnregisterComponent: (/Engine/Transient.CharacterMovementComponent_7) Not registered. Aborting.
[2015.01.23-01.01.50:096][566]LogPropertyNode:Warning: UI Min (0.001) >= UI Max () for Ranged Numeric
[2015.01.23-01.01.50:097][566]LogPropertyNode:Warning: UI Min (0.001) >= UI Max () for Ranged Numeric
[2015.01.23-01.01.50:149][566]BlueprintEditorCompileResults: Info [0418.45] Compile of MyCharacter successful! [in 290 ms]
[2015.01.23-01.01.50:632][583]Cmd: OBJ SAVEPACKAGE PACKAGE="/Game/Blueprints/MyCharacter" FILE="../../../../../../Users/Zim/Documents/Unreal Projects/KodainaKingdom/Content/Blueprints/MyCharacter.uasset" SILENT=true
[2015.01.23-01.01.51:439][583]LogSavePackage: Save=697.965027ms
[2015.01.23-01.01.51:439][583]LogSavePackage: Moving '../../../../../../Users/Zim/Documents/Unreal Projects/KodainaKingdom/Saved/MyCharacterA0812FBD4E9D5E6CC2C6FAB5ACC457C1.tmp' to '../../../../../../Users/Zim/Documents/Unreal Projects/KodainaKingdom/Content/Blueprints/MyCharacter.uasset'
[2015.01.23-01.02.29:043][470]BlueprintLog: New page: Compile BattleHUD
[2015.01.23-01.02.29:127][470]LogActorComponent: UnregisterComponent: (/Engine/Transient.CharacterMovementComponent_8) Not registered. Aborting.
[2015.01.23-01.02.29:148][470]LogParticles: Destroying 0 GPU particle simulations for FXSystem 0x000000FE2D1C4720
[2015.01.23-01.02.29:208][470]BlueprintEditorCompileResults: Info [0457.51] Compile of BattleHUD successful! [in 148 ms]
[2015.01.23-01.02.50:070][412]LogUObjectGlobals:Warning: Failed to find object 'Object None.'
[2015.01.23-01.06.14:333][583]LogSavePackage: Save=41.045547ms
[2015.01.23-01.06.14:333][583]LogSavePackage: Moving '../../../../../../Users/Zim/Documents/Unreal Projects/KodainaKingdom/Saved/TestLevel_Auto1F9FA4F3A464D3B16A34E1BB64CE87931.tmp' to '../../../../../../Users/Zim/Documents/Unreal Projects/KodainaKingdom/Saved/Autosaves/Game/Maps/TestLevel_Auto1.umap'
[2015.01.23-01.06.14:343][583]LogFileHelpers: Editor autosave (incl. sublevels) for '/Game/Maps/TestLevel' took 0.237
[2015.01.23-01.06.14:343][583]LogFileHelpers: Editor autosave (incl. sublevels) for all levels took 0.237
[2015.01.23-01.06.14:352][583]OBJ SavePackage: Generating thumbnails for [0] asset(s) in package [/Game/Blueprints/BattleHUD] ([1] browsable assets)...
[2015.01.23-01.06.14:352][583]OBJ SavePackage: Finished generating thumbnails for package [/Game/Blueprints/BattleHUD]
[2015.01.23-01.06.14:554][583]LogSavePackage: Save=86.296013ms
[2015.01.23-01.06.14:554][583]LogSavePackage: Moving '../../../../../../Users/Zim/Documents/Unreal Projects/KodainaKingdom/Saved/BattleHUD_Auto1471C2CF040139D73CBD7329866C1E612.tmp' to '../../../../../../Users/Zim/Documents/Unreal Projects/KodainaKingdom/Saved/Autosaves/Game/Blueprints/BattleHUD_Auto1.uasset'
[2015.01.23-01.06.14:559][583]LogFileHelpers: Auto-saving content packages took 0.216
[2015.01.23-01.06.41:482][826]LogUObjectGlobals:Warning: Failed to find object 'Object None.'
[2015.01.23-01.06.41:957][842]LogUObjectGlobals:Warning: Failed to find object 'Object None.'
[2015.01.23-01.07.14:160][245]BlueprintLog: New page: Compile BattleHUD
[2015.01.23-01.07.14:305][245]BlueprintEditorCompileResults: Info [0742.61] Compile of BattleHUD successful! [in 126 ms]
[2015.01.23-01.07.14:759][258]Cmd: OBJ SAVEPACKAGE PACKAGE="/Game/Blueprints/BattleHUD" FILE="../../../../../../Users/Zim/Documents/Unreal Projects/KodainaKingdom/Content/Blueprints/BattleHUD.uasset" SILENT=true
[2015.01.23-01.07.14:909][258]LogSavePackage: Save=39.797710ms
[2015.01.23-01.07.14:909][258]LogSavePackage: Moving '../../../../../../Users/Zim/Documents/Unreal Projects/KodainaKingdom/Saved/BattleHUD361FDE094D62F67D321013A3B1B79E25.tmp' to '../../../../../../Users/Zim/Documents/Unreal Projects/KodainaKingdom/Content/Blueprints/BattleHUD.uasset'
[2015.01.23-01.17.56:708][378]Cmd: OBJ SAVEPACKAGE PACKAGE="/Game/Maps/TestLevel" FILE="../../../../../../Users/Zim/Documents/Unreal Projects/KodainaKingdom/Content/Maps/TestLevel.umap" SILENT=true AUTOSAVING=false KEEPDIRTY=false
[2015.01.23-01.17.56:846][378]LogSavePackage: Save=32.574554ms
[2015.01.23-01.17.56:846][378]LogSavePackage: Moving '../../../../../../Users/Zim/Documents/Unreal Projects/KodainaKingdom/Saved/TestLevel7D4F38CB42B4255311378EA2933D149A.tmp' to '../../../../../../Users/Zim/Documents/Unreal Projects/KodainaKingdom/Content/Maps/TestLevel.umap'
[2015.01.23-01.17.56:929][378]LogFileHelpers: Saving map 'TestLevel' took 0.325
[2015.01.23-01.18.00:721][742]LogParticles: Destroying 0 GPU particle simulations for FXSystem 0x000000FE31500F40
[2015.01.23-01.18.02:340][860]Cmd: QUIT_EDITOR
[2015.01.23-01.18.02:742][860]LogExit: Preparing to exit.
[2015.01.23-01.18.03:804][860]LogExit: Editor shut down
[2015.01.23-01.18.03:804][860]LogExit: Transaction tracking system shut down
[2015.01.23-01.18.03:807][860]LogParticles: Destroying 0 GPU particle simulations for FXSystem 0x000000FE22340F40
[2015.01.23-01.18.03:807][860]LogParticles: Destroying 0 GPU particle simulations for FXSystem 0x000000FE270BA520
[2015.01.23-01.18.03:857][860]LogExit: Object subsystem successfully closed.
[2015.01.23-01.18.03:906][860]LogModuleManager: Shutting down and abandoning module Merge (174)
[2015.01.23-01.18.03:906][860]LogModuleManager: Shutting down and abandoning module SequencerWidgets (173)
[2015.01.23-01.18.03:906][860]LogModuleManager: Shutting down and abandoning module AndroidDeviceDetection (172)
[2015.01.23-01.18.03:906][860]LogModuleManager: Shutting down and abandoning module CrashTracker (171)
[2015.01.23-01.18.03:906][860]LogModuleManager: Shutting down and abandoning module SuperSearch (170)
[2015.01.23-01.18.03:906][860]LogModuleManager: Shutting down and abandoning module SceneOutliner (169)
[2015.01.23-01.18.03:906][860]LogModuleManager: Shutting down and abandoning module EditorWidgets (168)
[2015.01.23-01.18.03:906][860]LogModuleManager: Shutting down and abandoning module CollectionManager (167)
[2015.01.23-01.18.03:906][860]LogModuleManager: Shutting down and abandoning module StatsViewer (166)
[2015.01.23-01.18.03:906][860]LogModuleManager: Shutting down and abandoning module FoliageEdit (165)
[2015.01.23-01.18.03:906][860]LogModuleManager: Shutting down and abandoning module LandscapeEditor (164)
[2015.01.23-01.18.03:907][860]LogModuleManager: Shutting down and abandoning module MeshPaint (163)
[2015.01.23-01.18.03:907][860]LogModuleManager: Shutting down and abandoning module ActorPickerMode (162)
[2015.01.23-01.18.03:907][860]LogModuleManager: Shutting down and abandoning module GeometryMode (161)
[2015.01.23-01.18.03:907][860]LogModuleManager: Shutting down and abandoning module TextureAlignMode (160)
[2015.01.23-01.18.03:907][860]LogModuleManager: Shutting down and abandoning module BspMode (159)
[2015.01.23-01.18.03:907][860]LogModuleManager: Shutting down and abandoning module PlacementMode (158)
[2015.01.23-01.18.03:907][860]LogModuleManager: Shutting down and abandoning module AutomationWorker (157)
[2015.01.23-01.18.03:907][860]LogModuleManager: Shutting down and abandoning module CharacterAI (156)
[2015.01.23-01.18.03:907][860]LogModuleManager: Shutting down and abandoning module GameProjectGeneration (155)
[2015.01.23-01.18.03:907][860]LogModuleManager: Shutting down and abandoning module IntroTutorials (154)
[2015.01.23-01.18.03:907][860]LogModuleManager: Shutting down and abandoning module EditorLiveStreaming (153)
[2015.01.23-01.18.03:907][860]LogModuleManager: Shutting down and abandoning module HardwareTargeting (152)
[2015.01.23-01.18.03:907][860]LogModuleManager: Shutting down and abandoning module DeviceProfileEditor (151)
[2015.01.23-01.18.03:907][860]LogModuleManager: Shutting down and abandoning module UndoHistory (150)
[2015.01.23-01.18.03:907][860]LogModuleManager: Shutting down and abandoning module GameplayTagsEditor (149)
[2015.01.23-01.18.03:907][860]LogModuleManager: Shutting down and abandoning module UserFeedback (148)
[2015.01.23-01.18.03:907][860]LogModuleManager: Shutting down and abandoning module XmlParser (147)
[2015.01.23-01.18.03:907][860]LogModuleManager: Shutting down and abandoning module Blutility (146)
[2015.01.23-01.18.03:907][860]LogModuleManager: Shutting down and abandoning module IOSPlatformEditor (145)
[2015.01.23-01.18.03:907][860]LogModuleManager: Shutting down and abandoning module IOSRuntimeSettings (144)
[2015.01.23-01.18.03:907][860]LogModuleManager: Shutting down and abandoning module AndroidPlatformEditor (143)
[2015.01.23-01.18.03:907][860]LogModuleManager: Shutting down and abandoning module AndroidRuntimeSettings (142)
[2015.01.23-01.18.03:907][860]LogModuleManager: Shutting down and abandoning module ProjectTargetPlatformEditor (141)
[2015.01.23-01.18.03:907][860]LogModuleManager: Shutting down and abandoning module ProjectSettingsViewer (140)
[2015.01.23-01.18.03:907][860]LogModuleManager: Shutting down and abandoning module InputBindingEditor (139)
[2015.01.23-01.18.03:907][860]LogModuleManager: Shutting down and abandoning module EditorSettingsViewer (138)
[2015.01.23-01.18.03:907][860]LogModuleManager: Shutting down and abandoning module SettingsEditor (137)
[2015.01.23-01.18.03:907][860]LogModuleManager: Shutting down and abandoning module ProjectLauncher (136)
[2015.01.23-01.18.03:907][860]LogModuleManager: Shutting down and abandoning module SessionFrontend (135)
[2015.01.23-01.18.03:907][860]LogModuleManager: Shutting down and abandoning module ProfilerClient (134)
[2015.01.23-01.18.03:907][860]LogModuleManager: Shutting down and abandoning module TargetDeviceServices (133)
[2015.01.23-01.18.03:907][860]LogModuleManager: Shutting down and abandoning module DeviceManager (132)
[2015.01.23-01.18.03:908][860]LogModuleManager: Shutting down and abandoning module AutomationController (131)
[2015.01.23-01.18.03:908][860]LogModuleManager: Shutting down and abandoning module AutomationWindow (130)
[2015.01.23-01.18.03:908][860]LogModuleManager: Shutting down and abandoning module Layers (129)
[2015.01.23-01.18.03:908][860]LogModuleManager: Shutting down and abandoning module ComponentVisualizers (128)
[2015.01.23-01.18.03:908][860]LogModuleManager: Shutting down and abandoning module DetailCustomizations (127)
[2015.01.23-01.18.03:908][860]LogModuleManager: Shutting down and abandoning module PackagesDialog (126)
[2015.01.23-01.18.03:908][860]LogModuleManager: Shutting down and abandoning module AssetRegistry (125)
[2015.01.23-01.18.03:977][860]LogModuleManager: Shutting down and abandoning module Persona (124)
[2015.01.23-01.18.03:977][860]LogModuleManager: Shutting down and abandoning module Kismet (123)
[2015.01.23-01.18.03:977][860]LogModuleManager: Shutting down and abandoning module GraphEditor (122)
[2015.01.23-01.18.03:977][860]LogModuleManager: Shutting down and abandoning module ClassViewer (121)
[2015.01.23-01.18.03:977][860]LogModuleManager: Shutting down and abandoning module Toolbox (120)
[2015.01.23-01.18.03:977][860]LogModuleManager: Shutting down and abandoning module ModuleUI (119)
[2015.01.23-01.18.03:977][860]LogModuleManager: Shutting down and abandoning module MovieSceneTools (118)
[2015.01.23-01.18.03:977][860]LogModuleManager: Shutting down and abandoning module OutputLog (117)
[2015.01.23-01.18.03:977][860]LogModuleManager: Shutting down and abandoning module GammaUI (116)
[2015.01.23-01.18.03:977][860]LogModuleManager: Shutting down and abandoning module Documentation (115)
[2015.01.23-01.18.03:977][860]LogModuleManager: Shutting down and abandoning module GameLiveStreaming (114)
[2015.01.23-01.18.03:977][860]LogModuleManager: Shutting down and abandoning module StreamingPauseRendering (113)
[2015.01.23-01.18.03:977][860]LogModuleManager: Shutting down and abandoning module HTTP (112)
[2015.01.23-01.18.03:977][860]LogModuleManager: Shutting down and abandoning module AnalyticsET (111)
[2015.01.23-01.18.03:978][860]LogModuleManager: Shutting down and abandoning module Analytics (110)
[2015.01.23-01.18.03:978][860]LogModuleManager: Shutting down and abandoning module AITestSuite (109)
[2015.01.23-01.18.03:978][860]LogModuleManager: Shutting down and abandoning module AIModule (108)
[2015.01.23-01.18.03:978][860]LogModuleManager: Shutting down and abandoning module ProfilerService (107)
[2015.01.23-01.18.04:008][860]LogModuleManager: Shutting down and abandoning module TaskGraph (106)
[2015.01.23-01.18.04:008][860]LogModuleManager: Shutting down and abandoning module GameplayDebugger (105)
[2015.01.23-01.18.04:008][860]LogModuleManager: Shutting down and abandoning module SlateRemote (104)
[2015.01.23-01.18.04:008][860]LogModuleManager: Shutting down and abandoning module ScriptEditorPlugin (103)
[2015.01.23-01.18.04:008][860]LogModuleManager: Shutting down and abandoning module CustomMeshComponent (102)
[2015.01.23-01.18.04:008][860]LogModuleManager: Shutting down and abandoning module CableComponent (101)
[2015.01.23-01.18.04:008][860]LogModuleManager: Shutting down and abandoning module MessagingDebugger (100)
[2015.01.23-01.18.04:008][860]LogModuleManager: Shutting down and abandoning module MediaPlayerEditor (99)
[2015.01.23-01.18.04:008][860]LogModuleManager: Shutting down and abandoning module SpeedTreeImporter (98)
[2015.01.23-01.18.04:008][860]LogModuleManager: Shutting down and abandoning module PluginsEditor (97)
[2015.01.23-01.18.04:008][860]LogModuleManager: Shutting down and abandoning module EpicSurvey (96)
[2015.01.23-01.18.04:008][860]LogModuleManager: Shutting down and abandoning module DesktopPlatform (95)
[2015.01.23-01.18.04:008][860]LogModuleManager: Shutting down and abandoning module VisualStudioSourceCodeAccess (94)
[2015.01.23-01.18.04:008][860]LogModuleManager: Shutting down and abandoning module UObjectPlugin (93)
[2015.01.23-01.18.04:008][860]LogModuleManager: Shutting down and abandoning module SubversionSourceControl (92)
[2015.01.23-01.18.04:008][860]LogModuleManager: Shutting down and abandoning module SourceControl (91)
[2015.01.23-01.18.04:008][860]LogModuleManager: Shutting down and abandoning module PerforceSourceControl (90)
[2015.01.23-01.18.04:008][860]LogModuleManager: Shutting down and abandoning module BlankPlugin (89)
[2015.01.23-01.18.04:008][860]LogModuleManager: Shutting down and abandoning module SlateReflector (88)
[2015.01.23-01.18.04:008][860]LogModuleManager: Shutting down and abandoning module DirectoryWatcher (87)
[2015.01.23-01.18.04:009][860]LogModuleManager: Shutting down and abandoning module HotReload (86)
[2015.01.23-01.18.04:009][860]LogModuleManager: Shutting down and abandoning module MainFrame (85)
[2015.01.23-01.18.04:009][860]LogModuleManager: Shutting down and abandoning module LevelEditor (84)
[2015.01.23-01.18.04:010][860]LogModuleManager: Shutting down and abandoning module ViewportSnapping (83)
[2015.01.23-01.18.04:010][860]LogModuleManager: Shutting down and abandoning module SmartSnapping (82)
[2015.01.23-01.18.04:010][860]LogModuleManager: Shutting down and abandoning module PaperTiledImporter (81)
[2015.01.23-01.18.04:010][860]LogModuleManager: Shutting down and abandoning module PaperJsonImporter (80)
[2015.01.23-01.18.04:010][860]LogModuleManager: Shutting down and abandoning module ContentBrowser (79)
[2015.01.23-01.18.04:010][860]LogModuleManager: Shutting down and abandoning module Paper2DEditor (78)
[2015.01.23-01.18.04:010][860]LogModuleManager: Shutting down and abandoning module ScriptPlugin (77)
[2015.01.23-01.18.04:010][860]LogModuleManager: Shutting down and abandoning module UdpMessaging (76)
[2015.01.23-01.18.04:111][860]LogModuleManager: Shutting down and abandoning module Paper2D (75)
[2015.01.23-01.18.04:111][860]LogModuleManager: Shutting down and abandoning module UE4Game (74)
[2015.01.23-01.18.04:111][860]LogModuleManager: Shutting down and abandoning module WindowsMoviePlayer (73)
[2015.01.23-01.18.04:113][860]LogModuleManager: Shutting down and abandoning module Media (72)
[2015.01.23-01.18.04:113][860]LogModuleManager: Shutting down and abandoning module WmfMedia (71)
[2015.01.23-01.18.04:113][860]LogModuleManager: Shutting down and abandoning module OnlineBlueprintSupport (70)
[2015.01.23-01.18.04:113][860]LogModuleManager: Shutting down and abandoning module PropertyEditor (69)
[2015.01.23-01.18.04:113][860]LogModuleManager: Shutting down and abandoning module BehaviorTreeEditor (68)
[2015.01.23-01.18.04:113][860]LogModuleManager: Shutting down and abandoning module FunctionalTesting (67)
[2015.01.23-01.18.04:113][860]LogModuleManager: Shutting down and abandoning module CollisionAnalyzer (66)
[2015.01.23-01.18.04:113][860]LogModuleManager: Shutting down and abandoning module WorkspaceMenuStructure (65)
[2015.01.23-01.18.04:113][860]LogModuleManager: Shutting down and abandoning module MessageLog (64)
[2015.01.23-01.18.04:113][860]LogModuleManager: Shutting down and abandoning module Sequencer (63)
[2015.01.23-01.18.04:113][860]LogModuleManager: Shutting down and abandoning module AssetTools (62)
[2015.01.23-01.18.04:113][860]LogModuleManager: Shutting down and abandoning module UMGEditor (61)
[2015.01.23-01.18.04:113][860]LogModuleManager: Shutting down and abandoning module UMG (60)
[2015.01.23-01.18.04:113][860]LogModuleManager: Shutting down and abandoning module Slate (59)
[2015.01.23-01.18.04:113][860]LogModuleManager: Shutting down and abandoning module EditorStyle (58)
[2015.01.23-01.18.04:117][860]LogModuleManager: Shutting down and abandoning module SessionServices (57)
[2015.01.23-01.18.04:117][860]LogModuleManager: Shutting down and abandoning module SourceCodeAccess (56)
[2015.01.23-01.18.04:117][860]LogModuleManager: Shutting down and abandoning module HeadMountedDisplay (55)
[2015.01.23-01.18.04:117][860]LogModuleManager: Shutting down and abandoning module XAudio2 (54)
[2015.01.23-01.18.04:117][860]LogModuleManager: Shutting down and abandoning module Networking (52)
[2015.01.23-01.18.04:117][860]LogModuleManager: Shutting down and abandoning module Core (51)
[2015.01.23-01.18.04:117][860]LogModuleManager: Shutting down and abandoning module KismetCompiler (50)
[2015.01.23-01.18.04:117][860]LogModuleManager: Shutting down and abandoning module PhysXFormats (49)
[2015.01.23-01.18.04:117][860]LogModuleManager: Shutting down and abandoning module MeshUtilities (48)
[2015.01.23-01.18.04:117][860]LogModuleManager: Shutting down and abandoning module DerivedDataCache (47)
[2015.01.23-01.18.04:167][860]LogDerivedDataCache: Shutdown
[2015.01.23-01.18.04:167][860]LogModuleManager: Shutting down and abandoning module ShaderFormatOpenGL (46)
[2015.01.23-01.18.04:167][860]LogModuleManager: Shutting down and abandoning module ShaderFormatD3D (45)
[2015.01.23-01.18.04:167][860]LogModuleManager: Shutting down and abandoning module MetalShaderFormat (44)
[2015.01.23-01.18.04:167][860]LogModuleManager: Shutting down and abandoning module TextureFormatUncompressed (43)
[2015.01.23-01.18.04:167][860]LogModuleManager: Shutting down and abandoning module TextureFormatPVR (42)
[2015.01.23-01.18.04:167][860]LogModuleManager: Shutting down and abandoning module TextureFormatDXT (41)
[2015.01.23-01.18.04:167][860]LogModuleManager: Shutting down and abandoning module TextureFormatAndroid (40)
[2015.01.23-01.18.04:167][860]LogModuleManager: Shutting down and abandoning module AudioFormatOpus (39)
[2015.01.23-01.18.04:167][860]LogModuleManager: Shutting down and abandoning module AudioFormatOgg (38)
[2015.01.23-01.18.04:167][860]LogModuleManager: Shutting down and abandoning module AudioFormatADPCM (37)
[2015.01.23-01.18.04:167][860]LogModuleManager: Shutting down and abandoning module LinuxTargetPlatform (36)
[2015.01.23-01.18.04:167][860]LogModuleManager: Shutting down and abandoning module LinuxServerTargetPlatform (35)
[2015.01.23-01.18.04:167][860]LogModuleManager: Shutting down and abandoning module LinuxNoEditorTargetPlatform (34)
[2015.01.23-01.18.04:167][860]LogModuleManager: Shutting down and abandoning module Messaging (33)
[2015.01.23-01.18.04:167][860]LogModuleManager: Shutting down and abandoning module IOSTargetPlatform (32)
[2015.01.23-01.18.04:167][860]LogModuleManager: Shutting down and abandoning module Android_PVRTCTargetPlatform (31)
[2015.01.23-01.18.04:167][860]LogModuleManager: Shutting down and abandoning module Android_ETC2TargetPlatform (30)
[2015.01.23-01.18.04:167][860]LogModuleManager: Shutting down and abandoning module Android_ETC1TargetPlatform (29)
[2015.01.23-01.18.04:167][860]LogModuleManager: Shutting down and abandoning module Android_DXTTargetPlatform (28)
[2015.01.23-01.18.04:167][860]LogModuleManager: Shutting down and abandoning module Android_ATCTargetPlatform (27)
[2015.01.23-01.18.04:167][860]LogModuleManager: Shutting down and abandoning module AndroidTargetPlatform (26)
[2015.01.23-01.18.04:167][860]LogModuleManager: Shutting down and abandoning module WindowsTargetPlatform (25)
[2015.01.23-01.18.04:167][860]LogModuleManager: Shutting down and abandoning module WindowsServerTargetPlatform (24)
[2015.01.23-01.18.04:167][860]LogModuleManager: Shutting down and abandoning module WindowsNoEditorTargetPlatform (23)
[2015.01.23-01.18.04:167][860]LogModuleManager: Shutting down and abandoning module WindowsClientTargetPlatform (22)
[2015.01.23-01.18.04:167][860]LogModuleManager: Shutting down and abandoning module TargetPlatform (21)
[2015.01.23-01.18.04:167][860]LogModuleManager: Shutting down and abandoning module InputCore (20)
[2015.01.23-01.18.04:167][860]LogModuleManager: Shutting down and abandoning module Settings (19)
[2015.01.23-01.18.04:167][860]LogModuleManager: Shutting down and abandoning module ImageWrapper (18)
[2015.01.23-01.18.04:167][860]LogModuleManager: Shutting down and abandoning module OculusRift (15)
[2015.01.23-01.18.04:167][860]LogModuleManager: Shutting down and abandoning module ExampleDeviceProfileSelector (14)
[2015.01.23-01.18.04:167][860]LogModuleManager: Shutting down and abandoning module TextureCompressor (13)
[2015.01.23-01.18.04:167][860]LogModuleManager: Shutting down and abandoning module ShaderCore (12)
[2015.01.23-01.18.04:167][860]LogModuleManager: Shutting down and abandoning module Landscape (11)
[2015.01.23-01.18.04:167][860]LogModuleManager: Shutting down and abandoning module SlateRHIRenderer (10)
[2015.01.23-01.18.04:174][860]LogModuleManager: Shutting down and abandoning module OpenGLDrv (9)
[2015.01.23-01.18.04:174][860]LogModuleManager: Shutting down and abandoning module D3D11RHI (8)
[2015.01.23-01.18.04:174][860]LogModuleManager: Shutting down and abandoning module Renderer (7)
[2015.01.23-01.18.04:175][860]LogModuleManager: Shutting down and abandoning module Engine (6)
[2015.01.23-01.18.04:175][860]LogModuleManager: Shutting down and abandoning module CoreUObject (5)
[2015.01.23-01.18.04:175][860]LogModuleManager: Shutting down and abandoning module NetworkFile (4)
[2015.01.23-01.18.04:175][860]LogModuleManager: Shutting down and abandoning module StreamingFile (3)
[2015.01.23-01.18.04:175][860]LogModuleManager: Shutting down and abandoning module SandboxFile (2)
[2015.01.23-01.18.04:175][860]LogModuleManager: Shutting down and abandoning module PakFile (1)
[2015.01.23-01.18.04:175][860]LogExit: Exiting.
[2015.01.23-01.18.04:218][860]Log file closed, 01/22/15 20:18:04
