Log file open, 01/21/15 20:30:56
LogInit:Display: Running engine for game: KodainaKingdom
LogInit: Version: 4.6.1-2386410+++depot+UE4-Releases+4.6
LogInit: API Version: 2369412
LogInit: Compiled (64-bit): Dec 11 2014 21:31:39
LogInit: Compiled with Visual C++: 18.00.21005.01
LogInit: Build Configuration: Development
LogInit: Branch Name: ++depot+UE4-Releases+4.6
LogInit: Command line:  
LogInit: Base directory: C:/Program Files/Epic Games/4.6/Engine/Binaries/Win64/
LogInit: Rocket: 1
[2015.01.22-01.30.56:559][  0]LogTaskGraph: Started task graph with 3 named threads and 6 total threads.
[2015.01.22-01.30.56:614][  0]LogOnline:Warning: No default platform service specified for OnlineSubsystem
[2015.01.22-01.30.56:638][  0]LogInit: Presizing for 0 objects not considered by GC, pre-allocating 0 bytes.
[2015.01.22-01.30.56:650][  0]LogInit: Object subsystem initialized
[2015.01.22-01.30.56:653][  0]LogConsoleResponse:Warning: Skipping Unknown console variable: 'UIScaleRule = ShortestSide'
[2015.01.22-01.30.56:653][  0]LogConsoleResponse:Warning:   Found in ini file 'C:/Users/Zim/Documents/Unreal Projects/KodainaKingdom/Saved/Config/Windows/Engine.ini', in section '[/Script/Engine.RendererSettings]'
[2015.01.22-01.30.56:653][  0]LogConsoleResponse:Warning: Skipping Unknown console variable: 'UIScaleCurve = (EditorCurveData=(Keys=),ExternalCurve=None)'
[2015.01.22-01.30.56:653][  0]LogConsoleResponse:Warning:   Found in ini file 'C:/Users/Zim/Documents/Unreal Projects/KodainaKingdom/Saved/Config/Windows/Engine.ini', in section '[/Script/Engine.RendererSettings]'
[2015.01.22-01.30.56:653][  0]LogConsoleManager:Warning: Console variable 'r.MSAA.CompositingSampleCount' wasn't set (Priority ProjectSetting < Scalability)
[2015.01.22-01.30.56:653][  0]LogInit: Selected Device Profile: [Windows]
[2015.01.22-01.30.56:653][  0]LogInit: Applying CVar settings loaded from the selected device profile: [Windows]
[2015.01.22-01.30.56:767][  0]LogInit: Computer: SEAN
[2015.01.22-01.30.56:767][  0]LogInit: User: Zim
[2015.01.22-01.30.56:767][  0]LogInit: CPU Page size=4096, Cores=4
[2015.01.22-01.30.56:767][  0]LogInit: High frequency timer resolution =2.338450 MHz
[2015.01.22-01.30.56:767][  0]LogMemory: Memory total: Physical=15.9GB (16GB approx) Virtual=131072.0GB
[2015.01.22-01.30.56:767][  0]LogMemory: Platform Memory Stats for Windows
[2015.01.22-01.30.56:767][  0]LogMemory: Process Physical Memory: 49.22 MB used, 49.22 MB peak
[2015.01.22-01.30.56:767][  0]LogMemory: Process Virtual Memory: 25.12 MB used, 25.12 MB peak
[2015.01.22-01.30.56:767][  0]LogMemory: Physical Memory: 5660.73 MB used, 16331.28 MB total
[2015.01.22-01.30.56:767][  0]LogMemory: Virtual Memory: 275.69 MB used, 134217728.00 MB total
[2015.01.22-01.30.56:808][  0]LogD3D11RHI: Found D3D11 adapter 0: NVIDIA GeForce GT 750M   (Feature Level 11_0)
[2015.01.22-01.30.56:808][  0]LogD3D11RHI: Adapter has 1985MB of dedicated video memory, 0MB of dedicated system memory, and 2048MB of shared system memory, 1 output[s]
[2015.01.22-01.30.56:833][  0]LogD3D11RHI: Found D3D11 adapter 1: NVIDIA GeForce GT 750M   (Feature Level 11_0)
[2015.01.22-01.30.56:833][  0]LogD3D11RHI: Adapter has 1985MB of dedicated video memory, 0MB of dedicated system memory, and 2048MB of shared system memory, 0 output[s]
[2015.01.22-01.30.56:834][  0]LogD3D11RHI: Found D3D11 adapter 2: Microsoft Basic Render Driver (Feature Level 11_0)
[2015.01.22-01.30.56:834][  0]LogD3D11RHI: Adapter has 0MB of dedicated video memory, 0MB of dedicated system memory, and 256MB of shared system memory, 0 output[s]
[2015.01.22-01.30.56:834][  0]LogD3D11RHI: Chosen D3D11 Adapter Id = 0
[2015.01.22-01.30.56:840][  0]LogRHI: Texture pool is 1361 MB (70% of 1945 MB)
[2015.01.22-01.30.56:854][  0]LogD3D11RHI: Async texture creation enabled
[2015.01.22-01.30.56:922][  0]LogTextLocalizationManager: The requested culture ('en_US') has no localization data; parent culture's ('en') localization data will be used.
[2015.01.22-01.30.57:100][  0]LogContentStreaming: Texture pool size is 0.000000MB
[2015.01.22-01.31.26:685][  0]LogTargetPlatformManager:Display: Building Assets For Windows
[2015.01.22-01.31.29:702][  0]LogTargetPlatformManager:Display: Building Assets For Windows
[2015.01.22-01.31.29:755][  0]LogDerivedDataCache:Display: Max Cache Size: 512 MB
[2015.01.22-01.31.29:790][  0]LogDerivedDataCache: Loaded boot cache 0.04s 39MB C:/Users/Zim/AppData/Local/UnrealEngine/4.6/DerivedDataCache/Boot.ddc.
[2015.01.22-01.31.29:790][  0]LogDerivedDataCache:Display: Loaded Boot cache: C:/Users/Zim/AppData/Local/UnrealEngine/4.6/DerivedDataCache/Boot.ddc
[2015.01.22-01.31.29:790][  0]LogDerivedDataCache: FDerivedDataBackendGraph:  Pak pak cache file ../../../../../../Users/Zim/Documents/Unreal Projects/KodainaKingdom/DerivedDataCache/DDC.ddp not found, will not use a pak cache.
[2015.01.22-01.31.29:790][  0]LogDerivedDataCache: Unable to find inner node Pak for hierarchical cache Hierarchy.
[2015.01.22-01.31.29:858][  0]LogDerivedDataCache:Display: Pak cache opened for reading ../../../Engine/DerivedDataCache/DDC.ddp.
[2015.01.22-01.31.29:870][  0]LogDerivedDataCache: Using Local data cache path C:/Users/Zim/AppData/Local/UnrealEngine/Common/DerivedDataCache: Writable
[2015.01.22-01.31.30:001][  0]LogCollisionProfile:Warning: Profile (UI) - Custom Channel Name = 'Weapon' hasn't been found
[2015.01.22-01.31.30:814][  0]LogMeshUtilities: No automatic mesh reduction module available
[2015.01.22-01.31.30:814][  0]LogMeshUtilities: No automatic mesh merging module available
[2015.01.22-01.31.32:610][  0]LogInit: WinSock: version 1.1 (2.2), MaxSocks=32767, MaxUdp=65467
[2015.01.22-01.31.32:667][  0]LogSlate:Warning: Failed to load font data from '../../../Engine/Content/Slate/Fonts/Roboto-Italic.ttf'
[2015.01.22-01.31.33:448][  0]UdpMessaging: Initializing bridge on interface 0.0.0.0:0 to multicast group 230.0.0.1:6666.
[2015.01.22-01.31.33:605][  0]LogDirectoryWatcher:Warning: Failed to begin reading directory changes for C:/Users/Zim/Documents/Unreal Projects/KodainaKingdom/Binaries/Win64. Error: 0
[2015.01.22-01.31.33:750][  0]SourceControl: Info Source control is disabled
[2015.01.22-01.31.33:750][  0]SourceControl: Info Source control is disabled
[2015.01.22-01.31.33:757][  0]SourceControl: Info Source control is disabled
[2015.01.22-01.31.33:867][  0]LogObj: 23754 objects as part of root set at end of initial load.
[2015.01.22-01.31.33:867][  0]LogUObjectAllocator: 5168136 out of 0 bytes used by permanent object pool.
[2015.01.22-01.31.33:927][  0]LogEngine: Initializing Engine...
[2015.01.22-01.31.34:895][  0]LogInit: XAudio2 using 'Speakers (Realtek High Definition Audio)' : 2 channels at 48 kHz using 32 bits per sample (channel mask 0x3)
[2015.01.22-01.31.34:911][  0]LogInit: FAudioDevice initialized.
[2015.01.22-01.31.34:929][  0]LogAIModule: Creating AISystem for world NewWorld
[2015.01.22-01.31.34:948][  0]LogDerivedDataCache: Saved boot cache 0.02s 39MB C:/Users/Zim/AppData/Local/UnrealEngine/4.6/DerivedDataCache/Boot.ddc.
[2015.01.22-01.31.34:952][  0]LogInit: Texture streaming: Enabled
[2015.01.22-01.31.34:977][  0]LogAnalytics: Creating configured Analytics provider AnalyticsET
[2015.01.22-01.31.34:977][  0]LogAnalytics: ET APIKey = Rocket.Release. APIServer = http://et2.epicgames.com/ET2/. AppVersion = 4.6.1-2386410+++depot+UE4-Releases+4.6
[2015.01.22-01.31.34:978][  0]LogAnalytics: SetUserId e818845727fd16b7b8e647cd16e3db7c
[2015.01.22-01.31.34:978][  0]LogAnalytics: AnalyticsET::StartSession [Rocket.Release]
[2015.01.22-01.31.34:992][  0]LogInit: Transaction tracking system initialized
[2015.01.22-01.31.35:074][  0]BlueprintLog: New page: Editor Load
[2015.01.22-01.31.35:102][  0]LogAssetRegistry: FAssetRegistry took 0.0104 seconds to start up
[2015.01.22-01.31.35:102][  0]LogDirectoryWatcher:Warning: Failed to begin reading directory changes for ../../../Engine/Plugins/Experimental/CharacterAI/Content/. Error: 0
[2015.01.22-01.31.35:997][  0]LogTargetPlatformManager:Display: Building Assets For Windows
[2015.01.22-01.31.36:332][  0]LogTargetPlatformManager:Display: Building Assets For Windows
[2015.01.22-01.31.36:491][  0]LogConsoleResponse:Display: 
[2015.01.22-01.31.36:536][  0]LogLinker:Warning: Asset '../../../Engine/Content/Functions/Engine_MaterialFunctions03/Procedurals/ComputeFilterWidth.uasset' has been saved with empty engine version. The asset will be loaded but may be incompatible.
[2015.01.22-01.31.36:709][  0]SourceControl: Info Source control is disabled
[2015.01.22-01.31.36:709][  0]Cmd: MAP LOAD FILE="../../../../../../Users/Zim/Documents/Unreal Projects/KodainaKingdom/Content/Maps/TestLevel.umap" TEMPLATE=0 SHOWPROGRESS=1
[2015.01.22-01.31.36:710][  0]LightingResults: New page: Lighting Build
[2015.01.22-01.31.36:718][  0]MapCheck: New page: Map Check
[2015.01.22-01.31.36:718][  0]LightingResults: New page: Lighting Build
[2015.01.22-01.31.36:725][  0]LogParticles: Destroying 0 GPU particle simulations for FXSystem 0x0000003BA7F51580
[2015.01.22-01.31.36:781][  0]LogEditorServer: Finished looking for orphan Actors (0.000 secs)
[2015.01.22-01.31.36:781][  0]LogAIModule: Creating AISystem for world TestLevel
[2015.01.22-01.31.36:782][  0]Cmd: MAP CHECKDEP
[2015.01.22-01.31.36:782][  0]MapCheck: New page: TestLevel - Jan 21, 2015, 3:31:36 PM
[2015.01.22-01.31.36:859][  0]MapCheck: Info Map check complete: 0 Error(s), 0 Warning(s), took 77.027ms to complete.
[2015.01.22-01.31.36:859][  0]LogFileHelpers: Loading map 'TestLevel' took 0.150
[2015.01.22-01.31.36:925][  0]LogCollectionManager: Loaded 0 collections in 0.000919 seconds
[2015.01.22-01.31.37:076][  0]LogCrashTracker: Crashtracker disabled due to settings.
[2015.01.22-01.31.37:082][  0]LogUObjectGlobals:Warning: Failed to find object 'Class None.'
[2015.01.22-01.31.37:107][  0]LogLoad: Full Startup: 51.22 seconds (BP compile: 0.01 seconds)
[2015.01.22-01.31.37:450][  0]LogContentBrowser:Verbose: The content browser source was changed by the sources view to '/Game/Blueprints'
[2015.01.22-01.31.37:824][  0]LogRenderer:Warning: Reallocating scene render targets to support 1200x896.
[2015.01.22-01.31.40:377][  5]LogAssetRegistry: Asset discovery search completed in 5.2854 seconds
[2015.01.22-01.31.56:395][101]LogEditorViewport: Clicking on Actor (LMB): PaperSpriteActor (Sky)
[2015.01.22-01.31.56:666][101]LogPropertyNode:Warning: UI Min (0.001) >= UI Max () for Ranged Numeric
[2015.01.22-01.31.56:680][101]LogEditorViewport: Clicking on Actor (double click): PaperSpriteActor (Sky)
[2015.01.22-01.31.56:687][101]LogPropertyNode:Warning: UI Min (0.001) >= UI Max () for Ranged Numeric
[2015.01.22-01.34.37:707][858]BlueprintLog: New page: Compile MyHud
[2015.01.22-01.34.37:768][858]LogActorComponent: UnregisterComponent: (/Engine/Transient.CharacterMovementComponent_0) Not registered. Aborting.
[2015.01.22-01.34.37:824][858]BlueprintEditorCompileResults: Info [0231.93] Compile of MyHud successful! [in 103 ms]
[2015.01.22-01.34.38:309][874]Cmd: OBJ SAVEPACKAGE PACKAGE="/Game/Blueprints/MyHud" FILE="../../../../../../Users/Zim/Documents/Unreal Projects/KodainaKingdom/Content/Blueprints/MyHud.uasset" SILENT=true
[2015.01.22-01.34.38:403][874]LogSavePackage: Save=25.170946ms
[2015.01.22-01.34.38:403][874]LogSavePackage: Moving '../../../../../../Users/Zim/Documents/Unreal Projects/KodainaKingdom/Saved/MyHud9074FC44424AD089F946819D7A2C1AF8.tmp' to '../../../../../../Users/Zim/Documents/Unreal Projects/KodainaKingdom/Content/Blueprints/MyHud.uasset'
[2015.01.22-01.34.41:491][ 27]BlueprintLog: New page: Pre-PIE auto-recompile
[2015.01.22-01.34.41:498][ 27]LogPlayLevel: [PIE] Compiling MyCharacter before PIE...
[2015.01.22-01.34.41:680][ 27]LogPlayLevel: [PIE] Compiling Tutorial_BP_MacroLib before PIE...
[2015.01.22-01.34.41:721][ 27]LogPlayLevel: [PIE] Compiling TestLevel before PIE...
[2015.01.22-01.34.41:767][ 27]LogPlayLevel: [PIE] Compiling MyHud before PIE...
[2015.01.22-01.34.41:866][ 27]LogPlayLevel: PIE:  Blueprint regeneration took 374 ms (4 blueprints)
[2015.01.22-01.34.41:866][ 27]PIE: New page: PIE session: TestLevel (Jan 21, 2015, 3:34:41 PM)
[2015.01.22-01.34.41:868][ 27]LogPlayLevel: PIE: StaticDuplicateObject took: (0.001580s)
[2015.01.22-01.34.41:869][ 27]LogPlayLevel: PIE: World Init took: (0.000540s)
[2015.01.22-01.34.41:869][ 27]LogPlayLevel: PIE: Created PIE world by copying editor world from /Game/Maps/TestLevel.TestLevel to /Game/Maps/UEDPIE_0_TestLevel.TestLevel (0.002301s)
[2015.01.22-01.34.41:962][ 27]LogWorld: Game class is 'Kodaina_C'
[2015.01.22-01.34.41:963][ 27]LogAIModule: Creating AISystem for world TestLevel
[2015.01.22-01.34.41:965][ 27]LogWorld: Bringing World /Game/Maps/UEDPIE_0_TestLevel.TestLevel up for play (max tick rate 60) at 2015.01.21-20.34.41
[2015.01.22-01.34.41:965][ 27]LogWorld: Bringing up level for play took: 0.001433
[2015.01.22-01.34.41:967][ 27]PIE: Info Play in editor start time for /Game/Maps/UEDPIE_0_TestLevel -0.018
[2015.01.22-01.34.51:490][585]LogPropertyNode:Warning: UI Min (0.001) >= UI Max () for Ranged Numeric
[2015.01.22-01.34.51:534][585]LogParticles: Destroying 0 GPU particle simulations for FXSystem 0x0000003BABF18680
[2015.01.22-01.35.12:036][438]BlueprintLog: New page: Compile MyHud
[2015.01.22-01.35.12:164][438]BlueprintEditorCompileResults: Info [0266.27] Compile of MyHud successful! [in 110 ms]
[2015.01.22-01.35.12:685][454]Cmd: OBJ SAVEPACKAGE PACKAGE="/Game/Blueprints/MyHud" FILE="../../../../../../Users/Zim/Documents/Unreal Projects/KodainaKingdom/Content/Blueprints/MyHud.uasset" SILENT=true
[2015.01.22-01.35.12:812][454]LogSavePackage: Save=34.079411ms
[2015.01.22-01.35.12:812][454]LogSavePackage: Moving '../../../../../../Users/Zim/Documents/Unreal Projects/KodainaKingdom/Saved/MyHudECCC4B514C68F6A66DD1ABBB84C91C18.tmp' to '../../../../../../Users/Zim/Documents/Unreal Projects/KodainaKingdom/Content/Blueprints/MyHud.uasset'
[2015.01.22-01.35.14:933][557]BlueprintLog: New page: Pre-PIE auto-recompile
[2015.01.22-01.35.14:943][557]LogPlayLevel: [PIE] Compiling MyCharacter before PIE...
[2015.01.22-01.35.15:178][557]LogPlayLevel: [PIE] Compiling TestLevel before PIE...
[2015.01.22-01.35.15:234][557]LogPlayLevel: [PIE] Compiling MyHud before PIE...
[2015.01.22-01.35.15:358][557]LogPlayLevel: PIE:  Blueprint regeneration took 423 ms (3 blueprints)
[2015.01.22-01.35.15:358][557]PIE: New page: PIE session: TestLevel (Jan 21, 2015, 3:35:15 PM)
[2015.01.22-01.35.15:360][557]LogPlayLevel: PIE: StaticDuplicateObject took: (0.001923s)
[2015.01.22-01.35.15:361][557]LogPlayLevel: PIE: World Init took: (0.000626s)
[2015.01.22-01.35.15:361][557]LogPlayLevel: PIE: Created PIE world by copying editor world from /Game/Maps/TestLevel.TestLevel to /Game/Maps/UEDPIE_0_TestLevel.TestLevel (0.002718s)
[2015.01.22-01.35.15:394][557]LogWorld: Game class is 'Kodaina_C'
[2015.01.22-01.35.15:396][557]LogAIModule: Creating AISystem for world TestLevel
[2015.01.22-01.35.15:398][557]LogWorld: Bringing World /Game/Maps/UEDPIE_0_TestLevel.TestLevel up for play (max tick rate 60) at 2015.01.21-20.35.15
[2015.01.22-01.35.15:398][557]LogWorld: Bringing up level for play took: 0.001747
[2015.01.22-01.35.15:400][557]PIE: Info Play in editor start time for /Game/Maps/UEDPIE_0_TestLevel 1.415
[2015.01.22-01.35.17:311][667]LogPropertyNode:Warning: UI Min (0.001) >= UI Max () for Ranged Numeric
[2015.01.22-01.35.17:356][667]LogParticles: Destroying 0 GPU particle simulations for FXSystem 0x0000003BA9945620
[2015.01.22-01.35.25:045][994]BlueprintLog: New page: Compile MyHud
[2015.01.22-01.35.25:178][994]BlueprintEditorCompileResults: Info [0279.29] Compile of MyHud successful! [in 115 ms]
[2015.01.22-01.35.26:941][ 78]BlueprintLog: New page: Pre-PIE auto-recompile
[2015.01.22-01.35.26:950][ 78]LogPlayLevel: [PIE] Compiling MyCharacter before PIE...
[2015.01.22-01.35.27:189][ 78]LogPlayLevel: [PIE] Compiling TestLevel before PIE...
[2015.01.22-01.35.27:263][ 78]LogPlayLevel: [PIE] Compiling MyHud before PIE...
[2015.01.22-01.35.27:400][ 78]LogPlayLevel: PIE:  Blueprint regeneration took 458 ms (3 blueprints)
[2015.01.22-01.35.27:400][ 78]PIE: New page: PIE session: TestLevel (Jan 21, 2015, 3:35:27 PM)
[2015.01.22-01.35.27:402][ 78]LogPlayLevel: PIE: StaticDuplicateObject took: (0.001918s)
[2015.01.22-01.35.27:403][ 78]LogPlayLevel: PIE: World Init took: (0.000558s)
[2015.01.22-01.35.27:403][ 78]LogPlayLevel: PIE: Created PIE world by copying editor world from /Game/Maps/TestLevel.TestLevel to /Game/Maps/UEDPIE_0_TestLevel.TestLevel (0.002671s)
[2015.01.22-01.35.27:437][ 78]LogWorld: Game class is 'Kodaina_C'
[2015.01.22-01.35.27:439][ 78]LogAIModule: Creating AISystem for world TestLevel
[2015.01.22-01.35.27:441][ 78]LogWorld: Bringing World /Game/Maps/UEDPIE_0_TestLevel.TestLevel up for play (max tick rate 60) at 2015.01.21-20.35.27
[2015.01.22-01.35.27:441][ 78]LogWorld: Bringing up level for play took: 0.001687
[2015.01.22-01.35.27:443][ 78]PIE: Info Play in editor start time for /Game/Maps/UEDPIE_0_TestLevel 1.458
[2015.01.22-01.35.29:324][186]LogPropertyNode:Warning: UI Min (0.001) >= UI Max () for Ranged Numeric
[2015.01.22-01.35.29:387][186]LogParticles: Destroying 0 GPU particle simulations for FXSystem 0x0000003BB23B9A80
[2015.01.22-01.35.35:075][392]BlueprintLog: New page: Compile MyHud
[2015.01.22-01.35.35:206][392]BlueprintEditorCompileResults: Info [0289.32] Compile of MyHud successful! [in 114 ms]
[2015.01.22-01.35.37:043][478]BlueprintLog: New page: Pre-PIE auto-recompile
[2015.01.22-01.35.37:053][478]LogPlayLevel: [PIE] Compiling MyCharacter before PIE...
[2015.01.22-01.35.37:287][478]LogPlayLevel: [PIE] Compiling TestLevel before PIE...
[2015.01.22-01.35.37:360][478]LogPlayLevel: [PIE] Compiling MyHud before PIE...
[2015.01.22-01.35.37:496][478]LogPlayLevel: PIE:  Blueprint regeneration took 453 ms (3 blueprints)
[2015.01.22-01.35.37:497][478]PIE: New page: PIE session: TestLevel (Jan 21, 2015, 3:35:37 PM)
[2015.01.22-01.35.37:499][478]LogPlayLevel: PIE: StaticDuplicateObject took: (0.001918s)
[2015.01.22-01.35.37:499][478]LogPlayLevel: PIE: World Init took: (0.000576s)
[2015.01.22-01.35.37:500][478]LogPlayLevel: PIE: Created PIE world by copying editor world from /Game/Maps/TestLevel.TestLevel to /Game/Maps/UEDPIE_0_TestLevel.TestLevel (0.002663s)
[2015.01.22-01.35.37:535][478]LogWorld: Game class is 'Kodaina_C'
[2015.01.22-01.35.37:537][478]LogAIModule: Creating AISystem for world TestLevel
[2015.01.22-01.35.37:538][478]LogWorld: Bringing World /Game/Maps/UEDPIE_0_TestLevel.TestLevel up for play (max tick rate 60) at 2015.01.21-20.35.37
[2015.01.22-01.35.37:539][478]LogWorld: Bringing up level for play took: 0.001726
[2015.01.22-01.35.37:541][478]PIE: Info Play in editor start time for /Game/Maps/UEDPIE_0_TestLevel -0.444
[2015.01.22-01.35.44:850][814]LogPropertyNode:Warning: UI Min (0.001) >= UI Max () for Ranged Numeric
[2015.01.22-01.35.44:930][815]LogParticles: Destroying 0 GPU particle simulations for FXSystem 0x0000003BB6FBD120
[2015.01.22-01.35.46:220][888]BlueprintLog: New page: Pre-PIE auto-recompile
[2015.01.22-01.35.46:229][888]LogPlayLevel: [PIE] Compiling MyCharacter before PIE...
[2015.01.22-01.35.46:463][888]LogPlayLevel: [PIE] Compiling TestLevel before PIE...
[2015.01.22-01.35.46:537][888]LogPlayLevel: [PIE] Compiling MyHud before PIE...
[2015.01.22-01.35.46:678][888]LogPlayLevel: PIE:  Blueprint regeneration took 458 ms (3 blueprints)
[2015.01.22-01.35.46:678][888]PIE: New page: PIE session: TestLevel (Jan 21, 2015, 3:35:46 PM)
[2015.01.22-01.35.46:681][888]LogPlayLevel: PIE: StaticDuplicateObject took: (0.001918s)
[2015.01.22-01.35.46:681][888]LogPlayLevel: PIE: World Init took: (0.000570s)
[2015.01.22-01.35.46:681][888]LogPlayLevel: PIE: Created PIE world by copying editor world from /Game/Maps/TestLevel.TestLevel to /Game/Maps/UEDPIE_0_TestLevel.TestLevel (0.002653s)
[2015.01.22-01.35.46:714][888]LogWorld: Game class is 'Kodaina_C'
[2015.01.22-01.35.46:715][888]LogAIModule: Creating AISystem for world TestLevel
[2015.01.22-01.35.46:717][888]LogWorld: Bringing World /Game/Maps/UEDPIE_0_TestLevel.TestLevel up for play (max tick rate 60) at 2015.01.21-20.35.46
[2015.01.22-01.35.46:717][888]LogWorld: Bringing up level for play took: 0.001706
[2015.01.22-01.35.46:719][888]PIE: Info Play in editor start time for /Game/Maps/UEDPIE_0_TestLevel 0.735
[2015.01.22-01.35.49:822][ 69]LogPropertyNode:Warning: UI Min (0.001) >= UI Max () for Ranged Numeric
[2015.01.22-01.35.49:884][ 69]LogParticles: Destroying 0 GPU particle simulations for FXSystem 0x0000003BB6FBCB80
[2015.01.22-01.36.13:047][  8]BlueprintLog: New page: Compile MyHud
[2015.01.22-01.36.13:208][  8]BlueprintEditorCompileResults: Info [0327.32] Compile of MyHud successful! [in 136 ms]
[2015.01.22-01.36.14:935][ 89]BlueprintLog: New page: Pre-PIE auto-recompile
[2015.01.22-01.36.14:944][ 89]LogPlayLevel: [PIE] Compiling MyCharacter before PIE...
[2015.01.22-01.36.15:184][ 89]LogPlayLevel: [PIE] Compiling TestLevel before PIE...
[2015.01.22-01.36.15:262][ 89]LogPlayLevel: [PIE] Compiling MyHud before PIE...
[2015.01.22-01.36.15:413][ 89]LogPlayLevel: PIE:  Blueprint regeneration took 478 ms (3 blueprints)
[2015.01.22-01.36.15:413][ 89]PIE: New page: PIE session: TestLevel (Jan 21, 2015, 3:36:15 PM)
[2015.01.22-01.36.15:415][ 89]LogPlayLevel: PIE: StaticDuplicateObject took: (0.001935s)
[2015.01.22-01.36.15:416][ 89]LogPlayLevel: PIE: World Init took: (0.000628s)
[2015.01.22-01.36.15:416][ 89]LogPlayLevel: PIE: Created PIE world by copying editor world from /Game/Maps/TestLevel.TestLevel to /Game/Maps/UEDPIE_0_TestLevel.TestLevel (0.002736s)
[2015.01.22-01.36.15:452][ 89]LogWorld: Game class is 'Kodaina_C'
[2015.01.22-01.36.15:454][ 89]LogAIModule: Creating AISystem for world TestLevel
[2015.01.22-01.36.15:455][ 89]LogWorld: Bringing World /Game/Maps/UEDPIE_0_TestLevel.TestLevel up for play (max tick rate 60) at 2015.01.21-20.36.15
[2015.01.22-01.36.15:456][ 89]LogWorld: Bringing up level for play took: 0.001826
[2015.01.22-01.36.15:458][ 89]PIE: Info Play in editor start time for /Game/Maps/UEDPIE_0_TestLevel 1.473
[2015.01.22-01.36.17:895][230]LogPropertyNode:Warning: UI Min (0.001) >= UI Max () for Ranged Numeric
[2015.01.22-01.36.17:957][230]LogParticles: Destroying 0 GPU particle simulations for FXSystem 0x0000003BB270D940
[2015.01.22-01.36.26:337][557]BlueprintLog: New page: Compile MyHud
[2015.01.22-01.36.26:474][557]BlueprintEditorCompileResults: Info [0340.58] Compile of MyHud successful! [in 117 ms]
[2015.01.22-01.36.28:276][642]BlueprintLog: New page: Pre-PIE auto-recompile
[2015.01.22-01.36.28:286][642]LogPlayLevel: [PIE] Compiling MyCharacter before PIE...
[2015.01.22-01.36.28:525][642]LogPlayLevel: [PIE] Compiling TestLevel before PIE...
[2015.01.22-01.36.28:599][642]LogPlayLevel: [PIE] Compiling MyHud before PIE...
[2015.01.22-01.36.28:738][642]LogPlayLevel: PIE:  Blueprint regeneration took 462 ms (3 blueprints)
[2015.01.22-01.36.28:738][642]PIE: New page: PIE session: TestLevel (Jan 21, 2015, 3:36:28 PM)
[2015.01.22-01.36.28:740][642]LogPlayLevel: PIE: StaticDuplicateObject took: (0.001926s)
[2015.01.22-01.36.28:741][642]LogPlayLevel: PIE: World Init took: (0.000643s)
[2015.01.22-01.36.28:741][642]LogPlayLevel: PIE: Created PIE world by copying editor world from /Game/Maps/TestLevel.TestLevel to /Game/Maps/UEDPIE_0_TestLevel.TestLevel (0.002736s)
[2015.01.22-01.36.28:771][642]LogWorld: Game class is 'Kodaina_C'
[2015.01.22-01.36.28:773][642]LogAIModule: Creating AISystem for world TestLevel
[2015.01.22-01.36.28:774][642]LogWorld: Bringing World /Game/Maps/UEDPIE_0_TestLevel.TestLevel up for play (max tick rate 60) at 2015.01.21-20.36.28
[2015.01.22-01.36.28:775][642]LogWorld: Bringing up level for play took: 0.001753
[2015.01.22-01.36.28:777][642]PIE: Info Play in editor start time for /Game/Maps/UEDPIE_0_TestLevel 0.792
[2015.01.22-01.36.30:407][728]LogPropertyNode:Warning: UI Min (0.001) >= UI Max () for Ranged Numeric
[2015.01.22-01.36.30:470][728]LogParticles: Destroying 0 GPU particle simulations for FXSystem 0x0000003BBA0960C0
[2015.01.22-01.36.41:573][166]BlueprintLog: New page: Compile MyHud
[2015.01.22-01.36.41:709][166]BlueprintEditorCompileResults: Info [0355.82] Compile of MyHud successful! [in 118 ms]
[2015.01.22-01.36.44:012][278]BlueprintLog: New page: Pre-PIE auto-recompile
[2015.01.22-01.36.44:021][278]LogPlayLevel: [PIE] Compiling MyCharacter before PIE...
[2015.01.22-01.36.44:271][278]LogPlayLevel: [PIE] Compiling TestLevel before PIE...
[2015.01.22-01.36.44:344][278]LogPlayLevel: [PIE] Compiling MyHud before PIE...
[2015.01.22-01.36.44:485][278]LogPlayLevel: PIE:  Blueprint regeneration took 472 ms (3 blueprints)
[2015.01.22-01.36.44:486][278]PIE: New page: PIE session: TestLevel (Jan 21, 2015, 3:36:44 PM)
[2015.01.22-01.36.44:488][278]LogPlayLevel: PIE: StaticDuplicateObject took: (0.001923s)
[2015.01.22-01.36.44:488][278]LogPlayLevel: PIE: World Init took: (0.000562s)
[2015.01.22-01.36.44:489][278]LogPlayLevel: PIE: Created PIE world by copying editor world from /Game/Maps/TestLevel.TestLevel to /Game/Maps/UEDPIE_0_TestLevel.TestLevel (0.002662s)
[2015.01.22-01.36.44:522][278]LogWorld: Game class is 'Kodaina_C'
[2015.01.22-01.36.44:524][278]LogAIModule: Creating AISystem for world TestLevel
[2015.01.22-01.36.44:525][278]LogWorld: Bringing World /Game/Maps/UEDPIE_0_TestLevel.TestLevel up for play (max tick rate 60) at 2015.01.21-20.36.44
[2015.01.22-01.36.44:526][278]LogWorld: Bringing up level for play took: 0.001751
[2015.01.22-01.36.44:528][278]PIE: Info Play in editor start time for /Game/Maps/UEDPIE_0_TestLevel 0.544
[2015.01.22-01.36.46:080][366]LogPropertyNode:Warning: UI Min (0.001) >= UI Max () for Ranged Numeric
[2015.01.22-01.36.46:144][366]LogParticles: Destroying 0 GPU particle simulations for FXSystem 0x0000003BB8ED6DE0
[2015.01.22-01.36.49:349][548]Cmd: OBJ SAVEPACKAGE PACKAGE="/Game/Blueprints/MyHud" FILE="../../../../../../Users/Zim/Documents/Unreal Projects/KodainaKingdom/Content/Blueprints/MyHud.uasset" SILENT=true
[2015.01.22-01.36.49:479][548]LogSavePackage: Save=32.461246ms
[2015.01.22-01.36.49:479][548]LogSavePackage: Moving '../../../../../../Users/Zim/Documents/Unreal Projects/KodainaKingdom/Saved/MyHud09B235EF4F119D61588F9D9D30921812.tmp' to '../../../../../../Users/Zim/Documents/Unreal Projects/KodainaKingdom/Content/Blueprints/MyHud.uasset'
[2015.01.22-01.36.56:025][834]LogPropertyNode:Warning: UI Min (0.001) >= UI Max () for Ranged Numeric
[2015.01.22-01.36.56:026][834]LogPropertyNode:Warning: UI Min (0.001) >= UI Max () for Ranged Numeric
[2015.01.22-01.36.56:089][834]LogPropertyNode:Warning: UI Min (0.001) >= UI Max () for Ranged Numeric
[2015.01.22-01.36.56:090][834]LogPropertyNode:Warning: UI Min (0.001) >= UI Max () for Ranged Numeric
[2015.01.22-01.37.17:655][834]LogPropertyNode:Warning: UI Min (0.001) >= UI Max () for Ranged Numeric
[2015.01.22-01.37.17:656][834]LogPropertyNode:Warning: UI Min (0.001) >= UI Max () for Ranged Numeric
[2015.01.22-01.37.17:682][834]LogActorComponent: UnregisterComponent: (/Engine/Transient.CharacterMovementComponent_1) Not registered. Aborting.
[2015.01.22-01.37.19:412][914]BlueprintLog: New page: Compile MyCharacter
[2015.01.22-01.37.19:591][914]LogPropertyNode:Warning: UI Min (0.001) >= UI Max () for Ranged Numeric
[2015.01.22-01.37.19:592][914]LogPropertyNode:Warning: UI Min (0.001) >= UI Max () for Ranged Numeric
[2015.01.22-01.37.19:659][914]LogActorComponent: UnregisterComponent: (/Engine/Transient.CharacterMovementComponent_2) Not registered. Aborting.
[2015.01.22-01.37.19:713][914]LogPropertyNode:Warning: UI Min (0.001) >= UI Max () for Ranged Numeric
[2015.01.22-01.37.19:714][914]LogPropertyNode:Warning: UI Min (0.001) >= UI Max () for Ranged Numeric
[2015.01.22-01.37.19:778][914]BlueprintEditorCompileResults: Info [0393.89] Compile of MyCharacter successful! [in 273 ms]
[2015.01.22-01.37.45:253][160]LogPropertyNode:Warning: UI Min (0.001) >= UI Max () for Ranged Numeric
[2015.01.22-01.37.45:254][160]LogPropertyNode:Warning: UI Min (0.001) >= UI Max () for Ranged Numeric
[2015.01.22-01.37.45:279][160]LogActorComponent: UnregisterComponent: (/Engine/Transient.CharacterMovementComponent_3) Not registered. Aborting.
[2015.01.22-01.37.45:343][160]LogPropertyNode:Warning: UI Min (0.001) >= UI Max () for Ranged Numeric
[2015.01.22-01.37.45:345][160]LogPropertyNode:Warning: UI Min (0.001) >= UI Max () for Ranged Numeric
[2015.01.22-01.37.46:789][225]BlueprintLog: New page: Compile MyCharacter
[2015.01.22-01.37.46:969][225]LogPropertyNode:Warning: UI Min (0.001) >= UI Max () for Ranged Numeric
[2015.01.22-01.37.46:971][225]LogPropertyNode:Warning: UI Min (0.001) >= UI Max () for Ranged Numeric
[2015.01.22-01.37.47:042][225]LogActorComponent: UnregisterComponent: (/Engine/Transient.CharacterMovementComponent_4) Not registered. Aborting.
[2015.01.22-01.37.47:093][225]LogPropertyNode:Warning: UI Min (0.001) >= UI Max () for Ranged Numeric
[2015.01.22-01.37.47:094][225]LogPropertyNode:Warning: UI Min (0.001) >= UI Max () for Ranged Numeric
[2015.01.22-01.37.47:158][225]BlueprintEditorCompileResults: Info [0421.27] Compile of MyCharacter successful! [in 272 ms]
[2015.01.22-01.37.48:290][276]LogActorComponent: UnregisterComponent: (/Engine/Transient.CharacterMovementComponent_5) Not registered. Aborting.
[2015.01.22-01.37.48:393][276]Cmd: OBJ SAVEPACKAGE PACKAGE="/Game/Blueprints/MyCharacter" FILE="../../../../../../Users/Zim/Documents/Unreal Projects/KodainaKingdom/Content/Blueprints/MyCharacter.uasset" SILENT=true
[2015.01.22-01.37.49:155][276]LogSavePackage: Save=664.821167ms
[2015.01.22-01.37.49:155][276]LogSavePackage: Moving '../../../../../../Users/Zim/Documents/Unreal Projects/KodainaKingdom/Saved/MyCharacter01AE765349A06F351C109A8CFB45ECEB.tmp' to '../../../../../../Users/Zim/Documents/Unreal Projects/KodainaKingdom/Content/Blueprints/MyCharacter.uasset'
[2015.01.22-01.37.53:248][497]LogActorComponent: UnregisterComponent: (/Engine/Transient.CharacterMovementComponent_6) Not registered. Aborting.
[2015.01.22-01.37.53:550][497]LogParticles: Destroying 0 GPU particle simulations for FXSystem 0x0000003BB8B371A0
[2015.01.22-01.37.54:172][498]Cmd: QUIT_EDITOR
[2015.01.22-01.37.54:682][498]LogExit: Preparing to exit.
[2015.01.22-01.37.55:715][498]LogExit: Editor shut down
[2015.01.22-01.37.55:716][498]LogExit: Transaction tracking system shut down
[2015.01.22-01.37.55:716][498]LogParticles: Destroying 0 GPU particle simulations for FXSystem 0x0000003BA1962200
[2015.01.22-01.37.55:717][498]LogParticles: Destroying 0 GPU particle simulations for FXSystem 0x0000003BA37811C0
[2015.01.22-01.37.55:717][498]LogParticles: Destroying 0 GPU particle simulations for FXSystem 0x0000003BB2774FE0
[2015.01.22-01.37.55:717][498]LogParticles: Destroying 0 GPU particle simulations for FXSystem 0x0000003BA97BC5E0
[2015.01.22-01.37.55:775][498]LogExit: Object subsystem successfully closed.
[2015.01.22-01.37.55:833][498]LogModuleManager: Shutting down and abandoning module Merge (174)
[2015.01.22-01.37.55:833][498]LogModuleManager: Shutting down and abandoning module SequencerWidgets (173)
[2015.01.22-01.37.55:833][498]LogModuleManager: Shutting down and abandoning module AndroidDeviceDetection (172)
[2015.01.22-01.37.55:833][498]LogModuleManager: Shutting down and abandoning module CrashTracker (171)
[2015.01.22-01.37.55:833][498]LogModuleManager: Shutting down and abandoning module SuperSearch (170)
[2015.01.22-01.37.55:833][498]LogModuleManager: Shutting down and abandoning module SceneOutliner (169)
[2015.01.22-01.37.55:833][498]LogModuleManager: Shutting down and abandoning module EditorWidgets (168)
[2015.01.22-01.37.55:833][498]LogModuleManager: Shutting down and abandoning module CollectionManager (167)
[2015.01.22-01.37.55:833][498]LogModuleManager: Shutting down and abandoning module StatsViewer (166)
[2015.01.22-01.37.55:833][498]LogModuleManager: Shutting down and abandoning module FoliageEdit (165)
[2015.01.22-01.37.55:833][498]LogModuleManager: Shutting down and abandoning module LandscapeEditor (164)
[2015.01.22-01.37.55:833][498]LogModuleManager: Shutting down and abandoning module MeshPaint (163)
[2015.01.22-01.37.55:833][498]LogModuleManager: Shutting down and abandoning module ActorPickerMode (162)
[2015.01.22-01.37.55:833][498]LogModuleManager: Shutting down and abandoning module GeometryMode (161)
[2015.01.22-01.37.55:833][498]LogModuleManager: Shutting down and abandoning module TextureAlignMode (160)
[2015.01.22-01.37.55:833][498]LogModuleManager: Shutting down and abandoning module BspMode (159)
[2015.01.22-01.37.55:833][498]LogModuleManager: Shutting down and abandoning module PlacementMode (158)
[2015.01.22-01.37.55:833][498]LogModuleManager: Shutting down and abandoning module AutomationWorker (157)
[2015.01.22-01.37.55:833][498]LogModuleManager: Shutting down and abandoning module CharacterAI (156)
[2015.01.22-01.37.55:833][498]LogModuleManager: Shutting down and abandoning module GameProjectGeneration (155)
[2015.01.22-01.37.55:833][498]LogModuleManager: Shutting down and abandoning module IntroTutorials (154)
[2015.01.22-01.37.55:833][498]LogModuleManager: Shutting down and abandoning module EditorLiveStreaming (153)
[2015.01.22-01.37.55:833][498]LogModuleManager: Shutting down and abandoning module HardwareTargeting (152)
[2015.01.22-01.37.55:833][498]LogModuleManager: Shutting down and abandoning module DeviceProfileEditor (151)
[2015.01.22-01.37.55:833][498]LogModuleManager: Shutting down and abandoning module UndoHistory (150)
[2015.01.22-01.37.55:833][498]LogModuleManager: Shutting down and abandoning module GameplayTagsEditor (149)
[2015.01.22-01.37.55:833][498]LogModuleManager: Shutting down and abandoning module UserFeedback (148)
[2015.01.22-01.37.55:833][498]LogModuleManager: Shutting down and abandoning module XmlParser (147)
[2015.01.22-01.37.55:833][498]LogModuleManager: Shutting down and abandoning module Blutility (146)
[2015.01.22-01.37.55:833][498]LogModuleManager: Shutting down and abandoning module IOSPlatformEditor (145)
[2015.01.22-01.37.55:834][498]LogModuleManager: Shutting down and abandoning module IOSRuntimeSettings (144)
[2015.01.22-01.37.55:834][498]LogModuleManager: Shutting down and abandoning module AndroidPlatformEditor (143)
[2015.01.22-01.37.55:834][498]LogModuleManager: Shutting down and abandoning module AndroidRuntimeSettings (142)
[2015.01.22-01.37.55:834][498]LogModuleManager: Shutting down and abandoning module ProjectTargetPlatformEditor (141)
[2015.01.22-01.37.55:834][498]LogModuleManager: Shutting down and abandoning module ProjectSettingsViewer (140)
[2015.01.22-01.37.55:834][498]LogModuleManager: Shutting down and abandoning module InputBindingEditor (139)
[2015.01.22-01.37.55:834][498]LogModuleManager: Shutting down and abandoning module EditorSettingsViewer (138)
[2015.01.22-01.37.55:834][498]LogModuleManager: Shutting down and abandoning module SettingsEditor (137)
[2015.01.22-01.37.55:834][498]LogModuleManager: Shutting down and abandoning module ProjectLauncher (136)
[2015.01.22-01.37.55:834][498]LogModuleManager: Shutting down and abandoning module SessionFrontend (135)
[2015.01.22-01.37.55:834][498]LogModuleManager: Shutting down and abandoning module ProfilerClient (134)
[2015.01.22-01.37.55:834][498]LogModuleManager: Shutting down and abandoning module TargetDeviceServices (133)
[2015.01.22-01.37.55:834][498]LogModuleManager: Shutting down and abandoning module DeviceManager (132)
[2015.01.22-01.37.55:834][498]LogModuleManager: Shutting down and abandoning module AutomationController (131)
[2015.01.22-01.37.55:834][498]LogModuleManager: Shutting down and abandoning module AutomationWindow (130)
[2015.01.22-01.37.55:834][498]LogModuleManager: Shutting down and abandoning module Layers (129)
[2015.01.22-01.37.55:834][498]LogModuleManager: Shutting down and abandoning module ComponentVisualizers (128)
[2015.01.22-01.37.55:834][498]LogModuleManager: Shutting down and abandoning module DetailCustomizations (127)
[2015.01.22-01.37.55:834][498]LogModuleManager: Shutting down and abandoning module PackagesDialog (126)
[2015.01.22-01.37.55:835][498]LogModuleManager: Shutting down and abandoning module AssetRegistry (125)
[2015.01.22-01.37.55:939][498]LogModuleManager: Shutting down and abandoning module Persona (124)
[2015.01.22-01.37.55:939][498]LogModuleManager: Shutting down and abandoning module Kismet (123)
[2015.01.22-01.37.55:939][498]LogModuleManager: Shutting down and abandoning module GraphEditor (122)
[2015.01.22-01.37.55:939][498]LogModuleManager: Shutting down and abandoning module ClassViewer (121)
[2015.01.22-01.37.55:939][498]LogModuleManager: Shutting down and abandoning module Toolbox (120)
[2015.01.22-01.37.55:939][498]LogModuleManager: Shutting down and abandoning module ModuleUI (119)
[2015.01.22-01.37.55:939][498]LogModuleManager: Shutting down and abandoning module MovieSceneTools (118)
[2015.01.22-01.37.55:939][498]LogModuleManager: Shutting down and abandoning module OutputLog (117)
[2015.01.22-01.37.55:939][498]LogModuleManager: Shutting down and abandoning module GammaUI (116)
[2015.01.22-01.37.55:939][498]LogModuleManager: Shutting down and abandoning module Documentation (115)
[2015.01.22-01.37.55:939][498]LogModuleManager: Shutting down and abandoning module GameLiveStreaming (114)
[2015.01.22-01.37.55:939][498]LogModuleManager: Shutting down and abandoning module StreamingPauseRendering (113)
[2015.01.22-01.37.55:939][498]LogModuleManager: Shutting down and abandoning module HTTP (112)
[2015.01.22-01.37.55:939][498]LogModuleManager: Shutting down and abandoning module AnalyticsET (111)
[2015.01.22-01.37.55:939][498]LogModuleManager: Shutting down and abandoning module Analytics (110)
[2015.01.22-01.37.55:939][498]LogModuleManager: Shutting down and abandoning module AITestSuite (109)
[2015.01.22-01.37.55:939][498]LogModuleManager: Shutting down and abandoning module AIModule (108)
[2015.01.22-01.37.55:939][498]LogModuleManager: Shutting down and abandoning module ProfilerService (107)
[2015.01.22-01.37.56:119][498]LogModuleManager: Shutting down and abandoning module TaskGraph (106)
[2015.01.22-01.37.56:119][498]LogModuleManager: Shutting down and abandoning module GameplayDebugger (105)
[2015.01.22-01.37.56:119][498]LogModuleManager: Shutting down and abandoning module SlateRemote (104)
[2015.01.22-01.37.56:119][498]LogModuleManager: Shutting down and abandoning module ScriptEditorPlugin (103)
[2015.01.22-01.37.56:119][498]LogModuleManager: Shutting down and abandoning module CustomMeshComponent (102)
[2015.01.22-01.37.56:119][498]LogModuleManager: Shutting down and abandoning module CableComponent (101)
[2015.01.22-01.37.56:119][498]LogModuleManager: Shutting down and abandoning module MessagingDebugger (100)
[2015.01.22-01.37.56:119][498]LogModuleManager: Shutting down and abandoning module MediaPlayerEditor (99)
[2015.01.22-01.37.56:119][498]LogModuleManager: Shutting down and abandoning module SpeedTreeImporter (98)
[2015.01.22-01.37.56:119][498]LogModuleManager: Shutting down and abandoning module PluginsEditor (97)
[2015.01.22-01.37.56:119][498]LogModuleManager: Shutting down and abandoning module EpicSurvey (96)
[2015.01.22-01.37.56:119][498]LogModuleManager: Shutting down and abandoning module DesktopPlatform (95)
[2015.01.22-01.37.56:119][498]LogModuleManager: Shutting down and abandoning module VisualStudioSourceCodeAccess (94)
[2015.01.22-01.37.56:119][498]LogModuleManager: Shutting down and abandoning module UObjectPlugin (93)
[2015.01.22-01.37.56:119][498]LogModuleManager: Shutting down and abandoning module SubversionSourceControl (92)
[2015.01.22-01.37.56:119][498]LogModuleManager: Shutting down and abandoning module SourceControl (91)
[2015.01.22-01.37.56:119][498]LogModuleManager: Shutting down and abandoning module PerforceSourceControl (90)
[2015.01.22-01.37.56:119][498]LogModuleManager: Shutting down and abandoning module BlankPlugin (89)
[2015.01.22-01.37.56:119][498]LogModuleManager: Shutting down and abandoning module SlateReflector (88)
[2015.01.22-01.37.56:119][498]LogModuleManager: Shutting down and abandoning module DirectoryWatcher (87)
[2015.01.22-01.37.56:120][498]LogModuleManager: Shutting down and abandoning module HotReload (86)
[2015.01.22-01.37.56:120][498]LogModuleManager: Shutting down and abandoning module MainFrame (85)
[2015.01.22-01.37.56:120][498]LogModuleManager: Shutting down and abandoning module LevelEditor (84)
[2015.01.22-01.37.56:121][498]LogModuleManager: Shutting down and abandoning module ViewportSnapping (83)
[2015.01.22-01.37.56:121][498]LogModuleManager: Shutting down and abandoning module SmartSnapping (82)
[2015.01.22-01.37.56:121][498]LogModuleManager: Shutting down and abandoning module PaperTiledImporter (81)
[2015.01.22-01.37.56:121][498]LogModuleManager: Shutting down and abandoning module PaperJsonImporter (80)
[2015.01.22-01.37.56:121][498]LogModuleManager: Shutting down and abandoning module ContentBrowser (79)
[2015.01.22-01.37.56:121][498]LogModuleManager: Shutting down and abandoning module Paper2DEditor (78)
[2015.01.22-01.37.56:121][498]LogModuleManager: Shutting down and abandoning module ScriptPlugin (77)
[2015.01.22-01.37.56:121][498]LogModuleManager: Shutting down and abandoning module UdpMessaging (76)
[2015.01.22-01.37.56:223][498]LogModuleManager: Shutting down and abandoning module Paper2D (75)
[2015.01.22-01.37.56:223][498]LogModuleManager: Shutting down and abandoning module UE4Game (74)
[2015.01.22-01.37.56:223][498]LogModuleManager: Shutting down and abandoning module WindowsMoviePlayer (73)
[2015.01.22-01.37.56:225][498]LogModuleManager: Shutting down and abandoning module Media (72)
[2015.01.22-01.37.56:225][498]LogModuleManager: Shutting down and abandoning module WmfMedia (71)
[2015.01.22-01.37.56:226][498]LogModuleManager: Shutting down and abandoning module OnlineBlueprintSupport (70)
[2015.01.22-01.37.56:226][498]LogModuleManager: Shutting down and abandoning module PropertyEditor (69)
[2015.01.22-01.37.56:226][498]LogModuleManager: Shutting down and abandoning module BehaviorTreeEditor (68)
[2015.01.22-01.37.56:226][498]LogModuleManager: Shutting down and abandoning module FunctionalTesting (67)
[2015.01.22-01.37.56:226][498]LogModuleManager: Shutting down and abandoning module CollisionAnalyzer (66)
[2015.01.22-01.37.56:226][498]LogModuleManager: Shutting down and abandoning module WorkspaceMenuStructure (65)
[2015.01.22-01.37.56:226][498]LogModuleManager: Shutting down and abandoning module MessageLog (64)
[2015.01.22-01.37.56:226][498]LogModuleManager: Shutting down and abandoning module Sequencer (63)
[2015.01.22-01.37.56:226][498]LogModuleManager: Shutting down and abandoning module AssetTools (62)
[2015.01.22-01.37.56:226][498]LogModuleManager: Shutting down and abandoning module UMGEditor (61)
[2015.01.22-01.37.56:226][498]LogModuleManager: Shutting down and abandoning module UMG (60)
[2015.01.22-01.37.56:226][498]LogModuleManager: Shutting down and abandoning module Slate (59)
[2015.01.22-01.37.56:226][498]LogModuleManager: Shutting down and abandoning module EditorStyle (58)
[2015.01.22-01.37.56:231][498]LogModuleManager: Shutting down and abandoning module SessionServices (57)
[2015.01.22-01.37.56:231][498]LogModuleManager: Shutting down and abandoning module SourceCodeAccess (56)
[2015.01.22-01.37.56:231][498]LogModuleManager: Shutting down and abandoning module HeadMountedDisplay (55)
[2015.01.22-01.37.56:231][498]LogModuleManager: Shutting down and abandoning module XAudio2 (54)
[2015.01.22-01.37.56:231][498]LogModuleManager: Shutting down and abandoning module Networking (52)
[2015.01.22-01.37.56:231][498]LogModuleManager: Shutting down and abandoning module Core (51)
[2015.01.22-01.37.56:231][498]LogModuleManager: Shutting down and abandoning module KismetCompiler (50)
[2015.01.22-01.37.56:231][498]LogModuleManager: Shutting down and abandoning module PhysXFormats (49)
[2015.01.22-01.37.56:231][498]LogModuleManager: Shutting down and abandoning module MeshUtilities (48)
[2015.01.22-01.37.56:231][498]LogModuleManager: Shutting down and abandoning module DerivedDataCache (47)
[2015.01.22-01.37.56:298][498]LogDerivedDataCache: Shutdown
[2015.01.22-01.37.56:298][498]LogModuleManager: Shutting down and abandoning module ShaderFormatOpenGL (46)
[2015.01.22-01.37.56:298][498]LogModuleManager: Shutting down and abandoning module ShaderFormatD3D (45)
[2015.01.22-01.37.56:298][498]LogModuleManager: Shutting down and abandoning module MetalShaderFormat (44)
[2015.01.22-01.37.56:298][498]LogModuleManager: Shutting down and abandoning module TextureFormatUncompressed (43)
[2015.01.22-01.37.56:298][498]LogModuleManager: Shutting down and abandoning module TextureFormatPVR (42)
[2015.01.22-01.37.56:298][498]LogModuleManager: Shutting down and abandoning module TextureFormatDXT (41)
[2015.01.22-01.37.56:298][498]LogModuleManager: Shutting down and abandoning module TextureFormatAndroid (40)
[2015.01.22-01.37.56:298][498]LogModuleManager: Shutting down and abandoning module AudioFormatOpus (39)
[2015.01.22-01.37.56:298][498]LogModuleManager: Shutting down and abandoning module AudioFormatOgg (38)
[2015.01.22-01.37.56:298][498]LogModuleManager: Shutting down and abandoning module AudioFormatADPCM (37)
[2015.01.22-01.37.56:298][498]LogModuleManager: Shutting down and abandoning module LinuxTargetPlatform (36)
[2015.01.22-01.37.56:298][498]LogModuleManager: Shutting down and abandoning module LinuxServerTargetPlatform (35)
[2015.01.22-01.37.56:298][498]LogModuleManager: Shutting down and abandoning module LinuxNoEditorTargetPlatform (34)
[2015.01.22-01.37.56:298][498]LogModuleManager: Shutting down and abandoning module Messaging (33)
[2015.01.22-01.37.56:298][498]LogModuleManager: Shutting down and abandoning module IOSTargetPlatform (32)
[2015.01.22-01.37.56:298][498]LogModuleManager: Shutting down and abandoning module Android_PVRTCTargetPlatform (31)
[2015.01.22-01.37.56:298][498]LogModuleManager: Shutting down and abandoning module Android_ETC2TargetPlatform (30)
[2015.01.22-01.37.56:298][498]LogModuleManager: Shutting down and abandoning module Android_ETC1TargetPlatform (29)
[2015.01.22-01.37.56:298][498]LogModuleManager: Shutting down and abandoning module Android_DXTTargetPlatform (28)
[2015.01.22-01.37.56:298][498]LogModuleManager: Shutting down and abandoning module Android_ATCTargetPlatform (27)
[2015.01.22-01.37.56:298][498]LogModuleManager: Shutting down and abandoning module AndroidTargetPlatform (26)
[2015.01.22-01.37.56:298][498]LogModuleManager: Shutting down and abandoning module WindowsTargetPlatform (25)
[2015.01.22-01.37.56:298][498]LogModuleManager: Shutting down and abandoning module WindowsServerTargetPlatform (24)
[2015.01.22-01.37.56:298][498]LogModuleManager: Shutting down and abandoning module WindowsNoEditorTargetPlatform (23)
[2015.01.22-01.37.56:298][498]LogModuleManager: Shutting down and abandoning module WindowsClientTargetPlatform (22)
[2015.01.22-01.37.56:298][498]LogModuleManager: Shutting down and abandoning module TargetPlatform (21)
[2015.01.22-01.37.56:298][498]LogModuleManager: Shutting down and abandoning module InputCore (20)
[2015.01.22-01.37.56:298][498]LogModuleManager: Shutting down and abandoning module Settings (19)
[2015.01.22-01.37.56:298][498]LogModuleManager: Shutting down and abandoning module ImageWrapper (18)
[2015.01.22-01.37.56:298][498]LogModuleManager: Shutting down and abandoning module OculusRift (15)
[2015.01.22-01.37.56:298][498]LogModuleManager: Shutting down and abandoning module ExampleDeviceProfileSelector (14)
[2015.01.22-01.37.56:298][498]LogModuleManager: Shutting down and abandoning module TextureCompressor (13)
[2015.01.22-01.37.56:298][498]LogModuleManager: Shutting down and abandoning module ShaderCore (12)
[2015.01.22-01.37.56:298][498]LogModuleManager: Shutting down and abandoning module Landscape (11)
[2015.01.22-01.37.56:298][498]LogModuleManager: Shutting down and abandoning module SlateRHIRenderer (10)
[2015.01.22-01.37.56:300][498]LogModuleManager: Shutting down and abandoning module OpenGLDrv (9)
[2015.01.22-01.37.56:300][498]LogModuleManager: Shutting down and abandoning module D3D11RHI (8)
[2015.01.22-01.37.56:300][498]LogModuleManager: Shutting down and abandoning module Renderer (7)
[2015.01.22-01.37.56:300][498]LogModuleManager: Shutting down and abandoning module Engine (6)
[2015.01.22-01.37.56:300][498]LogModuleManager: Shutting down and abandoning module CoreUObject (5)
[2015.01.22-01.37.56:300][498]LogModuleManager: Shutting down and abandoning module NetworkFile (4)
[2015.01.22-01.37.56:300][498]LogModuleManager: Shutting down and abandoning module StreamingFile (3)
[2015.01.22-01.37.56:300][498]LogModuleManager: Shutting down and abandoning module SandboxFile (2)
[2015.01.22-01.37.56:300][498]LogModuleManager: Shutting down and abandoning module PakFile (1)
[2015.01.22-01.37.56:301][498]LogExit: Exiting.
[2015.01.22-01.37.56:306][498]Log file closed, 01/21/15 20:37:56
