Log file open, 02/04/15 21:52:27
LogInit:Display: Running engine for game: KodainaKingdom
LogInit: Version: 4.6.1-2386410+++depot+UE4-Releases+4.6
LogInit: API Version: 2369412
LogInit: Compiled (64-bit): Dec 11 2014 21:31:39
LogInit: Compiled with Visual C++: 18.00.21005.01
LogInit: Build Configuration: Development
LogInit: Branch Name: ++depot+UE4-Releases+4.6
LogInit: Command line:  
LogInit: Base directory: C:/Program Files/UE45/Epic Games/4.6/Engine/Binaries/Win64/
LogInit: Rocket: 1
[2015.02.05-02.52.27:178][  0]LogTaskGraph: Started task graph with 3 named threads and 6 total threads.
[2015.02.05-02.52.27:237][  0]LogOnline:Warning: No default platform service specified for OnlineSubsystem
[2015.02.05-02.52.27:268][  0]LogInit: Presizing for 0 objects not considered by GC, pre-allocating 0 bytes.
[2015.02.05-02.52.27:275][  0]LogInit: Object subsystem initialized
[2015.02.05-02.52.27:277][  0]LogInit: Selected Device Profile: [Windows]
[2015.02.05-02.52.27:277][  0]LogInit: Applying CVar settings loaded from the selected device profile: [Windows]
[2015.02.05-02.52.27:284][  0]LogInit: Computer: ASUS
[2015.02.05-02.52.27:284][  0]LogInit: User: Owner
[2015.02.05-02.52.27:284][  0]LogInit: CPU Page size=4096, Cores=4
[2015.02.05-02.52.27:284][  0]LogInit: High frequency timer resolution =2.338346 MHz
[2015.02.05-02.52.27:285][  0]LogMemory: Memory total: Physical=15.9GB (16GB approx) Virtual=131072.0GB
[2015.02.05-02.52.27:285][  0]LogMemory: Platform Memory Stats for Windows
[2015.02.05-02.52.27:285][  0]LogMemory: Process Physical Memory: 48.89 MB used, 48.89 MB peak
[2015.02.05-02.52.27:285][  0]LogMemory: Process Virtual Memory: 25.03 MB used, 25.04 MB peak
[2015.02.05-02.52.27:285][  0]LogMemory: Physical Memory: 3276.14 MB used, 16267.18 MB total
[2015.02.05-02.52.27:285][  0]LogMemory: Virtual Memory: 274.81 MB used, 134217728.00 MB total
[2015.02.05-02.52.27:319][  0]LogD3D11RHI: Found D3D11 adapter 0: Intel(R) HD Graphics 4600 (Feature Level 11_0)
[2015.02.05-02.52.27:319][  0]LogD3D11RHI: Adapter has 32MB of dedicated video memory, 0MB of dedicated system memory, and 1760MB of shared system memory, 1 output[s]
[2015.02.05-02.52.27:330][  0]LogD3D11RHI: Found D3D11 adapter 1: NVIDIA GeForce GT 750M (Feature Level 11_0)
[2015.02.05-02.52.27:330][  0]LogD3D11RHI: Adapter has 1988MB of dedicated video memory, 0MB of dedicated system memory, and 2048MB of shared system memory, 0 output[s]
[2015.02.05-02.52.27:331][  0]LogD3D11RHI: Found D3D11 adapter 2: Microsoft Basic Render Driver (Feature Level 11_0)
[2015.02.05-02.52.27:331][  0]LogD3D11RHI: Adapter has 0MB of dedicated video memory, 0MB of dedicated system memory, and 256MB of shared system memory, 0 output[s]
[2015.02.05-02.52.27:331][  0]LogD3D11RHI: Chosen D3D11 Adapter Id = 0
[2015.02.05-02.52.27:336][  0]LogRHI: Texture pool is 1361 MB (70% of 1945 MB)
[2015.02.05-02.52.27:348][  0]LogD3D11RHI: Async texture creation enabled
[2015.02.05-02.52.27:422][  0]LogTextLocalizationManager: The requested culture ('en_US') has no localization data; parent culture's ('en') localization data will be used.
[2015.02.05-02.52.27:545][  0]LogContentStreaming: Texture pool size is 0.000000MB
[2015.02.05-02.52.32:665][  0]LogTargetPlatformManager:Display: Building Assets For Windows
[2015.02.05-02.52.33:191][  0]LogTargetPlatformManager:Display: Building Assets For Windows
[2015.02.05-02.52.33:267][  0]LogDerivedDataCache:Display: Max Cache Size: 512 MB
[2015.02.05-02.52.33:303][  0]LogDerivedDataCache: Loaded boot cache 0.04s 39MB C:/Users/Owner/AppData/Local/UnrealEngine/4.6/DerivedDataCache/Boot.ddc.
[2015.02.05-02.52.33:303][  0]LogDerivedDataCache:Display: Loaded Boot cache: C:/Users/Owner/AppData/Local/UnrealEngine/4.6/DerivedDataCache/Boot.ddc
[2015.02.05-02.52.33:303][  0]LogDerivedDataCache: FDerivedDataBackendGraph:  Pak pak cache file ../../../../../../../Users/Owner/Documents/Unreal Projects/Kodaina/DerivedDataCache/DDC.ddp not found, will not use a pak cache.
[2015.02.05-02.52.33:303][  0]LogDerivedDataCache: Unable to find inner node Pak for hierarchical cache Hierarchy.
[2015.02.05-02.52.33:361][  0]LogDerivedDataCache:Display: Pak cache opened for reading ../../../Engine/DerivedDataCache/DDC.ddp.
[2015.02.05-02.52.33:374][  0]LogDerivedDataCache: Using Local data cache path C:/Users/Owner/AppData/Local/UnrealEngine/Common/DerivedDataCache: Writable
[2015.02.05-02.52.33:523][  0]LogCollisionProfile:Warning: Profile (UI) - Custom Channel Name = 'Weapon' hasn't been found
[2015.02.05-02.52.33:669][  0]LogMeshUtilities: No automatic mesh reduction module available
[2015.02.05-02.52.33:669][  0]LogMeshUtilities: No automatic mesh merging module available
[2015.02.05-02.52.34:127][  0]LogInit: WinSock: version 1.1 (2.2), MaxSocks=32767, MaxUdp=65467
[2015.02.05-02.52.34:226][  0]LogSlate:Warning: Failed to load font data from '../../../Engine/Content/Slate/Fonts/Roboto-Italic.ttf'
[2015.02.05-02.52.35:278][  0]UdpMessaging: Initializing bridge on interface 0.0.0.0:0 to multicast group 230.0.0.1:6666.
[2015.02.05-02.52.35:547][  0]LogDirectoryWatcher:Warning: Failed to begin reading directory changes for C:/Users/Owner/Documents/Unreal Projects/Kodaina/Binaries/Win64. Error: 0
[2015.02.05-02.52.35:733][  0]SourceControl: Info Source control is disabled
[2015.02.05-02.52.35:733][  0]SourceControl: Info Source control is disabled
[2015.02.05-02.52.35:746][  0]SourceControl: Info Source control is disabled
[2015.02.05-02.52.35:948][  0]LogObj: 24370 objects as part of root set at end of initial load.
[2015.02.05-02.52.35:948][  0]LogUObjectAllocator: 5269600 out of 0 bytes used by permanent object pool.
[2015.02.05-02.52.36:014][  0]LogEngine: Initializing Engine...
[2015.02.05-02.52.36:155][  0]LogInit: XAudio2 using 'Speakers (M-Audio Micro)' : 2 channels at 44.1 kHz using 16 bits per sample (channel mask 0x3)
[2015.02.05-02.52.36:163][  0]LogInit: FAudioDevice initialized.
[2015.02.05-02.52.36:197][  0]LogAIModule: Creating AISystem for world NewWorld
[2015.02.05-02.52.36:216][  0]LogDerivedDataCache: Saved boot cache 0.02s 39MB C:/Users/Owner/AppData/Local/UnrealEngine/4.6/DerivedDataCache/Boot.ddc.
[2015.02.05-02.52.36:219][  0]LogInit: Texture streaming: Enabled
[2015.02.05-02.52.36:267][  0]LogAnalytics: Creating configured Analytics provider AnalyticsET
[2015.02.05-02.52.36:267][  0]LogAnalytics: ET APIKey = Rocket.Release. APIServer = http://et2.epicgames.com/ET2/. AppVersion = 4.6.1-2386410+++depot+UE4-Releases+4.6
[2015.02.05-02.52.36:268][  0]LogAnalytics: SetUserId d53fbd01599cddc5eda2e5a33cd9f114
[2015.02.05-02.52.36:268][  0]LogAnalytics: AnalyticsET::StartSession [Rocket.Release]
[2015.02.05-02.52.36:294][  0]LogInit: Transaction tracking system initialized
[2015.02.05-02.52.36:451][  0]BlueprintLog: New page: Editor Load
[2015.02.05-02.52.36:494][  0]LogAssetRegistry: FAssetRegistry took 0.0108 seconds to start up
[2015.02.05-02.52.36:494][  0]LogDirectoryWatcher:Warning: Failed to begin reading directory changes for ../../../Engine/Plugins/Experimental/CharacterAI/Content/. Error: 0
[2015.02.05-02.52.37:093][  0]LogTargetPlatformManager:Display: Building Assets For Windows
[2015.02.05-02.52.37:474][  0]LogTargetPlatformManager:Display: Building Assets For Windows
[2015.02.05-02.52.37:761][  0]LogConsoleResponse:Display: 
[2015.02.05-02.52.37:814][  0]LogLinker:Warning: Asset '../../../Engine/Content/Functions/Engine_MaterialFunctions03/Procedurals/ComputeFilterWidth.uasset' has been saved with empty engine version. The asset will be loaded but may be incompatible.
[2015.02.05-02.52.38:085][  0]SourceControl: Info Source control is disabled
[2015.02.05-02.52.38:085][  0]Cmd: MAP LOAD FILE="../../../../../../../Users/Owner/Documents/Unreal Projects/Kodaina/Content/Maps/TestLevel.umap" TEMPLATE=0 SHOWPROGRESS=1
[2015.02.05-02.52.38:086][  0]LightingResults: New page: Lighting Build
[2015.02.05-02.52.38:104][  0]MapCheck: New page: Map Check
[2015.02.05-02.52.38:104][  0]LightingResults: New page: Lighting Build
[2015.02.05-02.52.38:114][  0]LogParticles: Destroying 0 GPU particle simulations for FXSystem 0x0000001050986AC0
[2015.02.05-02.52.38:205][  0]LogEditorServer: Finished looking for orphan Actors (0.000 secs)
[2015.02.05-02.52.38:205][  0]LogAIModule: Creating AISystem for world TestLevel
[2015.02.05-02.52.38:205][  0]Cmd: MAP CHECKDEP
[2015.02.05-02.52.38:206][  0]MapCheck: New page: TestLevel - Feb 4, 2015, 4:52:38 PM
[2015.02.05-02.52.38:372][  0]MapCheck: Info Map check complete: 0 Error(s), 0 Warning(s), took 166.526ms to complete.
[2015.02.05-02.52.38:372][  0]LogFileHelpers: Loading map 'TestLevel' took 0.287
[2015.02.05-02.52.38:454][  0]LogCollectionManager: Loaded 0 collections in 0.001318 seconds
[2015.02.05-02.52.38:721][  0]LogCrashTracker: Crashtracker disabled due to settings.
[2015.02.05-02.52.38:777][  0]LogUObjectGlobals:Warning: Failed to find object 'Class None.'
[2015.02.05-02.52.38:813][  0]LogLoad: Full Startup: 13.83 seconds (BP compile: 0.02 seconds)
[2015.02.05-02.52.39:155][  0]LogContentBrowser:Verbose: The content browser source was changed by the sources view to '/Game/Blueprints'
[2015.02.05-02.52.39:320][  0]LogRenderer:Warning: Reallocating scene render targets to support 1168x880.
[2015.02.05-02.52.40:499][  4]LogAssetRegistry: Asset discovery search completed in 4.0168 seconds
[2015.02.05-02.53.04:590][826]BlueprintLog: New page: Compile MessageBoxHUD
[2015.02.05-02.53.04:775][826]BlueprintEditorCompileResults: Info [0039.79] Compile of MessageBoxHUD successful! [in 105 ms]
[2015.02.05-02.53.07:673][944]Cmd: OBJ SAVEPACKAGE PACKAGE="/Game/Blueprints/MessageBoxHUD" FILE="../../../../../../../Users/Owner/Documents/Unreal Projects/Kodaina/Content/Blueprints/MessageBoxHUD.uasset" SILENT=true
[2015.02.05-02.53.08:086][944]LogSavePackage: Save=92.185242ms
[2015.02.05-02.53.08:086][944]LogSavePackage: Moving '../../../../../../../Users/Owner/Documents/Unreal Projects/Kodaina/Saved/MessageBoxHUD26E5990244CAC47E2696B6BC874E8F9A.tmp' to '../../../../../../../Users/Owner/Documents/Unreal Projects/Kodaina/Content/Blueprints/MessageBoxHUD.uasset'
[2015.02.05-02.53.15:992][291]LogUObjectGlobals:Warning: Failed to find object 'Object None.'
[2015.02.05-02.53.15:993][291]LogUObjectGlobals:Warning: Failed to find object 'Object None.'
[2015.02.05-02.53.15:993][291]LogUObjectGlobals:Warning: Failed to find object 'Object None.'
[2015.02.05-02.53.15:993][291]LogUObjectGlobals:Warning: Failed to find object 'Object None.'
[2015.02.05-02.53.15:993][291]LogUObjectGlobals:Warning: Failed to find object 'Object None.'
[2015.02.05-02.53.15:993][291]LogUObjectGlobals:Warning: Failed to find object 'Object None.'
[2015.02.05-02.53.15:993][291]LogUObjectGlobals:Warning: Failed to find object 'Object None.'
[2015.02.05-02.53.15:993][291]LogUObjectGlobals:Warning: Failed to find object 'Object None.'
[2015.02.05-02.53.15:993][291]LogUObjectGlobals:Warning: Failed to find object 'Object None.'
[2015.02.05-02.53.15:993][291]LogUObjectHash:Warning: Ambiguous search, could be K2Node_MacroInstance /Game/Blueprints/MessageBoxHUD.MessageBoxHUD:Set Up Message.K2Node_MacroInstance_626 or K2Node_MacroInstance /Game/Blueprints/MessageBoxHUD.MessageBoxHUD:MessageBoxExecOnEnd.K2Node_MacroInstance_626
[2015.02.05-02.53.15:993][291]LogUObjectHash:Warning: Ambiguous search, could be K2Node_VariableSet /Game/Blueprints/MessageBoxHUD.MessageBoxHUD:Set Up Message.K2Node_VariableSet_4589 or K2Node_VariableSet /Game/Blueprints/MessageBoxHUD.MessageBoxHUD:MessageBoxExecOnEnd.K2Node_VariableSet_4589
[2015.02.05-02.53.15:993][291]LogUObjectHash:Warning: Ambiguous search, could be K2Node_VariableSet /Game/Blueprints/MessageBoxHUD.MessageBoxHUD:Set Up Message.K2Node_VariableSet_4589 or K2Node_VariableSet /Game/Blueprints/MessageBoxHUD.MessageBoxHUD:EventGraph.K2Node_VariableSet_4589
[2015.02.05-02.53.15:994][291]LogUObjectHash:Warning: Ambiguous search, could be K2Node_VariableSet /Game/Blueprints/MessageBoxHUD.MessageBoxHUD:Set Up Message.K2Node_VariableSet_6167 or K2Node_VariableSet /Game/Blueprints/MessageBoxHUD.MessageBoxHUD:MessageBoxExecOnEnd.K2Node_VariableSet_6167
[2015.02.05-02.53.15:994][291]LogUObjectHash:Warning: Ambiguous search, could be K2Node_VariableSet /Game/Blueprints/MessageBoxHUD.MessageBoxHUD:Set Up Message.K2Node_VariableSet_6167 or K2Node_VariableSet /Game/Blueprints/MessageBoxHUD.MessageBoxHUD:EventGraph.K2Node_VariableSet_6167
[2015.02.05-02.53.15:994][291]LogUObjectHash:Warning: Ambiguous search, could be K2Node_VariableSet /Game/Blueprints/MessageBoxHUD.MessageBoxHUD:Set Up Message.K2Node_VariableSet_6169 or K2Node_VariableSet /Game/Blueprints/MessageBoxHUD.MessageBoxHUD:MessageBoxExecOnEnd.K2Node_VariableSet_6169
[2015.02.05-02.53.15:994][291]LogUObjectHash:Warning: Ambiguous search, could be K2Node_VariableSet /Game/Blueprints/MessageBoxHUD.MessageBoxHUD:Set Up Message.K2Node_VariableSet_6169 or K2Node_VariableSet /Game/Blueprints/MessageBoxHUD.MessageBoxHUD:EventGraph.K2Node_VariableSet_6169
[2015.02.05-02.53.15:994][291]LogUObjectHash:Warning: Ambiguous search, could be K2Node_VariableSet /Game/Blueprints/MessageBoxHUD.MessageBoxHUD:Set Up Message.K2Node_VariableSet_6171 or K2Node_VariableSet /Game/Blueprints/MessageBoxHUD.MessageBoxHUD:MessageBoxExecOnEnd.K2Node_VariableSet_6171
[2015.02.05-02.53.15:995][291]LogUObjectHash:Warning: Ambiguous search, could be K2Node_VariableSet /Game/Blueprints/MessageBoxHUD.MessageBoxHUD:Set Up Message.K2Node_VariableSet_6171 or K2Node_VariableSet /Game/Blueprints/MessageBoxHUD.MessageBoxHUD:EventGraph.K2Node_VariableSet_6171
[2015.02.05-02.53.15:995][291]LogUObjectHash:Warning: Ambiguous search, could be K2Node_VariableSet /Game/Blueprints/MessageBoxHUD.MessageBoxHUD:Set Up Message.K2Node_VariableSet_5429 or K2Node_VariableSet /Game/Blueprints/MessageBoxHUD.MessageBoxHUD:MessageBoxExecOnEnd.K2Node_VariableSet_5429
[2015.02.05-02.53.15:995][291]LogUObjectHash:Warning: Ambiguous search, could be K2Node_VariableSet /Game/Blueprints/MessageBoxHUD.MessageBoxHUD:Set Up Message.K2Node_VariableSet_5429 or K2Node_VariableSet /Game/Blueprints/MessageBoxHUD.MessageBoxHUD:EventGraph.K2Node_VariableSet_5429
[2015.02.05-02.53.15:995][291]LogUObjectHash:Warning: Ambiguous search, could be K2Node_VariableSet /Game/Blueprints/MessageBoxHUD.MessageBoxHUD:MessageBoxExecOnEnd.K2Node_VariableSet_6165 or K2Node_VariableSet /Game/Blueprints/MessageBoxHUD.MessageBoxHUD:EventGraph.K2Node_VariableSet_6165
[2015.02.05-02.53.15:995][291]LogUObjectHash:Warning: Ambiguous search, could be K2Node_IfThenElse /Game/Blueprints/MessageBoxHUD.MessageBoxHUD:Set Up Message.K2Node_IfThenElse_3138 or K2Node_IfThenElse /Game/Blueprints/MessageBoxHUD.MessageBoxHUD:MessageBoxExecOnEnd.K2Node_IfThenElse_3138
[2015.02.05-02.53.15:995][291]LogUObjectHash:Warning: Ambiguous search, could be K2Node_IfThenElse /Game/Blueprints/MessageBoxHUD.MessageBoxHUD:Set Up Message.K2Node_IfThenElse_3138 or K2Node_IfThenElse /Game/Blueprints/MessageBoxHUD.MessageBoxHUD:EventGraph.K2Node_IfThenElse_3138
[2015.02.05-02.53.15:996][291]LogUObjectHash:Warning: Ambiguous search, could be K2Node_VariableGet /Game/Blueprints/MessageBoxHUD.MessageBoxHUD:Set Up Message.K2Node_VariableGet_13535 or K2Node_VariableGet /Game/Blueprints/MessageBoxHUD.MessageBoxHUD:MessageBoxExecOnEnd.K2Node_VariableGet_13535
[2015.02.05-02.53.15:996][291]LogUObjectHash:Warning: Ambiguous search, could be K2Node_VariableGet /Game/Blueprints/MessageBoxHUD.MessageBoxHUD:Set Up Message.K2Node_VariableGet_13535 or K2Node_VariableGet /Game/Blueprints/MessageBoxHUD.MessageBoxHUD:EventGraph.K2Node_VariableGet_13535
[2015.02.05-02.53.15:996][291]LogCrashTracker: 


[2015.02.05-02.53.16:585][291]LogCrashTracker: 


[2015.02.05-02.53.16:585][291]LogWindows: === Critical error: ===
Fatal error!

Unhandled Exception: EXCEPTION_ACCESS_VIOLATION reading address 0x00000028

UE4Editor-BlueprintGraph.dll!UnknownFunction (0x00007ffce160da9c) + 0 bytes [UnknownFile:0]
UE4Editor-UnrealEd.dll!UnknownFunction (0x00007ffce291815d) + 0 bytes [UnknownFile:0]
UE4Editor-UnrealEd.dll!UnknownFunction (0x00007ffce290c9f0) + 0 bytes [UnknownFile:0]
UE4Editor-Kismet.dll!UnknownFunction (0x00007ffce21a8b5d) + 0 bytes [UnknownFile:0]
UE4Editor-Kismet.dll!UnknownFunction (0x00007ffce21a89ff) + 0 bytes [UnknownFile:0]
UE4Editor-Kismet.dll!UnknownFunction (0x00007ffce2142651) + 0 bytes [UnknownFile:0]
UE4Editor-Kismet.dll!UnknownFunction (0x00007ffce2146136) + 0 bytes [UnknownFile:0]
UE4Editor-Slate.dll!UnknownFunction (0x00007ffcecbf05d3) + 0 bytes [UnknownFile:0]
UE4Editor-Slate.dll!UnknownFunction (0x00007ffcecc398cc) + 0 bytes [UnknownFile:0]
UE4Editor-GraphEditor.dll!UnknownFunction (0x00007ffce0c251cf) + 0 bytes [UnknownFile:0]
UE4Editor-Slate.dll!UnknownFunction (0x00007ffcecbd8be2) + 0 bytes [UnknownFile:0]
UE4Editor-Slate.dll!UnknownFunction (0x00007ffcecb95f4d) + 0 bytes [UnknownFile:0]
UE4Editor-Slate.dll!UnknownFunction (0x00007ffcecb9788a) + 0 bytes [UnknownFile:0]
UE4Editor-Slate.dll!UnknownFunction (0x00007ffcecc3a209) + 0 bytes [UnknownFile:0]
UE4Editor-Slate.dll!UnknownFunction (0x00007ffcecc2b0c8) + 0 bytes [UnknownFile:0]
UE4Editor-Core.dll!UnknownFunction (0x00007ffced54e6c4) + 0 bytes [UnknownFile:0]
UE4Editor-Core.dll!UnknownFunction (0x00007ffced53a1fb) + 0 bytes [UnknownFile:0]
UE4Editor-Core.dll!UnknownFunction (0x00007ffced54fbbb) + 0 bytes [UnknownFile:0]
UE4Editor-Core.dll!UnknownFunction (0x00007ffced536cf2) + 0 bytes [UnknownFile:0]
USER32.dll!UnknownFunction (0x00007ffd0da32434) + 0 bytes [UnknownFile:0]
USER32.dll!UnknownFunction (0x00007ffd0da32297) + 0 bytes [UnknownFile:0]
UE4Editor-Core.dll!UnknownFunction (0x00007ffced550076) + 0 bytes [UnknownFile:0]
UE4Editor.exe!FEngineLoop::Tick() (0x00007ff64135cbda) + 8 bytes [d:\buildfarm\buildmachine_++depot+ue4-releases+4.6\engine\source\runtime\launch\private\launchengineloop.cpp:2193]
UE4Editor.exe!GuardedMain() (0x00007ff64135089f) + 0 bytes [d:\buildfarm\buildmachine_++depot+ue4-releases+4.6\engine\source\runtime\launch\private\launch.cpp:131]
UE4Editor.exe!GuardedMainWrapper() (0x00007ff64135090a) + 5 bytes [d:\buildfarm\buildmachine_++depot+ue4-releases+4.6\engine\source\runtime\launch\private\windows\launchwindows.cpp:126]
UE4Editor.exe!WinMain() (0x00007ff64135e3d9) + 17 bytes [d:\buildfarm\buildmachine_++depot+ue4-releases+4.6\engine\source\runtime\launch\private\windows\launchwindows.cpp:202]
UE4Editor.exe!__tmainCRTStartup() (0x00007ff64135f319) + 21 bytes [f:\dd\vctools\crt\crtw32\dllstuff\crtexe.c:618]
KERNEL32.DLL!UnknownFunction (0x00007ffd0df716ad) + 0 bytes [UnknownFile:0]
ntdll.dll!UnknownFunction (0x00007ffd10114409) + 0 bytes [UnknownFile:0]
ntdll.dll!UnknownFunction (0x00007ffd10114409) + 0 bytes [UnknownFile:0]


[2015.02.05-02.53.16:733][291]LogExit: Executing StaticShutdownAfterError
[2015.02.05-02.53.16:736][291]LogWindows: FPlatformMisc::RequestExit(1)
[2015.02.05-02.53.16:736][291]Log file closed, 02/04/15 21:53:16
