Log file open, 01/23/15 11:05:06
LogInit:Display: Running engine for game: KodainaKingdom
LogInit: Version: 4.6.1-2386410+++depot+UE4-Releases+4.6
LogInit: API Version: 2369412
LogInit: Compiled (64-bit): Dec 11 2014 21:31:39
LogInit: Compiled with Visual C++: 18.00.21005.01
LogInit: Build Configuration: Development
LogInit: Branch Name: ++depot+UE4-Releases+4.6
LogInit: Command line:  
LogInit: Base directory: C:/Program Files/Epic Games/4.6/Engine/Binaries/Win64/
LogInit: Rocket: 1
[2015.01.23-16.05.06:364][  0]LogTaskGraph: Started task graph with 3 named threads and 6 total threads.
[2015.01.23-16.05.06:415][  0]LogOnline:Warning: No default platform service specified for OnlineSubsystem
[2015.01.23-16.05.06:523][  0]LogInit: Presizing for 0 objects not considered by GC, pre-allocating 0 bytes.
[2015.01.23-16.05.06:533][  0]LogInit: Object subsystem initialized
[2015.01.23-16.05.06:534][  0]LogConsoleResponse:Warning: Skipping Unknown console variable: 'UIScaleRule = ShortestSide'
[2015.01.23-16.05.06:534][  0]LogConsoleResponse:Warning:   Found in ini file 'C:/Users/Zim/Documents/Unreal Projects/KodainaKingdom/Saved/Config/Windows/Engine.ini', in section '[/Script/Engine.RendererSettings]'
[2015.01.23-16.05.06:534][  0]LogConsoleResponse:Warning: Skipping Unknown console variable: 'UIScaleCurve = (EditorCurveData=(Keys=),ExternalCurve=None)'
[2015.01.23-16.05.06:534][  0]LogConsoleResponse:Warning:   Found in ini file 'C:/Users/Zim/Documents/Unreal Projects/KodainaKingdom/Saved/Config/Windows/Engine.ini', in section '[/Script/Engine.RendererSettings]'
[2015.01.23-16.05.06:535][  0]LogConsoleManager:Warning: Console variable 'r.MSAA.CompositingSampleCount' wasn't set (Priority ProjectSetting < Scalability)
[2015.01.23-16.05.06:535][  0]LogInit: Selected Device Profile: [Windows]
[2015.01.23-16.05.06:535][  0]LogInit: Applying CVar settings loaded from the selected device profile: [Windows]
[2015.01.23-16.05.06:543][  0]LogInit: Computer: SEAN
[2015.01.23-16.05.06:543][  0]LogInit: User: Zim
[2015.01.23-16.05.06:543][  0]LogInit: CPU Page size=4096, Cores=4
[2015.01.23-16.05.06:543][  0]LogInit: High frequency timer resolution =2.338451 MHz
[2015.01.23-16.05.06:543][  0]LogMemory: Memory total: Physical=15.9GB (16GB approx) Virtual=131072.0GB
[2015.01.23-16.05.06:544][  0]LogMemory: Platform Memory Stats for Windows
[2015.01.23-16.05.06:544][  0]LogMemory: Process Physical Memory: 49.29 MB used, 49.29 MB peak
[2015.01.23-16.05.06:544][  0]LogMemory: Process Virtual Memory: 25.10 MB used, 25.10 MB peak
[2015.01.23-16.05.06:544][  0]LogMemory: Physical Memory: 4119.10 MB used, 16331.28 MB total
[2015.01.23-16.05.06:544][  0]LogMemory: Virtual Memory: 275.69 MB used, 134217728.00 MB total
[2015.01.23-16.05.06:571][  0]LogD3D11RHI: Found D3D11 adapter 0: NVIDIA GeForce GT 750M   (Feature Level 11_0)
[2015.01.23-16.05.06:571][  0]LogD3D11RHI: Adapter has 1985MB of dedicated video memory, 0MB of dedicated system memory, and 2048MB of shared system memory, 1 output[s]
[2015.01.23-16.05.06:592][  0]LogD3D11RHI: Found D3D11 adapter 1: NVIDIA GeForce GT 750M   (Feature Level 11_0)
[2015.01.23-16.05.06:592][  0]LogD3D11RHI: Adapter has 1985MB of dedicated video memory, 0MB of dedicated system memory, and 2048MB of shared system memory, 0 output[s]
[2015.01.23-16.05.06:593][  0]LogD3D11RHI: Found D3D11 adapter 2: Microsoft Basic Render Driver (Feature Level 11_0)
[2015.01.23-16.05.06:593][  0]LogD3D11RHI: Adapter has 0MB of dedicated video memory, 0MB of dedicated system memory, and 256MB of shared system memory, 0 output[s]
[2015.01.23-16.05.06:593][  0]LogD3D11RHI: Chosen D3D11 Adapter Id = 0
[2015.01.23-16.05.06:597][  0]LogRHI: Texture pool is 1361 MB (70% of 1945 MB)
[2015.01.23-16.05.06:608][  0]LogD3D11RHI: Async texture creation enabled
[2015.01.23-16.05.06:838][  0]LogTextLocalizationManager: The requested culture ('en_US') has no localization data; parent culture's ('en') localization data will be used.
[2015.01.23-16.05.06:975][  0]LogContentStreaming: Texture pool size is 0.000000MB
[2015.01.23-16.05.13:022][  0]LogTargetPlatformManager:Display: Building Assets For Windows
[2015.01.23-16.05.13:672][  0]LogTargetPlatformManager:Display: Building Assets For Windows
[2015.01.23-16.05.13:751][  0]LogDerivedDataCache:Display: Max Cache Size: 512 MB
[2015.01.23-16.05.13:789][  0]LogDerivedDataCache: Loaded boot cache 0.04s 39MB C:/Users/Zim/AppData/Local/UnrealEngine/4.6/DerivedDataCache/Boot.ddc.
[2015.01.23-16.05.13:789][  0]LogDerivedDataCache:Display: Loaded Boot cache: C:/Users/Zim/AppData/Local/UnrealEngine/4.6/DerivedDataCache/Boot.ddc
[2015.01.23-16.05.13:789][  0]LogDerivedDataCache: FDerivedDataBackendGraph:  Pak pak cache file ../../../../../../Users/Zim/Documents/Unreal Projects/KodainaKingdom/DerivedDataCache/DDC.ddp not found, will not use a pak cache.
[2015.01.23-16.05.13:789][  0]LogDerivedDataCache: Unable to find inner node Pak for hierarchical cache Hierarchy.
[2015.01.23-16.05.13:856][  0]LogDerivedDataCache:Display: Pak cache opened for reading ../../../Engine/DerivedDataCache/DDC.ddp.
[2015.01.23-16.05.13:869][  0]LogDerivedDataCache: Using Local data cache path C:/Users/Zim/AppData/Local/UnrealEngine/Common/DerivedDataCache: Writable
[2015.01.23-16.05.15:833][  0]LogCollisionProfile:Warning: Profile (UI) - Custom Channel Name = 'Weapon' hasn't been found
[2015.01.23-16.05.16:008][  0]LogMeshUtilities: No automatic mesh reduction module available
[2015.01.23-16.05.16:008][  0]LogMeshUtilities: No automatic mesh merging module available
[2015.01.23-16.05.16:522][  0]LogInit: WinSock: version 1.1 (2.2), MaxSocks=32767, MaxUdp=65467
[2015.01.23-16.05.16:578][  0]LogSlate:Warning: Failed to load font data from '../../../Engine/Content/Slate/Fonts/Roboto-Italic.ttf'
[2015.01.23-16.05.17:737][  0]UdpMessaging: Initializing bridge on interface 0.0.0.0:0 to multicast group 230.0.0.1:6666.
[2015.01.23-16.05.17:898][  0]LogDirectoryWatcher:Warning: Failed to begin reading directory changes for C:/Users/Zim/Documents/Unreal Projects/KodainaKingdom/Binaries/Win64. Error: 0
[2015.01.23-16.05.18:116][  0]SourceControl: Info Source control is disabled
[2015.01.23-16.05.18:116][  0]SourceControl: Info Source control is disabled
[2015.01.23-16.05.18:122][  0]SourceControl: Info Source control is disabled
[2015.01.23-16.05.18:242][  0]LogObj: 23754 objects as part of root set at end of initial load.
[2015.01.23-16.05.18:242][  0]LogUObjectAllocator: 5168136 out of 0 bytes used by permanent object pool.
[2015.01.23-16.05.18:295][  0]LogEngine: Initializing Engine...
[2015.01.23-16.05.18:487][  0]LogInit: XAudio2 using 'Speakers (Realtek High Definition Audio)' : 2 channels at 48 kHz using 32 bits per sample (channel mask 0x3)
[2015.01.23-16.05.18:504][  0]LogInit: FAudioDevice initialized.
[2015.01.23-16.05.18:521][  0]LogAIModule: Creating AISystem for world NewWorld
[2015.01.23-16.05.18:540][  0]LogDerivedDataCache: Saved boot cache 0.02s 39MB C:/Users/Zim/AppData/Local/UnrealEngine/4.6/DerivedDataCache/Boot.ddc.
[2015.01.23-16.05.18:544][  0]LogInit: Texture streaming: Enabled
[2015.01.23-16.05.18:568][  0]LogAnalytics: Creating configured Analytics provider AnalyticsET
[2015.01.23-16.05.18:568][  0]LogAnalytics: ET APIKey = Rocket.Release. APIServer = http://et2.epicgames.com/ET2/. AppVersion = 4.6.1-2386410+++depot+UE4-Releases+4.6
[2015.01.23-16.05.18:568][  0]LogAnalytics: SetUserId e818845727fd16b7b8e647cd16e3db7c
[2015.01.23-16.05.18:568][  0]LogAnalytics: AnalyticsET::StartSession [Rocket.Release]
[2015.01.23-16.05.18:581][  0]LogInit: Transaction tracking system initialized
[2015.01.23-16.05.18:659][  0]BlueprintLog: New page: Editor Load
[2015.01.23-16.05.18:687][  0]LogAssetRegistry: FAssetRegistry took 0.0112 seconds to start up
[2015.01.23-16.05.18:687][  0]LogDirectoryWatcher:Warning: Failed to begin reading directory changes for ../../../Engine/Plugins/Experimental/CharacterAI/Content/. Error: 0
[2015.01.23-16.05.19:125][  0]LogTargetPlatformManager:Display: Building Assets For Windows
[2015.01.23-16.05.19:459][  0]LogTargetPlatformManager:Display: Building Assets For Windows
[2015.01.23-16.05.19:625][  0]LogConsoleResponse:Display: 
[2015.01.23-16.05.19:672][  0]LogLinker:Warning: Asset '../../../Engine/Content/Functions/Engine_MaterialFunctions03/Procedurals/ComputeFilterWidth.uasset' has been saved with empty engine version. The asset will be loaded but may be incompatible.
[2015.01.23-16.05.19:890][  0]SourceControl: Info Source control is disabled
[2015.01.23-16.05.19:890][  0]Cmd: MAP LOAD FILE="../../../../../../Users/Zim/Documents/Unreal Projects/KodainaKingdom/Content/Maps/TestLevel.umap" TEMPLATE=0 SHOWPROGRESS=1
[2015.01.23-16.05.19:891][  0]LightingResults: New page: Lighting Build
[2015.01.23-16.05.19:899][  0]MapCheck: New page: Map Check
[2015.01.23-16.05.19:899][  0]LightingResults: New page: Lighting Build
[2015.01.23-16.05.19:906][  0]LogParticles: Destroying 0 GPU particle simulations for FXSystem 0x0000007B1F2FD580
[2015.01.23-16.05.20:012][  0]LogEditorServer: Finished looking for orphan Actors (0.000 secs)
[2015.01.23-16.05.20:012][  0]LogAIModule: Creating AISystem for world TestLevel
[2015.01.23-16.05.20:012][  0]Cmd: MAP CHECKDEP
[2015.01.23-16.05.20:012][  0]MapCheck: New page: TestLevel - Jan 23, 2015, 6:05:20 AM
[2015.01.23-16.05.20:087][  0]MapCheck: Info Map check complete: 0 Error(s), 0 Warning(s), took 74.34ms to complete.
[2015.01.23-16.05.20:087][  0]LogFileHelpers: Loading map 'TestLevel' took 0.196
[2015.01.23-16.05.20:164][  0]LogCollectionManager: Loaded 0 collections in 0.001006 seconds
[2015.01.23-16.05.20:325][  0]LogCrashTracker: Crashtracker disabled due to settings.
[2015.01.23-16.05.20:331][  0]LogUObjectGlobals:Warning: Failed to find object 'Class None.'
[2015.01.23-16.05.20:357][  0]LogLoad: Full Startup: 16.58 seconds (BP compile: 0.01 seconds)
[2015.01.23-16.05.20:699][  0]LogContentBrowser:Verbose: The content browser source was changed by the sources view to '/Game/Blueprints'
[2015.01.23-16.05.20:830][  0]LogRenderer:Warning: Reallocating scene render targets to support 1200x896.
[2015.01.23-16.05.25:030][ 13]LogAssetRegistry: Asset discovery search completed in 6.3542 seconds
[2015.01.23-16.06.00:729][535]LogPropertyNode:Warning: UI Min (0.001) >= UI Max () for Ranged Numeric
[2015.01.23-16.06.00:734][535]LogPropertyNode:Warning: UI Min (0.001) >= UI Max () for Ranged Numeric
[2015.01.23-16.06.00:789][535]LogPropertyNode:Warning: UI Min (0.001) >= UI Max () for Ranged Numeric
[2015.01.23-16.06.00:790][535]LogPropertyNode:Warning: UI Min (0.001) >= UI Max () for Ranged Numeric
[2015.01.23-16.06.46:474][253]BlueprintLog: New page: Compile BattleHUD
[2015.01.23-16.06.46:616][253]LogActorComponent: UnregisterComponent: (/Engine/Transient.CharacterMovementComponent_0) Not registered. Aborting.
[2015.01.23-16.06.46:642][253]LogParticles: Destroying 0 GPU particle simulations for FXSystem 0x0000007B1D160180
[2015.01.23-16.06.46:644][253]LogParticles: Destroying 0 GPU particle simulations for FXSystem 0x0000007B245F6D40
[2015.01.23-16.06.46:698][253]BlueprintEditorCompileResults: Info [0102.92] Compile of BattleHUD successful! [in 196 ms]
[2015.01.23-16.06.47:359][261]Cmd: OBJ SAVEPACKAGE PACKAGE="/Game/Blueprints/BattleHUD" FILE="../../../../../../Users/Zim/Documents/Unreal Projects/KodainaKingdom/Content/Blueprints/BattleHUD.uasset" SILENT=true
[2015.01.23-16.06.47:503][261]LogSavePackage: Save=47.449360ms
[2015.01.23-16.06.47:503][261]LogSavePackage: Moving '../../../../../../Users/Zim/Documents/Unreal Projects/KodainaKingdom/Saved/BattleHUD6928549149BB0336D56D9BAFE1FB1F38.tmp' to '../../../../../../Users/Zim/Documents/Unreal Projects/KodainaKingdom/Content/Blueprints/BattleHUD.uasset'
[2015.01.23-16.07.41:184][ 91]LogEditorTransaction: Undo Move Node
[2015.01.23-16.07.44:316][137]LogEditorTransaction: Undo Move Node
[2015.01.23-16.09.26:515][759]BlueprintLog: New page: Compile BattleHUD
[2015.01.23-16.09.26:710][759]BlueprintEditorCompileResults: Info [0262.93] Compile of BattleHUD successful! [in 168 ms]
[2015.01.23-16.09.27:424][768]Cmd: OBJ SAVEPACKAGE PACKAGE="/Game/Blueprints/BattleHUD" FILE="../../../../../../Users/Zim/Documents/Unreal Projects/KodainaKingdom/Content/Blueprints/BattleHUD.uasset" SILENT=true
[2015.01.23-16.09.27:565][768]LogSavePackage: Save=47.512222ms
[2015.01.23-16.09.27:565][768]LogSavePackage: Moving '../../../../../../Users/Zim/Documents/Unreal Projects/KodainaKingdom/Saved/BattleHUD3C3BDF7A4D6E64270CDC1DB3A71F3AD9.tmp' to '../../../../../../Users/Zim/Documents/Unreal Projects/KodainaKingdom/Content/Blueprints/BattleHUD.uasset'
[2015.01.23-16.09.33:223][917]BlueprintLog: New page: Pre-PIE auto-recompile
[2015.01.23-16.09.33:226][917]LogPlayLevel: [PIE] Compiling Tutorial_BP_MacroLib before PIE...
[2015.01.23-16.09.33:276][917]LogPlayLevel: [PIE] Compiling MyCharacter before PIE...
[2015.01.23-16.09.33:536][917]LogPlayLevel: [PIE] Compiling TestLevel before PIE...
[2015.01.23-16.09.33:581][917]LogPlayLevel: [PIE] Compiling RollingMovingHUD before PIE...
[2015.01.23-16.09.33:682][917]LogPlayLevel: [PIE] Compiling Enemy before PIE...
[2015.01.23-16.09.33:759][917]LogPlayLevel: [PIE] Compiling BattleHUD before PIE...
[2015.01.23-16.09.33:913][917]LogPlayLevel: PIE:  Blueprint regeneration took 690 ms (6 blueprints)
[2015.01.23-16.09.33:913][917]PIE: New page: PIE session: TestLevel (Jan 23, 2015, 6:09:33 AM)
[2015.01.23-16.09.33:917][917]LogPlayLevel: PIE: StaticDuplicateObject took: (0.002922s)
[2015.01.23-16.09.33:917][917]LogPlayLevel: PIE: World Init took: (0.000514s)
[2015.01.23-16.09.33:917][917]LogPlayLevel: PIE: Created PIE world by copying editor world from /Game/Maps/TestLevel.TestLevel to /Game/Maps/UEDPIE_0_TestLevel.TestLevel (0.003583s)
[2015.01.23-16.09.34:042][917]LogWorld: Game class is 'Kodaina_C'
[2015.01.23-16.09.34:044][917]LogAIModule: Creating AISystem for world TestLevel
[2015.01.23-16.09.34:046][917]LogWorld: Bringing World /Game/Maps/UEDPIE_0_TestLevel.TestLevel up for play (max tick rate 60) at 2015.01.23-11.09.34
[2015.01.23-16.09.34:047][917]LogWorld: Bringing up level for play took: 0.002612
[2015.01.23-16.09.34:054][917]PIE: Info Play in editor start time for /Game/Maps/UEDPIE_0_TestLevel 1.038
[2015.01.23-16.09.34:086][917]LogRenderer:Warning: Reallocating scene render targets to support 1296x896.
[2015.01.23-16.09.47:689][ 45]LogParticles: Destroying 0 GPU particle simulations for FXSystem 0x0000007B277AE3E0
[2015.01.23-16.10.13:431][445]BlueprintLog: New page: Compile BattleHUD
[2015.01.23-16.10.13:642][445]BlueprintEditorCompileResults: Info [0309.86] Compile of BattleHUD successful! [in 184 ms]
[2015.01.23-16.10.13:999][449]Cmd: OBJ SAVEPACKAGE PACKAGE="/Game/Blueprints/BattleHUD" FILE="../../../../../../Users/Zim/Documents/Unreal Projects/KodainaKingdom/Content/Blueprints/BattleHUD.uasset" SILENT=true
[2015.01.23-16.10.14:140][449]LogSavePackage: Save=47.134621ms
[2015.01.23-16.10.14:140][449]LogSavePackage: Moving '../../../../../../Users/Zim/Documents/Unreal Projects/KodainaKingdom/Saved/BattleHUD2A3E1A5F4673F147E9752F8EEBE260EB.tmp' to '../../../../../../Users/Zim/Documents/Unreal Projects/KodainaKingdom/Content/Blueprints/BattleHUD.uasset'
[2015.01.23-16.10.16:084][487]BlueprintLog: New page: Pre-PIE auto-recompile
[2015.01.23-16.10.16:095][487]LogPlayLevel: [PIE] Compiling MyCharacter before PIE...
[2015.01.23-16.10.16:353][487]LogPlayLevel: [PIE] Compiling TestLevel before PIE...
[2015.01.23-16.10.16:395][487]LogPlayLevel: [PIE] Compiling RollingMovingHUD before PIE...
[2015.01.23-16.10.16:495][487]LogPlayLevel: [PIE] Compiling Enemy before PIE...
[2015.01.23-16.10.16:574][487]LogPlayLevel: [PIE] Compiling BattleHUD before PIE...
[2015.01.23-16.10.16:727][487]LogPlayLevel: PIE:  Blueprint regeneration took 642 ms (5 blueprints)
[2015.01.23-16.10.16:727][487]PIE: New page: PIE session: TestLevel (Jan 23, 2015, 6:10:16 AM)
[2015.01.23-16.10.16:731][487]LogPlayLevel: PIE: StaticDuplicateObject took: (0.002868s)
[2015.01.23-16.10.16:731][487]LogPlayLevel: PIE: World Init took: (0.000472s)
[2015.01.23-16.10.16:731][487]LogPlayLevel: PIE: Created PIE world by copying editor world from /Game/Maps/TestLevel.TestLevel to /Game/Maps/UEDPIE_0_TestLevel.TestLevel (0.003484s)
[2015.01.23-16.10.16:768][487]LogWorld: Game class is 'Kodaina_C'
[2015.01.23-16.10.16:770][487]LogAIModule: Creating AISystem for world TestLevel
[2015.01.23-16.10.16:772][487]LogWorld: Bringing World /Game/Maps/UEDPIE_0_TestLevel.TestLevel up for play (max tick rate 60) at 2015.01.23-11.10.16
[2015.01.23-16.10.16:773][487]LogWorld: Bringing up level for play took: 0.002499
[2015.01.23-16.10.16:781][487]PIE: Info Play in editor start time for /Game/Maps/UEDPIE_0_TestLevel -0.235
[2015.01.23-16.10.23:428][549]LogParticles: Destroying 0 GPU particle simulations for FXSystem 0x0000007B27FABB00
[2015.01.23-16.10.24:231][570]BlueprintLog: New page: Pre-PIE auto-recompile
[2015.01.23-16.10.24:241][570]LogPlayLevel: [PIE] Compiling MyCharacter before PIE...
[2015.01.23-16.10.24:486][570]LogPlayLevel: [PIE] Compiling TestLevel before PIE...
[2015.01.23-16.10.24:527][570]LogPlayLevel: [PIE] Compiling RollingMovingHUD before PIE...
[2015.01.23-16.10.24:627][570]LogPlayLevel: [PIE] Compiling Enemy before PIE...
[2015.01.23-16.10.24:705][570]LogPlayLevel: [PIE] Compiling BattleHUD before PIE...
[2015.01.23-16.10.24:851][570]LogPlayLevel: PIE:  Blueprint regeneration took 620 ms (5 blueprints)
[2015.01.23-16.10.24:851][570]PIE: New page: PIE session: TestLevel (Jan 23, 2015, 6:10:24 AM)
[2015.01.23-16.10.24:854][570]LogPlayLevel: PIE: StaticDuplicateObject took: (0.002875s)
[2015.01.23-16.10.24:855][570]LogPlayLevel: PIE: World Init took: (0.000492s)
[2015.01.23-16.10.24:855][570]LogPlayLevel: PIE: Created PIE world by copying editor world from /Game/Maps/TestLevel.TestLevel to /Game/Maps/UEDPIE_0_TestLevel.TestLevel (0.003509s)
[2015.01.23-16.10.24:894][570]LogWorld: Game class is 'Kodaina_C'
[2015.01.23-16.10.24:896][570]LogAIModule: Creating AISystem for world TestLevel
[2015.01.23-16.10.24:898][570]LogWorld: Bringing World /Game/Maps/UEDPIE_0_TestLevel.TestLevel up for play (max tick rate 60) at 2015.01.23-11.10.24
[2015.01.23-16.10.24:899][570]LogWorld: Bringing up level for play took: 0.002526
[2015.01.23-16.10.24:907][570]PIE: Info Play in editor start time for /Game/Maps/UEDPIE_0_TestLevel -0.109
[2015.01.23-16.10.56:626][870]LogParticles: Destroying 0 GPU particle simulations for FXSystem 0x0000007B26DD85E0
[2015.01.23-16.11.29:777][ 92]BlueprintLog: New page: Pre-PIE auto-recompile
[2015.01.23-16.11.29:787][ 92]LogPlayLevel: [PIE] Compiling MyCharacter before PIE...
[2015.01.23-16.11.30:039][ 92]LogPlayLevel: [PIE] Compiling TestLevel before PIE...
[2015.01.23-16.11.30:088][ 92]LogPlayLevel: [PIE] Compiling BattleHUD before PIE...
[2015.01.23-16.11.30:205][ 92]LogPlayLevel: [PIE] Compiling RollingMovingHUD before PIE...
[2015.01.23-16.11.30:303][ 92]LogPlayLevel: [PIE] Compiling Enemy before PIE...
[2015.01.23-16.11.30:400][ 92]LogPlayLevel: PIE:  Blueprint regeneration took 623 ms (5 blueprints)
[2015.01.23-16.11.30:400][ 92]PIE: New page: PIE session: TestLevel (Jan 23, 2015, 6:11:30 AM)
[2015.01.23-16.11.30:404][ 92]LogPlayLevel: PIE: StaticDuplicateObject took: (0.002908s)
[2015.01.23-16.11.30:404][ 92]LogPlayLevel: PIE: World Init took: (0.000518s)
[2015.01.23-16.11.30:404][ 92]LogPlayLevel: PIE: Created PIE world by copying editor world from /Game/Maps/TestLevel.TestLevel to /Game/Maps/UEDPIE_0_TestLevel.TestLevel (0.003571s)
[2015.01.23-16.11.30:437][ 92]LogWorld: Game class is 'Kodaina_C'
[2015.01.23-16.11.30:439][ 92]LogAIModule: Creating AISystem for world TestLevel
[2015.01.23-16.11.30:441][ 92]LogWorld: Bringing World /Game/Maps/UEDPIE_0_TestLevel.TestLevel up for play (max tick rate 60) at 2015.01.23-11.11.30
[2015.01.23-16.11.30:442][ 92]LogWorld: Bringing up level for play took: 0.002451
[2015.01.23-16.11.30:450][ 92]PIE: Info Play in editor start time for /Game/Maps/UEDPIE_0_TestLevel 1.433
[2015.01.23-16.11.38:356][166]LogParticles: Destroying 0 GPU particle simulations for FXSystem 0x0000007B2B7D8720
[2015.01.23-16.11.39:106][185]BlueprintLog: New page: Pre-PIE auto-recompile
[2015.01.23-16.11.39:117][185]LogPlayLevel: [PIE] Compiling MyCharacter before PIE...
[2015.01.23-16.11.39:361][185]LogPlayLevel: [PIE] Compiling TestLevel before PIE...
[2015.01.23-16.11.39:409][185]LogPlayLevel: [PIE] Compiling BattleHUD before PIE...
[2015.01.23-16.11.39:527][185]LogPlayLevel: [PIE] Compiling Enemy before PIE...
[2015.01.23-16.11.39:596][185]LogPlayLevel: [PIE] Compiling RollingMovingHUD before PIE...
[2015.01.23-16.11.39:723][185]LogPlayLevel: PIE:  Blueprint regeneration took 616 ms (5 blueprints)
[2015.01.23-16.11.39:723][185]PIE: New page: PIE session: TestLevel (Jan 23, 2015, 6:11:39 AM)
[2015.01.23-16.11.39:726][185]LogPlayLevel: PIE: StaticDuplicateObject took: (0.002902s)
[2015.01.23-16.11.39:727][185]LogPlayLevel: PIE: World Init took: (0.000496s)
[2015.01.23-16.11.39:727][185]LogPlayLevel: PIE: Created PIE world by copying editor world from /Game/Maps/TestLevel.TestLevel to /Game/Maps/UEDPIE_0_TestLevel.TestLevel (0.003542s)
[2015.01.23-16.11.39:761][185]LogWorld: Game class is 'Kodaina_C'
[2015.01.23-16.11.39:763][185]LogAIModule: Creating AISystem for world TestLevel
[2015.01.23-16.11.39:765][185]LogWorld: Bringing World /Game/Maps/UEDPIE_0_TestLevel.TestLevel up for play (max tick rate 60) at 2015.01.23-11.11.39
[2015.01.23-16.11.39:766][185]LogWorld: Bringing up level for play took: 0.002583
[2015.01.23-16.11.39:774][185]PIE: Info Play in editor start time for /Game/Maps/UEDPIE_0_TestLevel 0.758
[2015.01.23-16.11.53:361][313]LogParticles: Destroying 0 GPU particle simulations for FXSystem 0x0000007B2EEC7600
[2015.01.23-16.11.54:430][342]BlueprintLog: New page: Pre-PIE auto-recompile
[2015.01.23-16.11.54:441][342]LogPlayLevel: [PIE] Compiling MyCharacter before PIE...
[2015.01.23-16.11.54:685][342]LogPlayLevel: [PIE] Compiling TestLevel before PIE...
[2015.01.23-16.11.54:733][342]LogPlayLevel: [PIE] Compiling BattleHUD before PIE...
[2015.01.23-16.11.54:850][342]LogPlayLevel: [PIE] Compiling Enemy before PIE...
[2015.01.23-16.11.54:919][342]LogPlayLevel: [PIE] Compiling RollingMovingHUD before PIE...
[2015.01.23-16.11.55:045][342]LogPlayLevel: PIE:  Blueprint regeneration took 615 ms (5 blueprints)
[2015.01.23-16.11.55:045][342]PIE: New page: PIE session: TestLevel (Jan 23, 2015, 6:11:55 AM)
[2015.01.23-16.11.55:048][342]LogPlayLevel: PIE: StaticDuplicateObject took: (0.002896s)
[2015.01.23-16.11.55:049][342]LogPlayLevel: PIE: World Init took: (0.000485s)
[2015.01.23-16.11.55:049][342]LogPlayLevel: PIE: Created PIE world by copying editor world from /Game/Maps/TestLevel.TestLevel to /Game/Maps/UEDPIE_0_TestLevel.TestLevel (0.003528s)
[2015.01.23-16.11.55:088][342]LogWorld: Game class is 'Kodaina_C'
[2015.01.23-16.11.55:090][342]LogAIModule: Creating AISystem for world TestLevel
[2015.01.23-16.11.55:092][342]LogWorld: Bringing World /Game/Maps/UEDPIE_0_TestLevel.TestLevel up for play (max tick rate 60) at 2015.01.23-11.11.55
[2015.01.23-16.11.55:093][342]LogWorld: Bringing up level for play took: 0.002514
[2015.01.23-16.11.55:100][342]PIE: Info Play in editor start time for /Game/Maps/UEDPIE_0_TestLevel 0.084
[2015.01.23-16.12.06:684][451]LogParticles: Destroying 0 GPU particle simulations for FXSystem 0x0000007B189BD760
[2015.01.23-16.12.09:662][509]BlueprintLog: New page: Compile BattleHUD
[2015.01.23-16.12.09:854][509]BlueprintEditorCompileResults: Info [0426.08] Compile of BattleHUD successful! [in 164 ms]
[2015.01.23-16.12.11:111][525]Cmd: OBJ SAVEPACKAGE PACKAGE="/Game/Blueprints/BattleHUD" FILE="../../../../../../Users/Zim/Documents/Unreal Projects/KodainaKingdom/Content/Blueprints/BattleHUD.uasset" SILENT=true
[2015.01.23-16.12.11:254][525]LogSavePackage: Save=46.518829ms
[2015.01.23-16.12.11:254][525]LogSavePackage: Moving '../../../../../../Users/Zim/Documents/Unreal Projects/KodainaKingdom/Saved/BattleHUD4F6AE884437527C2D756BEAAAFC30E3F.tmp' to '../../../../../../Users/Zim/Documents/Unreal Projects/KodainaKingdom/Content/Blueprints/BattleHUD.uasset'
[2015.01.23-16.12.27:180][766]Cmd: OBJ SAVEPACKAGE PACKAGE="/Game/Blueprints/BattleHUD" FILE="../../../../../../Users/Zim/Documents/Unreal Projects/KodainaKingdom/Content/Blueprints/BattleHUD.uasset" SILENT=true
[2015.01.23-16.12.27:320][766]LogSavePackage: Save=47.095707ms
[2015.01.23-16.12.27:320][766]LogSavePackage: Moving '../../../../../../Users/Zim/Documents/Unreal Projects/KodainaKingdom/Saved/BattleHUD6672E94B4F649780B2AF0AB742D5372C.tmp' to '../../../../../../Users/Zim/Documents/Unreal Projects/KodainaKingdom/Content/Blueprints/BattleHUD.uasset'
[2015.01.23-16.12.37:266][922]Cmd: OBJ SAVEPACKAGE PACKAGE="/Game/Blueprints/BattleHUD" FILE="../../../../../../Users/Zim/Documents/Unreal Projects/KodainaKingdom/Content/Blueprints/BattleHUD.uasset" SILENT=true
[2015.01.23-16.12.37:408][922]LogSavePackage: Save=47.794460ms
[2015.01.23-16.12.37:408][922]LogSavePackage: Moving '../../../../../../Users/Zim/Documents/Unreal Projects/KodainaKingdom/Saved/BattleHUD2B83B1D94B12409D50536485EE5DEA8F.tmp' to '../../../../../../Users/Zim/Documents/Unreal Projects/KodainaKingdom/Content/Blueprints/BattleHUD.uasset'
[2015.01.23-16.12.58:200][157]LogParticles: Destroying 0 GPU particle simulations for FXSystem 0x0000007B2DD95D00
[2015.01.23-16.12.59:819][194]Cmd: QUIT_EDITOR
[2015.01.23-16.13.00:204][194]LogExit: Preparing to exit.
[2015.01.23-16.13.01:080][194]LogExit: Editor shut down
[2015.01.23-16.13.01:080][194]LogExit: Transaction tracking system shut down
[2015.01.23-16.13.01:080][194]LogParticles: Destroying 0 GPU particle simulations for FXSystem 0x0000007B165E13A0
[2015.01.23-16.13.01:081][194]LogParticles: Destroying 0 GPU particle simulations for FXSystem 0x0000007B26B2E200
[2015.01.23-16.13.01:128][194]LogExit: Object subsystem successfully closed.
[2015.01.23-16.13.01:173][194]LogModuleManager: Shutting down and abandoning module Merge (174)
[2015.01.23-16.13.01:173][194]LogModuleManager: Shutting down and abandoning module SequencerWidgets (173)
[2015.01.23-16.13.01:173][194]LogModuleManager: Shutting down and abandoning module AndroidDeviceDetection (172)
[2015.01.23-16.13.01:173][194]LogModuleManager: Shutting down and abandoning module CrashTracker (171)
[2015.01.23-16.13.01:173][194]LogModuleManager: Shutting down and abandoning module SuperSearch (170)
[2015.01.23-16.13.01:173][194]LogModuleManager: Shutting down and abandoning module SceneOutliner (169)
[2015.01.23-16.13.01:173][194]LogModuleManager: Shutting down and abandoning module EditorWidgets (168)
[2015.01.23-16.13.01:173][194]LogModuleManager: Shutting down and abandoning module CollectionManager (167)
[2015.01.23-16.13.01:173][194]LogModuleManager: Shutting down and abandoning module StatsViewer (166)
[2015.01.23-16.13.01:173][194]LogModuleManager: Shutting down and abandoning module FoliageEdit (165)
[2015.01.23-16.13.01:173][194]LogModuleManager: Shutting down and abandoning module LandscapeEditor (164)
[2015.01.23-16.13.01:173][194]LogModuleManager: Shutting down and abandoning module MeshPaint (163)
[2015.01.23-16.13.01:173][194]LogModuleManager: Shutting down and abandoning module ActorPickerMode (162)
[2015.01.23-16.13.01:173][194]LogModuleManager: Shutting down and abandoning module GeometryMode (161)
[2015.01.23-16.13.01:173][194]LogModuleManager: Shutting down and abandoning module TextureAlignMode (160)
[2015.01.23-16.13.01:173][194]LogModuleManager: Shutting down and abandoning module BspMode (159)
[2015.01.23-16.13.01:173][194]LogModuleManager: Shutting down and abandoning module PlacementMode (158)
[2015.01.23-16.13.01:173][194]LogModuleManager: Shutting down and abandoning module AutomationWorker (157)
[2015.01.23-16.13.01:173][194]LogModuleManager: Shutting down and abandoning module CharacterAI (156)
[2015.01.23-16.13.01:173][194]LogModuleManager: Shutting down and abandoning module GameProjectGeneration (155)
[2015.01.23-16.13.01:173][194]LogModuleManager: Shutting down and abandoning module IntroTutorials (154)
[2015.01.23-16.13.01:173][194]LogModuleManager: Shutting down and abandoning module EditorLiveStreaming (153)
[2015.01.23-16.13.01:173][194]LogModuleManager: Shutting down and abandoning module HardwareTargeting (152)
[2015.01.23-16.13.01:173][194]LogModuleManager: Shutting down and abandoning module DeviceProfileEditor (151)
[2015.01.23-16.13.01:173][194]LogModuleManager: Shutting down and abandoning module UndoHistory (150)
[2015.01.23-16.13.01:173][194]LogModuleManager: Shutting down and abandoning module GameplayTagsEditor (149)
[2015.01.23-16.13.01:173][194]LogModuleManager: Shutting down and abandoning module UserFeedback (148)
[2015.01.23-16.13.01:173][194]LogModuleManager: Shutting down and abandoning module XmlParser (147)
[2015.01.23-16.13.01:173][194]LogModuleManager: Shutting down and abandoning module Blutility (146)
[2015.01.23-16.13.01:173][194]LogModuleManager: Shutting down and abandoning module IOSPlatformEditor (145)
[2015.01.23-16.13.01:173][194]LogModuleManager: Shutting down and abandoning module IOSRuntimeSettings (144)
[2015.01.23-16.13.01:173][194]LogModuleManager: Shutting down and abandoning module AndroidPlatformEditor (143)
[2015.01.23-16.13.01:174][194]LogModuleManager: Shutting down and abandoning module AndroidRuntimeSettings (142)
[2015.01.23-16.13.01:174][194]LogModuleManager: Shutting down and abandoning module ProjectTargetPlatformEditor (141)
[2015.01.23-16.13.01:174][194]LogModuleManager: Shutting down and abandoning module ProjectSettingsViewer (140)
[2015.01.23-16.13.01:174][194]LogModuleManager: Shutting down and abandoning module InputBindingEditor (139)
[2015.01.23-16.13.01:174][194]LogModuleManager: Shutting down and abandoning module EditorSettingsViewer (138)
[2015.01.23-16.13.01:174][194]LogModuleManager: Shutting down and abandoning module SettingsEditor (137)
[2015.01.23-16.13.01:174][194]LogModuleManager: Shutting down and abandoning module ProjectLauncher (136)
[2015.01.23-16.13.01:174][194]LogModuleManager: Shutting down and abandoning module SessionFrontend (135)
[2015.01.23-16.13.01:174][194]LogModuleManager: Shutting down and abandoning module ProfilerClient (134)
[2015.01.23-16.13.01:174][194]LogModuleManager: Shutting down and abandoning module TargetDeviceServices (133)
[2015.01.23-16.13.01:174][194]LogModuleManager: Shutting down and abandoning module DeviceManager (132)
[2015.01.23-16.13.01:174][194]LogModuleManager: Shutting down and abandoning module AutomationController (131)
[2015.01.23-16.13.01:174][194]LogModuleManager: Shutting down and abandoning module AutomationWindow (130)
[2015.01.23-16.13.01:174][194]LogModuleManager: Shutting down and abandoning module Layers (129)
[2015.01.23-16.13.01:174][194]LogModuleManager: Shutting down and abandoning module ComponentVisualizers (128)
[2015.01.23-16.13.01:174][194]LogModuleManager: Shutting down and abandoning module DetailCustomizations (127)
[2015.01.23-16.13.01:174][194]LogModuleManager: Shutting down and abandoning module PackagesDialog (126)
[2015.01.23-16.13.01:174][194]LogModuleManager: Shutting down and abandoning module AssetRegistry (125)
[2015.01.23-16.13.01:265][194]LogModuleManager: Shutting down and abandoning module Persona (124)
[2015.01.23-16.13.01:265][194]LogModuleManager: Shutting down and abandoning module Kismet (123)
[2015.01.23-16.13.01:265][194]LogModuleManager: Shutting down and abandoning module GraphEditor (122)
[2015.01.23-16.13.01:265][194]LogModuleManager: Shutting down and abandoning module ClassViewer (121)
[2015.01.23-16.13.01:265][194]LogModuleManager: Shutting down and abandoning module Toolbox (120)
[2015.01.23-16.13.01:265][194]LogModuleManager: Shutting down and abandoning module ModuleUI (119)
[2015.01.23-16.13.01:265][194]LogModuleManager: Shutting down and abandoning module MovieSceneTools (118)
[2015.01.23-16.13.01:265][194]LogModuleManager: Shutting down and abandoning module OutputLog (117)
[2015.01.23-16.13.01:265][194]LogModuleManager: Shutting down and abandoning module GammaUI (116)
[2015.01.23-16.13.01:265][194]LogModuleManager: Shutting down and abandoning module Documentation (115)
[2015.01.23-16.13.01:265][194]LogModuleManager: Shutting down and abandoning module GameLiveStreaming (114)
[2015.01.23-16.13.01:265][194]LogModuleManager: Shutting down and abandoning module StreamingPauseRendering (113)
[2015.01.23-16.13.01:265][194]LogModuleManager: Shutting down and abandoning module HTTP (112)
[2015.01.23-16.13.01:265][194]LogModuleManager: Shutting down and abandoning module AnalyticsET (111)
[2015.01.23-16.13.01:265][194]LogModuleManager: Shutting down and abandoning module Analytics (110)
[2015.01.23-16.13.01:265][194]LogModuleManager: Shutting down and abandoning module AITestSuite (109)
[2015.01.23-16.13.01:265][194]LogModuleManager: Shutting down and abandoning module AIModule (108)
[2015.01.23-16.13.01:265][194]LogModuleManager: Shutting down and abandoning module ProfilerService (107)
[2015.01.23-16.13.01:311][194]LogModuleManager: Shutting down and abandoning module TaskGraph (106)
[2015.01.23-16.13.01:311][194]LogModuleManager: Shutting down and abandoning module GameplayDebugger (105)
[2015.01.23-16.13.01:311][194]LogModuleManager: Shutting down and abandoning module SlateRemote (104)
[2015.01.23-16.13.01:311][194]LogModuleManager: Shutting down and abandoning module ScriptEditorPlugin (103)
[2015.01.23-16.13.01:311][194]LogModuleManager: Shutting down and abandoning module CustomMeshComponent (102)
[2015.01.23-16.13.01:311][194]LogModuleManager: Shutting down and abandoning module CableComponent (101)
[2015.01.23-16.13.01:311][194]LogModuleManager: Shutting down and abandoning module MessagingDebugger (100)
[2015.01.23-16.13.01:311][194]LogModuleManager: Shutting down and abandoning module MediaPlayerEditor (99)
[2015.01.23-16.13.01:311][194]LogModuleManager: Shutting down and abandoning module SpeedTreeImporter (98)
[2015.01.23-16.13.01:311][194]LogModuleManager: Shutting down and abandoning module PluginsEditor (97)
[2015.01.23-16.13.01:311][194]LogModuleManager: Shutting down and abandoning module EpicSurvey (96)
[2015.01.23-16.13.01:311][194]LogModuleManager: Shutting down and abandoning module DesktopPlatform (95)
[2015.01.23-16.13.01:311][194]LogModuleManager: Shutting down and abandoning module VisualStudioSourceCodeAccess (94)
[2015.01.23-16.13.01:311][194]LogModuleManager: Shutting down and abandoning module UObjectPlugin (93)
[2015.01.23-16.13.01:311][194]LogModuleManager: Shutting down and abandoning module SubversionSourceControl (92)
[2015.01.23-16.13.01:311][194]LogModuleManager: Shutting down and abandoning module SourceControl (91)
[2015.01.23-16.13.01:311][194]LogModuleManager: Shutting down and abandoning module PerforceSourceControl (90)
[2015.01.23-16.13.01:311][194]LogModuleManager: Shutting down and abandoning module BlankPlugin (89)
[2015.01.23-16.13.01:311][194]LogModuleManager: Shutting down and abandoning module SlateReflector (88)
[2015.01.23-16.13.01:311][194]LogModuleManager: Shutting down and abandoning module DirectoryWatcher (87)
[2015.01.23-16.13.01:311][194]LogModuleManager: Shutting down and abandoning module HotReload (86)
[2015.01.23-16.13.01:311][194]LogModuleManager: Shutting down and abandoning module MainFrame (85)
[2015.01.23-16.13.01:312][194]LogModuleManager: Shutting down and abandoning module LevelEditor (84)
[2015.01.23-16.13.01:313][194]LogModuleManager: Shutting down and abandoning module ViewportSnapping (83)
[2015.01.23-16.13.01:313][194]LogModuleManager: Shutting down and abandoning module SmartSnapping (82)
[2015.01.23-16.13.01:313][194]LogModuleManager: Shutting down and abandoning module PaperTiledImporter (81)
[2015.01.23-16.13.01:313][194]LogModuleManager: Shutting down and abandoning module PaperJsonImporter (80)
[2015.01.23-16.13.01:313][194]LogModuleManager: Shutting down and abandoning module ContentBrowser (79)
[2015.01.23-16.13.01:313][194]LogModuleManager: Shutting down and abandoning module Paper2DEditor (78)
[2015.01.23-16.13.01:313][194]LogModuleManager: Shutting down and abandoning module ScriptPlugin (77)
[2015.01.23-16.13.01:313][194]LogModuleManager: Shutting down and abandoning module UdpMessaging (76)
[2015.01.23-16.13.01:413][194]LogModuleManager: Shutting down and abandoning module Paper2D (75)
[2015.01.23-16.13.01:413][194]LogModuleManager: Shutting down and abandoning module UE4Game (74)
[2015.01.23-16.13.01:413][194]LogModuleManager: Shutting down and abandoning module WindowsMoviePlayer (73)
[2015.01.23-16.13.01:415][194]LogModuleManager: Shutting down and abandoning module Media (72)
[2015.01.23-16.13.01:415][194]LogModuleManager: Shutting down and abandoning module WmfMedia (71)
[2015.01.23-16.13.01:416][194]LogModuleManager: Shutting down and abandoning module OnlineBlueprintSupport (70)
[2015.01.23-16.13.01:416][194]LogModuleManager: Shutting down and abandoning module PropertyEditor (69)
[2015.01.23-16.13.01:416][194]LogModuleManager: Shutting down and abandoning module BehaviorTreeEditor (68)
[2015.01.23-16.13.01:416][194]LogModuleManager: Shutting down and abandoning module FunctionalTesting (67)
[2015.01.23-16.13.01:416][194]LogModuleManager: Shutting down and abandoning module CollisionAnalyzer (66)
[2015.01.23-16.13.01:416][194]LogModuleManager: Shutting down and abandoning module WorkspaceMenuStructure (65)
[2015.01.23-16.13.01:416][194]LogModuleManager: Shutting down and abandoning module MessageLog (64)
[2015.01.23-16.13.01:416][194]LogModuleManager: Shutting down and abandoning module Sequencer (63)
[2015.01.23-16.13.01:416][194]LogModuleManager: Shutting down and abandoning module AssetTools (62)
[2015.01.23-16.13.01:416][194]LogModuleManager: Shutting down and abandoning module UMGEditor (61)
[2015.01.23-16.13.01:416][194]LogModuleManager: Shutting down and abandoning module UMG (60)
[2015.01.23-16.13.01:416][194]LogModuleManager: Shutting down and abandoning module Slate (59)
[2015.01.23-16.13.01:416][194]LogModuleManager: Shutting down and abandoning module EditorStyle (58)
[2015.01.23-16.13.01:419][194]LogModuleManager: Shutting down and abandoning module SessionServices (57)
[2015.01.23-16.13.01:419][194]LogModuleManager: Shutting down and abandoning module SourceCodeAccess (56)
[2015.01.23-16.13.01:419][194]LogModuleManager: Shutting down and abandoning module HeadMountedDisplay (55)
[2015.01.23-16.13.01:419][194]LogModuleManager: Shutting down and abandoning module XAudio2 (54)
[2015.01.23-16.13.01:419][194]LogModuleManager: Shutting down and abandoning module Networking (52)
[2015.01.23-16.13.01:419][194]LogModuleManager: Shutting down and abandoning module Core (51)
[2015.01.23-16.13.01:419][194]LogModuleManager: Shutting down and abandoning module KismetCompiler (50)
[2015.01.23-16.13.01:419][194]LogModuleManager: Shutting down and abandoning module PhysXFormats (49)
[2015.01.23-16.13.01:419][194]LogModuleManager: Shutting down and abandoning module MeshUtilities (48)
[2015.01.23-16.13.01:419][194]LogModuleManager: Shutting down and abandoning module DerivedDataCache (47)
[2015.01.23-16.13.01:515][194]LogDerivedDataCache: Shutdown
[2015.01.23-16.13.01:515][194]LogModuleManager: Shutting down and abandoning module ShaderFormatOpenGL (46)
[2015.01.23-16.13.01:515][194]LogModuleManager: Shutting down and abandoning module ShaderFormatD3D (45)
[2015.01.23-16.13.01:515][194]LogModuleManager: Shutting down and abandoning module MetalShaderFormat (44)
[2015.01.23-16.13.01:515][194]LogModuleManager: Shutting down and abandoning module TextureFormatUncompressed (43)
[2015.01.23-16.13.01:515][194]LogModuleManager: Shutting down and abandoning module TextureFormatPVR (42)
[2015.01.23-16.13.01:515][194]LogModuleManager: Shutting down and abandoning module TextureFormatDXT (41)
[2015.01.23-16.13.01:515][194]LogModuleManager: Shutting down and abandoning module TextureFormatAndroid (40)
[2015.01.23-16.13.01:515][194]LogModuleManager: Shutting down and abandoning module AudioFormatOpus (39)
[2015.01.23-16.13.01:515][194]LogModuleManager: Shutting down and abandoning module AudioFormatOgg (38)
[2015.01.23-16.13.01:515][194]LogModuleManager: Shutting down and abandoning module AudioFormatADPCM (37)
[2015.01.23-16.13.01:515][194]LogModuleManager: Shutting down and abandoning module LinuxTargetPlatform (36)
[2015.01.23-16.13.01:515][194]LogModuleManager: Shutting down and abandoning module LinuxServerTargetPlatform (35)
[2015.01.23-16.13.01:515][194]LogModuleManager: Shutting down and abandoning module LinuxNoEditorTargetPlatform (34)
[2015.01.23-16.13.01:515][194]LogModuleManager: Shutting down and abandoning module Messaging (33)
[2015.01.23-16.13.01:515][194]LogModuleManager: Shutting down and abandoning module IOSTargetPlatform (32)
[2015.01.23-16.13.01:515][194]LogModuleManager: Shutting down and abandoning module Android_PVRTCTargetPlatform (31)
[2015.01.23-16.13.01:515][194]LogModuleManager: Shutting down and abandoning module Android_ETC2TargetPlatform (30)
[2015.01.23-16.13.01:515][194]LogModuleManager: Shutting down and abandoning module Android_ETC1TargetPlatform (29)
[2015.01.23-16.13.01:515][194]LogModuleManager: Shutting down and abandoning module Android_DXTTargetPlatform (28)
[2015.01.23-16.13.01:515][194]LogModuleManager: Shutting down and abandoning module Android_ATCTargetPlatform (27)
[2015.01.23-16.13.01:515][194]LogModuleManager: Shutting down and abandoning module AndroidTargetPlatform (26)
[2015.01.23-16.13.01:515][194]LogModuleManager: Shutting down and abandoning module WindowsTargetPlatform (25)
[2015.01.23-16.13.01:515][194]LogModuleManager: Shutting down and abandoning module WindowsServerTargetPlatform (24)
[2015.01.23-16.13.01:515][194]LogModuleManager: Shutting down and abandoning module WindowsNoEditorTargetPlatform (23)
[2015.01.23-16.13.01:515][194]LogModuleManager: Shutting down and abandoning module WindowsClientTargetPlatform (22)
[2015.01.23-16.13.01:515][194]LogModuleManager: Shutting down and abandoning module TargetPlatform (21)
[2015.01.23-16.13.01:515][194]LogModuleManager: Shutting down and abandoning module InputCore (20)
[2015.01.23-16.13.01:515][194]LogModuleManager: Shutting down and abandoning module Settings (19)
[2015.01.23-16.13.01:515][194]LogModuleManager: Shutting down and abandoning module ImageWrapper (18)
[2015.01.23-16.13.01:515][194]LogModuleManager: Shutting down and abandoning module OculusRift (15)
[2015.01.23-16.13.01:515][194]LogModuleManager: Shutting down and abandoning module ExampleDeviceProfileSelector (14)
[2015.01.23-16.13.01:515][194]LogModuleManager: Shutting down and abandoning module TextureCompressor (13)
[2015.01.23-16.13.01:515][194]LogModuleManager: Shutting down and abandoning module ShaderCore (12)
[2015.01.23-16.13.01:515][194]LogModuleManager: Shutting down and abandoning module Landscape (11)
[2015.01.23-16.13.01:515][194]LogModuleManager: Shutting down and abandoning module SlateRHIRenderer (10)
[2015.01.23-16.13.01:517][194]LogModuleManager: Shutting down and abandoning module OpenGLDrv (9)
[2015.01.23-16.13.01:517][194]LogModuleManager: Shutting down and abandoning module D3D11RHI (8)
[2015.01.23-16.13.01:517][194]LogModuleManager: Shutting down and abandoning module Renderer (7)
[2015.01.23-16.13.01:517][194]LogModuleManager: Shutting down and abandoning module Engine (6)
[2015.01.23-16.13.01:517][194]LogModuleManager: Shutting down and abandoning module CoreUObject (5)
[2015.01.23-16.13.01:517][194]LogModuleManager: Shutting down and abandoning module NetworkFile (4)
[2015.01.23-16.13.01:517][194]LogModuleManager: Shutting down and abandoning module StreamingFile (3)
[2015.01.23-16.13.01:517][194]LogModuleManager: Shutting down and abandoning module SandboxFile (2)
[2015.01.23-16.13.01:517][194]LogModuleManager: Shutting down and abandoning module PakFile (1)
[2015.01.23-16.13.01:519][194]LogExit: Exiting.
[2015.01.23-16.13.01:523][194]Log file closed, 01/23/15 11:13:01
