Log file open, 02/24/15 23:07:41
LogInit:Display: Running engine for game: KodainaKingdom
LogInit: Version: 4.6.1-2386410+++depot+UE4-Releases+4.6
LogInit: API Version: 2369412
LogInit: Compiled (64-bit): Dec 11 2014 21:31:39
LogInit: Compiled with Visual C++: 18.00.21005.01
LogInit: Build Configuration: Development
LogInit: Branch Name: ++depot+UE4-Releases+4.6
LogInit: Command line:  
LogInit: Base directory: C:/Program Files/UE45/Epic Games/4.6/Engine/Binaries/Win64/
LogInit: Rocket: 1
[2015.02.25-04.07.41:387][  0]LogTaskGraph: Started task graph with 3 named threads and 6 total threads.
[2015.02.25-04.07.41:482][  0]LogOnline:Warning: No default platform service specified for OnlineSubsystem
[2015.02.25-04.07.41:550][  0]LogInit: Presizing for 0 objects not considered by GC, pre-allocating 0 bytes.
[2015.02.25-04.07.41:557][  0]LogInit: Object subsystem initialized
[2015.02.25-04.07.41:558][  0]LogConsoleResponse:Warning: Skipping Unknown console variable: 'UIScaleRule = ShortestSide'
[2015.02.25-04.07.41:558][  0]LogConsoleResponse:Warning:   Found in ini file 'C:/Users/Owner/Documents/Unreal Projects/Kodaina/Saved/Config/Windows/Engine.ini', in section '[/Script/Engine.RendererSettings]'
[2015.02.25-04.07.41:558][  0]LogConsoleResponse:Warning: Skipping Unknown console variable: 'UIScaleCurve = (EditorCurveData=(Keys=),ExternalCurve=None)'
[2015.02.25-04.07.41:558][  0]LogConsoleResponse:Warning:   Found in ini file 'C:/Users/Owner/Documents/Unreal Projects/Kodaina/Saved/Config/Windows/Engine.ini', in section '[/Script/Engine.RendererSettings]'
[2015.02.25-04.07.41:558][  0]LogConsoleManager:Warning: Console variable 'r.MSAA.CompositingSampleCount' wasn't set (Priority ProjectSetting < Scalability)
[2015.02.25-04.07.41:559][  0]LogInit: Selected Device Profile: [Windows]
[2015.02.25-04.07.41:559][  0]LogInit: Applying CVar settings loaded from the selected device profile: [Windows]
[2015.02.25-04.07.41:566][  0]LogInit: Computer: ASUS
[2015.02.25-04.07.41:566][  0]LogInit: User: Owner
[2015.02.25-04.07.41:566][  0]LogInit: CPU Page size=4096, Cores=4
[2015.02.25-04.07.41:566][  0]LogInit: High frequency timer resolution =2.338343 MHz
[2015.02.25-04.07.41:566][  0]LogMemory: Memory total: Physical=15.9GB (16GB approx) Virtual=131072.0GB
[2015.02.25-04.07.41:566][  0]LogMemory: Platform Memory Stats for Windows
[2015.02.25-04.07.41:566][  0]LogMemory: Process Physical Memory: 48.98 MB used, 48.98 MB peak
[2015.02.25-04.07.41:566][  0]LogMemory: Process Virtual Memory: 25.09 MB used, 25.10 MB peak
[2015.02.25-04.07.41:566][  0]LogMemory: Physical Memory: 3639.24 MB used, 16267.18 MB total
[2015.02.25-04.07.41:566][  0]LogMemory: Virtual Memory: 274.83 MB used, 134217728.00 MB total
[2015.02.25-04.07.41:654][  0]LogD3D11RHI: Found D3D11 adapter 0: Intel(R) HD Graphics 4600 (Feature Level 11_0)
[2015.02.25-04.07.41:654][  0]LogD3D11RHI: Adapter has 32MB of dedicated video memory, 0MB of dedicated system memory, and 1760MB of shared system memory, 1 output[s]
[2015.02.25-04.07.41:670][  0]LogD3D11RHI: Found D3D11 adapter 1: NVIDIA GeForce GT 750M (Feature Level 11_0)
[2015.02.25-04.07.41:670][  0]LogD3D11RHI: Adapter has 1988MB of dedicated video memory, 0MB of dedicated system memory, and 2048MB of shared system memory, 0 output[s]
[2015.02.25-04.07.41:671][  0]LogD3D11RHI: Found D3D11 adapter 2: Microsoft Basic Render Driver (Feature Level 11_0)
[2015.02.25-04.07.41:671][  0]LogD3D11RHI: Adapter has 0MB of dedicated video memory, 0MB of dedicated system memory, and 256MB of shared system memory, 0 output[s]
[2015.02.25-04.07.41:671][  0]LogD3D11RHI: Chosen D3D11 Adapter Id = 0
[2015.02.25-04.07.41:676][  0]LogRHI: Texture pool is 1361 MB (70% of 1945 MB)
[2015.02.25-04.07.41:690][  0]LogD3D11RHI: Async texture creation enabled
[2015.02.25-04.07.41:877][  0]LogTextLocalizationManager: The requested culture ('en_US') has no localization data; parent culture's ('en') localization data will be used.
[2015.02.25-04.07.42:000][  0]LogContentStreaming: Texture pool size is 0.000000MB
[2015.02.25-04.07.47:207][  0]LogTargetPlatformManager:Display: Building Assets For Windows
[2015.02.25-04.07.47:851][  0]LogTargetPlatformManager:Display: Building Assets For Windows
[2015.02.25-04.07.47:930][  0]LogDerivedDataCache:Display: Max Cache Size: 512 MB
[2015.02.25-04.07.47:971][  0]LogDerivedDataCache: Loaded boot cache 0.04s 39MB C:/Users/Owner/AppData/Local/UnrealEngine/4.6/DerivedDataCache/Boot.ddc.
[2015.02.25-04.07.47:971][  0]LogDerivedDataCache:Display: Loaded Boot cache: C:/Users/Owner/AppData/Local/UnrealEngine/4.6/DerivedDataCache/Boot.ddc
[2015.02.25-04.07.47:971][  0]LogDerivedDataCache: FDerivedDataBackendGraph:  Pak pak cache file ../../../../../../../Users/Owner/Documents/Unreal Projects/Kodaina/DerivedDataCache/DDC.ddp not found, will not use a pak cache.
[2015.02.25-04.07.47:971][  0]LogDerivedDataCache: Unable to find inner node Pak for hierarchical cache Hierarchy.
[2015.02.25-04.07.48:028][  0]LogDerivedDataCache:Display: Pak cache opened for reading ../../../Engine/DerivedDataCache/DDC.ddp.
[2015.02.25-04.07.48:041][  0]LogDerivedDataCache: Using Local data cache path C:/Users/Owner/AppData/Local/UnrealEngine/Common/DerivedDataCache: Writable
[2015.02.25-04.07.48:295][  0]LogCollisionProfile:Warning: Profile (UI) - Custom Channel Name = 'Weapon' hasn't been found
[2015.02.25-04.07.48:735][  0]LogMeshUtilities: No automatic mesh reduction module available
[2015.02.25-04.07.48:735][  0]LogMeshUtilities: No automatic mesh merging module available
[2015.02.25-04.07.49:283][  0]LogInit: WinSock: version 1.1 (2.2), MaxSocks=32767, MaxUdp=65467
[2015.02.25-04.07.49:398][  0]LogSlate:Warning: Failed to load font data from '../../../Engine/Content/Slate/Fonts/Roboto-Italic.ttf'
[2015.02.25-04.07.50:851][  0]UdpMessaging: Initializing bridge on interface 0.0.0.0:0 to multicast group 230.0.0.1:6666.
[2015.02.25-04.07.51:334][  0]LogDirectoryWatcher:Warning: Failed to begin reading directory changes for C:/Users/Owner/Documents/Unreal Projects/Kodaina/Binaries/Win64. Error: 0
[2015.02.25-04.07.51:687][  0]SourceControl: Info Source control is disabled
[2015.02.25-04.07.51:687][  0]SourceControl: Info Source control is disabled
[2015.02.25-04.07.51:699][  0]SourceControl: Info Source control is disabled
[2015.02.25-04.07.51:980][  0]LogObj: 24370 objects as part of root set at end of initial load.
[2015.02.25-04.07.51:981][  0]LogUObjectAllocator: 5269600 out of 0 bytes used by permanent object pool.
[2015.02.25-04.07.52:062][  0]LogEngine: Initializing Engine...
[2015.02.25-04.07.52:771][  0]LogInit: XAudio2 using 'Speakers (Realtek High Definition Audio)' : 2 channels at 48 kHz using 32 bits per sample (channel mask 0x3)
[2015.02.25-04.07.52:920][  0]LogInit: FAudioDevice initialized.
[2015.02.25-04.07.52:976][  0]LogAIModule: Creating AISystem for world NewWorld
[2015.02.25-04.07.53:003][  0]LogDerivedDataCache: Saved boot cache 0.03s 53MB C:/Users/Owner/AppData/Local/UnrealEngine/4.6/DerivedDataCache/Boot.ddc.
[2015.02.25-04.07.53:006][  0]LogInit: Texture streaming: Enabled
[2015.02.25-04.07.53:061][  0]LogAnalytics: Creating configured Analytics provider AnalyticsET
[2015.02.25-04.07.53:061][  0]LogAnalytics: ET APIKey = Rocket.Release. APIServer = http://et2.epicgames.com/ET2/. AppVersion = 4.6.1-2386410+++depot+UE4-Releases+4.6
[2015.02.25-04.07.53:063][  0]LogAnalytics: SetUserId d53fbd01599cddc5eda2e5a33cd9f114
[2015.02.25-04.07.53:063][  0]LogAnalytics: AnalyticsET::StartSession [Rocket.Release]
[2015.02.25-04.07.53:092][  0]LogInit: Transaction tracking system initialized
[2015.02.25-04.07.53:315][  0]BlueprintLog: New page: Editor Load
[2015.02.25-04.07.53:382][  0]LogAssetRegistry: FAssetRegistry took 0.0102 seconds to start up
[2015.02.25-04.07.53:383][  0]LogDirectoryWatcher:Warning: Failed to begin reading directory changes for ../../../Engine/Plugins/Experimental/CharacterAI/Content/. Error: 0
[2015.02.25-04.07.54:180][  0]LogTargetPlatformManager:Display: Building Assets For Windows
[2015.02.25-04.07.54:616][  0]LogTargetPlatformManager:Display: Building Assets For Windows
[2015.02.25-04.07.55:000][  0]LogConsoleResponse:Display: 
[2015.02.25-04.07.55:402][  0]LogLinker:Warning: Asset '../../../Engine/Content/Functions/Engine_MaterialFunctions03/Procedurals/ComputeFilterWidth.uasset' has been saved with empty engine version. The asset will be loaded but may be incompatible.
[2015.02.25-04.07.55:887][  0]SourceControl: Info Source control is disabled
[2015.02.25-04.07.55:887][  0]Cmd: MAP LOAD FILE="../../../../../../../Users/Owner/Documents/Unreal Projects/Kodaina/Content/Maps/TestLevel.umap" TEMPLATE=0 SHOWPROGRESS=1
[2015.02.25-04.07.55:913][  0]LightingResults: New page: Lighting Build
[2015.02.25-04.07.55:931][  0]MapCheck: New page: Map Check
[2015.02.25-04.07.55:931][  0]LightingResults: New page: Lighting Build
[2015.02.25-04.07.55:953][  0]LogParticles: Destroying 0 GPU particle simulations for FXSystem 0x0000006F4F8E39C0
[2015.02.25-04.08.02:539][  0]LogEditorServer: Finished looking for orphan Actors (0.000 secs)
[2015.02.25-04.08.02:539][  0]LogAIModule: Creating AISystem for world TestLevel
[2015.02.25-04.08.02:539][  0]Cmd: MAP CHECKDEP
[2015.02.25-04.08.02:539][  0]MapCheck: New page: TestLevel - Feb 24, 2015, 6:08:02 PM
[2015.02.25-04.08.02:741][  0]MapCheck: Info Map check complete: 0 Error(s), 0 Warning(s), took 201.288ms to complete.
[2015.02.25-04.08.02:741][  0]LogFileHelpers: Loading map 'TestLevel' took 6.853
[2015.02.25-04.08.02:847][  0]LogCollectionManager: Loaded 0 collections in 0.001864 seconds
[2015.02.25-04.08.03:128][  0]LogCrashTracker: Crashtracker disabled due to settings.
[2015.02.25-04.08.03:135][  0]LogUObjectGlobals:Warning: Failed to find object 'Class None.'
[2015.02.25-04.08.03:166][  0]LogLoad: Full Startup: 24.13 seconds (BP compile: 0.96 seconds)
[2015.02.25-04.08.03:698][  0]LogRenderer:Warning: Reallocating scene render targets to support 1168x880.
[2015.02.25-04.08.03:844][  1]LogContentBrowser:Verbose: The content browser source was changed by the sources view to '/Game/Textures'
[2015.02.25-04.08.09:184][ 17]LogAssetRegistry: Asset discovery search completed in 15.8132 seconds
[2015.02.25-04.08.18:838][ 53]LogEditorViewport: Clicking Background
[2015.02.25-04.08.21:290][195]BlueprintLog: New page: Pre-PIE auto-recompile
[2015.02.25-04.08.21:290][195]LogPlayLevel: [PIE] Compiling TestLevel before PIE...
[2015.02.25-04.08.21:372][195]LogActorComponent: UnregisterComponent: (/Engine/Transient.CharacterMovementComponent_0) Not registered. Aborting.
[2015.02.25-04.08.21:467][195]LogPlayLevel: PIE:  Blueprint regeneration took 177 ms (1 blueprints)
[2015.02.25-04.08.21:467][195]PIE: New page: PIE session: TestLevel (Feb 24, 2015, 6:08:21 PM)
[2015.02.25-04.08.21:472][195]LogPlayLevel: PIE: StaticDuplicateObject took: (0.005030s)
[2015.02.25-04.08.21:473][195]LogPlayLevel: PIE: World Init took: (0.000460s)
[2015.02.25-04.08.21:473][195]LogPlayLevel: PIE: Created PIE world by copying editor world from /Game/Maps/TestLevel.TestLevel to /Game/Maps/UEDPIE_0_TestLevel.TestLevel (0.005645s)
[2015.02.25-04.08.21:540][195]LogWorld: Game class is 'Kodaina_C'
[2015.02.25-04.08.21:542][195]LogAIModule: Creating AISystem for world TestLevel
[2015.02.25-04.08.21:545][195]LogWorld: Bringing World /Game/Maps/UEDPIE_0_TestLevel.TestLevel up for play (max tick rate 60) at 2015.02.24-23.08.21
[2015.02.25-04.08.21:546][195]LogWorld: Bringing up level for play took: 0.003037
[2015.02.25-04.08.21:553][195]PIE: Info Play in editor start time for /Game/Maps/UEDPIE_0_TestLevel 0.24
[2015.02.25-04.09.45:703][214]LogParticles: Destroying 0 GPU particle simulations for FXSystem 0x0000006F49162A20
[2015.02.25-04.09.47:625][324]LogContentBrowser:Verbose: The content browser source was changed by the sources view to '/Game/Blueprints'
[2015.02.25-04.09.51:552][512]LogMaterial: Missing cached shader map for material GridMaterial, compiling.
[2015.02.25-04.09.51:607][512]LogMaterial: Missing cached shader map for material PersonaFloorMat, compiling.
[2015.02.25-04.09.51:714][512]LogPropertyNode:Warning: UI Min (0.001) >= UI Max () for Ranged Numeric
[2015.02.25-04.09.51:719][512]LogPropertyNode:Warning: UI Min (0.001) >= UI Max () for Ranged Numeric
[2015.02.25-04.09.51:774][512]LogPropertyNode:Warning: UI Min (0.001) >= UI Max () for Ranged Numeric
[2015.02.25-04.09.51:775][512]LogPropertyNode:Warning: UI Min (0.001) >= UI Max () for Ranged Numeric
[2015.02.25-04.09.51:828][512]LogPropertyNode:Warning: UI Min (0.001) >= UI Max () for Ranged Numeric
[2015.02.25-04.09.51:830][512]LogPropertyNode:Warning: UI Min (0.001) >= UI Max () for Ranged Numeric
[2015.02.25-04.09.53:348][567]LogMaterial: Missing cached shader map for material LevelGridMaterial2, compiling.
[2015.02.25-04.09.53:401][568]LogRenderer:Warning: Reallocating scene render targets to support 1416x896.
[2015.02.25-04.17.18:263][861]LogActorComponent: UnregisterComponent: (/Engine/Transient.CharacterMovementComponent_1) Not registered. Aborting.
[2015.02.25-04.17.18:288][861]LogParticles: Destroying 0 GPU particle simulations for FXSystem 0x0000006F5712D940
[2015.02.25-04.17.18:858][862]Cmd: QUIT_EDITOR
[2015.02.25-04.17.19:237][862]LogExit: Preparing to exit.
[2015.02.25-04.17.20:382][862]LogExit: Editor shut down
[2015.02.25-04.17.20:383][862]LogExit: Transaction tracking system shut down
[2015.02.25-04.17.20:386][862]LogParticles: Destroying 0 GPU particle simulations for FXSystem 0x0000006F516F72E0
[2015.02.25-04.17.20:387][862]LogParticles: Destroying 0 GPU particle simulations for FXSystem 0x0000006F49087B00
[2015.02.25-04.17.20:445][862]LogExit: Object subsystem successfully closed.
[2015.02.25-04.17.20:554][862]LogModuleManager: Shutting down and abandoning module AndroidDeviceDetection (174)
[2015.02.25-04.17.20:554][862]LogModuleManager: Shutting down and abandoning module CrashTracker (173)
[2015.02.25-04.17.20:554][862]LogModuleManager: Shutting down and abandoning module SuperSearch (172)
[2015.02.25-04.17.20:554][862]LogModuleManager: Shutting down and abandoning module SceneOutliner (171)
[2015.02.25-04.17.20:554][862]LogModuleManager: Shutting down and abandoning module EditorWidgets (170)
[2015.02.25-04.17.20:554][862]LogModuleManager: Shutting down and abandoning module CollectionManager (169)
[2015.02.25-04.17.20:554][862]LogModuleManager: Shutting down and abandoning module StatsViewer (168)
[2015.02.25-04.17.20:554][862]LogModuleManager: Shutting down and abandoning module FoliageEdit (167)
[2015.02.25-04.17.20:554][862]LogModuleManager: Shutting down and abandoning module LandscapeEditor (166)
[2015.02.25-04.17.20:554][862]LogModuleManager: Shutting down and abandoning module MeshPaint (165)
[2015.02.25-04.17.20:555][862]LogModuleManager: Shutting down and abandoning module ActorPickerMode (164)
[2015.02.25-04.17.20:555][862]LogModuleManager: Shutting down and abandoning module GeometryMode (163)
[2015.02.25-04.17.20:555][862]LogModuleManager: Shutting down and abandoning module TextureAlignMode (162)
[2015.02.25-04.17.20:555][862]LogModuleManager: Shutting down and abandoning module BspMode (161)
[2015.02.25-04.17.20:555][862]LogModuleManager: Shutting down and abandoning module PlacementMode (160)
[2015.02.25-04.17.20:555][862]LogModuleManager: Shutting down and abandoning module AutomationWorker (159)
[2015.02.25-04.17.20:555][862]LogModuleManager: Shutting down and abandoning module CharacterAI (158)
[2015.02.25-04.17.20:555][862]LogModuleManager: Shutting down and abandoning module GameProjectGeneration (157)
[2015.02.25-04.17.20:555][862]LogModuleManager: Shutting down and abandoning module IntroTutorials (156)
[2015.02.25-04.17.20:555][862]LogModuleManager: Shutting down and abandoning module EditorLiveStreaming (155)
[2015.02.25-04.17.20:555][862]LogModuleManager: Shutting down and abandoning module HardwareTargeting (154)
[2015.02.25-04.17.20:555][862]LogModuleManager: Shutting down and abandoning module DeviceProfileEditor (153)
[2015.02.25-04.17.20:555][862]LogModuleManager: Shutting down and abandoning module UndoHistory (152)
[2015.02.25-04.17.20:555][862]LogModuleManager: Shutting down and abandoning module GameplayTagsEditor (151)
[2015.02.25-04.17.20:555][862]LogModuleManager: Shutting down and abandoning module UserFeedback (150)
[2015.02.25-04.17.20:555][862]LogModuleManager: Shutting down and abandoning module XmlParser (149)
[2015.02.25-04.17.20:555][862]LogModuleManager: Shutting down and abandoning module Blutility (148)
[2015.02.25-04.17.20:555][862]LogModuleManager: Shutting down and abandoning module IOSPlatformEditor (147)
[2015.02.25-04.17.20:555][862]LogModuleManager: Shutting down and abandoning module IOSRuntimeSettings (146)
[2015.02.25-04.17.20:555][862]LogModuleManager: Shutting down and abandoning module AndroidPlatformEditor (145)
[2015.02.25-04.17.20:555][862]LogModuleManager: Shutting down and abandoning module AndroidRuntimeSettings (144)
[2015.02.25-04.17.20:555][862]LogModuleManager: Shutting down and abandoning module ProjectTargetPlatformEditor (143)
[2015.02.25-04.17.20:555][862]LogModuleManager: Shutting down and abandoning module ProjectSettingsViewer (142)
[2015.02.25-04.17.20:555][862]LogModuleManager: Shutting down and abandoning module InputBindingEditor (141)
[2015.02.25-04.17.20:555][862]LogModuleManager: Shutting down and abandoning module EditorSettingsViewer (140)
[2015.02.25-04.17.20:555][862]LogModuleManager: Shutting down and abandoning module SettingsEditor (139)
[2015.02.25-04.17.20:555][862]LogModuleManager: Shutting down and abandoning module ProjectLauncher (138)
[2015.02.25-04.17.20:555][862]LogModuleManager: Shutting down and abandoning module SessionFrontend (137)
[2015.02.25-04.17.20:555][862]LogModuleManager: Shutting down and abandoning module ProfilerClient (136)
[2015.02.25-04.17.20:555][862]LogModuleManager: Shutting down and abandoning module TargetDeviceServices (135)
[2015.02.25-04.17.20:555][862]LogModuleManager: Shutting down and abandoning module DeviceManager (134)
[2015.02.25-04.17.20:556][862]LogModuleManager: Shutting down and abandoning module AutomationController (133)
[2015.02.25-04.17.20:556][862]LogModuleManager: Shutting down and abandoning module AutomationWindow (132)
[2015.02.25-04.17.20:556][862]LogModuleManager: Shutting down and abandoning module Layers (131)
[2015.02.25-04.17.20:556][862]LogModuleManager: Shutting down and abandoning module ComponentVisualizers (130)
[2015.02.25-04.17.20:556][862]LogModuleManager: Shutting down and abandoning module DetailCustomizations (129)
[2015.02.25-04.17.20:556][862]LogModuleManager: Shutting down and abandoning module PackagesDialog (128)
[2015.02.25-04.17.20:556][862]LogModuleManager: Shutting down and abandoning module AssetRegistry (127)
[2015.02.25-04.17.20:661][862]LogModuleManager: Shutting down and abandoning module Persona (126)
[2015.02.25-04.17.20:661][862]LogModuleManager: Shutting down and abandoning module Kismet (125)
[2015.02.25-04.17.20:661][862]LogModuleManager: Shutting down and abandoning module GraphEditor (124)
[2015.02.25-04.17.20:661][862]LogModuleManager: Shutting down and abandoning module ClassViewer (123)
[2015.02.25-04.17.20:661][862]LogModuleManager: Shutting down and abandoning module Toolbox (122)
[2015.02.25-04.17.20:661][862]LogModuleManager: Shutting down and abandoning module ModuleUI (121)
[2015.02.25-04.17.20:661][862]LogModuleManager: Shutting down and abandoning module MovieSceneTools (120)
[2015.02.25-04.17.20:661][862]LogModuleManager: Shutting down and abandoning module OutputLog (119)
[2015.02.25-04.17.20:661][862]LogModuleManager: Shutting down and abandoning module GammaUI (118)
[2015.02.25-04.17.20:661][862]LogModuleManager: Shutting down and abandoning module Documentation (117)
[2015.02.25-04.17.20:661][862]LogModuleManager: Shutting down and abandoning module GameLiveStreaming (116)
[2015.02.25-04.17.20:661][862]LogModuleManager: Shutting down and abandoning module StreamingPauseRendering (115)
[2015.02.25-04.17.20:661][862]LogModuleManager: Shutting down and abandoning module HTTP (114)
[2015.02.25-04.17.20:661][862]LogModuleManager: Shutting down and abandoning module AnalyticsET (113)
[2015.02.25-04.17.20:661][862]LogModuleManager: Shutting down and abandoning module Analytics (112)
[2015.02.25-04.17.20:661][862]LogModuleManager: Shutting down and abandoning module AITestSuite (111)
[2015.02.25-04.17.20:661][862]LogModuleManager: Shutting down and abandoning module AIModule (110)
[2015.02.25-04.17.20:661][862]LogModuleManager: Shutting down and abandoning module ProfilerService (109)
[2015.02.25-04.17.20:684][862]LogModuleManager: Shutting down and abandoning module TaskGraph (108)
[2015.02.25-04.17.20:684][862]LogModuleManager: Shutting down and abandoning module GameplayDebugger (107)
[2015.02.25-04.17.20:684][862]LogModuleManager: Shutting down and abandoning module SlateRemote (106)
[2015.02.25-04.17.20:684][862]LogModuleManager: Shutting down and abandoning module ScriptEditorPlugin (105)
[2015.02.25-04.17.20:684][862]LogModuleManager: Shutting down and abandoning module CustomMeshComponent (104)
[2015.02.25-04.17.20:684][862]LogModuleManager: Shutting down and abandoning module CableComponent (103)
[2015.02.25-04.17.20:684][862]LogModuleManager: Shutting down and abandoning module MessagingDebugger (102)
[2015.02.25-04.17.20:684][862]LogModuleManager: Shutting down and abandoning module MediaPlayerEditor (101)
[2015.02.25-04.17.20:684][862]LogModuleManager: Shutting down and abandoning module SpeedTreeImporter (100)
[2015.02.25-04.17.20:684][862]LogModuleManager: Shutting down and abandoning module PluginsEditor (99)
[2015.02.25-04.17.20:684][862]LogModuleManager: Shutting down and abandoning module EpicSurvey (98)
[2015.02.25-04.17.20:684][862]LogModuleManager: Shutting down and abandoning module DesktopPlatform (97)
[2015.02.25-04.17.20:684][862]LogModuleManager: Shutting down and abandoning module VisualStudioSourceCodeAccess (96)
[2015.02.25-04.17.20:684][862]LogModuleManager: Shutting down and abandoning module UObjectPlugin (95)
[2015.02.25-04.17.20:684][862]LogModuleManager: Shutting down and abandoning module SubversionSourceControl (94)
[2015.02.25-04.17.20:684][862]LogModuleManager: Shutting down and abandoning module SourceControl (93)
[2015.02.25-04.17.20:684][862]LogModuleManager: Shutting down and abandoning module PerforceSourceControl (92)
[2015.02.25-04.17.20:684][862]LogModuleManager: Shutting down and abandoning module BlankPlugin (91)
[2015.02.25-04.17.20:684][862]LogModuleManager: Shutting down and abandoning module SlateReflector (90)
[2015.02.25-04.17.20:684][862]LogModuleManager: Shutting down and abandoning module DirectoryWatcher (89)
[2015.02.25-04.17.20:684][862]LogModuleManager: Shutting down and abandoning module HotReload (88)
[2015.02.25-04.17.20:684][862]LogModuleManager: Shutting down and abandoning module MainFrame (87)
[2015.02.25-04.17.20:685][862]LogModuleManager: Shutting down and abandoning module LevelEditor (86)
[2015.02.25-04.17.20:686][862]LogModuleManager: Shutting down and abandoning module ViewportSnapping (85)
[2015.02.25-04.17.20:686][862]LogModuleManager: Shutting down and abandoning module SmartSnapping (84)
[2015.02.25-04.17.20:686][862]LogModuleManager: Shutting down and abandoning module PaperTiledImporter (83)
[2015.02.25-04.17.20:686][862]LogModuleManager: Shutting down and abandoning module PaperJsonImporter (82)
[2015.02.25-04.17.20:686][862]LogModuleManager: Shutting down and abandoning module ContentBrowser (81)
[2015.02.25-04.17.20:686][862]LogModuleManager: Shutting down and abandoning module Paper2DEditor (80)
[2015.02.25-04.17.20:686][862]LogModuleManager: Shutting down and abandoning module VictoryBPLibrary (79)
[2015.02.25-04.17.20:686][862]LogModuleManager: Shutting down and abandoning module VictoryEdEngine (78)
[2015.02.25-04.17.20:686][862]LogModuleManager: Shutting down and abandoning module ScriptPlugin (77)
[2015.02.25-04.17.20:686][862]LogModuleManager: Shutting down and abandoning module UdpMessaging (76)
[2015.02.25-04.17.20:787][862]LogModuleManager: Shutting down and abandoning module Paper2D (75)
[2015.02.25-04.17.20:787][862]LogModuleManager: Shutting down and abandoning module UE4Game (74)
[2015.02.25-04.17.20:787][862]LogModuleManager: Shutting down and abandoning module WindowsMoviePlayer (73)
[2015.02.25-04.17.20:789][862]LogModuleManager: Shutting down and abandoning module Media (72)
[2015.02.25-04.17.20:789][862]LogModuleManager: Shutting down and abandoning module WmfMedia (71)
[2015.02.25-04.17.20:789][862]LogModuleManager: Shutting down and abandoning module OnlineBlueprintSupport (70)
[2015.02.25-04.17.20:789][862]LogModuleManager: Shutting down and abandoning module PropertyEditor (69)
[2015.02.25-04.17.20:789][862]LogModuleManager: Shutting down and abandoning module BehaviorTreeEditor (68)
[2015.02.25-04.17.20:789][862]LogModuleManager: Shutting down and abandoning module FunctionalTesting (67)
[2015.02.25-04.17.20:789][862]LogModuleManager: Shutting down and abandoning module CollisionAnalyzer (66)
[2015.02.25-04.17.20:789][862]LogModuleManager: Shutting down and abandoning module WorkspaceMenuStructure (65)
[2015.02.25-04.17.20:789][862]LogModuleManager: Shutting down and abandoning module MessageLog (64)
[2015.02.25-04.17.20:789][862]LogModuleManager: Shutting down and abandoning module Sequencer (63)
[2015.02.25-04.17.20:789][862]LogModuleManager: Shutting down and abandoning module AssetTools (62)
[2015.02.25-04.17.20:789][862]LogModuleManager: Shutting down and abandoning module UMGEditor (61)
[2015.02.25-04.17.20:789][862]LogModuleManager: Shutting down and abandoning module UMG (60)
[2015.02.25-04.17.20:789][862]LogModuleManager: Shutting down and abandoning module Slate (59)
[2015.02.25-04.17.20:789][862]LogModuleManager: Shutting down and abandoning module EditorStyle (58)
[2015.02.25-04.17.20:798][862]LogModuleManager: Shutting down and abandoning module SessionServices (57)
[2015.02.25-04.17.20:798][862]LogModuleManager: Shutting down and abandoning module SourceCodeAccess (56)
[2015.02.25-04.17.20:798][862]LogModuleManager: Shutting down and abandoning module HeadMountedDisplay (55)
[2015.02.25-04.17.20:798][862]LogModuleManager: Shutting down and abandoning module XAudio2 (54)
[2015.02.25-04.17.20:798][862]LogModuleManager: Shutting down and abandoning module Networking (52)
[2015.02.25-04.17.20:798][862]LogModuleManager: Shutting down and abandoning module Core (51)
[2015.02.25-04.17.20:798][862]LogModuleManager: Shutting down and abandoning module KismetCompiler (50)
[2015.02.25-04.17.20:798][862]LogModuleManager: Shutting down and abandoning module PhysXFormats (49)
[2015.02.25-04.17.20:798][862]LogModuleManager: Shutting down and abandoning module MeshUtilities (48)
[2015.02.25-04.17.20:798][862]LogModuleManager: Shutting down and abandoning module DerivedDataCache (47)
[2015.02.25-04.17.20:876][862]LogDerivedDataCache: Shutdown
[2015.02.25-04.17.20:876][862]LogModuleManager: Shutting down and abandoning module ShaderFormatOpenGL (46)
[2015.02.25-04.17.20:876][862]LogModuleManager: Shutting down and abandoning module ShaderFormatD3D (45)
[2015.02.25-04.17.20:876][862]LogModuleManager: Shutting down and abandoning module MetalShaderFormat (44)
[2015.02.25-04.17.20:876][862]LogModuleManager: Shutting down and abandoning module TextureFormatUncompressed (43)
[2015.02.25-04.17.20:876][862]LogModuleManager: Shutting down and abandoning module TextureFormatPVR (42)
[2015.02.25-04.17.20:876][862]LogModuleManager: Shutting down and abandoning module TextureFormatDXT (41)
[2015.02.25-04.17.20:876][862]LogModuleManager: Shutting down and abandoning module TextureFormatAndroid (40)
[2015.02.25-04.17.20:876][862]LogModuleManager: Shutting down and abandoning module AudioFormatOpus (39)
[2015.02.25-04.17.20:876][862]LogModuleManager: Shutting down and abandoning module AudioFormatOgg (38)
[2015.02.25-04.17.20:876][862]LogModuleManager: Shutting down and abandoning module AudioFormatADPCM (37)
[2015.02.25-04.17.20:876][862]LogModuleManager: Shutting down and abandoning module LinuxTargetPlatform (36)
[2015.02.25-04.17.20:876][862]LogModuleManager: Shutting down and abandoning module LinuxServerTargetPlatform (35)
[2015.02.25-04.17.20:876][862]LogModuleManager: Shutting down and abandoning module LinuxNoEditorTargetPlatform (34)
[2015.02.25-04.17.20:876][862]LogModuleManager: Shutting down and abandoning module Messaging (33)
[2015.02.25-04.17.20:876][862]LogModuleManager: Shutting down and abandoning module IOSTargetPlatform (32)
[2015.02.25-04.17.20:876][862]LogModuleManager: Shutting down and abandoning module Android_PVRTCTargetPlatform (31)
[2015.02.25-04.17.20:876][862]LogModuleManager: Shutting down and abandoning module Android_ETC2TargetPlatform (30)
[2015.02.25-04.17.20:876][862]LogModuleManager: Shutting down and abandoning module Android_ETC1TargetPlatform (29)
[2015.02.25-04.17.20:876][862]LogModuleManager: Shutting down and abandoning module Android_DXTTargetPlatform (28)
[2015.02.25-04.17.20:876][862]LogModuleManager: Shutting down and abandoning module Android_ATCTargetPlatform (27)
[2015.02.25-04.17.20:876][862]LogModuleManager: Shutting down and abandoning module AndroidTargetPlatform (26)
[2015.02.25-04.17.20:876][862]LogModuleManager: Shutting down and abandoning module WindowsTargetPlatform (25)
[2015.02.25-04.17.20:876][862]LogModuleManager: Shutting down and abandoning module WindowsServerTargetPlatform (24)
[2015.02.25-04.17.20:876][862]LogModuleManager: Shutting down and abandoning module WindowsNoEditorTargetPlatform (23)
[2015.02.25-04.17.20:876][862]LogModuleManager: Shutting down and abandoning module WindowsClientTargetPlatform (22)
[2015.02.25-04.17.20:876][862]LogModuleManager: Shutting down and abandoning module TargetPlatform (21)
[2015.02.25-04.17.20:876][862]LogModuleManager: Shutting down and abandoning module InputCore (20)
[2015.02.25-04.17.20:876][862]LogModuleManager: Shutting down and abandoning module Settings (19)
[2015.02.25-04.17.20:876][862]LogModuleManager: Shutting down and abandoning module ImageWrapper (18)
[2015.02.25-04.17.20:876][862]LogModuleManager: Shutting down and abandoning module OculusRift (15)
[2015.02.25-04.17.20:876][862]LogModuleManager: Shutting down and abandoning module ExampleDeviceProfileSelector (14)
[2015.02.25-04.17.20:876][862]LogModuleManager: Shutting down and abandoning module TextureCompressor (13)
[2015.02.25-04.17.20:876][862]LogModuleManager: Shutting down and abandoning module ShaderCore (12)
[2015.02.25-04.17.20:876][862]LogModuleManager: Shutting down and abandoning module Landscape (11)
[2015.02.25-04.17.20:876][862]LogModuleManager: Shutting down and abandoning module SlateRHIRenderer (10)
[2015.02.25-04.17.20:878][862]LogModuleManager: Shutting down and abandoning module OpenGLDrv (9)
[2015.02.25-04.17.20:878][862]LogModuleManager: Shutting down and abandoning module D3D11RHI (8)
[2015.02.25-04.17.20:878][862]LogModuleManager: Shutting down and abandoning module Renderer (7)
[2015.02.25-04.17.20:878][862]LogModuleManager: Shutting down and abandoning module Engine (6)
[2015.02.25-04.17.20:878][862]LogModuleManager: Shutting down and abandoning module CoreUObject (5)
[2015.02.25-04.17.20:878][862]LogModuleManager: Shutting down and abandoning module NetworkFile (4)
[2015.02.25-04.17.20:878][862]LogModuleManager: Shutting down and abandoning module StreamingFile (3)
[2015.02.25-04.17.20:878][862]LogModuleManager: Shutting down and abandoning module SandboxFile (2)
[2015.02.25-04.17.20:878][862]LogModuleManager: Shutting down and abandoning module PakFile (1)
[2015.02.25-04.17.20:879][862]LogExit: Exiting.
[2015.02.25-04.17.20:884][862]Log file closed, 02/24/15 23:17:20
