Log file open, 02/03/15 11:13:04
LogInit:Display: Running engine for game: KodainaKingdom
LogInit: Version: 4.6.1-2386410+++depot+UE4-Releases+4.6
LogInit: API Version: 2369412
LogInit: Compiled (64-bit): Dec 11 2014 21:31:39
LogInit: Compiled with Visual C++: 18.00.21005.01
LogInit: Build Configuration: Development
LogInit: Branch Name: ++depot+UE4-Releases+4.6
LogInit: Command line:  
LogInit: Base directory: C:/Program Files/Unreal/Epic Games/4.6/Engine/Binaries/Win64/
LogInit: Rocket: 1
[2015.02.03-16.13.04:108][  0]LogTaskGraph: Started task graph with 3 named threads and 6 total threads.
[2015.02.03-16.13.04:177][  0]LogOnline:Warning: No default platform service specified for OnlineSubsystem
[2015.02.03-16.13.04:265][  0]LogInit: Presizing for 0 objects not considered by GC, pre-allocating 0 bytes.
[2015.02.03-16.13.04:296][  0]LogInit: Object subsystem initialized
[2015.02.03-16.13.04:304][  0]LogInit: Selected Device Profile: [Windows]
[2015.02.03-16.13.04:304][  0]LogInit: Applying CVar settings loaded from the selected device profile: [Windows]
[2015.02.03-16.13.04:349][  0]LogInit: Computer: O566
[2015.02.03-16.13.04:349][  0]LogInit: User: O566
[2015.02.03-16.13.04:349][  0]LogInit: CPU Page size=4096, Cores=4
[2015.02.03-16.13.04:349][  0]LogInit: High frequency timer resolution =2.338388 MHz
[2015.02.03-16.13.04:350][  0]LogMemory: Memory total: Physical=7.6GB (8GB approx) Virtual=8192.0GB
[2015.02.03-16.13.04:350][  0]LogMemory: Platform Memory Stats for Windows
[2015.02.03-16.13.04:350][  0]LogMemory: Process Physical Memory: 52.21 MB used, 52.21 MB peak
[2015.02.03-16.13.04:350][  0]LogMemory: Process Virtual Memory: 27.52 MB used, 28.28 MB peak
[2015.02.03-16.13.04:350][  0]LogMemory: Physical Memory: 3638.76 MB used, 7833.11 MB total
[2015.02.03-16.13.04:350][  0]LogMemory: Virtual Memory: 265.88 MB used, 8388608.00 MB total
[2015.02.03-16.13.04:669][  0]LogD3D11RHI: Found D3D11 adapter 0: Intel(R) HD Graphics 4600 (Feature Level 11_0)
[2015.02.03-16.13.04:669][  0]LogD3D11RHI: Adapter has 128MB of dedicated video memory, 0MB of dedicated system memory, and 1632MB of shared system memory, 1 output[s]
[2015.02.03-16.13.04:669][  0]LogD3D11RHI: Chosen D3D11 Adapter Id = 0
[2015.02.03-16.13.04:689][  0]LogRHI: Texture pool is 660 MB (70% of 944 MB)
[2015.02.03-16.13.04:732][  0]LogD3D11RHI: Async texture creation enabled
[2015.02.03-16.13.05:425][  0]LogTextLocalizationManager: The requested culture ('en_US') has no localization data; parent culture's ('en') localization data will be used.
[2015.02.03-16.13.05:911][  0]LogContentStreaming: Texture pool size is 0.000000MB
[2015.02.03-16.13.29:909][  0]LogTargetPlatformManager:Display: Building Assets For Windows
[2015.02.03-16.13.31:666][  0]LogTargetPlatformManager:Display: Building Assets For Windows
[2015.02.03-16.13.31:888][  0]LogDerivedDataCache:Display: Max Cache Size: 512 MB
[2015.02.03-16.13.32:357][  0]LogDerivedDataCache: Loaded boot cache 0.47s 39MB C:/Users/Class2018/AppData/Local/UnrealEngine/4.6/DerivedDataCache/Boot.ddc.
[2015.02.03-16.13.32:357][  0]LogDerivedDataCache:Display: Loaded Boot cache: C:/Users/Class2018/AppData/Local/UnrealEngine/4.6/DerivedDataCache/Boot.ddc
[2015.02.03-16.13.32:357][  0]LogDerivedDataCache: FDerivedDataBackendGraph:  Pak pak cache file ../../../../../../../Users/Class2018/Documents/Unreal Projects/Kodaina/DerivedDataCache/DDC.ddp not found, will not use a pak cache.
[2015.02.03-16.13.32:357][  0]LogDerivedDataCache: Unable to find inner node Pak for hierarchical cache Hierarchy.
[2015.02.03-16.13.32:633][  0]LogDerivedDataCache:Display: Pak cache opened for reading ../../../Engine/DerivedDataCache/DDC.ddp.
[2015.02.03-16.13.32:659][  0]LogDerivedDataCache: Using Local data cache path C:/Users/Class2018/AppData/Local/UnrealEngine/Common/DerivedDataCache: Writable
[2015.02.03-16.13.38:963][  0]LogCollisionProfile:Warning: Profile (UI) - Custom Channel Name = 'Weapon' hasn't been found
[2015.02.03-16.13.40:241][  0]LogMeshUtilities: No automatic mesh reduction module available
[2015.02.03-16.13.40:241][  0]LogMeshUtilities: No automatic mesh merging module available
[2015.02.03-16.13.43:649][  0]LogInit: WinSock: version 1.1 (2.2), MaxSocks=32767, MaxUdp=65467
[2015.02.03-16.13.44:048][  0]LogSlate:Warning: Failed to load font data from '../../../Engine/Content/Slate/Fonts/Roboto-Italic.ttf'
[2015.02.03-16.14.03:433][  0]UdpMessaging: Initializing bridge on interface 0.0.0.0:0 to multicast group 230.0.0.1:6666.
[2015.02.03-16.14.04:469][  0]LogDirectoryWatcher:Warning: Failed to begin reading directory changes for C:/Users/Class2018/Documents/Unreal Projects/Kodaina/Binaries/Win64. Error: 0
[2015.02.03-16.14.05:750][  0]SourceControl: Info Source control is disabled
[2015.02.03-16.14.05:772][  0]SourceControl: Info Source control is disabled
[2015.02.03-16.14.05:793][  0]SourceControl: Info Source control is disabled
[2015.02.03-16.14.06:750][  0]LogObj: 23754 objects as part of root set at end of initial load.
[2015.02.03-16.14.06:750][  0]LogUObjectAllocator: 5168136 out of 0 bytes used by permanent object pool.
[2015.02.03-16.14.07:270][  0]LogEngine: Initializing Engine...
[2015.02.03-16.14.08:087][  0]LogInit: XAudio2 using 'Speakers / HP (IDT High Definition Audio CODEC)' : 2 channels at 48 kHz using 16 bits per sample (channel mask 0x3)
[2015.02.03-16.14.08:216][  0]LogInit: FAudioDevice initialized.
[2015.02.03-16.14.08:653][  0]LogAIModule: Creating AISystem for world NewWorld
[2015.02.03-16.14.08:781][  0]LogDerivedDataCache: Saved boot cache 0.05s 39MB C:/Users/Class2018/AppData/Local/UnrealEngine/4.6/DerivedDataCache/Boot.ddc.
[2015.02.03-16.14.08:789][  0]LogInit: Texture streaming: Enabled
[2015.02.03-16.14.08:902][  0]LogAnalytics: Creating configured Analytics provider AnalyticsET
[2015.02.03-16.14.08:902][  0]LogAnalytics: ET APIKey = Rocket.Release. APIServer = http://et2.epicgames.com/ET2/. AppVersion = 4.6.1-2386410+++depot+UE4-Releases+4.6
[2015.02.03-16.14.08:936][  0]LogAnalytics: SetUserId 5c89284d90a082ec1d32db0c8e54d6f0
[2015.02.03-16.14.08:936][  0]LogAnalytics: AnalyticsET::StartSession [Rocket.Release]
[2015.02.03-16.14.09:023][  0]LogInit: Transaction tracking system initialized
[2015.02.03-16.14.09:469][  0]BlueprintLog: New page: Editor Load
[2015.02.03-16.14.09:719][  0]LogAssetRegistry: FAssetRegistry took 0.0105 seconds to start up
[2015.02.03-16.14.09:725][  0]LogDirectoryWatcher:Warning: Failed to begin reading directory changes for ../../../Engine/Plugins/Experimental/CharacterAI/Content/. Error: 0
[2015.02.03-16.14.12:482][  0]LogTargetPlatformManager:Display: Building Assets For Windows
[2015.02.03-16.14.13:503][  0]LogTargetPlatformManager:Display: Building Assets For Windows
[2015.02.03-16.14.14:988][  0]LogConsoleResponse:Display: 
[2015.02.03-16.14.15:675][  0]LogLinker:Warning: Asset '../../../Engine/Content/Functions/Engine_MaterialFunctions03/Procedurals/ComputeFilterWidth.uasset' has been saved with empty engine version. The asset will be loaded but may be incompatible.
[2015.02.03-16.14.17:478][  0]SourceControl: Info Source control is disabled
[2015.02.03-16.14.17:658][  0]Cmd: MAP LOAD FILE="../../../../../../../Users/Class2018/Documents/Unreal Projects/Kodaina/Content/Maps/TestLevel.umap" TEMPLATE=0 SHOWPROGRESS=1
[2015.02.03-16.14.17:660][  0]LightingResults: New page: Lighting Build
[2015.02.03-16.14.17:815][  0]MapCheck: New page: Map Check
[2015.02.03-16.14.17:816][  0]LightingResults: New page: Lighting Build
[2015.02.03-16.14.17:890][  0]LogParticles: Destroying 0 GPU particle simulations for FXSystem 0x0000000012A059E0
[2015.02.03-16.14.20:023][  0]LogEditorServer: Finished looking for orphan Actors (0.000 secs)
[2015.02.03-16.14.20:054][  0]LogAIModule: Creating AISystem for world TestLevel
[2015.02.03-16.14.20:085][  0]Cmd: MAP CHECKDEP
[2015.02.03-16.14.20:098][  0]MapCheck: New page: TestLevel - Feb 3, 2015, 6:14:20 AM
[2015.02.03-16.14.20:437][  0]MapCheck: Info Map check complete: 0 Error(s), 0 Warning(s), took 351.782ms to complete.
[2015.02.03-16.14.20:437][  0]LogFileHelpers: Loading map 'TestLevel' took 2.906
[2015.02.03-16.14.21:745][  0]LogCollectionManager: Loaded 0 collections in 0.003564 seconds
[2015.02.03-16.14.23:874][  0]LogCrashTracker: Crashtracker disabled due to settings.
[2015.02.03-16.14.24:101][  0]LogUObjectGlobals:Warning: Failed to find object 'Class None.'
[2015.02.03-16.14.24:269][  0]LogLoad: Full Startup: 84.86 seconds (BP compile: 0.61 seconds)
[2015.02.03-16.14.24:624][  0]LogContentBrowser:Verbose: The content browser source was changed by the sources view to '/Game/Blueprints'
[2015.02.03-16.14.25:835][  0]LogRenderer:Warning: Reallocating scene render targets to support 1168x880.
[2015.02.03-16.14.34:582][ 25]LogAssetRegistry: Asset discovery search completed in 24.8740 seconds
[2015.02.03-16.14.43:254][132]BlueprintLog: New page: Pre-PIE auto-recompile
[2015.02.03-16.14.43:255][132]LogPlayLevel: [PIE] Compiling TestLevel before PIE...
[2015.02.03-16.14.43:498][132]LogPlayLevel: PIE:  Blueprint regeneration took 243 ms (1 blueprints)
[2015.02.03-16.14.43:514][132]PIE: New page: PIE session: TestLevel (Feb 3, 2015, 6:14:43 AM)
[2015.02.03-16.14.43:526][132]LogPlayLevel: PIE: StaticDuplicateObject took: (0.011116s)
[2015.02.03-16.14.43:528][132]LogPlayLevel: PIE: World Init took: (0.001300s)
[2015.02.03-16.14.43:528][132]LogPlayLevel: PIE: Created PIE world by copying editor world from /Game/Maps/TestLevel.TestLevel to /Game/Maps/UEDPIE_0_TestLevel.TestLevel (0.012875s)
[2015.02.03-16.14.54:275][132]LogWorld: Game class is 'Kodaina_C'
[2015.02.03-16.14.54:411][132]LogAIModule: Creating AISystem for world TestLevel
[2015.02.03-16.14.54:433][132]LogWorld: Bringing World /Game/Maps/UEDPIE_0_TestLevel.TestLevel up for play (max tick rate 0) at 2015.02.03-11.14.54
[2015.02.03-16.14.54:468][132]LogWorld: Bringing up level for play took: 0.056168
[2015.02.03-16.14.54:655][132]PIE: Info Play in editor start time for /Game/Maps/UEDPIE_0_TestLevel 11.735
[2015.02.03-16.14.54:866][132]LogRenderer:Warning: Reallocating scene render targets to support 1296x880.
[2015.02.03-16.15.54:800][585]LogActorComponent: UnregisterComponent: (/Engine/Transient.CharacterMovementComponent_0) Not registered. Aborting.
[2015.02.03-16.16.44:834][807]LogArray:Warning: Attempted to get an item from array PlayerInventory out of bounds [1/0]!
[2015.02.03-16.16.44:835][807]LogArray:Warning: Attempted to get an item from array PlayerInventory out of bounds [1/0]!
[2015.02.03-16.16.44:835][807]LogArray:Warning: Attempted to get an item from array PlayerInventory out of bounds [2/0]!
[2015.02.03-16.16.44:835][807]LogArray:Warning: Attempted to get an item from array PlayerInventory out of bounds [2/0]!
[2015.02.03-16.16.53:119][  3]LogArray:Warning: Attempted to get an item from array PlayerInventory out of bounds [2/1]!
[2015.02.03-16.16.53:119][  3]LogArray:Warning: Attempted to get an item from array PlayerInventory out of bounds [2/1]!
[2015.02.03-16.16.58:248][123]LogArray:Warning: Attempted to get an item from array PlayerInventory out of bounds [2/1]!
[2015.02.03-16.16.58:248][123]LogArray:Warning: Attempted to get an item from array PlayerInventory out of bounds [2/1]!
[2015.02.03-16.17.00:210][169]LogArray:Warning: Attempted to get an item from array PlayerInventory out of bounds [2/1]!
[2015.02.03-16.17.00:210][169]LogArray:Warning: Attempted to get an item from array PlayerInventory out of bounds [2/1]!
[2015.02.03-16.17.01:017][188]LogArray:Warning: Attempted to get an item from array PlayerInventory out of bounds [2/1]!
[2015.02.03-16.17.01:018][188]LogArray:Warning: Attempted to get an item from array PlayerInventory out of bounds [2/1]!
[2015.02.03-16.17.31:002][901]LogArray:Warning: Attempted to get an item from array PlayerInventory out of bounds [2/1]!
[2015.02.03-16.17.31:003][901]LogArray:Warning: Attempted to get an item from array PlayerInventory out of bounds [2/1]!
[2015.02.03-16.17.32:293][931]LogArray:Warning: Attempted to get an item from array PlayerInventory out of bounds [2/1]!
[2015.02.03-16.17.32:293][931]LogArray:Warning: Attempted to get an item from array PlayerInventory out of bounds [2/1]!
[2015.02.03-16.18.33:926][405]LogParticles: Destroying 0 GPU particle simulations for FXSystem 0x0000000020B5D800
[2015.02.03-16.24.51:819][878]LogActorComponent: UnregisterComponent: (/Engine/Transient.CharacterMovementComponent_1) Not registered. Aborting.
[2015.02.03-16.24.52:078][878]Cmd: OBJ SAVEPACKAGE PACKAGE="/Game/Blueprints/BattleHUD" FILE="../../../../../../../Users/Class2018/Documents/Unreal Projects/Kodaina/Content/Blueprints/BattleHUD.uasset" SILENT=true
[2015.02.03-16.24.53:370][878]LogSavePackage: Save=573.816650ms
[2015.02.03-16.24.53:370][878]LogSavePackage: Moving '../../../../../../../Users/Class2018/Documents/Unreal Projects/Kodaina/Saved/BattleHUDD243269344A354B75F88E58E7A33CA8B.tmp' to '../../../../../../../Users/Class2018/Documents/Unreal Projects/Kodaina/Content/Blueprints/BattleHUD.uasset'
[2015.02.03-16.24.55:316][901]BlueprintLog: New page: Compile BattleHUD
[2015.02.03-16.24.56:420][901]BlueprintEditorCompileResults: Info [0717.00] Compile of BattleHUD successful! [in 751 ms]
[2015.02.03-16.25.01:803][976]BlueprintLog: New page: Pre-PIE auto-recompile
[2015.02.03-16.25.01:845][976]LogPlayLevel: [PIE] Compiling MyCharacter before PIE...
[2015.02.03-16.25.03:460][976]LogPlayLevel: [PIE] Compiling Tutorial_BP_MacroLib before PIE...
[2015.02.03-16.25.03:606][976]LogPlayLevel: [PIE] Compiling TestLevel before PIE...
[2015.02.03-16.25.03:770][976]LogPlayLevel: [PIE] Compiling RollingMovingHUD before PIE...
[2015.02.03-16.25.04:136][976]LogPlayLevel: [PIE] Compiling Enemy before PIE...
[2015.02.03-16.25.04:683][976]LogPlayLevel: [PIE] Compiling ShoppingHUD before PIE...
[2015.02.03-16.25.05:080][976]LogPlayLevel: [PIE] Compiling BattleHUD before PIE...
[2015.02.03-16.25.05:945][976]LogPlayLevel: [PIE] Compiling StatusHUD before PIE...
[2015.02.03-16.25.06:377][976]LogPlayLevel: [PIE] Compiling InventoryHUD before PIE...
[2015.02.03-16.25.07:058][976]LogPlayLevel: PIE:  Blueprint regeneration took 5254 ms (9 blueprints)
[2015.02.03-16.25.07:058][976]PIE: New page: PIE session: TestLevel (Feb 3, 2015, 6:25:07 AM)
[2015.02.03-16.25.07:070][976]LogPlayLevel: PIE: StaticDuplicateObject took: (0.010707s)
[2015.02.03-16.25.07:074][976]LogPlayLevel: PIE: World Init took: (0.004202s)
[2015.02.03-16.25.07:074][976]LogPlayLevel: PIE: Created PIE world by copying editor world from /Game/Maps/TestLevel.TestLevel to /Game/Maps/UEDPIE_0_TestLevel.TestLevel (0.015346s)
[2015.02.03-16.25.07:171][976]LogWorld: Game class is 'Kodaina_C'
[2015.02.03-16.25.07:176][976]LogAIModule: Creating AISystem for world TestLevel
[2015.02.03-16.25.07:181][976]LogWorld: Bringing World /Game/Maps/UEDPIE_0_TestLevel.TestLevel up for play (max tick rate 0) at 2015.02.03-11.25.07
[2015.02.03-16.25.07:183][976]LogWorld: Bringing up level for play took: 0.006426
[2015.02.03-16.25.07:207][976]PIE: Info Play in editor start time for /Game/Maps/UEDPIE_0_TestLevel 6.273
[2015.02.03-16.25.33:345][595]LogActorComponent: UnregisterComponent: (/Engine/Transient.CharacterMovementComponent_2) Not registered. Aborting.
[2015.02.03-16.25.33:520][596]LogParticles: Destroying 0 GPU particle simulations for FXSystem 0x000000001D456200
[2015.02.03-16.25.48:893][797]LogActorComponent: UnregisterComponent: (/Engine/Transient.CharacterMovementComponent_3) Not registered. Aborting.
[2015.02.03-16.25.49:064][797]Cmd: OBJ SAVEPACKAGE PACKAGE="/Game/Blueprints/BattleHUD" FILE="../../../../../../../Users/Class2018/Documents/Unreal Projects/Kodaina/Content/Blueprints/BattleHUD.uasset" SILENT=true
[2015.02.03-16.25.50:307][797]LogSavePackage: Save=534.625977ms
[2015.02.03-16.25.50:307][797]LogSavePackage: Moving '../../../../../../../Users/Class2018/Documents/Unreal Projects/Kodaina/Saved/BattleHUDDED0B2194698D828EAAD30A4DF0891E1.tmp' to '../../../../../../../Users/Class2018/Documents/Unreal Projects/Kodaina/Content/Blueprints/BattleHUD.uasset'
[2015.02.03-16.25.50:761][802]BlueprintLog: New page: Compile BattleHUD
[2015.02.03-16.25.51:835][802]BlueprintEditorCompileResults: Info [0772.41] Compile of BattleHUD successful! [in 722 ms]
[2015.02.03-16.25.57:227][884]BlueprintLog: New page: Pre-PIE auto-recompile
[2015.02.03-16.25.57:268][884]LogPlayLevel: [PIE] Compiling MyCharacter before PIE...
[2015.02.03-16.25.58:871][884]LogPlayLevel: [PIE] Compiling TestLevel before PIE...
[2015.02.03-16.25.59:037][884]LogPlayLevel: [PIE] Compiling RollingMovingHUD before PIE...
[2015.02.03-16.25.59:404][884]LogPlayLevel: [PIE] Compiling Enemy before PIE...
[2015.02.03-16.25.59:867][884]LogPlayLevel: [PIE] Compiling ShoppingHUD before PIE...
[2015.02.03-16.26.00:263][884]LogPlayLevel: [PIE] Compiling BattleHUD before PIE...
[2015.02.03-16.26.01:134][884]LogPlayLevel: [PIE] Compiling StatusHUD before PIE...
[2015.02.03-16.26.01:589][884]LogPlayLevel: [PIE] Compiling InventoryHUD before PIE...
[2015.02.03-16.26.02:302][884]LogPlayLevel: PIE:  Blueprint regeneration took 5073 ms (8 blueprints)
[2015.02.03-16.26.02:302][884]PIE: New page: PIE session: TestLevel (Feb 3, 2015, 6:26:02 AM)
[2015.02.03-16.26.02:314][884]LogPlayLevel: PIE: StaticDuplicateObject took: (0.011327s)
[2015.02.03-16.26.02:316][884]LogPlayLevel: PIE: World Init took: (0.001414s)
[2015.02.03-16.26.02:316][884]LogPlayLevel: PIE: Created PIE world by copying editor world from /Game/Maps/TestLevel.TestLevel to /Game/Maps/UEDPIE_0_TestLevel.TestLevel (0.013410s)
[2015.02.03-16.26.02:397][884]LogWorld: Game class is 'Kodaina_C'
[2015.02.03-16.26.02:404][884]LogAIModule: Creating AISystem for world TestLevel
[2015.02.03-16.26.02:410][884]LogWorld: Bringing World /Game/Maps/UEDPIE_0_TestLevel.TestLevel up for play (max tick rate 0) at 2015.02.03-11.26.02
[2015.02.03-16.26.02:412][884]LogWorld: Bringing up level for play took: 0.006766
[2015.02.03-16.26.02:436][884]PIE: Info Play in editor start time for /Game/Maps/UEDPIE_0_TestLevel 5.501
[2015.02.03-16.26.16:850][221]LogActorComponent: UnregisterComponent: (/Engine/Transient.CharacterMovementComponent_4) Not registered. Aborting.
[2015.02.03-16.26.17:026][222]LogParticles: Destroying 0 GPU particle simulations for FXSystem 0x0000000006781940
[2015.02.03-16.26.18:006][252]LogEditorViewport: Clicking on Actor (LMB): PaperSpriteActor (Sky)
[2015.02.03-16.26.18:114][252]LogPropertyNode:Warning: UI Min (0.001) >= UI Max () for Ranged Numeric
[2015.02.03-16.26.18:381][253]LogEditorViewport: Clicking on Actor (double click): PaperSpriteActor (Sky)
[2015.02.03-16.26.18:404][253]LogPropertyNode:Warning: UI Min (0.001) >= UI Max () for Ranged Numeric
[2015.02.03-16.26.34:604][426]BlueprintLog: New page: Compile BattleHUD
[2015.02.03-16.26.35:666][426]BlueprintEditorCompileResults: Info [0816.24] Compile of BattleHUD successful! [in 713 ms]
[2015.02.03-16.29.09:120][881]LogFileHelpers: Editor autosave (incl. sublevels) for '/Game/Maps/TestLevel' took 0.047
[2015.02.03-16.29.09:163][881]OBJ SavePackage: Generating thumbnails for [0] asset(s) in package [/Game/Blueprints/BattleHUD] ([1] browsable assets)...
[2015.02.03-16.29.09:163][881]OBJ SavePackage: Finished generating thumbnails for package [/Game/Blueprints/BattleHUD]
[2015.02.03-16.29.09:635][881]LogSavePackage: Save=220.276108ms
[2015.02.03-16.29.09:635][881]LogSavePackage: Moving '../../../../../../../Users/Class2018/Documents/Unreal Projects/Kodaina/Saved/BattleHUD_Auto10569C20C45E9668B391254A82AC005D1.tmp' to '../../../../../../../Users/Class2018/Documents/Unreal Projects/Kodaina/Saved/Autosaves/Game/Blueprints/BattleHUD_Auto1.uasset'
[2015.02.03-16.29.09:640][881]LogFileHelpers: Auto-saving content packages took 0.520
[2015.02.03-16.30.15:224][ 59]BlueprintLog: New page: Pre-PIE auto-recompile
[2015.02.03-16.30.15:239][ 59]LogPlayLevel: [PIE] Compiling MyCharacter before PIE...
[2015.02.03-16.30.15:801][ 59]LogPlayLevel: [PIE] Compiling TestLevel before PIE...
[2015.02.03-16.30.15:863][ 59]LogPlayLevel: [PIE] Compiling RollingMovingHUD before PIE...
[2015.02.03-16.30.15:995][ 59]LogPlayLevel: [PIE] Compiling Enemy before PIE...
[2015.02.03-16.30.16:184][ 59]LogPlayLevel: [PIE] Compiling ShoppingHUD before PIE...
[2015.02.03-16.30.16:324][ 59]LogPlayLevel: [PIE] Compiling BattleHUD before PIE...
[2015.02.03-16.30.16:618][ 59]LogPlayLevel: [PIE] Compiling StatusHUD before PIE...
[2015.02.03-16.30.16:769][ 59]LogPlayLevel: [PIE] Compiling InventoryHUD before PIE...
[2015.02.03-16.30.17:011][ 59]LogPlayLevel: PIE:  Blueprint regeneration took 1787 ms (8 blueprints)
[2015.02.03-16.30.17:011][ 59]PIE: New page: PIE session: TestLevel (Feb 3, 2015, 6:30:17 AM)
[2015.02.03-16.30.17:015][ 59]LogPlayLevel: PIE: StaticDuplicateObject took: (0.003760s)
[2015.02.03-16.30.17:016][ 59]LogPlayLevel: PIE: World Init took: (0.000701s)
[2015.02.03-16.30.17:016][ 59]LogPlayLevel: PIE: Created PIE world by copying editor world from /Game/Maps/TestLevel.TestLevel to /Game/Maps/UEDPIE_0_TestLevel.TestLevel (0.004640s)
[2015.02.03-16.30.17:055][ 59]LogWorld: Game class is 'Kodaina_C'
[2015.02.03-16.30.17:057][ 59]LogAIModule: Creating AISystem for world TestLevel
[2015.02.03-16.30.17:059][ 59]LogWorld: Bringing World /Game/Maps/UEDPIE_0_TestLevel.TestLevel up for play (max tick rate 0) at 2015.02.03-11.30.17
[2015.02.03-16.30.17:060][ 59]LogWorld: Bringing up level for play took: 0.002404
[2015.02.03-16.30.17:070][ 59]PIE: Info Play in editor start time for /Game/Maps/UEDPIE_0_TestLevel 2.135
[2015.02.03-16.31.05:993][777]LogPropertyNode:Warning: UI Min (0.001) >= UI Max () for Ranged Numeric
[2015.02.03-16.31.06:009][777]LogActorComponent: UnregisterComponent: (/Engine/Transient.CharacterMovementComponent_5) Not registered. Aborting.
[2015.02.03-16.31.06:096][778]LogParticles: Destroying 0 GPU particle simulations for FXSystem 0x0000000018911BC0
[2015.02.03-16.31.14:145][ 10]Cmd: QUIT_EDITOR
[2015.02.03-16.31.14:811][ 10]LogExit: Preparing to exit.
[2015.02.03-16.31.15:803][ 10]LogExit: Editor shut down
[2015.02.03-16.31.15:803][ 10]LogExit: Transaction tracking system shut down
[2015.02.03-16.31.15:804][ 10]LogParticles: Destroying 0 GPU particle simulations for FXSystem 0x000000000DCFA160
[2015.02.03-16.31.15:804][ 10]LogParticles: Destroying 0 GPU particle simulations for FXSystem 0x000000001E4777E0
[2015.02.03-16.31.15:809][ 10]LogParticles: Destroying 0 GPU particle simulations for FXSystem 0x000000002679AE80
[2015.02.03-16.31.16:050][ 10]LogParticles: Destroying 0 GPU particle simulations for FXSystem 0x000000001D6DD9E0
[2015.02.03-16.31.16:050][ 10]LogExit: Object subsystem successfully closed.
[2015.02.03-16.31.16:388][ 10]LogModuleManager: Shutting down and abandoning module SequencerWidgets (173)
[2015.02.03-16.31.16:388][ 10]LogModuleManager: Shutting down and abandoning module AndroidDeviceDetection (172)
[2015.02.03-16.31.16:388][ 10]LogModuleManager: Shutting down and abandoning module CrashTracker (171)
[2015.02.03-16.31.16:388][ 10]LogModuleManager: Shutting down and abandoning module SuperSearch (170)
[2015.02.03-16.31.16:388][ 10]LogModuleManager: Shutting down and abandoning module SceneOutliner (169)
[2015.02.03-16.31.16:388][ 10]LogModuleManager: Shutting down and abandoning module EditorWidgets (168)
[2015.02.03-16.31.16:388][ 10]LogModuleManager: Shutting down and abandoning module CollectionManager (167)
[2015.02.03-16.31.16:401][ 10]LogModuleManager: Shutting down and abandoning module StatsViewer (166)
[2015.02.03-16.31.16:415][ 10]LogModuleManager: Shutting down and abandoning module FoliageEdit (165)
[2015.02.03-16.31.16:415][ 10]LogModuleManager: Shutting down and abandoning module LandscapeEditor (164)
[2015.02.03-16.31.16:428][ 10]LogModuleManager: Shutting down and abandoning module MeshPaint (163)
[2015.02.03-16.31.16:428][ 10]LogModuleManager: Shutting down and abandoning module ActorPickerMode (162)
[2015.02.03-16.31.16:428][ 10]LogModuleManager: Shutting down and abandoning module GeometryMode (161)
[2015.02.03-16.31.16:428][ 10]LogModuleManager: Shutting down and abandoning module TextureAlignMode (160)
[2015.02.03-16.31.16:428][ 10]LogModuleManager: Shutting down and abandoning module BspMode (159)
[2015.02.03-16.31.16:428][ 10]LogModuleManager: Shutting down and abandoning module PlacementMode (158)
[2015.02.03-16.31.16:428][ 10]LogModuleManager: Shutting down and abandoning module AutomationWorker (157)
[2015.02.03-16.31.16:428][ 10]LogModuleManager: Shutting down and abandoning module CharacterAI (156)
[2015.02.03-16.31.16:428][ 10]LogModuleManager: Shutting down and abandoning module GameProjectGeneration (155)
[2015.02.03-16.31.16:429][ 10]LogModuleManager: Shutting down and abandoning module IntroTutorials (154)
[2015.02.03-16.31.16:429][ 10]LogModuleManager: Shutting down and abandoning module EditorLiveStreaming (153)
[2015.02.03-16.31.16:429][ 10]LogModuleManager: Shutting down and abandoning module HardwareTargeting (152)
[2015.02.03-16.31.16:429][ 10]LogModuleManager: Shutting down and abandoning module DeviceProfileEditor (151)
[2015.02.03-16.31.16:429][ 10]LogModuleManager: Shutting down and abandoning module UndoHistory (150)
[2015.02.03-16.31.16:429][ 10]LogModuleManager: Shutting down and abandoning module GameplayTagsEditor (149)
[2015.02.03-16.31.16:429][ 10]LogModuleManager: Shutting down and abandoning module UserFeedback (148)
[2015.02.03-16.31.16:429][ 10]LogModuleManager: Shutting down and abandoning module XmlParser (147)
[2015.02.03-16.31.16:429][ 10]LogModuleManager: Shutting down and abandoning module Blutility (146)
[2015.02.03-16.31.16:429][ 10]LogModuleManager: Shutting down and abandoning module IOSPlatformEditor (145)
[2015.02.03-16.31.16:429][ 10]LogModuleManager: Shutting down and abandoning module IOSRuntimeSettings (144)
[2015.02.03-16.31.16:429][ 10]LogModuleManager: Shutting down and abandoning module AndroidPlatformEditor (143)
[2015.02.03-16.31.16:429][ 10]LogModuleManager: Shutting down and abandoning module AndroidRuntimeSettings (142)
[2015.02.03-16.31.16:429][ 10]LogModuleManager: Shutting down and abandoning module ProjectTargetPlatformEditor (141)
[2015.02.03-16.31.16:429][ 10]LogModuleManager: Shutting down and abandoning module ProjectSettingsViewer (140)
[2015.02.03-16.31.16:429][ 10]LogModuleManager: Shutting down and abandoning module InputBindingEditor (139)
[2015.02.03-16.31.16:429][ 10]LogModuleManager: Shutting down and abandoning module EditorSettingsViewer (138)
[2015.02.03-16.31.16:429][ 10]LogModuleManager: Shutting down and abandoning module SettingsEditor (137)
[2015.02.03-16.31.16:441][ 10]LogModuleManager: Shutting down and abandoning module ProjectLauncher (136)
[2015.02.03-16.31.16:441][ 10]LogModuleManager: Shutting down and abandoning module SessionFrontend (135)
[2015.02.03-16.31.16:441][ 10]LogModuleManager: Shutting down and abandoning module ProfilerClient (134)
[2015.02.03-16.31.16:448][ 10]LogModuleManager: Shutting down and abandoning module TargetDeviceServices (133)
[2015.02.03-16.31.16:448][ 10]LogModuleManager: Shutting down and abandoning module DeviceManager (132)
[2015.02.03-16.31.16:448][ 10]LogModuleManager: Shutting down and abandoning module AutomationController (131)
[2015.02.03-16.31.16:448][ 10]LogModuleManager: Shutting down and abandoning module AutomationWindow (130)
[2015.02.03-16.31.16:455][ 10]LogModuleManager: Shutting down and abandoning module Layers (129)
[2015.02.03-16.31.16:469][ 10]LogModuleManager: Shutting down and abandoning module ComponentVisualizers (128)
[2015.02.03-16.31.16:470][ 10]LogModuleManager: Shutting down and abandoning module DetailCustomizations (127)
[2015.02.03-16.31.16:470][ 10]LogModuleManager: Shutting down and abandoning module PackagesDialog (126)
[2015.02.03-16.31.16:470][ 10]LogModuleManager: Shutting down and abandoning module AssetRegistry (125)
[2015.02.03-16.31.16:532][ 10]LogModuleManager: Shutting down and abandoning module Persona (124)
[2015.02.03-16.31.16:538][ 10]LogModuleManager: Shutting down and abandoning module Kismet (123)
[2015.02.03-16.31.16:538][ 10]LogModuleManager: Shutting down and abandoning module GraphEditor (122)
[2015.02.03-16.31.16:538][ 10]LogModuleManager: Shutting down and abandoning module ClassViewer (121)
[2015.02.03-16.31.16:538][ 10]LogModuleManager: Shutting down and abandoning module Toolbox (120)
[2015.02.03-16.31.16:538][ 10]LogModuleManager: Shutting down and abandoning module ModuleUI (119)
[2015.02.03-16.31.16:549][ 10]LogModuleManager: Shutting down and abandoning module MovieSceneTools (118)
[2015.02.03-16.31.16:557][ 10]LogModuleManager: Shutting down and abandoning module OutputLog (117)
[2015.02.03-16.31.16:557][ 10]LogModuleManager: Shutting down and abandoning module GammaUI (116)
[2015.02.03-16.31.16:565][ 10]LogModuleManager: Shutting down and abandoning module Documentation (115)
[2015.02.03-16.31.16:565][ 10]LogModuleManager: Shutting down and abandoning module GameLiveStreaming (114)
[2015.02.03-16.31.16:565][ 10]LogModuleManager: Shutting down and abandoning module StreamingPauseRendering (113)
[2015.02.03-16.31.16:565][ 10]LogModuleManager: Shutting down and abandoning module HTTP (112)
[2015.02.03-16.31.16:565][ 10]LogModuleManager: Shutting down and abandoning module AnalyticsET (111)
[2015.02.03-16.31.16:565][ 10]LogModuleManager: Shutting down and abandoning module Analytics (110)
[2015.02.03-16.31.16:565][ 10]LogModuleManager: Shutting down and abandoning module AITestSuite (109)
[2015.02.03-16.31.16:565][ 10]LogModuleManager: Shutting down and abandoning module AIModule (108)
[2015.02.03-16.31.16:579][ 10]LogModuleManager: Shutting down and abandoning module ProfilerService (107)
[2015.02.03-16.31.16:766][ 10]LogModuleManager: Shutting down and abandoning module TaskGraph (106)
[2015.02.03-16.31.16:800][ 10]LogModuleManager: Shutting down and abandoning module GameplayDebugger (105)
[2015.02.03-16.31.16:809][ 10]LogModuleManager: Shutting down and abandoning module SlateRemote (104)
[2015.02.03-16.31.16:809][ 10]LogModuleManager: Shutting down and abandoning module ScriptEditorPlugin (103)
[2015.02.03-16.31.16:809][ 10]LogModuleManager: Shutting down and abandoning module CustomMeshComponent (102)
[2015.02.03-16.31.16:809][ 10]LogModuleManager: Shutting down and abandoning module CableComponent (101)
[2015.02.03-16.31.16:809][ 10]LogModuleManager: Shutting down and abandoning module MessagingDebugger (100)
[2015.02.03-16.31.16:829][ 10]LogModuleManager: Shutting down and abandoning module MediaPlayerEditor (99)
[2015.02.03-16.31.16:837][ 10]LogModuleManager: Shutting down and abandoning module SpeedTreeImporter (98)
[2015.02.03-16.31.16:837][ 10]LogModuleManager: Shutting down and abandoning module PluginsEditor (97)
[2015.02.03-16.31.16:837][ 10]LogModuleManager: Shutting down and abandoning module EpicSurvey (96)
[2015.02.03-16.31.16:837][ 10]LogModuleManager: Shutting down and abandoning module DesktopPlatform (95)
[2015.02.03-16.31.16:850][ 10]LogModuleManager: Shutting down and abandoning module VisualStudioSourceCodeAccess (94)
[2015.02.03-16.31.16:850][ 10]LogModuleManager: Shutting down and abandoning module UObjectPlugin (93)
[2015.02.03-16.31.16:850][ 10]LogModuleManager: Shutting down and abandoning module SubversionSourceControl (92)
[2015.02.03-16.31.16:850][ 10]LogModuleManager: Shutting down and abandoning module SourceControl (91)
[2015.02.03-16.31.16:850][ 10]LogModuleManager: Shutting down and abandoning module PerforceSourceControl (90)
[2015.02.03-16.31.16:860][ 10]LogModuleManager: Shutting down and abandoning module BlankPlugin (89)
[2015.02.03-16.31.16:860][ 10]LogModuleManager: Shutting down and abandoning module SlateReflector (88)
[2015.02.03-16.31.16:860][ 10]LogModuleManager: Shutting down and abandoning module DirectoryWatcher (87)
[2015.02.03-16.31.16:861][ 10]LogModuleManager: Shutting down and abandoning module HotReload (86)
[2015.02.03-16.31.16:861][ 10]LogModuleManager: Shutting down and abandoning module MainFrame (85)
[2015.02.03-16.31.16:861][ 10]LogModuleManager: Shutting down and abandoning module LevelEditor (84)
[2015.02.03-16.31.16:877][ 10]LogModuleManager: Shutting down and abandoning module ViewportSnapping (83)
[2015.02.03-16.31.16:877][ 10]LogModuleManager: Shutting down and abandoning module SmartSnapping (82)
[2015.02.03-16.31.16:877][ 10]LogModuleManager: Shutting down and abandoning module PaperTiledImporter (81)
[2015.02.03-16.31.16:877][ 10]LogModuleManager: Shutting down and abandoning module PaperJsonImporter (80)
[2015.02.03-16.31.16:892][ 10]LogModuleManager: Shutting down and abandoning module ContentBrowser (79)
[2015.02.03-16.31.16:892][ 10]LogModuleManager: Shutting down and abandoning module Paper2DEditor (78)
[2015.02.03-16.31.16:906][ 10]LogModuleManager: Shutting down and abandoning module ScriptPlugin (77)
[2015.02.03-16.31.16:912][ 10]LogModuleManager: Shutting down and abandoning module UdpMessaging (76)
[2015.02.03-16.31.17:012][ 10]LogModuleManager: Shutting down and abandoning module Paper2D (75)
[2015.02.03-16.31.17:012][ 10]LogModuleManager: Shutting down and abandoning module UE4Game (74)
[2015.02.03-16.31.17:012][ 10]LogModuleManager: Shutting down and abandoning module WindowsMoviePlayer (73)
[2015.02.03-16.31.17:014][ 10]LogModuleManager: Shutting down and abandoning module Media (72)
[2015.02.03-16.31.17:014][ 10]LogModuleManager: Shutting down and abandoning module WmfMedia (71)
[2015.02.03-16.31.17:015][ 10]LogModuleManager: Shutting down and abandoning module OnlineBlueprintSupport (70)
[2015.02.03-16.31.17:015][ 10]LogModuleManager: Shutting down and abandoning module PropertyEditor (69)
[2015.02.03-16.31.17:015][ 10]LogModuleManager: Shutting down and abandoning module BehaviorTreeEditor (68)
[2015.02.03-16.31.17:041][ 10]LogModuleManager: Shutting down and abandoning module FunctionalTesting (67)
[2015.02.03-16.31.17:041][ 10]LogModuleManager: Shutting down and abandoning module CollisionAnalyzer (66)
[2015.02.03-16.31.17:064][ 10]LogModuleManager: Shutting down and abandoning module WorkspaceMenuStructure (65)
[2015.02.03-16.31.17:065][ 10]LogModuleManager: Shutting down and abandoning module MessageLog (64)
[2015.02.03-16.31.17:065][ 10]LogModuleManager: Shutting down and abandoning module Sequencer (63)
[2015.02.03-16.31.17:065][ 10]LogModuleManager: Shutting down and abandoning module AssetTools (62)
[2015.02.03-16.31.17:065][ 10]LogModuleManager: Shutting down and abandoning module UMGEditor (61)
[2015.02.03-16.31.17:065][ 10]LogModuleManager: Shutting down and abandoning module UMG (60)
[2015.02.03-16.31.17:065][ 10]LogModuleManager: Shutting down and abandoning module Slate (59)
[2015.02.03-16.31.17:065][ 10]LogModuleManager: Shutting down and abandoning module EditorStyle (58)
[2015.02.03-16.31.17:069][ 10]LogModuleManager: Shutting down and abandoning module SessionServices (57)
[2015.02.03-16.31.17:069][ 10]LogModuleManager: Shutting down and abandoning module SourceCodeAccess (56)
[2015.02.03-16.31.17:069][ 10]LogModuleManager: Shutting down and abandoning module HeadMountedDisplay (55)
[2015.02.03-16.31.17:069][ 10]LogModuleManager: Shutting down and abandoning module XAudio2 (54)
[2015.02.03-16.31.17:069][ 10]LogModuleManager: Shutting down and abandoning module Networking (52)
[2015.02.03-16.31.17:069][ 10]LogModuleManager: Shutting down and abandoning module Core (51)
[2015.02.03-16.31.17:069][ 10]LogModuleManager: Shutting down and abandoning module KismetCompiler (50)
[2015.02.03-16.31.17:069][ 10]LogModuleManager: Shutting down and abandoning module PhysXFormats (49)
[2015.02.03-16.31.17:070][ 10]LogModuleManager: Shutting down and abandoning module MeshUtilities (48)
[2015.02.03-16.31.17:074][ 10]LogModuleManager: Shutting down and abandoning module DerivedDataCache (47)
[2015.02.03-16.31.17:131][ 10]LogDerivedDataCache: Shutdown
[2015.02.03-16.31.17:131][ 10]LogModuleManager: Shutting down and abandoning module ShaderFormatOpenGL (46)
[2015.02.03-16.31.17:141][ 10]LogModuleManager: Shutting down and abandoning module ShaderFormatD3D (45)
[2015.02.03-16.31.17:141][ 10]LogModuleManager: Shutting down and abandoning module MetalShaderFormat (44)
[2015.02.03-16.31.17:149][ 10]LogModuleManager: Shutting down and abandoning module TextureFormatUncompressed (43)
[2015.02.03-16.31.17:149][ 10]LogModuleManager: Shutting down and abandoning module TextureFormatPVR (42)
[2015.02.03-16.31.17:149][ 10]LogModuleManager: Shutting down and abandoning module TextureFormatDXT (41)
[2015.02.03-16.31.17:149][ 10]LogModuleManager: Shutting down and abandoning module TextureFormatAndroid (40)
[2015.02.03-16.31.17:149][ 10]LogModuleManager: Shutting down and abandoning module AudioFormatOpus (39)
[2015.02.03-16.31.17:149][ 10]LogModuleManager: Shutting down and abandoning module AudioFormatOgg (38)
[2015.02.03-16.31.17:149][ 10]LogModuleManager: Shutting down and abandoning module AudioFormatADPCM (37)
[2015.02.03-16.31.17:149][ 10]LogModuleManager: Shutting down and abandoning module LinuxTargetPlatform (36)
[2015.02.03-16.31.17:149][ 10]LogModuleManager: Shutting down and abandoning module LinuxServerTargetPlatform (35)
[2015.02.03-16.31.17:149][ 10]LogModuleManager: Shutting down and abandoning module LinuxNoEditorTargetPlatform (34)
[2015.02.03-16.31.17:149][ 10]LogModuleManager: Shutting down and abandoning module Messaging (33)
[2015.02.03-16.31.17:149][ 10]LogModuleManager: Shutting down and abandoning module IOSTargetPlatform (32)
[2015.02.03-16.31.17:149][ 10]LogModuleManager: Shutting down and abandoning module Android_PVRTCTargetPlatform (31)
[2015.02.03-16.31.17:149][ 10]LogModuleManager: Shutting down and abandoning module Android_ETC2TargetPlatform (30)
[2015.02.03-16.31.17:149][ 10]LogModuleManager: Shutting down and abandoning module Android_ETC1TargetPlatform (29)
[2015.02.03-16.31.17:149][ 10]LogModuleManager: Shutting down and abandoning module Android_DXTTargetPlatform (28)
[2015.02.03-16.31.17:149][ 10]LogModuleManager: Shutting down and abandoning module Android_ATCTargetPlatform (27)
[2015.02.03-16.31.17:149][ 10]LogModuleManager: Shutting down and abandoning module AndroidTargetPlatform (26)
[2015.02.03-16.31.17:149][ 10]LogModuleManager: Shutting down and abandoning module WindowsTargetPlatform (25)
[2015.02.03-16.31.17:149][ 10]LogModuleManager: Shutting down and abandoning module WindowsServerTargetPlatform (24)
[2015.02.03-16.31.17:149][ 10]LogModuleManager: Shutting down and abandoning module WindowsNoEditorTargetPlatform (23)
[2015.02.03-16.31.17:149][ 10]LogModuleManager: Shutting down and abandoning module WindowsClientTargetPlatform (22)
[2015.02.03-16.31.17:149][ 10]LogModuleManager: Shutting down and abandoning module TargetPlatform (21)
[2015.02.03-16.31.17:149][ 10]LogModuleManager: Shutting down and abandoning module InputCore (20)
[2015.02.03-16.31.17:149][ 10]LogModuleManager: Shutting down and abandoning module Settings (19)
[2015.02.03-16.31.17:149][ 10]LogModuleManager: Shutting down and abandoning module ImageWrapper (18)
[2015.02.03-16.31.17:149][ 10]LogModuleManager: Shutting down and abandoning module OculusRift (15)
[2015.02.03-16.31.17:149][ 10]LogModuleManager: Shutting down and abandoning module ExampleDeviceProfileSelector (14)
[2015.02.03-16.31.17:149][ 10]LogModuleManager: Shutting down and abandoning module TextureCompressor (13)
[2015.02.03-16.31.17:149][ 10]LogModuleManager: Shutting down and abandoning module ShaderCore (12)
[2015.02.03-16.31.17:149][ 10]LogModuleManager: Shutting down and abandoning module Landscape (11)
[2015.02.03-16.31.17:149][ 10]LogModuleManager: Shutting down and abandoning module SlateRHIRenderer (10)
[2015.02.03-16.31.17:166][ 10]LogModuleManager: Shutting down and abandoning module OpenGLDrv (9)
[2015.02.03-16.31.17:166][ 10]LogModuleManager: Shutting down and abandoning module D3D11RHI (8)
[2015.02.03-16.31.17:166][ 10]LogModuleManager: Shutting down and abandoning module Renderer (7)
[2015.02.03-16.31.17:166][ 10]LogModuleManager: Shutting down and abandoning module Engine (6)
[2015.02.03-16.31.17:166][ 10]LogModuleManager: Shutting down and abandoning module CoreUObject (5)
[2015.02.03-16.31.17:166][ 10]LogModuleManager: Shutting down and abandoning module NetworkFile (4)
[2015.02.03-16.31.17:179][ 10]LogModuleManager: Shutting down and abandoning module StreamingFile (3)
[2015.02.03-16.31.17:179][ 10]LogModuleManager: Shutting down and abandoning module SandboxFile (2)
[2015.02.03-16.31.17:179][ 10]LogModuleManager: Shutting down and abandoning module PakFile (1)
[2015.02.03-16.31.17:194][ 10]LogExit: Exiting.
[2015.02.03-16.31.17:247][ 10]Log file closed, 02/03/15 11:31:17
