Log file open, 01/24/15 18:11:55
LogInit:Display: Running engine for game: KodainaKingdom
LogInit: Version: 4.6.1-2386410+++depot+UE4-Releases+4.6
LogInit: API Version: 2369412
LogInit: Compiled (64-bit): Dec 11 2014 21:31:39
LogInit: Compiled with Visual C++: 18.00.21005.01
LogInit: Build Configuration: Development
LogInit: Branch Name: ++depot+UE4-Releases+4.6
LogInit: Command line:  
LogInit: Base directory: C:/Program Files/UE45/Epic Games/4.6/Engine/Binaries/Win64/
LogInit: Rocket: 1
[2015.01.24-23.11.55:566][  0]LogTaskGraph: Started task graph with 3 named threads and 6 total threads.
[2015.01.24-23.11.55:626][  0]LogOnline:Warning: No default platform service specified for OnlineSubsystem
[2015.01.24-23.11.55:659][  0]LogInit: Presizing for 0 objects not considered by GC, pre-allocating 0 bytes.
[2015.01.24-23.11.55:666][  0]LogInit: Object subsystem initialized
[2015.01.24-23.11.55:668][  0]LogInit: Selected Device Profile: [Windows]
[2015.01.24-23.11.55:668][  0]LogInit: Applying CVar settings loaded from the selected device profile: [Windows]
[2015.01.24-23.11.55:675][  0]LogInit: Computer: ASUS
[2015.01.24-23.11.55:675][  0]LogInit: User: Owner
[2015.01.24-23.11.55:675][  0]LogInit: CPU Page size=4096, Cores=4
[2015.01.24-23.11.55:675][  0]LogInit: High frequency timer resolution =2.338333 MHz
[2015.01.24-23.11.55:676][  0]LogMemory: Memory total: Physical=15.9GB (16GB approx) Virtual=131072.0GB
[2015.01.24-23.11.55:676][  0]LogMemory: Platform Memory Stats for Windows
[2015.01.24-23.11.55:676][  0]LogMemory: Process Physical Memory: 48.72 MB used, 48.72 MB peak
[2015.01.24-23.11.55:676][  0]LogMemory: Process Virtual Memory: 25.08 MB used, 25.08 MB peak
[2015.01.24-23.11.55:676][  0]LogMemory: Physical Memory: 5028.12 MB used, 16267.18 MB total
[2015.01.24-23.11.55:676][  0]LogMemory: Virtual Memory: 270.96 MB used, 134217728.00 MB total
[2015.01.24-23.11.55:712][  0]LogD3D11RHI: Found D3D11 adapter 0: Intel(R) HD Graphics 4600 (Feature Level 11_0)
[2015.01.24-23.11.55:712][  0]LogD3D11RHI: Adapter has 32MB of dedicated video memory, 0MB of dedicated system memory, and 1760MB of shared system memory, 1 output[s]
[2015.01.24-23.11.55:723][  0]LogD3D11RHI: Found D3D11 adapter 1: NVIDIA GeForce GT 750M (Feature Level 11_0)
[2015.01.24-23.11.55:723][  0]LogD3D11RHI: Adapter has 1988MB of dedicated video memory, 0MB of dedicated system memory, and 2048MB of shared system memory, 0 output[s]
[2015.01.24-23.11.55:724][  0]LogD3D11RHI: Found D3D11 adapter 2: Microsoft Basic Render Driver (Feature Level 11_0)
[2015.01.24-23.11.55:724][  0]LogD3D11RHI: Adapter has 0MB of dedicated video memory, 0MB of dedicated system memory, and 256MB of shared system memory, 0 output[s]
[2015.01.24-23.11.55:725][  0]LogD3D11RHI: Chosen D3D11 Adapter Id = 0
[2015.01.24-23.11.55:730][  0]LogRHI: Texture pool is 1361 MB (70% of 1945 MB)
[2015.01.24-23.11.55:741][  0]LogD3D11RHI: Async texture creation enabled
[2015.01.24-23.11.55:815][  0]LogTextLocalizationManager: The requested culture ('en_US') has no localization data; parent culture's ('en') localization data will be used.
[2015.01.24-23.11.55:937][  0]LogContentStreaming: Texture pool size is 0.000000MB
[2015.01.24-23.12.01:194][  0]LogTargetPlatformManager:Display: Building Assets For Windows
[2015.01.24-23.12.01:915][  0]LogTargetPlatformManager:Display: Building Assets For Windows
[2015.01.24-23.12.01:996][  0]LogDerivedDataCache:Display: Max Cache Size: 512 MB
[2015.01.24-23.12.02:033][  0]LogDerivedDataCache: Loaded boot cache 0.04s 39MB C:/Users/Owner/AppData/Local/UnrealEngine/4.6/DerivedDataCache/Boot.ddc.
[2015.01.24-23.12.02:033][  0]LogDerivedDataCache:Display: Loaded Boot cache: C:/Users/Owner/AppData/Local/UnrealEngine/4.6/DerivedDataCache/Boot.ddc
[2015.01.24-23.12.02:033][  0]LogDerivedDataCache: FDerivedDataBackendGraph:  Pak pak cache file ../../../../../../../Users/Owner/Documents/Unreal Projects/Kodaina/DerivedDataCache/DDC.ddp not found, will not use a pak cache.
[2015.01.24-23.12.02:033][  0]LogDerivedDataCache: Unable to find inner node Pak for hierarchical cache Hierarchy.
[2015.01.24-23.12.02:091][  0]LogDerivedDataCache:Display: Pak cache opened for reading ../../../Engine/DerivedDataCache/DDC.ddp.
[2015.01.24-23.12.02:104][  0]LogDerivedDataCache: Using Local data cache path C:/Users/Owner/AppData/Local/UnrealEngine/Common/DerivedDataCache: Writable
[2015.01.24-23.12.02:263][  0]LogCollisionProfile:Warning: Profile (UI) - Custom Channel Name = 'Weapon' hasn't been found
[2015.01.24-23.12.02:417][  0]LogMeshUtilities: No automatic mesh reduction module available
[2015.01.24-23.12.02:417][  0]LogMeshUtilities: No automatic mesh merging module available
[2015.01.24-23.12.02:864][  0]LogInit: WinSock: version 1.1 (2.2), MaxSocks=32767, MaxUdp=65467
[2015.01.24-23.12.02:982][  0]LogSlate:Warning: Failed to load font data from '../../../Engine/Content/Slate/Fonts/Roboto-Italic.ttf'
[2015.01.24-23.12.04:297][  0]UdpMessaging: Initializing bridge on interface 0.0.0.0:0 to multicast group 230.0.0.1:6666.
[2015.01.24-23.12.04:630][  0]LogDirectoryWatcher:Warning: Failed to begin reading directory changes for C:/Users/Owner/Documents/Unreal Projects/Kodaina/Binaries/Win64. Error: 0
[2015.01.24-23.12.04:856][  0]SourceControl: Info Source control is disabled
[2015.01.24-23.12.04:856][  0]SourceControl: Info Source control is disabled
[2015.01.24-23.12.04:869][  0]SourceControl: Info Source control is disabled
[2015.01.24-23.12.05:151][  0]LogObj: 23754 objects as part of root set at end of initial load.
[2015.01.24-23.12.05:151][  0]LogUObjectAllocator: 5168136 out of 0 bytes used by permanent object pool.
[2015.01.24-23.12.05:234][  0]LogEngine: Initializing Engine...
[2015.01.24-23.12.05:373][  0]LogInit: XAudio2 using 'Speakers (Realtek High Definition Audio)' : 2 channels at 48 kHz using 32 bits per sample (channel mask 0x3)
[2015.01.24-23.12.05:513][  0]LogInit: FAudioDevice initialized.
[2015.01.24-23.12.05:551][  0]LogAIModule: Creating AISystem for world NewWorld
[2015.01.24-23.12.05:571][  0]LogDerivedDataCache: Saved boot cache 0.02s 39MB C:/Users/Owner/AppData/Local/UnrealEngine/4.6/DerivedDataCache/Boot.ddc.
[2015.01.24-23.12.05:574][  0]LogInit: Texture streaming: Enabled
[2015.01.24-23.12.05:635][  0]LogAnalytics: Creating configured Analytics provider AnalyticsET
[2015.01.24-23.12.05:635][  0]LogAnalytics: ET APIKey = Rocket.Release. APIServer = http://et2.epicgames.com/ET2/. AppVersion = 4.6.1-2386410+++depot+UE4-Releases+4.6
[2015.01.24-23.12.05:636][  0]LogAnalytics: SetUserId d53fbd01599cddc5eda2e5a33cd9f114
[2015.01.24-23.12.05:636][  0]LogAnalytics: AnalyticsET::StartSession [Rocket.Release]
[2015.01.24-23.12.05:665][  0]LogInit: Transaction tracking system initialized
[2015.01.24-23.12.05:867][  0]BlueprintLog: New page: Editor Load
[2015.01.24-23.12.05:933][  0]LogAssetRegistry: FAssetRegistry took 0.0110 seconds to start up
[2015.01.24-23.12.05:933][  0]LogDirectoryWatcher:Warning: Failed to begin reading directory changes for ../../../Engine/Plugins/Experimental/CharacterAI/Content/. Error: 0
[2015.01.24-23.12.06:683][  0]LogTargetPlatformManager:Display: Building Assets For Windows
[2015.01.24-23.12.07:091][  0]LogTargetPlatformManager:Display: Building Assets For Windows
[2015.01.24-23.12.07:481][  0]LogConsoleResponse:Display: 
[2015.01.24-23.12.07:529][  0]LogLinker:Warning: Asset '../../../Engine/Content/Functions/Engine_MaterialFunctions03/Procedurals/ComputeFilterWidth.uasset' has been saved with empty engine version. The asset will be loaded but may be incompatible.
[2015.01.24-23.12.07:863][  0]SourceControl: Info Source control is disabled
[2015.01.24-23.12.07:863][  0]Cmd: MAP LOAD FILE="../../../Engine/Content/Maps/Templates/Template_Default.umap" TEMPLATE=1 SHOWPROGRESS=1
[2015.01.24-23.12.07:864][  0]LightingResults: New page: Lighting Build
[2015.01.24-23.12.07:879][  0]MapCheck: New page: Map Check
[2015.01.24-23.12.07:879][  0]LightingResults: New page: Lighting Build
[2015.01.24-23.12.07:886][  0]LogParticles: Destroying 0 GPU particle simulations for FXSystem 0x0000006781611940
[2015.01.24-23.12.08:131][  0]LogEditorServer: Finished looking for orphan Actors (0.000 secs)
[2015.01.24-23.12.08:131][  0]LogAIModule: Creating AISystem for world Untitled_1
[2015.01.24-23.12.08:132][  0]Cmd: MAP CHECKDEP
[2015.01.24-23.12.08:132][  0]MapCheck: New page: Untitled_1 - Jan 24, 2015, 1:12:08 PM
[2015.01.24-23.12.08:292][  0]MapCheck: Info Map check complete: 0 Error(s), 0 Warning(s), took 159.514ms to complete.
[2015.01.24-23.12.08:292][  0]LogFileHelpers: Loading map 'Template_Default' took 0.429
[2015.01.24-23.12.08:391][  0]LogCollectionManager: Loaded 0 collections in 0.001912 seconds
[2015.01.24-23.12.08:630][  0]LogCrashTracker: Crashtracker disabled due to settings.
[2015.01.24-23.12.08:637][  0]LogUObjectGlobals:Warning: Failed to find object 'Class None.'
[2015.01.24-23.12.08:664][  0]LogLoad: Full Startup: 15.30 seconds (BP compile: 0.04 seconds)
[2015.01.24-23.12.09:006][  0]LogContentBrowser:Verbose: The content browser source was changed by the sources view to '/Game/Blueprints'
[2015.01.24-23.12.09:125][  0]LogRenderer:Warning: Reallocating scene render targets to support 1200x904.
[2015.01.24-23.12.10:018][  3]LogAssetRegistry: Asset discovery search completed in 4.0963 seconds
[2015.01.24-23.13.07:747][888]LogPlayLevel: PIE:  No blueprints needed recompiling
[2015.01.24-23.13.07:747][888]PIE: New page: PIE session: Untitled_1 (Jan 24, 2015, 1:13:07 PM)
[2015.01.24-23.13.07:749][888]LogPlayLevel: PIE: StaticDuplicateObject took: (0.001516s)
[2015.01.24-23.13.07:750][888]LogPlayLevel: PIE: World Init took: (0.000947s)
[2015.01.24-23.13.07:750][888]LogPlayLevel: PIE: Created PIE world by copying editor world from /Temp/Untitled_1.Untitled_1 to /Temp/UEDPIE_0_Untitled_1.Untitled_1 (0.002794s)
[2015.01.24-23.13.07:802][888]LogWorld: Game class is 'GameMode'
[2015.01.24-23.13.07:804][888]LogAIModule: Creating AISystem for world Untitled_1
[2015.01.24-23.13.07:804][888]LogWorld: Bringing World /Temp/UEDPIE_0_Untitled_1.Untitled_1 up for play (max tick rate 60) at 2015.01.24-18.13.07
[2015.01.24-23.13.07:805][888]LogWorld: Bringing up level for play took: 0.000895
[2015.01.24-23.13.07:812][888]PIE: Info Play in editor start time for /Temp/UEDPIE_0_Untitled_1 -0.196
[2015.01.24-23.13.13:016][144]LogParticles: Destroying 0 GPU particle simulations for FXSystem 0x00000067892A58A0
[2015.01.24-23.13.15:024][256]LogEditorViewport: Clicking on Actor (LMB): PlayerStart (Player Start)
[2015.01.24-23.13.20:629][555]LogWindows:Error: Windows GetLastError: The operation completed successfully. (0)
[2015.01.24-23.13.20:629][555]LogCrashTracker: 


[2015.01.24-23.13.21:248][555]LogCrashTracker: 


[2015.01.24-23.13.21:248][555]LogWindows: === Critical error: ===
Assertion failed: PreviousCDO != nullptr [File:D:\BuildFarm\buildmachine_++depot+UE4-Releases+4.6\Engine\Source\Editor\UnrealEd\Private\Kismet2\BlueprintEditorUtils.cpp] [Line: 1062] 



KERNELBASE.dll!UnknownFunction (0x00007ff8a3ce606c) + 0 bytes [UnknownFile:0]
UE4Editor-Core.dll!UnknownFunction (0x00007ff880cf2f7d) + 0 bytes [UnknownFile:0]
UE4Editor-Core.dll!UnknownFunction (0x00007ff880b860f8) + 0 bytes [UnknownFile:0]
UE4Editor-Core.dll!UnknownFunction (0x00007ff880b69192) + 0 bytes [UnknownFile:0]
UE4Editor-UnrealEd.dll!UnknownFunction (0x00007ff87d00cde3) + 0 bytes [UnknownFile:0]
UE4Editor-UnrealEd.dll!UnknownFunction (0x00007ff87d009664) + 0 bytes [UnknownFile:0]
UE4Editor-UnrealEd.dll!UnknownFunction (0x00007ff87d0066b8) + 0 bytes [UnknownFile:0]
UE4Editor-UnrealEd.dll!UnknownFunction (0x00007ff87d00cfe8) + 0 bytes [UnknownFile:0]
UE4Editor-CoreUObject.dll!UnknownFunction (0x00007ff880789070) + 0 bytes [UnknownFile:0]
UE4Editor-CoreUObject.dll!UnknownFunction (0x00007ff8807d7092) + 0 bytes [UnknownFile:0]
UE4Editor-CoreUObject.dll!UnknownFunction (0x00007ff8807d74db) + 0 bytes [UnknownFile:0]
UE4Editor-CoreUObject.dll!UnknownFunction (0x00007ff8807f37eb) + 0 bytes [UnknownFile:0]
UE4Editor-CoreUObject.dll!UnknownFunction (0x00007ff880854985) + 0 bytes [UnknownFile:0]
UE4Editor-CoreUObject.dll!UnknownFunction (0x00007ff88081342f) + 0 bytes [UnknownFile:0]
UE4Editor-CoreUObject.dll!UnknownFunction (0x00007ff880812722) + 0 bytes [UnknownFile:0]
UE4Editor-CoreUObject.dll!UnknownFunction (0x00007ff880813792) + 0 bytes [UnknownFile:0]
UE4Editor-CoreUObject.dll!UnknownFunction (0x00007ff880812722) + 0 bytes [UnknownFile:0]
UE4Editor-CoreUObject.dll!UnknownFunction (0x00007ff8807d7cc4) + 0 bytes [UnknownFile:0]
UE4Editor-CoreUObject.dll!UnknownFunction (0x00007ff8807f1789) + 0 bytes [UnknownFile:0]
UE4Editor-CoreUObject.dll!UnknownFunction (0x00007ff8807c65b4) + 0 bytes [UnknownFile:0]
UE4Editor-CoreUObject.dll!UnknownFunction (0x00007ff8807fb242) + 0 bytes [UnknownFile:0]
UE4Editor-CoreUObject.dll!UnknownFunction (0x00007ff8807503b4) + 0 bytes [UnknownFile:0]
UE4Editor-CoreUObject.dll!UnknownFunction (0x00007ff8807652d0) + 0 bytes [UnknownFile:0]
UE4Editor-CoreUObject.dll!UnknownFunction (0x00007ff8807d6f6c) + 0 bytes [UnknownFile:0]
UE4Editor-CoreUObject.dll!UnknownFunction (0x00007ff8807d74db) + 0 bytes [UnknownFile:0]
UE4Editor-CoreUObject.dll!UnknownFunction (0x00007ff8807f37eb) + 0 bytes [UnknownFile:0]
UE4Editor-CoreUObject.dll!UnknownFunction (0x00007ff880854985) + 0 bytes [UnknownFile:0]
UE4Editor-CoreUObject.dll!UnknownFunction (0x00007ff88081342f) + 0 bytes [UnknownFile:0]
UE4Editor-CoreUObject.dll!UnknownFunction (0x00007ff880812722) + 0 bytes [UnknownFile:0]
UE4Editor-CoreUObject.dll!UnknownFunction (0x00007ff880813792) + 0 bytes [UnknownFile:0]
UE4Editor-CoreUObject.dll!UnknownFunction (0x00007ff880812722) + 0 bytes [UnknownFile:0]
UE4Editor-CoreUObject.dll!UnknownFunction (0x00007ff8807d7cc4) + 0 bytes [UnknownFile:0]
UE4Editor-CoreUObject.dll!UnknownFunction (0x00007ff8807f1789) + 0 bytes [UnknownFile:0]
UE4Editor-CoreUObject.dll!UnknownFunction (0x00007ff8807c65b4) + 0 bytes [UnknownFile:0]
UE4Editor-CoreUObject.dll!UnknownFunction (0x00007ff8807fb242) + 0 bytes [UnknownFile:0]
UE4Editor-CoreUObject.dll!UnknownFunction (0x00007ff8807503b4) + 0 bytes [UnknownFile:0]
UE4Editor-CoreUObject.dll!UnknownFunction (0x00007ff8807652d0) + 0 bytes [UnknownFile:0]
UE4Editor-CoreUObject.dll!UnknownFunction (0x00007ff8807d6f6c) + 0 bytes [UnknownFile:0]
UE4Editor-CoreUObject.dll!UnknownFunction (0x00007ff8807d74db) + 0 bytes [UnknownFile:0]
UE4Editor-CoreUObject.dll!UnknownFunction (0x00007ff8807f37eb) + 0 bytes [UnknownFile:0]
UE4Editor-CoreUObject.dll!UnknownFunction (0x00007ff880854985) + 0 bytes [UnknownFile:0]
UE4Editor-CoreUObject.dll!UnknownFunction (0x00007ff88081342f) + 0 bytes [UnknownFile:0]
UE4Editor-CoreUObject.dll!UnknownFunction (0x00007ff880812722) + 0 bytes [UnknownFile:0]
UE4Editor-CoreUObject.dll!UnknownFunction (0x00007ff880813792) + 0 bytes [UnknownFile:0]
UE4Editor-CoreUObject.dll!UnknownFunction (0x00007ff880812722) + 0 bytes [UnknownFile:0]
UE4Editor-CoreUObject.dll!UnknownFunction (0x00007ff8807d7cc4) + 0 bytes [UnknownFile:0]
UE4Editor-CoreUObject.dll!UnknownFunction (0x00007ff8807f1789) + 0 bytes [UnknownFile:0]
UE4Editor-CoreUObject.dll!UnknownFunction (0x00007ff8807c65b4) + 0 bytes [UnknownFile:0]
UE4Editor-Engine.dll!UnknownFunction (0x00007ff87eb2f924) + 0 bytes [UnknownFile:0]
UE4Editor-CoreUObject.dll!UnknownFunction (0x00007ff88086bd93) + 0 bytes [UnknownFile:0]
UE4Editor-CoreUObject.dll!UnknownFunction (0x00007ff88079dcba) + 0 bytes [UnknownFile:0]
UE4Editor-CoreUObject.dll!UnknownFunction (0x00007ff88079d642) + 0 bytes [UnknownFile:0]
UE4Editor-CoreUObject.dll!UnknownFunction (0x00007ff88086be20) + 0 bytes [UnknownFile:0]
UE4Editor-CoreUObject.dll!UnknownFunction (0x00007ff8808099aa) + 0 bytes [UnknownFile:0]
UE4Editor-CoreUObject.dll!UnknownFunction (0x00007ff88079dcba) + 0 bytes [UnknownFile:0]
UE4Editor-CoreUObject.dll!UnknownFunction (0x00007ff88079d642) + 0 bytes [UnknownFile:0]
UE4Editor-CoreUObject.dll!UnknownFunction (0x00007ff88080a94c) + 0 bytes [UnknownFile:0]
UE4Editor-CoreUObject.dll!UnknownFunction (0x00007ff880808a46) + 0 bytes [UnknownFile:0]
UE4Editor-Engine.dll!UnknownFunction (0x00007ff87e189835) + 0 bytes [UnknownFile:0]
UE4Editor-Engine.dll!UnknownFunction (0x00007ff87e18938b) + 0 bytes [UnknownFile:0]
UE4Editor-CoreUObject.dll!UnknownFunction (0x00007ff8807fb242) + 0 bytes [UnknownFile:0]
UE4Editor-CoreUObject.dll!UnknownFunction (0x00007ff880789056) + 0 bytes [UnknownFile:0]
UE4Editor-CoreUObject.dll!UnknownFunction (0x00007ff8807d7092) + 0 bytes [UnknownFile:0]
UE4Editor-CoreUObject.dll!UnknownFunction (0x00007ff8807d74db) + 0 bytes [UnknownFile:0]
UE4Editor-CoreUObject.dll!UnknownFunction (0x00007ff8807f37eb) + 0 bytes [UnknownFile:0]
UE4Editor-CoreUObject.dll!UnknownFunction (0x00007ff880854985) + 0 bytes [UnknownFile:0]
UE4Editor-CoreUObject.dll!UnknownFunction (0x00007ff88081342f) + 0 bytes [UnknownFile:0]
UE4Editor-CoreUObject.dll!UnknownFunction (0x00007ff880812722) + 0 bytes [UnknownFile:0]
UE4Editor-CoreUObject.dll!UnknownFunction (0x00007ff880813792) + 0 bytes [UnknownFile:0]
UE4Editor-CoreUObject.dll!UnknownFunction (0x00007ff880812722) + 0 bytes [UnknownFile:0]
UE4Editor-CoreUObject.dll!UnknownFunction (0x00007ff8807d7cc4) + 0 bytes [UnknownFile:0]
UE4Editor-CoreUObject.dll!UnknownFunction (0x00007ff8807f1789) + 0 bytes [UnknownFile:0]
UE4Editor-CoreUObject.dll!UnknownFunction (0x00007ff8807c65b4) + 0 bytes [UnknownFile:0]
UE4Editor-CoreUObject.dll!UnknownFunction (0x00007ff8807fb242) + 0 bytes [UnknownFile:0]
UE4Editor-CoreUObject.dll!UnknownFunction (0x00007ff88077cafd) + 0 bytes [UnknownFile:0]
UE4Editor-CoreUObject.dll!UnknownFunction (0x00007ff88077c7fe) + 0 bytes [UnknownFile:0]
UE4Editor-CoreUObject.dll!UnknownFunction (0x00007ff880798496) + 0 bytes [UnknownFile:0]
UE4Editor-CoreUObject.dll!UnknownFunction (0x00007ff880797bea) + 0 bytes [UnknownFile:0]
UE4Editor-CoreUObject.dll!UnknownFunction (0x00007ff8807fb242) + 0 bytes [UnknownFile:0]
UE4Editor-CoreUObject.dll!UnknownFunction (0x00007ff88077cafd) + 0 bytes [UnknownFile:0]
UE4Editor-CoreUObject.dll!UnknownFunction (0x00007ff88077c245) + 0 bytes [UnknownFile:0]
UE4Editor-Engine.dll!UnknownFunction (0x00007ff87e177593) + 0 bytes [UnknownFile:0]
UE4Editor-UMG.dll!UnknownFunction (0x00007ff876d9b8cf) + 0 bytes [UnknownFile:0]
UE4Editor-CoreUObject.dll!UnknownFunction (0x00007ff880797489) + 0 bytes [UnknownFile:0]
UE4Editor-CoreUObject.dll!UnknownFunction (0x00007ff8807fb242) + 0 bytes [UnknownFile:0]
UE4Editor-CoreUObject.dll!UnknownFunction (0x00007ff8807d724c) + 0 bytes [UnknownFile:0]
UE4Editor-CoreUObject.dll!UnknownFunction (0x00007ff8807f1714) + 0 bytes [UnknownFile:0]
UE4Editor-CoreUObject.dll!UnknownFunction (0x00007ff8807d6a97) + 0 bytes [UnknownFile:0]
UE4Editor-CoreUObject.dll!UnknownFunction (0x00007ff8807d74db) + 0 bytes [UnknownFile:0]
UE4Editor-CoreUObject.dll!UnknownFunction (0x00007ff8807f37eb) + 0 bytes [UnknownFile:0]
UE4Editor-CoreUObject.dll!UnknownFunction (0x00007ff880854985) + 0 bytes [UnknownFile:0]
UE4Editor-CoreUObject.dll!UnknownFunction (0x00007ff88081342f) + 0 bytes [UnknownFile:0]
UE4Editor-CoreUObject.dll!UnknownFunction (0x00007ff880812722) + 0 bytes [UnknownFile:0]
UE4Editor-CoreUObject.dll!UnknownFunction (0x00007ff880813792) + 0 bytes [UnknownFile:0]
UE4Editor-CoreUObject.dll!UnknownFunction (0x00007ff880812722) + 0 bytes [UnknownFile:0]
UE4Editor-CoreUObject.dll!UnknownFunction (0x00007ff8807d7cc4) + 0 bytes [UnknownFile:0]
UE4Editor-CoreUObject.dll!UnknownFunction (0x00007ff8807f1789) + 0 bytes [UnknownFile:0]
UE4Editor-CoreUObject.dll!UnknownFunction (0x00007ff8807c65b4) + 0 bytes [UnknownFile:0]
UE4Editor-CoreUObject.dll!UnknownFunction (0x00007ff8807fb242) + 0 bytes [UnknownFile:0]
UE4Editor-CoreUObject.dll!UnknownFunction (0x00007ff8807503b4) + 0 bytes [UnknownFile:0]
UnknownModule!UnknownFunction (0x00009bf71f87d944) + 0 bytes [UnknownFile:0]


[2015.01.24-23.13.21:396][555]LogExit: Executing StaticShutdownAfterError
[2015.01.24-23.13.21:400][555]LogWindows: FPlatformMisc::RequestExit(1)
[2015.01.24-23.13.21:400][555]Log file closed, 01/24/15 18:13:21
