Log file open, 01/21/15 22:47:08
LogInit:Display: Running engine for game: KodainaKingdom
LogInit: Version: 4.6.1-2386410+++depot+UE4-Releases+4.6
LogInit: API Version: 2369412
LogInit: Compiled (64-bit): Dec 11 2014 21:31:39
LogInit: Compiled with Visual C++: 18.00.21005.01
LogInit: Build Configuration: Development
LogInit: Branch Name: ++depot+UE4-Releases+4.6
LogInit: Command line:  
LogInit: Base directory: C:/Program Files/UE45/Epic Games/4.6/Engine/Binaries/Win64/
LogInit: Rocket: 1
[2015.01.22-03.47.08:630][  0]LogTaskGraph: Started task graph with 3 named threads and 6 total threads.
[2015.01.22-03.47.08:696][  0]LogOnline:Warning: No default platform service specified for OnlineSubsystem
[2015.01.22-03.47.08:769][  0]LogInit: Presizing for 0 objects not considered by GC, pre-allocating 0 bytes.
[2015.01.22-03.47.08:776][  0]LogInit: Object subsystem initialized
[2015.01.22-03.47.08:778][  0]LogConsoleResponse:Warning: Skipping Unknown console variable: 'UIScaleRule = ShortestSide'
[2015.01.22-03.47.08:778][  0]LogConsoleResponse:Warning:   Found in ini file 'C:/Users/Owner/Documents/Unreal Projects/Kodaina/Saved/Config/Windows/Engine.ini', in section '[/Script/Engine.RendererSettings]'
[2015.01.22-03.47.08:778][  0]LogConsoleResponse:Warning: Skipping Unknown console variable: 'UIScaleCurve = (EditorCurveData=(Keys=),ExternalCurve=None)'
[2015.01.22-03.47.08:778][  0]LogConsoleResponse:Warning:   Found in ini file 'C:/Users/Owner/Documents/Unreal Projects/Kodaina/Saved/Config/Windows/Engine.ini', in section '[/Script/Engine.RendererSettings]'
[2015.01.22-03.47.08:778][  0]LogConsoleManager:Warning: Console variable 'r.MSAA.CompositingSampleCount' wasn't set (Priority ProjectSetting < Scalability)
[2015.01.22-03.47.08:778][  0]LogInit: Selected Device Profile: [Windows]
[2015.01.22-03.47.08:778][  0]LogInit: Applying CVar settings loaded from the selected device profile: [Windows]
[2015.01.22-03.47.08:787][  0]LogInit: Computer: ASUS
[2015.01.22-03.47.08:787][  0]LogInit: User: Owner
[2015.01.22-03.47.08:787][  0]LogInit: CPU Page size=4096, Cores=4
[2015.01.22-03.47.08:787][  0]LogInit: High frequency timer resolution =2.338333 MHz
[2015.01.22-03.47.08:787][  0]LogMemory: Memory total: Physical=15.9GB (16GB approx) Virtual=131072.0GB
[2015.01.22-03.47.08:787][  0]LogMemory: Platform Memory Stats for Windows
[2015.01.22-03.47.08:787][  0]LogMemory: Process Physical Memory: 48.80 MB used, 48.80 MB peak
[2015.01.22-03.47.08:787][  0]LogMemory: Process Virtual Memory: 25.04 MB used, 25.05 MB peak
[2015.01.22-03.47.08:787][  0]LogMemory: Physical Memory: 4590.87 MB used, 16267.18 MB total
[2015.01.22-03.47.08:787][  0]LogMemory: Virtual Memory: 270.96 MB used, 134217728.00 MB total
[2015.01.22-03.47.08:950][  0]LogD3D11RHI: Found D3D11 adapter 0: Intel(R) HD Graphics 4600 (Feature Level 11_0)
[2015.01.22-03.47.08:950][  0]LogD3D11RHI: Adapter has 32MB of dedicated video memory, 0MB of dedicated system memory, and 1760MB of shared system memory, 1 output[s]
[2015.01.22-03.47.08:967][  0]LogD3D11RHI: Found D3D11 adapter 1: NVIDIA GeForce GT 750M (Feature Level 11_0)
[2015.01.22-03.47.08:967][  0]LogD3D11RHI: Adapter has 1988MB of dedicated video memory, 0MB of dedicated system memory, and 2048MB of shared system memory, 0 output[s]
[2015.01.22-03.47.08:970][  0]LogD3D11RHI: Found D3D11 adapter 2: Microsoft Basic Render Driver (Feature Level 11_0)
[2015.01.22-03.47.08:970][  0]LogD3D11RHI: Adapter has 0MB of dedicated video memory, 0MB of dedicated system memory, and 256MB of shared system memory, 0 output[s]
[2015.01.22-03.47.08:970][  0]LogD3D11RHI: Chosen D3D11 Adapter Id = 0
[2015.01.22-03.47.08:975][  0]LogRHI: Texture pool is 1361 MB (70% of 1945 MB)
[2015.01.22-03.47.08:989][  0]LogD3D11RHI: Async texture creation enabled
[2015.01.22-03.47.09:161][  0]LogTextLocalizationManager: The requested culture ('en_US') has no localization data; parent culture's ('en') localization data will be used.
[2015.01.22-03.47.09:285][  0]LogContentStreaming: Texture pool size is 0.000000MB
[2015.01.22-03.47.15:049][  0]LogTargetPlatformManager:Display: Building Assets For Windows
[2015.01.22-03.47.15:772][  0]LogTargetPlatformManager:Display: Building Assets For Windows
[2015.01.22-03.47.15:856][  0]LogDerivedDataCache:Display: Max Cache Size: 512 MB
[2015.01.22-03.47.15:895][  0]LogDerivedDataCache: Loaded boot cache 0.04s 39MB C:/Users/Owner/AppData/Local/UnrealEngine/4.6/DerivedDataCache/Boot.ddc.
[2015.01.22-03.47.15:895][  0]LogDerivedDataCache:Display: Loaded Boot cache: C:/Users/Owner/AppData/Local/UnrealEngine/4.6/DerivedDataCache/Boot.ddc
[2015.01.22-03.47.15:896][  0]LogDerivedDataCache: FDerivedDataBackendGraph:  Pak pak cache file ../../../../../../../Users/Owner/Documents/Unreal Projects/Kodaina/DerivedDataCache/DDC.ddp not found, will not use a pak cache.
[2015.01.22-03.47.15:896][  0]LogDerivedDataCache: Unable to find inner node Pak for hierarchical cache Hierarchy.
[2015.01.22-03.47.15:957][  0]LogDerivedDataCache:Display: Pak cache opened for reading ../../../Engine/DerivedDataCache/DDC.ddp.
[2015.01.22-03.47.15:970][  0]LogDerivedDataCache: Using Local data cache path C:/Users/Owner/AppData/Local/UnrealEngine/Common/DerivedDataCache: Writable
[2015.01.22-03.47.16:131][  0]LogCollisionProfile:Warning: Profile (UI) - Custom Channel Name = 'Weapon' hasn't been found
[2015.01.22-03.47.16:291][  0]LogMeshUtilities: No automatic mesh reduction module available
[2015.01.22-03.47.16:291][  0]LogMeshUtilities: No automatic mesh merging module available
[2015.01.22-03.47.16:771][  0]LogInit: WinSock: version 1.1 (2.2), MaxSocks=32767, MaxUdp=65467
[2015.01.22-03.47.16:893][  0]LogSlate:Warning: Failed to load font data from '../../../Engine/Content/Slate/Fonts/Roboto-Italic.ttf'
[2015.01.22-03.47.18:232][  0]UdpMessaging: Initializing bridge on interface 0.0.0.0:0 to multicast group 230.0.0.1:6666.
[2015.01.22-03.47.18:597][  0]LogDirectoryWatcher:Warning: Failed to begin reading directory changes for C:/Users/Owner/Documents/Unreal Projects/Kodaina/Binaries/Win64. Error: 0
[2015.01.22-03.47.18:827][  0]SourceControl: Info Source control is disabled
[2015.01.22-03.47.18:827][  0]SourceControl: Info Source control is disabled
[2015.01.22-03.47.18:840][  0]SourceControl: Info Source control is disabled
[2015.01.22-03.47.19:151][  0]LogObj: 23754 objects as part of root set at end of initial load.
[2015.01.22-03.47.19:151][  0]LogUObjectAllocator: 5168136 out of 0 bytes used by permanent object pool.
[2015.01.22-03.47.19:236][  0]LogEngine: Initializing Engine...
[2015.01.22-03.47.19:387][  0]LogInit: XAudio2 using 'Speakers (2- M-Audio Micro)' : 2 channels at 44.1 kHz using 16 bits per sample (channel mask 0x3)
[2015.01.22-03.47.19:395][  0]LogInit: FAudioDevice initialized.
[2015.01.22-03.47.19:431][  0]LogAIModule: Creating AISystem for world NewWorld
[2015.01.22-03.47.19:452][  0]LogDerivedDataCache: Saved boot cache 0.02s 39MB C:/Users/Owner/AppData/Local/UnrealEngine/4.6/DerivedDataCache/Boot.ddc.
[2015.01.22-03.47.19:454][  0]LogInit: Texture streaming: Enabled
[2015.01.22-03.47.19:512][  0]LogAnalytics: Creating configured Analytics provider AnalyticsET
[2015.01.22-03.47.19:512][  0]LogAnalytics: ET APIKey = Rocket.Release. APIServer = http://et2.epicgames.com/ET2/. AppVersion = 4.6.1-2386410+++depot+UE4-Releases+4.6
[2015.01.22-03.47.19:513][  0]LogAnalytics: SetUserId d53fbd01599cddc5eda2e5a33cd9f114
[2015.01.22-03.47.19:513][  0]LogAnalytics: AnalyticsET::StartSession [Rocket.Release]
[2015.01.22-03.47.19:538][  0]LogInit: Transaction tracking system initialized
[2015.01.22-03.47.19:738][  0]BlueprintLog: New page: Editor Load
[2015.01.22-03.47.19:810][  0]LogAssetRegistry: FAssetRegistry took 0.0112 seconds to start up
[2015.01.22-03.47.19:810][  0]LogDirectoryWatcher:Warning: Failed to begin reading directory changes for ../../../Engine/Plugins/Experimental/CharacterAI/Content/. Error: 0
[2015.01.22-03.47.20:590][  0]LogTargetPlatformManager:Display: Building Assets For Windows
[2015.01.22-03.47.21:069][  0]LogTargetPlatformManager:Display: Building Assets For Windows
[2015.01.22-03.47.21:488][  0]LogConsoleResponse:Display: 
[2015.01.22-03.47.21:542][  0]LogLinker:Warning: Asset '../../../Engine/Content/Functions/Engine_MaterialFunctions03/Procedurals/ComputeFilterWidth.uasset' has been saved with empty engine version. The asset will be loaded but may be incompatible.
[2015.01.22-03.47.21:914][  0]SourceControl: Info Source control is disabled
[2015.01.22-03.47.21:914][  0]Cmd: MAP LOAD FILE="../../../../../../../Users/Owner/Documents/Unreal Projects/Kodaina/Content/Maps/TestLevel.umap" TEMPLATE=0 SHOWPROGRESS=1
[2015.01.22-03.47.21:915][  0]LightingResults: New page: Lighting Build
[2015.01.22-03.47.21:933][  0]MapCheck: New page: Map Check
[2015.01.22-03.47.21:933][  0]LightingResults: New page: Lighting Build
[2015.01.22-03.47.21:942][  0]LogParticles: Destroying 0 GPU particle simulations for FXSystem 0x00000086410C5940
[2015.01.22-03.47.22:003][  0]LogEditorServer: Finished looking for orphan Actors (0.000 secs)
[2015.01.22-03.47.22:003][  0]LogAIModule: Creating AISystem for world TestLevel
[2015.01.22-03.47.22:003][  0]Cmd: MAP CHECKDEP
[2015.01.22-03.47.22:004][  0]MapCheck: New page: TestLevel - Jan 21, 2015, 5:47:22 PM
[2015.01.22-03.47.22:174][  0]MapCheck: Info Map check complete: 0 Error(s), 0 Warning(s), took 170.05ms to complete.
[2015.01.22-03.47.22:174][  0]LogFileHelpers: Loading map 'TestLevel' took 0.260
[2015.01.22-03.47.22:267][  0]LogCollectionManager: Loaded 0 collections in 0.001629 seconds
[2015.01.22-03.47.22:511][  0]LogCrashTracker: Crashtracker disabled due to settings.
[2015.01.22-03.47.22:519][  0]LogUObjectGlobals:Warning: Failed to find object 'Class None.'
[2015.01.22-03.47.22:546][  0]LogLoad: Full Startup: 16.27 seconds (BP compile: 0.01 seconds)
[2015.01.22-03.47.22:889][  0]LogContentBrowser:Verbose: The content browser source was changed by the sources view to '/Game/Blueprints'
[2015.01.22-03.47.23:015][  0]LogRenderer:Warning: Reallocating scene render targets to support 1200x904.
[2015.01.22-03.47.23:898][  3]LogAssetRegistry: Asset discovery search completed in 4.0998 seconds
[2015.01.22-04.38.20:440][ 53]LogPropertyNode:Warning: UI Min (0.001) >= UI Max () for Ranged Numeric
[2015.01.22-04.38.20:444][ 53]LogPropertyNode:Warning: UI Min (0.001) >= UI Max () for Ranged Numeric
[2015.01.22-04.38.20:491][ 53]LogPropertyNode:Warning: UI Min (0.001) >= UI Max () for Ranged Numeric
[2015.01.22-04.38.20:492][ 53]LogPropertyNode:Warning: UI Min (0.001) >= UI Max () for Ranged Numeric
[2015.01.22-04.38.33:656][420]LogPropertyNode:Warning: UI Min (0.001) >= UI Max () for Ranged Numeric
[2015.01.22-04.38.33:657][420]LogPropertyNode:Warning: UI Min (0.001) >= UI Max () for Ranged Numeric
[2015.01.22-04.38.33:675][420]LogActorComponent: UnregisterComponent: (/Engine/Transient.CharacterMovementComponent_0) Not registered. Aborting.
[2015.01.22-04.38.36:977][517]LogPropertyNode:Warning: UI Min (0.001) >= UI Max () for Ranged Numeric
[2015.01.22-04.38.36:978][517]LogPropertyNode:Warning: UI Min (0.001) >= UI Max () for Ranged Numeric
[2015.01.22-04.38.36:995][517]LogActorComponent: UnregisterComponent: (/Engine/Transient.CharacterMovementComponent_1) Not registered. Aborting.
[2015.01.22-04.38.50:870][ 55]LogPropertyNode:Warning: UI Min (0.001) >= UI Max () for Ranged Numeric
[2015.01.22-04.38.50:870][ 55]LogPropertyNode:Warning: UI Min (0.001) >= UI Max () for Ranged Numeric
[2015.01.22-04.38.50:887][ 55]LogActorComponent: UnregisterComponent: (/Engine/Transient.CharacterMovementComponent_2) Not registered. Aborting.
[2015.01.22-04.38.52:572][108]LogActorComponent: UnregisterComponent: (/Engine/Transient.CharacterMovementComponent_3) Not registered. Aborting.
[2015.01.22-04.38.52:606][108]LogFileHelpers: Editor autosave (incl. sublevels) for '/Game/Maps/TestLevel' took 0.033
[2015.01.22-04.38.52:651][108]OBJ SavePackage: Generating thumbnails for [1] asset(s) in package [/Game/Blueprints/MyCharacter] ([1] browsable assets)...
[2015.01.22-04.38.52:683][108]OBJ SavePackage:     Rendered thumbnail for [Blueprint /Game/Blueprints/MyCharacter.MyCharacter]
[2015.01.22-04.38.52:683][108]OBJ SavePackage: Finished generating thumbnails for package [/Game/Blueprints/MyCharacter]
[2015.01.22-04.38.53:161][108]LogSavePackage: Save=319.244080ms
[2015.01.22-04.38.53:161][108]LogSavePackage: Moving '../../../../../../../Users/Owner/Documents/Unreal Projects/Kodaina/Saved/MyCharacter_Auto17D0BABCD4034C3D739F718BB67103095.tmp' to '../../../../../../../Users/Owner/Documents/Unreal Projects/Kodaina/Saved/Autosaves/Game/Blueprints/MyCharacter_Auto1.uasset'
[2015.01.22-04.38.53:170][108]LogFileHelpers: Auto-saving content packages took 0.564
[2015.01.22-05.23.47:941][660]LogPropertyNode:Warning: UI Min (0.001) >= UI Max () for Ranged Numeric
[2015.01.22-05.23.47:942][660]LogPropertyNode:Warning: UI Min (0.001) >= UI Max () for Ranged Numeric
[2015.01.22-05.23.47:960][660]LogActorComponent: UnregisterComponent: (/Engine/Transient.CharacterMovementComponent_4) Not registered. Aborting.
[2015.01.22-05.23.51:244][775]LogPropertyNode:Warning: UI Min (0.001) >= UI Max () for Ranged Numeric
[2015.01.22-05.23.51:245][775]LogPropertyNode:Warning: UI Min (0.001) >= UI Max () for Ranged Numeric
[2015.01.22-05.23.51:262][775]LogActorComponent: UnregisterComponent: (/Engine/Transient.CharacterMovementComponent_5) Not registered. Aborting.
[2015.01.22-05.23.53:835][854]LogPropertyNode:Warning: UI Min (0.001) >= UI Max () for Ranged Numeric
[2015.01.22-05.23.53:836][854]LogPropertyNode:Warning: UI Min (0.001) >= UI Max () for Ranged Numeric
[2015.01.22-05.23.53:853][854]LogActorComponent: UnregisterComponent: (/Engine/Transient.CharacterMovementComponent_6) Not registered. Aborting.
[2015.01.22-05.23.57:437][976]LogPropertyNode:Warning: UI Min (0.001) >= UI Max () for Ranged Numeric
[2015.01.22-05.23.57:443][976]LogPropertyNode:Warning: UI Min (0.001) >= UI Max () for Ranged Numeric
[2015.01.22-05.23.57:557][976]LogActorComponent: UnregisterComponent: (/Engine/Transient.CharacterMovementComponent_7) Not registered. Aborting.
[2015.01.22-05.23.59:047][ 23]LogPropertyNode:Warning: UI Min (0.001) >= UI Max () for Ranged Numeric
[2015.01.22-05.23.59:048][ 23]LogPropertyNode:Warning: UI Min (0.001) >= UI Max () for Ranged Numeric
[2015.01.22-05.23.59:064][ 23]LogActorComponent: UnregisterComponent: (/Engine/Transient.CharacterMovementComponent_8) Not registered. Aborting.
[2015.01.22-05.24.01:854][116]LogPropertyNode:Warning: UI Min (0.001) >= UI Max () for Ranged Numeric
[2015.01.22-05.24.01:861][116]LogPropertyNode:Warning: UI Min (0.001) >= UI Max () for Ranged Numeric
[2015.01.22-05.24.01:979][116]LogActorComponent: UnregisterComponent: (/Engine/Transient.CharacterMovementComponent_9) Not registered. Aborting.
[2015.01.22-05.24.03:627][166]LogActorComponent: UnregisterComponent: (/Engine/Transient.CharacterMovementComponent_10) Not registered. Aborting.
[2015.01.22-05.24.03:652][166]LogFileHelpers: Editor autosave (incl. sublevels) for '/Game/Maps/TestLevel' took 0.025
[2015.01.22-05.24.03:689][166]OBJ SavePackage: Generating thumbnails for [1] asset(s) in package [/Game/Blueprints/MyCharacter] ([1] browsable assets)...
[2015.01.22-05.24.03:729][166]OBJ SavePackage:     Rendered thumbnail for [Blueprint /Game/Blueprints/MyCharacter.MyCharacter]
[2015.01.22-05.24.03:729][166]OBJ SavePackage: Finished generating thumbnails for package [/Game/Blueprints/MyCharacter]
[2015.01.22-05.24.04:196][166]LogSavePackage: Save=314.261902ms
[2015.01.22-05.24.04:196][166]LogSavePackage: Moving '../../../../../../../Users/Owner/Documents/Unreal Projects/Kodaina/Saved/MyCharacter_Auto25F8830D04BBDA772D25F42ACC4B0ECD6.tmp' to '../../../../../../../Users/Owner/Documents/Unreal Projects/Kodaina/Saved/Autosaves/Game/Blueprints/MyCharacter_Auto2.uasset'
[2015.01.22-05.24.04:203][166]LogFileHelpers: Auto-saving content packages took 0.552
[2015.01.22-05.24.05:218][206]LogPropertyNode:Warning: UI Min (0.001) >= UI Max () for Ranged Numeric
[2015.01.22-05.24.05:219][206]LogPropertyNode:Warning: UI Min (0.001) >= UI Max () for Ranged Numeric
[2015.01.22-05.24.05:236][206]LogActorComponent: UnregisterComponent: (/Engine/Transient.CharacterMovementComponent_11) Not registered. Aborting.
[2015.01.22-05.24.06:766][250]LogPropertyNode:Warning: UI Min (0.001) >= UI Max () for Ranged Numeric
[2015.01.22-05.24.06:771][250]LogPropertyNode:Warning: UI Min (0.001) >= UI Max () for Ranged Numeric
[2015.01.22-05.24.06:879][250]LogActorComponent: UnregisterComponent: (/Engine/Transient.CharacterMovementComponent_12) Not registered. Aborting.
[2015.01.22-05.24.48:797][460]LogPropertyNode:Warning: UI Min (0.001) >= UI Max () for Ranged Numeric
[2015.01.22-05.24.48:798][460]LogPropertyNode:Warning: UI Min (0.001) >= UI Max () for Ranged Numeric
[2015.01.22-05.24.48:815][460]LogActorComponent: UnregisterComponent: (/Engine/Transient.CharacterMovementComponent_13) Not registered. Aborting.
[2015.01.22-05.24.51:891][564]LogPropertyNode:Warning: UI Min (0.001) >= UI Max () for Ranged Numeric
[2015.01.22-05.24.51:892][564]LogPropertyNode:Warning: UI Min (0.001) >= UI Max () for Ranged Numeric
[2015.01.22-05.24.51:909][564]LogActorComponent: UnregisterComponent: (/Engine/Transient.CharacterMovementComponent_14) Not registered. Aborting.
[2015.01.22-05.24.53:411][616]LogPropertyNode:Warning: UI Min (0.001) >= UI Max () for Ranged Numeric
[2015.01.22-05.24.53:411][616]LogPropertyNode:Warning: UI Min (0.001) >= UI Max () for Ranged Numeric
[2015.01.22-05.24.53:428][616]LogActorComponent: UnregisterComponent: (/Engine/Transient.CharacterMovementComponent_15) Not registered. Aborting.
[2015.01.22-05.24.58:356][788]LogPropertyNode:Warning: UI Min (0.001) >= UI Max () for Ranged Numeric
[2015.01.22-05.24.58:357][788]LogPropertyNode:Warning: UI Min (0.001) >= UI Max () for Ranged Numeric
[2015.01.22-05.24.58:374][788]LogActorComponent: UnregisterComponent: (/Engine/Transient.CharacterMovementComponent_16) Not registered. Aborting.
[2015.01.22-05.25.00:662][875]LogPropertyNode:Warning: UI Min (0.001) >= UI Max () for Ranged Numeric
[2015.01.22-05.25.00:663][875]LogPropertyNode:Warning: UI Min (0.001) >= UI Max () for Ranged Numeric
[2015.01.22-05.25.00:679][875]LogActorComponent: UnregisterComponent: (/Engine/Transient.CharacterMovementComponent_17) Not registered. Aborting.
[2015.01.22-05.25.06:335][981]LogPropertyNode:Warning: UI Min (0.001) >= UI Max () for Ranged Numeric
[2015.01.22-05.25.06:336][981]LogPropertyNode:Warning: UI Min (0.001) >= UI Max () for Ranged Numeric
[2015.01.22-05.25.06:352][981]LogActorComponent: UnregisterComponent: (/Engine/Transient.CharacterMovementComponent_18) Not registered. Aborting.
[2015.01.22-05.25.09:933][100]LogPropertyNode:Warning: UI Min (0.001) >= UI Max () for Ranged Numeric
[2015.01.22-05.25.09:934][100]LogPropertyNode:Warning: UI Min (0.001) >= UI Max () for Ranged Numeric
[2015.01.22-05.25.09:950][100]LogActorComponent: UnregisterComponent: (/Engine/Transient.CharacterMovementComponent_19) Not registered. Aborting.
[2015.01.22-05.28.20:564][920]LogPropertyNode:Warning: UI Min (0.001) >= UI Max () for Ranged Numeric
[2015.01.22-05.28.20:565][920]LogPropertyNode:Warning: UI Min (0.001) >= UI Max () for Ranged Numeric
[2015.01.22-05.28.20:582][920]LogActorComponent: UnregisterComponent: (/Engine/Transient.CharacterMovementComponent_20) Not registered. Aborting.
[2015.01.22-05.28.24:345][ 43]LogPropertyNode:Warning: UI Min (0.001) >= UI Max () for Ranged Numeric
[2015.01.22-05.28.24:345][ 43]LogPropertyNode:Warning: UI Min (0.001) >= UI Max () for Ranged Numeric
[2015.01.22-05.28.24:362][ 43]LogActorComponent: UnregisterComponent: (/Engine/Transient.CharacterMovementComponent_21) Not registered. Aborting.
[2015.01.22-05.28.28:031][185]LogPropertyNode:Warning: UI Min (0.001) >= UI Max () for Ranged Numeric
[2015.01.22-05.28.28:032][185]LogPropertyNode:Warning: UI Min (0.001) >= UI Max () for Ranged Numeric
[2015.01.22-05.28.28:048][185]LogActorComponent: UnregisterComponent: (/Engine/Transient.CharacterMovementComponent_22) Not registered. Aborting.
[2015.01.22-05.28.30:003][246]LogPropertyNode:Warning: UI Min (0.001) >= UI Max () for Ranged Numeric
[2015.01.22-05.28.30:004][246]LogPropertyNode:Warning: UI Min (0.001) >= UI Max () for Ranged Numeric
[2015.01.22-05.28.30:021][246]LogActorComponent: UnregisterComponent: (/Engine/Transient.CharacterMovementComponent_23) Not registered. Aborting.
[2015.01.22-05.28.34:329][410]LogPropertyNode:Warning: UI Min (0.001) >= UI Max () for Ranged Numeric
[2015.01.22-05.28.34:330][410]LogPropertyNode:Warning: UI Min (0.001) >= UI Max () for Ranged Numeric
[2015.01.22-05.28.34:347][410]LogActorComponent: UnregisterComponent: (/Engine/Transient.CharacterMovementComponent_24) Not registered. Aborting.
[2015.01.22-05.28.37:382][512]LogPropertyNode:Warning: UI Min (0.001) >= UI Max () for Ranged Numeric
[2015.01.22-05.28.37:383][512]LogPropertyNode:Warning: UI Min (0.001) >= UI Max () for Ranged Numeric
[2015.01.22-05.28.37:400][512]LogActorComponent: UnregisterComponent: (/Engine/Transient.CharacterMovementComponent_25) Not registered. Aborting.
[2015.01.22-05.28.40:095][599]LogPropertyNode:Warning: UI Min (0.001) >= UI Max () for Ranged Numeric
[2015.01.22-05.28.40:095][599]LogPropertyNode:Warning: UI Min (0.001) >= UI Max () for Ranged Numeric
[2015.01.22-05.28.40:112][599]LogActorComponent: UnregisterComponent: (/Engine/Transient.CharacterMovementComponent_26) Not registered. Aborting.
[2015.01.22-05.28.43:677][726]LogPropertyNode:Warning: UI Min (0.001) >= UI Max () for Ranged Numeric
[2015.01.22-05.28.43:678][726]LogPropertyNode:Warning: UI Min (0.001) >= UI Max () for Ranged Numeric
[2015.01.22-05.28.43:695][726]LogActorComponent: UnregisterComponent: (/Engine/Transient.CharacterMovementComponent_27) Not registered. Aborting.
[2015.01.22-05.28.47:120][843]LogPropertyNode:Warning: UI Min (0.001) >= UI Max () for Ranged Numeric
[2015.01.22-05.28.47:121][843]LogPropertyNode:Warning: UI Min (0.001) >= UI Max () for Ranged Numeric
[2015.01.22-05.28.47:138][843]LogActorComponent: UnregisterComponent: (/Engine/Transient.CharacterMovementComponent_28) Not registered. Aborting.
[2015.01.22-05.28.50:272][951]LogPropertyNode:Warning: UI Min (0.001) >= UI Max () for Ranged Numeric
[2015.01.22-05.28.50:273][951]LogPropertyNode:Warning: UI Min (0.001) >= UI Max () for Ranged Numeric
[2015.01.22-05.28.50:289][951]LogActorComponent: UnregisterComponent: (/Engine/Transient.CharacterMovementComponent_29) Not registered. Aborting.
[2015.01.22-05.28.53:422][ 59]LogPropertyNode:Warning: UI Min (0.001) >= UI Max () for Ranged Numeric
[2015.01.22-05.28.53:422][ 59]LogPropertyNode:Warning: UI Min (0.001) >= UI Max () for Ranged Numeric
[2015.01.22-05.28.53:439][ 59]LogActorComponent: UnregisterComponent: (/Engine/Transient.CharacterMovementComponent_30) Not registered. Aborting.
[2015.01.22-05.28.56:193][150]LogPropertyNode:Warning: UI Min (0.001) >= UI Max () for Ranged Numeric
[2015.01.22-05.28.56:194][150]LogPropertyNode:Warning: UI Min (0.001) >= UI Max () for Ranged Numeric
[2015.01.22-05.28.56:211][150]LogActorComponent: UnregisterComponent: (/Engine/Transient.CharacterMovementComponent_31) Not registered. Aborting.
[2015.01.22-05.29.01:552][357]LogPropertyNode:Warning: UI Min (0.001) >= UI Max () for Ranged Numeric
[2015.01.22-05.29.01:553][357]LogPropertyNode:Warning: UI Min (0.001) >= UI Max () for Ranged Numeric
[2015.01.22-05.29.01:570][357]LogActorComponent: UnregisterComponent: (/Engine/Transient.CharacterMovementComponent_32) Not registered. Aborting.
[2015.01.22-05.29.05:081][492]BlueprintLog: New page: Compile MyCharacter
[2015.01.22-05.29.05:219][492]LogPropertyNode:Warning: UI Min (0.001) >= UI Max () for Ranged Numeric
[2015.01.22-05.29.05:219][492]LogPropertyNode:Warning: UI Min (0.001) >= UI Max () for Ranged Numeric
[2015.01.22-05.29.05:294][492]LogActorComponent: UnregisterComponent: (/Engine/Transient.CharacterMovementComponent_33) Not registered. Aborting.
[2015.01.22-05.29.05:405][492]LogPropertyNode:Warning: UI Min (0.001) >= UI Max () for Ranged Numeric
[2015.01.22-05.29.05:406][492]LogPropertyNode:Warning: UI Min (0.001) >= UI Max () for Ranged Numeric
[2015.01.22-05.29.05:427][492]BlueprintEditorCompileResults: Info [6119.15] Compile of MyCharacter successful! [in 273 ms]
[2015.01.22-05.29.07:104][551]LogPropertyNode:Warning: UI Min (0.001) >= UI Max () for Ranged Numeric
[2015.01.22-05.29.07:105][551]LogPropertyNode:Warning: UI Min (0.001) >= UI Max () for Ranged Numeric
[2015.01.22-05.29.07:122][551]LogActorComponent: UnregisterComponent: (/Engine/Transient.CharacterMovementComponent_34) Not registered. Aborting.
[2015.01.22-05.29.07:528][557]LogPropertyNode:Warning: UI Min (0.001) >= UI Max () for Ranged Numeric
[2015.01.22-05.29.07:529][557]LogPropertyNode:Warning: UI Min (0.001) >= UI Max () for Ranged Numeric
[2015.01.22-05.29.07:546][557]LogActorComponent: UnregisterComponent: (/Engine/Transient.CharacterMovementComponent_35) Not registered. Aborting.
[2015.01.22-05.29.08:139][571]LogPropertyNode:Warning: UI Min (0.001) >= UI Max () for Ranged Numeric
[2015.01.22-05.29.08:140][571]LogPropertyNode:Warning: UI Min (0.001) >= UI Max () for Ranged Numeric
[2015.01.22-05.29.08:156][571]LogActorComponent: UnregisterComponent: (/Engine/Transient.CharacterMovementComponent_36) Not registered. Aborting.
[2015.01.22-05.29.08:631][580]LogPropertyNode:Warning: UI Min (0.001) >= UI Max () for Ranged Numeric
[2015.01.22-05.29.08:632][580]LogPropertyNode:Warning: UI Min (0.001) >= UI Max () for Ranged Numeric
[2015.01.22-05.29.08:649][580]LogActorComponent: UnregisterComponent: (/Engine/Transient.CharacterMovementComponent_37) Not registered. Aborting.
[2015.01.22-05.29.09:218][593]LogPropertyNode:Warning: UI Min (0.001) >= UI Max () for Ranged Numeric
[2015.01.22-05.29.09:219][593]LogPropertyNode:Warning: UI Min (0.001) >= UI Max () for Ranged Numeric
[2015.01.22-05.29.09:236][593]LogActorComponent: UnregisterComponent: (/Engine/Transient.CharacterMovementComponent_38) Not registered. Aborting.
[2015.01.22-05.29.09:732][603]LogPropertyNode:Warning: UI Min (0.001) >= UI Max () for Ranged Numeric
[2015.01.22-05.29.09:732][603]LogPropertyNode:Warning: UI Min (0.001) >= UI Max () for Ranged Numeric
[2015.01.22-05.29.09:750][603]LogActorComponent: UnregisterComponent: (/Engine/Transient.CharacterMovementComponent_39) Not registered. Aborting.
[2015.01.22-05.29.10:309][615]LogPropertyNode:Warning: UI Min (0.001) >= UI Max () for Ranged Numeric
[2015.01.22-05.29.10:310][615]LogPropertyNode:Warning: UI Min (0.001) >= UI Max () for Ranged Numeric
[2015.01.22-05.29.10:326][615]LogActorComponent: UnregisterComponent: (/Engine/Transient.CharacterMovementComponent_40) Not registered. Aborting.
[2015.01.22-05.29.10:775][623]LogPropertyNode:Warning: UI Min (0.001) >= UI Max () for Ranged Numeric
[2015.01.22-05.29.10:776][623]LogPropertyNode:Warning: UI Min (0.001) >= UI Max () for Ranged Numeric
[2015.01.22-05.29.10:793][623]LogActorComponent: UnregisterComponent: (/Engine/Transient.CharacterMovementComponent_41) Not registered. Aborting.
[2015.01.22-05.29.11:342][635]LogPropertyNode:Warning: UI Min (0.001) >= UI Max () for Ranged Numeric
[2015.01.22-05.29.11:343][635]LogPropertyNode:Warning: UI Min (0.001) >= UI Max () for Ranged Numeric
[2015.01.22-05.29.11:360][635]LogActorComponent: UnregisterComponent: (/Engine/Transient.CharacterMovementComponent_42) Not registered. Aborting.
[2015.01.22-05.29.35:691][616]BlueprintLog: New page: Compile MyCharacter
[2015.01.22-05.29.35:820][616]LogPropertyNode:Warning: UI Min (0.001) >= UI Max () for Ranged Numeric
[2015.01.22-05.29.35:820][616]LogPropertyNode:Warning: UI Min (0.001) >= UI Max () for Ranged Numeric
[2015.01.22-05.29.35:893][616]LogActorComponent: UnregisterComponent: (/Engine/Transient.CharacterMovementComponent_43) Not registered. Aborting.
[2015.01.22-05.29.36:003][616]LogPropertyNode:Warning: UI Min (0.001) >= UI Max () for Ranged Numeric
[2015.01.22-05.29.36:004][616]LogPropertyNode:Warning: UI Min (0.001) >= UI Max () for Ranged Numeric
[2015.01.22-05.29.36:024][616]BlueprintEditorCompileResults: Info [6149.74] Compile of MyCharacter successful! [in 266 ms]
[2015.01.22-05.29.41:175][809]LogActorComponent: UnregisterComponent: (/Engine/Transient.CharacterMovementComponent_44) Not registered. Aborting.
[2015.01.22-05.29.44:419][932]LogActorComponent: UnregisterComponent: (/Engine/Transient.CharacterMovementComponent_45) Not registered. Aborting.
[2015.01.22-05.29.48:125][ 62]LogActorComponent: UnregisterComponent: (/Engine/Transient.CharacterMovementComponent_46) Not registered. Aborting.
[2015.01.22-05.29.51:508][174]LogActorComponent: UnregisterComponent: (/Engine/Transient.CharacterMovementComponent_47) Not registered. Aborting.
[2015.01.22-05.29.54:380][277]LogActorComponent: UnregisterComponent: (/Engine/Transient.CharacterMovementComponent_48) Not registered. Aborting.
[2015.01.22-05.29.57:639][397]LogActorComponent: UnregisterComponent: (/Engine/Transient.CharacterMovementComponent_49) Not registered. Aborting.
[2015.01.22-05.30.01:259][524]LogActorComponent: UnregisterComponent: (/Engine/Transient.CharacterMovementComponent_50) Not registered. Aborting.
[2015.01.22-05.30.07:343][756]LogActorComponent: UnregisterComponent: (/Engine/Transient.CharacterMovementComponent_51) Not registered. Aborting.
[2015.01.22-05.30.07:811][774]LogActorComponent: UnregisterComponent: (/Engine/Transient.CharacterMovementComponent_52) Not registered. Aborting.
[2015.01.22-05.30.07:930][774]Cmd: OBJ SAVEPACKAGE PACKAGE="/Game/Blueprints/MyCharacter" FILE="../../../../../../../Users/Owner/Documents/Unreal Projects/Kodaina/Content/Blueprints/MyCharacter.uasset" SILENT=true
[2015.01.22-05.30.08:368][774]LogSavePackage: Save=287.281158ms
[2015.01.22-05.30.08:368][774]LogSavePackage: Moving '../../../../../../../Users/Owner/Documents/Unreal Projects/Kodaina/Saved/MyCharacter23C5B0EB4D2E1F2575D7F1A90E5C048E.tmp' to '../../../../../../../Users/Owner/Documents/Unreal Projects/Kodaina/Content/Blueprints/MyCharacter.uasset'
[2015.01.22-05.30.09:853][833]BlueprintLog: New page: Compile MyCharacter
[2015.01.22-05.30.09:985][833]LogPropertyNode:Warning: UI Min (0.001) >= UI Max () for Ranged Numeric
[2015.01.22-05.30.09:985][833]LogPropertyNode:Warning: UI Min (0.001) >= UI Max () for Ranged Numeric
[2015.01.22-05.30.10:059][833]LogActorComponent: UnregisterComponent: (/Engine/Transient.CharacterMovementComponent_53) Not registered. Aborting.
[2015.01.22-05.30.10:152][833]LogPropertyNode:Warning: UI Min (0.001) >= UI Max () for Ranged Numeric
[2015.01.22-05.30.10:152][833]LogPropertyNode:Warning: UI Min (0.001) >= UI Max () for Ranged Numeric
[2015.01.22-05.30.10:177][833]BlueprintEditorCompileResults: Info [6183.90] Compile of MyCharacter successful! [in 251 ms]
[2015.01.22-05.30.35:088][813]BlueprintLog: New page: Compile MyCharacter
[2015.01.22-05.30.35:221][813]LogPropertyNode:Warning: UI Min (0.001) >= UI Max () for Ranged Numeric
[2015.01.22-05.30.35:222][813]LogPropertyNode:Warning: UI Min (0.001) >= UI Max () for Ranged Numeric
[2015.01.22-05.30.35:296][813]LogActorComponent: UnregisterComponent: (/Engine/Transient.CharacterMovementComponent_54) Not registered. Aborting.
[2015.01.22-05.30.35:374][813]LogPropertyNode:Warning: UI Min (0.001) >= UI Max () for Ranged Numeric
[2015.01.22-05.30.35:375][813]LogPropertyNode:Warning: UI Min (0.001) >= UI Max () for Ranged Numeric
[2015.01.22-05.30.35:396][813]BlueprintEditorCompileResults: Info [6209.12] Compile of MyCharacter successful! [in 233 ms]
[2015.01.22-05.31.18:699][612]LogActorComponent: UnregisterComponent: (/Engine/Transient.CharacterMovementComponent_55) Not registered. Aborting.
[2015.01.22-05.31.18:817][612]Cmd: OBJ SAVEPACKAGE PACKAGE="/Game/Blueprints/MyCharacter" FILE="../../../../../../../Users/Owner/Documents/Unreal Projects/Kodaina/Content/Blueprints/MyCharacter.uasset" SILENT=true
[2015.01.22-05.31.19:248][612]LogSavePackage: Save=282.147156ms
[2015.01.22-05.31.19:248][612]LogSavePackage: Moving '../../../../../../../Users/Owner/Documents/Unreal Projects/Kodaina/Saved/MyCharacter53BF17564EB14F5F37FB0B8148214B23.tmp' to '../../../../../../../Users/Owner/Documents/Unreal Projects/Kodaina/Content/Blueprints/MyCharacter.uasset'
[2015.01.22-05.31.20:689][683]BlueprintLog: New page: Pre-PIE auto-recompile
[2015.01.22-05.31.20:692][683]LogPlayLevel: [PIE] Compiling Tutorial_BP_MacroLib before PIE...
[2015.01.22-05.31.20:748][683]LogPlayLevel: [PIE] Compiling TestLevel before PIE...
[2015.01.22-05.31.20:805][683]LogPlayLevel: [PIE] Compiling MyHud before PIE...
[2015.01.22-05.31.20:916][683]LogPropertyNode:Warning: UI Min (0.001) >= UI Max () for Ranged Numeric
[2015.01.22-05.31.20:916][683]LogPropertyNode:Warning: UI Min (0.001) >= UI Max () for Ranged Numeric
[2015.01.22-05.31.20:933][683]LogActorComponent: UnregisterComponent: (/Engine/Transient.CharacterMovementComponent_56) Not registered. Aborting.
[2015.01.22-05.31.20:959][683]LogPropertyNode:Warning: UI Min (0.001) >= UI Max () for Ranged Numeric
[2015.01.22-05.31.20:960][683]LogPropertyNode:Warning: UI Min (0.001) >= UI Max () for Ranged Numeric
[2015.01.22-05.31.20:977][683]LogPlayLevel: [PIE] Compiling MyCharacter before PIE...
[2015.01.22-05.31.21:105][683]LogPropertyNode:Warning: UI Min (0.001) >= UI Max () for Ranged Numeric
[2015.01.22-05.31.21:106][683]LogPropertyNode:Warning: UI Min (0.001) >= UI Max () for Ranged Numeric
[2015.01.22-05.31.21:202][683]LogPropertyNode:Warning: UI Min (0.001) >= UI Max () for Ranged Numeric
[2015.01.22-05.31.21:202][683]LogPropertyNode:Warning: UI Min (0.001) >= UI Max () for Ranged Numeric
[2015.01.22-05.31.21:262][683]LogPlayLevel: PIE:  Blueprint regeneration took 572 ms (4 blueprints)
[2015.01.22-05.31.21:262][683]PIE: New page: PIE session: TestLevel (Jan 21, 2015, 7:31:21 PM)
[2015.01.22-05.31.21:263][683]LogPlayLevel: PIE: StaticDuplicateObject took: (0.001341s)
[2015.01.22-05.31.21:264][683]LogPlayLevel: PIE: World Init took: (0.000508s)
[2015.01.22-05.31.21:264][683]LogPlayLevel: PIE: Created PIE world by copying editor world from /Game/Maps/TestLevel.TestLevel to /Game/Maps/UEDPIE_0_TestLevel.TestLevel (0.001977s)
[2015.01.22-05.31.21:361][683]LogWorld: Game class is 'Kodaina_C'
[2015.01.22-05.31.21:363][683]LogAIModule: Creating AISystem for world TestLevel
[2015.01.22-05.31.21:364][683]LogWorld: Bringing World /Game/Maps/UEDPIE_0_TestLevel.TestLevel up for play (max tick rate 60) at 2015.01.22-00.31.21
[2015.01.22-05.31.21:365][683]LogWorld: Bringing up level for play took: 0.001044
[2015.01.22-05.31.21:366][683]PIE: Info Play in editor start time for /Game/Maps/UEDPIE_0_TestLevel 1.106
[2015.01.22-05.32.03:912][229]LogActorComponent: UnregisterComponent: (/Engine/Transient.CharacterMovementComponent_57) Not registered. Aborting.
[2015.01.22-05.32.03:947][229]LogParticles: Destroying 0 GPU particle simulations for FXSystem 0x000000865A1C5080
[2015.01.22-05.32.06:189][358]LogEditorViewport: Clicking on Actor (LMB): PaperSpriteActor (Sky)
[2015.01.22-05.32.06:196][358]LogPropertyNode:Warning: UI Min (0.001) >= UI Max () for Ranged Numeric
[2015.01.22-05.32.13:052][739]Cmd: OBJ SAVEPACKAGE PACKAGE="/Game/Maps/TestLevel" FILE="../../../../../../../Users/Owner/Documents/Unreal Projects/Kodaina/Content/Maps/TestLevel.umap" SILENT=true AUTOSAVING=false KEEPDIRTY=false
[2015.01.22-05.32.13:265][739]LogSavePackage: Save=19.179476ms
[2015.01.22-05.32.13:265][739]LogSavePackage: Moving '../../../../../../../Users/Owner/Documents/Unreal Projects/Kodaina/Saved/TestLevel87ACB6724C05CF55C1CFEC84AC1750AD.tmp' to '../../../../../../../Users/Owner/Documents/Unreal Projects/Kodaina/Content/Maps/TestLevel.umap'
[2015.01.22-05.32.13:349][739]LogFileHelpers: Saving map 'TestLevel' took 0.507
[2015.01.22-05.32.15:570][854]LogEditorViewport: Clicking on Actor (LMB): PaperSpriteActor (Sky)
[2015.01.22-05.32.15:578][854]LogPropertyNode:Warning: UI Min (0.001) >= UI Max () for Ranged Numeric
[2015.01.22-05.32.17:208][950]LogEditorViewport: Clicking on Actor (LMB): Space_C (Space9)
[2015.01.22-05.32.39:495][220]LogEditorViewport: Clicking on Actor (LMB): Space_C (Space20)
[2015.01.22-05.32.45:278][555]LogEditorViewport: Clicking on Actor (LMB): Space_C (Space25)
[2015.01.22-05.33.03:190][555]Cmd: OBJ SAVEPACKAGE PACKAGE="/Game/Maps/TestLevel" FILE="../../../../../../../Users/Owner/Documents/Unreal Projects/Kodaina/Content/Maps/TestLevel.umap" SILENT=true AUTOSAVING=false KEEPDIRTY=false
[2015.01.22-05.33.03:383][555]LogSavePackage: Save=20.667715ms
[2015.01.22-05.33.03:383][555]LogSavePackage: Moving '../../../../../../../Users/Owner/Documents/Unreal Projects/Kodaina/Saved/TestLevel39A4D7DB4226DD8DF51E47B3405C34C2.tmp' to '../../../../../../../Users/Owner/Documents/Unreal Projects/Kodaina/Content/Maps/TestLevel.umap'
[2015.01.22-05.33.03:467][555]LogFileHelpers: Saving map 'TestLevel' took 0.478
[2015.01.22-05.33.04:165][594]BlueprintLog: New page: Pre-PIE auto-recompile
[2015.01.22-05.33.04:169][594]LogPlayLevel: [PIE] Compiling TestLevel before PIE...
[2015.01.22-05.33.04:221][594]LogPlayLevel: [PIE] Compiling MyHud before PIE...
[2015.01.22-05.33.04:296][594]LogPropertyNode:Warning: UI Min (0.001) >= UI Max () for Ranged Numeric
[2015.01.22-05.33.04:298][594]LogPropertyNode:Warning: UI Min (0.001) >= UI Max () for Ranged Numeric
[2015.01.22-05.33.04:340][594]LogPropertyNode:Warning: UI Min (0.001) >= UI Max () for Ranged Numeric
[2015.01.22-05.33.04:341][594]LogPropertyNode:Warning: UI Min (0.001) >= UI Max () for Ranged Numeric
[2015.01.22-05.33.04:359][594]LogPlayLevel: [PIE] Compiling MyCharacter before PIE...
[2015.01.22-05.33.04:488][594]LogPropertyNode:Warning: UI Min (0.001) >= UI Max () for Ranged Numeric
[2015.01.22-05.33.04:489][594]LogPropertyNode:Warning: UI Min (0.001) >= UI Max () for Ranged Numeric
[2015.01.22-05.33.04:561][594]LogPropertyNode:Warning: UI Min (0.001) >= UI Max () for Ranged Numeric
[2015.01.22-05.33.04:562][594]LogPropertyNode:Warning: UI Min (0.001) >= UI Max () for Ranged Numeric
[2015.01.22-05.33.04:611][594]LogPlayLevel: PIE:  Blueprint regeneration took 445 ms (3 blueprints)
[2015.01.22-05.33.04:612][594]PIE: New page: PIE session: TestLevel (Jan 21, 2015, 7:33:04 PM)
[2015.01.22-05.33.04:614][594]LogPlayLevel: PIE: StaticDuplicateObject took: (0.002212s)
[2015.01.22-05.33.04:614][594]LogPlayLevel: PIE: World Init took: (0.000456s)
[2015.01.22-05.33.04:615][594]LogPlayLevel: PIE: Created PIE world by copying editor world from /Game/Maps/TestLevel.TestLevel to /Game/Maps/UEDPIE_0_TestLevel.TestLevel (0.002808s)
[2015.01.22-05.33.04:644][594]LogWorld: Game class is 'Kodaina_C'
[2015.01.22-05.33.04:646][594]LogAIModule: Creating AISystem for world TestLevel
[2015.01.22-05.33.04:647][594]LogWorld: Bringing World /Game/Maps/UEDPIE_0_TestLevel.TestLevel up for play (max tick rate 60) at 2015.01.22-00.33.04
[2015.01.22-05.33.04:647][594]LogWorld: Bringing up level for play took: 0.001382
[2015.01.22-05.33.04:649][594]PIE: Info Play in editor start time for /Game/Maps/UEDPIE_0_TestLevel 0.389
[2015.01.22-05.33.19:795][499]LogActorComponent: UnregisterComponent: (/Engine/Transient.CharacterMovementComponent_58) Not registered. Aborting.
[2015.01.22-05.33.19:818][499]LogParticles: Destroying 0 GPU particle simulations for FXSystem 0x000000865A1C4FE0
[2015.01.22-05.33.20:078][514]Cmd: SELECT NONE
[2015.01.22-05.33.23:310][705]LogEditorViewport: Clicking on Actor (LMB): Space_C (Space24)
[2015.01.22-05.33.24:042][747]Cmd: DELETE
[2015.01.22-05.33.24:042][747]Cmd: ACTOR DELETE
[2015.01.22-05.33.24:043][747]LogEditorActor: Deleted Actor: Space_C
[2015.01.22-05.33.24:061][747]LogEditorActor: Deleted 1 Actors (0.019 secs)
[2015.01.22-05.33.24:978][802]LogEditorViewport: Clicking on Actor (LMB): Space_C (Space25)
[2015.01.22-05.33.31:825][200]LogEditorViewport: Clicking on Actor (LMB): Space_C (Space22)
[2015.01.22-05.33.53:064][423]BlueprintLog: New page: Pre-PIE auto-recompile
[2015.01.22-05.33.53:067][423]LogPlayLevel: [PIE] Compiling TestLevel before PIE...
[2015.01.22-05.33.53:104][423]LogPlayLevel: [PIE] Compiling MyHud before PIE...
[2015.01.22-05.33.53:178][423]LogPropertyNode:Warning: UI Min (0.001) >= UI Max () for Ranged Numeric
[2015.01.22-05.33.53:178][423]LogPropertyNode:Warning: UI Min (0.001) >= UI Max () for Ranged Numeric
[2015.01.22-05.33.53:222][423]LogPropertyNode:Warning: UI Min (0.001) >= UI Max () for Ranged Numeric
[2015.01.22-05.33.53:223][423]LogPropertyNode:Warning: UI Min (0.001) >= UI Max () for Ranged Numeric
[2015.01.22-05.33.53:240][423]LogPlayLevel: [PIE] Compiling MyCharacter before PIE...
[2015.01.22-05.33.53:365][423]LogPropertyNode:Warning: UI Min (0.001) >= UI Max () for Ranged Numeric
[2015.01.22-05.33.53:366][423]LogPropertyNode:Warning: UI Min (0.001) >= UI Max () for Ranged Numeric
[2015.01.22-05.33.53:440][423]LogPropertyNode:Warning: UI Min (0.001) >= UI Max () for Ranged Numeric
[2015.01.22-05.33.53:441][423]LogPropertyNode:Warning: UI Min (0.001) >= UI Max () for Ranged Numeric
[2015.01.22-05.33.53:488][423]LogPlayLevel: PIE:  Blueprint regeneration took 424 ms (3 blueprints)
[2015.01.22-05.33.53:488][423]PIE: New page: PIE session: TestLevel (Jan 21, 2015, 7:33:53 PM)
[2015.01.22-05.33.53:491][423]LogPlayLevel: PIE: StaticDuplicateObject took: (0.002613s)
[2015.01.22-05.33.53:492][423]LogPlayLevel: PIE: World Init took: (0.000441s)
[2015.01.22-05.33.53:492][423]LogPlayLevel: PIE: Created PIE world by copying editor world from /Game/Maps/TestLevel.TestLevel to /Game/Maps/UEDPIE_0_TestLevel.TestLevel (0.003219s)
[2015.01.22-05.33.53:525][423]LogWorld: Game class is 'Kodaina_C'
[2015.01.22-05.33.53:527][423]LogAIModule: Creating AISystem for world TestLevel
[2015.01.22-05.33.53:528][423]LogWorld: Bringing World /Game/Maps/UEDPIE_0_TestLevel.TestLevel up for play (max tick rate 60) at 2015.01.22-00.33.53
[2015.01.22-05.33.53:529][423]LogWorld: Bringing up level for play took: 0.001691
[2015.01.22-05.33.53:530][423]PIE: Info Play in editor start time for /Game/Maps/UEDPIE_0_TestLevel 1.271
[2015.01.22-05.34.08:876][339]LogActorComponent: UnregisterComponent: (/Engine/Transient.CharacterMovementComponent_59) Not registered. Aborting.
[2015.01.22-05.34.08:900][339]LogParticles: Destroying 0 GPU particle simulations for FXSystem 0x000000865995D940
[2015.01.22-05.34.10:789][446]LogEditorViewport: Clicking on Actor (LMB): Space_C (Space20)
[2015.01.22-05.34.11:425][483]Cmd: DELETE
[2015.01.22-05.34.11:425][483]Cmd: ACTOR DELETE
[2015.01.22-05.34.11:425][483]LogEditorActor: Deleted Actor: Space_C
[2015.01.22-05.34.11:444][483]LogEditorActor: Deleted 1 Actors (0.019 secs)
[2015.01.22-05.34.12:274][533]LogEditorViewport: Clicking on Actor (LMB): Space_C (Space19)
[2015.01.22-05.34.12:336][536]Cmd: DELETE
[2015.01.22-05.34.12:336][536]Cmd: ACTOR DELETE
[2015.01.22-05.34.12:337][536]LogEditorActor: Deleted Actor: Space_C
[2015.01.22-05.34.12:355][536]LogEditorActor: Deleted 1 Actors (0.019 secs)
[2015.01.22-05.34.13:512][590]Cmd: OBJ SAVEPACKAGE PACKAGE="/Game/Maps/TestLevel" FILE="../../../../../../../Users/Owner/Documents/Unreal Projects/Kodaina/Content/Maps/TestLevel.umap" SILENT=true AUTOSAVING=false KEEPDIRTY=false
[2015.01.22-05.34.13:701][590]LogSavePackage: Save=24.631222ms
[2015.01.22-05.34.13:701][590]LogSavePackage: Moving '../../../../../../../Users/Owner/Documents/Unreal Projects/Kodaina/Saved/TestLevel135AD074462523D833290D9074DAC492.tmp' to '../../../../../../../Users/Owner/Documents/Unreal Projects/Kodaina/Content/Maps/TestLevel.umap'
[2015.01.22-05.34.13:779][590]LogFileHelpers: Saving map 'TestLevel' took 0.473
[2015.01.22-05.34.18:807][873]LogEditorViewport: Clicking on Actor (LMB): Space_C (Space15)
[2015.01.22-05.34.19:473][912]Cmd: DELETE
[2015.01.22-05.34.19:473][912]Cmd: ACTOR DELETE
[2015.01.22-05.34.19:474][912]LogEditorActor: Deleted Actor: Space_C
[2015.01.22-05.34.19:493][912]LogEditorActor: Deleted 1 Actors (0.020 secs)
[2015.01.22-05.34.20:485][956]Cmd: OBJ SAVEPACKAGE PACKAGE="/Game/Maps/TestLevel" FILE="../../../../../../../Users/Owner/Documents/Unreal Projects/Kodaina/Content/Maps/TestLevel.umap" SILENT=true AUTOSAVING=false KEEPDIRTY=false
[2015.01.22-05.34.20:677][956]LogSavePackage: Save=23.320459ms
[2015.01.22-05.34.20:677][956]LogSavePackage: Moving '../../../../../../../Users/Owner/Documents/Unreal Projects/Kodaina/Saved/TestLevel45A4A5ED4214E562C66CCDA962B9B1B9.tmp' to '../../../../../../../Users/Owner/Documents/Unreal Projects/Kodaina/Content/Maps/TestLevel.umap'
[2015.01.22-05.34.20:753][956]LogFileHelpers: Saving map 'TestLevel' took 0.473
[2015.01.22-05.34.21:722][ 11]BlueprintLog: New page: Pre-PIE auto-recompile
[2015.01.22-05.34.21:725][ 11]LogPlayLevel: [PIE] Compiling TestLevel before PIE...
[2015.01.22-05.34.21:764][ 11]LogPlayLevel: [PIE] Compiling MyHud before PIE...
[2015.01.22-05.34.21:840][ 11]LogPropertyNode:Warning: UI Min (0.001) >= UI Max () for Ranged Numeric
[2015.01.22-05.34.21:841][ 11]LogPropertyNode:Warning: UI Min (0.001) >= UI Max () for Ranged Numeric
[2015.01.22-05.34.21:886][ 11]LogPropertyNode:Warning: UI Min (0.001) >= UI Max () for Ranged Numeric
[2015.01.22-05.34.21:886][ 11]LogPropertyNode:Warning: UI Min (0.001) >= UI Max () for Ranged Numeric
[2015.01.22-05.34.21:903][ 11]LogPlayLevel: [PIE] Compiling MyCharacter before PIE...
[2015.01.22-05.34.22:030][ 11]LogPropertyNode:Warning: UI Min (0.001) >= UI Max () for Ranged Numeric
[2015.01.22-05.34.22:030][ 11]LogPropertyNode:Warning: UI Min (0.001) >= UI Max () for Ranged Numeric
[2015.01.22-05.34.22:105][ 11]LogPropertyNode:Warning: UI Min (0.001) >= UI Max () for Ranged Numeric
[2015.01.22-05.34.22:106][ 11]LogPropertyNode:Warning: UI Min (0.001) >= UI Max () for Ranged Numeric
[2015.01.22-05.34.22:155][ 11]LogPlayLevel: PIE:  Blueprint regeneration took 432 ms (3 blueprints)
[2015.01.22-05.34.22:155][ 11]PIE: New page: PIE session: TestLevel (Jan 21, 2015, 7:34:22 PM)
[2015.01.22-05.34.22:158][ 11]LogPlayLevel: PIE: StaticDuplicateObject took: (0.002477s)
[2015.01.22-05.34.22:159][ 11]LogPlayLevel: PIE: World Init took: (0.000452s)
[2015.01.22-05.34.22:159][ 11]LogPlayLevel: PIE: Created PIE world by copying editor world from /Game/Maps/TestLevel.TestLevel to /Game/Maps/UEDPIE_0_TestLevel.TestLevel (0.003053s)
[2015.01.22-05.34.22:191][ 11]LogWorld: Game class is 'Kodaina_C'
[2015.01.22-05.34.22:192][ 11]LogAIModule: Creating AISystem for world TestLevel
[2015.01.22-05.34.22:194][ 11]LogWorld: Bringing World /Game/Maps/UEDPIE_0_TestLevel.TestLevel up for play (max tick rate 60) at 2015.01.22-00.34.22
[2015.01.22-05.34.22:194][ 11]LogWorld: Bringing up level for play took: 0.001940
[2015.01.22-05.34.22:196][ 11]PIE: Info Play in editor start time for /Game/Maps/UEDPIE_0_TestLevel -0.064
[2015.01.22-05.34.56:075][ 40]LogActorComponent: UnregisterComponent: (/Engine/Transient.CharacterMovementComponent_60) Not registered. Aborting.
[2015.01.22-05.34.56:097][ 40]LogParticles: Destroying 0 GPU particle simulations for FXSystem 0x0000008659C24220
[2015.01.22-05.35.15:953][313]LogActorComponent: UnregisterComponent: (/Engine/Transient.CharacterMovementComponent_61) Not registered. Aborting.
[2015.01.22-05.35.16:804][314]Cmd: QUIT_EDITOR
[2015.01.22-05.35.17:134][314]LogExit: Preparing to exit.
[2015.01.22-05.35.17:934][314]LogExit: Editor shut down
[2015.01.22-05.35.17:934][314]LogExit: Transaction tracking system shut down
[2015.01.22-05.35.17:934][314]LogParticles: Destroying 0 GPU particle simulations for FXSystem 0x0000008639B068E0
[2015.01.22-05.35.17:934][314]LogParticles: Destroying 0 GPU particle simulations for FXSystem 0x00000086487300E0
[2015.01.22-05.35.17:936][314]LogParticles: Destroying 0 GPU particle simulations for FXSystem 0x000000864405E2A0
[2015.01.22-05.35.17:937][314]LogParticles: Destroying 0 GPU particle simulations for FXSystem 0x0000008653F0E980
[2015.01.22-05.35.17:986][314]LogExit: Object subsystem successfully closed.
[2015.01.22-05.35.18:069][314]LogModuleManager: Shutting down and abandoning module AndroidDeviceDetection (172)
[2015.01.22-05.35.18:069][314]LogModuleManager: Shutting down and abandoning module CrashTracker (171)
[2015.01.22-05.35.18:069][314]LogModuleManager: Shutting down and abandoning module SuperSearch (170)
[2015.01.22-05.35.18:069][314]LogModuleManager: Shutting down and abandoning module SceneOutliner (169)
[2015.01.22-05.35.18:069][314]LogModuleManager: Shutting down and abandoning module EditorWidgets (168)
[2015.01.22-05.35.18:069][314]LogModuleManager: Shutting down and abandoning module CollectionManager (167)
[2015.01.22-05.35.18:069][314]LogModuleManager: Shutting down and abandoning module StatsViewer (166)
[2015.01.22-05.35.18:069][314]LogModuleManager: Shutting down and abandoning module FoliageEdit (165)
[2015.01.22-05.35.18:069][314]LogModuleManager: Shutting down and abandoning module LandscapeEditor (164)
[2015.01.22-05.35.18:069][314]LogModuleManager: Shutting down and abandoning module MeshPaint (163)
[2015.01.22-05.35.18:069][314]LogModuleManager: Shutting down and abandoning module ActorPickerMode (162)
[2015.01.22-05.35.18:069][314]LogModuleManager: Shutting down and abandoning module GeometryMode (161)
[2015.01.22-05.35.18:069][314]LogModuleManager: Shutting down and abandoning module TextureAlignMode (160)
[2015.01.22-05.35.18:069][314]LogModuleManager: Shutting down and abandoning module BspMode (159)
[2015.01.22-05.35.18:069][314]LogModuleManager: Shutting down and abandoning module PlacementMode (158)
[2015.01.22-05.35.18:069][314]LogModuleManager: Shutting down and abandoning module AutomationWorker (157)
[2015.01.22-05.35.18:069][314]LogModuleManager: Shutting down and abandoning module CharacterAI (156)
[2015.01.22-05.35.18:069][314]LogModuleManager: Shutting down and abandoning module GameProjectGeneration (155)
[2015.01.22-05.35.18:069][314]LogModuleManager: Shutting down and abandoning module IntroTutorials (154)
[2015.01.22-05.35.18:069][314]LogModuleManager: Shutting down and abandoning module EditorLiveStreaming (153)
[2015.01.22-05.35.18:069][314]LogModuleManager: Shutting down and abandoning module HardwareTargeting (152)
[2015.01.22-05.35.18:069][314]LogModuleManager: Shutting down and abandoning module DeviceProfileEditor (151)
[2015.01.22-05.35.18:069][314]LogModuleManager: Shutting down and abandoning module UndoHistory (150)
[2015.01.22-05.35.18:069][314]LogModuleManager: Shutting down and abandoning module GameplayTagsEditor (149)
[2015.01.22-05.35.18:070][314]LogModuleManager: Shutting down and abandoning module UserFeedback (148)
[2015.01.22-05.35.18:070][314]LogModuleManager: Shutting down and abandoning module XmlParser (147)
[2015.01.22-05.35.18:070][314]LogModuleManager: Shutting down and abandoning module Blutility (146)
[2015.01.22-05.35.18:070][314]LogModuleManager: Shutting down and abandoning module IOSPlatformEditor (145)
[2015.01.22-05.35.18:070][314]LogModuleManager: Shutting down and abandoning module IOSRuntimeSettings (144)
[2015.01.22-05.35.18:070][314]LogModuleManager: Shutting down and abandoning module AndroidPlatformEditor (143)
[2015.01.22-05.35.18:070][314]LogModuleManager: Shutting down and abandoning module AndroidRuntimeSettings (142)
[2015.01.22-05.35.18:070][314]LogModuleManager: Shutting down and abandoning module ProjectTargetPlatformEditor (141)
[2015.01.22-05.35.18:070][314]LogModuleManager: Shutting down and abandoning module ProjectSettingsViewer (140)
[2015.01.22-05.35.18:070][314]LogModuleManager: Shutting down and abandoning module InputBindingEditor (139)
[2015.01.22-05.35.18:070][314]LogModuleManager: Shutting down and abandoning module EditorSettingsViewer (138)
[2015.01.22-05.35.18:070][314]LogModuleManager: Shutting down and abandoning module SettingsEditor (137)
[2015.01.22-05.35.18:070][314]LogModuleManager: Shutting down and abandoning module ProjectLauncher (136)
[2015.01.22-05.35.18:070][314]LogModuleManager: Shutting down and abandoning module SessionFrontend (135)
[2015.01.22-05.35.18:070][314]LogModuleManager: Shutting down and abandoning module ProfilerClient (134)
[2015.01.22-05.35.18:070][314]LogModuleManager: Shutting down and abandoning module TargetDeviceServices (133)
[2015.01.22-05.35.18:070][314]LogModuleManager: Shutting down and abandoning module DeviceManager (132)
[2015.01.22-05.35.18:070][314]LogModuleManager: Shutting down and abandoning module AutomationController (131)
[2015.01.22-05.35.18:070][314]LogModuleManager: Shutting down and abandoning module AutomationWindow (130)
[2015.01.22-05.35.18:070][314]LogModuleManager: Shutting down and abandoning module Layers (129)
[2015.01.22-05.35.18:070][314]LogModuleManager: Shutting down and abandoning module ComponentVisualizers (128)
[2015.01.22-05.35.18:070][314]LogModuleManager: Shutting down and abandoning module DetailCustomizations (127)
[2015.01.22-05.35.18:070][314]LogModuleManager: Shutting down and abandoning module PackagesDialog (126)
[2015.01.22-05.35.18:071][314]LogModuleManager: Shutting down and abandoning module AssetRegistry (125)
[2015.01.22-05.35.18:170][314]LogModuleManager: Shutting down and abandoning module Persona (124)
[2015.01.22-05.35.18:170][314]LogModuleManager: Shutting down and abandoning module Kismet (123)
[2015.01.22-05.35.18:170][314]LogModuleManager: Shutting down and abandoning module GraphEditor (122)
[2015.01.22-05.35.18:171][314]LogModuleManager: Shutting down and abandoning module ClassViewer (121)
[2015.01.22-05.35.18:171][314]LogModuleManager: Shutting down and abandoning module Toolbox (120)
[2015.01.22-05.35.18:171][314]LogModuleManager: Shutting down and abandoning module ModuleUI (119)
[2015.01.22-05.35.18:171][314]LogModuleManager: Shutting down and abandoning module MovieSceneTools (118)
[2015.01.22-05.35.18:171][314]LogModuleManager: Shutting down and abandoning module OutputLog (117)
[2015.01.22-05.35.18:171][314]LogModuleManager: Shutting down and abandoning module GammaUI (116)
[2015.01.22-05.35.18:171][314]LogModuleManager: Shutting down and abandoning module Documentation (115)
[2015.01.22-05.35.18:171][314]LogModuleManager: Shutting down and abandoning module GameLiveStreaming (114)
[2015.01.22-05.35.18:171][314]LogModuleManager: Shutting down and abandoning module StreamingPauseRendering (113)
[2015.01.22-05.35.18:171][314]LogModuleManager: Shutting down and abandoning module HTTP (112)
[2015.01.22-05.35.18:171][314]LogModuleManager: Shutting down and abandoning module AnalyticsET (111)
[2015.01.22-05.35.18:171][314]LogModuleManager: Shutting down and abandoning module Analytics (110)
[2015.01.22-05.35.18:171][314]LogModuleManager: Shutting down and abandoning module AITestSuite (109)
[2015.01.22-05.35.18:171][314]LogModuleManager: Shutting down and abandoning module AIModule (108)
[2015.01.22-05.35.18:171][314]LogModuleManager: Shutting down and abandoning module ProfilerService (107)
[2015.01.22-05.35.18:323][314]LogModuleManager: Shutting down and abandoning module TaskGraph (106)
[2015.01.22-05.35.18:323][314]LogModuleManager: Shutting down and abandoning module GameplayDebugger (105)
[2015.01.22-05.35.18:323][314]LogModuleManager: Shutting down and abandoning module SlateRemote (104)
[2015.01.22-05.35.18:323][314]LogModuleManager: Shutting down and abandoning module ScriptEditorPlugin (103)
[2015.01.22-05.35.18:323][314]LogModuleManager: Shutting down and abandoning module CustomMeshComponent (102)
[2015.01.22-05.35.18:323][314]LogModuleManager: Shutting down and abandoning module CableComponent (101)
[2015.01.22-05.35.18:323][314]LogModuleManager: Shutting down and abandoning module MessagingDebugger (100)
[2015.01.22-05.35.18:323][314]LogModuleManager: Shutting down and abandoning module MediaPlayerEditor (99)
[2015.01.22-05.35.18:323][314]LogModuleManager: Shutting down and abandoning module SpeedTreeImporter (98)
[2015.01.22-05.35.18:323][314]LogModuleManager: Shutting down and abandoning module PluginsEditor (97)
[2015.01.22-05.35.18:323][314]LogModuleManager: Shutting down and abandoning module EpicSurvey (96)
[2015.01.22-05.35.18:323][314]LogModuleManager: Shutting down and abandoning module DesktopPlatform (95)
[2015.01.22-05.35.18:323][314]LogModuleManager: Shutting down and abandoning module VisualStudioSourceCodeAccess (94)
[2015.01.22-05.35.18:323][314]LogModuleManager: Shutting down and abandoning module UObjectPlugin (93)
[2015.01.22-05.35.18:323][314]LogModuleManager: Shutting down and abandoning module SubversionSourceControl (92)
[2015.01.22-05.35.18:323][314]LogModuleManager: Shutting down and abandoning module SourceControl (91)
[2015.01.22-05.35.18:323][314]LogModuleManager: Shutting down and abandoning module PerforceSourceControl (90)
[2015.01.22-05.35.18:323][314]LogModuleManager: Shutting down and abandoning module BlankPlugin (89)
[2015.01.22-05.35.18:323][314]LogModuleManager: Shutting down and abandoning module SlateReflector (88)
[2015.01.22-05.35.18:323][314]LogModuleManager: Shutting down and abandoning module DirectoryWatcher (87)
[2015.01.22-05.35.18:324][314]LogModuleManager: Shutting down and abandoning module HotReload (86)
[2015.01.22-05.35.18:324][314]LogModuleManager: Shutting down and abandoning module MainFrame (85)
[2015.01.22-05.35.18:324][314]LogModuleManager: Shutting down and abandoning module LevelEditor (84)
[2015.01.22-05.35.18:325][314]LogModuleManager: Shutting down and abandoning module ViewportSnapping (83)
[2015.01.22-05.35.18:325][314]LogModuleManager: Shutting down and abandoning module SmartSnapping (82)
[2015.01.22-05.35.18:325][314]LogModuleManager: Shutting down and abandoning module PaperTiledImporter (81)
[2015.01.22-05.35.18:325][314]LogModuleManager: Shutting down and abandoning module PaperJsonImporter (80)
[2015.01.22-05.35.18:325][314]LogModuleManager: Shutting down and abandoning module ContentBrowser (79)
[2015.01.22-05.35.18:325][314]LogModuleManager: Shutting down and abandoning module Paper2DEditor (78)
[2015.01.22-05.35.18:325][314]LogModuleManager: Shutting down and abandoning module ScriptPlugin (77)
[2015.01.22-05.35.18:325][314]LogModuleManager: Shutting down and abandoning module UdpMessaging (76)
[2015.01.22-05.35.18:426][314]LogModuleManager: Shutting down and abandoning module Paper2D (75)
[2015.01.22-05.35.18:426][314]LogModuleManager: Shutting down and abandoning module UE4Game (74)
[2015.01.22-05.35.18:426][314]LogModuleManager: Shutting down and abandoning module WindowsMoviePlayer (73)
[2015.01.22-05.35.18:428][314]LogModuleManager: Shutting down and abandoning module Media (72)
[2015.01.22-05.35.18:428][314]LogModuleManager: Shutting down and abandoning module WmfMedia (71)
[2015.01.22-05.35.18:428][314]LogModuleManager: Shutting down and abandoning module OnlineBlueprintSupport (70)
[2015.01.22-05.35.18:428][314]LogModuleManager: Shutting down and abandoning module PropertyEditor (69)
[2015.01.22-05.35.18:428][314]LogModuleManager: Shutting down and abandoning module BehaviorTreeEditor (68)
[2015.01.22-05.35.18:428][314]LogModuleManager: Shutting down and abandoning module FunctionalTesting (67)
[2015.01.22-05.35.18:428][314]LogModuleManager: Shutting down and abandoning module CollisionAnalyzer (66)
[2015.01.22-05.35.18:428][314]LogModuleManager: Shutting down and abandoning module WorkspaceMenuStructure (65)
[2015.01.22-05.35.18:428][314]LogModuleManager: Shutting down and abandoning module MessageLog (64)
[2015.01.22-05.35.18:428][314]LogModuleManager: Shutting down and abandoning module Sequencer (63)
[2015.01.22-05.35.18:428][314]LogModuleManager: Shutting down and abandoning module AssetTools (62)
[2015.01.22-05.35.18:428][314]LogModuleManager: Shutting down and abandoning module UMGEditor (61)
[2015.01.22-05.35.18:428][314]LogModuleManager: Shutting down and abandoning module UMG (60)
[2015.01.22-05.35.18:428][314]LogModuleManager: Shutting down and abandoning module Slate (59)
[2015.01.22-05.35.18:428][314]LogModuleManager: Shutting down and abandoning module EditorStyle (58)
[2015.01.22-05.35.18:434][314]LogModuleManager: Shutting down and abandoning module SessionServices (57)
[2015.01.22-05.35.18:434][314]LogModuleManager: Shutting down and abandoning module SourceCodeAccess (56)
[2015.01.22-05.35.18:434][314]LogModuleManager: Shutting down and abandoning module HeadMountedDisplay (55)
[2015.01.22-05.35.18:435][314]LogModuleManager: Shutting down and abandoning module XAudio2 (54)
[2015.01.22-05.35.18:435][314]LogModuleManager: Shutting down and abandoning module Networking (52)
[2015.01.22-05.35.18:435][314]LogModuleManager: Shutting down and abandoning module Core (51)
[2015.01.22-05.35.18:435][314]LogModuleManager: Shutting down and abandoning module KismetCompiler (50)
[2015.01.22-05.35.18:435][314]LogModuleManager: Shutting down and abandoning module PhysXFormats (49)
[2015.01.22-05.35.18:435][314]LogModuleManager: Shutting down and abandoning module MeshUtilities (48)
[2015.01.22-05.35.18:435][314]LogModuleManager: Shutting down and abandoning module DerivedDataCache (47)
[2015.01.22-05.35.18:437][314]LogDerivedDataCache: Shutdown
[2015.01.22-05.35.18:437][314]LogModuleManager: Shutting down and abandoning module ShaderFormatOpenGL (46)
[2015.01.22-05.35.18:437][314]LogModuleManager: Shutting down and abandoning module ShaderFormatD3D (45)
[2015.01.22-05.35.18:437][314]LogModuleManager: Shutting down and abandoning module MetalShaderFormat (44)
[2015.01.22-05.35.18:437][314]LogModuleManager: Shutting down and abandoning module TextureFormatUncompressed (43)
[2015.01.22-05.35.18:437][314]LogModuleManager: Shutting down and abandoning module TextureFormatPVR (42)
[2015.01.22-05.35.18:437][314]LogModuleManager: Shutting down and abandoning module TextureFormatDXT (41)
[2015.01.22-05.35.18:437][314]LogModuleManager: Shutting down and abandoning module TextureFormatAndroid (40)
[2015.01.22-05.35.18:437][314]LogModuleManager: Shutting down and abandoning module AudioFormatOpus (39)
[2015.01.22-05.35.18:437][314]LogModuleManager: Shutting down and abandoning module AudioFormatOgg (38)
[2015.01.22-05.35.18:437][314]LogModuleManager: Shutting down and abandoning module AudioFormatADPCM (37)
[2015.01.22-05.35.18:437][314]LogModuleManager: Shutting down and abandoning module LinuxTargetPlatform (36)
[2015.01.22-05.35.18:437][314]LogModuleManager: Shutting down and abandoning module LinuxServerTargetPlatform (35)
[2015.01.22-05.35.18:437][314]LogModuleManager: Shutting down and abandoning module LinuxNoEditorTargetPlatform (34)
[2015.01.22-05.35.18:437][314]LogModuleManager: Shutting down and abandoning module Messaging (33)
[2015.01.22-05.35.18:437][314]LogModuleManager: Shutting down and abandoning module IOSTargetPlatform (32)
[2015.01.22-05.35.18:437][314]LogModuleManager: Shutting down and abandoning module Android_PVRTCTargetPlatform (31)
[2015.01.22-05.35.18:437][314]LogModuleManager: Shutting down and abandoning module Android_ETC2TargetPlatform (30)
[2015.01.22-05.35.18:437][314]LogModuleManager: Shutting down and abandoning module Android_ETC1TargetPlatform (29)
[2015.01.22-05.35.18:437][314]LogModuleManager: Shutting down and abandoning module Android_DXTTargetPlatform (28)
[2015.01.22-05.35.18:437][314]LogModuleManager: Shutting down and abandoning module Android_ATCTargetPlatform (27)
[2015.01.22-05.35.18:437][314]LogModuleManager: Shutting down and abandoning module AndroidTargetPlatform (26)
[2015.01.22-05.35.18:437][314]LogModuleManager: Shutting down and abandoning module WindowsTargetPlatform (25)
[2015.01.22-05.35.18:437][314]LogModuleManager: Shutting down and abandoning module WindowsServerTargetPlatform (24)
[2015.01.22-05.35.18:437][314]LogModuleManager: Shutting down and abandoning module WindowsNoEditorTargetPlatform (23)
[2015.01.22-05.35.18:437][314]LogModuleManager: Shutting down and abandoning module WindowsClientTargetPlatform (22)
[2015.01.22-05.35.18:437][314]LogModuleManager: Shutting down and abandoning module TargetPlatform (21)
[2015.01.22-05.35.18:437][314]LogModuleManager: Shutting down and abandoning module InputCore (20)
[2015.01.22-05.35.18:437][314]LogModuleManager: Shutting down and abandoning module Settings (19)
[2015.01.22-05.35.18:437][314]LogModuleManager: Shutting down and abandoning module ImageWrapper (18)
[2015.01.22-05.35.18:437][314]LogModuleManager: Shutting down and abandoning module OculusRift (15)
[2015.01.22-05.35.18:437][314]LogModuleManager: Shutting down and abandoning module ExampleDeviceProfileSelector (14)
[2015.01.22-05.35.18:437][314]LogModuleManager: Shutting down and abandoning module TextureCompressor (13)
[2015.01.22-05.35.18:437][314]LogModuleManager: Shutting down and abandoning module ShaderCore (12)
[2015.01.22-05.35.18:437][314]LogModuleManager: Shutting down and abandoning module Landscape (11)
[2015.01.22-05.35.18:437][314]LogModuleManager: Shutting down and abandoning module SlateRHIRenderer (10)
[2015.01.22-05.35.18:440][314]LogModuleManager: Shutting down and abandoning module OpenGLDrv (9)
[2015.01.22-05.35.18:440][314]LogModuleManager: Shutting down and abandoning module D3D11RHI (8)
[2015.01.22-05.35.18:440][314]LogModuleManager: Shutting down and abandoning module Renderer (7)
[2015.01.22-05.35.18:440][314]LogModuleManager: Shutting down and abandoning module Engine (6)
[2015.01.22-05.35.18:440][314]LogModuleManager: Shutting down and abandoning module CoreUObject (5)
[2015.01.22-05.35.18:440][314]LogModuleManager: Shutting down and abandoning module NetworkFile (4)
[2015.01.22-05.35.18:440][314]LogModuleManager: Shutting down and abandoning module StreamingFile (3)
[2015.01.22-05.35.18:440][314]LogModuleManager: Shutting down and abandoning module SandboxFile (2)
[2015.01.22-05.35.18:440][314]LogModuleManager: Shutting down and abandoning module PakFile (1)
[2015.01.22-05.35.18:441][314]LogExit: Exiting.
[2015.01.22-05.35.18:445][314]Log file closed, 01/22/15 00:35:18
