Log file open, 01/20/15 21:50:08
LogInit:Display: Running engine for game: KodainaKingdom
LogInit: Version: 4.6.1-2386410+++depot+UE4-Releases+4.6
LogInit: API Version: 2369412
LogInit: Compiled (64-bit): Dec 11 2014 21:31:39
LogInit: Compiled with Visual C++: 18.00.21005.01
LogInit: Build Configuration: Development
LogInit: Branch Name: ++depot+UE4-Releases+4.6
LogInit: Command line:  
LogInit: Base directory: C:/Program Files/UE45/Epic Games/4.6/Engine/Binaries/Win64/
LogInit: Rocket: 1
[2015.01.21-02.50.08:796][  0]LogTaskGraph: Started task graph with 3 named threads and 6 total threads.
[2015.01.21-02.50.08:855][  0]LogOnline:Warning: No default platform service specified for OnlineSubsystem
[2015.01.21-02.50.08:917][  0]LogInit: Presizing for 0 objects not considered by GC, pre-allocating 0 bytes.
[2015.01.21-02.50.08:924][  0]LogInit: Object subsystem initialized
[2015.01.21-02.50.08:925][  0]LogConsoleResponse:Warning: Skipping Unknown console variable: 'UIScaleRule = ShortestSide'
[2015.01.21-02.50.08:925][  0]LogConsoleResponse:Warning:   Found in ini file 'C:/Users/Owner/Documents/Unreal Projects/Kodaina/Saved/Config/Windows/Engine.ini', in section '[/Script/Engine.RendererSettings]'
[2015.01.21-02.50.08:926][  0]LogConsoleResponse:Warning: Skipping Unknown console variable: 'UIScaleCurve = (EditorCurveData=(Keys=),ExternalCurve=None)'
[2015.01.21-02.50.08:926][  0]LogConsoleResponse:Warning:   Found in ini file 'C:/Users/Owner/Documents/Unreal Projects/Kodaina/Saved/Config/Windows/Engine.ini', in section '[/Script/Engine.RendererSettings]'
[2015.01.21-02.50.08:926][  0]LogConsoleManager:Warning: Console variable 'r.MSAA.CompositingSampleCount' wasn't set (Priority ProjectSetting < Scalability)
[2015.01.21-02.50.08:926][  0]LogInit: Selected Device Profile: [Windows]
[2015.01.21-02.50.08:926][  0]LogInit: Applying CVar settings loaded from the selected device profile: [Windows]
[2015.01.21-02.50.08:934][  0]LogInit: Computer: ASUS
[2015.01.21-02.50.08:934][  0]LogInit: User: Owner
[2015.01.21-02.50.08:934][  0]LogInit: CPU Page size=4096, Cores=4
[2015.01.21-02.50.08:934][  0]LogInit: High frequency timer resolution =2.338333 MHz
[2015.01.21-02.50.08:934][  0]LogMemory: Memory total: Physical=15.9GB (16GB approx) Virtual=131072.0GB
[2015.01.21-02.50.08:934][  0]LogMemory: Platform Memory Stats for Windows
[2015.01.21-02.50.08:934][  0]LogMemory: Process Physical Memory: 48.83 MB used, 48.83 MB peak
[2015.01.21-02.50.08:934][  0]LogMemory: Process Virtual Memory: 25.02 MB used, 25.02 MB peak
[2015.01.21-02.50.08:934][  0]LogMemory: Physical Memory: 4975.49 MB used, 16267.18 MB total
[2015.01.21-02.50.08:934][  0]LogMemory: Virtual Memory: 270.97 MB used, 134217728.00 MB total
[2015.01.21-02.50.08:995][  0]LogD3D11RHI: Found D3D11 adapter 0: Intel(R) HD Graphics 4600 (Feature Level 11_0)
[2015.01.21-02.50.08:995][  0]LogD3D11RHI: Adapter has 32MB of dedicated video memory, 0MB of dedicated system memory, and 1760MB of shared system memory, 1 output[s]
[2015.01.21-02.50.09:006][  0]LogD3D11RHI: Found D3D11 adapter 1: NVIDIA GeForce GT 750M (Feature Level 11_0)
[2015.01.21-02.50.09:006][  0]LogD3D11RHI: Adapter has 1988MB of dedicated video memory, 0MB of dedicated system memory, and 2048MB of shared system memory, 0 output[s]
[2015.01.21-02.50.09:008][  0]LogD3D11RHI: Found D3D11 adapter 2: Microsoft Basic Render Driver (Feature Level 11_0)
[2015.01.21-02.50.09:008][  0]LogD3D11RHI: Adapter has 0MB of dedicated video memory, 0MB of dedicated system memory, and 256MB of shared system memory, 0 output[s]
[2015.01.21-02.50.09:008][  0]LogD3D11RHI: Chosen D3D11 Adapter Id = 0
[2015.01.21-02.50.09:013][  0]LogRHI: Texture pool is 1361 MB (70% of 1945 MB)
[2015.01.21-02.50.09:024][  0]LogD3D11RHI: Async texture creation enabled
[2015.01.21-02.50.09:179][  0]LogTextLocalizationManager: The requested culture ('en_US') has no localization data; parent culture's ('en') localization data will be used.
[2015.01.21-02.50.09:301][  0]LogContentStreaming: Texture pool size is 0.000000MB
[2015.01.21-02.50.15:166][  0]LogTargetPlatformManager:Display: Building Assets For Windows
[2015.01.21-02.50.15:889][  0]LogTargetPlatformManager:Display: Building Assets For Windows
[2015.01.21-02.50.15:991][  0]LogDerivedDataCache:Display: Max Cache Size: 512 MB
[2015.01.21-02.50.16:041][  0]LogDerivedDataCache: Loaded boot cache 0.05s 39MB C:/Users/Owner/AppData/Local/UnrealEngine/4.6/DerivedDataCache/Boot.ddc.
[2015.01.21-02.50.16:041][  0]LogDerivedDataCache:Display: Loaded Boot cache: C:/Users/Owner/AppData/Local/UnrealEngine/4.6/DerivedDataCache/Boot.ddc
[2015.01.21-02.50.16:041][  0]LogDerivedDataCache: FDerivedDataBackendGraph:  Pak pak cache file ../../../../../../../Users/Owner/Documents/Unreal Projects/Kodaina/DerivedDataCache/DDC.ddp not found, will not use a pak cache.
[2015.01.21-02.50.16:041][  0]LogDerivedDataCache: Unable to find inner node Pak for hierarchical cache Hierarchy.
[2015.01.21-02.50.16:105][  0]LogDerivedDataCache:Display: Pak cache opened for reading ../../../Engine/DerivedDataCache/DDC.ddp.
[2015.01.21-02.50.16:118][  0]LogDerivedDataCache: Using Local data cache path C:/Users/Owner/AppData/Local/UnrealEngine/Common/DerivedDataCache: Writable
[2015.01.21-02.50.16:293][  0]LogCollisionProfile:Warning: Profile (UI) - Custom Channel Name = 'Weapon' hasn't been found
[2015.01.21-02.50.16:470][  0]LogMeshUtilities: No automatic mesh reduction module available
[2015.01.21-02.50.16:470][  0]LogMeshUtilities: No automatic mesh merging module available
[2015.01.21-02.50.17:006][  0]LogInit: WinSock: version 1.1 (2.2), MaxSocks=32767, MaxUdp=65467
[2015.01.21-02.50.17:142][  0]LogSlate:Warning: Failed to load font data from '../../../Engine/Content/Slate/Fonts/Roboto-Italic.ttf'
[2015.01.21-02.50.18:714][  0]UdpMessaging: Initializing bridge on interface 0.0.0.0:0 to multicast group 230.0.0.1:6666.
[2015.01.21-02.50.19:118][  0]LogDirectoryWatcher:Warning: Failed to begin reading directory changes for C:/Users/Owner/Documents/Unreal Projects/Kodaina/Binaries/Win64. Error: 0
[2015.01.21-02.50.19:402][  0]SourceControl: Info Source control is disabled
[2015.01.21-02.50.19:402][  0]SourceControl: Info Source control is disabled
[2015.01.21-02.50.19:421][  0]SourceControl: Info Source control is disabled
[2015.01.21-02.50.19:856][  0]LogObj: 23754 objects as part of root set at end of initial load.
[2015.01.21-02.50.19:856][  0]LogUObjectAllocator: 5168136 out of 0 bytes used by permanent object pool.
[2015.01.21-02.50.19:963][  0]LogEngine: Initializing Engine...
[2015.01.21-02.50.20:151][  0]LogInit: XAudio2 using 'Speakers (Realtek High Definition Audio)' : 2 channels at 48 kHz using 32 bits per sample (channel mask 0x3)
[2015.01.21-02.50.20:163][  0]LogInit: FAudioDevice initialized.
[2015.01.21-02.50.20:214][  0]LogAIModule: Creating AISystem for world NewWorld
[2015.01.21-02.50.20:243][  0]LogDerivedDataCache: Saved boot cache 0.03s 39MB C:/Users/Owner/AppData/Local/UnrealEngine/4.6/DerivedDataCache/Boot.ddc.
[2015.01.21-02.50.20:247][  0]LogInit: Texture streaming: Enabled
[2015.01.21-02.50.20:313][  0]LogAnalytics: Creating configured Analytics provider AnalyticsET
[2015.01.21-02.50.20:313][  0]LogAnalytics: ET APIKey = Rocket.Release. APIServer = http://et2.epicgames.com/ET2/. AppVersion = 4.6.1-2386410+++depot+UE4-Releases+4.6
[2015.01.21-02.50.20:314][  0]LogAnalytics: SetUserId d53fbd01599cddc5eda2e5a33cd9f114
[2015.01.21-02.50.20:314][  0]LogAnalytics: AnalyticsET::StartSession [Rocket.Release]
[2015.01.21-02.50.20:348][  0]LogInit: Transaction tracking system initialized
[2015.01.21-02.50.20:609][  0]BlueprintLog: New page: Editor Load
[2015.01.21-02.50.20:683][  0]LogAssetRegistry: FAssetRegistry took 0.0109 seconds to start up
[2015.01.21-02.50.20:684][  0]LogDirectoryWatcher:Warning: Failed to begin reading directory changes for ../../../Engine/Plugins/Experimental/CharacterAI/Content/. Error: 0
[2015.01.21-02.50.23:172][  0]LogTargetPlatformManager:Display: Building Assets For Windows
[2015.01.21-02.50.24:626][  0]LogTargetPlatformManager:Disp