Log file open, 01/22/15 22:35:36
LogInit:Display: Running engine for game: KodainaKingdom
LogInit: Version: 4.6.1-2386410+++depot+UE4-Releases+4.6
LogInit: API Version: 2369412
LogInit: Compiled (64-bit): Dec 11 2014 21:31:39
LogInit: Compiled with Visual C++: 18.00.21005.01
LogInit: Build Configuration: Development
LogInit: Branch Name: ++depot+UE4-Releases+4.6
LogInit: Command line:  
LogInit: Base directory: C:/Program Files/Epic Games/4.6/Engine/Binaries/Win64/
LogInit: Rocket: 1
[2015.01.23-03.35.36:139][  0]LogTaskGraph: Started task graph with 3 named threads and 6 total threads.
[2015.01.23-03.35.36:194][  0]LogOnline:Warning: No default platform service specified for OnlineSubsystem
[2015.01.23-03.35.36:217][  0]LogInit: Presizing for 0 objects not considered by GC, pre-allocating 0 bytes.
[2015.01.23-03.35.36:228][  0]LogInit: Object subsystem initialized
[2015.01.23-03.35.36:231][  0]LogConsoleResponse:Warning: Skipping Unknown console variable: 'UIScaleRule = ShortestSide'
[2015.01.23-03.35.36:231][  0]LogConsoleResponse:Warning:   Found in ini file 'C:/Users/Zim/Documents/Unreal Projects/KodainaKingdom/Saved/Config/Windows/Engine.ini', in section '[/Script/Engine.RendererSettings]'
[2015.01.23-03.35.36:231][  0]LogConsoleResponse:Warning: Skipping Unknown console variable: 'UIScaleCurve = (EditorCurveData=(Keys=),ExternalCurve=None)'
[2015.01.23-03.35.36:231][  0]LogConsoleResponse:Warning:   Found in ini file 'C:/Users/Zim/Documents/Unreal Projects/KodainaKingdom/Saved/Config/Windows/Engine.ini', in section '[/Script/Engine.RendererSettings]'
[2015.01.23-03.35.36:231][  0]LogConsoleManager:Warning: Console variable 'r.MSAA.CompositingSampleCount' wasn't set (Priority ProjectSetting < Scalability)
[2015.01.23-03.35.36:231][  0]LogInit: Selected Device Profile: [Windows]
[2015.01.23-03.35.36:231][  0]LogInit: Applying CVar settings loaded from the selected device profile: [Windows]
[2015.01.23-03.35.36:238][  0]LogInit: Computer: SEAN
[2015.01.23-03.35.36:238][  0]LogInit: User: Zim
[2015.01.23-03.35.36:238][  0]LogInit: CPU Page size=4096, Cores=4
[2015.01.23-03.35.36:238][  0]LogInit: High frequency timer resolution =2.338451 MHz
[2015.01.23-03.35.36:238][  0]LogMemory: Memory total: Physical=15.9GB (16GB approx) Virtual=131072.0GB
[2015.01.23-03.35.36:239][  0]LogMemory: Platform Memory Stats for Windows
[2015.01.23-03.35.36:239][  0]LogMemory: Process Physical Memory: 49.26 MB used, 49.26 MB peak
[2015.01.23-03.35.36:239][  0]LogMemory: Process Virtual Memory: 25.13 MB used, 25.13 MB peak
[2015.01.23-03.35.36:239][  0]LogMemory: Physical Memory: 5764.48 MB used, 16331.28 MB total
[2015.01.23-03.35.36:239][  0]LogMemory: Virtual Memory: 275.69 MB used, 134217728.00 MB total
[2015.01.23-03.35.36:278][  0]LogD3D11RHI: Found D3D11 adapter 0: NVIDIA GeForce GT 750M   (Feature Level 11_0)
[2015.01.23-03.35.36:278][  0]LogD3D11RHI: Adapter has 1985MB of dedicated video memory, 0MB of dedicated system memory, and 2048MB of shared system memory, 1 output[s]
[2015.01.23-03.35.36:305][  0]LogD3D11RHI: Found D3D11 adapter 1: NVIDIA GeForce GT 750M   (Feature Level 11_0)
[2015.01.23-03.35.36:305][  0]LogD3D11RHI: Adapter has 1985MB of dedicated video memory, 0MB of dedicated system memory, and 2048MB of shared system memory, 0 output[s]
[2015.01.23-03.35.36:306][  0]LogD3D11RHI: Found D3D11 adapter 2: Microsoft Basic Render Driver (Feature Level 11_0)
[2015.01.23-03.35.36:306][  0]LogD3D11RHI: Adapter has 0MB of dedicated video memory, 0MB of dedicated system memory, and 256MB of shared system memory, 0 output[s]
[2015.01.23-03.35.36:306][  0]LogD3D11RHI: Chosen D3D11 Adapter Id = 0
[2015.01.23-03.35.36:311][  0]LogRHI: Texture pool is 1361 MB (70% of 1945 MB)
[2015.01.23-03.35.36:326][  0]LogD3D11RHI: Async texture creation enabled
[2015.01.23-03.35.36:392][  0]LogTextLocalizationManager: The requested culture ('en_US') has no localization data; parent culture's ('en') localization data will be used.
[2015.01.23-03.35.36:571][  0]LogContentStreaming: Texture pool size is 0.000000MB
[2015.01.23-03.35.44:038][  0]LogTargetPlatformManager:Display: Building Assets For Windows
[2015.01.23-03.35.44:659][  0]LogTargetPlatformManager:Display: Building Assets For Windows
[2015.01.23-03.35.44:729][  0]LogDerivedDataCache:Display: Max Cache Size: 512 MB
[2015.01.23-03.35.44:774][  0]LogDerivedDataCache: Loaded boot cache 0.05s 39MB C:/Users/Zim/AppData/Local/UnrealEngine/4.6/DerivedDataCache/Boot.ddc.
[2015.01.23-03.35.44:775][  0]LogDerivedDataCache:Display: Loaded Boot cache: C:/Users/Zim/AppData/Local/UnrealEngine/4.6/DerivedDataCache/Boot.ddc
[2015.01.23-03.35.44:775][  0]LogDerivedDataCache: FDerivedDataBackendGraph:  Pak pak cache file ../../../../../../Users/Zim/Documents/Unreal Projects/KodainaKingdom/DerivedDataCache/DDC.ddp not found, will not use a pak cache.
[2015.01.23-03.35.44:775][  0]LogDerivedDataCache: Unable to find inner node Pak for hierarchical cache Hierarchy.
[2015.01.23-03.35.44:867][  0]LogDerivedDataCache:Display: Pak cache opened for reading ../../../Engine/DerivedDataCache/DDC.ddp.
[2015.01.23-03.35.44:880][  0]LogDerivedDataCache: Using Local data cache path C:/Users/Zim/AppData/Local/UnrealEngine/Common/DerivedDataCache: Writable
[2015.01.23-03.35.45:050][  0]LogCollisionProfile:Warning: Profile (UI) - Custom Channel Name = 'Weapon' hasn't been found
[2015.01.23-03.35.45:241][  0]LogMeshUtilities: No automatic mesh reduction module available
[2015.01.23-03.35.45:241][  0]LogMeshUtilities: No automatic mesh merging module available
[2015.01.23-03.35.45:749][  0]LogInit: WinSock: version 1.1 (2.2), MaxSocks=32767, MaxUdp=65467
[2015.01.23-03.35.45:818][  0]LogSlate:Warning: Failed to load font data from '../../../Engine/Content/Slate/Fonts/Roboto-Italic.ttf'
[2015.01.23-03.35.46:779][  0]UdpMessaging: Initializing bridge on interface 0.0.0.0:0 to multicast group 230.0.0.1:6666.
[2015.01.23-03.35.46:967][  0]LogDirectoryWatcher:Warning: Failed to begin reading directory changes for C:/Users/Zim/Documents/Unreal Projects/KodainaKingdom/Binaries/Win64. Error: 0
[2015.01.23-03.35.47:160][  0]SourceControl: Info Source control is disabled
[2015.01.23-03.35.47:160][  0]SourceControl: Info Source control is disabled
[2015.01.23-03.35.47:168][  0]SourceControl: Info Source control is disabled
[2015.01.23-03.35.47:312][  0]LogObj: 23754 objects as part of root set at end of initial load.
[2015.01.23-03.35.47:312][  0]LogUObjectAllocator: 5168128 out of 0 bytes used by permanent object pool.
[2015.01.23-03.35.47:381][  0]LogEngine: Initializing Engine...
[2015.01.23-03.35.47:570][  0]LogInit: XAudio2 using 'Speakers (Realtek High Definition Audio)' : 2 channels at 48 kHz using 32 bits per sample (channel mask 0x3)
[2015.01.23-03.35.47:578][  0]LogInit: FAudioDevice initialized.
[2015.01.23-03.35.47:603][  0]LogAIModule: Creating AISystem for world NewWorld
[2015.01.23-03.35.47:628][  0]LogDerivedDataCache: Saved boot cache 0.02s 39MB C:/Users/Zim/AppData/Local/UnrealEngine/4.6/DerivedDataCache/Boot.ddc.
[2015.01.23-03.35.47:634][  0]LogInit: Texture streaming: Enabled
[2015.01.23-03.35.47:666][  0]LogAnalytics: Creating configured Analytics provider AnalyticsET
[2015.01.23-03.35.47:666][  0]LogAnalytics: ET APIKey = Rocket.Release. APIServer = http://et2.epicgames.com/ET2/. AppVersion = 4.6.1-2386410+++depot+UE4-Releases+4.6
[2015.01.23-03.35.47:667][  0]LogAnalytics: SetUserId e818845727fd16b7b8e647cd16e3db7c
[2015.01.23-03.35.47:667][  0]LogAnalytics: AnalyticsET::StartSession [Rocket.Release]
[2015.01.23-03.35.47:686][  0]LogInit: Transaction tracking system initialized
[2015.01.23-03.35.47:796][  0]BlueprintLog: New page: Editor Load
[2015.01.23-03.35.47:830][  0]LogAssetRegistry: FAssetRegistry took 0.0108 seconds to start up
[2015.01.23-03.35.47:830][  0]LogDirectoryWatcher:Warning: Failed to begin reading directory changes for ../../../Engine/Plugins/Experimental/CharacterAI/Content/. Error: 0
[2015.01.23-03.35.48:468][  0]LogTargetPlatformManager:Display: Building Assets For Windows
[2015.01.23-03.35.48:943][  0]LogTargetPlatformManager:Display: Building Assets For Windows
[2015.01.23-03.35.49:159][  0]LogConsoleResponse:Display: 
[2015.01.23-03.35.49:218][  0]LogLinker:Warning: Asset '../../../Engine/Content/Functions/Engine_MaterialFunctions03/Procedurals/ComputeFilterWidth.uasset' has been saved with empty engine version. The asset will be loaded but may be incompatible.
[2015.01.23-03.35.49:456][  0]SourceControl: Info Source control is disabled
[2015.01.23-03.35.56:789][  0]Cmd: MAP LOAD FILE="../../../../../../Users/Zim/Documents/Unreal Projects/KodainaKingdom/Content/Maps/TestLevel.umap" TEMPLATE=0 SHOWPROGRESS=1
[2015.01.23-03.35.56:790][  0]LightingResults: New page: Lighting Build
[2015.01.23-03.35.56:804][  0]MapCheck: New page: Map Check
[2015.01.23-03.35.56:804][  0]LightingResults: New page: Lighting Build
[2015.01.23-03.35.56:821][  0]LogParticles: Destroying 0 GPU particle simulations for FXSystem 0x000000E393A31580
[2015.01.23-03.35.58:307][  0]LogEditorServer: Finished looking for orphan Actors (0.000 secs)
[2015.01.23-03.35.58:307][  0]LogAIModule: Creating AISystem for world TestLevel
[2015.01.23-03.35.58:308][  0]Cmd: MAP CHECKDEP
[2015.01.23-03.35.58:308][  0]MapCheck: New page: TestLevel - Jan 22, 2015, 5:35:58 PM
[2015.01.23-03.35.58:448][  0]MapCheck: Info Map check complete: 0 Error(s), 0 Warning(s), took 139.973ms to complete.
[2015.01.23-03.35.58:448][  0]LogFileHelpers: Loading map 'TestLevel' took 1.659
[2015.01.23-03.35.58:494][  0]LogStats:Warning: MetaData mismatch. Did you assign a stat to two groups? New //STATGROUP_Threads//SplashScreenThread///Thread_d44_0///////STATCAT_Advanced//// old //STATGROUP_Threads//SplashScreenThread///Thread_1ddc_0///////STATCAT_Advanced////
[2015.01.23-03.35.58:494][  0]LogCollectionManager: Loaded 0 collections in 0.001303 seconds
[2015.01.23-03.35.58:710][  0]LogCrashTracker: Crashtracker disabled due to settings.
[2015.01.23-03.35.58:717][  0]LogUObjectGlobals:Warning: Failed to find object 'Class None.'
[2015.01.23-03.35.58:744][  0]LogLoad: Full Startup: 24.86 seconds (BP compile: 0.42 seconds)
[2015.01.23-03.35.58:766][  0]LogContentBrowser:Verbose: The content browser source was changed by the sources view to '/Game/Blueprints'
[2015.01.23-03.35.58:956][  0]LogRenderer:Warning: Reallocating scene render targets to support 1200x896.
[2015.01.23-03.35.59:464][  6]LogAssetRegistry: Asset discovery search completed in 11.6451 seconds
[2015.01.23-03.36.06:199][138]LogPropertyNode:Warning: UI Min (0.001) >= UI Max () for Ranged Numeric
[2015.01.23-03.36.06:203][138]LogPropertyNode:Warning: UI Min (0.001) >= UI Max () for Ranged Numeric
[2015.01.23-03.36.06:274][138]LogPropertyNode:Warning: UI Min (0.001) >= UI Max () for Ranged Numeric
[2015.01.23-03.36.06:275][138]LogPropertyNode:Warning: UI Min (0.001) >= UI Max () for Ranged Numeric
[2015.01.23-03.37.57:328][898]BlueprintLog: New page: Pre-PIE auto-recompile
[2015.01.23-03.37.57:333][898]LogPlayLevel: [PIE] Compiling Tutorial_BP_MacroLib before PIE...
[2015.01.23-03.37.57:400][898]LogPlayLevel: [PIE] Compiling TestLevel before PIE...
[2015.01.23-03.37.57:461][898]LogActorComponent: UnregisterComponent: (/Engine/Transient.CharacterMovementComponent_0) Not registered. Aborting.
[2015.01.23-03.37.57:514][898]LogPlayLevel: PIE:  Blueprint regeneration took 184 ms (2 blueprints)
[2015.01.23-03.37.57:515][898]PIE: New page: PIE session: TestLevel (Jan 22, 2015, 5:37:57 PM)
[2015.01.23-03.37.57:519][898]LogPlayLevel: PIE: StaticDuplicateObject took: (0.004211s)
[2015.01.23-03.37.57:520][898]LogPlayLevel: PIE: World Init took: (0.000711s)
[2015.01.23-03.37.57:520][898]LogPlayLevel: PIE: Created PIE world by copying editor world from /Game/Maps/TestLevel.TestLevel to /Game/Maps/UEDPIE_0_TestLevel.TestLevel (0.005182s)
[2015.01.23-03.37.57:595][898]LogWorld: Game class is 'Kodaina_C'
[2015.01.23-03.37.57:597][898]LogAIModule: Creating AISystem for world TestLevel
[2015.01.23-03.37.57:600][898]LogWorld: Bringing World /Game/Maps/UEDPIE_0_TestLevel.TestLevel up for play (max tick rate 60) at 2015.01.22-22.37.57
[2015.01.23-03.37.57:601][898]LogWorld: Bringing up level for play took: 0.003815
[2015.01.23-03.37.57:618][898]PIE: Info Play in editor start time for /Game/Maps/UEDPIE_0_TestLevel 0.582
[2015.01.23-03.37.57:664][898]LogRenderer:Warning: Reallocating scene render targets to support 1296x896.
[2015.01.23-03.38.01:179][969]LogScript:Warning: Divide by zero: Divide_FloatFloat
[2015.01.23-03.38.01:195][970]LogScript:Warning: Divide by zero: Divide_FloatFloat
[2015.01.23-03.38.01:266][971]LogScript:Warning: Divide by zero: Divide_FloatFloat
[2015.01.23-03.38.01:292][972]LogScript:Warning: Divide by zero: Divide_FloatFloat
[2015.01.23-03.38.01:383][973]LogScript:Warning: Divide by zero: Divide_FloatFloat
[2015.01.23-03.38.01:403][974]LogScript:Warning: Divide by zero: Divide_FloatFloat
[2015.01.23-03.38.01:450][975]LogScript:Warning: Divide by zero: Divide_FloatFloat
[2015.01.23-03.38.01:475][976]LogScript:Warning: Divide by zero: Divide_FloatFloat
[2015.01.23-03.38.01:571][977]LogScript:Warning: Divide by zero: Divide_FloatFloat
[2015.01.23-03.38.01:588][978]LogScript:Warning: Divide by zero: Divide_FloatFloat
[2015.01.23-03.38.01:667][979]LogScript:Warning: Divide by zero: Divide_FloatFloat
[2015.01.23-03.38.01:682][980]LogScript:Warning: Divide by zero: Divide_FloatFloat
[2015.01.23-03.38.01:762][981]LogScript:Warning: Divide by zero: Divide_FloatFloat
[2015.01.23-03.38.01:777][982]LogScript:Warning: Divide by zero: Divide_FloatFloat
[2015.01.23-03.38.01:794][983]LogScript:Warning: Divide by zero: Divide_FloatFloat
[2015.01.23-03.38.01:862][984]LogScript:Warning: Divide by zero: Divide_FloatFloat
[2015.01.23-03.38.01:891][985]LogScript:Warning: Divide by zero: Divide_FloatFloat
[2015.01.23-03.38.01:980][986]LogScript:Warning: Divide by zero: Divide_FloatFloat
[2015.01.23-03.38.01:995][987]LogScript:Warning: Divide by zero: Divide_FloatFloat
[2015.01.23-03.38.02:094][988]LogScript:Warning: Divide by zero: Divide_FloatFloat
[2015.01.23-03.38.02:109][989]LogScript:Warning: Divide by zero: Divide_FloatFloat
[2015.01.23-03.38.02:161][990]LogScript:Warning: Divide by zero: Divide_FloatFloat
[2015.01.23-03.38.02:176][991]LogScript:Warning: Divide by zero: Divide_FloatFloat
[2015.01.23-03.38.02:207][992]LogScript:Warning: Divide by zero: Divide_FloatFloat
[2015.01.23-03.38.02:264][993]LogScript:Warning: Divide by zero: Divide_FloatFloat
[2015.01.23-03.38.02:290][994]LogScript:Warning: Divide by zero: Divide_FloatFloat
[2015.01.23-03.38.02:383][995]LogScript:Warning: Divide by zero: Divide_FloatFloat
[2015.01.23-03.38.02:398][996]LogScript:Warning: Divide by zero: Divide_FloatFloat
[2015.01.23-03.38.02:447][997]LogScript:Warning: Divide by zero: Divide_FloatFloat
[2015.01.23-03.38.02:470][998]LogScript:Warning: Divide by zero: Divide_FloatFloat
[2015.01.23-03.38.02:567][999]LogScript:Warning: Divide by zero: Divide_FloatFloat
[2015.01.23-03.38.02:582][  0]LogScript:Warning: Divide by zero: Divide_FloatFloat
[2015.01.23-03.38.02:598][  1]LogScript:Warning: Divide by zero: Divide_FloatFloat
[2015.01.23-03.38.02:667][  2]LogScript:Warning: Divide by zero: Divide_FloatFloat
[2015.01.23-03.38.02:693][  3]LogScript:Warning: Divide by zero: Divide_FloatFloat
[2015.01.23-03.38.02:782][  4]LogScript:Warning: Divide by zero: Divide_FloatFloat
[2015.01.23-03.38.02:797][  5]LogScript:Warning: Divide by zero: Divide_FloatFloat
[2015.01.23-03.38.02:862][  6]LogScript:Warning: Divide by zero: Divide_FloatFloat
[2015.01.23-03.38.02:881][  7]LogScript:Warning: Divide by zero: Divide_FloatFloat
[2015.01.23-03.38.02:895][  8]LogScript:Warning: Divide by zero: Divide_FloatFloat
[2015.01.23-03.38.02:963][  9]LogScript:Warning: Divide by zero: Divide_FloatFloat
[2015.01.23-03.38.02:988][ 10]LogScript:Warning: Divide by zero: Divide_FloatFloat
[2015.01.23-03.38.03:081][ 11]LogScript:Warning: Divide by zero: Divide_FloatFloat
[2015.01.23-03.38.03:096][ 12]LogScript:Warning: Divide by zero: Divide_FloatFloat
[2015.01.23-03.38.03:182][ 13]LogScript:Warning: Divide by zero: Divide_FloatFloat
[2015.01.23-03.38.03:197][ 14]LogScript:Warning: Divide by zero: Divide_FloatFloat
[2015.01.23-03.38.03:263][ 15]LogScript:Warning: Divide by zero: Divide_FloatFloat
[2015.01.23-03.38.03:283][ 16]LogScript:Warning: Divide by zero: Divide_FloatFloat
[2015.01.23-03.38.03:298][ 17]LogScript:Warning: Divide by zero: Divide_FloatFloat
[2015.01.23-03.38.03:366][ 18]LogScript:Warning: Divide by zero: Divide_FloatFloat
[2015.01.23-03.38.03:392][ 19]LogScript:Warning: Divide by zero: Divide_FloatFloat
[2015.01.23-03.38.03:480][ 20]LogScript:Warning: Divide by zero: Divide_FloatFloat
[2015.01.23-03.38.03:495][ 21]LogScript:Warning: Divide by zero: Divide_FloatFloat
[2015.01.23-03.38.03:581][ 22]LogScript:Warning: Divide by zero: Divide_FloatFloat
[2015.01.23-03.38.03:596][ 23]LogScript:Warning: Divide by zero: Divide_FloatFloat
[2015.01.23-03.38.04:072][ 24]LogScriptCore: Script call stack:
	Function /Game/Blueprints/BattleHUD.BattleHUD_C:Tick
	Function /Game/Blueprints/BattleHUD.BattleHUD_C:ExecuteUbergraph_BattleHUD
	Function /Game/Blueprints/BattleHUD.BattleHUD_C:BeginBattle
	Function /Game/Blueprints/BattleHUD.BattleHUD_C:ExecuteUbergraph_BattleHUD

[2015.01.23-03.38.04:072][ 24]LogScript:Warning: Runaway loop detected (over 1000000 iterations)
	BattleHUD_C /Engine/Transient.UnrealEdEngine_0:GameInstance_0.BattleHUD_C_3
	Function /Game/Blueprints/BattleHUD.BattleHUD_C:ExecuteUbergraph_BattleHUD:0716
[2015.01.23-03.38.06:465][ 24]LogScriptCore: Script call stack:
	Function /Game/Blueprints/BattleHUD.BattleHUD_C:Tick

[2015.01.23-03.38.06:465][ 24]LogScript:Warning: Runaway loop detected (over 1000000 iterations)
	BattleHUD_C /Engine/Transient.UnrealEdEngine_0:GameInstance_0.BattleHUD_C_3
	Function /Game/Blueprints/BattleHUD.BattleHUD_C:Tick:0000
[2015.01.23-03.38.06:624][ 24]LogScriptCore: Script call stack:
	Function /Game/Blueprints/BattleHUD.BattleHUD_C:Tick

[2015.01.23-03.38.06:624][ 24]LogScript:Warning: Runaway loop detected (over 1000000 iterations)
	BattleHUD_C /Engine/Transient.UnrealEdEngine_0:GameInstance_0.BattleHUD_C_3
	Function /Game/Blueprints/BattleHUD.BattleHUD_C:Tick:0000
[2015.01.23-03.38.06:924][ 24]LogScriptCore: Script call stack:
	Function /Game/Blueprints/BattleHUD.BattleHUD_C:Tick

[2015.01.23-03.38.06:924][ 24]LogScript:Warning: Runaway loop detected (over 1000000 iterations)
	BattleHUD_C /Engine/Transient.UnrealEdEngine_0:GameInstance_0.BattleHUD_C_3
	Function /Game/Blueprints/BattleHUD.BattleHUD_C:Tick:0000
[2015.01.23-03.38.07:125][ 24]LogScriptCore: Script call stack:
	Function /Game/Blueprints/BattleHUD.BattleHUD_C:Tick

[2015.01.23-03.38.07:125][ 24]LogScript:Warning: Runaway loop detected (over 1000000 iterations)
	BattleHUD_C /Engine/Transient.UnrealEdEngine_0:GameInstance_0.BattleHUD_C_3
	Function /Game/Blueprints/BattleHUD.BattleHUD_C:Tick:0000
[2015.01.23-03.38.07:246][ 24]LogScriptCore: Script call stack:
	Function /Game/Blueprints/BattleHUD.BattleHUD_C:Tick

[2015.01.23-03.38.07:246][ 24]LogScript:Warning: Runaway loop detected (over 1000000 iterations)
	BattleHUD_C /Engine/Transient.UnrealEdEngine_0:GameInstance_0.BattleHUD_C_3
	Function /Game/Blueprints/BattleHUD.BattleHUD_C:Tick:0000
[2015.01.23-03.38.07:439][ 24]LogScriptCore: Script call stack:
	Function /Game/Blueprints/BattleHUD.BattleHUD_C:Tick

[2015.01.23-03.38.07:439][ 24]LogScript:Warning: Runaway loop detected (over 1000000 iterations)
	BattleHUD_C /Engine/Transient.UnrealEdEngine_0:GameInstance_0.BattleHUD_C_3
	Function /Game/Blueprints/BattleHUD.BattleHUD_C:Tick:0000
[2015.01.23-03.38.07:625][ 24]LogScriptCore: Script call stack:
	Function /Game/Blueprints/BattleHUD.BattleHUD_C:Tick

[2015.01.23-03.38.07:625][ 24]LogScript:Warning: Runaway loop detected (over 1000000 iterations)
	BattleHUD_C /Engine/Transient.UnrealEdEngine_0:GameInstance_0.BattleHUD_C_3
	Function /Game/Blueprints/BattleHUD.BattleHUD_C:Tick:0000
[2015.01.23-03.38.07:773][ 24]LogScriptCore: Script call stack:
	Function /Game/Blueprints/BattleHUD.BattleHUD_C:Tick

[2015.01.23-03.38.07:773][ 24]LogScript:Warning: Runaway loop detected (over 1000000 iterations)
	BattleHUD_C /Engine/Transient.UnrealEdEngine_0:GameInstance_0.BattleHUD_C_3
	Function /Game/Blueprints/BattleHUD.BattleHUD_C:Tick:0000
[2015.01.23-03.38.07:934][ 24]LogScriptCore: Script call stack:
	Function /Game/Blueprints/BattleHUD.BattleHUD_C:Tick

[2015.01.23-03.38.07:934][ 24]LogScript:Warning: Runaway loop detected (over 1000000 iterations)
	BattleHUD_C /Engine/Transient.UnrealEdEngine_0:GameInstance_0.BattleHUD_C_3
	Function /Game/Blueprints/BattleHUD.BattleHUD_C:Tick:0000
[2015.01.23-03.38.08:073][ 24]LogScriptCore: Script call stack:
	Function /Game/Blueprints/BattleHUD.BattleHUD_C:Tick

[2015.01.23-03.38.08:073][ 24]LogScript:Warning: Runaway loop detected (over 1000000 iterations)
	BattleHUD_C /Engine/Transient.UnrealEdEngine_0:GameInstance_0.BattleHUD_C_3
	Function /Game/Blueprints/BattleHUD.BattleHUD_C:Tick:0000
[2015.01.23-03.38.08:243][ 24]LogScriptCore: Script call stack:
	Function /Game/Blueprints/BattleHUD.BattleHUD_C:Tick

[2015.01.23-03.38.08:243][ 24]LogScript:Warning: Runaway loop detected (over 1000000 iterations)
	BattleHUD_C /Engine/Transient.UnrealEdEngine_0:GameInstance_0.BattleHUD_C_3
	Function /Game/Blueprints/BattleHUD.BattleHUD_C:Tick:0000
[2015.01.23-03.38.08:447][ 24]LogScriptCore: Script call stack:
	Function /Game/Blueprints/BattleHUD.BattleHUD_C:Tick

[2015.01.23-03.38.08:447][ 24]LogScript:Warning: Runaway loop detected (over 1000000 iterations)
	BattleHUD_C /Engine/Transient.UnrealEdEngine_0:GameInstance_0.BattleHUD_C_3
	Function /Game/Blueprints/BattleHUD.BattleHUD_C:Tick:0000
[2015.01.23-03.38.08:647][ 24]LogScriptCore: Script call stack:
	Function /Game/Blueprints/BattleHUD.BattleHUD_C:Tick

[2015.01.23-03.38.08:647][ 24]LogScript:Warning: Runaway loop detected (over 1000000 iterations)
	BattleHUD_C /Engine/Transient.UnrealEdEngine_0:GameInstance_0.BattleHUD_C_3
	Function /Game/Blueprints/BattleHUD.BattleHUD_C:Tick:0000
[2015.01.23-03.38.08:778][ 24]LogScriptCore: Script call stack:
	Function /Game/Blueprints/BattleHUD.BattleHUD_C:Tick

[2015.01.23-03.38.08:778][ 24]LogScript:Warning: Runaway loop detected (over 1000000 iterations)
	BattleHUD_C /Engine/Transient.UnrealEdEngine_0:GameInstance_0.BattleHUD_C_3
	Function /Game/Blueprints/BattleHUD.BattleHUD_C:Tick:0000
[2015.01.23-03.38.08:948][ 24]LogScriptCore: Script call stack:
	Function /Game/Blueprints/BattleHUD.BattleHUD_C:Tick

[2015.01.23-03.38.08:948][ 24]LogScript:Warning: Runaway loop detected (over 1000000 iterations)
	BattleHUD_C /Engine/Transient.UnrealEdEngine_0:GameInstance_0.BattleHUD_C_3
	Function /Game/Blueprints/BattleHUD.BattleHUD_C:Tick:0000
[2015.01.23-03.38.09:082][ 24]LogScriptCore: Script call stack:
	Function /Game/Blueprints/BattleHUD.BattleHUD_C:Tick

[2015.01.23-03.38.09:082][ 24]LogScript:Warning: Runaway loop detected (over 1000000 iterations)
	BattleHUD_C /Engine/Transient.UnrealEdEngine_0:GameInstance_0.BattleHUD_C_3
	Function /Game/Blueprints/BattleHUD.BattleHUD_C:Tick:0000
[2015.01.23-03.38.09:249][ 24]LogScriptCore: Script call stack:
	Function /Game/Blueprints/BattleHUD.BattleHUD_C:Tick

[2015.01.23-03.38.09:249][ 24]LogScript:Warning: Runaway loop detected (over 1000000 iterations)
	BattleHUD_C /Engine/Transient.UnrealEdEngine_0:GameInstance_0.BattleHUD_C_3
	Function /Game/Blueprints/BattleHUD.BattleHUD_C:Tick:0000
[2015.01.23-03.38.09:449][ 24]LogScriptCore: Script call stack:
	Function /Game/Blueprints/BattleHUD.BattleHUD_C:Tick

[2015.01.23-03.38.09:449][ 24]LogScript:Warning: Runaway loop detected (over 1000000 iterations)
	BattleHUD_C /Engine/Transient.UnrealEdEngine_0:GameInstance_0.BattleHUD_C_3
	Function /Game/Blueprints/BattleHUD.BattleHUD_C:Tick:0000
[2015.01.23-03.38.09:567][ 24]LogScriptCore: Script call stack:
	Function /Game/Blueprints/BattleHUD.BattleHUD_C:Tick

[2015.01.23-03.38.09:567][ 24]LogScript:Warning: Runaway loop detected (over 1000000 iterations)
	BattleHUD_C /Engine/Transient.UnrealEdEngine_0:GameInstance_0.BattleHUD_C_3
	Function /Game/Blueprints/BattleHUD.BattleHUD_C:Tick:0000
[2015.01.23-