Log file open, 01/25/15 23:46:18
LogInit:Display: Running engine for game: KodainaKingdom
LogInit: Version: 4.6.1-2386410+++depot+UE4-Releases+4.6
LogInit: API Version: 2369412
LogInit: Compiled (64-bit): Dec 11 2014 21:31:39
LogInit: Compiled with Visual C++: 18.00.21005.01
LogInit: Build Configuration: Development
LogInit: Branch Name: ++depot+UE4-Releases+4.6
LogInit: Command line:  
LogInit: Base directory: C:/Program Files/Epic Games/4.6/Engine/Binaries/Win64/
LogInit: Rocket: 1
[2015.01.26-04.46.18:429][  0]LogTaskGraph: Started task graph with 3 named threads and 6 total threads.
[2015.01.26-04.46.18:484][  0]LogOnline:Warning: No default platform service specified for OnlineSubsystem
[2015.01.26-04.46.18:511][  0]LogInit: Presizing for 0 objects not considered by GC, pre-allocating 0 bytes.
[2015.01.26-04.46.18:524][  0]LogInit: Object subsystem initialized
[2015.01.26-04.46.18:527][  0]LogInit: Selected Device Profile: [Windows]
[2015.01.26-04.46.18:527][  0]LogInit: Applying CVar settings loaded from the selected device profile: [Windows]
[2015.01.26-04.46.18:536][  0]LogInit: Computer: SEAN
[2015.01.26-04.46.18:536][  0]LogInit: User: Zim
[2015.01.26-04.46.18:536][  0]LogInit: CPU Page size=4096, Cores=4
[2015.01.26-04.46.18:536][  0]LogInit: High frequency timer resolution =2.338451 MHz
[2015.01.26-04.46.18:536][  0]LogMemory: Memory total: Physical=15.9GB (16GB approx) Virtual=131072.0GB
[2015.01.26-04.46.18:536][  0]LogMemory: Platform Memory Stats for Windows
[2015.01.26-04.46.18:536][  0]LogMemory: Process Physical Memory: 49.23 MB used, 49.23 MB peak
[2015.01.26-04.46.18:536][  0]LogMemory: Process Virtual Memory: 25.10 MB used, 25.11 MB peak
[2015.01.26-04.46.18:536][  0]LogMemory: Physical Memory: 5728.40 MB used, 16331.28 MB total
[2015.01.26-04.46.18:536][  0]LogMemory: Virtual Memory: 271.84 MB used, 134217728.00 MB total
[2015.01.26-04.46.18:581][  0]LogD3D11RHI: Found D3D11 adapter 0: NVIDIA GeForce GT 750M   (Feature Level 11_0)
[2015.01.26-04.46.18:581][  0]LogD3D11RHI: Adapter has 1985MB of dedicated video memory, 0MB of dedicated system memory, and 2048MB of shared system memory, 1 output[s]
[2015.01.26-04.46.18:609][  0]LogD3D11RHI: Found D3D11 adapter 1: NVIDIA GeForce GT 750M   (Feature Level 11_0)
[2015.01.26-04.46.18:609][  0]LogD3D11RHI: Adapter has 1985MB of dedicated video memory, 0MB of dedicated system memory, and 2048MB of shared system memory, 0 output[s]
[2015.01.26-04.46.18:611][  0]LogD3D11RHI: Found D3D11 adapter 2: Microsoft Basic Render Driver (Feature Level 11_0)
[2015.01.26-04.46.18:611][  0]LogD3D11RHI: Adapter has 0MB of dedicated video memory, 0MB of dedicated system memory, and 256MB of shared system memory, 0 output[s]
[2015.01.26-04.46.18:611][  0]LogD3D11RHI: Chosen D3D11 Adapter Id = 0
[2015.01.26-04.46.18:615][  0]LogRHI: Texture pool is 1361 MB (70% of 1945 MB)
[2015.01.26-04.46.18:633][  0]LogD3D11RHI: Async texture creation enabled
[2015.01.26-04.46.18:704][  0]LogTextLocalizationManager: The requested culture ('en_US') has no localization data; parent culture's ('en') localization data will be used.
[2015.01.26-04.46.18:912][  0]LogContentStreaming: Texture pool size is 0.000000MB
[2015.01.26-04.46.27:369][  0]LogTargetPlatformManager:Display: Building Assets For Windows
[2015.01.26-04.46.28:084][  0]LogTargetPlatformManager:Display: Building Assets For Windows
[2015.01.26-04.46.28:158][  0]LogDerivedDataCache:Display: Max Cache Size: 512 MB
[2015.01.26-04.46.28:212][  0]LogDerivedDataCache: Loaded boot cache 0.05s 39MB C:/Users/Zim/AppData/Local/UnrealEngine/4.6/DerivedDataCache/Boot.ddc.
[2015.01.26-04.46.28:212][  0]LogDerivedDataCache:Display: Loaded Boot cache: C:/Users/Zim/AppData/Local/UnrealEngine/4.6/DerivedDataCache/Boot.ddc
[2015.01.26-04.46.28:212][  0]LogDerivedDataCache: FDerivedDataBackendGraph:  Pak pak cache file ../../../../../../Users/Zim/Documents/Unreal Projects/KodainaKingdom/DerivedDataCache/DDC.ddp not found, will not use a pak cache.
[2015.01.26-04.46.28:212][  0]LogDerivedDataCache: Unable to find inner node Pak for hierarchical cache Hierarchy.
[2015.01.26-04.46.28:323][  0]LogDerivedDataCache:Display: Pak cache opened for reading ../../../Engine/DerivedDataCache/DDC.ddp.
[2015.01.26-04.46.28:336][  0]LogDerivedDataCache: Using Local data cache path C:/Users/Zim/AppData/Local/UnrealEngine/Common/DerivedDataCache: Writable
[2015.01.26-04.46.28:529][  0]LogCollisionProfile:Warning: Profile (UI) - Custom Channel Name = 'Weapon' hasn't been found
[2015.01.26-04.46.28:744][  0]LogMeshUtilities: No automatic mesh reduction module available
[2015.01.26-04.46.28:744][  0]LogMeshUtilities: No automatic mesh merging module available
[2015.01.26-04.46.29:303][  0]LogInit: WinSock: version 1.1 (2.2), MaxSocks=32767, MaxUdp=65467
[2015.01.26-04.46.29:381][  0]LogSlate:Warning: Failed to load font data from '../../../Engine/Content/Slate/Fonts/Roboto-Italic.ttf'
[2015.01.26-04.46.30:467][  0]UdpMessaging: Initializing bridge on interface 0.0.0.0:0 to multicast group 230.0.0.1:6666.
[2015.01.26-04.46.30:668][  0]LogDirectoryWatcher:Warning: Failed to begin reading directory changes for C:/Users/Zim/Documents/Unreal Projects/KodainaKingdom/Binaries/Win64. Error: 0
[2015.01.26-04.46.30:894][  0]SourceControl: Info Source control is disabled
[2015.01.26-04.46.30:894][  0]SourceControl: Info Source control is disabled
[2015.01.26-04.46.30:903][  0]SourceControl: Info Source control is disabled
[2015.01.26-04.46.31:074][  0]LogObj: 23754 objects as part of root set at end of initial load.
[2015.01.26-04.46.31:074][  0]LogUObjectAllocator: 5168128 out of 0 bytes used by permanent object pool.
[2015.01.26-04.46.31:151][  0]LogEngine: Initializing Engine...
[2015.01.26-04.46.31:379][  0]LogInit: XAudio2 using 'Speakers (Realtek High Definition Audio)' : 2 channels at 48 kHz using 32 bits per sample (channel mask 0x3)
[2015.01.26-04.46.31:392][  0]LogInit: FAudioDevice initialized.
[2015.01.26-04.46.31:417][  0]LogAIModule: Creating AISystem for world NewWorld
[2015.01.26-04.46.31:444][  0]LogDerivedDataCache: Saved boot cache 0.03s 39MB C:/Users/Zim/AppData/Local/UnrealEngine/4.6/DerivedDataCache/Boot.ddc.
[2015.01.26-04.46.31:450][  0]LogInit: Texture streaming: Enabled
[2015.01.26-04.46.31:490][  0]LogAnalytics: Creating configured Analytics provider AnalyticsET
[2015.01.26-04.46.31:490][  0]LogAnalytics: ET APIKey = Rocket.Release. APIServer = http://et2.epicgames.com/ET2/. AppVersion = 4.6.1-2386410+++depot+UE4-Releases+4.6
[2015.01.26-04.46.31:491][  0]LogAnalytics: SetUserId e818845727fd16b7b8e647cd16e3db7c
[2015.01.26-04.46.31:491][  0]LogAnalytics: AnalyticsET::StartSession [Rocket.Release]
[2015.01.26-04.46.31:511][  0]LogInit: Transaction tracking system initialized
[2015.01.26-04.46.31:641][  0]BlueprintLog: New page: Editor Load
[2015.01.26-04.46.31:677][  0]LogAssetRegistry: FAssetRegistry took 0.0104 seconds to start up
[2015.01.26-04.46.31:677][  0]LogDirectoryWatcher:Warning: Failed to begin reading directory changes for ../../../Engine/Plugins/Experimental/CharacterAI/Content/. Error: 0
[2015.01.26-04.46.32:435][  0]LogTargetPlatformManager:Display: Building Assets For Windows
[2015.01.26-04.46.32:989][  0]LogTargetPlatformManager:Display: Building Assets For Windows
[2015.01.26-04.46.33:238][  0]LogConsoleResponse:Display: 
[2015.01.26-04.46.33:312][  0]LogLinker:Warning: Asset '../../../Engine/Content/Functions/Engine_MaterialFunctions03/Procedurals/ComputeFilterWidth.uasset' has been saved with empty engine version. The asset will be loaded but may be incompatible.
[2015.01.26-04.46.33:588][  0]SourceControl: Info Source control is disabled
[2015.01.26-04.46.33:589][  0]Cmd: MAP LOAD FILE="../../../../../../Users/Zim/Documents/Unreal Projects/KodainaKingdom/Content/Maps/TestLevel.umap" TEMPLATE=0 SHOWPROGRESS=1
[2015.01.26-04.46.33:589][  0]LightingResults: New page: Lighting Build
[2015.01.26-04.46.33:600][  0]MapCheck: New page: Map Check
[2015.01.26-04.46.33:600][  0]LightingResults: New page: Lighting Build
[2015.01.26-04.46.33:611][  0]LogParticles: Destroying 0 GPU particle simulations for FXSystem 0x0000007D22CA9580
[2015.01.26-04.46.33:723][  0]LogEditorServer: Finished looking for orphan Actors (0.001 secs)
[2015.01.26-04.46.33:723][  0]LogAIModule: Creating AISystem for world TestLevel
[2015.01.26-04.46.33:723][  0]Cmd: MAP CHECKDEP
[2015.01.26-04.46.33:723][  0]MapCheck: New page: TestLevel - Jan 25, 2015, 6:46:33 PM
[2015.01.26-04.46.33:835][  0]MapCheck: Info Map check complete: 0 Error(s), 0 Warning(s), took 112.055ms to complete.
[2015.01.26-04.46.33:836][  0]LogFileHelpers: Loading map 'TestLevel' took 0.247
[2015.01.26-04.46.33:929][  0]LogCollectionManager: Loaded 0 collections in 0.002297 seconds
[2015.01.26-04.46.34:157][  0]LogCrashTracker: Crashtracker disabled due to settings.
[2015.01.26-04.46.34:164][  0]LogUObjectGlobals:Warning: Failed to find object 'Class None.'
[2015.01.26-04.46.34:190][  0]LogLoad: Full Startup: 18.24 seconds (BP compile: 0.01 seconds)
[2015.01.26-04.46.34:534][  0]LogContentBrowser:Verbose: The content browser source was changed by the sources view to '/Game/Blueprints'
[2015.01.26-04.46.34:706][  0]LogRenderer:Warning: Reallocating scene render targets to support 1200x896.
[2015.01.26-04.46.36:534][  6]LogAssetRegistry: Asset discovery search completed in 4.8676 seconds
[2015.01.26-04.47.01:613][152]LogPropertyNode:Warning: UI Min (0.001) >= UI Max () for Ranged Numeric
[2015.01.26-04.47.01:617][152]LogPropertyNode:Warning: UI Min (0.001) >= UI Max () for Ranged Numeric
[2015.01.26-04.47.01:699][152]LogPropertyNode:Warning: UI Min (0.001) >= UI Max () for Ranged Numeric
[2015.01.26-04.47.01:700][152]LogPropertyNode:Warning: UI Min (0.001) >= UI Max () for Ranged Numeric
[2015.01.26-04.47.42:965][107]BlueprintLog: New page: Compile MyCharacter
[2015.01.26-04.47.43:364][107]LogPropertyNode:Warning: UI Min (0.001) >= UI Max () for Ranged Numeric
[2015.01.26-04.47.43:365][107]LogPropertyNode:Warning: UI Min (0.001) >= UI Max () for Ranged Numeric
[2015.01.26-04.47.43:494][107]LogActorComponent: UnregisterComponent: (/Engine/Transient.CharacterMovementComponent_0) Not registered. Aborting.
[2015.01.26-04.47.43:711][107]LogPropertyNode:Warning: UI Min (0.001) >= UI Max () for Ranged Numeric
[2015.01.26-04.47.43:712][107]LogPropertyNode:Warning: UI Min (0.001) >= UI Max () for Ranged Numeric
[2015.01.26-04.47.43:767][107]BlueprintEditorCompileResults: Info [0087.82] Compile of MyCharacter successful! [in 581 ms]
[2015.01.26-04.47.46:546][196]BlueprintLog: New page: Pre-PIE auto-recompile
[2015.01.26-04.47.46:556][196]LogPlayLevel: [PIE] Compiling Enemy before PIE...
[2015.01.26-04.47.46:849][196]LogPropertyNode:Warning: UI Min (0.001) >= UI Max () for Ranged Numeric
[2015.01.26-04.47.46:850][196]LogPropertyNode:Warning: UI Min (0.001) >= UI Max () for Ranged Numeric
[2015.01.26-04.47.46:878][196]LogActorComponent: UnregisterComponent: (/Engine/Transient.CharacterMovementComponent_1) Not registered. Aborting.
[2015.01.26-04.47.46:896][196]LogPlayLevel: [PIE] Compiling Tutorial_BP_MacroLib before PIE...
[2015.01.26-04.47.46:962][196]LogPlayLevel: [PIE] Compiling TestLevel before PIE...
[2015.01.26-04.47.47:028][196]LogPlayLevel: [PIE] Compiling RollingMovingHUD before PIE...
[2015.01.26-04.47.47:200][196]LogPropertyNode:Warning: UI Min (0.001) >= UI Max () for Ranged Numeric
[2015.01.26-04.47.47:201][196]LogPropertyNode:Warning: UI Min (0.001) >= UI Max () for Ranged Numeric
[2015.01.26-04.47.47:259][196]LogPlayLevel: [PIE] Compiling BattleHUD before PIE...
[2015.01.26-04.47.47:597][196]LogPropertyNode:Warning: UI Min (0.001) >= UI Max () for Ranged Numeric
[2015.01.26-04.47.47:598][196]LogPropertyNode:Warning: UI Min (0.001) >= UI Max () for Ranged Numeric
[2015.01.26-04.47.47:688][196]LogPropertyNode:Warning: UI Min (0.001) >= UI Max () for Ranged Numeric
[2015.01.26-04.47.47:691][196]LogPropertyNode:Warning: UI Min (0.001) >= UI Max () for Ranged Numeric
[2015.01.26-04.47.47:720][196]LogPlayLevel: [PIE] Compiling MyCharacter before PIE...
[2015.01.26-04.47.48:111][196]LogPropertyNode:Warning: UI Min (0.001) >= UI Max () for Ranged Numeric
[2015.01.26-04.47.48:112][196]LogPropertyNode:Warning: UI Min (0.001) >= UI Max () for Ranged Numeric
[2015.01.26-04.47.48:263][196]LogPropertyNode:Warning: UI Min (0.001) >= UI Max () for Ranged Numeric
[2015.01.26-04.47.48:264][196]LogPropertyNode:Warning: UI Min (0.001) >= UI Max () for Ranged Numeric
[2015.01.26-04.47.48:399][196]LogPlayLevel: PIE:  Blueprint regeneration took 1852 ms (6 blueprints)
[2015.01.26-04.47.48:399][196]PIE: New page: PIE session: TestLevel (Jan 25, 2015, 6:47:48 PM)
[2015.01.26-04.47.48:403][196]LogPlayLevel: PIE: StaticDuplicateObject took: (0.003801s)
[2015.01.26-04.47.48:405][196]LogPlayLevel: PIE: World Init took: (0.001209s)
[2015.01.26-04.47.48:405][196]LogPlayLevel: PIE: Created PIE world by copying editor world from /Game/Maps/TestLevel.TestLevel to /Game/Maps/UEDPIE_0_TestLevel.TestLevel (0.005272s)
[2015.01.26-04.47.48:640][196]LogWorld: Game class is 'Kodaina_C'
[2015.01.26-04.47.48:643][196]LogAIModule: Creating AISystem for world TestLevel
[2015.01.26-04.47.48:646][196]LogWorld: Bringing World /Game/Maps/UEDPIE_0_TestLevel.TestLevel up for play (max tick rate 60) at 2015.01.25-23.47.48
[2015.01.26-04.47.48:647][196]LogWorld: Bringing up level for play took: 0.003880
[2015.01.26-04.47.48:686][196]PIE: Info Play in editor start time for /Game/Maps/UEDPIE_0_TestLevel 1.362
[2015.01.26-04.47.48:737][196]LogRenderer:Warning: Reallocating scene render targets to support 1296x896.
[2015.01.26-04.47.50:801][298]LogActorComponent: UnregisterComponent: (/Engine/Transient.CharacterMovementComponent_2) Not registered. Aborting.
[2015.01.26-04.47.50:851][298]LogParticles: Destroying 0 GPU particle simulations for FXSystem 0x0000007D297AAF20
[2015.01.26-04.48.33:961][251]BlueprintLog: New page: Compile MyCharacter
[2015.01.26-04.48.34:375][251]LogPropertyNode:Warning: UI Min (0.001) >= UI Max () for Ranged Numeric
[2015.01.26-04.48.34:376][251]LogPropertyNode:Warning: UI Min (0.001) >= UI Max () for Ranged Numeric
[2015.01.26-04.48.34:478][251]LogActorComponent: UnregisterComponent: (/Engine/Transient.CharacterMovementComponent_3) Not registered. Aborting.
[2015.01.26-04.48.34:627][251]LogPropertyNode:Warning: UI Min (0.001) >= UI Max () for Ranged Numeric
[2015.01.26-04.48.34:628][251]LogPropertyNode:Warning: UI Min (0.001) >= UI Max () for Ranged Numeric
[2015.01.26-04.48.34:682][251]BlueprintEditorCompileResults: Info [0138.73] Compile of MyCharacter successful! [in 493 ms]
[2015.01.26-04.48.36:101][301]BlueprintLog: New page: Pre-PIE auto-recompile
[2015.01.26-04.48.36:113][301]LogPlayLevel: [PIE] Compiling Enemy before PIE...
[2015.01.26-04.48.36:417][301]LogPropertyNode:Warning: UI Min (0.001) >= UI Max () for Ranged Numeric
[2015.01.26-04.48.36:418][301]LogPropertyNode:Warning: UI Min (0.001) >= UI Max () for Ranged Numeric
[2015.01.26-04.48.36:448][301]LogActorComponent: UnregisterComponent: (/Engine/Transient.CharacterMovementComponent_4) Not registered. Aborting.
[2015.01.26-04.48.36:466][301]LogPlayLevel: [PIE] Compiling TestLevel before PIE...
[2015.01.26-04.48.36:529][301]LogPlayLevel: [PIE] Compiling RollingMovingHUD before PIE...
[2015.01.26-04.48.36:696][301]LogPropertyNode:Warning: UI Min (0.001) >= UI Max () for Ranged Numeric
[2015.01.26-04.48.36:698][301]LogPropertyNode:Warning: UI Min (0.001) >= UI Max () for Ranged Numeric
[2015.01.26-04.48.36:750][301]LogPlayLevel: [PIE] Compiling BattleHUD before PIE...
[2015.01.26-04.48.37:096][301]LogPropertyNode:Warning: UI Min (0.001) >= UI Max () for Ranged Numeric
[2015.01.26-04.48.37:097][301]LogPropertyNode:Warning: UI Min (0.001) >= UI Max () for Ranged Numeric
[2015.01.26-04.48.37:190][301]LogPropertyNode:Warning: UI Min (0.001) >= UI Max () for Ranged Numeric
[2015.01.26-04.48.37:192][301]LogPropertyNode:Warning: UI Min (0.001) >= UI Max () for Ranged Numeric
[2015.01.26-04.48.37:229][301]LogPlayLevel: [PIE] Compiling MyCharacter before PIE...
[2015.01.26-04.48.37:631][301]LogPropertyNode:Warning: UI Min (0.001) >= UI Max () for Ranged Numeric
[2015.01.26-04.48.37:632][301]LogPropertyNode:Warning: UI Min (0.001) >= UI Max () for Ranged Numeric
[2015.01.26-04.48.37:787][301]LogPropertyNode:Warning: UI Min (0.001) >= UI Max () for Ranged Numeric
[2015.01.26-04.48.37:788][301]LogPropertyNode:Warning: UI Min (0.001) >= UI Max () for Ranged Numeric
[2015.01.26-04.48.37:908][301]LogPlayLevel: PIE:  Blueprint regeneration took 1806 ms (5 blueprints)
[2015.01.26-04.48.37:909][301]PIE: New page: PIE session: TestLevel (Jan 25, 2015, 6:48:37 PM)
[2015.01.26-04.48.37:913][301]LogPlayLevel: PIE: StaticDuplicateObject took: (0.003914s)
[2015.01.26-04.48.37:914][301]LogPlayLevel: PIE: World Init took: (0.000606s)
[2015.01.26-04.48.37:914][301]LogPlayLevel: PIE: Created PIE world by copying editor world from /Game/Maps/TestLevel.TestLevel to /Game/Maps/UEDPIE_0_TestLevel.TestLevel (0.004713s)
[2015.01.26-04.48.37:954][301]LogWorld: Game class is 'Kodaina_C'
[2015.01.26-04.48.37:957][301]LogAIModule: Creating AISystem for world TestLevel
[2015.01.26-04.48.37:960][301]LogWorld: Bringing World /Game/Maps/UEDPIE_0_TestLevel.TestLevel up for play (max tick rate 60) at 2015.01.25-23.48.37
[2015.01.26-04.48.37:961][301]LogWorld: Bringing up level for play took: 0.003615
[2015.01.26-04.48.37:971][301]PIE: Info Play in editor start time for /Game/Maps/UEDPIE_0_TestLevel 2.646
[2015.01.26-04.48.40:486][436]LogActorComponent: UnregisterComponent: (/Engine/Transient.CharacterMovementComponent_5) Not registered. Aborting.
[2015.01.26-04.48.40:539][436]LogParticles: Destroying 0 GPU particle simulations for FXSystem 0x0000007D34EEB740
[2015.01.26-04.48.50:615][706]BlueprintLog: New page: Pre-PIE auto-recompile
[2015.01.26-04.48.50:627][706]LogPlayLevel: [PIE] Compiling Enemy before PIE...
[2015.01.26-04.48.50:953][706]LogPropertyNode:Warning: UI Min (0.001) >= UI Max () for Ranged Numeric
[2015.01.26-04.48.50:955][706]LogPropertyNode:Warning: UI Min (0.001) >= UI Max () for Ranged Numeric
[2015.01.26-04.48.50:990][706]LogActorComponent: UnregisterComponent: (/Engine/Transient.CharacterMovementComponent_6) Not registered. Aborting.
[2015.01.26-04.48.51:051][706]LogPropertyNode:Warning: UI Min (0.001) >= UI Max () for Ranged Numeric
[2015.01.26-04.48.51:052][706]LogPropertyNode:Warning: UI Min (0.001) >= UI Max () for Ranged Numeric
[2015.01.26-04.48.51:083][706]LogPlayLevel: [PIE] Compiling MyCharacter before PIE...
[2015.01.26-04.48.51:476][706]LogPropertyNode:Warning: UI Min (0.001) >= UI Max () for Ranged Numeric
[2015.01.26-04.48.51:477][706]LogPropertyNode:Warning: UI Min (0.001) >= UI Max () for Ranged Numeric
[2015.01.26-04.48.51:627][706]LogPropertyNode:Warning: UI Min (0.001) >= UI Max () for Ranged Numeric
[2015.01.26-04.48.51:629][706]LogPropertyNode:Warning: UI Min (0.001) >= UI Max () for Ranged Numeric
[2015.01.26-04.48.51:690][706]LogPlayLevel: [PIE] Compiling TestLevel before PIE...
[2015.01.26-04.48.51:756][706]LogPlayLevel: [PIE] Compiling RollingMovingHUD before PIE...
[2015.01.26-04.48.51:932][706]LogPropertyNode:Warning: UI Min (0.001) >= UI Max () for Ranged Numeric
[2015.01.26-04.48.51:933][706]LogPropertyNode:Warning: UI Min (0.001) >= UI Max () for Ranged Numeric
[2015.01.26-04.48.51:983][706]LogPlayLevel: [PIE] Compiling BattleHUD before PIE...
[2015.01.26-04.48.52:330][706]LogPropertyNode:Warning: UI Min (0.001) >= UI Max () for Ranged Numeric
[2015.01.26-04.48.52:331][706]LogPropertyNode:Warning: UI Min (0.001) >= UI Max () for Ranged Numeric
[2015.01.26-04.48.52:441][706]LogPlayLevel: PIE:  Blueprint regeneration took 1825 ms (5 blueprints)
[2015.01.26-04.48.52:441][706]PIE: New page: PIE session: TestLevel (Jan 25, 2015, 6:48:52 PM)
[2015.01.26-04.48.52:446][706]LogPlayLevel: PIE: StaticDuplicateObject took: (0.004295s)
[2015.01.26-04.48.52:447][706]LogPlayLevel: PIE: World Init took: (0.000570s)
[2015.01.26-04.48.52:447][706]LogPlayLevel: PIE: Created PIE world by copying editor world from /Game/Maps/TestLevel.TestLevel to /Game/Maps/UEDPIE_0_TestLevel.TestLevel (0.005061s)
[2015.01.26-04.48.52:487][706]LogWorld: Game class is 'Kodaina_C'
[2015.01.26-04.48.52:489][706]LogAIModule: Creating AISystem for world TestLevel
[2015.01.26-04.48.52:494][706]LogWorld: Bringing World /Game/Maps/UEDPIE_0_TestLevel.TestLevel up for play (max tick rate 60) at 2015.01.25-23.48.52
[2015.01.26-04.48.52:495][706]LogWorld: Bringing up level for play took: 0.004807
[2015.01.26-04.48.52:506][706]PIE: Info Play in editor start time for /Game/Maps/UEDPIE_0_TestLevel 1.181
[2015.01.26-04.48.54:234][796]LogActorComponent: UnregisterComponent: (/Engine/Transient.CharacterMovementComponent_7) Not registered. Aborting.
[2015.01.26-04.48.54:284][796]LogParticles: Destroying 0 GPU particle simulations for FXSystem 0x0000007D34723600
[2015.01.26-04.48.59:862][936]BlueprintLog: New page: Compile MyCharacter
[2015.01.26-04.49.00:247][936]LogPropertyNode:Warning: UI Min (0.001) >= UI Max () for Ranged Numeric
[2015.01.26-04.49.00:248][936]LogPropertyNode:Warning: UI Min (0.001) >= UI Max () for Ranged Numeric
[2015.01.26-04.49.00:359][936]LogActorComponent: UnregisterComponent: (/Engine/Transient.CharacterMovementComponent_8) Not registered. Aborting.
[2015.01.26-04.49.00:500][936]LogPropertyNode:Warning: UI Min (0.001) >= UI Max () for Ranged Numeric
[2015.01.26-04.49.00:501][936]LogPropertyNode:Warning: UI Min (0.001) >= UI Max () for Ranged Numeric
[2015.01.26-04.49.00:559][936]BlueprintEditorCompileResults: Info [0164.61] Compile of MyCharacter successful! [in 487 ms]
[2015.01.26-04.49.01:951][987]BlueprintLog: New page: Pre-PIE auto-recompile
[2015.01.26-04.49.01:960][987]LogPlayLevel: [PIE] Compiling Enemy before PIE...
[2015.01.26-04.49.02:268][987]LogPropertyNode:Warning: UI Min (0.001) >= UI Max () for Ranged Numeric
[2015.01.26-04.49.02:270][987]LogPropertyNode:Warning: UI Min (0.001) >= UI Max () for Ranged Numeric
[2015.01.26-04.49.02:303][987]LogActorComponent: UnregisterComponent: (/Engine/Transient.CharacterMovementComponent_9) Not registered. Aborting.
[2015.01.26-04.49.02:320][987]LogPlayLevel: [PIE] Compiling TestLevel before PIE...
[2015.01.26-04.49.02:390][987]LogPlayLevel: [PIE] Compiling RollingMovingHUD before PIE...
[2015.01.26-04.49.02:565][987]LogPropertyNode:Warning: UI Min (0.001) >= UI Max () for Ranged Numeric
[2015.01.26-04.49.02:566][987]LogPropertyNode:Warning: UI Min (0.001) >= UI Max () for Ranged Numeric
[2015.01.26-04.49.02:619][987]LogPlayLevel: [PIE] Compiling BattleHUD before PIE...
[2015.01.26-04.49.03:027][987]LogPropertyNode:Warning: UI Min (0.001) >= UI Max () for Ranged Numeric
[2015.01.26-04.49.03:028][987]LogPropertyNode:Warning: UI Min (0.001) >= UI Max () for Ranged Numeric
[2015.01.26-04.49.03:112][987]LogPropertyNode:Warning: UI Min (0.001) >= UI Max () for Ranged Numeric
[2015.01.26-04.49.03:113][987]LogPropertyNode:Warning: UI Min (0.001) >= UI Max () for Ranged Numeric
[2015.01.26-04.49.03:143][987]LogPlayLevel: [PIE] Compiling MyCharacter before PIE...
[2015.01.26-04.49.03:550][987]LogPropertyNode:Warning: UI Min (0.001) >= UI Max () for Ranged Numeric
[2015.01.26-04.49.03:551][987]LogPropertyNode:Warning: UI Min (0.001) >= UI Max () for Ranged Numeric
[2015.01.26-04.49.03:711][987]LogPropertyNode:Warning: UI Min (0.001) >= UI Max () for Ranged Numeric
[2015.01.26-04.49.03:712][987]LogPropertyNode:Warning: UI Min (0.001) >= UI Max () for Ranged Numeric
[2015.01.26-04.49.03:836][987]LogPlayLevel: PIE:  Blueprint regeneration took 1884 ms (5 blueprints)
[2015.01.26-04.49.03:836][987]PIE: New page: PIE session: TestLevel (Jan 25, 2015, 6:49:03 PM)
[2015.01.26-04.49.03:841][987]LogPlayLevel: PIE: StaticDuplicateObject took: (0.005008s)
[2015.01.26-04.49.03:842][987]LogPlayLevel: PIE: World Init took: (0.000826s)
[2015.01.26-04.49.03:842][987]LogPlayLevel: PIE: Created PIE world by copying editor world from /Game/Maps/TestLevel.TestLevel to /Game/Maps/UEDPIE_0_TestLevel.TestLevel (0.006066s)
[2015.01.26-04.49.03:883][987]LogWorld: Game class is 'Kodaina_C'
[2015.01.26-04.49.03:885][987]LogAIModule: Creating AISystem for world TestLevel
[2015.01.26-04.49.03:889][987]LogWorld: Bringing World /Game/Maps/UEDPIE_0_TestLevel.TestLevel up for play (max tick rate 60) at 2015.01.25-23.49.03
[2015.01.26-04.49.03:890][987]LogWorld: Bringing up level for play took: 0.004626
[2015.01.26-04.49.03:902][987]PIE: Info Play in editor start time for /Game/Maps/UEDPIE_0_TestLevel 2.578
[2015.01.26-04.49.05:271][ 56]LogActorComponent: UnregisterComponent: (/Engine/Transient.CharacterMovementComponent_10) Not registered. Aborting.
[2015.01.26-04.49.05:328][ 56]LogParticles: Destroying 0 GPU particle simulations for FXSystem 0x0000007D31ED2FC0
[2015.01.26-04.49.11:239][208]BlueprintLog: New page: Compile MyCharacter
[2015.01.26-04.49.11:648][208]LogPropertyNode:Warning: UI Min (0.001) >= UI Max () for Ranged Numeric
[2015.01.26-04.49.11:649][208]LogPropertyNode:Warning: UI Min (0.001) >= UI Max () for Ranged Numeric
[2015.01.26-04.49.11:749][208]LogActorComponent: UnregisterComponent: (/Engine/Transient.CharacterMovementComponent_11) Not registered. Aborting.
[2015.01.26-04.49.11:899][208]LogPropertyNode:Warning: UI Min (0.001) >= UI Max () for Ranged Numeric
[2015.01.26-04.49.11:900][208]LogPropertyNode:Warning: UI Min (0.001) >= UI Max () for Ranged Numeric
[2015.01.26-04.49.11:956][208]BlueprintEditorCompileResults: Info [0176.00] Compile of MyCharacter successful! [in 485 ms]
[2015.01.26-04.49.13:774][269]BlueprintLog: New page: Pre-PIE auto-recompile
[2015.01.26-04.49.13:784][269]LogPlayLevel: [PIE] Compiling Enemy before PIE...
[2015.01.26-04.49.14:075][269]LogPropertyNode:Warning: UI Min (0.001) >= UI Max () for Ranged Numeric
[2015.01.26-04.49.14:076][269]LogPropertyNode:Warning: UI Min (0.001) >= UI Max () for Ranged Numeric
[2015.01.26-04.49.14:107][269]LogActorComponent: UnregisterComponent: (/Engine/Transient.CharacterMovementComponent_12) Not registered. Aborting.
[2015.01.26-04.49.14:124][269]LogPlayLevel: [PIE] Compiling TestLevel before PIE...
[2015.01.26-04.49.14:186][269]LogPlayLevel: [PIE] Compiling RollingMovingHUD before PIE...
[2015.01.26-04.49.14:357][269]LogPropertyNode:Warning: UI Min (0.001) >= UI Max () for Ranged Numeric
[2015.01.26-04.49.14:358][269]LogPropertyNode:Warning: UI Min (0.001) >= UI Max () for Ranged Numeric
[2015.01.26-04.49.14:408][269]LogPlayLevel: [PIE] Compiling BattleHUD before PIE...
[2015.01.26-04.49.14:751][269]LogPropertyNode:Warning: UI Min (0.001) >= UI Max () for Ranged Numeric
[2015.01.26-04.49.14:752][269]LogPropertyNode:Warning: UI Min (0.001) >= UI Max () for Ranged Numeric
[2015.01.26-04.49.14:847][269]LogPropertyNode:Warning: UI Min (0.001) >= UI Max () for Ranged Numeric
[2015.01.26-04.49.14:848][269]LogPropertyNode:Warning: UI Min (0.001) >= UI Max () for Ranged Numeric
[2015.01.26-04.49.14:878][269]LogPlayLevel: [PIE] Compiling MyCharacter before PIE...
[2015.01.26-04.49.15:287][269]LogPropertyNode:Warning: UI Min (0.001) >= UI Max () for Ranged Numeric
[2015.01.26-04.49.15:289][269]LogPropertyNode:Warning: UI Min (0.001) >= UI Max () for Ranged Numeric
[2015.01.26-04.49.15:438][269]LogPropertyNode:Warning: UI Min (0.001) >= UI Max () for Ranged Numeric
[2015.01.26-04.49.15:439][269]LogPropertyNode:Warning: UI Min (0.001) >= UI Max () for Ranged Numeric
[2015.01.26-04.49.15:564][269]LogPlayLevel: PIE:  Blueprint regeneration took 1790 ms (5 blueprints)
[2015.01.26-04.49.15:564][269]PIE: New page: PIE session: TestLevel (Jan 25, 2015, 6:49:15 PM)
[2015.01.26-04.49.15:569][269]LogPlayLevel: PIE: StaticDuplicateObject took: (0.004729s)
[2015.01.26-04.49.15:570][269]LogPlayLevel: PIE: World Init took: (0.000592s)
[2015.01.26-04.49.15:570][269]LogPlayLevel: PIE: Created PIE world by copying editor world from /Game/Maps/TestLevel.TestLevel to /Game/Maps/UEDPIE_0_TestLevel.TestLevel (0.005521s)
[2015.01.26-04.49.15:613][269]LogWorld: Game class is 'Kodaina_C'
[2015.01.26-04.49.15:617][269]LogAIModule: Creating AISystem for world TestLevel
[2015.01.26-04.49.15:620][269]LogWorld: Bringing World /Game/Maps/UEDPIE_0_TestLevel.TestLevel up for play (max tick rate 60) at 2015.01.25-23.49.15
[2015.01.26-04.49.15:620][269]LogWorld: Bringing up level for play took: 0.003311
[2015.01.26-04.49.15:635][269]PIE: Info Play in editor start time for /Game/Maps/UEDPIE_0_TestLevel 2.31
[2015.01.26-04.49.16:407][302]LogActorComponent: UnregisterComponent: (/Engine/Transient.CharacterMovementComponent_13) Not registered. Aborting.
[2015.01.26-04.49.16:461][302]LogParticles: Destroying 0 GPU particle simulations for FXSystem 0x0000007D3698C4A0
[2015.01.26-04.49.24:733][516]BlueprintLog: New page: Compile MyCharacter
[2015.01.26-04.49.25:135][516]LogPropertyNode:Warning: UI Min (0.001) >= UI Max () for Ranged Numeric
[2015.01.26-04.49.25:137][516]LogPropertyNode:Warning: UI Min (0.001) >= UI Max () for Ranged Numeric
[2015.01.26-04.49.25:233][516]LogActorComponent: UnregisterComponent: (/Engine/Transient.CharacterMovementComponent_14) Not registered. Aborting.
[2015.01.26-04.49.25:380][516]LogPropertyNode:Warning: UI Min (0.001) >= UI Max () for Ranged Numeric
[2015.01.26-04.49.25:381][516]LogPropertyNode:Warning: UI Min (0.001) >= UI Max () for Ranged Numeric
[2015.01.26-04.49.25:439][516]BlueprintEditorCompileResults: Info [0189.49] Compile of MyCharacter successful! [in 479 ms]
[2015.01.26-04.49.27:851][591]BlueprintLog: New page: Pre-PIE auto-recompile
[2015.01.26-04.49.27:860][591]LogPlayLevel: [PIE] Compiling Enemy before PIE...
[2015.01.26-04.49.28:133][591]LogPropertyNode:Warning: UI Min (0.001) >= UI Max () for Ranged Numeric
[2015.01.26-04.49.28:134][591]LogPropertyNode:Warning: UI Min (0.001) >= UI Max () for Ranged Numeric
[2015.01.26-04.49.28:165][591]LogActorComponent: UnregisterComponent: (/Engine/Transient.CharacterMovementComponent_15) Not registered. Aborting.
[2015.01.26-04.49.28:182][591]LogPlayLevel: [PIE] Compiling TestLevel before PIE...
[2015.01.26-04.49.28:246][591]LogPlayLevel: [PIE] Compiling RollingMovingHUD before PIE...
[2015.01.26-04.49.28:411][591]LogPropertyNode:Warning: UI Min (0.001) >= UI Max () for Ranged Numeric
[2015.01.26-04.49.28:412][591]LogPropertyNode:Warning: UI Min (0.001) >= UI Max () for Ranged Numeric
[2015.01.26-04.49.28:463][591]LogPlayLevel: [PIE] Compiling BattleHUD before PIE...
[2015.01.26-04.49.28:807][591]LogPropertyNode:Warning: UI Min (0.001) >= UI Max () for Ranged Numeric
[2015.01.26-04.49.28:808][591]LogPropertyNode:Warning: UI Min (0.001) >= UI Max () for Ranged Numeric
[2015.01.26-04.49.28:893][591]LogPropertyNode:Warning: UI Min (0.001) >= UI Max () for Ranged Numeric
[2015.01.26-04.49.28:894][591]LogPropertyNode:Warning: UI Min (0.001) >= UI Max () for Ranged Numeric
[2015.01.26-04.49.28:922][591]LogPlayLevel: [PIE] Compiling MyCharacter before PIE...
[2015.01.26-04.49.29:311][591]LogPropertyNode:Warning: UI Min (0.001) >= UI Max () for Ranged Numeric
[2015.01.26-04.49.29:312][591]LogPropertyNode:Warning: UI Min (0.001) >= UI Max () for Ranged Numeric
[2015.01.26-04.49.29:461][591]LogPropertyNode:Warning: UI Min (0.001) >= UI Max () for Ranged Numeric
[2015.01.26-04.49.29:462][591]LogPropertyNode:Warning: UI Min (0.001) >= UI Max () for Ranged Numeric
[2015.01.26-04.49.29:582][591]LogPlayLevel: PIE:  Blueprint regeneration took 1731 ms (5 blueprints)
[2015.01.26-04.49.29:582][591]PIE: New page: PIE session: TestLevel (Jan 25, 2015, 6:49:29 PM)
[2015.01.26-04.49.29:586][591]LogPlayLevel: PIE: StaticDuplicateObject took: (0.003855s)
[2015.01.26-04.49.29:589][591]LogPlayLevel: PIE: World Init took: (0.002753s)
[2015.01.26-04.49.29:589][591]LogPlayLevel: PIE: Created PIE world by copying editor world from /Game/Maps/TestLevel.TestLevel to /Game/Maps/UEDPIE_0_TestLevel.TestLevel (0.006879s)
[2015.01.26-04.49.29:631][591]LogWorld: Game class is 'Kodaina_C'
[2015.01.26-04.49.29:633][591]LogAIModule: Creating AISystem for world TestLevel
[2015.01.26-04.49.29:636][591]LogWorld: Bringing World /Game/Maps/UEDPIE_0_TestLevel.TestLevel up for play (max tick rate 60) at 2015.01.25-23.49.29
[2015.01.26-04.49.29:637][591]LogWorld: Bringing up level for play took: 0.003699
[2015.01.26-04.49.29:649][591]PIE: Info Play in editor start time for /Game/Maps/UEDPIE_0_TestLevel 2.325
[2015.01.26-04.49.45:850][543]LogActorComponent: UnregisterComponent: (/Engine/Transient.CharacterMovementComponent_16) Not registered. Aborting.
[2015.01.26-04.49.45:901][543]LogParticles: Destroying 0 GPU particle simulations for FXSystem 0x0000007D3A597A60
[2015.01.26-04.49.56:297][867]BlueprintLog: New page: Compile MyCharacter
[2015.01.26-04.49.56:708][867]LogPropertyNode:Warning: UI Min (0.001) >= UI Max () for Ranged Numeric
[2015.01.26-04.49.56:709][867]LogPropertyNode:Warning: UI Min (0.001) >= UI Max () for Ranged Numeric
[2015.01.26-04.49.56:808][867]LogActorComponent: UnregisterComponent: (/Engine/Transient.CharacterMovementComponent_17) Not registered. Aborting.
[2015.01.26-04.49.56:955][867]LogPropertyNode:Warning: UI Min (0.001) >= UI Max () for Ranged Numeric
[2015.01.26-04.49.56:956][867]LogPropertyNode:Warning: UI Min (0.001) >= UI Max () for Ranged Numeric
[2015.01.26-04.49.57:012][867]BlueprintEditorCompileResults: Info [0221.06] Compile of MyCharacter successful! [in 491 ms]
[2015.01.26-04.50.05:009][ 56]BlueprintLog: New page: Compile MyCharacter
[2015.01.26-04.50.05:440][ 56]LogPropertyNode:Warning: UI Min (0.001) >= UI Max () for Ranged Numeric
[2015.01.26-04.50.05:442][ 56]LogPropertyNode:Warning: UI Min (0.001) >= UI Max () for Ranged Numeric
[2015.01.26-04.50.05:551][ 56]LogActorComponent: UnregisterComponent: (/Engine/Transient.CharacterMovementComponent_18) Not registered. Aborting.
[2015.01.26-04.50.05:715][ 56]LogPropertyNode:Warning: UI Min (0.001) >= UI Max () for Ranged Numeric
[2015.01.26-04.50.05:717][ 56]LogPropertyNode:Warning: UI Min (0.001) >= UI Max () for Ranged Numeric
[2015.01.26-04.50.05:784][ 56]BlueprintEditorCompileResults: Info [0229.83] Compile of MyCharacter successful! [in 538 ms]
[2015.01.26-04.50.08:504][140]BlueprintLog: New page: Pre-PIE auto-recompile
[2015.01.26-04.50.08:513][140]LogPlayLevel: [PIE] Compiling Enemy before PIE...
[2015.01.26-04.50.08:823][140]LogPropertyNode:Warning: UI Min (0.001) >= UI Max () for Ranged Numeric
[2015.01.26-04.50.08:824][140]LogPropertyNode:Warning: UI Min (0.001) >= UI Max () for Ranged Numeric
[2015.01.26-04.50.08:856][140]LogActorComponent: UnregisterComponent: (/Engine/Transient.CharacterMovementComponent_19) Not registered. Aborting.
[2015.01.26-04.50.08:873][140]LogPlayLevel: [PIE] Compiling TestLevel before PIE...
[2015.01.26-04.50.08:935][140]LogPlayLevel: [PIE] Compiling RollingMovingHUD before PIE...
[2015.01.26-04.50.09:109][140]LogPropertyNode:Warning: UI Min (0.001) >= UI Max () for Ranged Numeric
[2015.01.26-04.50.09:110][140]LogPropertyNode:Warning: UI Min (0.001) >= UI Max () for Ranged Numeric
[2015.01.26-04.50.09:167][140]LogPlayLevel: [PIE] Compiling BattleHUD before PIE...
[2015.01.26-04.50.09:514][140]LogPropertyNode:Warning: UI Min (0.001) >= UI Max () for Ranged Numeric
[2015.01.26-04.50.09:515][140]LogPropertyNode:Warning: UI Min (0.001) >= UI Max () for Ranged Numeric
[2015.01.26-04.50.09:605][140]LogPropertyNode:Warning: UI Min (0.001) >= UI Max () for Ranged Numeric
[2015.01.26-04.50.09:606][140]LogPropertyNode:Warning: UI Min (0.001) >= UI Max () for Ranged Numeric
[2015.01.26-04.50.09:635][140]LogPlayLevel: [PIE] Compiling MyCharacter before PIE...
[2015.01.26-04.50.10:030][140]LogPropertyNode:Warning: UI Min (0.001) >= UI Max () for Ranged Numeric
[2015.01.26-04.50.10:031][140]LogPropertyNode:Warning: UI Min (0.001) >= UI Max () for Ranged Numeric
[2015.01.26-04.50.10:187][140]LogPropertyNode:Warning: UI Min (0.001) >= UI Max () for Ranged Numeric
[2015.01.26-04.50.10:189][140]LogPropertyNode:Warning: UI Min (0.001) >= UI Max () for Ranged Numeric
[2015.01.26-04.50.10:311][140]LogPlayLevel: PIE:  Blueprint regeneration took 1806 ms (5 blueprints)
[2015.01.26-04.50.10:311][140]PIE: New page: PIE session: TestLevel (Jan 25, 2015, 6:50:10 PM)
[2015.01.26-04.50.10:316][140]LogPlayLevel: PIE: StaticDuplicateObject took: (0.003814s)
[2015.01.26-04.50.10:316][140]LogPlayLevel: PIE: World Init took: (0.000575s)
[2015.01.26-04.50.10:316][140]LogPlayLevel: PIE: Created PIE world by copying editor world from /Game/Maps/TestLevel.TestLevel to /Game/Maps/UEDPIE_0_TestLevel.TestLevel (0.004574s)
[2015.01.26-04.50.10:359][140]LogWorld: Game class is 'Kodaina_C'
[2015.01.26-04.50.10:361][140]LogAIModule: Creating AISystem for world TestLevel
[2015.01.26-04.50.10:364][140]LogWorld: Bringing World /Game/Maps/UEDPIE_0_TestLevel.TestLevel up for play (max tick rate 60) at 2015.01.25-23.50.10
[2015.01.26-04.50.10:364][140]LogWorld: Bringing up level for play took: 0.003389
[2015.01.26-04.50.10:378][140]PIE: Info Play in editor start time for /Game/Maps/UEDPIE_0_TestLevel 1.054
[2015.01.26-04.50.16:406][487]LogActorComponent: UnregisterComponent: (/Engine/Transient.CharacterMovementComponent_20) Not registered. Aborting.
[2015.01.26-04.50.16:459][487]LogParticles: Destroying 0 GPU particle simulations for FXSystem 0x0000007D3F171A80
[2015.01.26-04.50.25:814][733]BlueprintLog: New page: Compile MyCharacter
[2015.01.26-04.50.26:218][733]LogPropertyNode:Warning: UI Min (0.001) >= UI Max () for Ranged Numeric
[2015.01.26-04.50.26:219][733]LogPropertyNode:Warning: UI Min (0.001) >= UI Max () for Ranged Numeric
[2015.01.26-04.50.26:318][733]LogActorComponent: UnregisterComponent: (/Engine/Transient.CharacterMovementComponent_21) Not registered. Aborting.
[2015.01.26-04.50.26:469][733]LogPropertyNode:Warning: UI Min (0.001) >= UI Max () for Ranged Numeric
[2015.01.26-04.50.26:470][733]LogPropertyNode:Warning: UI Min (0.001) >= UI Max () for Ranged Numeric
[2015.01.26-04.50.26:528][733]BlueprintEditorCompileResults: Info [0250.58] Compile of MyCharacter successful! [in 489 ms]
[2015.01.26-04.50.28:128][793]BlueprintLog: New page: Pre-PIE auto-recompile
[2015.01.26-04.50.28:136][793]LogPlayLevel: [PIE] Compiling Enemy before PIE...
[2015.01.26-04.50.28:430][793]LogPropertyNode:Warning: UI Min (0.001) >= UI Max () for Ranged Numeric
[2015.01.26-04.50.28:432][793]LogPropertyNode:Warning: UI Min (0.001) >= UI Max () for Ranged Numeric
[2015.01.26-04.50.28:461][793]LogActorComponent: UnregisterComponent: (/Engine/Transient.CharacterMovementComponent_22) Not registered. Aborting.
[2015.01.26-04.50.28:478][793]LogPlayLevel: [PIE] Compiling TestLevel before PIE...
[2015.01.26-04.50.28:542][793]LogPlayLevel: [PIE] Compiling RollingMovingHUD before PIE...
[2015.01.26-04.50.28:715][793]LogPropertyNode:Warning: UI Min (0.001) >= UI Max () for Ranged Numeric
[2015.01.26-04.50.28:716][793]LogPropertyNode:Warning: UI Min (0.001) >= UI Max () for Ranged Numeric
[2015.01.26-04.50.28:769][793]LogPlayLevel: [PIE] Compiling BattleHUD before PIE...
[2015.01.26-04.50.29:113][793]LogPropertyNode:Warning: UI Min (0.001) >= UI Max () for Ranged Numeric
[2015.01.26-04.50.29:115][793]LogPropertyNode:Warning: UI Min (0.001) >= UI Max () for Ranged Numeric
[2015.01.26-04.50.29:197][793]LogPropertyNode:Warning: UI Min (0.001) >= UI Max () for Ranged Numeric
[2015.01.26-04.50.29:198][793]LogPropertyNode:Warning: UI Min (0.001) >= UI Max () for Ranged Numeric
[2015.01.26-04.50.29:227][793]LogPlayLevel: [PIE] Compiling MyCharacter before PIE...
[2015.01.26-04.50.29:627][793]LogPropertyNode:Warning: UI Min (0.001) >= UI Max () for Ranged Numeric
[2015.01.26-04.50.29:628][793]LogPropertyNode:Warning: UI Min (0.001) >= UI Max () for Ranged Numeric
[2015.01.26-04.50.29:777][793]LogPropertyNode:Warning: UI Min (0.001) >= UI Max () for Ranged Numeric
[2015.01.26-04.50.29:778][793]LogPropertyNode:Warning: UI Min (0.001) >= UI Max () for Ranged Numeric
[2015.01.26-04.50.29:896][793]LogPlayLevel: PIE:  Blueprint regeneration took 1767 ms (5 blueprints)
[2015.01.26-04.50.29:896][793]PIE: New page: PIE session: TestLevel (Jan 25, 2015, 6:50:29 PM)
[2015.01.26-04.50.29:900][793]LogPlayLevel: PIE: StaticDuplicateObject took: (0.003798s)
[2015.01.26-04.50.29:902][793]LogPlayLevel: PIE: World Init took: (0.001519s)
[2015.01.26-04.50.29:902][793]LogPlayLevel: PIE: Created PIE world by copying editor world from /Game/Maps/TestLevel.TestLevel to /Game/Maps/UEDPIE_0_TestLevel.TestLevel (0.005504s)
[2015.01.26-04.50.29:942][793]LogWorld: Game class is 'Kodaina_C'
[2015.01.26-04.50.29:944][793]LogAIModule: Creating AISystem for world TestLevel
[2015.01.26-04.50.29:947][793]LogWorld: Bringing World /Game/Maps/UEDPIE_0_TestLevel.TestLevel up for play (max tick rate 60) at 2015.01.25-23.50.29
[2015.01.26-04.50.29:948][793]LogWorld: Bringing up level for play took: 0.003661
[2015.01.26-04.50.29:961][793]PIE: Info Play in editor start time for /Game/Maps/UEDPIE_0_TestLevel 2.637
[2015.01.26-04.50.37:969][257]LogActorComponent: UnregisterComponent: (/Engine/Transient.CharacterMovementComponent_23) Not registered. Aborting.
[2015.01.26-04.50.38:020][257]LogParticles: Destroying 0 GPU particle simulations for FXSystem 0x0000007D3CF06D40
[2015.01.26-04.50.42:822][384]BlueprintLog: New page: Compile MyCharacter
[2015.01.26-04.50.43:228][384]LogPropertyNode:Warning: UI Min (0.001) >= UI Max () for Ranged Numeric
[2015.01.26-04.50.43:229][384]LogPropertyNode:Warning: UI Min (0.001) >= UI Max () for Ranged Numeric
[2015.01.26-04.50.43:332][384]LogActorComponent: UnregisterComponent: (/Engine/Transient.CharacterMovementComponent_24) Not registered. Aborting.
[2015.01.26-04.50.43:484][384]LogPropertyNode:Warning: UI Min (0.001) >= UI Max () for Ranged Numeric
[2015.01.26-04.50.43:485][384]LogPropertyNode:Warning: UI Min (0.001) >= UI Max () for Ranged Numeric
[2015.01.26-04.50.43:545][384]BlueprintEditorCompileResults: Info [0267.59] Compile of MyCharacter successful! [in 498 ms]
[2015.01.26-04.50.45:346][456]BlueprintLog: New page: Pre-PIE auto-recompile
[2015.01.26-04.50.45:358][456]LogPlayLevel: [PIE] Compiling Enemy before PIE...
[2015.01.26-04.50.45:657][456]LogPropertyNode:Warning: UI Min (0.001) >= UI Max () for Ranged Numeric
[2015.01.26-04.50.45:658][456]LogPropertyNode:Warning: UI Min (0.001) >= UI Max () for Ranged Numeric
[2015.01.26-04.50.45:689][456]LogActorComponent: UnregisterComponent: (/Engine/Transient.CharacterMovementComponent_25) Not registered. Aborting.
[2015.01.26-04.50.45:706][456]LogPlayLevel: [PIE] Compiling TestLevel before PIE...
[2015.01.26-04.50.45:769][456]LogPlayLevel: [PIE] Compiling RollingMovingHUD before PIE...
[2015.01.26-04.50.45:956][456]LogPropertyNode:Warning: UI Min (0.001) >= UI Max () for Ranged Numeric
[2015.01.26-04.50.45:958][456]LogPropertyNode:Warning: UI Min (0.001) >= UI Max () for Ranged Numeric
[2015.01.26-04.50.46:015][456]LogPlayLevel: [PIE] Compiling BattleHUD before PIE...
[2015.01.26-04.50.46:363][456]LogPropertyNode:Warning: UI Min (0.001) >= UI Max () for Ranged Numeric
[2015.01.26-04.50.46:364][456]LogPropertyNode:Warning: UI Min (0.001) >= UI Max () for Ranged Numeric
[2015.01.26-04.50.46:456][456]LogPropertyNode:Warning: UI Min (0.001) >= UI Max () for Ranged Numeric
[2015.01.26-04.50.46:459][456]LogPropertyNode:Warning: UI Min (0.001) >= UI Max () for Ranged Numeric
[2015.01.26-04.50.46:488][456]LogPlayLevel: [PIE] Compiling MyCharacter before PIE...
[2015.01.26-04.50.46:902][456]LogPropertyNode:Warning: UI Min (0.001) >= UI Max () for Ranged Numeric
[2015.01.26-04.50.46:903][456]LogPropertyNode:Warning: UI Min (0.001) >= UI Max () for Ranged Numeric
[2015.01.26-04.50.47:058][456]LogPropertyNode:Warning: UI Min (0.001) >= UI Max () for Ranged Numeric
[2015.01.26-04.50.47:059][456]LogPropertyNode:Warning: UI Min (0.001) >= UI Max () for Ranged Numeric
[2015.01.26-04.50.47:184][456]LogPlayLevel: PIE:  Blueprint regeneration took 1838 ms (5 blueprints)
[2015.01.26-04.50.47:185][456]PIE: New page: PIE session: TestLevel (Jan 25, 2015, 6:50:47 PM)
[2015.01.26-04.50.47:190][456]LogPlayLevel: PIE: StaticDuplicateObject took: (0.005478s)
[2015.01.26-04.50.47:191][456]LogPlayLevel: PIE: World Init took: (0.000764s)
[2015.01.26-04.50.47:191][456]LogPlayLevel: PIE: Created PIE world by copying editor world from /Game/Maps/TestLevel.TestLevel to /Game/Maps/UEDPIE_0_TestLevel.TestLevel (0.006488s)
[2015.01.26-04.50.47:233][456]LogWorld: Game class is 'Kodaina_C'
[2015.01.26-04.50.47:235][456]LogAIModule: Creating AISystem for world TestLevel
[2015.01.26-04.50.47:238][456]LogWorld: Bringing World /Game/Maps/UEDPIE_0_TestLevel.TestLevel up for play (max tick rate 60) at 2015.01.25-23.50.47
[2015.01.26-04.50.47:239][456]LogWorld: Bringing up level for play took: 0.004169
[2015.01.26-04.50.47:250][456]PIE: Info Play in editor start time for /Game/Maps/UEDPIE_0_TestLevel 1.926
[2015.01.26-04.50.49:903][602]LogActorComponent: UnregisterComponent: (/Engine/Transient.CharacterMovementComponent_26) Not registered. Aborting.
[2015.01.26-04.50.49:949][602]LogParticles: Destroying 0 GPU particle simulations for FXSystem 0x0000007D3DA9AA20
[2015.01.26-04.50.58:031][816]BlueprintLog: New page: Compile MyCharacter
[2015.01.26-04.50.58:444][816]LogPropertyNode:Warning: UI Min (0.001) >= UI Max () for Ranged Numeric
[2015.01.26-04.50.58:445][816]LogPropertyNode:Warning: UI Min (0.001) >= UI Max () for Ranged Numeric
[2015.01.26-04.50.58:544][816]LogActorComponent: UnregisterComponent: (/Engine/Transient.CharacterMovementComponent_27) Not registered. Aborting.
[2015.01.26-04.50.58:695][816]LogPropertyNode:Warning: UI Min (0.001) >= UI Max () for Ranged Numeric
[2015.01.26-04.50.58:696][816]LogPropertyNode:Warning: UI Min (0.001) >= UI Max () for Ranged Numeric
[2015.01.26-04.50.58:753][816]BlueprintEditorCompileResults: Info [0282.80] Compile of MyCharacter successful! [in 493 ms]
[2015.01.26-04.51.01:300][899]BlueprintLog: New page: Pre-PIE auto-recompile
[2015.01.26-04.51.01:312][899]LogPlayLevel: [PIE] Compiling Enemy before PIE...
[2015.01.26-04.51.01:612][899]LogPropertyNode:Warning: UI Min (0.001) >= UI Max () for Ranged Numeric
[2015.01.26-04.51.01:614][899]LogPropertyNode:Warning: UI Min (0.001) >= UI Max () for Ranged Numeric
[2015.01.26-04.51.01:644][899]LogActorComponent: UnregisterComponent: (/Engine/Transient.CharacterMovementComponent_28) Not registered. Aborting.
[2015.01.26-04.51.01:661][899]LogPlayLevel: [PIE] Compiling TestLevel before PIE...
[2015.01.26-04.51.01:724][899]LogPlayLevel: [PIE] Compiling RollingMovingHUD before PIE...
[2015.01.26-04.51.01:892][899]LogPropertyNode:Warning: UI Min (0.001) >= UI Max () for Ranged Numeric
[2015.01.26-04.51.01:893][899]LogPropertyNode:Warning: UI Min (0.001) >= UI Max () for Ranged Numeric
[2015.01.26-04.51.01:944][899]LogPlayLevel: [PIE] Compiling BattleHUD before PIE...
[2015.01.26-04.51.02:285][899]LogPropertyNode:Warning: UI Min (0.001) >= UI Max () for Ranged Numeric
[2015.01.26-04.51.02:286][899]LogPropertyNode:Warning: UI Min (0.001) >= UI Max () for Ranged Numeric
[2015.01.26-04.51.02:374][899]LogPropertyNode:Warning: UI Min (0.001) >= UI Max () for Ranged Numeric
[2015.01.26-04.51.02:375][899]LogPropertyNode:Warning: UI Min (0.001) >= UI Max () for Ranged Numeric
[2015.01.26-04.51.02:403][899]LogPlayLevel: [PIE] Compiling MyCharacter before PIE...
[2015.01.26-04.51.02:829][899]LogPropertyNode:Warning: UI Min (0.001) >= UI Max () for Ranged Numeric
[2015.01.26-04.51.02:830][899]LogPropertyNode:Warning: UI Min (0.001) >= UI Max () for Ranged Numeric
[2015.01.26-04.51.02:979][899]LogPropertyNode:Warning: UI Min (0.001) >= UI Max () for Ranged Numeric
[2015.01.26-04.51.02:980][899]LogPropertyNode:Warning: UI Min (0.001) >= UI Max () for Ranged Numeric
[2015.01.26-04.51.03:101][899]LogPlayLevel: PIE:  Blueprint regeneration took 1801 ms (5 blueprints)
[2015.01.26-04.51.03:101][899]PIE: New page: PIE session: TestLevel (Jan 25, 2015, 6:51:03 PM)
[2015.01.26-04.51.03:108][899]LogPlayLevel: PIE: StaticDuplicateObject took: (0.005789s)
[2015.01.26-04.51.03:108][899]LogPlayLevel: PIE: World Init took: (0.000806s)
[2015.01.26-04.51.03:109][899]LogPlayLevel: PIE: Created PIE world by copying editor world from /Game/Maps/TestLevel.TestLevel to /Game/Maps/UEDPIE_0_TestLevel.TestLevel (0.006866s)
[2015.01.26-04.51.03:149][899]LogWorld: Game class is 'Kodaina_C'
[2015.01.26-04.51.03:152][899]LogAIModule: Creating AISystem for world TestLevel
[2015.01.26-04.51.03:156][899]LogWorld: Bringing World /Game/Maps/UEDPIE_0_TestLevel.TestLevel up for play (max tick rate 60) at 2015.01.25-23.51.03
[2015.01.26-04.51.03:158][899]LogWorld: Bringing up level for play took: 0.005505
[2015.01.26-04.51.03:168][899]PIE: Info Play in editor start time for /Game/Maps/UEDPIE_0_TestLevel 1.844
[2015.01.26-04.51.14:671][571]LogActorComponent: UnregisterComponent: (/Engine/Transient.CharacterMovementComponent_29) Not registered. Aborting.
[2015.01.26-04.51.14:729][571]LogParticles: Destroying 0 GPU particle simulations for FXSystem 0x0000007D3306F740
[2015.01.26-04.51.19:543][696]BlueprintLog: New page: Compile MyCharacter
[2015.01.26-04.51.19:944][696]LogPropertyNode:Warning: UI Min (0.001) >= UI Max () for Ranged Numeric
[2015.01.26-04.51.19:945][696]LogPropertyNode:Warning: UI Min (0.001) >= UI Max () for Ranged Numeric
[2015.01.26-04.51.20:046][696]LogActorComponent: UnregisterComponent: (/Engine/Transient.CharacterMovementComponent_30) Not registered. Aborting.
[2015.01.26-04.51.20:194][696]LogPropertyNode:Warning: UI Min (0.001) >= UI Max () for Ranged Numeric
[2015.01.26-04.51.20:195][696]LogPropertyNode:Warning: UI Min (0.001) >= UI Max () for Ranged Numeric
[2015.01.26-04.51.20:252][696]BlueprintEditorCompileResults: Info [0304.30] Compile of MyCharacter successful! [in 485 ms]
[2015.01.26-04.51.22:296][774]BlueprintLog: New page: Pre-PIE auto-recompile
[2015.01.26-04.51.22:304][774]LogPlayLevel: [PIE] Compiling Enemy before PIE...
[2015.01.26-04.51.22:614][774]LogPropertyNode:Warning: UI Min (0.001) >= UI Max () for Ranged Numeric
[2015.01.26-04.51.22:615][774]LogPropertyNode:Warning: UI Min (0.001) >= UI Max () for Ranged Numeric
[2015.01.26-04.51.22:648][774]LogActorComponent: UnregisterComponent: (/Engine/Transient.CharacterMovementComponent_31) Not registered. Aborting.
[2015.01.26-04.51.22:668][774]LogPlayLevel: [PIE] Compiling TestLevel before PIE...
[2015.01.26-04.51.22:734][774]LogPlayLevel: [PIE] Compiling RollingMovingHUD before PIE...
[2015.01.26-04.51.22:914][774]LogPropertyNode:Warning: UI Min (0.001) >= UI Max () for Ranged Numeric
[2015.01.26-04.51.22:915][774]LogPropertyNode:Warning: UI Min (0.001) >= UI Max () for Ranged Numeric
[2015.01.26-04.51.22:968][774]LogPlayLevel: [PIE] Compiling BattleHUD before PIE...
[2015.01.26-04.51.23:325][774]LogPropertyNode:Warning: UI Min (0.001) >= UI Max () for Ranged Numeric
[2015.01.26-04.51.23:327][774]LogPropertyNode:Warning: UI Min (0.001) >= UI Max () for Ranged Numeric
[2015.01.26-04.51.23:412][774]LogPropertyNode:Warning: UI Min (0.001) >= UI Max () for Ranged Numeric
[2015.01.26-04.51.23:414][774]LogPropertyNode:Warning: UI Min (0.001) >= UI Max () for Ranged Numeric
[2015.01.26-04.51.23:445][774]LogPlayLevel: [PIE] Compiling MyCharacter before PIE...
[2015.01.26-04.51.23:839][774]LogPropertyNode:Warning: UI Min (0.001) >= UI Max () for Ranged Numeric
[2015.01.26-04.51.23:840][774]LogPropertyNode:Warning: UI Min (0.001) >= UI Max () for Ranged Numeric
[2015.01.26-04.51.23:993][774]LogPropertyNode:Warning: UI Min (0.001) >= UI Max () for Ranged Numeric
[2015.01.26-04.51.23:994][774]LogPropertyNode:Warning: UI Min (0.001) >= UI Max () for Ranged Numeric
[2015.01.26-04.51.24:117][774]LogPlayLevel: PIE:  Blueprint regeneration took 1820 ms (5 blueprints)
[2015.01.26-04.51.24:117][774]PIE: New page: PIE session: TestLevel (Jan 25, 2015, 6:51:24 PM)
[2015.01.26-04.51.24:122][774]LogPlayLevel: PIE: StaticDuplicateObject took: (0.004509s)
[2015.01.26-04.51.24:123][774]LogPlayLevel: PIE: World Init took: (0.000752s)
[2015.01.26-04.51.24:124][774]LogPlayLevel: PIE: Created PIE world by copying editor world from /Game/Maps/TestLevel.TestLevel to /Game/Maps/UEDPIE_0_TestLevel.TestLevel (0.006861s)
[2015.01.26-04.51.24:162][774]LogWorld: Game class is 'Kodaina_C'
[2015.01.26-04.51.24:164][774]LogAIModule: Creating AISystem for world TestLevel
[2015.01.26-04.51.24:167][774]LogWorld: Bringing World /Game/Maps/UEDPIE_0_TestLevel.TestLevel up for play (max tick rate 60) at 2015.01.25-23.51.24
[2015.01.26-04.51.24:168][774]LogWorld: Bringing up level for play took: 0.003383
[2015.01.26-04.51.24:181][774]PIE: Info Play in editor start time for /Game/Maps/UEDPIE_0_TestLevel 2.857
[2015.01.26-04.51.38:139][589]LogActorComponent: UnregisterComponent: (/Engine/Transient.CharacterMovementComponent_32) Not registered. Aborting.
[2015.01.26-04.51.38:189][589]LogParticles: Destroying 0 GPU particle simulations for FXSystem 0x0000007D43F89080
[2015.01.26-04.51.39:184][643]BlueprintLog: New page: Pre-PIE auto-recompile
[2015.01.26-04.51.39:196][643]LogPlayLevel: [PIE] Compiling Enemy before PIE...
[2015.01.26-04.51.39:461][643]LogPropertyNode:Warning: UI Min (0.001) >= UI Max () for Ranged Numeric
[2015.01.26-04.51.39:462][643]LogPropertyNode:Warning: UI Min (0.001) >= UI Max () for Ranged Numeric
[2015.01.26-04.51.39:513][643]LogPlayLevel: [PIE] Compiling TestLevel before PIE...
[2015.01.26-04.51.39:579][643]LogPlayLevel: [PIE] Compiling RollingMovingHUD before PIE...
[2015.01.26-04.51.39:750][643]LogPropertyNode:Warning: UI Min (0.001) >= UI Max () for Ranged Numeric
[2015.01.26-04.51.39:752][643]LogPropertyNode:Warning: UI Min (0.001) >= UI Max () for Ranged Numeric
[2015.01.26-04.51.39:811][643]LogPlayLevel: [PIE] Compiling BattleHUD before PIE...
[2015.01.26-04.51.40:204][643]LogPropertyNode:Warning: UI Min (0.001) >= UI Max () for Ranged Numeric
[2015.01.26-04.51.40:206][643]LogPropertyNode:Warning: UI Min (0.001) >= UI Max () for Ranged Numeric
[2015.01.26-04.51.40:305][643]LogPropertyNode:Warning: UI Min (0.001) >= UI Max () for Ranged Numeric
[2015.01.26-04.51.40:306][643]LogPropertyNode:Warning: UI Min (0.001) >= UI Max () for Ranged Numeric
[2015.01.26-04.51.40:340][643]LogPlayLevel: [PIE] Compiling MyCharacter before PIE...
[2015.01.26-04.51.40:754][643]LogPropertyNode:Warning: UI Min (0.001) >= UI Max () for Ranged Numeric
[2015.01.26-04.51.40:756][643]LogPropertyNode:Warning: UI Min (0.001) >= UI Max () for Ranged Numeric
[2015.01.26-04.51.40:911][643]LogPropertyNode:Warning: UI Min (0.001) >= UI Max () for Ranged Numeric
[2015.01.26-04.51.40:912][643]LogPropertyNode:Warning: UI Min (0.001) >= UI Max () for Ranged Numeric
[2015.01.26-04.51.41:036][643]LogPlayLevel: PIE:  Blueprint regeneration took 1850 ms (5 blueprints)
[2015.01.26-04.51.41:036][643]PIE: New page: PIE session: TestLevel (Jan 25, 2015, 6:51:41 PM)
[2015.01.26-04.51.41:043][643]LogPlayLevel: PIE: StaticDuplicateObject took: (0.006243s)
[2015.01.26-04.51.41:043][643]LogPlayLevel: PIE: World Init took: (0.000739s)
[2015.01.26-04.51.41:043][643]LogPlayLevel: PIE: Created PIE world by copying editor world from /Game/Maps/TestLevel.TestLevel to /Game/Maps/UEDPIE_0_TestLevel.TestLevel (0.007220s)
[2015.01.26-04.51.41:083][643]LogWorld: Game class is 'Kodaina_C'
[2015.01.26-04.51.41:086][643]LogAIModule: Creating AISystem for world TestLevel
[2015.01.26-04.51.41:089][643]LogWorld: Bringing World /Game/Maps/UEDPIE_0_TestLevel.TestLevel up for play (max tick rate 60) at 2015.01.25-23.51.41
[2015.01.26-04.51.41:090][643]LogWorld: Bringing up level for play took: 0.004224
[2015.01.26-04.51.41:102][643]PIE: Info Play in editor start time for /Game/Maps/UEDPIE_0_TestLevel 1.777
[2015.01.26-04.52.02:682][916]LogActorComponent: UnregisterComponent: (/Engine/Transient.CharacterMovementComponent_33) Not registered. Aborting.
[2015.01.26-04.52.02:732][916]LogParticles: Destroying 0 GPU particle simulations for FXSystem 0x0000007D44EF5DA0
[2015.01.26-04.52.11:997][171]BlueprintLog: New page: Compile MyCharacter
[2015.01.26-04.52.12:423][171]LogPropertyNode:Warning: UI Min (0.001) >= UI Max () for Ranged Numeric
[2015.01.26-04.52.12:424][171]LogPropertyNode:Warning: UI Min (0.001) >= UI Max () for Ranged Numeric
[2015.01.26-04.52.12:532][171]LogActorComponent: UnregisterComponent: (/Engine/Transient.CharacterMovementComponent_34) Not registered. Aborting.
[2015.01.26-04.52.12:693][171]LogPropertyNode:Warning: UI Min (0.001) >= UI Max () for Ranged Numeric
[2015.01.26-04.52.12:694][171]LogPropertyNode:Warning: UI Min (0.001) >= UI Max () for Ranged Numeric
[2015.01.26-04.52.12:749][171]BlueprintEditorCompileResults: Info [0356.80] Compile of MyCharacter successful! [in 522 ms]
[2015.01.26-04.52.16:441][249]BlueprintLog: New page: Compile MyCharacter
[2015.01.26-04.52.16:835][249]LogPropertyNode:Warning: UI Min (0.001) >= UI Max () for Ranged Numeric
[2015.01.26-04.52.16:836][249]LogPropertyNode:Warning: UI Min (0.001) >= UI Max () for Ranged Numeric
[2015.01.26-04.52.16:934][249]LogActorComponent: UnregisterComponent: (/Engine/Transient.CharacterMovementComponent_35) Not registered. Aborting.
[2015.01.26-04.52.17:087][249]LogPropertyNode:Warning: UI Min (0.001) >= UI Max () for Ranged Numeric
[2015.01.26-04.52.17:089][249]LogPropertyNode:Warning: UI Min (0.001) >= UI Max () for Ranged Numeric
[2015.01.26-04.52.17:145][249]BlueprintEditorCompileResults: Info [0361.19] Compile of MyCharacter successful! [in 483 ms]
[2015.01.26-04.52.19:778][333]BlueprintLog: New page: Pre-PIE auto-recompile
[2015.01.26-04.52.19:787][333]LogPlayLevel: [PIE] Compiling Enemy before PIE...
[2015.01.26-04.52.20:119][333]LogPropertyNode:Warning: UI Min (0.001) >= UI Max () for Ranged Numeric
[2015.01.26-04.52.20:121][333]LogPropertyNode:Warning: UI Min (0.001) >= UI Max () for Ranged Numeric
[2015.01.26-04.52.20:155][333]LogActorComponent: UnregisterComponent: (/Engine/Transient.CharacterMovementComponent_36) Not registered. Aborting.
[2015.01.26-04.52.20:172][333]LogPlayLevel: [PIE] Compiling TestLevel before PIE...
[2015.01.26-04.52.20:236][333]LogPlayLevel: [PIE] Compiling RollingMovingHUD before PIE...
[2015.01.26-04.52.20:402][333]LogPropertyNode:Warning: UI Min (0.001) >= UI Max () for Ranged Numeric
[2015.01.26-04.52.20:403][333]LogPropertyNode:Warning: UI Min (0.001) >= UI Max () for Ranged Numeric
[2015.01.26-04.52.20:456][333]LogPlayLevel: [PIE] Compiling BattleHUD before PIE...
[2015.01.26-04.52.20:804][333]LogPropertyNode:Warning: UI Min (0.001) >= UI Max () for Ranged Numeric
[2015.01.26-04.52.20:806][333]LogPropertyNode:Warning: UI Min (0.001) >= UI Max () for Ranged Numeric
[2015.01.26-04.52.20:891][333]LogPropertyNode:Warning: UI Min (0.001) >= UI Max () for Ranged Numeric
[2015.01.26-04.52.20:892][333]LogPropertyNode:Warning: UI Min (0.001) >= UI Max () for Ranged Numeric
[2015.01.26-04.52.20:922][333]LogPlayLevel: [PIE] Compiling MyCharacter before PIE...
[2015.01.26-04.52.21:317][333]LogPropertyNode:Warning: UI Min (0.001) >= UI Max () for Ranged Numeric
[2015.01.26-04.52.21:318][333]LogPropertyNode:Warning: UI Min (0.001) >= UI Max () for Ranged Numeric
[2015.01.26-04.52.21:468][333]LogPropertyNode:Warning: UI Min (0.001) >= UI Max () for Ranged Numeric
[2015.01.26-04.52.21:469][333]LogPropertyNode:Warning: UI Min (0.001) >= UI Max () for Ranged Numeric
[2015.01.26-04.52.21:598][333]LogPlayLevel: PIE:  Blueprint regeneration took 1820 ms (5 blueprints)
[2015.01.26-04.52.21:599][333]PIE: New page: PIE session: TestLevel (Jan 25, 2015, 6:52:21 PM)
[2015.01.26-04.52.21:603][333]LogPlayLevel: PIE: StaticDuplicateObject took: (0.004095s)
[2015.01.26-04.52.21:604][333]LogPlayLevel: PIE: World Init took: (0.000691s)
[2015.01.26-04.52.21:604][333]LogPlayLevel: PIE: Created PIE world by copying editor world from /Game/Maps/TestLevel.TestLevel to /Game/Maps/UEDPIE_0_TestLevel.TestLevel (0.005092s)
[2015.01.26-04.52.21:644][333]LogWorld: Game class is 'Kodaina_C'
[2015.01.26-04.52.21:646][333]LogAIModule: Creating AISystem for world TestLevel
[2015.01.26-04.52.21:650][333]LogWorld: Bringing World /Game/Maps/UEDPIE_0_TestLevel.TestLevel up for play (max tick rate 60) at 2015.01.25-23.52.21
[2015.01.26-04.52.21:651][333]LogWorld: Bringing up level for play took: 0.004113
[2015.01.26-04.52.21:661][333]PIE: Info Play in editor start time for /Game/Maps/UEDPIE_0_TestLevel 2.337
[2015.01.26-04.52.25:204][529]LogActorComponent: UnregisterComponent: (/Engine/Transient.CharacterMovementComponent_37) Not registered. Aborting.
[2015.01.26-04.52.25:254][529]LogParticles: Destroying 0 GPU particle simulations for FXSystem 0x0000007D3CB0CAE0
[2015.01.26-04.52.40:367][912]BlueprintLog: New page: Compile MyCharacter
[2015.01.26-04.52.40:786][912]LogPropertyNode:Warning: UI Min (0.001) >= UI Max () for Ranged Numeric
[2015.01.26-04.52.40:788][912]LogPropertyNode:Warning: UI Min (0.001) >= UI Max () for Ranged Numeric
[2015.01.26-04.52.40:888][912]LogActorComponent: UnregisterComponent: (/Engine/Transient.CharacterMovementComponent_38) Not registered. Aborting.
[2015.01.26-04.52.41:046][912]LogPropertyNode:Warning: UI Min (0.001) >= UI Max () for Ranged Numeric
[2015.01.26-04.52.41:047][912]LogPropertyNode:Warning: UI Min (0.001) >= UI Max () for Ranged Numeric
[2015.01.26-04.52.41:107][912]BlueprintEditorCompileResults: Info [0385.16] Compile of MyCharacter successful! [in 511 ms]
[2015.01.26-04.52.42:531][964]BlueprintLog: New page: Pre-PIE auto-recompile
[2015.01.26-04.52.42:542][964]LogPlayLevel: [PIE] Compiling Enemy before PIE...
[2015.01.26-04.52.42:853][964]LogPropertyNode:Warning: UI Min (0.001) >= UI Max () for Ranged Numeric
[2015.01.26-04.52.42:855][964]LogPropertyNode:Warning: UI Min (0.001) >= UI Max () for Ranged Numeric
[2015.01.26-04.52.42:884][964]LogActorComponent: UnregisterComponent: (/Engine/Transient.CharacterMovementComponent_39) Not registered. Aborting.
[2015.01.26-04.52.42:900][964]LogPlayLevel: [PIE] Compiling TestLevel before PIE...
[2015.01.26-04.52.42:964][964]LogPlayLevel: [PIE] Compiling RollingMovingHUD before PIE...
[2015.01.26-04.52.43:143][964]LogPropertyNode:Warning: UI Min (0.001) >= UI Max () for Ranged Numeric
[2015.01.26-04.52.43:145][964]LogPropertyNode:Warning: UI Min (0.001) >= UI Max () for Ranged Numeric
[2015.01.26-04.52.43:206][964]LogPlayLevel: [PIE] Compiling BattleHUD before PIE...
[2015.01.26-04.52.43:587][964]LogPropertyNode:Warning: UI Min (0.001) >= UI Max () for Ranged Numeric
[2015.01.26-04.52.43:589][964]LogPropertyNode:Warning: UI Min (0.001) >= UI Max () for Ranged Numeric
[2015.01.26-04.52.43:676][964]LogPropertyNode:Warning: UI Min (0.001) >= UI Max () for Ranged Numeric
[2015.01.26-04.52.43:677][964]LogPropertyNode:Warning: UI Min (0.001) >= UI Max () for Ranged Numeric
[2015.01.26-04.52.43:712][964]LogPlayLevel: [PIE] Compiling MyCharacter before PIE...
[2015.01.26-04.52.44:195][964]LogPropertyNode:Warning: UI Min (0.001) >= UI Max () for Ranged Numeric
[2015.01.26-04.52.44:196][964]LogPropertyNode:Warning: UI Min (0.001) >= UI Max () for Ranged Numeric
[2015.01.26-04.52.44:381][964]LogPropertyNode:Warning: UI Min (0.001) >= UI Max () for Ranged Numeric
[2015.01.26-04.52.44:382][964]LogPropertyNode:Warning: UI Min (0.001) >= UI Max () for Ranged Numeric
[2015.01.26-04.52.44:519][964]LogPlayLevel: PIE:  Blueprint regeneration took 1988 ms (5 blueprints)
[2015.01.26-04.52.44:519][964]PIE: New page: PIE session: TestLevel (Jan 25, 2015, 6:52:44 PM)
[2015.01.26-04.52.44:524][964]LogPlayLevel: PIE: StaticDuplicateObject took: (0.004852s)
[2015.01.26-04.52.44:526][964]LogPlayLevel: PIE: World Init took: (0.001579s)
[2015.01.26-04.52.44:526][964]LogPlayLevel: PIE: Created PIE world by copying editor world from /Game/Maps/TestLevel.TestLevel to /Game/Maps/UEDPIE_0_TestLevel.TestLevel (0.006661s)
[2015.01.26-04.52.44:580][964]LogWorld: Game class is 'Kodaina_C'
[2015.01.26-04.52.44:582][964]LogAIModule: Creating AISystem for world TestLevel
[2015.01.26-04.52.44:585][964]LogWorld: Bringing World /Game/Maps/UEDPIE_0_TestLevel.TestLevel up for play (max tick rate 60) at 2015.01.25-23.52.44
[2015.01.26-04.52.44:587][964]LogWorld: Bringing up level for play took: 0.004398
[2015.01.26-04.52.44:599][964]PIE: Info Play in editor start time for /Game/Maps/UEDPIE_0_TestLevel 1.276
[2015.01.26-04.52.46:350][ 50]LogActorComponent: UnregisterComponent: (/Engine/Transient.CharacterMovementComponent_40) Not registered. Aborting.
[2015.01.26-04.52.46:408][ 50]LogParticles: Destroying 0 GPU particle simulations for FXSystem 0x0000007D474BB1A0
[2015.01.26-04.52.54:224][250]BlueprintLog: New page: Compile MyCharacter
[2015.01.26-04.52.54:668][250]LogPropertyNode:Warning: UI Min (0.001) >= UI Max () for Ranged Numeric
[2015.01.26-04.52.54:669][250]LogPropertyNode:Warning: UI Min (0.001) >= UI Max () for Ranged Numeric
[2015.01.26-04.52.54:769][250]LogActorComponent: UnregisterComponent: (/Engine/Transient.CharacterMovementComponent_41) Not registered. Aborting.
[2015.01.26-04.52.54:925][250]LogPropertyNode:Warning: UI Min (0.001) >= UI Max () for Ranged Numeric
[2015.01.26-04.52.54:927][250]LogPropertyNode:Warning: UI Min (0.001) >= UI Max () for Ranged Numeric
[2015.01.26-04.52.54:988][250]BlueprintEditorCompileResults: Info [0399.04] Compile of MyCharacter successful! [in 510 ms]
[2015.01.26-04.52.56:390][303]BlueprintLog: New page: Pre-PIE auto-recompile
[2015.01.26-04.52.56:401][303]LogPlayLevel: [PIE] Compiling Enemy before PIE...
[2015.01.26-04.52.56:699][303]LogPropertyNode:Warning: UI Min (0.001) >= UI Max () for Ranged Numeric
[2015.01.26-04.52.56:701][303]LogPropertyNode:Warning: UI Min (0.001) >= UI Max () for Ranged Numeric
[2015.01.26-04.52.56:729][303]LogActorComponent: UnregisterComponent: (/Engine/Transient.CharacterMovementComponent_42) Not registered. Aborting.
[2015.01.26-04.52.56:747][303]LogPlayLevel: [PIE] Compiling TestLevel before PIE...
[2015.01.26-04.52.56:812][303]LogPlayLevel: [PIE] Compiling RollingMovingHUD before PIE...
[2015.01.26-04.52.56:980][303]LogPropertyNode:Warning: UI Min (0.001) >= UI Max () for Ranged Numeric
[2015.01.26-04.52.56:981][303]LogPropertyNode:Warning: UI Min (0.001) >= UI Max () for Ranged Numeric
[2015.01.26-04.52.57:033][303]LogPlayLevel: [PIE] Compiling BattleHUD before PIE...
[2015.01.26-04.52.57:369][303]LogPropertyNode:Warning: UI Min (0.001) >= UI Max () for Ranged Numeric
[2015.01.26-04.52.57:370][303]LogPropertyNode:Warning: UI Min (0.001) >= UI Max () for Ranged Numeric
[2015.01.26-04.52.57:457][303]LogPropertyNode:Warning: UI Min (0.001) >= UI Max () for Ranged Numeric
[2015.01.26-04.52.57:458][303]LogPropertyNode:Warning: UI Min (0.001) >= UI Max () for Ranged Numeric
[2015.01.26-04.52.57:492][303]LogPlayLevel: [PIE] Compiling MyCharacter before PIE...
[2015.01.26-04.52.57:881][303]LogPropertyNode:Warning: UI Min (0.001) >= UI Max () for Ranged Numeric
[2015.01.26-04.52.57:883][303]LogPropertyNode:Warning: UI Min (0.001) >= UI Max () for Ranged Numeric
[2015.01.26-04.52.58:038][303]LogPropertyNode:Warning: UI Min (0.001) >= UI Max () for Ranged Numeric
[2015.01.26-04.52.58:039][303]LogPropertyNode:Warning: UI Min (0.001) >= UI Max () for Ranged Numeric
[2015.01.26-04.52.58:168][303]LogPlayLevel: PIE:  Blueprint regeneration took 1778 ms (5 blueprints)
[2015.01.26-04.52.58:168][303]PIE: New page: PIE session: TestLevel (Jan 25, 2015, 6:52:58 PM)
[2015.01.26-04.52.58:173][303]LogPlayLevel: PIE: StaticDuplicateObject took: (0.004576s)
[2015.01.26-04.52.58:174][303]LogPlayLevel: PIE: World Init took: (0.000632s)
[2015.01.26-04.52.58:174][303]LogPlayLevel: PIE: Created PIE world by copying editor world from /Game/Maps/TestLevel.TestLevel to /Game/Maps/UEDPIE_0_TestLevel.TestLevel (0.005413s)
[2015.01.26-04.52.58:220][303]LogWorld: Game class is 'Kodaina_C'
[2015.01.26-04.52.58:223][303]LogAIModule: Creating AISystem for world TestLevel
[2015.01.26-04.52.58:226][303]LogWorld: Bringing World /Game/Maps/UEDPIE_0_TestLevel.TestLevel up for play (max tick rate 60) at 2015.01.25-23.52.58
[2015.01.26-04.52.58:227][303]LogWorld: Bringing up level for play took: 0.003924
[2015.01.26-04.52.58:241][303]PIE: Info Play in editor start time for /Game/Maps/UEDPIE_0_TestLevel 0.917
[2015.01.26-04.53.26:745][988]LogActorComponent: UnregisterComponent: (/Engine/Transient.CharacterMovementComponent_43) Not registered. Aborting.
[2015.01.26-04.53.26:805][988]LogParticles: Destroying 0 GPU particle simulations for FXSystem 0x0000007D4A094860
[2015.01.26-04.53.31:936][127]BlueprintLog: New page: Compile MyCharacter
[2015.01.26-04.53.32:337][127]LogPropertyNode:Warning: UI Min (0.001) >= UI Max () for Ranged Numeric
[2015.01.26-04.53.32:339][127]LogPropertyNode:Warning: UI Min (0.001) >= UI Max () for Ranged Numeric
[2015.01.26-04.53.32:437][127]LogActorComponent: UnregisterComponent: (/Engine/Transient.CharacterMovementComponent_44) Not registered. Aborting.
[2015.01.26-04.53.32:588][127]LogPropertyNode:Warning: UI Min (0.001) >= UI Max () for Ranged Numeric
[2015.01.26-04.53.32:589][127]LogPropertyNode:Warning: UI Min (0.001) >= UI Max () for Ranged Numeric
[2015.01.26-04.53.32:643][127]BlueprintEditorCompileResults: Info [0436.69] Compile of MyCharacter successful! [in 483 ms]
[2015.01.26-04.53.34:079][182]BlueprintLog: New page: Pre-PIE auto-recompile
[2015.01.26-04.53.34:089][182]LogPlayLevel: [PIE] Compiling Enemy before PIE...
[2015.01.26-04.53.34:402][182]LogPropertyNode:Warning: UI Min (0.001) >= UI Max () for Ranged Numeric
[2015.01.26-04.53.34:404][182]LogPropertyNode:Warning: UI Min (0.001) >= UI Max () for Ranged Numeric
[2015.01.26-04.53.34:432][182]LogActorComponent: UnregisterComponent: (/Engine/Transient.CharacterMovementComponent_45) Not registered. Aborting.
[2015.01.26-04.53.34:448][182]LogPlayLevel: [PIE] Compiling TestLevel before PIE...
[2015.01.26-04.53.34:516][182]LogPlayLevel: [PIE] Compiling RollingMovingHUD before PIE...
[2015.01.26-04.53.34:694][182]LogPropertyNode:Warning: UI Min (0.001) >= UI Max () for Ranged Numeric
[2015.01.26-04.53.34:695][182]LogPropertyNode:Warning: UI Min (0.001) >= UI Max () for Ranged Numeric
[2015.01.26-04.53.34:749][182]LogPlayLevel: [PIE] Compiling BattleHUD before PIE...
[2015.01.26-04.53.35:133][182]LogPropertyNode:Warning: UI Min (0.001) >= UI Max () for Ranged Numeric
[2015.01.26-04.53.35:136][182]LogPropertyNode:Warning: UI Min (0.001) >= UI Max () for Ranged Numeric
[2015.01.26-04.53.35:224][182]LogPropertyNode:Warning: UI Min (0.001) >= UI Max () for Ranged Numeric
[2015.01.26-04.53.35:226][182]LogPropertyNode:Warning: UI Min (0.001) >= UI Max () for Ranged Numeric
[2015.01.26-04.53.35:259][182]LogPlayLevel: [PIE] Compiling MyCharacter before PIE...
[2015.01.26-04.53.35:662][182]LogPropertyNode:Warning: UI Min (0.001) >= UI Max () for Ranged Numeric
[2015.01.26-04.53.35:663][182]LogPropertyNode:Warning: UI Min (0.001) >= UI Max () for Ranged Numeric
[2015.01.26-04.53.35:825][182]LogPropertyNode:Warning: UI Min (0.001) >= UI Max () for Ranged Numeric
[2015.01.26-04.53.35:826][182]LogPropertyNode:Warning: UI Min (0.001) >= UI Max () for Ranged Numeric
[2015.01.26-04.53.35:946][182]LogPlayLevel: PIE:  Blueprint regeneration took 1867 ms (5 blueprints)
[2015.01.26-04.53.35:946][182]PIE: New page: PIE session: TestLevel (Jan 25, 2015, 6:53:35 PM)
[2015.01.26-04.53.35:950][182]LogPlayLevel: PIE: StaticDuplicateObject took: (0.003775s)
[2015.01.26-04.53.35:951][182]LogPlayLevel: PIE: World Init took: (0.000562s)
[2015.01.26-04.53.35:951][182]LogPlayLevel: PIE: Created PIE world by copying editor world from /Game/Maps/TestLevel.TestLevel to /Game/Maps/UEDPIE_0_TestLevel.TestLevel (0.004546s)
[2015.01.26-04.53.35:992][182]LogWorld: Game class is 'Kodaina_C'
[2015.01.26-04.53.35:995][182]LogAIModule: Creating AISystem for world TestLevel
[2015.01.26-04.53.35:998][182]LogWorld: Bringing World /Game/Maps/UEDPIE_0_TestLevel.TestLevel up for play (max tick rate 60) at 2015.01.25-23.53.35
[2015.01.26-04.53.35:999][182]LogWorld: Bringing up level for play took: 0.003263
[2015.01.26-04.53.36:012][182]PIE: Info Play in editor start time for /Game/Maps/UEDPIE_0_TestLevel 2.687
[2015.01.26-04.53.37:378][247]LogActorComponent: UnregisterComponent: (/Engine/Transient.CharacterMovementComponent_46) Not registered. Aborting.
[2015.01.26-04.53.37:420][247]LogParticles: Destroying 0 GPU particle simulations for FXSystem 0x0000007D4C192FC0
[2015.01.26-04.53.44:104][409]LogActorComponent: UnregisterComponent: (/Engine/Transient.CharacterMovementComponent_47) Not registered. Aborting.
[2015.01.26-04.53.44:131][409]LogParticles: Destroying 0 GPU particle simulations for FXSystem 0x0000007D2E830FE0
[2015.01.26-04.53.45:905][410]Cmd: QUIT_EDITOR
[2015.01.26-04.53.46:441][410]LogExit: Preparing to exit.
[2015.01.26-04.53.46:873][410]LogExit: Editor shut down
[2015.01.26-04.53.46:874][410]LogExit: Transaction tracking system shut down
[2015.01.26-04.53.46:874][410]LogParticles: Destroying 0 GPU particle simulations for FXSystem 0x0000007D1846D440
[2015.01.26-04.53.46:875][410]LogParticles: Destroying 0 GPU particle simulations for FXSystem 0x0000007D1992F380
[2015.01.26-04.53.46:940][410]LogExit: Object subsystem successfully closed.
[2015.01.26-04.53.47:000][410]LogModuleManager: Shutting down and abandoning module AndroidDeviceDetection (172)
[2015.01.26-04.53.47:000][410]LogModuleManager: Shutting down and abandoning module CrashTracker (171)
[2015.01.26-04.53.47:000][410]LogModuleManager: Shutting down and abandoning module SuperSearch (170)
[2015.01.26-04.53.47:000][410]LogModuleManager: Shutting down and abandoning module SceneOutliner (169)
[2015.01.26-04.53.47:000][410]LogModuleManager: Shutting down and abandoning module EditorWidgets (168)
[2015.01.26-04.53.47:000][410]LogModuleManager: Shutting down and abandoning module CollectionManager (167)
[2015.01.26-04.53.47:000][410]LogModuleManager: Shutting down and abandoning module StatsViewer (166)
[2015.01.26-04.53.47:000][410]LogModuleManager: Shutting down and abandoning module FoliageEdit (165)
[2015.01.26-04.53.47:000][410]LogModuleManager: Shutting down and abandoning module LandscapeEditor (164)
[2015.01.26-04.53.47:000][410]LogModuleManager: Shutting down and abandoning module MeshPaint (163)
[2015.01.26-04.53.47:000][410]LogModuleManager: Shutting down and abandoning module ActorPickerMode (162)
[2015.01.26-04.53.47:000][410]LogModuleManager: Shutting down and abandoning module GeometryMode (161)
[2015.01.26-04.53.47:000][410]LogModuleManager: Shutting down and abandoning module TextureAlignMode (160)
[2015.01.26-04.53.47:000][410]LogModuleManager: Shutting down and abandoning module BspMode (159)
[2015.01.26-04.53.47:000][410]LogModuleManager: Shutting down and abandoning module PlacementMode (158)
[2015.01.26-04.53.47:000][410]LogModuleManager: Shutting down and abandoning module AutomationWorker (157)
[2015.01.26-04.53.47:000][410]LogModuleManager: Shutting down and abandoning module CharacterAI (156)
[2015.01.26-04.53.47:000][410]LogModuleManager: Shutting down and abandoning module GameProjectGeneration (155)
[2015.01.26-04.53.47:000][410]LogModuleManager: Shutting down and abandoning module IntroTutorials (154)
[2015.01.26-04.53.47:001][410]LogModuleManager: Shutting down and abandoning module EditorLiveStreaming (153)
[2015.01.26-04.53.47:001][410]LogModuleManager: Shutting down and abandoning module HardwareTargeting (152)
[2015.01.26-04.53.47:001][410]LogModuleManager: Shutting down and abandoning module DeviceProfileEditor (151)
[2015.01.26-04.53.47:001][410]LogModuleManager: Shutting down and abandoning module UndoHistory (150)
[2015.01.26-04.53.47:001][410]LogModuleManager: Shutting down and abandoning module GameplayTagsEditor (149)
[2015.01.26-04.53.47:001][410]LogModuleManager: Shutting down and abandoning module UserFeedback (148)
[2015.01.26-04.53.47:001][410]LogModuleManager: Shutting down and abandoning module XmlParser (147)
[2015.01.26-04.53.47:001][410]LogModuleManager: Shutting down and abandoning module Blutility (146)
[2015.01.26-04.53.47:001][410]LogModuleManager: Shutting down and abandoning module IOSPlatformEditor (145)
[2015.01.26-04.53.47:001][410]LogModuleManager: Shutting down and abandoning module IOSRuntimeSettings (144)
[2015.01.26-04.53.47:001][410]LogModuleManager: Shutting down and abandoning module AndroidPlatformEditor (143)
[2015.01.26-04.53.47:001][410]LogModuleManager: Shutting down and abandoning module AndroidRuntimeSettings (142)
[2015.01.26-04.53.47:001][410]LogModuleManager: Shutting down and abandoning module ProjectTargetPlatformEditor (141)
[2015.01.26-04.53.47:001][410]LogModuleManager: Shutting down and abandoning module ProjectSettingsViewer (140)
[2015.01.26-04.53.47:001][410]LogModuleManager: Shutting down and abandoning module InputBindingEditor (139)
[2015.01.26-04.53.47:001][410]LogModuleManager: Shutting down and abandoning module EditorSettingsViewer (138)
[2015.01.26-04.53.47:001][410]LogModuleManager: Shutting down and abandoning module SettingsEditor (137)
[2015.01.26-04.53.47:001][410]LogModuleManager: Shutting down and abandoning module ProjectLauncher (136)
[2015.01.26-04.53.47:001][410]LogModuleManager: Shutting down and abandoning module SessionFrontend (135)
[2015.01.26-04.53.47:001][410]LogModuleManager: Shutting down and abandoning module ProfilerClient (134)
[2015.01.26-04.53.47:001][410]LogModuleManager: Shutting down and abandoning module TargetDeviceServices (133)
[2015.01.26-04.53.47:001][410]LogModuleManager: Shutting down and abandoning module DeviceManager (132)
[2015.01.26-04.53.47:001][410]LogModuleManager: Shutting down and abandoning module AutomationController (131)
[2015.01.26-04.53.47:001][410]LogModuleManager: Shutting down and abandoning module AutomationWindow (130)
[2015.01.26-04.53.47:001][410]LogModuleManager: Shutting down and abandoning module Layers (129)
[2015.01.26-04.53.47:001][410]LogModuleManager: Shutting down and abandoning module ComponentVisualizers (128)
[2015.01.26-04.53.47:002][410]LogModuleManager: Shutting down and abandoning module DetailCustomizations (127)
[2015.01.26-04.53.47:002][410]LogModuleManager: Shutting down and abandoning module PackagesDialog (126)
[2015.01.26-04.53.47:002][410]LogModuleManager: Shutting down and abandoning module AssetRegistry (125)
[2015.01.26-04.53.47:070][410]LogModuleManager: Shutting down and abandoning module Persona (124)
[2015.01.26-04.53.47:070][410]LogModuleManager: Shutting down and abandoning module Kismet (123)
[2015.01.26-04.53.47:070][410]LogModuleManager: Shutting down and abandoning module GraphEditor (122)
[2015.01.26-04.53.47:070][410]LogModuleManager: Shutting down and abandoning module ClassViewer (121)
[2015.01.26-04.53.47:070][410]LogModuleManager: Shutting down and abandoning module Toolbox (120)
[2015.01.26-04.53.47:070][410]LogModuleManager: Shutting down and abandoning module ModuleUI (119)
[2015.01.26-04.53.47:070][410]LogModuleManager: Shutting down and abandoning module MovieSceneTools (118)
[2015.01.26-04.53.47:070][410]LogModuleManager: Shutting down and abandoning module OutputLog (117)
[2015.01.26-04.53.47:070][410]LogModuleManager: Shutting down and abandoning module GammaUI (116)
[2015.01.26-04.53.47:070][410]LogModuleManager: Shutting down and abandoning module Documentation (115)
[2015.01.26-04.53.47:070][410]LogModuleManager: Shutting down and abandoning module GameLiveStreaming (114)
[2015.01.26-04.53.47:070][410]LogModuleManager: Shutting down and abandoning module StreamingPauseRendering (113)
[2015.01.26-04.53.47:070][410]LogModuleManager: Shutting down and abandoning module HTTP (112)
[2015.01.26-04.53.47:071][410]LogModuleManager: Shutting down and abandoning module AnalyticsET (111)
[2015.01.26-04.53.47:071][410]LogModuleManager: Shutting down and abandoning module Analytics (110)
[2015.01.26-04.53.47:071][410]LogModuleManager: Shutting down and abandoning module AITestSuite (109)
[2015.01.26-04.53.47:071][410]LogModuleManager: Shutting down and abandoning module AIModule (108)
[2015.01.26-04.53.47:071][410]LogModuleManager: Shutting down and abandoning module ProfilerService (107)
[2015.01.26-04.53.47:252][410]LogModuleManager: Shutting down and abandoning module TaskGraph (106)
[2015.01.26-04.53.47:252][410]LogModuleManager: Shutting down and abandoning module GameplayDebugger (105)
[2015.01.26-04.53.47:252][410]LogModuleManager: Shutting down and abandoning module SlateRemote (104)
[2015.01.26-04.53.47:252][410]LogModuleManager: Shutting down and abandoning module ScriptEditorPlugin (103)
[2015.01.26-04.53.47:252][410]LogModuleManager: Shutting down and abandoning module CustomMeshComponent (102)
[2015.01.26-04.53.47:252][410]LogModuleManager: Shutting down and abandoning module CableComponent (101)
[2015.01.26-04.53.47:252][410]LogModuleManager: Shutting down and abandoning module MessagingDebugger (100)
[2015.01.26-04.53.47:252][410]LogModuleManager: Shutting down and abandoning module MediaPlayerEditor (99)
[2015.01.26-04.53.47:252][410]LogModuleManager: Shutting down and abandoning module SpeedTreeImporter (98)
[2015.01.26-04.53.47:252][410]LogModuleManager: Shutting down and abandoning module PluginsEditor (97)
[2015.01.26-04.53.47:252][410]LogModuleManager: Shutting down and abandoning module EpicSurvey (96)
[2015.01.26-04.53.47:252][410]LogModuleManager: Shutting down and abandoning module DesktopPlatform (95)
[2015.01.26-04.53.47:252][410]LogModuleManager: Shutting down and abandoning module VisualStudioSourceCodeAccess (94)
[2015.01.26-04.53.47:252][410]LogModuleManager: Shutting down and abandoning module UObjectPlugin (93)
[2015.01.26-04.53.47:252][410]LogModuleManager: Shutting down and abandoning module SubversionSourceControl (92)
[2015.01.26-04.53.47:252][410]LogModuleManager: Shutting down and abandoning module SourceControl (91)
[2015.01.26-04.53.47:252][410]LogModuleManager: Shutting down and abandoning module PerforceSourceControl (90)
[2015.01.26-04.53.47:252][410]LogModuleManager: Shutting down and abandoning module BlankPlugin (89)
[2015.01.26-04.53.47:252][410]LogModuleManager: Shutting down and abandoning module SlateReflector (88)
[2015.01.26-04.53.47:252][410]LogModuleManager: Shutting down and abandoning module DirectoryWatcher (87)
[2015.01.26-04.53.47:252][410]LogModuleManager: Shutting down and abandoning module HotReload (86)
[2015.01.26-04.53.47:253][410]LogModuleManager: Shutting down and abandoning module MainFrame (85)
[2015.01.26-04.53.47:253][410]LogModuleManager: Shutting down and abandoning module LevelEditor (84)
[2015.01.26-04.53.47:254][410]LogModuleManager: Shutting down and abandoning module ViewportSnapping (83)
[2015.01.26-04.53.47:254][410]LogModuleManager: Shutting down and abandoning module SmartSnapping (82)
[2015.01.26-04.53.47:254][410]LogModuleManager: Shutting down and abandoning module PaperTiledImporter (81)
[2015.01.26-04.53.47:254][410]LogModuleManager: Shutting down and abandoning module PaperJsonImporter (80)
[2015.01.26-04.53.47:254][410]LogModuleManager: Shutting down and abandoning module ContentBrowser (79)
[2015.01.26-04.53.47:254][410]LogModuleManager: Shutting down and abandoning module Paper2DEditor (78)
[2015.01.26-04.53.47:254][410]LogModuleManager: Shutting down and abandoning module ScriptPlugin (77)
[2015.01.26-04.53.47:254][410]LogModuleManager: Shutting down and abandoning module UdpMessaging (76)
[2015.01.26-04.53.47:355][410]LogModuleManager: Shutting down and abandoning module Paper2D (75)
[2015.01.26-04.53.47:355][410]LogModuleManager: Shutting down and abandoning module UE4Game (74)
[2015.01.26-04.53.47:355][410]LogModuleManager: Shutting down and abandoning module WindowsMoviePlayer (73)
[2015.01.26-04.53.47:359][410]LogModuleManager: Shutting down and abandoning module Media (72)
[2015.01.26-04.53.47:359][410]LogModuleManager: Shutting down and abandoning module WmfMedia (71)
[2015.01.26-04.53.47:359][410]LogModuleManager: Shutting down and abandoning module OnlineBlueprintSupport (70)
[2015.01.26-04.53.47:359][410]LogModuleManager: Shutting down and abandoning module PropertyEditor (69)
[2015.01.26-04.53.47:359][410]LogModuleManager: Shutting down and abandoning module BehaviorTreeEditor (68)
[2015.01.26-04.53.47:359][410]LogModuleManager: Shutting down and abandoning module FunctionalTesting (67)
[2015.01.26-04.53.47:359][410]LogModuleManager: Shutting down and abandoning module CollisionAnalyzer (66)
[2015.01.26-04.53.47:359][410]LogModuleManager: Shutting down and abandoning module WorkspaceMenuStructure (65)
[2015.01.26-04.53.47:359][410]LogModuleManager: Shutting down and abandoning module MessageLog (64)
[2015.01.26-04.53.47:359][410]LogModuleManager: Shutting down and abandoning module Sequencer (63)
[2015.01.26-04.53.47:359][410]LogModuleManager: Shutting down and abandoning module AssetTools (62)
[2015.01.26-04.53.47:359][410]LogModuleManager: Shutting down and abandoning module UMGEditor (61)
[2015.01.26-04.53.47:359][410]LogModuleManager: Shutting down and abandoning module UMG (60)
[2015.01.26-04.53.47:359][410]LogModuleManager: Shutting down and abandoning module Slate (59)
[2015.01.26-04.53.47:359][410]LogModuleManager: Shutting down and abandoning module EditorStyle (58)
[2015.01.26-04.53.47:364][410]LogModuleManager: Shutting down and abandoning module SessionServices (57)
[2015.01.26-04.53.47:364][410]LogModuleManager: Shutting down and abandoning module SourceCodeAccess (56)
[2015.01.26-04.53.47:364][410]LogModuleManager: Shutting down and abandoning module HeadMountedDisplay (55)
[2015.01.26-04.53.47:364][410]LogModuleManager: Shutting down and abandoning module XAudio2 (54)
[2015.01.26-04.53.47:364][410]LogModuleManager: Shutting down and abandoning module Networking (52)
[2015.01.26-04.53.47:364][410]LogModuleManager: Shutting down and abandoning module Core (51)
[2015.01.26-04.53.47:364][410]LogModuleManager: Shutting down and abandoning module KismetCompiler (50)
[2015.01.26-04.53.47:364][410]LogModuleManager: Shutting down and abandoning module PhysXFormats (49)
[2015.01.26-04.53.47:364][410]LogModuleManager: Shutting down and abandoning module MeshUtilities (48)
[2015.01.26-04.53.47:364][410]LogModuleManager: Shutting down and abandoning module DerivedDataCache (47)
[2015.01.26-04.53.47:373][410]LogDerivedDataCache: Shutdown
[2015.01.26-04.53.47:373][410]LogModuleManager: Shutting down and abandoning module ShaderFormatOpenGL (46)
[2015.01.26-04.53.47:373][410]LogModuleManager: Shutting down and abandoning module ShaderFormatD3D (45)
[2015.01.26-04.53.47:373][410]LogModuleManager: Shutting down and abandoning module MetalShaderFormat (44)
[2015.01.26-04.53.47:373][410]LogModuleManager: Shutting down and abandoning module TextureFormatUncompressed (43)
[2015.01.26-04.53.47:373][410]LogModuleManager: Shutting down and abandoning module TextureFormatPVR (42)
[2015.01.26-04.53.47:373][410]LogModuleManager: Shutting down and abandoning module TextureFormatDXT (41)
[2015.01.26-04.53.47:373][410]LogModuleManager: Shutting down and abandoning module TextureFormatAndroid (40)
[2015.01.26-04.53.47:373][410]LogModuleManager: Shutting down and abandoning module AudioFormatOpus (39)
[2015.01.26-04.53.47:373][410]LogModuleManager: Shutting down and abandoning module AudioFormatOgg (38)
[2015.01.26-04.53.47:373][410]LogModuleManager: Shutting down and abandoning module AudioFormatADPCM (37)
[2015.01.26-04.53.47:373][410]LogModuleManager: Shutting down and abandoning module LinuxTargetPlatform (36)
[2015.01.26-04.53.47:373][410]LogModuleManager: Shutting down and abandoning module LinuxServerTargetPlatform (35)
[2015.01.26-04.53.47:373][410]LogModuleManager: Shutting down and abandoning module LinuxNoEditorTargetPlatform (34)
[2015.01.26-04.53.47:373][410]LogModuleManager: Shutting down and abandoning module Messaging (33)
[2015.01.26-04.53.47:373][410]LogModuleManager: Shutting down and abandoning module IOSTargetPlatform (32)
[2015.01.26-04.53.47:373][410]LogModuleManager: Shutting down and abandoning module Android_PVRTCTargetPlatform (31)
[2015.01.26-04.53.47:373][410]LogModuleManager: Shutting down and abandoning module Android_ETC2TargetPlatform (30)
[2015.01.26-04.53.47:373][410]LogModuleManager: Shutting down and abandoning module Android_ETC1TargetPlatform (29)
[2015.01.26-04.53.47:373][410]LogModuleManager: Shutting down and abandoning module Android_DXTTargetPlatform (28)
[2015.01.26-04.53.47:373][410]LogModuleManager: Shutting down and abandoning module Android_ATCTargetPlatform (27)
[2015.01.26-04.53.47:373][410]LogModuleManager: Shutting down and abandoning module AndroidTargetPlatform (26)
[2015.01.26-04.53.47:373][410]LogModuleManager: Shutting down and abandoning module WindowsTargetPlatform (25)
[2015.01.26-04.53.47:373][410]LogModuleManager: Shutting down and abandoning module WindowsServerTargetPlatform (24)
[2015.01.26-04.53.47:373][410]LogModuleManager: Shutting down and abandoning module WindowsNoEditorTargetPlatform (23)
[2015.01.26-04.53.47:373][410]LogModuleManager: Shutting down and abandoning module WindowsClientTargetPlatform (22)
[2015.01.26-04.53.47:373][410]LogModuleManager: Shutting down and abandoning module TargetPlatform (21)
[2015.01.26-04.53.47:373][410]LogModuleManager: Shutting down and abandoning module InputCore (20)
[2015.01.26-04.53.47:373][410]LogModuleManager: Shutting down and abandoning module Settings (19)
[2015.01.26-04.53.47:373][410]LogModuleManager: Shutting down and abandoning module ImageWrapper (18)
[2015.01.26-04.53.47:373][410]LogModuleManager: Shutting down and abandoning module OculusRift (15)
[2015.01.26-04.53.47:373][410]LogModuleManager: Shutting down and abandoning module ExampleDeviceProfileSelector (14)
[2015.01.26-04.53.47:373][410]LogModuleManager: Shutting down and abandoning module TextureCompressor (13)
[2015.01.26-04.53.47:374][410]LogModuleManager: Shutting down and abandoning module ShaderCore (12)
[2015.01.26-04.53.47:374][410]LogModuleManager: Shutting down and abandoning module Landscape (11)
[2015.01.26-04.53.47:374][410]LogModuleManager: Shutting down and abandoning module SlateRHIRenderer (10)
[2015.01.26-04.53.47:375][410]LogModuleManager: Shutting down and abandoning module OpenGLDrv (9)
[2015.01.26-04.53.47:375][410]LogModuleManager: Shutting down and abandoning module D3D11RHI (8)
[2015.01.26-04.53.47:375][410]LogModuleManager: Shutting down and abandoning module Renderer (7)
[2015.01.26-04.53.47:376][410]LogModuleManager: Shutting down and abandoning module Engine (6)
[2015.01.26-04.53.47:376][410]LogModuleManager: Shutting down and abandoning module CoreUObject (5)
[2015.01.26-04.53.47:376][410]LogModuleManager: Shutting down and abandoning module NetworkFile (4)
[2015.01.26-04.53.47:376][410]LogModuleManager: Shutting down and abandoning module StreamingFile (3)
[2015.01.26-04.53.47:376][410]LogModuleManager: Shutting down and abandoning module SandboxFile (2)
[2015.01.26-04.53.47:376][410]LogModuleManager: Shutting down and abandoning module PakFile (1)
[2015.01.26-04.53.47:376][410]LogExit: Exiting.
[2015.01.26-04.53.47:382][410]Log file closed, 01/25/15 23:53:47
