Log file open, 01/24/15 01:43:33
LogInit:Display: Running engine for game: KodainaKingdom
LogInit: Version: 4.6.1-2386410+++depot+UE4-Releases+4.6
LogInit: API Version: 2369412
LogInit: Compiled (64-bit): Dec 11 2014 21:31:39
LogInit: Compiled with Visual C++: 18.00.21005.01
LogInit: Build Configuration: Development
LogInit: Branch Name: ++depot+UE4-Releases+4.6
LogInit: Command line:  
LogInit: Base directory: C:/Program Files/UE45/Epic Games/4.6/Engine/Binaries/Win64/
LogInit: Rocket: 1
[2015.01.24-06.43.33:289][  0]LogTaskGraph: Started task graph with 3 named threads and 6 total threads.
[2015.01.24-06.43.33:349][  0]LogOnline:Warning: No default platform service specified for OnlineSubsystem
[2015.01.24-06.43.33:429][  0]LogInit: Presizing for 0 objects not considered by GC, pre-allocating 0 bytes.
[2015.01.24-06.43.33:436][  0]LogInit: Object subsystem initialized
[2015.01.24-06.43.33:438][  0]LogConsoleResponse:Warning: Skipping Unknown console variable: 'UIScaleRule = ShortestSide'
[2015.01.24-06.43.33:438][  0]LogConsoleResponse:Warning:   Found in ini file 'C:/Users/Owner/Documents/Unreal Projects/Kodaina/Saved/Config/Windows/Engine.ini', in section '[/Script/Engine.RendererSettings]'
[2015.01.24-06.43.33:438][  0]LogConsoleResponse:Warning: Skipping Unknown console variable: 'UIScaleCurve = (EditorCurveData=(Keys=),ExternalCurve=None)'
[2015.01.24-06.43.33:438][  0]LogConsoleResponse:Warning:   Found in ini file 'C:/Users/Owner/Documents/Unreal Projects/Kodaina/Saved/Config/Windows/Engine.ini', in section '[/Script/Engine.RendererSettings]'
[2015.01.24-06.43.33:438][  0]LogConsoleManager:Warning: Console variable 'r.MSAA.CompositingSampleCount' wasn't set (Priority ProjectSetting < Scalability)
[2015.01.24-06.43.33:438][  0]LogInit: Selected Device Profile: [Windows]
[2015.01.24-06.43.33:438][  0]LogInit: Applying CVar settings loaded from the selected device profile: [Windows]
[2015.01.24-06.43.33:446][  0]LogInit: Computer: ASUS
[2015.01.24-06.43.33:446][  0]LogInit: User: Owner
[2015.01.24-06.43.33:446][  0]LogInit: CPU Page size=4096, Cores=4
[2015.01.24-06.43.33:446][  0]LogInit: High frequency timer resolution =2.338333 MHz
[2015.01.24-06.43.33:446][  0]LogMemory: Memory total: Physical=15.9GB (16GB approx) Virtual=131072.0GB
[2015.01.24-06.43.33:447][  0]LogMemory: Platform Memory Stats for Windows
[2015.01.24-06.43.33:447][  0]LogMemory: Process Physical Memory: 48.88 MB used, 48.88 MB peak
[2015.01.24-06.43.33:447][  0]LogMemory: Process Virtual Memory: 25.07 MB used, 25.07 MB peak
[2015.01.24-06.43.33:447][  0]LogMemory: Physical Memory: 5419.23 MB used, 16267.18 MB total
[2015.01.24-06.43.33:447][  0]LogMemory: Virtual Memory: 270.96 MB used, 134217728.00 MB total
[2015.01.24-06.43.33:613][  0]LogD3D11RHI: Found D3D11 adapter 0: Intel(R) HD Graphics 4600 (Feature Level 11_0)
[2015.01.24-06.43.33:613][  0]LogD3D11RHI: Adapter has 32MB of dedicated video memory, 0MB of dedicated system memory, and 1760MB of shared system memory, 1 output[s]
[2015.01.24-06.43.33:625][  0]LogD3D11RHI: Found D3D11 adapter 1: NVIDIA GeForce GT 750M (Feature Level 11_0)
[2015.01.24-06.43.33:625][  0]LogD3D11RHI: Adapter has 1988MB of dedicated video memory, 0MB of dedicated system memory, and 2048MB of shared system memory, 0 output[s]
[2015.01.24-06.43.33:626][  0]LogD3D11RHI: Found D3D11 adapter 2: Microsoft Basic Render Driver (Feature Level 11_0)
[2015.01.24-06.43.33:626][  0]LogD3D11RHI: Adapter has 0MB of dedicated video memory, 0MB of dedicated system memory, and 256MB of shared system memory, 0 output[s]
[2015.01.24-06.43.33:626][  0]LogD3D11RHI: Chosen D3D11 Adapter Id = 0
[2015.01.24-06.43.33:634][  0]LogRHI: Texture pool is 1361 MB (70% of 1945 MB)
[2015.01.24-06.43.33:647][  0]LogD3D11RHI: Async texture creation enabled
[2015.01.24-06.43.33:824][  0]LogTextLocalizationManager: The requested culture ('en_US') has no localization data; parent culture's ('en') localization data will be used.
[2015.01.24-06.43.33:961][  0]LogContentStreaming: Texture pool size is 0.000000MB
[2015.01.24-06.43.39:888][  0]LogTargetPlatformManager:Display: Building Assets For Windows
[2015.01.24-06.43.40:550][  0]LogTargetPlatformManager:Display: Building Assets For Windows
[2015.01.24-06.43.40:629][  0]LogDerivedDataCache:Display: Max Cache Size: 512 MB
[2015.01.24-06.43.40:669][  0]LogDerivedDataCache: Loaded boot cache 0.04s 39MB C:/Users/Owner/AppData/Local/UnrealEngine/4.6/DerivedDataCache/Boot.ddc.
[2015.01.24-06.43.40:670][  0]LogDerivedDataCache:Display: Loaded Boot cache: C:/Users/Owner/AppData/Local/UnrealEngine/4.6/DerivedDataCache/Boot.ddc
[2015.01.24-06.43.40:670][  0]LogDerivedDataCache: FDerivedDataBackendGraph:  Pak pak cache file ../../../../../../../Users/Owner/Documents/Unreal Projects/Kodaina/DerivedDataCache/DDC.ddp not found, will not use a pak cache.
[2015.01.24-06.43.40:670][  0]LogDerivedDataCache: Unable to find inner node Pak for hierarchical cache Hierarchy.
[2015.01.24-06.43.40:731][  0]LogDerivedDataCache:Display: Pak cache opened for reading ../../../Engine/DerivedDataCache/DDC.ddp.
[2015.01.24-06.43.40:744][  0]LogDerivedDataCache: Using Local data cache path C:/Users/Owner/AppData/Local/UnrealEngine/Common/DerivedDataCache: Writable
[2015.01.24-06.43.40:916][  0]LogCollisionProfile:Warning: Profile (UI) - Custom Channel Name = 'Weapon' hasn't been found
[2015.01.24-06.43.41:079][  0]LogMeshUtilities: No automatic mesh reduction module available
[2015.01.24-06.43.41:079][  0]LogMeshUtilities: No automatic mesh merging module available
[2015.01.24-06.43.41:562][  0]LogInit: WinSock: version 1.1 (2.2), MaxSocks=32767, MaxUdp=65467
[2015.01.24-06.43.41:745][  0]LogSlate:Warning: Failed to load font data from '../../../Engine/Content/Slate/Fonts/Roboto-Italic.ttf'
[2015.01.24-06.44.00:266][  0]UdpMessaging: Initializing bridge on interface 0.0.0.0:0 to multicast group 230.0.0.1:6666.
[2015.01.24-06.44.00:756][  0]LogDirectoryWatcher:Warning: Failed to begin reading directory changes for C:/Users/Owner/Documents/Unreal Projects/Kodaina/Binaries/Win64. Error: 0
[2015.01.24-06.44.01:029][  0]SourceControl: Info Source control is disabled
[2015.01.24-06.44.01:029][  0]SourceControl: Info Source control is disabled
[2015.01.24-06.44.01:042][  0]SourceControl: Info Source control is disabled
[2015.01.24-06.44.01:692][  0]LogObj: 23754 objects as part of root set at end of initial load.
[2015.01.24-06.44.01:692][  0]LogUObjectAllocator: 5168136 out of 0 bytes used by permanent object pool.
[2015.01.24-06.44.01:785][  0]LogEngine: Initializing Engine...
[2015.01.24-06.44.01:950][  0]LogInit: XAudio2 using 'Speakers (M-Audio Micro)' : 2 channels at 44.1 kHz using 16 bits per sample (channel mask 0x3)
[2015.01.24-06.44.01:958][  0]LogInit: FAudioDevice initialized.
[2015.01.24-06.44.02:001][  0]LogAIModule: Creating AISystem for world NewWorld
[2015.01.24-06.44.02:028][  0]LogDerivedDataCache: Saved boot cache 0.03s 39MB C:/Users/Owner/AppData/Local/UnrealEngine/4.6/DerivedDataCache/Boot.ddc.
[2015.01.24-06.44.02:031][  0]LogInit: Texture streaming: Enabled
[2015.01.24-06.44.02:093][  0]LogAnalytics: Creating configured Analytics provider AnalyticsET
[2015.01.24-06.44.02:093][  0]LogAnalytics: ET APIKey = Rocket.Release. APIServer = http://et2.epicgames.com/ET2/. AppVersion = 4.6.1-2386410+++depot+UE4-Releases+4.6
[2015.01.24-06.44.02:094][  0]LogAnalytics: SetUserId d53fbd01599cddc5eda2e5a33cd9f114
[2015.01.24-06.44.02:094][  0]LogAnalytics: AnalyticsET::StartSession [Rocket.Release]
[2015.01.24-06.44.02:126][  0]LogInit: Transaction tracking system initialized
[2015.01.24-06.44.02:365][  0]BlueprintLog: New page: Editor Load
[2015.01.24-06.44.02:438][  0]LogAssetRegistry: FAssetRegistry took 0.0107 seconds to start up
[2015.01.24-06.44.02:441][  0]LogDirectoryWatcher:Warning: Failed to begin reading directory changes for ../../../Engine/Plugins/Experimental/CharacterAI/Content/. Error: 0
[2015.01.24-06.44.03:383][  0]LogTargetPlatformManager:Display: Building Assets For Windows
[2015.01.24-06.44.03:861][  0]LogTargetPlatformManager:Display: Building Assets For Windows
[2015.01.24-06.44.04:353][  0]LogConsoleResponse:Display: 
[2015.01.24-06.44.04:409][  0]LogLinker:Warning: Asset '../../../Engine/Content/Functions/Engine_MaterialFunctions03/Procedurals/ComputeFilterWidth.uasset' has been saved with empty engine version. The asset will be loaded but may be incompatible.
[2015.01.24-06.44.04:833][  0]SourceControl: Info Source control is disabled
[2015.01.24-06.44.04:833][  0]Cmd: MAP LOAD FILE="../../../../../../../Users/Owner/Documents/Unreal Projects/Kodaina/Content/Maps/TestLevel.umap" TEMPLATE=0 SHOWPROGRESS=1
[2015.01.24-06.44.04:834][  0]LightingResults: New page: Lighting Build
[2015.01.24-06.44.04:852][  0]MapCheck: New page: Map Check
[2015.01.24-06.44.04:852][  0]LightingResults: New page: Lighting Build
[2015.01.24-06.44.04:861][  0]LogParticles: Destroying 0 GPU particle simulations for FXSystem 0x000000B0C45B1940
[2015.01.24-06.44.04:951][  0]LogEditorServer: Finished looking for orphan Actors (0.000 secs)
[2015.01.24-06.44.04:951][  0]LogAIModule: Creating AISystem for world TestLevel
[2015.01.24-06.44.04:951][  0]Cmd: MAP CHECKDEP
[2015.01.24-06.44.04:951][  0]MapCheck: New page: TestLevel - Jan 23, 2015, 8:44:04 PM
[2015.01.24-06.44.05:127][  0]MapCheck: Info Map check complete: 0 Error(s), 0 Warning(s), took 175.234ms to complete.
[2015.01.24-06.44.05:127][  0]LogFileHelpers: Loading map 'TestLevel' took 0.294
[2015.01.24-06.44.05:228][  0]LogCollectionManager: Loaded 0 collections in 0.001679 seconds
[2015.01.24-06.44.05:505][  0]LogCrashTracker: Crashtracker disabled due to settings.
[2015.01.24-06.44.05:513][  0]LogUObjectGlobals:Warning: Failed to find object 'Class None.'
[2015.01.24-06.44.05:550][  0]LogLoad: Full Startup: 34.73 seconds (BP compile: 0.01 seconds)
[2015.01.24-06.44.05:892][  0]LogContentBrowser:Verbose: The content browser source was changed by the sources view to '/Game/Blueprints'
[2015.01.24-06.44.06:068][  0]LogRenderer:Warning: Reallocating scene render targets to support 1200x904.
[2015.01.24-06.44.08:223][  7]LogAssetRegistry: Asset discovery search completed in 5.7959 seconds
[2015.01.24-06.45.46:188][842]BlueprintLog: New page: Compile BattleHUD
[2015.01.24-06.45.46:372][842]LogActorComponent: UnregisterComponent: (/Engine/Transient.CharacterMovementComponent_0) Not registered. Aborting.
[2015.01.24-06.45.46:480][842]BlueprintEditorCompileResults: Info [0135.66] Compile of BattleHUD successful! [in 240 ms]
[2015.01.24-06.45.48:778][938]BlueprintLog: New page: Pre-PIE auto-recompile
[2015.01.24-06.45.48:787][938]LogPlayLevel: [PIE] Compiling MyCharacter before PIE...
[2015.01.24-06.45.49:114][938]LogPlayLevel: [PIE] Compiling Tutorial_BP_MacroLib before PIE...
[2015.01.24-06.45.49:160][938]LogPlayLevel: [PIE] Compiling TestLevel before PIE...
[2015.01.24-06.45.49:232][938]LogPlayLevel: [PIE] Compiling RollingMovingHUD before PIE...
[2015.01.24-06.45.49:337][938]LogPlayLevel: [PIE] Compiling Enemy before PIE...
[2015.01.24-06.45.49:474][938]LogPlayLevel: [PIE] Compiling BattleHUD before PIE...
[2015.01.24-06.45.49:667][938]LogPlayLevel: PIE:  Blueprint regeneration took 888 ms (6 blueprints)
[2015.01.24-06.45.49:667][938]PIE: New page: PIE session: TestLevel (Jan 23, 2015, 8:45:49 PM)
[2015.01.24-06.45.49:670][938]LogPlayLevel: PIE: StaticDuplicateObject took: (0.002508s)
[2015.01.24-06.45.49:670][938]LogPlayLevel: PIE: World Init took: (0.000431s)
[2015.01.24-06.45.49:670][938]LogPlayLevel: PIE: Created PIE world by copying editor world from /Game/Maps/TestLevel.TestLevel to /Game/Maps/UEDPIE_0_TestLevel.TestLevel (0.003077s)
[2015.01.24-06.45.49:824][938]LogWorld: Game class is 'Kodaina_C'
[2015.01.24-06.45.49:826][938]LogAIModule: Creating AISystem for world TestLevel
[2015.01.24-06.45.49:827][938]LogWorld: Bringing World /Game/Maps/UEDPIE_0_TestLevel.TestLevel up for play (max tick rate 60) at 2015.01.24-01.45.49
[2015.01.24-06.45.49:828][938]LogWorld: Bringing up level for play took: 0.001832
[2015.01.24-06.45.49:837][938]PIE: Info Play in editor start time for /Game/Maps/UEDPIE_0_TestLevel 1.756
[2015.01.24-06.46.01:296][535]LogParticles: Destroying 0 GPU particle simulations for FXSystem 0x000000B0D43D7B00
[2015.01.24-06.46.02:153][581]Cmd: OBJ SAVEPACKAGE PACKAGE="/Game/Blueprints/BattleHUD" FILE="../../../../../../../Users/Owner/Documents/Unreal Projects/Kodaina/Content/Blueprints/BattleHUD.uasset" SILENT=true
[2015.01.24-06.46.02:458][581]LogSavePackage: Save=77.119469ms
[2015.01.24-06.46.02:458][581]LogSavePackage: Moving '../../../../../../../Users/Owner/Documents/Unreal Projects/Kodaina/Saved/BattleHUDC9EBD02C44A75F975F59BAA6FB023CA8.tmp' to '../../../../../../../Users/Owner/Documents/Unreal Projects/Kodaina/Content/Blueprints/BattleHUD.uasset'
[2015.01.24-06.48.53:363][298]LogActorComponent: UnregisterComponent: (/Engine/Transient.CharacterMovementComponent_1) Not registered. Aborting.
[2015.01.24-06.48.53:380][298]LogParticles: Destroying 0 GPU particle simulations for FXSystem 0x000000B0D111ED40
[2015.01.24-06.48.53:381][298]LogParticles: Destroying 0 GPU particle simulations for FXSystem 0x000000B0D2B01C60
[2015.01.24-06.48.53:957][299]Cmd: QUIT_EDITOR
[2015.01.24-06.48.54:295][299]LogExit: Preparing to exit.
[2015.01.24-06.48.54:614][299]LogExit: Editor shut down
[2015.01.24-06.48.54:615][299]LogExit: Transaction tracking system shut down
[2015.01.24-06.48.54:615][299]LogParticles: Destroying 0 GPU particle simulations for FXSystem 0x000000B0BE216200
[2015.01.24-06.48.54:615][299]LogParticles: Destroying 0 GPU particle simulations for FXSystem 0x000000B0CB4AA200
[2015.01.24-06.48.54:691][299]LogExit: Object subsystem successfully closed.
[2015.01.24-06.48.54:788][299]LogModuleManager: Shutting down and abandoning module SequencerWidgets (173)
[2015.01.24-06.48.54:788][299]LogModuleManager: Shutting down and abandoning module AndroidDeviceDetection (172)
[2015.01.24-06.48.54:788][299]LogModuleManager: Shutting down and abandoning module CrashTracker (171)
[2015.01.24-06.48.54:788][299]LogModuleManager: Shutting down and abandoning module SuperSearch (170)
[2015.01.24-06.48.54:788][299]LogModuleManager: Shutting down and abandoning module SceneOutliner (169)
[2015.01.24-06.48.54:788][299]LogModuleManager: Shutting down and abandoning module EditorWidgets (168)
[2015.01.24-06.48.54:788][299]LogModuleManager: Shutting down and abandoning module CollectionManager (167)
[2015.01.24-06.48.54:788][299]LogModuleManager: Shutting down and abandoning module StatsViewer (166)
[2015.01.24-06.48.54:788][299]LogModuleManager: Shutting down and abandoning module FoliageEdit (165)
[2015.01.24-06.48.54:788][299]LogModuleManager: Shutting down and abandoning module LandscapeEditor (164)
[2015.01.24-06.48.54:789][299]LogModuleManager: Shutting down and abandoning module MeshPaint (163)
[2015.01.24-06.48.54:789][299]LogModuleManager: Shutting down and abandoning module ActorPickerMode (162)
[2015.01.24-06.48.54:789][299]LogModuleManager: Shutting down and abandoning module GeometryMode (161)
[2015.01.24-06.48.54:789][299]LogModuleManager: Shutting down and abandoning module TextureAlignMode (160)
[2015.01.24-06.48.54:789][299]LogModuleManager: Shutting down and abandoning module BspMode (159)
[2015.01.24-06.48.54:789][299]LogModuleManager: Shutting down and abandoning module PlacementMode (158)
[2015.01.24-06.48.54:789][299]LogModuleManager: Shutting down and abandoning module AutomationWorker (157)
[2015.01.24-06.48.54:789][299]LogModuleManager: Shutting down and abandoning module CharacterAI (156)
[2015.01.24-06.48.54:789][299]LogModuleManager: Shutting down and abandoning module GameProjectGeneration (155)
[2015.01.24-06.48.54:789][299]LogModuleManager: Shutting down and abandoning module IntroTutorials (154)
[2015.01.24-06.48.54:789][299]LogModuleManager: Shutting down and abandoning module EditorLiveStreaming (153)
[2015.01.24-06.48.54:789][299]LogModuleManager: Shutting down and abandoning module HardwareTargeting (152)
[2015.01.24-06.48.54:789][299]LogModuleManager: Shutting down and abandoning module DeviceProfileEditor (151)
[2015.01.24-06.48.54:789][299]LogModuleManager: Shutting down and abandoning module UndoHistory (150)
[2015.01.24-06.48.54:789][299]LogModuleManager: Shutting down and abandoning module GameplayTagsEditor (149)
[2015.01.24-06.48.54:789][299]LogModuleManager: Shutting down and abandoning module UserFeedback (148)
[2015.01.24-06.48.54:789][299]LogModuleManager: Shutting down and abandoning module XmlParser (147)
[2015.01.24-06.48.54:789][299]LogModuleManager: Shutting down and abandoning module Blutility (146)
[2015.01.24-06.48.54:789][299]LogModuleManager: Shutting down and abandoning module IOSPlatformEditor (145)
[2015.01.24-06.48.54:789][299]LogModuleManager: Shutting down and abandoning module IOSRuntimeSettings (144)
[2015.01.24-06.48.54:789][299]LogModuleManager: Shutting down and abandoning module AndroidPlatformEditor (143)
[2015.01.24-06.48.54:789][299]LogModuleManager: Shutting down and abandoning module AndroidRuntimeSettings (142)
[2015.01.24-06.48.54:789][299]LogModuleManager: Shutting down and abandoning module ProjectTargetPlatformEditor (141)
[2015.01.24-06.48.54:789][299]LogModuleManager: Shutting down and abandoning module ProjectSettingsViewer (140)
[2015.01.24-06.48.54:789][299]LogModuleManager: Shutting down and abandoning module InputBindingEditor (139)
[2015.01.24-06.48.54:789][299]LogModuleManager: Shutting down and abandoning module EditorSettingsViewer (138)
[2015.01.24-06.48.54:789][299]LogModuleManager: Shutting down and abandoning module SettingsEditor (137)
[2015.01.24-06.48.54:789][299]LogModuleManager: Shutting down and abandoning module ProjectLauncher (136)
[2015.01.24-06.48.54:789][299]LogModuleManager: Shutting down and abandoning module SessionFrontend (135)
[2015.01.24-06.48.54:789][299]LogModuleManager: Shutting down and abandoning module ProfilerClient (134)
[2015.01.24-06.48.54:789][299]LogModuleManager: Shutting down and abandoning module TargetDeviceServices (133)
[2015.01.24-06.48.54:789][299]LogModuleManager: Shutting down and abandoning module DeviceManager (132)
[2015.01.24-06.48.54:789][299]LogModuleManager: Shutting down and abandoning module AutomationController (131)
[2015.01.24-06.48.54:789][299]LogModuleManager: Shutting down and abandoning module AutomationWindow (130)
[2015.01.24-06.48.54:789][299]LogModuleManager: Shutting down and abandoning module Layers (129)
[2015.01.24-06.48.54:789][299]LogModuleManager: Shutting down and abandoning module ComponentVisualizers (128)
[2015.01.24-06.48.54:789][299]LogModuleManager: Shutting down and abandoning module DetailCustomizations (127)
[2015.01.24-06.48.54:789][299]LogModuleManager: Shutting down and abandoning module PackagesDialog (126)
[2015.01.24-06.48.54:790][299]LogModuleManager: Shutting down and abandoning module AssetRegistry (125)
[2015.01.24-06.48.54:839][299]LogModuleManager: Shutting down and abandoning module Persona (124)
[2015.01.24-06.48.54:839][299]LogModuleManager: Shutting down and abandoning module Kismet (123)
[2015.01.24-06.48.54:839][299]LogModuleManager: Shutting down and abandoning module GraphEditor (122)
[2015.01.24-06.48.54:839][299]LogModuleManager: Shutting down and abandoning module ClassViewer (121)
[2015.01.24-06.48.54:839][299]LogModuleManager: Shutting down and abandoning module Toolbox (120)
[2015.01.24-06.48.54:839][299]LogModuleManager: Shutting down and abandoning module ModuleUI (119)
[2015.01.24-06.48.54:839][299]LogModuleManager: Shutting down and abandoning module MovieSceneTools (118)
[2015.01.24-06.48.54:839][299]LogModuleManager: Shutting down and abandoning module OutputLog (117)
[2015.01.24-06.48.54:839][299]LogModuleManager: Shutting down and abandoning module GammaUI (116)
[2015.01.24-06.48.54:839][299]LogModuleManager: Shutting down and abandoning module Documentation (115)
[2015.01.24-06.48.54:839][299]LogModuleManager: Shutting down and abandoning module GameLiveStreaming (114)
[2015.01.24-06.48.54:839][299]LogModuleManager: Shutting down and abandoning module StreamingPauseRendering (113)
[2015.01.24-06.48.54:839][299]LogModuleManager: Shutting down and abandoning module HTTP (112)
[2015.01.24-06.48.54:839][299]LogModuleManager: Shutting down and abandoning module AnalyticsET (111)
[2015.01.24-06.48.54:839][299]LogModuleManager: Shutting down and abandoning module Analytics (110)
[2015.01.24-06.48.54:839][299]LogModuleManager: Shutting down and abandoning module AITestSuite (109)
[2015.01.24-06.48.54:839][299]LogModuleManager: Shutting down and abandoning module AIModule (108)
[2015.01.24-06.48.54:839][299]LogModuleManager: Shutting down and abandoning module ProfilerService (107)
[2015.01.24-06.48.54:959][299]LogModuleManager: Shutting down and abandoning module TaskGraph (106)
[2015.01.24-06.48.54:959][299]LogModuleManager: Shutting down and abandoning module GameplayDebugger (105)
[2015.01.24-06.48.54:959][299]LogModuleManager: Shutting down and abandoning module SlateRemote (104)
[2015.01.24-06.48.54:959][299]LogModuleManager: Shutting down and abandoning module ScriptEditorPlugin (103)
[2015.01.24-06.48.54:959][299]LogModuleManager: Shutting down and abandoning module CustomMeshComponent (102)
[2015.01.24-06.48.54:959][299]LogModuleManager: Shutting down and abandoning module CableComponent (101)
[2015.01.24-06.48.54:959][299]LogModuleManager: Shutting down and abandoning module MessagingDebugger (100)
[2015.01.24-06.48.54:959][299]LogModuleManager: Shutting down and abandoning module MediaPlayerEditor (99)
[2015.01.24-06.48.54:959][299]LogModuleManager: Shutting down and abandoning module SpeedTreeImporter (98)
[2015.01.24-06.48.54:959][299]LogModuleManager: Shutting down and abandoning module PluginsEditor (97)
[2015.01.24-06.48.54:959][299]LogModuleManager: Shutting down and abandoning module EpicSurvey (96)
[2015.01.24-06.48.54:959][299]LogModuleManager: Shutting down and abandoning module DesktopPlatform (95)
[2015.01.24-06.48.54:959][299]LogModuleManager: Shutting down and abandoning module VisualStudioSourceCodeAccess (94)
[2015.01.24-06.48.54:959][299]LogModuleManager: Shutting down and abandoning module UObjectPlugin (93)
[2015.01.24-06.48.54:959][299]LogModuleManager: Shutting down and abandoning module SubversionSourceControl (92)
[2015.01.24-06.48.54:959][299]LogModuleManager: Shutting down and abandoning module SourceControl (91)
[2015.01.24-06.48.54:959][299]LogModuleManager: Shutting down and abandoning module PerforceSourceControl (90)
[2015.01.24-06.48.54:959][299]LogModuleManager: Shutting down and abandoning module BlankPlugin (89)
[2015.01.24-06.48.54:959][299]LogModuleManager: Shutting down and abandoning module SlateReflector (88)
[2015.01.24-06.48.54:959][299]LogModuleManager: Shutting down and abandoning module DirectoryWatcher (87)
[2015.01.24-06.48.54:959][299]LogModuleManager: Shutting down and abandoning module HotReload (86)
[2015.01.24-06.48.54:959][299]LogModuleManager: Shutting down and abandoning module MainFrame (85)
[2015.01.24-06.48.54:959][299]LogModuleManager: Shutting down and abandoning module LevelEditor (84)
[2015.01.24-06.48.54:960][299]LogModuleManager: Shutting down and abandoning module ViewportSnapping (83)
[2015.01.24-06.48.54:960][299]LogModuleManager: Shutting down and abandoning module SmartSnapping (82)
[2015.01.24-06.48.54:960][299]LogModuleManager: Shutting down and abandoning module PaperTiledImporter (81)
[2015.01.24-06.48.54:960][299]LogModuleManager: Shutting down and abandoning module PaperJsonImporter (80)
[2015.01.24-06.48.54:960][299]LogModuleManager: Shutting down and abandoning module ContentBrowser (79)
[2015.01.24-06.48.54:960][299]LogModuleManager: Shutting down and abandoning module Paper2DEditor (78)
[2015.01.24-06.48.54:960][299]LogModuleManager: Shutting down and abandoning module ScriptPlugin (77)
[2015.01.24-06.48.54:960][299]LogModuleManager: Shutting down and abandoning module UdpMessaging (76)
[2015.01.24-06.48.55:061][299]LogModuleManager: Shutting down and abandoning module Paper2D (75)
[2015.01.24-06.48.55:061][299]LogModuleManager: Shutting down and abandoning module UE4Game (74)
[2015.01.24-06.48.55:061][299]LogModuleManager: Shutting down and abandoning module WindowsMoviePlayer (73)
[2015.01.24-06.48.55:065][299]LogModuleManager: Shutting down and abandoning module Media (72)
[2015.01.24-06.48.55:065][299]LogModuleManager: Shutting down and abandoning module WmfMedia (71)
[2015.01.24-06.48.55:065][299]LogModuleManager: Shutting down and abandoning module OnlineBlueprintSupport (70)
[2015.01.24-06.48.55:065][299]LogModuleManager: Shutting down and abandoning module PropertyEditor (69)
[2015.01.24-06.48.55:065][299]LogModuleManager: Shutting down and abandoning module BehaviorTreeEditor (68)
[2015.01.24-06.48.55:065][299]LogModuleManager: Shutting down and abandoning module FunctionalTesting (67)
[2015.01.24-06.48.55:065][299]LogModuleManager: Shutting down and abandoning module CollisionAnalyzer (66)
[2015.01.24-06.48.55:065][299]LogModuleManager: Shutting down and abandoning module WorkspaceMenuStructure (65)
[2015.01.24-06.48.55:065][299]LogModuleManager: Shutting down and abandoning module MessageLog (64)
[2015.01.24-06.48.55:065][299]LogModuleManager: Shutting down and abandoning module Sequencer (63)
[2015.01.24-06.48.55:065][299]LogModuleManager: Shutting down and abandoning module AssetTools (62)
[2015.01.24-06.48.55:066][299]LogModuleManager: Shutting down and abandoning module UMGEditor (61)
[2015.01.24-06.48.55:066][299]LogModuleManager: Shutting down and abandoning module UMG (60)
[2015.01.24-06.48.55:066][299]LogModuleManager: Shutting down and abandoning module Slate (59)
[2015.01.24-06.48.55:066][299]LogModuleManager: Shutting down and abandoning module EditorStyle (58)
[2015.01.24-06.48.55:072][299]LogModuleManager: Shutting down and abandoning module SessionServices (57)
[2015.01.24-06.48.55:072][299]LogModuleManager: Shutting down and abandoning module SourceCodeAccess (56)
[2015.01.24-06.48.55:072][299]LogModuleManager: Shutting down and abandoning module HeadMountedDisplay (55)
[2015.01.24-06.48.55:072][299]LogModuleManager: Shutting down and abandoning module XAudio2 (54)
[2015.01.24-06.48.55:072][299]LogModuleManager: Shutting down and abandoning module Networking (52)
[2015.01.24-06.48.55:072][299]LogModuleManager: Shutting down and abandoning module Core (51)
[2015.01.24-06.48.55:072][299]LogModuleManager: Shutting down and abandoning module KismetCompiler (50)
[2015.01.24-06.48.55:072][299]LogModuleManager: Shutting down and abandoning module PhysXFormats (49)
[2015.01.24-06.48.55:072][299]LogModuleManager: Shutting down and abandoning module MeshUtilities (48)
[2015.01.24-06.48.55:072][299]LogModuleManager: Shutting down and abandoning module DerivedDataCache (47)
[2015.01.24-06.48.55:148][299]LogDerivedDataCache: Shutdown
[2015.01.24-06.48.55:148][299]LogModuleManager: Shutting down and abandoning module ShaderFormatOpenGL (46)
[2015.01.24-06.48.55:148][299]LogModuleManager: Shutting down and abandoning module ShaderFormatD3D (45)
[2015.01.24-06.48.55:148][299]LogModuleManager: Shutting down and abandoning module MetalShaderFormat (44)
[2015.01.24-06.48.55:148][299]LogModuleManager: Shutting down and abandoning module TextureFormatUncompressed (43)
[2015.01.24-06.48.55:148][299]LogModuleManager: Shutting down and abandoning module TextureFormatPVR (42)
[2015.01.24-06.48.55:148][299]LogModuleManager: Shutting down and abandoning module TextureFormatDXT (41)
[2015.01.24-06.48.55:148][299]LogModuleManager: Shutting down and abandoning module TextureFormatAndroid (40)
[2015.01.24-06.48.55:148][299]LogModuleManager: Shutting down and abandoning module AudioFormatOpus (39)
[2015.01.24-06.48.55:148][299]LogModuleManager: Shutting down and abandoning module AudioFormatOgg (38)
[2015.01.24-06.48.55:148][299]LogModuleManager: Shutting down and abandoning module AudioFormatADPCM (37)
[2015.01.24-06.48.55:148][299]LogModuleManager: Shutting down and abandoning module LinuxTargetPlatform (36)
[2015.01.24-06.48.55:148][299]LogModuleManager: Shutting down and abandoning module LinuxServerTargetPlatform (35)
[2015.01.24-06.48.55:148][299]LogModuleManager: Shutting down and abandoning module LinuxNoEditorTargetPlatform (34)
[2015.01.24-06.48.55:148][299]LogModuleManager: Shutting down and abandoning module Messaging (33)
[2015.01.24-06.48.55:148][299]LogModuleManager: Shutting down and abandoning module IOSTargetPlatform (32)
[2015.01.24-06.48.55:148][299]LogModuleManager: Shutting down and abandoning module Android_PVRTCTargetPlatform (31)
[2015.01.24-06.48.55:148][299]LogModuleManager: Shutting down and abandoning module Android_ETC2TargetPlatform (30)
[2015.01.24-06.48.55:148][299]LogModuleManager: Shutting down and abandoning module Android_ETC1TargetPlatform (29)
[2015.01.24-06.48.55:148][299]LogModuleManager: Shutting down and abandoning module Android_DXTTargetPlatform (28)
[2015.01.24-06.48.55:148][299]LogModuleManager: Shutting down and abandoning module Android_ATCTargetPlatform (27)
[2015.01.24-06.48.55:148][299]LogModuleManager: Shutting down and abandoning module AndroidTargetPlatform (26)
[2015.01.24-06.48.55:148][299]LogModuleManager: Shutting down and abandoning module WindowsTargetPlatform (25)
[2015.01.24-06.48.55:148][299]LogModuleManager: Shutting down and abandoning module WindowsServerTargetPlatform (24)
[2015.01.24-06.48.55:148][299]LogModuleManager: Shutting down and abandoning module WindowsNoEditorTargetPlatform (23)
[2015.01.24-06.48.55:148][299]LogModuleManager: Shutting down and abandoning module WindowsClientTargetPlatform (22)
[2015.01.24-06.48.55:148][299]LogModuleManager: Shutting down and abandoning module TargetPlatform (21)
[2015.01.24-06.48.55:148][299]LogModuleManager: Shutting down and abandoning module InputCore (20)
[2015.01.24-06.48.55:148][299]LogModuleManager: Shutting down and abandoning module Settings (19)
[2015.01.24-06.48.55:148][299]LogModuleManager: Shutting down and abandoning module ImageWrapper (18)
[2015.01.24-06.48.55:148][299]LogModuleManager: Shutting down and abandoning module OculusRift (15)
[2015.01.24-06.48.55:148][299]LogModuleManager: Shutting down and abandoning module ExampleDeviceProfileSelector (14)
[2015.01.24-06.48.55:148][299]LogModuleManager: Shutting down and abandoning module TextureCompressor (13)
[2015.01.24-06.48.55:148][299]LogModuleManager: Shutting down and abandoning module ShaderCore (12)
[2015.01.24-06.48.55:148][299]LogModuleManager: Shutting down and abandoning module Landscape (11)
[2015.01.24-06.48.55:148][299]LogModuleManager: Shutting down and abandoning module SlateRHIRenderer (10)
[2015.01.24-06.48.55:150][299]LogModuleManager: Shutting down and abandoning module OpenGLDrv (9)
[2015.01.24-06.48.55:150][299]LogModuleManager: Shutting down and abandoning module D3D11RHI (8)
[2015.01.24-06.48.55:150][299]LogModuleManager: Shutting down and abandoning module Renderer (7)
[2015.01.24-06.48.55:150][299]LogModuleManager: Shutting down and abandoning module Engine (6)
[2015.01.24-06.48.55:150][299]LogModuleManager: Shutting down and abandoning module CoreUObject (5)
[2015.01.24-06.48.55:150][299]LogModuleManager: Shutting down and abandoning module NetworkFile (4)
[2015.01.24-06.48.55:150][299]LogModuleManager: Shutting down and abandoning module StreamingFile (3)
[2015.01.24-06.48.55:150][299]LogModuleManager: Shutting down and abandoning module SandboxFile (2)
[2015.01.24-06.48.55:150][299]LogModuleManager: Shutting down and abandoning module PakFile (1)
[2015.01.24-06.48.55:150][299]LogExit: Exiting.
[2015.01.24-06.48.55:155][299]Log file closed, 01/24/15 01:48:55
