Log file open, 01/24/15 18:08:39
LogInit:Display: Running engine for game: KodainaKingdom
LogInit: Version: 4.6.1-2386410+++depot+UE4-Releases+4.6
LogInit: API Version: 2369412
LogInit: Compiled (64-bit): Dec 11 2014 21:31:39
LogInit: Compiled with Visual C++: 18.00.21005.01
LogInit: Build Configuration: Development
LogInit: Branch Name: ++depot+UE4-Releases+4.6
LogInit: Command line:  
LogInit: Base directory: C:/Program Files/Epic Games/4.6/Engine/Binaries/Win64/
LogInit: Rocket: 1
[2015.01.24-23.08.39:761][  0]LogTaskGraph: Started task graph with 3 named threads and 6 total threads.
[2015.01.24-23.08.39:816][  0]LogOnline:Warning: No default platform service specified for OnlineSubsystem
[2015.01.24-23.08.39:844][  0]LogInit: Presizing for 0 objects not considered by GC, pre-allocating 0 bytes.
[2015.01.24-23.08.39:877][  0]LogInit: Object subsystem initialized
[2015.01.24-23.08.39:886][  0]LogConsoleResponse:Warning: Skipping Unknown console variable: 'UIScaleRule = ShortestSide'
[2015.01.24-23.08.39:886][  0]LogConsoleResponse:Warning:   Found in ini file 'C:/Users/Zim/Documents/Unreal Projects/KodainaKingdom/Saved/Config/Windows/Engine.ini', in section '[/Script/Engine.RendererSettings]'
[2015.01.24-23.08.39:886][  0]LogConsoleResponse:Warning: Skipping Unknown console variable: 'UIScaleCurve = (EditorCurveData=(Keys=),ExternalCurve=None)'
[2015.01.24-23.08.39:886][  0]LogConsoleResponse:Warning:   Found in ini file 'C:/Users/Zim/Documents/Unreal Projects/KodainaKingdom/Saved/Config/Windows/Engine.ini', in section '[/Script/Engine.RendererSettings]'
[2015.01.24-23.08.39:887][  0]LogConsoleManager:Warning: Console variable 'r.MSAA.CompositingSampleCount' wasn't set (Priority ProjectSetting < Scalability)
[2015.01.24-23.08.39:887][  0]LogInit: Selected Device Profile: [Windows]
[2015.01.24-23.08.39:887][  0]LogInit: Applying CVar settings loaded from the selected device profile: [Windows]
[2015.01.24-23.08.39:898][  0]LogInit: Computer: SEAN
[2015.01.24-23.08.39:899][  0]LogInit: User: Zim
[2015.01.24-23.08.39:899][  0]LogInit: CPU Page size=4096, Cores=4
[2015.01.24-23.08.39:899][  0]LogInit: High frequency timer resolution =2.338451 MHz
[2015.01.24-23.08.39:899][  0]LogMemory: Memory total: Physical=15.9GB (16GB approx) Virtual=131072.0GB
[2015.01.24-23.08.39:899][  0]LogMemory: Platform Memory Stats for Windows
[2015.01.24-23.08.39:899][  0]LogMemory: Process Physical Memory: 49.16 MB used, 49.16 MB peak
[2015.01.24-23.08.39:899][  0]LogMemory: Process Virtual Memory: 25.10 MB used, 25.10 MB peak
[2015.01.24-23.08.39:899][  0]LogMemory: Physical Memory: 6252.32 MB used, 16331.28 MB total
[2015.01.24-23.08.39:899][  0]LogMemory: Virtual Memory: 271.84 MB used, 134217728.00 MB total
[2015.01.24-23.08.39:946][  0]LogD3D11RHI: Found D3D11 adapter 0: NVIDIA GeForce GT 750M   (Feature Level 11_0)
[2015.01.24-23.08.39:946][  0]LogD3D11RHI: Adapter has 1985MB of dedicated video memory, 0MB of dedicated system memory, and 2048MB of shared system memory, 1 output[s]
[2015.01.24-23.08.39:974][  0]LogD3D11RHI: Found D3D11 adapter 1: NVIDIA GeForce GT 750M   (Feature Level 11_0)
[2015.01.24-23.08.39:974][  0]LogD3D11RHI: Adapter has 1985MB of dedicated video memory, 0MB of dedicated system memory, and 2048MB of shared system memory, 0 output[s]
[2015.01.24-23.08.39:976][  0]LogD3D11RHI: Found D3D11 adapter 2: Microsoft Basic Render Driver (Feature Level 11_0)
[2015.01.24-23.08.39:976][  0]LogD3D11RHI: Adapter has 0MB of dedicated video memory, 0MB of dedicated system memory, and 256MB of shared system memory, 0 output[s]
[2015.01.24-23.08.39:976][  0]LogD3D11RHI: Chosen D3D11 Adapter Id = 0
[2015.01.24-23.08.39:981][  0]LogRHI: Texture pool is 1361 MB (70% of 1945 MB)
[2015.01.24-23.08.39:997][  0]LogD3D11RHI: Async texture creation enabled
[2015.01.24-23.08.40:066][  0]LogTextLocalizationManager: The requested culture ('en_US') has no localization data; parent culture's ('en') localization data will be used.
[2015.01.24-23.08.40:297][  0]LogContentStreaming: Texture pool size is 0.000000MB
[2015.01.24-23.08.48:159][  0]LogTargetPlatformManager:Display: Building Assets For Windows
[2015.01.24-23.08.48:829][  0]LogTargetPlatformManager:Display: Building Assets For Windows
[2015.01.24-23.08.48:897][  0]LogDerivedDataCache:Display: Max Cache Size: 512 MB
[2015.01.24-23.08.48:944][  0]LogDerivedDataCache: Loaded boot cache 0.05s 39MB C:/Users/Zim/AppData/Local/UnrealEngine/4.6/DerivedDataCache/Boot.ddc.
[2015.01.24-23.08.48:944][  0]LogDerivedDataCache:Display: Loaded Boot cache: C:/Users/Zim/AppData/Local/UnrealEngine/4.6/DerivedDataCache/Boot.ddc
[2015.01.24-23.08.48:944][  0]LogDerivedDataCache: FDerivedDataBackendGraph:  Pak pak cache file ../../../../../../Users/Zim/Documents/Unreal Projects/KodainaKingdom/DerivedDataCache/DDC.ddp not found, will not use a pak cache.
[2015.01.24-23.08.48:944][  0]LogDerivedDataCache: Unable to find inner node Pak for hierarchical cache Hierarchy.
[2015.01.24-23.08.49:043][  0]LogDerivedDataCache:Display: Pak cache opened for reading ../../../Engine/DerivedDataCache/DDC.ddp.
[2015.01.24-23.08.49:056][  0]LogDerivedDataCache: Using Local data cache path C:/Users/Zim/AppData/Local/UnrealEngine/Common/DerivedDataCache: Writable
[2015.01.24-23.08.49:226][  0]LogCollisionProfile:Warning: Profile (UI) - Custom Channel Name = 'Weapon' hasn't been found
[2015.01.24-23.08.49:428][  0]LogMeshUtilities: No automatic mesh reduction module available
[2015.01.24-23.08.49:428][  0]LogMeshUtilities: No automatic mesh merging module available
[2015.01.24-23.08.49:945][  0]LogInit: WinSock: version 1.1 (2.2), MaxSocks=32767, MaxUdp=65467
[2015.01.24-23.08.50:023][  0]LogSlate:Warning: Failed to load font data from '../../../Engine/Content/Slate/Fonts/Roboto-Italic.ttf'
[2015.01.24-23.08.51:041][  0]UdpMessaging: Initializing bridge on interface 0.0.0.0:0 to multicast group 230.0.0.1:6666.
[2015.01.24-23.08.51:236][  0]LogDirectoryWatcher:Warning: Failed to begin reading directory changes for C:/Users/Zim/Documents/Unreal Projects/KodainaKingdom/Binaries/Win64. Error: 0
[2015.01.24-23.08.51:445][  0]SourceControl: Info Source control is disabled
[2015.01.24-23.08.51:446][  0]SourceControl: Info Source control is disabled
[2015.01.24-23.08.51:454][  0]SourceControl: Info Source control is disabled
[2015.01.24-23.08.51:624][  0]LogObj: 23754 objects as part of root set at end of initial load.
[2015.01.24-23.08.51:624][  0]LogUObjectAllocator: 5168136 out of 0 bytes used by permanent object pool.
[2015.01.24-23.08.51:694][  0]LogEngine: Initializing Engine...
[2015.01.24-23.08.51:895][  0]LogInit: XAudio2 using 'Speakers (Realtek High Definition Audio)' : 2 channels at 48 kHz using 32 bits per sample (channel mask 0x3)
[2015.01.24-23.08.51:906][  0]LogInit: FAudioDevice initialized.
[2015.01.24-23.08.51:933][  0]LogAIModule: Creating AISystem for world NewWorld
[2015.01.24-23.08.51:957][  0]LogDerivedDataCache: Saved boot cache 0.02s 39MB C:/Users/Zim/AppData/Local/UnrealEngine/4.6/DerivedDataCache/Boot.ddc.
[2015.01.24-23.08.51:962][  0]LogInit: Texture streaming: Enabled
[2015.01.24-23.08.51:995][  0]LogAnalytics: Creating configured Analytics provider AnalyticsET
[2015.01.24-23.08.51:995][  0]LogAnalytics: ET APIKey = Rocket.Release. APIServer = http://et2.epicgames.com/ET2/. AppVersion = 4.6.1-2386410+++depot+UE4-Releases+4.6
[2015.01.24-23.08.51:996][  0]LogAnalytics: SetUserId e818845727fd16b7b8e647cd16e3db7c
[2015.01.24-23.08.51:996][  0]LogAnalytics: AnalyticsET::StartSession [Rocket.Release]
[2015.01.24-23.08.52:015][  0]LogInit: Transaction tracking system initialized
[2015.01.24-23.08.52:145][  0]BlueprintLog: New page: Editor Load
[2015.01.24-23.08.52:183][  0]LogAssetRegistry: FAssetRegistry took 0.0105 seconds to start up
[2015.01.24-23.08.52:183][  0]LogDirectoryWatcher:Warning: Failed to begin reading directory changes for ../../../Engine/Plugins/Experimental/CharacterAI/Content/. Error: 0
[2015.01.24-23.08.52:947][  0]LogTargetPlatformManager:Display: Building Assets For Windows
[2015.01.24-23.08.53:465][  0]LogTargetPlatformManager:Display: Building Assets For Windows
[2015.01.24-23.08.53:711][  0]LogConsoleResponse:Display: 
[2015.01.24-23.08.53:776][  0]LogLinker:Warning: Asset '../../../Engine/Content/Functions/Engine_MaterialFunctions03/Procedurals/ComputeFilterWidth.uasset' has been saved with empty engine version. The asset will be loaded but may be incompatible.
[2015.01.24-23.08.54:040][  0]SourceControl: Info Source control is disabled
[2015.01.24-23.08.54:040][  0]Cmd: MAP LOAD FILE="../../../../../../Users/Zim/Documents/Unreal Projects/KodainaKingdom/Content/Maps/TestLevel.umap" TEMPLATE=0 SHOWPROGRESS=1
[2015.01.24-23.08.54:041][  0]LightingResults: New page: Lighting Build
[2015.01.24-23.08.54:054][  0]MapCheck: New page: Map Check
[2015.01.24-23.08.54:054][  0]LightingResults: New page: Lighting Build
[2015.01.24-23.08.54:067][  0]LogParticles: Destroying 0 GPU particle simulations for FXSystem 0x00000091C9AE9580
[2015.01.24-23.08.54:187][  0]LogEditorServer: Finished looking for orphan Actors (0.000 secs)
[2015.01.24-23.08.54:187][  0]LogAIModule: Creating AISystem for world TestLevel
[2015.01.24-23.08.54:188][  0]Cmd: MAP CHECKDEP
[2015.01.24-23.08.54:188][  0]MapCheck: New page: TestLevel - Jan 24, 2015, 1:08:54 PM
[2015.01.24-23.08.54:310][  0]MapCheck: Info Map check complete: 0 Error(s), 0 Warning(s), took 122.292ms to complete.
[2015.01.24-23.08.54:310][  0]LogFileHelpers: Loading map 'TestLevel' took 0.271
[2015.01.24-23.08.54:408][  0]LogCollectionManager: Loaded 0 collections in 0.002317 seconds
[2015.01.24-23.08.54:675][  0]LogCrashTracker: Crashtracker disabled due to settings.
[2015.01.24-23.08.54:682][  0]LogUObjectGlobals:Warning: Failed to find object 'Class None.'
[2015.01.24-23.08.54:711][  0]LogLoad: Full Startup: 17.30 seconds (BP compile: 0.01 seconds)
[2015.01.24-23.08.55:057][  0]LogContentBrowser:Verbose: The content browser source was changed by the sources view to '/Game/Blueprints'
[2015.01.24-23.08.55:230][  0]LogRenderer:Warning: Reallocating scene render targets to support 1200x896.
[2015.01.24-23.08.57:718][  8]LogAssetRegistry: Asset discovery search completed in 5.5458 seconds
[2015.01.24-23.09.03:120][231]LogWindows:Error: Windows GetLastError: The operation completed successfully. (0)
[2015.01.24-23.09.03:120][231]LogCrashTracker: 


[2015.01.24-23.09.03:498][231]LogCrashTracker: 


[2015.01.24-23.09.03:499][231]LogWindows: === Critical error: ===
Assertion failed: PreviousCDO != nullptr [File:D:\BuildFarm\buildmachine_++depot+UE4-Releases+4.6\Engine\Source\Editor\UnrealEd\Private\Kismet2\BlueprintEditorUtils.cpp] [Line: 1062] 



KERNELBASE.dll!UnknownFunction (0x00007ffb319f606c) + 0 bytes [UnknownFile:0]
UE4Editor-Core.dll!UnknownFunction (0x00007ffb0ba02f7d) + 0 bytes [UnknownFile:0]
UE4Editor-Core.dll!UnknownFunction (0x00007ffb0b8960f8) + 0 bytes [UnknownFile:0]
UE4Editor-Core.dll!UnknownFunction (0x00007ffb0b879192) + 0 bytes [UnknownFile:0]
UE4Editor-UnrealEd.dll!UnknownFunction (0x00007ffb0464cde3) + 0 bytes [UnknownFile:0]
UE4Editor-UnrealEd.dll!UnknownFunction (0x00007ffb04649664) + 0 bytes [UnknownFile:0]
UE4Editor-UnrealEd.dll!UnknownFunction (0x00007ffb046466b8) + 0 bytes [UnknownFile:0]
UE4Editor-UnrealEd.dll!UnknownFunction (0x00007ffb0464cfe8) + 0 bytes [UnknownFile:0]
UE4Editor-CoreUObject.dll!UnknownFunction (0x00007ffb0b499070) + 0 bytes [UnknownFile:0]
UE4Editor-CoreUObject.dll!UnknownFunction (0x00007ffb0b4e7092) + 0 bytes [UnknownFile:0]
UE4Editor-CoreUObject.dll!UnknownFunction (0x00007ffb0b4e74db) + 0 bytes [UnknownFile:0]
UE4Editor-CoreUObject.dll!UnknownFunction (0x00007ffb0b5037eb) + 0 bytes [UnknownFile:0]
UE4Editor-CoreUObject.dll!UnknownFunction (0x00007ffb0b564985) + 0 bytes [UnknownFile:0]
UE4Editor-CoreUObject.dll!UnknownFunction (0x00007ffb0b52342f) + 0 bytes [UnknownFile:0]
UE4Editor-CoreUObject.dll!UnknownFunction (0x00007ffb0b522722) + 0 bytes [UnknownFile:0]
UE4Editor-CoreUObject.dll!UnknownFunction (0x00007ffb0b523792) + 0 bytes [UnknownFile:0]
UE4Editor-CoreUObject.dll!UnknownFunction (0x00007ffb0b522722) + 0 bytes [UnknownFile:0]
UE4Editor-CoreUObject.dll!UnknownFunction (0x00007ffb0b4e7cc4) + 0 bytes [UnknownFile:0]
UE4Editor-CoreUObject.dll!UnknownFunction (0x00007ffb0b501789) + 0 bytes [UnknownFile:0]
UE4Editor-CoreUObject.dll!UnknownFunction (0x00007ffb0b4d65b4) + 0 bytes [UnknownFile:0]
UE4Editor-CoreUObject.dll!UnknownFunction (0x00007ffb0b50b242) + 0 bytes [UnknownFile:0]
UE4Editor-CoreUObject.dll!UnknownFunction (0x00007ffb0b4603b4) + 0 bytes [UnknownFile:0]
UE4Editor-CoreUObject.dll!UnknownFunction (0x00007ffb0b4752d0) + 0 bytes [UnknownFile:0]
UE4Editor-CoreUObject.dll!UnknownFunction (0x00007ffb0b4e6f6c) + 0 bytes [UnknownFile:0]
UE4Editor-CoreUObject.dll!UnknownFunction (0x00007ffb0b4e74db) + 0 bytes [UnknownFile:0]
UE4Editor-CoreUObject.dll!UnknownFunction (0x00007ffb0b5037eb) + 0 bytes [UnknownFile:0]
UE4Editor-CoreUObject.dll!UnknownFunction (0x00007ffb0b564985) + 0 bytes [UnknownFile:0]
UE4Editor-CoreUObject.dll!UnknownFunction (0x00007ffb0b52342f) + 0 bytes [UnknownFile:0]
UE4Editor-CoreUObject.dll!UnknownFunction (0x00007ffb0b522722) + 0 bytes [UnknownFile:0]
UE4Editor-CoreUObject.dll!UnknownFunction (0x00007ffb0b523792) + 0 bytes [UnknownFile:0]
UE4Editor-CoreUObject.dll!UnknownFunction (0x00007ffb0b522722) + 0 bytes [UnknownFile:0]
UE4Editor-CoreUObject.dll!UnknownFunction (0x00007ffb0b4e7cc4) + 0 bytes [UnknownFile:0]
UE4Editor-CoreUObject.dll!UnknownFunction (0x00007ffb0b501789) + 0 bytes [UnknownFile:0]
UE4Editor-CoreUObject.dll!UnknownFunction (0x00007ffb0b4d65b4) + 0 bytes [UnknownFile:0]
UE4Editor-CoreUObject.dll!UnknownFunction (0x00007ffb0b50b242) + 0 bytes [UnknownFile:0]
UE4Editor-CoreUObject.dll!UnknownFunction (0x00007ffb0b4603b4) + 0 bytes [UnknownFile:0]
UE4Editor-CoreUObject.dll!UnknownFunction (0x00007ffb0b4752d0) + 0 bytes [UnknownFile:0]
UE4Editor-CoreUObject.dll!UnknownFunction (0x00007ffb0b4e6f6c) + 0 bytes [UnknownFile:0]
UE4Editor-CoreUObject.dll!UnknownFunction (0x00007ffb0b4e74db) + 0 bytes [UnknownFile:0]
UE4Editor-CoreUObject.dll!UnknownFunction (0x00007ffb0b5037eb) + 0 bytes [UnknownFile:0]
UE4Editor-CoreUObject.dll!UnknownFunction (0x00007ffb0b564985) + 0 bytes [UnknownFile:0]
UE4Editor-CoreUObject.dll!UnknownFunction (0x00007ffb0b52342f) + 0 bytes [UnknownFile:0]
UE4Editor-CoreUObject.dll!UnknownFunction (0x00007ffb0b522722) + 0 bytes [UnknownFile:0]
UE4Editor-CoreUObject.dll!UnknownFunction (0x00007ffb0b523792) + 0 bytes [UnknownFile:0]
UE4Editor-CoreUObject.dll!UnknownFunction (0x00007ffb0b522722) + 0 bytes [UnknownFile:0]
UE4Editor-CoreUObject.dll!UnknownFunction (0x00007ffb0b4e7cc4) + 0 bytes [UnknownFile:0]
UE4Editor-CoreUObject.dll!UnknownFunction (0x00007ffb0b501789) + 0 bytes [UnknownFile:0]
UE4Editor-CoreUObject.dll!UnknownFunction (0x00007ffb0b4d65b4) + 0 bytes [UnknownFile:0]
UE4Editor-Engine.dll!UnknownFunction (0x00007ffb05cff924) + 0 bytes [UnknownFile:0]
UE4Editor-CoreUObject.dll!UnknownFunction (0x00007ffb0b57bd93) + 0 bytes [UnknownFile:0]
UE4Editor-CoreUObject.dll!UnknownFunction (0x00007ffb0b4adcba) + 0 bytes [UnknownFile:0]
UE4Editor-CoreUObject.dll!UnknownFunction (0x00007ffb0b4ad642) + 0 bytes [UnknownFile:0]
UE4Editor-CoreUObject.dll!UnknownFunction (0x00007ffb0b57be20) + 0 bytes [UnknownFile:0]
UE4Editor-CoreUObject.dll!UnknownFunction (0x00007ffb0b5199aa) + 0 bytes [UnknownFile:0]
UE4Editor-CoreUObject.dll!UnknownFunction (0x00007ffb0b4adcba) + 0 bytes [UnknownFile:0]
UE4Editor-CoreUObject.dll!UnknownFunction (0x00007ffb0b4ad642) + 0 bytes [UnknownFile:0]
UE4Editor-CoreUObject.dll!UnknownFunction (0x00007ffb0b51a94c) + 0 bytes [UnknownFile:0]
UE4Editor-CoreUObject.dll!UnknownFunction (0x00007ffb0b518a46) + 0 bytes [UnknownFile:0]
UE4Editor-Engine.dll!UnknownFunction (0x00007ffb05359835) + 0 bytes [UnknownFile:0]
UE4Editor-Engine.dll!UnknownFunction (0x00007ffb0535938b) + 0 bytes [UnknownFile:0]
UE4Editor-CoreUObject.dll!UnknownFunction (0x00007ffb0b50b242) + 0 bytes [UnknownFile:0]
UE4Editor-CoreUObject.dll!UnknownFunction (0x00007ffb0b499056) + 0 bytes [UnknownFile:0]
UE4Editor-CoreUObject.dll!UnknownFunction (0x00007ffb0b4e7092) + 0 bytes [UnknownFile:0]
UE4Editor-CoreUObject.dll!UnknownFunction (0x00007ffb0b4e74db) + 0 bytes [UnknownFile:0]
UE4Editor-CoreUObject.dll!UnknownFunction (0x00007ffb0b5037eb) + 0 bytes [UnknownFile:0]
UE4Editor-CoreUObject.dll!UnknownFunction (0x00007ffb0b564985) + 0 bytes [UnknownFile:0]
UE4Editor-CoreUObject.dll!UnknownFunction (0x00007ffb0b52342f) + 0 bytes [UnknownFile:0]
UE4Editor-CoreUObject.dll!UnknownFunction (0x00007ffb0b522722) + 0 bytes [UnknownFile:0]
UE4Editor-CoreUObject.dll!UnknownFunction (0x00007ffb0b523792) + 0 bytes [UnknownFile:0]
UE4Editor-CoreUObject.dll!UnknownFunction (0x00007ffb0b522722) + 0 bytes [UnknownFile:0]
UE4Editor-CoreUObject.dll!UnknownFunction (0x00007ffb0b4e7cc4) + 0 bytes [UnknownFile:0]
UE4Editor-CoreUObject.dll!UnknownFunction (0x00007ffb0b501789) + 0 bytes [UnknownFile:0]
UE4Editor-CoreUObject.dll!UnknownFunction (0x00007ffb0b4d65b4) + 0 bytes [UnknownFile:0]
UE4Editor-CoreUObject.dll!UnknownFunction (0x00007ffb0b50b242) + 0 bytes [UnknownFile:0]
UE4Editor-CoreUObject.dll!UnknownFunction (0x00007ffb0b48cafd) + 0 bytes [UnknownFile:0]
UE4Editor-CoreUObject.dll!UnknownFunction (0x00007ffb0b48c7fe) + 0 bytes [UnknownFile:0]
UE4Editor-CoreUObject.dll!UnknownFunction (0x00007ffb0b4a8496) + 0 bytes [UnknownFile:0]
UE4Editor-CoreUObject.dll!UnknownFunction (0x00007ffb0b4a7bea) + 0 bytes [UnknownFile:0]
UE4Editor-CoreUObject.dll!UnknownFunction (0x00007ffb0b50b242) + 0 bytes [UnknownFile:0]
UE4Editor-CoreUObject.dll!UnknownFunction (0x00007ffb0b48cafd) + 0 bytes [UnknownFile:0]
UE4Editor-CoreUObject.dll!UnknownFunction (0x00007ffb0b48c245) + 0 bytes [UnknownFile:0]
UE4Editor-Engine.dll!UnknownFunction (0x00007ffb05347593) + 0 bytes [UnknownFile:0]
UE4Editor-UMG.dll!UnknownFunction (0x00007ffafea5b8cf) + 0 bytes [UnknownFile:0]
UE4Editor-CoreUObject.dll!UnknownFunction (0x00007ffb0b4a7489) + 0 bytes [UnknownFile:0]
UE4Editor-CoreUObject.dll!UnknownFunction (0x00007ffb0b50b242) + 0 bytes [UnknownFile:0]
UE4Editor-CoreUObject.dll!UnknownFunction (0x00007ffb0b4e724c) + 0 bytes [UnknownFile:0]
UE4Editor-CoreUObject.dll!UnknownFunction (0x00007ffb0b501714) + 0 bytes [UnknownFile:0]
UE4Editor-CoreUObject.dll!UnknownFunction (0x00007ffb0b4e6a97) + 0 bytes [UnknownFile:0]
UE4Editor-CoreUObject.dll!UnknownFunction (0x00007ffb0b4e74db) + 0 bytes [UnknownFile:0]
UE4Editor-CoreUObject.dll!UnknownFunction (0x00007ffb0b5037eb) + 0 bytes [UnknownFile:0]
UE4Editor-CoreUObject.dll!UnknownFunction (0x00007ffb0b564985) + 0 bytes [UnknownFile:0]
UE4Editor-CoreUObject.dll!UnknownFunction (0x00007ffb0b52342f) + 0 bytes [UnknownFile:0]
UE4Editor-CoreUObject.dll!UnknownFunction (0x00007ffb0b522722) + 0 bytes [UnknownFile:0]
UE4Editor-CoreUObject.dll!UnknownFunction (0x00007ffb0b523792) + 0 bytes [UnknownFile:0]
UE4Editor-CoreUObject.dll!UnknownFunction (0x00007ffb0b522722) + 0 bytes [UnknownFile:0]
UE4Editor-CoreUObject.dll!UnknownFunction (0x00007ffb0b4e7cc4) + 0 bytes [UnknownFile:0]
UE4Editor-CoreUObject.dll!UnknownFunction (0x00007ffb0b501789) + 0 bytes [UnknownFile:0]
UE4Editor-CoreUObject.dll!UnknownFunction (0x00007ffb0b4d65b4) + 0 bytes [UnknownFile:0]
UE4Editor-CoreUObject.dll!UnknownFunction (0x00007ffb0b50b242) + 0 bytes [UnknownFile:0]
UE4Editor-CoreUObject.dll!UnknownFunction (0x00007ffb0b4603b4) + 0 bytes [UnknownFile:0]
UnknownModule!UnknownFunction (0x000015ab42514406) + 0 bytes [UnknownFile:0]


[2015.01.24-23.09.03:732][231]LogExit: Executing StaticShutdownAfterError
[2015.01.24-23.09.03:735][231]LogWindows: FPlatformMisc::RequestExit(1)
[2015.01.24-23.09.03:735][231]Log file closed, 01/24/15 18:09:03
