Log file open, 02/04/15 22:06:31
LogInit:Display: Running engine for game: KodainaKingdom
LogInit: Version: 4.6.1-2386410+++depot+UE4-Releases+4.6
LogInit: API Version: 2369412
LogInit: Compiled (64-bit): Dec 11 2014 21:31:39
LogInit: Compiled with Visual C++: 18.00.21005.01
LogInit: Build Configuration: Development
LogInit: Branch Name: ++depot+UE4-Releases+4.6
LogInit: Command line:  
LogInit: Base directory: C:/Program Files/UE45/Epic Games/4.6/Engine/Binaries/Win64/
LogInit: Rocket: 1
[2015.02.05-03.06.31:775][  0]LogTaskGraph: Started task graph with 3 named threads and 6 total threads.
[2015.02.05-03.06.31:835][  0]LogOnline:Warning: No default platform service specified for OnlineSubsystem
[2015.02.05-03.06.31:893][  0]LogInit: Presizing for 0 objects not considered by GC, pre-allocating 0 bytes.
[2015.02.05-03.06.31:903][  0]LogInit: Object subsystem initialized
[2015.02.05-03.06.31:906][  0]LogInit: Selected Device Profile: [Windows]
[2015.02.05-03.06.31:906][  0]LogInit: Applying CVar settings loaded from the selected device profile: [Windows]
[2015.02.05-03.06.31:915][  0]LogInit: Computer: ASUS
[2015.02.05-03.06.31:915][  0]LogInit: User: Owner
[2015.02.05-03.06.31:915][  0]LogInit: CPU Page size=4096, Cores=4
[2015.02.05-03.06.31:915][  0]LogInit: High frequency timer resolution =2.338346 MHz
[2015.02.05-03.06.31:915][  0]LogMemory: Memory total: Physical=15.9GB (16GB approx) Virtual=131072.0GB
[2015.02.05-03.06.31:915][  0]LogMemory: Platform Memory Stats for Windows
[2015.02.05-03.06.31:915][  0]LogMemory: Process Physical Memory: 48.93 MB used, 48.93 MB peak
[2015.02.05-03.06.31:915][  0]LogMemory: Process Virtual Memory: 25.05 MB used, 25.05 MB peak
[2015.02.05-03.06.31:915][  0]LogMemory: Physical Memory: 3382.09 MB used, 16267.18 MB total
[2015.02.05-03.06.31:915][  0]LogMemory: Virtual Memory: 274.82 MB used, 134217728.00 MB total
[2015.02.05-03.06.32:161][  0]LogD3D11RHI: Found D3D11 adapter 0: Intel(R) HD Graphics 4600 (Feature Level 11_0)
[2015.02.05-03.06.32:161][  0]LogD3D11RHI: Adapter has 32MB of dedicated video memory, 0MB of dedicated system memory, and 1760MB of shared system memory, 1 output[s]
[2015.02.05-03.06.32:172][  0]LogD3D11RHI: Found D3D11 adapter 1: NVIDIA GeForce GT 750M (Feature Level 11_0)
[2015.02.05-03.06.32:172][  0]LogD3D11RHI: Adapter has 1988MB of dedicated video memory, 0MB of dedicated system memory, and 2048MB of shared system memory, 0 output[s]
[2015.02.05-03.06.32:177][  0]LogD3D11RHI: Found D3D11 adapter 2: Microsoft Basic Render Driver (Feature Level 11_0)
[2015.02.05-03.06.32:177][  0]LogD3D11RHI: Adapter has 0MB of dedicated video memory, 0MB of dedicated system memory, and 256MB of shared system memory, 0 output[s]
[2015.02.05-03.06.32:177][  0]LogD3D11RHI: Chosen D3D11 Adapter Id = 0
[2015.02.05-03.06.32:181][  0]LogRHI: Texture pool is 1361 MB (70% of 1945 MB)
[2015.02.05-03.06.32:195][  0]LogD3D11RHI: Async texture creation enabled
[2015.02.05-03.06.32:382][  0]LogTextLocalizationManager: The requested culture ('en_US') has no localization data; parent culture's ('en') localization data will be used.
[2015.02.05-03.06.32:520][  0]LogContentStreaming: Texture pool size is 0.000000MB
[2015.02.05-03.06.37:664][  0]LogTargetPlatformManager:Display: Building Assets For Windows
[2015.02.05-03.06.38:264][  0]LogTargetPlatformManager:Display: Building Assets For Windows
[2015.02.05-03.06.38:343][  0]LogDerivedDataCache:Display: Max Cache Size: 512 MB
[2015.02.05-03.06.38:379][  0]LogDerivedDataCache: Loaded boot cache 0.04s 39MB C:/Users/Owner/AppData/Local/UnrealEngine/4.6/DerivedDataCache/Boot.ddc.
[2015.02.05-03.06.38:379][  0]LogDerivedDataCache:Display: Loaded Boot cache: C:/Users/Owner/AppData/Local/UnrealEngine/4.6/DerivedDataCache/Boot.ddc
[2015.02.05-03.06.38:379][  0]LogDerivedDataCache: FDerivedDataBackendGraph:  Pak pak cache file ../../../../../../../Users/Owner/Documents/Unreal Projects/Kodaina/DerivedDataCache/DDC.ddp not found, will not use a pak cache.
[2015.02.05-03.06.38:379][  0]LogDerivedDataCache: Unable to find inner node Pak for hierarchical cache Hierarchy.
[2015.02.05-03.06.38:437][  0]LogDerivedDataCache:Display: Pak cache opened for reading ../../../Engine/DerivedDataCache/DDC.ddp.
[2015.02.05-03.06.38:450][  0]LogDerivedDataCache: Using Local data cache path C:/Users/Owner/AppData/Local/UnrealEngine/Common/DerivedDataCache: Writable
[2015.02.05-03.06.38:603][  0]LogCollisionProfile:Warning: Profile (UI) - Custom Channel Name = 'Weapon' hasn't been found
[2015.02.05-03.06.38:753][  0]LogMeshUtilities: No automatic mesh reduction module available
[2015.02.05-03.06.38:753][  0]LogMeshUtilities: No automatic mesh merging module available
[2015.02.05-03.06.39:207][  0]LogInit: WinSock: version 1.1 (2.2), MaxSocks=32767, MaxUdp=65467
[2015.02.05-03.06.39:325][  0]LogSlate:Warning: Failed to load font data from '../../../Engine/Content/Slate/Fonts/Roboto-Italic.ttf'
[2015.02.05-03.06.40:667][  0]UdpMessaging: Initializing bridge on interface 0.0.0.0:0 to multicast group 230.0.0.1:6666.
[2015.02.05-03.06.41:056][  0]LogDirectoryWatcher:Warning: Failed to begin reading directory changes for C:/Users/Owner/Documents/Unreal Projects/Kodaina/Binaries/Win64. Error: 0
[2015.02.05-03.06.41:280][  0]SourceControl: Info Source control is disabled
[2015.02.05-03.06.41:280][  0]SourceControl: Info Source control is disabled
[2015.02.05-03.06.41:294][  0]SourceControl: Info Source control is disabled
[2015.02.05-03.06.41:580][  0]LogObj: 24370 objects as part of root set at end of initial load.
[2015.02.05-03.06.41:580][  0]LogUObjectAllocator: 5269600 out of 0 bytes used by permanent object pool.
[2015.02.05-03.06.41:662][  0]LogEngine: Initializing Engine...
[2015.02.05-03.06.41:798][  0]LogInit: XAudio2 using 'Speakers (M-Audio Micro)' : 2 channels at 44.1 kHz using 16 bits per sample (channel mask 0x3)
[2015.02.05-03.06.41:807][  0]LogInit: FAudioDevice initialized.
[2015.02.05-03.06.41:846][  0]LogAIModule: Creating AISystem for world NewWorld
[2015.02.05-03.06.41:869][  0]LogDerivedDataCache: Saved boot cache 0.02s 39MB C:/Users/Owner/AppData/Local/UnrealEngine/4.6/DerivedDataCache/Boot.ddc.
[2015.02.05-03.06.41:872][  0]LogInit: Texture streaming: Enabled
[2015.02.05-03.06.41:931][  0]LogAnalytics: Creating configured Analytics provider AnalyticsET
[2015.02.05-03.06.41:931][  0]LogAnalytics: ET APIKey = Rocket.Release. APIServer = http://et2.epicgames.com/ET2/. AppVersion = 4.6.1-2386410+++depot+UE4-Releases+4.6
[2015.02.05-03.06.41:932][  0]LogAnalytics: SetUserId d53fbd01599cddc5eda2e5a33cd9f114
[2015.02.05-03.06.41:932][  0]LogAnalytics: AnalyticsET::StartSession [Rocket.Release]
[2015.02.05-03.06.41:961][  0]LogInit: Transaction tracking system initialized
[2015.02.05-03.06.42:161][  0]BlueprintLog: New page: Editor Load
[2015.02.05-03.06.42:226][  0]LogAssetRegistry: FAssetRegistry took 0.0112 seconds to start up
[2015.02.05-03.06.42:226][  0]LogDirectoryWatcher:Warning: Failed to begin reading directory changes for ../../../Engine/Plugins/Experimental/CharacterAI/Content/. Error: 0
[2015.02.05-03.06.42:951][  0]LogTargetPlatformManager:Display: Building Assets For Windows
[2015.02.05-03.06.43:350][  0]LogTargetPlatformManager:Display: Building Assets For Windows
[2015.02.05-03.06.43:726][  0]LogConsoleResponse:Display: 
[2015.02.05-03.06.43:773][  0]LogLinker:Warning: Asset '../../../Engine/Content/Functions/Engine_MaterialFunctions03/Procedurals/ComputeFilterWidth.uasset' has been saved with empty engine version. The asset will be loaded but may be incompatible.
[2015.02.05-03.06.44:122][  0]SourceControl: Info Source control is disabled
[2015.02.05-03.06.44:122][  0]Cmd: MAP LOAD FILE="../../../../../../../Users/Owner/Documents/Unreal Projects/Kodaina/Content/Maps/TestLevel.umap" TEMPLATE=0 SHOWPROGRESS=1
[2015.02.05-03.06.44:123][  0]LightingResults: New page: Lighting Build
[2015.02.05-03.06.44:139][  0]MapCheck: New page: Map Check
[2015.02.05-03.06.44:139][  0]LightingResults: New page: Lighting Build
[2015.02.05-03.06.44:146][  0]LogParticles: Destroying 0 GPU particle 