Log file open, 01/21/15 14:38:01
LogInit:Display: Running engine for game: KodainaKingdom
LogInit: Version: 4.6.1-2386410+++depot+UE4-Releases+4.6
LogInit: API Version: 2369412
LogInit: Compiled (64-bit): Dec 11 2014 21:31:39
LogInit: Compiled with Visual C++: 18.00.21005.01
LogInit: Build Configuration: Development
LogInit: Branch Name: ++depot+UE4-Releases+4.6
LogInit: Command line:  
LogInit: Base directory: C:/Program Files/Epic Games/4.6/Engine/Binaries/Win64/
LogInit: Rocket: 1
[2015.01.21-19.38.01:310][  0]LogTaskGraph: Started task graph with 3 named threads and 6 total threads.
[2015.01.21-19.38.01:362][  0]LogOnline:Warning: No default platform service specified for OnlineSubsystem
[2015.01.21-19.38.01:385][  0]LogInit: Presizing for 0 objects not considered by GC, pre-allocating 0 bytes.
[2015.01.21-19.38.01:396][  0]LogInit: Object subsystem initialized
[2015.01.21-19.38.01:399][  0]LogConsoleResponse:Warning: Skipping Unknown console variable: 'UIScaleRule = ShortestSide'
[2015.01.21-19.38.01:399][  0]LogConsoleResponse:Warning:   Found in ini file 'C:/Users/Zim/Documents/Unreal Projects/KodainaKingdom/Saved/Config/Windows/Engine.ini', in section '[/Script/Engine.RendererSettings]'
[2015.01.21-19.38.01:399][  0]LogConsoleResponse:Warning: Skipping Unknown console variable: 'UIScaleCurve = (EditorCurveData=(Keys=),ExternalCurve=None)'
[2015.01.21-19.38.01:399][  0]LogConsoleResponse:Warning:   Found in ini file 'C:/Users/Zim/Documents/Unreal Projects/KodainaKingdom/Saved/Config/Windows/Engine.ini', in section '[/Script/Engine.RendererSettings]'
[2015.01.21-19.38.01:399][  0]LogConsoleManager:Warning: Console variable 'r.MSAA.CompositingSampleCount' wasn't set (Priority ProjectSetting < Scalability)
[2015.01.21-19.38.01:399][  0]LogInit: Selected Device Profile: [Windows]
[2015.01.21-19.38.01:399][  0]LogInit: Applying CVar settings loaded from the selected device profile: [Windows]
[2015.01.21-19.38.01:406][  0]LogInit: Computer: SEAN
[2015.01.21-19.38.01:406][  0]LogInit: User: Zim
[2015.01.21-19.38.01:406][  0]LogInit: CPU Page size=4096, Cores=4
[2015.01.21-19.38.01:406][  0]LogInit: High frequency timer resolution =2.338450 MHz
[2015.01.21-19.38.01:407][  0]LogMemory: Memory total: Physical=15.9GB (16GB approx) Virtual=131072.0GB
[2015.01.21-19.38.01:407][  0]LogMemory: Platform Memory Stats for Windows
[2015.01.21-19.38.01:407][  0]LogMemory: Process Physical Memory: 49.23 MB used, 49.23 MB peak
[2015.01.21-19.38.01:407][  0]LogMemory: Process Virtual Memory: 25.09 MB used, 25.09 MB peak
[2015.01.21-19.38.01:407][  0]LogMemory: Physical Memory: 4032.11 MB used, 16331.28 MB total
[2015.01.21-19.38.01:407][  0]LogMemory: Virtual Memory: 275.69 MB used, 134217728.00 MB total
[2015.01.21-19.38.01:445][  0]LogD3D11RHI: Found D3D11 adapter 0: NVIDIA GeForce GT 750M   (Feature Level 11_0)
[2015.01.21-19.38.01:445][  0]LogD3D11RHI: Adapter has 1985MB of dedicated video memory, 0MB of dedicated system memory, and 2048MB of shared system memory, 1 output[s]
[2015.01.21-19.38.01:470][  0]LogD3D11RHI: Found D3D11 adapter 1: NVIDIA GeForce GT 750M   (Feature Level 11_0)
[2015.01.21-19.38.01:470][  0]LogD3D11RHI: Adapter has 1985MB of dedicated video memory, 0MB of dedicated system memory, and 2048MB of shared system memory, 0 output[s]
[2015.01.21-19.38.01:471][  0]LogD3D11RHI: Found D3D11 adapter 2: Microsoft Basic Render Driver (Feature Level 11_0)
[2015.01.21-19.38.01:471][  0]LogD3D11RHI: Adapter has 0MB of dedicated video memory, 0MB of dedicated system memory, and 256MB of shared system memory, 0 output[s]
[2015.01.21-19.38.01:471][  0]LogD3D11RHI: Chosen D3D11 Adapter Id = 0
[2015.01.21-19.38.01:475][  0]LogRHI: Texture pool is 1361 MB (70% of 1945 MB)
[2015.01.21-19.38.01:490][  0]LogD3D11RHI: Async texture creation enabled
[2015.01.21-19.38.01:559][  0]LogTextLocalizationManager: The requested culture ('en_US') has no localization data; parent culture's ('en') localization data will be used.
[2015.01.21-19.38.01:740][  0]LogContentStreaming: Texture pool size is 0.000000MB
[2015.01.21-19.38.09:165][  0]LogTargetPlatformManager:Display: Building Assets For Windows
[2015.01.21-19.38.09:707][  0]LogTargetPlatformManager:Display: Building Assets For Windows
[2015.01.21-19.38.09:772][  0]LogDerivedDataCache:Display: Max Cache Size: 512 MB
[2015.01.21-19.38.09:819][  0]LogDerivedDataCache: Loaded boot cache 0.05s 39MB C:/Users/Zim/AppData/Local/UnrealEngine/4.6/DerivedDataCache/Boot.ddc.
[2015.01.21-19.38.09:819][  0]LogDerivedDataCache:Display: Loaded Boot cache: C:/Users/Zim/AppData/Local/UnrealEngine/4.6/DerivedDataCache/Boot.ddc
[2015.01.21-19.38.09:819][  0]LogDerivedDataCache: FDerivedDataBackendGraph:  Pak pak cache file ../../../../../../Users/Zim/Documents/Unreal Projects/KodainaKingdom/DerivedDataCache/DDC.ddp not found, will not use a pak cache.
[2015.01.21-19.38.09:819][  0]LogDerivedDataCache: Unable to find inner node Pak for hierarchical cache Hierarchy.
[2015.01.21-19.38.09:908][  0]LogDerivedDataCache:Display: Pak cache opened for reading ../../../Engine/DerivedDataCache/DDC.ddp.
[2015.01.21-19.38.09:920][  0]LogDerivedDataCache: Using Local data cache path C:/Users/Zim/AppData/Local/UnrealEngine/Common/DerivedDataCache: Writable
[2015.01.21-19.38.10:088][  0]LogCollisionProfile:Warning: Profile (UI) - Custom Channel Name = 'Weapon' hasn't been found
[2015.01.21-19.38.10:274][  0]LogMeshUtilities: No automatic mesh reduction module available
[2015.01.21-19.38.10:274][  0]LogMeshUtilities: No automatic mesh merging module available
[2015.01.21-19.38.10:753][  0]LogInit: WinSock: version 1.1 (2.2), MaxSocks=32767, MaxUdp=65467
[2015.01.21-19.38.10:823][  0]LogSlate:Warning: Failed to load font data from '../../../Engine/Content/Slate/Fonts/Roboto-Italic.ttf'
[2015.01.21-19.38.11:781][  0]UdpMessaging: Initializing bridge on interface 0.0.0.0:0 to multicast group 230.0.0.1:6666.
[2015.01.21-19.38.11:962][  0]LogDirectoryWatcher:Warning: Failed to begin reading directory changes for C:/Users/Zim/Documents/Unreal Projects/KodainaKingdom/Binaries/Win64. Error: 0
[2015.01.21-19.38.12:140][  0]SourceControl: Info Source control is disabled
[2015.01.21-19.38.12:140][  0]SourceControl: Info Source control is disabled
[2015.01.21-19.38.12:148][  0]SourceControl: Info Source control is disabled
[2015.01.21-19.38.12:290][  0]LogObj: 23754 objects as part of root set at end of initial load.
[2015.01.21-19.38.12:290][  0]LogUObjectAllocator: 5168128 out of 0 bytes used by permanent object pool.
[2015.01.21-19.38.12:357][  0]LogEngine: Initializing Engine...
[2015.01.21-19.38.12:543][  0]LogInit: XAudio2 using 'Speakers (Realtek High Definition Audio)' : 2 channels at 48 kHz using 32 bits per sample (channel mask 0x3)
[2015.01.21-19.38.12:560][  0]LogInit: FAudioDevice initialized.
[2015.01.21-19.38.12:583][  0]LogAIModule: Creating AISystem for world NewWorld
[2015.01.21-19.38.12:608][  0]LogDerivedDataCache: Saved boot cache 0.02s 39MB C:/Users/Zim/AppData/Local/UnrealEngine/4.6/DerivedDataCache/Boot.ddc.
[2015.01.21-19.38.12:612][  0]LogInit: Texture streaming: Enabled
[2015.01.21-19.38.12:644][  0]LogAnalytics: Creating configured Analytics provider AnalyticsET
[2015.01.21-19.38.12:644][  0]LogAnalytics: ET APIKey = Rocket.Release. APIServer = http://et2.epicgames.com/ET2/. AppVersion = 4.6.1-2386410+++depot+UE4-Releases+4.6
[2015.01.21-19.38.12:646][  0]LogAnalytics: SetUserId e818845727fd16b7b8e647cd16e3db7c
[2015.01.21-19.38.12:646][  0]LogAnalytics: AnalyticsET::StartSession [Rocket.Release]
[2015.01.21-19.38.12:662][  0]LogInit: Transaction tracking system initialized
[2015.01.21-19.38.12:769][  0]BlueprintLog: New page: Editor Load
[2015.01.21-19.38.12:803][  0]LogAssetRegistry: FAssetRegistry took 0.0112 seconds to start up
[2015.01.21-19.38.12:803][  0]LogDirectoryWatcher:Warning: Failed to begin reading directory changes for ../../../Engine/Plugins/Experimental/CharacterAI/Content/. Error: 0
[2015.01.21-19.38.13:405][  0]LogTargetPlatformManager:Display: Building Assets For Windows
[2015.01.21-19.38.13:841][  0]LogTargetPlatformManager:Display: Building Assets For Windows
[2015.01.21-19.38.14:055][  0]LogConsoleResponse:Display: 
[2015.01.21-19.38.14:115][  0]LogLinker:Warning: Asset '../../../Engine/Content/Functions/Engine_MaterialFunctions03/Procedurals/ComputeFilterWidth.uasset' has been saved with empty engine version. The asset will be loaded but may be incompatible.
[2015.01.21-19.38.14:349][  0]SourceControl: Info Source control is disabled
[2015.01.21-19.38.14:349][  0]Cmd: MAP LOAD FILE="../../../../../../Users/Zim/Documents/Unreal Projects/KodainaKingdom/Content/Maps/TestLevel.umap" TEMPLATE=0 SHOWPROGRESS=1
[2015.01.21-19.38.14:349][  0]LightingResults: New page: Lighting Build
[2015.01.21-19.38.14:360][  0]MapCheck: New page: Map Check
[2015.01.21-19.38.14:360][  0]LightingResults: New page: Lighting Build
[2015.01.21-19.38.14:372][  0]LogParticles: Destroying 0 GPU particle simulations for FXSystem 0x0000006114FA5580
[2015.01.21-19.38.14:443][  0]LogEditorServer: Finished looking for orphan Actors (0.000 secs)
[2015.01.21-19.38.14:444][  0]LogAIModule: Creating AISystem for world TestLevel
[2015.01.21-19.38.14:444][  0]Cmd: MAP CHECKDEP
[2015.01.21-19.38.14:444][  0]MapCheck: New page: TestLevel - Jan 21, 2015, 9:38:14 AM
[2015.01.21-19.38.14:546][  0]MapCheck: Info Map check complete: 0 Error(s), 0 Warning(s), took 102.223ms to complete.
[2015.01.21-19.38.14:546][  0]LogFileHelpers: Loading map 'TestLevel' took 0.198
[2015.01.21-19.38.14:625][  0]LogCollectionManager: Loaded 0 collections in 0.001217 seconds
[2015.01.21-19.38.14:824][  0]LogCrashTracker: Crashtracker disabled due to settings.
[2015.01.21-19.38.14:831][  0]LogUObjectGlobals:Warning: Failed to find object 'Class None.'
[2015.01.21-19.38.14:859][  0]LogLoad: Full Startup: 15.78 seconds (BP compile: 0.01 seconds)
[2015.01.21-19.38.15:208][  0]LogContentBrowser:Verbose: The content browser source was changed by the sources view to '/Game/Textures'
[2015.01.21-19.38.15:356][  0]LogRenderer:Warning: Reallocating scene render targets to support 1200x896.
[2015.01.21-19.38.16:874][  5]LogAssetRegistry: Asset discovery search completed in 4.0830 seconds
[2015.01.21-19.38.36:494][539]LogSynthBenchmark:Display: FSynthBenchmark (V0.95):  requested WorkScale=1.00
[2015.01.21-19.38.36:494][539]LogSynthBenchmark:Display: ===============
[2015.01.21-19.38.36:494][539]LogSynthBenchmark:Display: Main Processor:
[2015.01.21-19.38.36:555][539]LogSynthBenchmark:Display:          ... 0.027778 s/Run 'RayIntersect'
[2015.01.21-19.38.36:555][539]LogSynthBenchmark:Display:          ... 0.032825 s/Run 'Fractal'
[2015.01.21-19.38.36:555][539]LogSynthBenchmark:Display: 
[2015.01.21-19.38.36:555][539]LogSynthBenchmark:Display:   CompiledTarget_x_Bits: 64
[2015.01.21-19.38.36:555][539]LogSynthBenchmark:Display:   UE_BUILD_SHIPPING: 0
[2015.01.21-19.38.36:555][539]LogSynthBenchmark:Display:   UE_BUILD_TEST: 0
[2015.01.21-19.38.36:555][539]LogSynthBenchmark:Display:   UE_BUILD_DEBUG: 0
[2015.01.21-19.38.36:555][539]LogSynthBenchmark:Display:   TotalPhysicalGBRam: 16
[2015.01.21-19.38.36:555][539]LogSynthBenchmark:Display:   NumberOfCores (physical): 4
[2015.01.21-19.38.36:555][539]LogSynthBenchmark:Display:   NumberOfCores (logical): 8
[2015.01.21-19.38.36:555][539]LogSynthBenchmark:Display:   CPU Perf Index 0: 92.2
[2015.01.21-19.38.36:555][539]LogSynthBenchmark:Display:   CPU Perf Index 1: 87.1
[2015.01.21-19.38.36:555][539]LogSynthBenchmark:Display:  
[2015.01.21-19.38.36:555][539]LogSynthBenchmark:Display: Graphics:
[2015.01.21-19.38.36:555][539]LogSynthBenchmark:Display:   Adapter Name: 'NVIDIA GeForce GT 750M  '
[2015.01.21-19.38.36:555][539]LogSynthBenchmark:Display:   (On Optimus the name might be wrong, memory should be ok)
[2015.01.21-19.38.36:555][539]LogSynthBenchmark:Display:   Vendor Id: 0x10de
[2015.01.21-19.38.36:555][539]LogSynthBenchmark:Display:   GPU Memory: 1986/0/2049 MB
[2015.01.21-19.38.36:555][539]LogSynthBenchmark:Display:   CPUIndex: 92.2
[2015.01.21-19.38.36:555][539]LogSynthBenchmark:Display:   GPUIndex: -1.$
[2015.01.21-19.38.36:555][539]LogSynthBenchmark:Display: 
[2015.01.21-19.38.36:555][539]LogSynthBenchmark:Display:          ... Total Time: 0.060971 sec
[2015.01.21-19.38.39:750][841]LogContentBrowser:Verbose: The content browser source was changed by the sources view to '/Game/Sprites'
[2015.01.21-19.39.40:470][991]LogContentBrowser:Verbose: The content browser source was changed by the sources view to '/Game/Blueprints'
[2015.01.21-19.39.49:055][773]LogContentBrowser:Verbose: The content browser source was changed by the sources view to '/Game/Maps'
[2015.01.21-19.39.49:925][868]LogContentBrowser:Verbose: The content browser source was changed by the sources view to '/Game/Materials'
[2015.01.21-19.39.52:362][130]LogContentBrowser:Verbose: The content browser source was changed by the sources view to '/Game/Meshes'
[2015.01.21-19.39.53:676][274]LogContentBrowser:Verbose: The content browser source was changed by the sources view to '/Game/Sprites'
[2015.01.21-19.41.55:027][382]LogContentBrowser:Verbose: The content browser source was changed by the sources view to '/Game/Blueprints'
[2015.01.21-19.42.50:509][509]LogActorComponent: UnregisterComponent: (/Engine/Transient.CharacterMovementComponent_0) Not registered. Aborting.
[2015.01.21-19.42.58:667][ 24]BlueprintLog: New page: Compile Dice
[2015.01.21-19.42.58:766][ 24]BlueprintEditorCompileResults: Info [0299.68] Compile of Dice successful! [in 93 ms]
[2015.01.21-19.43.59:440][302]LogPropertyNode:Warning: UI Min (0.001) >= UI Max () for Ranged Numeric
[2015.01.21-19.43.59:444][302]LogPropertyNode:Warning: UI Min (0.001) >= UI Max () for Ranged Numeric
[2015.01.21-19.43.59:510][302]LogPropertyNode:Warning: UI Min (0.001) >= UI Max () for Ranged Numeric
[2015.01.21-19.43.59:511][302]LogPropertyNode:Warning: UI Min (0.001) >= UI Max () for Ranged Numeric
[2015.01.21-19.48.39:083][518]LogActorComponent: UnregisterComponent: (/Engine/Transient.CharacterMovementComponent_1) Not registered. Aborting.
[2015.01.21-19.48.39:107][518]LogFileHelpers: Editor autosave (incl. sublevels) for '/Game/Maps/TestLevel' took 0.024
[2015.01.21-19.48.39:147][518]OBJ SavePackage: Generating thumbnails for [1] asset(s) in package [/Game/Blueprints/Dice] ([1] browsable assets)...
[2015.01.21-19.48.39:191][518]OBJ SavePackage:     Rendered thumbnail for [Blueprint /Game/Blueprints/Dice.Dice]
[2015.01.21-19.48.39:191][518]OBJ SavePackage: Finished generating thumbnails for package [/Game/Blueprints/Dice]
[2015.01.21-19.48.39:819][518]LogSavePackage: Save=531.812073ms
[2015.01.21-19.48.39:819][518]LogSavePackage: Moving '../../../../../../Users/Zim/Documents/Unreal Projects/KodainaKingdom/Saved/Dice_Auto1B951D8B0441F0FF92DA1B884FE98C43B.tmp' to '../../../../../../Users/Zim/Documents/Unreal Projects/KodainaKingdom/Saved/Autosaves/Game/Blueprints/Dice_Auto1.uasset'
[2015.01.21-19.48.39:824][518]LogFileHelpers: Auto-saving content packages took 0.718
[2015.01.21-19.50.52:186][825]BlueprintLog: New page: Compile Dice
[2015.01.21-19.50.52:277][825]BlueprintEditorCompileResults: Info [0773.20] Compile of Dice successful! [in 81 ms]
[2015.01.21-19.50.56:136][117]BlueprintLog: New page: Pre-PIE auto-recompile
[2015.01.21-19.50.56:140][117]LogPlayLevel: [PIE] Compiling Tutorial_BP_MacroLib before PIE...
[2015.01.21-19.50.56:194][117]LogPlayLevel: [PIE] Compiling TestLevel before PIE...
[2015.01.21-19.50.56:266][117]LogPlayLevel: PIE:  Blueprint regeneration took 130 ms (2 blueprints)
[2015.01.21-19.50.56:267][117]PIE: New page: PIE session: TestLevel (Jan 21, 2015, 9:50:56 AM)
[2015.01.21-19.50.56:269][117]LogPlayLevel: PIE: StaticDuplicateObject took: (0.001936s)
[2015.01.21-19.50.56:270][117]LogPlayLevel: PIE: World Init took: (0.000706s)
[2015.01.21-19.50.56:270][117]LogPlayLevel: PIE: Created PIE world by copying editor world from /Game/Maps/TestLevel.TestLevel to /Game/Maps/UEDPIE_0_TestLevel.TestLevel (0.002827s)
[2015.01.21-19.50.56:343][117]LogWorld: Game class is 'Kodaina_C'
[2015.01.21-19.50.56:345][117]LogAIModule: Creating AISystem for world TestLevel
[2015.01.21-19.50.56:347][117]LogWorld: Bringing World /Game/Maps/UEDPIE_0_TestLevel.TestLevel up for play (max tick rate 0) at 2015.01.21-14.50.56
[2015.01.21-19.50.56:348][117]LogWorld: Bringing up level for play took: 0.001897
[2015.01.21-19.50.56:350][117]PIE: Info Play in editor start time for /Game/Maps/UEDPIE_0_TestLevel 0.336
[2015.01.21-19.51.06:873][837]LogParticles: Destroying 0 GPU particle simulations for FXSystem 0x00000061127749A0
[2015.01.21-19.51.07:675][906]BlueprintLog: New page: Pre-PIE auto-recompile
[2015.01.21-19.51.07:679][906]LogPlayLevel: [PIE] Compiling TestLevel before PIE...
[2015.01.21-19.51.07:749][906]LogPlayLevel: PIE:  Blueprint regeneration took 73 ms (1 blueprints)
[2015.01.21-19.51.07:749][906]PIE: New page: PIE session: TestLevel (Jan 21, 2015, 9:51:07 AM)
[2015.01.21-19.51.07:751][906]LogPlayLevel: PIE: StaticDuplicateObject took: (0.001934s)
[2015.01.21-19.51.07:752][906]LogPlayLevel: PIE: World Init took: (0.000565s)
[2015.01.21-19.51.07:752][906]LogPlayLevel: PIE: Created PIE world by copying editor world from /Game/Maps/TestLevel.TestLevel to /Game/Maps/UEDPIE_0_TestLevel.TestLevel (0.002674s)
[2015.01.21-19.51.07:788][906]LogWorld: Game class is 'Kodaina_C'
[2015.01.21-19.51.07:790][906]LogAIModule: Creating AISystem for world TestLevel
[2015.01.21-19.51.07:791][906]LogWorld: Bringing World /Game/Maps/UEDPIE_0_TestLevel.TestLevel up for play (max tick rate 0) at 2015.01.21-14.51.07
[2015.01.21-19.51.07:792][906]LogWorld: Bringing up level for play took: 0.001675
[2015.01.21-19.51.07:794][906]PIE: Info Play in editor start time for /Game/Maps/UEDPIE_0_TestLevel -0.22
[2015.01.21-19.51.19:214][689]LogParticles: Destroying 0 GPU particle simulations for FXSystem 0x00000061262FDF80
[2015.01.21-19.51.32:840][846]LogContentBrowser:Verbose: The content browser source was changed by the sources view to '/Game/Sprites'
[2015.01.21-19.51.34:875][  5]LogContentBrowser:Verbose: The content browser source was changed by the sources view to '/Game/Textures'
[2015.01.21-19.51.36:450][117]LogTexture:Display: Building textures: 0 (AutoDXT)
[2015.01.21-19.51.38:846][309]LogContentBrowser:Verbose: The content browser source was changed by the sources view to '/Game/Textures'
[2015.01.21-19.51.43:378][692]Cmd: OBJ SAVEPACKAGE PACKAGE="/Game/Sprites/0_Sprite" FILE="../../../../../../Users/Zim/Documents/Unreal Projects/KodainaKingdom/Content/Sprites/0_Sprite.uasset" SILENT=true
[2015.01.21-19.51.43:397][692]LogSavePackage: Save=16.578075ms
[2015.01.21-19.51.43:397][692]LogSavePackage: Moving '../../../../../../Users/Zim/Documents/Unreal Projects/KodainaKingdom/Saved/0_SpriteDB625BB248CA3C65964647B4FD9AC54A.tmp' to '../../../../../../Users/Zim/Documents/Unreal Projects/KodainaKingdom/Content/Sprites/0_Sprite.uasset'
[2015.01.21-19.51.43:426][692]LogActorComponent: UnregisterComponent: (/Engine/Transient.CharacterMovementComponent_2) Not registered. Aborting.
[2015.01.21-19.51.44:497][771]LogTexture:Display: Building textures: 1 (AutoDXT)
[2015.01.21-19.51.46:571][938]LogContentBrowser:Verbose: The content browser source was changed by the sources view to '/Game/Textures'
[2015.01.21-19.51.49:109][156]LogTexture:Display: Building textures: 2 (AutoDXT)
[2015.01.21-19.51.51:365][331]LogContentBrowser:Verbose: The content browser source was changed by the sources view to '/Game/Textures'
[2015.01.21-19.51.57:780][877]Cmd: OBJ SAVEPACKAGE PACKAGE="/Game/Sprites/2_Sprite" FILE="../../../../../../Users/Zim/Documents/Unreal Projects/KodainaKingdom/Content/Sprites/2_Sprite.uasset" SILENT=true
[2015.01.21-19.51.57:811][877]LogSavePackage: Save=28.750668ms
[2015.01.21-19.51.57:811][877]LogSavePackage: Moving '../../../../../../Users/Zim/Documents/Unreal Projects/KodainaKingdom/Saved/2_SpriteD37A2F81483B1114A41AA4B8C002B54E.tmp' to '../../../../../../Users/Zim/Documents/Unreal Projects/KodainaKingdom/Content/Sprites/2_Sprite.uasset'
[2015.01.21-19.52.04:153][414]Cmd: OBJ SAVEPACKAGE PACKAGE="/Game/Sprites/1_Sprite" FILE="../../../../../../Users/Zim/Documents/Unreal Projects/KodainaKingdom/Content/Sprites/1_Sprite.uasset" SILENT=true
[2015.01.21-19.52.04:220][414]LogSavePackage: Save=63.831169ms
[2015.01.21-19.52.04:220][414]LogSavePackage: Moving '../../../../../../Users/Zim/Documents/Unreal Projects/KodainaKingdom/Saved/1_SpriteC2BABC0C47AAE8D88373519818FCE9B2.tmp' to '../../../../../../Users/Zim/Documents/Unreal Projects/KodainaKingdom/Content/Sprites/1_Sprite.uasset'
[2015.01.21-19.52.05:452][502]LogTexture:Display: Building textures: 3 (AutoDXT)
[2015.01.21-19.52.07:134][636]LogContentBrowser:Verbose: The content browser source was changed by the sources view to '/Game/Textures'
[2015.01.21-19.52.09:998][873]LogTexture:Display: Building textures: 4 (AutoDXT)
[2015.01.21-19.52.12:260][ 51]LogContentBrowser:Verbose: The content browser source was changed by the sources view to '/Game/Textures'
[2015.01.21-19.52.18:033][545]Cmd: OBJ SAVEPACKAGE PACKAGE="/Game/Sprites/3_Sprite" FILE="../../../../../../Users/Zim/Documents/Unreal Projects/KodainaKingdom/Content/Sprites/3_Sprite.uasset" SILENT=true
[2015.01.21-19.52.18:062][545]LogSavePackage: Save=26.918259ms
[2015.01.21-19.52.18:062][545]LogSavePackage: Moving '../../../../../../Users/Zim/Documents/Unreal Projects/KodainaKingdom/Saved/3_Sprite8C3092334C67140B733415BD35148049.tmp' to '../../../../../../Users/Zim/Documents/Unreal Projects/KodainaKingdom/Content/Sprites/3_Sprite.uasset'
[2015.01.21-19.52.21:269][805]Cmd: OBJ SAVEPACKAGE PACKAGE="/Game/Sprites/4_Sprite" FILE="../../../../../../Users/Zim/Documents/Unreal Projects/KodainaKingdom/Content/Sprites/4_Sprite.uasset" SILENT=true
[2015.01.21-19.52.21:297][805]LogSavePackage: Save=25.504501ms
[2015.01.21-19.52.21:297][805]LogSavePackage: Moving '../../../../../../Users/Zim/Documents/Unreal Projects/KodainaKingdom/Saved/4_Sprite9A1C4AB44143D678AA7B6E8E6F9ECB2D.tmp' to '../../../../../../Users/Zim/Documents/Unreal Projects/KodainaKingdom/Content/Sprites/4_Sprite.uasset'
[2015.01.21-19.52.22:617][901]LogTexture:Display: Building textures: 5 (AutoDXT)
[2015.01.21-19.52.24:543][ 54]LogContentBrowser:Verbose: The content browser source was changed by the sources view to '/Game/Textures'
[2015.01.21-19.52.27:121][273]LogTexture:Display: Building textures: 6 (AutoDXT)
[2015.01.21-19.52.29:150][420]LogContentBrowser:Verbose: The content browser source was changed by the sources view to '/Game/Textures'
[2015.01.21-19.52.33:285][729]Cmd: OBJ SAVEPACKAGE PACKAGE="/Game/Sprites/5_Sprite" FILE="../../../../../../Users/Zim/Documents/Unreal Projects/KodainaKingdom/Content/Sprites/5_Sprite.uasset" SILENT=true
[2015.01.21-19.52.33:310][729]LogSavePackage: Save=22.464453ms
[2015.01.21-19.52.33:310][729]LogSavePackage: Moving '../../../../../../Users/Zim/Documents/Unreal Projects/KodainaKingdom/Saved/5_SpriteFC5A3B7041DF928272C954AD629E5FEA.tmp' to '../../../../../../Users/Zim/Documents/Unreal Projects/KodainaKingdom/Content/Sprites/5_Sprite.uasset'
[2015.01.21-19.52.36:754][996]Cmd: OBJ SAVEPACKAGE PACKAGE="/Game/Sprites/6_Sprite" FILE="../../../../../../Users/Zim/Documents/Unreal Projects/KodainaKingdom/Content/Sprites/6_Sprite.uasset" SILENT=true
[2015.01.21-19.52.36:779][996]LogSavePackage: Save=22.802284ms
[2015.01.21-19.52.36:779][996]LogSavePackage: Moving '../../../../../../Users/Zim/Documents/Unreal Projects/KodainaKingdom/Saved/6_Sprite24BED8934F8385F80F095E89D0EC61B7.tmp' to '../../../../../../Users/Zim/Documents/Unreal Projects/KodainaKingdom/Content/Sprites/6_Sprite.uasset'
[2015.01.21-19.52.38:055][ 92]LogContentBrowser:Verbose: The content browser source was changed by the sources view to '/Game/Blueprints'
[2015.01.21-19.52.42:781][351]LogRenderer:Warning: Reallocating scene render targets to support 1416x896.
[2015.01.21-19.52.45:236][490]LogPropertyNode:Warning: UI Min (0.001) >= UI Max () for Ranged Numeric
[2015.01.21-19.52.50:350][774]LogActorComponent: UnregisterComponent: (/Engine/Transient.CharacterMovementComponent_3) Not registered. Aborting.
[2015.01.21-19.52.53:828][970]BlueprintLog: New page: Compile Dice
[2015.01.21-19.52.53:919][970]LogPropertyNode:Warning: UI Min (0.001) >= UI Max () for Ranged Numeric
[2015.01.21-19.52.53:932][970]BlueprintEditorCompileResults: Info [0894.85] Compile of Dice successful! [in 94 ms]
[2015.01.21-19.52.53:949][970]LogPropertyNode:Warning: UI Min (0.001) >= UI Max () for Ranged Numeric
[2015.01.21-19.52.54:679][  6]Cmd: OBJ SAVEPACKAGE PACKAGE="/Game/Blueprints/Dice" FILE="../../../../../../Users/Zim/Documents/Unreal Projects/KodainaKingdom/Content/Blueprints/Dice.uasset" SILENT=true
[2015.01.21-19.52.55:075][  6]LogSavePackage: Save=308.180206ms
[2015.01.21-19.52.55:075][  6]LogSavePackage: Moving '../../../../../../Users/Zim/Documents/Unreal Projects/KodainaKingdom/Saved/Dice3250A2FC487FC61005E3C7A4D3BD234C.tmp' to '../../../../../../Users/Zim/Documents/Unreal Projects/KodainaKingdom/Content/Blueprints/Dice.uasset'
[2015.01.21-19.52.57:746][159]LogPropertyNode:Warning: UI Min (0.001) >= UI Max () for Ranged Numeric
[2015.01.21-19.53.13:491][362]BlueprintLog: New page: Pre-PIE auto-recompile
[2015.01.21-19.53.13:495][362]LogPlayLevel: [PIE] Compiling TestLevel before PIE...
[2015.01.21-19.53.13:538][362]LogActorComponent: UnregisterComponent: (/Engine/Transient.CharacterMovementComponent_4) Not registered. Aborting.
[2015.01.21-19.53.13:558][362]LogPlayLevel: PIE:  Blueprint regeneration took 66 ms (1 blueprints)
[2015.01.21-19.53.13:558][362]PIE: New page: PIE session: TestLevel (Jan 21, 2015, 9:53:13 AM)
[2015.01.21-19.53.13:560][362]LogPlayLevel: PIE: StaticDuplicateObject took: (0.001975s)
[2015.01.21-19.53.13:561][362]LogPlayLevel: PIE: World Init took: (0.000668s)
[2015.01.21-19.53.13:561][362]LogPlayLevel: PIE: Created PIE world by copying editor world from /Game/Maps/TestLevel.TestLevel to /Game/Maps/UEDPIE_0_TestLevel.TestLevel (0.002828s)
[2015.01.21-19.53.13:593][362]LogWorld: Game class is 'Kodaina_C'
[2015.01.21-19.53.13:595][362]LogAIModule: Creating AISystem for world TestLevel
[2015.01.21-19.53.13:597][362]LogWorld: Bringing World /Game/Maps/UEDPIE_0_TestLevel.TestLevel up for play (max tick rate 0) at 2015.01.21-14.53.13
[2015.01.21-19.53.13:597][362]LogWorld: Bringing up level for play took: 0.001775
[2015.01.21-19.53.13:600][362]PIE: Info Play in editor start time for /Game/Maps/UEDPIE_0_TestLevel -0.414
[2015.01.21-19.53.15:192][461]LogParticles: Destroying 0 GPU particle simulations for FXSystem 0x00000061262FD9E0
[2015.01.21-19.53.26:343][355]BlueprintLog: New page: Pre-PIE auto-recompile
[2015.01.21-19.53.26:347][355]LogPlayLevel: [PIE] Compiling TestLevel before PIE...
[2015.01.21-19.53.26:410][355]LogPlayLevel: PIE:  Blueprint regeneration took 66 ms (1 blueprints)
[2015.01.21-19.53.26:410][355]PIE: New page: PIE session: TestLevel (Jan 21, 2015, 9:53:26 AM)
[2015.01.21-19.53.26:412][355]LogPlayLevel: PIE: StaticDuplicateObject took: (0.002172s)
[2015.01.21-19.53.26:413][355]LogPlayLevel: PIE: World Init took: (0.000571s)
[2015.01.21-19.53.26:413][355]LogPlayLevel: PIE: Created PIE world by copying editor world from /Game/Maps/TestLevel.TestLevel to /Game/Maps/UEDPIE_0_TestLevel.TestLevel (0.002918s)
[2015.01.21-19.53.26:448][355]LogWorld: Game class is 'Kodaina_C'
[2015.01.21-19.53.26:450][355]LogAIModule: Creating AISystem for world TestLevel
[2015.01.21-19.53.26:452][355]LogWorld: Bringing World /Game/Maps/UEDPIE_0_TestLevel.TestLevel up for play (max tick rate 0) at 2015.01.21-14.53.26
[2015.01.21-19.53.26:452][355]LogWorld: Bringing up level for play took: 0.001880
[2015.01.21-19.53.26:455][355]PIE: Info Play in editor start time for /Game/Maps/UEDPIE_0_TestLevel 0.441
[2015.01.21-19.53.27:714][432]LogParticles: Destroying 0 GPU particle simulations for FXSystem 0x000000611CF50180
[2015.01.21-19.53.31:435][720]BlueprintLog: New page: Pre-PIE auto-recompile
[2015.01.21-19.53.31:439][720]LogPlayLevel: [PIE] Compiling TestLevel before PIE...
[2015.01.21-19.53.31:503][720]LogPlayLevel: PIE:  Blueprint regeneration took 68 ms (1 blueprints)
[2015.01.21-19.53.31:504][720]PIE: New page: PIE session: TestLevel (Jan 21, 2015, 9:53:31 AM)
[2015.01.21-19.53.31:506][720]LogPlayLevel: PIE: StaticDuplicateObject took: (0.002051s)
[2015.01.21-19.53.31:507][720]LogPlayLevel: PIE: World Init took: (0.000568s)
[2015.01.21-19.53.31:507][720]LogPlayLevel: PIE: Created PIE world by copying editor world from /Game/Maps/TestLevel.TestLevel to /Game/Maps/UEDPIE_0_TestLevel.TestLevel (0.002839s)
[2015.01.21-19.53.31:537][720]LogWorld: Game class is 'Kodaina_C'
[2015.01.21-19.53.31:539][720]LogAIModule: Creating AISystem for world TestLevel
[2015.01.21-19.53.31:541][720]LogWorld: Bringing World /Game/Maps/UEDPIE_0_TestLevel.TestLevel up for play (max tick rate 0) at 2015.01.21-14.53.31
[2015.01.21-19.53.31:541][720]LogWorld: Bringing up level for play took: 0.002022
[2015.01.21-19.53.31:543][720]PIE: Info Play in editor start time for /Game/Maps/UEDPIE_0_TestLevel -0.471
[2015.01.21-19.53.35:663][993]LogParticles: Destroying 0 GPU particle simulations for FXSystem 0x0000006121CCFE20
[2015.01.21-19.53.43:784][663]LogEditorViewport: Clicking on Actor (LMB): PlayerStart (PlayerStart)
[2015.01.21-19.53.44:968][752]LogEditorViewport: Clicking on Actor (context menu): PaperSpriteActor (Sky)
[2015.01.21-19.53.44:978][752]LogPropertyNode:Warning: UI Min (0.001) >= UI Max () for Ranged Numeric
[2015.01.21-19.53.46:439][839]LogEditorViewport: Clicking on Actor (LMB): PaperSpriteActor (Sky)
[2015.01.21-19.53.46:448][839]LogPropertyNode:Warning: UI Min (0.001) >= UI Max () for Ranged Numeric
[2015.01.21-19.53.47:471][913]LogEditorViewport: Clicking on Actor (LMB): Dice_C (Dice)
[2015.01.21-19.54.12:724][418]BlueprintLog: New page: Compile Dice
[2015.01.21-19.54.12:792][418]LogActorComponent: UnregisterComponent: (/Engine/Transient.CharacterMovementComponent_5) Not registered. Aborting.
[2015.01.21-19.54.12:827][418]BlueprintEditorCompileResults: Info [0973.75] Compile of Dice successful! [in 93 ms]
[2015.01.21-19.54.13:450][443]Cmd: OBJ SAVEPACKAGE PACKAGE="/Game/Blueprints/Dice" FILE="../../../../../../Users/Zim/Documents/Unreal Projects/KodainaKingdom/Content/Blueprints/Dice.uasset" SILENT=true
[2015.01.21-19.54.13:839][443]LogSavePackage: Save=296.374512ms
[2015.01.21-19.54.13:839][443]LogSavePackage: Moving '../../../../../../Users/Zim/Documents/Unreal Projects/KodainaKingdom/Saved/Dice14B36FCF4C7FC102A189698362A4B5F0.tmp' to '../../../../../../Users/Zim/Documents/Unreal Projects/KodainaKingdom/Content/Blueprints/Dice.uasset'
[2015.01.21-19.54.17:669][684]BlueprintLog: New page: Pre-PIE auto-recompile
[2015.01.21-19.54.17:673][684]LogPlayLevel: [PIE] Compiling TestLevel before PIE...
[2015.01.21-19.54.17:737][684]LogPlayLevel: PIE:  Blueprint regeneration took 67 ms (1 blueprints)
[2015.01.21-19.54.17:737][684]PIE: New page: PIE session: TestLevel (Jan 21, 2015, 9:54:17 AM)
[2015.01.21-19.54.17:739][684]LogPlayLevel: PIE: StaticDuplicateObject took: (0.001954s)
[2015.01.21-19.54.17:740][684]LogPlayLevel: PIE: World Init took: (0.000613s)
[2015.01.21-19.54.17:740][684]LogPlayLevel: PIE: Created PIE world by copying editor world from /Game/Maps/TestLevel.TestLevel to /Game/Maps/UEDPIE_0_TestLevel.TestLevel (0.002739s)
[2015.01.21-19.54.17:773][684]LogWorld: Game class is 'Kodaina_C'
[2015.01.21-19.54.17:775][684]LogAIModule: Creating AISystem for world TestLevel
[2015.01.21-19.54.17:777][684]LogWorld: Bringing World /Game/Maps/UEDPIE_0_TestLevel.TestLevel up for play (max tick rate 0) at 2015.01.21-14.54.17
[2015.01.21-19.54.17:778][684]LogWorld: Bringing up level for play took: 0.002092
[2015.01.21-19.54.17:780][684]PIE: Info Play in editor start time for /Game/Maps/UEDPIE_0_TestLevel -0.234
[2015.01.21-19.54.21:824][951]LogParticles: Destroying 0 GPU particle simulations for FXSystem 0x000000610F35A660
[2015.01.21-19.54.29:590][379]BlueprintLog: New page: Compile Dice
[2015.01.21-19.54.29:690][379]BlueprintEditorCompileResults: Info [0990.61] Compile of Dice successful! [in 90 ms]
[2015.01.21-19.54.30:485][412]Cmd: OBJ SAVEPACKAGE PACKAGE="/Game/Blueprints/Dice" FILE="../../../../../../Users/Zim/Documents/Unreal Projects/KodainaKingdom/Content/Blueprints/Dice.uasset" SILENT=true
[2015.01.21-19.54.30:862][412]LogSavePackage: Save=289.953186ms
[2015.01.21-19.54.30:862][412]LogSavePackage: Moving '../../../../../../Users/Zim/Documents/Unreal Projects/KodainaKingdom/Saved/DiceC108B28A41A0DF40A65299907E7B0B21.tmp' to '../../../../../../Users/Zim/Documents/Unreal Projects/KodainaKingdom/Content/Blueprints/Dice.uasset'
[2015.01.21-19.54.39:799][994]Cmd: OBJ SAVEPACKAGE PACKAGE="/Game/Maps/TestLevel" FILE="../../../../../../Users/Zim/Documents/Unreal Projects/KodainaKingdom/Content/Maps/TestLevel.umap" SILENT=true AUTOSAVING=false KEEPDIRTY=false
[2015.01.21-19.54.39:939][994]LogSavePackage: Save=27.632406ms
[2015.01.21-19.54.39:939][994]LogSavePackage: Moving '../../../../../../Users/Zim/Documents/Unreal Projects/KodainaKingdom/Saved/TestLevel7CE0994B4F75D70596092CB00B04CD6F.tmp' to '../../../../../../Users/Zim/Documents/Unreal Projects/KodainaKingdom/Content/Maps/TestLevel.umap'
[2015.01.21-19.54.40:050][994]LogFileHelpers: Saving map 'TestLevel' took 1.108
[2015.01.21-19.54.40:052][994]Cmd: OBJ SAVEPACKAGE PACKAGE="/Game/Textures/0_Sprite" FILE="../../../../../../Users/Zim/Documents/Unreal Projects/KodainaKingdom/Content/Textures/0_Sprite.uasset" SILENT=true
[2015.01.21-19.54.40:058][994]LogSavePackage: Save=3.253437ms
[2015.01.21-19.54.40:058][994]LogSavePackage: Moving '../../../../../../Users/Zim/Documents/Unreal Projects/KodainaKingdom/Saved/0_SpriteD3267E1C43EF5713D23083A3B9FAC499.tmp' to '../../../../../../Users/Zim/Documents/Unreal Projects/KodainaKingdom/Content/Textures/0_Sprite.uasset'
[2015.01.21-19.54.40:064][994]Cmd: OBJ SAVEPACKAGE PACKAGE="/Game/Textures/1_Sprite" FILE="../../../../../../Users/Zim/Documents/Unreal Projects/KodainaKingdom/Content/Textures/1_Sprite.uasset" SILENT=true
[2015.01.21-19.54.40:070][994]LogSavePackage: Save=3.203832ms
[2015.01.21-19.54.40:070][994]LogSavePackage: Moving '../../../../../../Users/Zim/Documents/Unreal Projects/KodainaKingdom/Saved/1_Sprite51E0495E42E98C6310D9BAAD1D98B82B.tmp' to '../../../../../../Users/Zim/Documents/Unreal Projects/KodainaKingdom/Content/Textures/1_Sprite.uasset'
[2015.01.21-19.54.40:076][994]Cmd: OBJ SAVEPACKAGE PACKAGE="/Game/Textures/2_Sprite" FILE="../../../../../../Users/Zim/Documents/Unreal Projects/KodainaKingdom/Content/Textures/2_Sprite.uasset" SILENT=true
[2015.01.21-19.54.40:081][994]LogSavePackage: Save=3.188009ms
[2015.01.21-19.54.40:081][994]LogSavePackage: Moving '../../../../../../Users/Zim/Documents/Unreal Projects/KodainaKingdom/Saved/2_Sprite2876EB5547B1851E80F2E6AD52003CDE.tmp' to '../../../../../../Users/Zim/Documents/Unreal Projects/KodainaKingdom/Content/Textures/2_Sprite.uasset'
[2015.01.21-19.54.40:087][994]Cmd: OBJ SAVEPACKAGE PACKAGE="/Game/Textures/3_Sprite" FILE="../../../../../../Users/Zim/Documents/Unreal Projects/KodainaKingdom/Content/Textures/3_Sprite.uasset" SILENT=true
[2015.01.21-19.54.40:093][994]LogSavePackage: Save=3.072976ms
[2015.01.21-19.54.40:093][994]LogSavePackage: Moving '../../../../../../Users/Zim/Documents/Unreal Projects/KodainaKingdom/Saved/3_SpriteBE608C03460EBA9DB31EC79C9989F481.tmp' to '../../../../../../Users/Zim/Documents/Unreal Projects/KodainaKingdom/Content/Textures/3_Sprite.uasset'
[2015.01.21-19.54.40:099][994]Cmd: OBJ SAVEPACKAGE PACKAGE="/Game/Textures/4_Sprite" FILE="../../../../../../Users/Zim/Documents/Unreal Projects/KodainaKingdom/Content/Textures/4_Sprite.uasset" SILENT=true
[2015.01.21-19.54.40:104][994]LogSavePackage: Save=3.151660ms
[2015.01.21-19.54.40:104][994]LogSavePackage: Moving '../../../../../../Users/Zim/Documents/Unreal Projects/KodainaKingdom/Saved/4_SpriteD248CB4541FE2BE988220A96240CB986.tmp' to '../../../../../../Users/Zim/Documents/Unreal Projects/KodainaKingdom/Content/Textures/4_Sprite.uasset'
[2015.01.21-19.54.40:113][994]Cmd: OBJ SAVEPACKAGE PACKAGE="/Game/Textures/5_Sprite" FILE="../../../../../../Users/Zim/Documents/Unreal Projects/KodainaKingdom/Content/Textures/5_Sprite.uasset" SILENT=true
[2015.01.21-19.54.40:120][994]LogSavePackage: Save=3.160640ms
[2015.01.21-19.54.40:120][994]LogSavePackage: Moving '../../../../../../Users/Zim/Documents/Unreal Projects/KodainaKingdom/Saved/5_SpriteD748234E4B6076793125B7A2A17068E6.tmp' to '../../../../../../Users/Zim/Documents/Unreal Projects/KodainaKingdom/Content/Textures/5_Sprite.uasset'
[2015.01.21-19.54.40:125][994]Cmd: OBJ SAVEPACKAGE PACKAGE="/Game/Textures/6_Sprite" FILE="../../../../../../Users/Zim/Documents/Unreal Projects/KodainaKingdom/Content/Textures/6_Sprite.uasset" SILENT=true
[2015.01.21-19.54.40:131][994]LogSavePackage: Save=3.226924ms
[2015.01.21-19.54.40:131][994]LogSavePackage: Moving '../../../../../../Users/Zim/Documents/Unreal Projects/KodainaKingdom/Saved/6_Sprite5E48D76B48A193B1E4536298D25B50B5.tmp' to '../../../../../../Users/Zim/Documents/Unreal Projects/KodainaKingdom/Content/Textures/6_Sprite.uasset'
[2015.01.21-19.54.41:287][ 80]BlueprintLog: New page: Pre-PIE auto-recompile
[2015.01.21-19.54.41:292][ 80]LogPlayLevel: [PIE] Compiling TestLevel before PIE...
[2015.01.21-19.54.41:358][ 80]LogPlayLevel: PIE:  Blueprint regeneration took 70 ms (1 blueprints)
[2015.01.21-19.54.41:358][ 80]PIE: New page: PIE session: TestLevel (Jan 21, 2015, 9:54:41 AM)
[2015.01.21-19.54.41:361][ 80]LogPlayLevel: PIE: StaticDuplicateObject took: (0.002043s)
[2015.01.21-19.54.41:361][ 80]LogPlayLevel: PIE: World Init took: (0.000644s)
[2015.01.21-19.54.41:361][ 80]LogPlayLevel: PIE: Created PIE world by copying editor world from /Game/Maps/TestLevel.TestLevel to /Game/Maps/UEDPIE_0_TestLevel.TestLevel (0.002855s)
[2015.01.21-19.54.41:396][ 80]LogWorld: Game class is 'Kodaina_C'
[2015.01.21-19.54.41:398][ 80]LogAIModule: Creating AISystem for world TestLevel
[2015.01.21-19.54.41:400][ 80]LogWorld: Bringing World /Game/Maps/UEDPIE_0_TestLevel.TestLevel up for play (max tick rate 0) at 2015.01.21-14.54.41
[2015.01.21-19.54.41:401][ 80]LogWorld: Bringing up level for play took: 0.001744
[2015.01.21-19.54.41:403][ 80]PIE: Info Play in editor start time for /Game/Maps/UEDPIE_0_TestLevel -0.612
[2015.01.21-19.54.42:180][123]LogParticles: Destroying 0 GPU particle simulations for FXSystem 0x0000006132C95080
[2015.01.21-19.54.44:781][333]LogEditorViewport: Clicking on Actor (LMB): PaperSpriteActor (Sky)
[2015.01.21-19.54.44:790][333]LogPropertyNode:Warning: UI Min (0.001) >= UI Max () for Ranged Numeric
[2015.01.21-19.54.53:205][978]BlueprintLog: New page: Pre-PIE auto-recompile
[2015.01.21-19.54.53:209][978]LogPlayLevel: [PIE] Compiling TestLevel before PIE...
[2015.01.21-19.54.53:272][978]LogPlayLevel: PIE:  Blueprint regeneration took 67 ms (1 blueprints)
[2015.01.21-19.54.53:272][978]PIE: New page: PIE session: TestLevel (Jan 21, 2015, 9:54:53 AM)
[2015.01.21-19.54.53:275][978]LogPlayLevel: PIE: StaticDuplicateObject took: (0.002092s)
[2015.01.21-19.54.53:275][978]LogPlayLevel: PIE: World Init took: (0.000587s)
[2015.01.21-19.54.53:275][978]LogPlayLevel: PIE: Created PIE world by copying editor world from /Game/Maps/TestLevel.TestLevel to /Game/Maps/UEDPIE_0_TestLevel.TestLevel (0.002854s)
[2015.01.21-19.54.53:310][978]LogWorld: Game class is 'Kodaina_C'
[2015.01.21-19.54.53:312][978]LogAIModule: Creating AISystem for world TestLevel
[2015.01.21-19.54.53:313][978]LogWorld: Bringing World /Game/Maps/UEDPIE_0_TestLevel.TestLevel up for play (max tick rate 0) at 2015.01.21-14.54.53
[2015.01.21-19.54.53:314][978]LogWorld: Bringing up level for play took: 0.001782
[2015.01.21-19.54.53:316][978]PIE: Info Play in editor start time for /Game/Maps/UEDPIE_0_TestLevel -0.698
[2015.01.21-19.54.55:295][105]LogParticles: Destroying 0 GPU particle simulations for FXSystem 0x000000611F469EE0
[2015.01.21-19.55.17:815][283]BlueprintLog: New page: Compile Dice
[2015.01.21-19.55.17:882][283]LogActorComponent: UnregisterComponent: (/Engine/Transient.CharacterMovementComponent_6) Not registered. Aborting.
[2015.01.21-19.55.17:919][283]BlueprintEditorCompileResults: Info [1038.84] Compile of Dice successful! [in 94 ms]
[2015.01.21-19.55.18:687][316]Cmd: OBJ SAVEPACKAGE PACKAGE="/Game/Blueprints/Dice" FILE="../../../../../../Users/Zim/Documents/Unreal Projects/KodainaKingdom/Content/Blueprints/Dice.uasset" SILENT=true
[2015.01.21-19.55.19:068][316]LogSavePackage: Save=294.331299ms
[2015.01.21-19.55.19:068][316]LogSavePackage: Moving '../../../../../../Users/Zim/Documents/Unreal Projects/KodainaKingdom/Saved/Dice6CEB6842471633E0DE1E45B40F38CA34.tmp' to '../../../../../../Users/Zim/Documents/Unreal Projects/KodainaKingdom/Content/Blueprints/Dice.uasset'
[2015.01.21-19.55.22:131][514]BlueprintLog: New page: Pre-PIE auto-recompile
[2015.01.21-19.55.22:135][514]LogPlayLevel: [PIE] Compiling TestLevel before PIE...
[2015.01.21-19.55.22:196][514]LogPlayLevel: PIE:  Blueprint regeneration took 65 ms (1 blueprints)
[2015.01.21-19.55.22:197][514]PIE: New page: PIE session: TestLevel (Jan 21, 2015, 9:55:22 AM)
[2015.01.21-19.55.22:199][514]LogPlayLevel: PIE: StaticDuplicateObject took: (0.001956s)
[2015.01.21-19.55.22:199][514]LogPlayLevel: PIE: World Init took: (0.000615s)
[2015.01.21-19.55.22:200][514]LogPlayLevel: PIE: Created PIE world by copying editor world from /Game/Maps/TestLevel.TestLevel to /Game/Maps/UEDPIE_0_TestLevel.TestLevel (0.002842s)
[2015.01.21-19.55.22:231][514]LogWorld: Game class is 'Kodaina_C'
[2015.01.21-19.55.22:233][514]LogAIModule: Creating AISystem for world TestLevel
[2015.01.21-19.55.22:235][514]LogWorld: Bringing World /Game/Maps/UEDPIE_0_TestLevel.TestLevel up for play (max tick rate 0) at 2015.01.21-14.55.22
[2015.01.21-19.55.22:236][514]LogWorld: Bringing up level for play took: 0.001937
[2015.01.21-19.55.22:238][514]PIE: Info Play in editor start time for /Game/Maps/UEDPIE_0_TestLevel 0.223
[2015.01.21-19.55.25:929][759]LogParticles: Destroying 0 GPU particle simulations for FXSystem 0x0000006132C95EE0
[2015.01.21-19.55.27:080][844]BlueprintLog: New page: Pre-PIE auto-recompile
[2015.01.21-19.55.27:084][844]LogPlayLevel: [PIE] Compiling TestLevel before PIE...
[2015.01.21-19.55.27:148][844]LogPlayLevel: PIE:  Blueprint regeneration took 68 ms (1 blueprints)
[2015.01.21-19.55.27:148][844]PIE: New page: PIE session: TestLevel (Jan 21, 2015, 9:55:27 AM)
[2015.01.21-19.55.27:151][844]LogPlayLevel: PIE: StaticDuplicateObject took: (0.002138s)
[2015.01.21-19.55.27:151][844]LogPlayLevel: PIE: World Init took: (0.000558s)
[2015.01.21-19.55.27:152][844]LogPlayLevel: PIE: Created PIE world by copying editor world from /Game/Maps/TestLevel.TestLevel to /Game/Maps/UEDPIE_0_TestLevel.TestLevel (0.002873s)
[2015.01.21-19.55.27:184][844]LogWorld: Game class is 'Kodaina_C'
[2015.01.21-19.55.27:186][844]LogAIModule: Creating AISystem for world TestLevel
[2015.01.21-19.55.27:187][844]LogWorld: Bringing World /Game/Maps/UEDPIE_0_TestLevel.TestLevel up for play (max tick rate 0) at 2015.01.21-14.55.27
[2015.01.21-19.55.27:188][844]LogWorld: Bringing up level for play took: 0.001717
[2015.01.21-19.55.27:190][844]PIE: Info Play in editor start time for /Game/Maps/UEDPIE_0_TestLevel -0.824
[2015.01.21-19.55.35:567][414]LogParticles: Destroying 0 GPU particle simulations for FXSystem 0x0000006126797CE0
[2015.01.21-19.56.10:960][236]Cmd: OBJ SAVEPACKAGE PACKAGE="/Game/Blueprints/Dice" FILE="../../../../../../Users/Zim/Documents/Unreal Projects/KodainaKingdom/Content/Blueprints/Dice.uasset" SILENT=true
[2015.01.21-19.56.11:075][236]LogSavePackage: Save=23.134983ms
[2015.01.21-19.56.11:075][236]LogSavePackage: Moving '../../../../../../Users/Zim/Documents/Unreal Projects/KodainaKingdom/Saved/DiceFAC6B342472E4FD60CCABBAA83F0D326.tmp' to '../../../../../../Users/Zim/Documents/Unreal Projects/KodainaKingdom/Content/Blueprints/Dice.uasset'
[2015.01.21-19.56.57:269][753]LogContentBrowser:Verbose: The content browser source was changed by the sources view to '/Game/Data'
[2015.01.21-19.57.02:006][ 95]LogActorComponent: UnregisterComponent: (/Engine/Transient.CharacterMovementComponent_7) Not registered. Aborting.
[2015.01.21-19.57.07:518][499]LogEnum:Warning: Enum Text (INVALID) for Enum DiceState failed to resolve to any value
[2015.01.21-19.57.07:518][499]LogEnum:Warning: Enum Text (INVALID) for Enum DiceState failed to resolve to any value
[2015.01.21-19.57.07:518][499]LogEnum:Warning: Enum Text (INVALID) for Enum DiceState failed to resolve to any value
[2015.01.21-19.57.07:518][499]LogEnum:Warning: Enum Text (INVALID) for Enum DiceState failed to resolve to any value
[2015.01.21-19.57.07:518][499]LogEnum:Warning: Enum Text (INVALID) for Enum DiceState failed to resolve to any value
[2015.01.21-19.57.07:519][499]LogEnum:Warning: Enum Text (INVALID) for Enum DiceState failed to resolve to any value
[2015.01.21-19.57.07:519][499]LogEnum:Warning: Enum Text (INVALID) for Enum DiceState failed to resolve to any value
[2015.01.21-19.57.11:834][811]LogEnum:Warning: Enum Text (INVALID) for Enum DiceState failed to resolve to any value
[2015.01.21-19.57.11:834][811]LogEnum:Warning: Enum Text (INVALID) for Enum DiceState failed to resolve to any value
[2015.01.21-19.57.11:834][811]LogEnum:Warning: Enum Text (INVALID) for Enum DiceState failed to resolve to any value
[2015.01.21-19.57.11:834][811]LogEnum:Warning: Enum Text (INVALID) for Enum DiceState failed to resolve to any value
[2015.01.21-19.57.11:834][811]LogEnum:Warning: Enum Text (INVALID) for Enum DiceState failed to resolve to any value
[2015.01.21-19.57.11:834][811]LogEnum:Warning: Enum Text (INVALID) for Enum DiceState failed to resolve to any value
[2015.01.21-19.57.11:834][811]LogEnum:Warning: Enum Text (INVALID) for Enum DiceState failed to resolve to any value
[2015.01.21-19.57.16:003][114]LogEnum:Warning: Enum Text (INVALID) for Enum DiceState failed to resolve to any value
[2015.01.21-19.57.16:003][114]LogEnum:Warning: Enum Text (INVALID) for Enum DiceState failed to resolve to any value
[2015.01.21-19.57.16:003][114]LogEnum:Warning: Enum Text (INVALID) for Enum DiceState failed to resolve to any value
[2015.01.21-19.57.16:003][114]LogEnum:Warning: Enum Text (INVALID) for Enum DiceState failed to resolve to any value
[2015.01.21-19.57.16:003][114]LogEnum:Warning: Enum Text (INVALID) for Enum DiceState failed to resolve to any value
[2015.01.21-19.57.16:003][114]LogEnum:Warning: Enum Text (INVALID) for Enum DiceState failed to resolve to any value
[2015.01.21-19.57.16:003][114]LogEnum:Warning: Enum Text (INVALID) for Enum DiceState failed to resolve to any value
[2015.01.21-19.57.20:253][426]LogEnum:Warning: Enum Text (INVALID) for Enum DiceState failed to resolve to any value
[2015.01.21-19.57.20:253][426]LogEnum:Warning: Enum Text (INVALID) for Enum DiceState failed to resolve to any value
[2015.01.21-19.57.20:253][426]LogEnum:Warning: Enum Text (INVALID) for Enum DiceState failed to resolve to any value
[2015.01.21-19.57.20:253][426]LogEnum:Warning: Enum Text (INVALID) for Enum DiceState failed to resolve to any value
[2015.01.21-19.57.20:253][426]LogEnum:Warning: Enum Text (INVALID) for Enum DiceState failed to resolve to any value
[2015.01.21-19.57.20:253][426]LogEnum:Warning: Enum Text (INVALID) for Enum DiceState failed to resolve to any value
[2015.01.21-19.57.20:253][426]LogEnum:Warning: Enum Text (INVALID) for Enum DiceState failed to resolve to any value
[2015.01.21-19.57.24:220][716]LogEnum:Warning: Enum Text (INVALID) for Enum DiceState failed to resolve to any value
[2015.01.21-19.57.24:220][716]LogEnum:Warning: Enum Text (INVALID) for Enum DiceState failed to resolve to any value
[2015.01.21-19.57.24:220][716]LogEnum:Warning: Enum Text (INVALID) for Enum DiceState failed to resolve to any value
[2015.01.21-19.57.24:220][716]LogEnum:Warning: Enum Text (INVALID) for Enum DiceState failed to resolve to any value
[2015.01.21-19.57.24:220][716]LogEnum:Warning: Enum Text (INVALID) for Enum DiceState failed to resolve to any value
[2015.01.21-19.57.24:220][716]LogEnum:Warning: Enum Text (INVALID) for Enum DiceState failed to resolve to any value
[2015.01.21-19.57.24:220][716]LogEnum:Warning: Enum Text (INVALID) for Enum DiceState failed to resolve to any value
[2015.01.21-19.57.28:183][  6]LogEnum:Warning: Enum Text (INVALID) for Enum DiceState failed to resolve to any value
[2015.01.21-19.57.28:183][  6]LogEnum:Warning: Enum Text (INVALID) for Enum DiceState failed to resolve to any value
[2015.01.21-19.57.28:183][  6]LogEnum:Warning: Enum Text (INVALID) for Enum DiceState failed to resolve to any value
[2015.01.21-19.57.28:184][  6]LogEnum:Warning: Enum Text (INVALID) for Enum DiceState failed to resolve to any value
[2015.01.21-19.57.28:184][  6]LogEnum:Warning: Enum Text (INVALID) for Enum DiceState failed to resolve to any value
[2015.01.21-19.57.28:184][  6]LogEnum:Warning: Enum Text (INVALID) for Enum DiceState failed to resolve to any value
[2015.01.21-19.57.28:184][  6]LogEnum:Warning: Enum Text (INVALID) for Enum DiceState failed to resolve to any value
[2015.01.21-19.57.28:279][  9]Cmd: OBJ SAVEPACKAGE PACKAGE="/Game/Data/DiceState" FILE="../../../../../../Users/Zim/Documents/Unreal Projects/KodainaKingdom/Content/Data/DiceState.uasset" SILENT=true
[2015.01.21-19.57.28:376][  9]LogSavePackage: Save=4.258376ms
[2015.01.21-19.57.28:376][  9]LogSavePackage: Moving '../../../../../../Users/Zim/Documents/Unreal Projects/KodainaKingdom/Saved/DiceStateF31E4B614B9BF850AAF611916D0629F6.tmp' to '../../../../../../Users/Zim/Documents/Unreal Projects/KodainaKingdom/Content/Data/DiceState.uasset'
[2015.01.21-19.59.27:912][ 85]BlueprintLog: New page: Compile Dice
[2015.01.21-19.59.28:033][ 85]BlueprintEditorCompileResults: Info [1288.95] Compile of Dice successful! [in 112 ms]
[2015.01.21-19.59.28:708][112]Cmd: OBJ SAVEPACKAGE PACKAGE="/Game/Blueprints/Dice" FILE="../../../../../../Users/Zim/Documents/Unreal Projects/KodainaKingdom/Content/Blueprints/Dice.uasset" SILENT=true
[2015.01.21-19.59.29:105][112]LogSavePackage: Save=298.325378ms
[2015.01.21-19.59.29:105][112]LogSavePackage: Moving '../../../../../../Users/Zim/Documents/Unreal Projects/KodainaKingdom/Saved/Dice08000D06460F7A948D2CD59718572ED2.tmp' to '../../../../../../Users/Zim/Documents/Unreal Projects/KodainaKingdom/Content/Blueprints/Dice.uasset'
[2015.01.21-20.01.51:393][906]LogUObjectGlobals:Warning: Failed to find object 'Object None.'
[2015.01.21-20.02.01:332][380]BlueprintLog: New page: Compile Dice
[2015.01.21-20.02.01:443][380]BlueprintEditorCompileResults: Info [1442.36] Compile of Dice successful! [in 97 ms]
[2015.01.21-20.02.03:542][463]Cmd: OBJ SAVEPACKAGE PACKAGE="/Game/Maps/TestLevel" FILE="../../../../../../Users/Zim/Documents/Unreal Projects/KodainaKingdom/Content/Maps/TestLevel.umap" SILENT=true AUTOSAVING=false KEEPDIRTY=false
[2015.01.21-20.02.03:687][463]LogSavePackage: Save=28.323891ms
[2015.01.21-20.02.03:687][463]LogSavePackage: Moving '../../../../../../Users/Zim/Documents/Unreal Projects/KodainaKingdom/Saved/TestLevel77FD60824E8FD37C338416BCBB360A26.tmp' to '../../../../../../Users/Zim/Documents/Unreal Projects/KodainaKingdom/Content/Maps/TestLevel.umap'
[2015.01.21-20.02.03:794][463]LogFileHelpers: Saving map 'TestLevel' took 0.400
[2015.01.21-20.02.03:821][463]Cmd: OBJ SAVEPACKAGE PACKAGE="/Game/Blueprints/Dice" FILE="../../../../../../Users/Zim/Documents/Unreal Projects/KodainaKingdom/Content/Blueprints/Dice.uasset" SILENT=true
[2015.01.21-20.02.04:211][463]LogSavePackage: Save=301.001526ms
[2015.01.21-20.02.04:211][463]LogSavePackage: Moving '../../../../../../Users/Zim/Documents/Unreal Projects/KodainaKingdom/Saved/Dice3DCCF6564FF09A07C7B941BD596C5547.tmp' to '../../../../../../Users/Zim/Documents/Unreal Projects/KodainaKingdom/Content/Blueprints/Dice.uasset'
[2015.01.21-20.02.15:188][ 60]BlueprintLog: New page: Pre-PIE auto-recompile
[2015.01.21-20.02.15:205][ 60]LogPlayLevel: [PIE] Compiling Dice before PIE...
[2015.01.21-20.02.15:286][ 60]LogPlayLevel: [PIE] Compiling PROTO_BP_AnimBlueprint_0 before PIE...
[2015.01.21-20.02.15:331][ 60]LogPlayLevel: [PIE] Compiling TestLevel before PIE...
[2015.01.21-20.02.15:394][ 60]LogPlayLevel: PIE:  Blueprint regeneration took 205 ms (3 blueprints)
[2015.01.21-20.02.15:395][ 60]PIE: New page: PIE session: TestLevel (Jan 21, 2015, 10:02:15 AM)
[2015.01.21-20.02.15:397][ 60]LogPlayLevel: PIE: StaticDuplicateObject took: (0.001997s)
[2015.01.21-20.02.15:398][ 60]LogPlayLevel: PIE: World Init took: (0.000702s)
[2015.01.21-20.02.15:398][ 60]LogPlayLevel: PIE: Created PIE world by copying editor world from /Game/Maps/TestLevel.TestLevel to /Game/Maps/UEDPIE_0_TestLevel.TestLevel (0.002882s)
[2015.01.21-20.02.15:429][ 60]LogWorld: Game class is 'Kodaina_C'
[2015.01.21-20.02.15:431][ 60]LogAIModule: Creating AISystem for world TestLevel
[2015.01.21-20.02.15:432][ 60]LogWorld: Bringing World /Game/Maps/UEDPIE_0_TestLevel.TestLevel up for play (max tick rate 0) at 2015.01.21-15.02.15
[2015.01.21-20.02.15:433][ 60]LogWorld: Bringing up level for play took: 0.001931
[2015.01.21-20.02.15:435][ 60]PIE: Info Play in editor start time for /Game/Maps/UEDPIE_0_TestLevel -0.579
[2015.01.21-20.02.17:178][162]LogParticles: Destroying 0 GPU particle simulations for FXSystem 0x0000006131B53C40
[2015.01.21-20.02.30:990][841]Cmd: OBJ SAVEPACKAGE PACKAGE="/Game/Maps/TestLevel" FILE="../../../../../../Users/Zim/Documents/Unreal Projects/KodainaKingdom/Content/Maps/TestLevel.umap" SILENT=true AUTOSAVING=false KEEPDIRTY=false
[2015.01.21-20.02.31:131][841]LogSavePackage: Save=29.618765ms
[2015.01.21-20.02.31:131][841]LogSavePackage: Moving '../../../../../../Users/Zim/Documents/Unreal Projects/KodainaKingdom/Saved/TestLevel6108E5854CCDF1A006D9C889BE816EE7.tmp' to '../../../../../../Users/Zim/Documents/Unreal Projects/KodainaKingdom/Content/Maps/TestLevel.umap'
[2015.01.21-20.02.31:239][841]LogFileHelpers: Saving map 'TestLevel' took 0.389
[2015.01.21-20.02.31:264][841]Cmd: OBJ SAVEPACKAGE PACKAGE="/Game/Blueprints/Dice" FILE="../../../../../../Users/Zim/Documents/Unreal Projects/KodainaKingdom/Content/Blueprints/Dice.uasset" SILENT=true
[2015.01.21-20.02.31:654][841]LogSavePackage: Save=300.397705ms
[2015.01.21-20.02.31:654][841]LogSavePackage: Moving '../../../../../../Users/Zim/Documents/Unreal Projects/KodainaKingdom/Saved/DiceE13495F646B3E9EB6C1130950D511A85.tmp' to '../../../../../../Users/Zim/Documents/Unreal Projects/KodainaKingdom/Content/Blueprints/Dice.uasset'
[2015.01.21-20.09.01:105][452]LogHttp:Warning: Timeout processing Http request. 00000061347F9EC0 url=http://et2.epicgames.com/ET2/CollectData.1?SessionID=%7BFED1059E-44B3-BC31-1CD8-E1A9F71B02B5%7D&AppID=Rocket.Release&AppVersion=4.6.1-2386410%2B%2B%2Bdepot%2BUE4-Releases%2B4.6&UserID=e818845727fd16b7b8e647cd16e3db7c&IsEditor=1
[2015.01.21-20.09.01:105][452]LogHttp:Warning: InternetStatusCallbackWinInet: on invalid request 00000061347F9EC0. 
[2015.01.21-20.09.01:105][452]LogHttp:Warning: InternetStatusCallbackWinInet: on invalid request 00000061347F9EC0. 
[2015.01.21-20.09.04:657][453]LogHttp:Warning: InternetStatusCallbackWinInet: on invalid request 00000061347F9EC0. 
[2015.01.21-20.09.04:657][453]LogHttp:Warning: InternetStatusCallbackWinInet: on invalid request 00000061347F9EC0. 
[2015.01.21-20.09.17:048][633]LogUObjectGlobals:Warning: Failed to find object 'Object None.'
[2015.01.21-20.09.17:048][633]LogUObjectGlobals:Warning: Failed to find object 'Object None.'
[2015.01.21-20.09.17:048][633]LogUObjectGlobals:Warning: Failed to find object 'Object None.'
[2015.01.21-20.09.17:048][633]LogUObjectGlobals:Warning: Failed to find object 'Object None.'
[2015.01.21-20.09.17:049][633]LogProperty:Warning: ObjectProperty /Script/Engine.EdGraphPin:LinkedTo.LinkedTo: unresolved reference to 'EdGraphPin'"K2Node_VariableSet_239.EdGraphPin_15652"''
[2015.01.21-20.09.17:049][633]LogProperty:Warning: ObjectProperty /Script/Engine.EdGraphPin:LinkedTo.LinkedTo: unresolved reference to 'EdGraphPin'"K2Node_CallFunction_2131.EdGraphPin_15651"''
[2015.01.21-20.09.17:050][633]LogProperty:Warning: ObjectProperty /Script/Engine.EdGraphPin:LinkedTo.LinkedTo: unresolved reference to 'EdGraphPin'"K2Node_CallFunction_2133.EdGraphPin_15690"''
[2015.01.21-20.10.24:764][710]LogUObjectGlobals:Warning: Failed to find object 'Object None.'
[2015.01.21-20.10.24:764][710]LogUObjectGlobals:Warning: Failed to find object 'Object None.'
[2015.01.21-20.10.24:764][710]LogUObjectGlobals:Warning: Failed to find object 'Object None.'
[2015.01.21-20.10.24:764][710]LogUObjectGlobals:Warning: Failed to find object 'Object None.'
[2015.01.21-20.10.24:765][710]LogProperty:Warning: ObjectProperty /Script/Engine.EdGraphPin:LinkedTo.LinkedTo: unresolved reference to 'EdGraphPin'"K2Node_VariableSet_239.EdGraphPin_15830"''
[2015.01.21-20.10.24:765][710]LogProperty:Warning: ObjectProperty /Script/Engine.EdGraphPin:LinkedTo.LinkedTo: unresolved reference to 'EdGraphPin'"K2Node_CallFunction_2131.EdGraphPin_15821"''
[2015.01.21-20.10.24:766][710]LogProperty:Warning: ObjectProperty /Script/Engine.EdGraphPin:LinkedTo.LinkedTo: unresolved reference to 'EdGraphPin'"K2Node_CallFunction_2133.EdGraphPin_15839"''
[2015.01.21-20.10.29:504][785]LogUObjectGlobals:Warning: Failed to find object 'Object None.'
[2015.01.21-20.10.29:504][785]LogUObjectGlobals:Warning: Failed to find object 'Object None.'
[2015.01.21-20.10.29:504][785]LogUObjectGlobals:Warning: Failed to find object 'Object None.'
[2015.01.21-20.10.29:504][785]LogUObjectGlobals:Warning: Failed to find object 'Object None.'
[2015.01.21-20.10.29:505][785]LogProperty:Warning: ObjectProperty /Script/Engine.EdGraphPin:LinkedTo.LinkedTo: unresolved reference to 'EdGraphPin'"K2Node_VariableSet_239.EdGraphPin_15830"''
[2015.01.21-20.10.29:505][785]LogProperty:Warning: ObjectProperty /Script/Engine.EdGraphPin:LinkedTo.LinkedTo: unresolved reference to 'EdGraphPin'"K2Node_CallFunction_2131.EdGraphPin_15821"''
[2015.01.21-20.10.29:506][785]LogProperty:Warning: ObjectProperty /Script/Engine.EdGraphPin:LinkedTo.LinkedTo: unresolved reference to 'EdGraphPin'"K2Node_CallFunction_2133.EdGraphPin_15839"''
[2015.01.21-20.10.30:353][798]LogUObjectGlobals:Warning: Failed to find object 'Object None.'
[2015.01.21-20.10.30:353][798]LogUObjectGlobals:Warning: Failed to find object 'Object None.'
[2015.01.21-20.10.30:353][798]LogUObjectGlobals:Warning: Failed to find object 'Object None.'
[2015.01.21-20.10.30:353][798]LogUObjectGlobals:Warning: Failed to find object 'Object None.'
[2015.01.21-20.10.30:354][798]LogProperty:Warning: ObjectProperty /Script/Engine.EdGraphPin:LinkedTo.LinkedTo: unresolved reference to 'EdGraphPin'"K2Node_VariableSet_239.EdGraphPin_15830"''
[2015.01.21-20.10.30:354][798]LogProperty:Warning: ObjectProperty /Script/Engine.EdGraphPin:LinkedTo.LinkedTo: unresolved reference to 'EdGraphPin'"K2Node_CallFunction_2131.EdGraphPin_15821"''
[2015.01.21-20.10.30:355][798]LogProperty:Warning: ObjectProperty /Script/Engine.EdGraphPin:LinkedTo.LinkedTo: unresolved reference to 'EdGraphPin'"K2Node_CallFunction_2133.EdGraphPin_15839"''
[2015.01.21-20.10.31:267][812]LogUObjectGlobals:Warning: Failed to find object 'Object None.'
[2015.01.21-20.10.31:267][812]LogUObjectGlobals:Warning: Failed to find object 'Object None.'
[2015.01.21-20.10.31:268][812]LogUObjectGlobals:Warning: Failed to find object 'Object None.'
[2015.01.21-20.10.31:268][812]LogUObjectGlobals:Warning: Failed to find object 'Object None.'
[2015.01.21-20.10.31:268][812]LogProperty:Warning: ObjectProperty /Script/Engine.EdGraphPin:LinkedTo.LinkedTo: unresolved reference to 'EdGraphPin'"K2Node_VariableSet_239.EdGraphPin_15830"''
[2015.01.21-20.10.31:268][812]LogProperty:Warning: ObjectProperty /Script/Engine.EdGraphPin:LinkedTo.LinkedTo: unresolved reference to 'EdGraphPin'"K2Node_CallFunction_2131.EdGraphPin_15821"''
[2015.01.21-20.10.31:270][812]LogProperty:Warning: ObjectProperty /Script/Engine.EdGraphPin:LinkedTo.LinkedTo: unresolved reference to 'EdGraphPin'"K2Node_CallFunction_2133.EdGraphPin_15839"''
[2015.01.21-20.12.10:042][409]BlueprintLog: New page: Pre-PIE auto-recompile
[2015.01.21-20.12.10:103][409]LogPlayLevel: [PIE] Compiling Dice before PIE...
[2015.01.21-20.12.10:217][409]LogPlayLevel: [PIE] Compiling TestLevel before PIE...
[2015.01.21-20.12.10:268][409]LogPlayLevel: PIE:  Blueprint regeneration took 226 ms (2 blueprints)
[2015.01.21-20.12.10:268][409]PIE: New page: PIE session: TestLevel (Jan 21, 2015, 10:12:10 AM)
[2015.01.21-20.12.10:270][409]LogPlayLevel: PIE: StaticDuplicateObject took: (0.001607s)
[2015.01.21-20.12.10:270][409]LogPlayLevel: PIE: World Init took: (0.000619s)
[2015.01.21-20.12.10:271][409]LogPlayLevel: PIE: Created PIE world by copying editor world from /Game/Maps/TestLevel.TestLevel to /Game/Maps/UEDPIE_0_TestLevel.TestLevel (0.002379s)
[2015.01.21-20.12.10:304][409]LogWorld: Game class is 'Kodaina_C'
[2015.01.21-20.12.10:306][409]LogAIModule: Creating AISystem for world TestLevel
[2015.01.21-20.12.10:307][409]LogWorld: Bringing World /Game/Maps/UEDPIE_0_TestLevel.TestLevel up for play (max tick rate 60) at 2015.01.21-15.12.10
[2015.01.21-20.12.10:307][409]LogWorld: Bringing up level for play took: 0.001376
[2015.01.21-20.12.10:309][409]PIE: Info Play in editor start time for /Game/Maps/UEDPIE_0_TestLevel 0.305
[2015.01.21-20.12.21:010][507]LogParticles: Destroying 0 GPU particle simulations for FXSystem 0x00000061344489A0
[2015.01.21-20.12.41:822][854]LogSavePackage: Save=21.747740ms
[2015.01.21-20.12.41:822][854]LogSavePackage: Moving '../../../../../../Users/Zim/Documents/Unreal Projects/KodainaKingdom/Saved/TestLevel_Auto23447990744F690A7574BF9A3180DE974.tmp' to '../../../../../../Users/Zim/Documents/Unreal Projects/KodainaKingdom/Saved/Autosaves/Game/Maps/TestLevel_Auto2.umap'
[2015.01.21-20.12.41:830][854]LogFileHelpers: Editor autosave (incl. sublevels) for '/Game/Maps/TestLevel' took 0.165
[2015.01.21-20.12.41:830][854]LogFileHelpers: Editor autosave (incl. sublevels) for all levels took 0.165
[2015.01.21-20.12.41:839][854]OBJ SavePackage: Generating thumbnails for [1] asset(s) in package [/Game/Blueprints/Dice] ([1] browsable assets)...
[2015.01.21-20.12.41:892][854]OBJ SavePackage:     Rendered thumbnail for [Blueprint /Game/Blueprints/Dice.Dice]
[2015.01.21-20.12.41:892][854]OBJ SavePackage: Finished generating thumbnails for package [/Game/Blueprints/Dice]
[2015.01.21-20.12.42:232][854]LogSavePackage: Save=268.265717ms
[2015.01.21-20.12.42:233][854]LogSavePackage: Moving '../../../../../../Users/Zim/Documents/Unreal Projects/KodainaKingdom/Saved/Dice_Auto24774BAFF448BCE9F12315F92E1F86C4A.tmp' to '../../../../../../Users/Zim/Documents/Unreal Projects/KodainaKingdom/Saved/Autosaves/Game/Blueprints/Dice_Auto2.uasset'
[2015.01.21-20.12.42:237][854]LogFileHelpers: Auto-saving content packages took 0.407
[2015.01.21-20.13.30:503][623]BlueprintLog: New page: Compile Dice
[2015.01.21-20.13.30:607][623]BlueprintEditorCompileResults: Info [2131.54] Compile of Dice successful! [in 88 ms]
[2015.01.21-20.13.31:402][632]Cmd: OBJ SAVEPACKAGE PACKAGE="/Game/Blueprints/Dice" FILE="../../../../../../Users/Zim/Documents/Unreal Projects/KodainaKingdom/Content/Blueprints/Dice.uasset" SILENT=true
[2015.01.21-20.13.31:704][632]LogSavePackage: Save=234.468124ms
[2015.01.21-20.13.31:704][632]LogSavePackage: Moving '../../../../../../Users/Zim/Documents/Unreal Projects/KodainaKingdom/Saved/DiceADC21227423D62AE5EEC22A56150AD4F.tmp' to '../../../../../../Users/Zim/Documents/Unreal Projects/KodainaKingdom/Content/Blueprints/Dice.uasset'
[2015.01.21-20.13.34:972][708]BlueprintLog: New page: Pre-PIE auto-recompile
[2015.01.21-20.13.34:976][708]LogPlayLevel: [PIE] Compiling TestLevel before PIE...
[2015.01.21-20.13.35:025][708]LogPlayLevel: PIE:  Blueprint regeneration took 52 ms (1 blueprints)
[2015.01.21-20.13.35:025][708]PIE: New page: PIE session: TestLevel (Jan 21, 2015, 10:13:35 AM)
[2015.01.21-20.13.35:027][708]LogPlayLevel: PIE: StaticDuplicateObject took: (0.001773s)
[2015.01.21-20.13.35:028][708]LogPlayLevel: PIE: World Init took: (0.000510s)
[2015.01.21-20.13.35:028][708]LogPlayLevel: PIE: Created PIE world by copying editor world from /Game/Maps/TestLevel.TestLevel to /Game/Maps/UEDPIE_0_TestLevel.TestLevel (0.002425s)
[2015.01.21-20.13.35:058][708]LogWorld: Game class is 'Kodaina_C'
[2015.01.21-20.13.35:060][708]LogAIModule: Creating AISystem for world TestLevel
[2015.01.21-20.13.35:061][708]LogWorld: Bringing World /Game/Maps/UEDPIE_0_TestLevel.TestLevel up for play (max tick rate 60) at 2015.01.21-15.13.35
[2015.01.21-20.13.35:061][708]LogWorld: Bringing up level for play took: 0.001462
[2015.01.21-20.13.35:063][708]PIE: Info Play in editor start time for /Game/Maps/UEDPIE_0_TestLevel 1.059
[2015.01.21-20.13.39:919][753]LogParticles: Destroying 0 GPU particle simulations for FXSystem 0x0000006113CAC9A0
[2015.01.21-20.14.09:290][218]BlueprintLog: New page: Compile Dice
[2015.01.21-20.14.09:401][218]BlueprintEditorCompileResults: Info [2170.33] Compile of Dice successful! [in 93 ms]
[2015.01.21-20.14.10:380][230]Cmd: OBJ SAVEPACKAGE PACKAGE="/Game/Blueprints/Dice" FILE="../../../../../../Users/Zim/Documents/Unreal Projects/KodainaKingdom/Content/Blueprints/Dice.uasset" SILENT=true
[2015.01.21-20.14.10:679][230]LogSavePackage: Save=231.329727ms
[2015.01.21-20.14.10:679][230]LogSavePackage: Moving '../../../../../../Users/Zim/Documents/Unreal Projects/KodainaKingdom/Saved/Dice35403E2F484A3772D386B98E06BA5E73.tmp' to '../../../../../../Users/Zim/Documents/Unreal Projects/KodainaKingdom/Content/Blueprints/Dice.uasset'
[2015.01.21-20.14.14:613][324]BlueprintLog: New page: Pre-PIE auto-recompile
[2015.01.21-20.14.14:616][324]LogPlayLevel: [PIE] Compiling TestLevel before PIE...
[2015.01.21-20.14.14:685][324]LogPlayLevel: PIE:  Blueprint regeneration took 72 ms (1 blueprints)
[2015.01.21-20.14.14:685][324]PIE: New page: PIE session: TestLevel (Jan 21, 2015, 10:14:14 AM)
[2015.01.21-20.14.14:687][324]LogPlayLevel: PIE: StaticDuplicateObject took: (0.001610s)
[2015.01.21-20.14.14:687][324]LogPlayLevel: PIE: World Init took: (0.000491s)
[2015.01.21-20.14.14:688][324]LogPlayLevel: PIE: Created PIE world by copying editor world from /Game/Maps/TestLevel.TestLevel to /Game/Maps/UEDPIE_0_TestLevel.TestLevel (0.002241s)
[2015.01.21-20.14.14:718][324]LogWorld: Game class is 'Kodaina_C'
[2015.01.21-20.14.14:720][324]LogAIModule: Creating AISystem for world TestLevel
[2015.01.21-20.14.14:721][324]LogWorld: Bringing World /Game/Maps/UEDPIE_0_TestLevel.TestLevel up for play (max tick rate 60) at 2015.01.21-15.14.14
[2015.01.21-20.14.14:722][324]LogWorld: Bringing up level for play took: 0.001407
[2015.01.21-20.14.14:723][324]PIE: Info Play in editor start time for /Game/Maps/UEDPIE_0_TestLevel 0.719
[2015.01.21-20.14.25:742][428]LogParticles: Destroying 0 GPU particle simulations for FXSystem 0x000000611DD2D9E0
[2015.01.21-20.14.33:942][692]Cmd: OBJ SAVEPACKAGE PACKAGE="/Game/Maps/TestLevel" FILE="../../../../../../Users/Zim/Documents/Unreal Projects/KodainaKingdom/Content/Maps/TestLevel.umap" SILENT=true AUTOSAVING=false KEEPDIRTY=false
[2015.01.21-20.14.34:053][692]LogSavePackage: Save=25.678120ms
[2015.01.21-20.14.34:053][692]LogSavePackage: Moving '../../../../../../Users/Zim/Documents/Unreal Projects/KodainaKingdom/Saved/TestLevel1589A54E42F0429CCF30BB97A5C338FD.tmp' to '../../../../../../Users/Zim/Documents/Unreal Projects/KodainaKingdom/Content/Maps/TestLevel.umap'
[2015.01.21-20.14.34:135][692]LogFileHelpers: Saving map 'TestLevel' took 0.301
[2015.01.21-22.04.15:078][357]LogHttp:Warning: Timeout processing Http request. 0000006125230D40 url=http://et2.epicgames.com/ET2/CollectData.1?SessionID=%7BFED1059E-44B3-BC31-1CD8-E1A9F71B02B5%7D&AppID=Rocket.Release&AppVersion=4.6.1-2386410%2B%2B%2Bdepot%2BUE4-Releases%2B4.6&UserID=e818845727fd16b7b8e647cd16e3db7c&IsEditor=1
[2015.01.21-22.04.15:079][357]LogHttp:Warning: InternetStatusCallbackWinInet: on invalid request 0000006125230D40. 
[2015.01.21-22.04.15:079][357]LogHttp:Warning: InternetStatusCallbackWinInet: on invalid request 0000006125230D40. 
[2015.01.21-22.04.15:079][357]LogHttp:Warning: InternetStatusCallbackWinInet: on invalid request 0000006125230D40. 
[2015.01.21-22.23.38:568][879]LogFileHelpers: Editor autosave (incl. sublevels) for '/Game/Maps/TestLevel' took 0.019
[2015.01.21-22.23.38:602][879]OBJ SavePackage: Generating thumbnails for [0] asset(s) in package [/Game/Blueprints/Dice] ([1] browsable assets)...
[2015.01.21-22.23.38:602][879]OBJ SavePackage: Finished generating thumbnails for package [/Game/Blueprints/Dice]
[2015.01.21-22.23.38:765][879]LogSavePackage: Save=69.328827ms
[2015.01.21-22.23.38:765][879]LogSavePackage: Moving '../../../../../../Users/Zim/Documents/Unreal Projects/KodainaKingdom/Saved/Dice_Auto373C96459413E9CB8B30E91BD3E28D06C.tmp' to '../../../../../../Users/Zim/Documents/Unreal Projects/KodainaKingdom/Saved/Autosaves/Game/Blueprints/Dice_Auto3.uasset'
[2015.01.21-22.23.38:768][879]LogFileHelpers: Auto-saving content packages took 0.199
[2015.01.21-22.25.20:057][654]Cmd: OBJ SAVEPACKAGE PACKAGE="/Game/Blueprints/Dice" FILE="../../../../../../Users/Zim/Documents/Unreal Projects/KodainaKingdom/Content/Blueprints/Dice.uasset" SILENT=true
[2015.01.21-22.25.20:192][654]LogSavePackage: Save=42.286556ms
[2015.01.21-22.25.20:192][654]LogSavePackage: Moving '../../../../../../Users/Zim/Documents/Unreal Projects/KodainaKingdom/Saved/DiceF5977AF647278193F833F5B1B968EA60.tmp' to '../../../../../../Users/Zim/Documents/Unreal Projects/KodainaKingdom/Content/Blueprints/Dice.uasset'
[2015.01.21-22.25.24:852][934]LogContentBrowser:Verbose: The content browser source was changed by the sources view to '/Game/Blueprints'
[2015.01.21-22.27.29:697][473]LogUObjectGlobals:Warning: Failed to find object 'Object None.'
[2015.01.21-22.27.29:698][473]LogUObjectGlobals:Warning: Failed to find object 'Object None.'
[2015.01.21-22.27.29:699][473]LogUObjectHash:Warning: Ambiguous search, could be K2Node_DynamicCast /Game/Blueprints/MyHud.MyHud:GetText_0.K2Node_DynamicCast_402 or K2Node_DynamicCast /Game/Blueprints/MyHud.MyHud:EdGraph_267.K2Node_DynamicCast_402
[2015.01.21-22.27.29:699][473]LogUObjectHash:Warning: Ambiguous search, could be K2Node_DynamicCast /Game/Blueprints/MyHud.MyHud:GetText_0.K2Node_DynamicCast_402 or K2Node_DynamicCast /Game/Blueprints/MyHud.MyHud:EdGraph_265.K2Node_DynamicCast_402
[2015.01.21-22.27.29:699][473]LogUObjectHash:Warning: Ambiguous search, could be EdGraphPin /Game/Blueprints/MyHud.MyHud:EdGraph_267.K2Node_DynamicCast_402.EdGraphPin_3769 or EdGraphPin /Game/Blueprints/MyHud.MyHud:EdGraph_265.K2Node_DynamicCast_402.EdGraphPin_3769
[2015.01.21-22.27.43:027][149]LogUObjectGlobals:Warning: Failed to find object 'Object None.'
[2015.01.21-22.27.43:027][149]LogUObjectGlobals:Warning: Failed to find object 'Object None.'
[2015.01.21-22.27.43:028][149]LogUObjectHash:Warning: Ambiguous search, could be K2Node_DynamicCast /Game/Blueprints/MyHud.MyHud:GetImage.K2Node_DynamicCast_402 or K2Node_DynamicCast /Game/Blueprints/MyHud.MyHud:GetText_0.K2Node_DynamicCast_402
[2015.01.21-22.27.43:028][149]LogUObjectHash:Warning: Ambiguous search, could be K2Node_DynamicCast /Game/Blueprints/MyHud.MyHud:GetImage.K2Node_DynamicCast_402 or K2Node_DynamicCast /Game/Blueprints/MyHud.MyHud:EdGraph_267.K2Node_DynamicCast_402
[2015.01.21-22.27.43:028][149]LogUObjectHash:Warning: Ambiguous search, could be K2Node_DynamicCast /Game/Blueprints/MyHud.MyHud:GetImage.K2Node_DynamicCast_402 or K2Node_DynamicCast /Game/Blueprints/MyHud.MyHud:EdGraph_265.K2Node_DynamicCast_402
[2015.01.21-22.28.06:415][317]LogUObjectGlobals:Warning: Failed to find object 'Object None.'
[2015.01.21-22.28.06:415][317]LogUObjectGlobals:Warning: Failed to find object 'Object None.'
[2015.01.21-22.28.06:416][317]LogUObjectGlobals:Warning: Failed to find object 'Object None.'
[2015.01.21-22.28.06:416][317]LogUObjectGlobals:Warning: Failed to find object 'Object None.'
[2015.01.21-22.28.06:416][317]LogUObjectGlobals:Warning: Failed to find object 'Object None.'
[2015.01.21-22.28.06:416][317]LogUObjectGlobals:Warning: Failed to find object 'Object None.'
[2015.01.21-22.28.06:417][317]LogUObjectHash:Warning: Ambiguous search, could be K2Node_CallFunction /Game/Blueprints/MyHud.MyHud:GetImage.K2Node_CallFunction_2069 or K2Node_CallFunction /Game/Blueprints/Dice.Dice:Update Position.K2Node_CallFunction_2069
[2015.01.21-22.28.06:417][317]LogProperty:Warning: Illegal TEXT reference to a private object in external package (EdGraphPin /Game/Blueprints/Dice.Dice:Update Position.K2Node_CallFunction_2069.EdGraphPin_14515) from referencer (EdGraphPin /Game/Blueprints/MyHud.MyHud:GetImage.K2Node_CallFunction_2068.EdGraphPin_14513).  Import failed...
[2015.01.21-22.28.06:417][317]LogProperty:Warning: ObjectProperty /Script/Engine.EdGraphPin:LinkedTo.LinkedTo: unresolved reference to 'EdGraphPin'"K2Node_CallFunction_2069.EdGraphPin_14515"''
[2015.01.21-22.28.06:417][317]LogProperty:Warning: Illegal TEXT reference to a private object in external package (EdGraphPin /Game/Blueprints/Dice.Dice:Update Position.K2Node_DynamicCast_399.EdGraphPin_14511) from referencer (EdGraphPin /Game/Blueprints/MyHud.MyHud:GetImage.K2Node_CallFunction_2068.EdGraphPin_14512).  Import failed...
[2015.01.21-22.28.06:417][317]LogProperty:Warning: ObjectProperty /Script/Engine.EdGraphPin:LinkedTo.LinkedTo: unresolved reference to 'EdGraphPin'"K2Node_DynamicCast_399.EdGraphPin_14511"''
[2015.01.21-22.28.06:418][317]LogUObjectHash:Warning: Ambiguous search, could be K2Node_CommutativeAssociativeBinaryOperator /Game/Blueprints/MyHud.MyHud:GetImage.K2Node_CommutativeAssociativeBinaryOperator_18 or K2Node_CommutativeAssociativeBinaryOperator /Game/Blueprints/Dice.Dice:Update Position.K2Node_CommutativeAssociativeBinaryOperator_18
[2015.01.21-22.28.06:418][317]LogProperty:Warning: Illegal TEXT reference to a private object in external package (EdGraphPin /Game/Blueprints/Dice.Dice:Update Position.K2Node_CommutativeAssociativeBinaryOperator_18.EdGraphPin_14560) from referencer (EdGraphPin /Game/Blueprints/MyHud.MyHud:GetImage.K2Node_CallFunction_2069.EdGraphPin_14518).  Import failed...
[2015.01.21-22.28.06:418][317]LogProperty:Warning: ObjectProperty /Script/Engine.EdGraphPin:LinkedTo.LinkedTo: unresolved reference to 'EdGraphPin'"K2Node_CommutativeAssociativeBinaryOperator_18.EdGraphPin_14560"''
[2015.01.21-22.28.06:418][317]LogUObjectHash:Warning: Ambiguous search, could be K2Node_CommutativeAssociativeBinaryOperator /Game/Blueprints/MyHud.MyHud:GetImage.K2Node_CommutativeAssociativeBinaryOperator_17 or K2Node_CommutativeAssociativeBinaryOperator /Game/Blueprints/Dice.Dice:Update Position.K2Node_CommutativeAssociativeBinaryOperator_17
[2015.01.21-22.28.06:418][317]LogUObjectHash:Warning: Ambiguous search, could be K2Node_CommutativeAssociativeBinaryOperator /Game/Blueprints/MyHud.MyHud:GetImage.K2Node_CommutativeAssociativeBinaryOperator_17 or K2Node_CommutativeAssociativeBinaryOperator /Game/Blueprints/MyCharacter.MyCharacter:RollTheDice.K2Node_CommutativeAssociativeBinaryOperator_17
[2015.01.21-22.28.06:418][317]LogProperty:Warning: Illegal TEXT reference to a private object in external package (EdGraphPin /Game/Blueprints/Dice.Dice:Update Position.K2Node_CommutativeAssociativeBinaryOperator_17.EdGraphPin_14556) from referencer (EdGraphPin /Game/Blueprints/MyHud.MyHud:GetImage.K2Node_CallFunction_2069.EdGraphPin_14517).  Import failed...
[2015.01.21-22.28.06:418][317]LogProperty:Warning: ObjectProperty /Script/Engine.EdGraphPin:LinkedTo.LinkedTo: unresolved reference to 'EdGraphPin'"K2Node_CommutativeAssociativeBinaryOperator_17.EdGraphPin_14556"''
[2015.01.21-22.28.06:418][317]LogUObjectHash:Warning: Ambiguous search, could be K2Node_CallFunction /Game/Blueprints/MyHud.MyHud:GetImage.K2Node_CallFunction_2070 or K2Node_CallFunction /Game/Blueprints/Dice.Dice:Update Position.K2Node_CallFunction_2070
[2015.01.21-22.28.06:418][317]LogProperty:Warning: Illegal TEXT reference to a private object in external package (EdGraphPin /Game/Blueprints/Dice.Dice:Update Position.K2Node_CallFunction_2070.EdGraphPin_14520) from referencer (EdGraphPin /Game/Blueprints/MyHud.MyHud:GetImage.K2Node_CallFunction_2069.EdGraphPin_14516).  Import failed...
[2015.01.21-22.28.06:418][317]LogProperty:Warning: ObjectProperty /Script/Engine.EdGraphPin:LinkedTo.LinkedTo: unresolved reference to 'EdGraphPin'"K2Node_CallFunction_2070.EdGraphPin_14520"''
[2015.01.21-22.28.06:419][317]LogProperty:Warning: Illegal TEXT reference to a private object in external package (EdGraphPin /Game/Blueprints/Dice.Dice:Update Position.K2Node_CallFunction_2068.EdGraphPin_14513) from referencer (EdGraphPin /Game/Blueprints/MyHud.MyHud:GetImage.K2Node_CallFunction_2069.EdGraphPin_14515).  Import failed...
[2015.01.21-22.28.06:419][317]LogProperty:Warning: ObjectProperty /Script/Engine.EdGraphPin:LinkedTo.LinkedTo: unresolved reference to 'EdGraphPin'"K2Node_CallFunction_2068.EdGraphPin_14513"''
[2015.01.21-22.28.06:420][317]LogUObjectHash:Warning: Ambiguous search, could be K2Node_CallFunction /Game/Blueprints/MyHud.MyHud:GetImage.K2Node_CallFunction_2071 or K2Node_CallFunction /Game/Blueprints/Dice.Dice:Update Position.K2Node_CallFunction_2071
[2015.01.21-22.28.06:420][317]LogProperty:Warning: Illegal TEXT reference to a private object in external package (EdGraphPin /Game/Blueprints/Dice.Dice:Update Position.K2Node_CallFunction_2071.EdGraphPin_14547) from referencer (EdGraphPin /Game/Blueprints/MyHud.MyHud:GetImage.K2Node_CallFunction_2070.EdGraphPin_14523).  Import failed...
[2015.01.21-22.28.06:420][317]LogProperty:Warning: ObjectProperty /Script/Engine.EdGraphPin:LinkedTo.LinkedTo: unresolved reference to 'EdGraphPin'"K2Node_CallFunction_2071.EdGraphPin_14547"''
[2015.01.21-22.28.06:420][317]LogUObjectHash:Warning: Ambiguous search, could be K2Node_CommutativeAssociativeBinaryOperator /Game/Blueprints/MyHud.MyHud:GetImage.K2Node_CommutativeAssociativeBinaryOperator_18 or K2Node_CommutativeAssociativeBinaryOperator /Game/Blueprints/Dice.Dice:Update Position.K2Node_CommutativeAssociativeBinaryOperator_18
[2015.01.21-22.28.06:420][317]LogProperty:Warning: Illegal TEXT reference to a private object in external package (EdGraphPin /Game/Blueprints/Dice.Dice:Update Position.K2Node_CommutativeAssociativeBinaryOperator_18.EdGraphPin_14562) from referencer (EdGraphPin /Game/Blueprints/MyHud.MyHud:GetImage.K2Node_CallFunction_2070.EdGraphPin_14522).  Import failed...
[2015.01.21-22.28.06:420][317]LogProperty:Warning: ObjectProperty /Script/Engine.EdGraphPin:LinkedTo.LinkedTo: unresolved reference to 'EdGraphPin'"K2Node_CommutativeAssociativeBinaryOperator_18.EdGraphPin_14562"''
[2015.01.21-22.28.06:420][317]LogUObjectHash:Warning: Ambiguous search, could be K2Node_CommutativeAssociativeBinaryOperator /Game/Blueprints/MyHud.MyHud:GetImage.K2Node_CommutativeAssociativeBinaryOperator_17 or K2Node_CommutativeAssociativeBinaryOperator /Game/Blueprints/Dice.Dice:Update Position.K2Node_CommutativeAssociativeBinaryOperator_17
[2015.01.21-22.28.06:420][317]LogUObjectHash:Warning: Ambiguous search, could be K2Node_CommutativeAssociativeBinaryOperator /Game/Blueprints/MyHud.MyHud:GetImage.K2Node_CommutativeAssociativeBinaryOperator_17 or K2Node_CommutativeAssociativeBinaryOperator /Game/Blueprints/MyCharacter.MyCharacter:RollTheDice.K2Node_CommutativeAssociativeBinaryOperator_17
[2015.01.21-22.28.06:420][317]LogProperty:Warning: Illegal TEXT reference to a private object in external package (EdGraphPin /Game/Blueprints/Dice.Dice:Update Position.K2Node_CommutativeAssociativeBinaryOperator_17.EdGraphPin_14558) from referencer (EdGraphPin /Game/Blueprints/MyHud.MyHud:GetImage.K2Node_CallFunction_2070.EdGraphPin_14521).  Import failed...
[2015.01.21-22.28.06:420][317]LogProperty:Warning: ObjectProperty /Script/Engine.EdGraphPin:LinkedTo.LinkedTo: unresolved reference to 'EdGraphPin'"K2Node_CommutativeAssociativeBinaryOperator_17.EdGraphPin_14558"''
[2015.01.21-22.28.06:422][317]LogProperty:Warning: Illegal TEXT reference to a private object in external package (EdGraphPin /Game/Blueprints/Dice.Dice:Update Position.K2Node_DynamicCast_399.EdGraphPin_14508) from referencer (EdGraphPin /Game/Blueprints/MyHud.MyHud:GetImage.K2Node_CallFunction_2071.EdGraphPin_14544).  Import failed...
[2015.01.21-22.28.06:422][317]LogProperty:Warning: ObjectProperty /Script/Engine.EdGraphPin:LinkedTo.LinkedTo: unresolved reference to 'EdGraphPin'"K2Node_DynamicCast_399.EdGraphPin_14508"''
[2015.01.21-22.28.30:016][427]Cmd: OBJ SAVEPACKAGE PACKAGE="/Game/Blueprints/Dice" FILE="../../../../../../Users/Zim/Documents/Unreal Projects/KodainaKingdom/Content/Blueprints/Dice.uasset" SILENT=true
[2015.01.21-22.28.30:148][427]LogSavePackage: Save=41.035301ms
[2015.01.21-22.28.30:148][427]LogSavePackage: Moving '../../../../../../Users/Zim/Documents/Unreal Projects/KodainaKingdom/Saved/Dice1FEDCF9246D0592DBCE6AB97AF363569.tmp' to '../../../../../../Users/Zim/Documents/Unreal Projects/KodainaKingdom/Content/Blueprints/Dic