Log file open, 01/20/15 11:50:56
LogInit:Display: Running engine for game: KodainaKingdom
LogInit: Version: 4.6.1-2386410+++depot+UE4-Releases+4.6
LogInit: API Version: 2369412
LogInit: Compiled (64-bit): Dec 11 2014 21:31:39
LogInit: Compiled with Visual C++: 18.00.21005.01
LogInit: Build Configuration: Development
LogInit: Branch Name: ++depot+UE4-Releases+4.6
LogInit: Command line:  
LogInit: Base directory: C:/Program Files/Unreal/Epic Games/4.6/Engine/Binaries/Win64/
LogInit: Rocket: 1
[2015.01.20-16.50.56:392][  0]LogTaskGraph: Started task graph with 3 named threads and 6 total threads.
[2015.01.20-16.50.56:462][  0]LogOnline:Warning: No default platform service specified for OnlineSubsystem
[2015.01.20-16.50.56:532][  0]LogInit: Presizing for 0 objects not considered by GC, pre-allocating 0 bytes.
[2015.01.20-16.50.56:562][  0]LogInit: Object subsystem initialized
[2015.01.20-16.50.56:569][  0]LogConsoleResponse:Warning: Skipping Unknown console variable: 'UIScaleRule = ShortestSide'
[2015.01.20-16.50.56:569][  0]LogConsoleResponse:Warning:   Found in ini file 'C:/Users/Class2018/Documents/Unreal Projects/Kodaina/Saved/Config/Windows/Engine.ini', in section '[/Script/Engine.RendererSettings]'
[2015.01.20-16.50.56:569][  0]LogConsoleResponse:Warning: Skipping Unknown console variable: 'UIScaleCurve = (EditorCurveData=(Keys=),ExternalCurve=None)'
[2015.01.20-16.50.56:569][  0]LogConsoleResponse:Warning:   Found in ini file 'C:/Users/Class2018/Documents/Unreal Projects/Kodaina/Saved/Config/Windows/Engine.ini', in section '[/Script/Engine.RendererSettings]'
[2015.01.20-16.50.56:570][  0]LogConsoleManager:Warning: Console variable 'r.MSAA.CompositingSampleCount' wasn't set (Priority ProjectSetting < Scalability)
[2015.01.20-16.50.56:570][  0]LogInit: Selected Device Profile: [Windows]
[2015.01.20-16.50.56:570][  0]LogInit: Applying CVar settings loaded from the selected device profile: [Windows]
[2015.01.20-16.50.57:248][  0]LogInit: Computer: O566
[2015.01.20-16.50.57:248][  0]LogInit: User: O566
[2015.01.20-16.50.57:248][  0]LogInit: CPU Page size=4096, Cores=4
[2015.01.20-16.50.57:248][  0]LogInit: High frequency timer resolution =2.338388 MHz
[2015.01.20-16.50.57:248][  0]LogMemory: Memory total: Physical=7.6GB (8GB approx) Virtual=8192.0GB
[2015.01.20-16.50.57:249][  0]LogMemory: Platform Memory Stats for Windows
[2015.01.20-16.50.57:249][  0]LogMemory: Process Physical Memory: 52.01 MB used, 52.01 MB peak
[2015.01.20-16.50.57:249][  0]LogMemory: Process Virtual Memory: 27.50 MB used, 27.50 MB peak
[2015.01.20-16.50.57:249][  0]LogMemory: Physical Memory: 3827.02 MB used, 7833.11 MB total
[2015.01.20-16.50.57:249][  0]LogMemory: Virtual Memory: 265.88 MB used, 8388608.00 MB total
[2015.01.20-16.50.57:372][  0]LogD3D11RHI: Found D3D11 adapter 0: Intel(R) HD Graphics 4600 (Feature Level 11_0)
[2015.01.20-16.50.57:372][  0]LogD3D11RHI: Adapter has 128MB of dedicated video memory, 0MB of dedicated system memory, and 1632MB of shared system memory, 1 output[s]
[2015.01.20-16.50.57:372][  0]LogD3D11RHI: Chosen D3D11 Adapter Id = 0
[2015.01.20-16.50.57:392][  0]LogRHI: Texture pool is 660 MB (70% of 944 MB)
[2015.01.20-16.50.57:441][  0]LogD3D11RHI: Async texture creation enabled
[2015.01.20-16.50.57:606][  0]LogTextLocalizationManager: The requested culture ('en_US') has no localization data; parent culture's ('en') localization data will be used.
[2015.01.20-16.50.58:111][  0]LogContentStreaming: Texture pool size is 0.000000MB
[2015.01.20-16.51.15:045][  0]LogTargetPlatformManager:Display: Building Assets For Windows
[2015.01.20-16.51.15:881][  0]LogTargetPlatformManager:Display: Building Assets For Windows
[2015.01.20-16.51.15:974][  0]LogDerivedDataCache:Display: Max Cache Size: 512 MB
[2015.01.20-16.51.16:057][  0]LogDerivedDataCache: Loaded boot cache 0.08s 39MB C:/Users/Class2018/AppData/Local/UnrealEngine/4.6/DerivedDataCache/Boot.ddc.
[2015.01.20-16.51.16:057][  0]LogDerivedDataCache:Display: Loaded Boot cache: C:/Users/Class2018/AppData/Local/UnrealEngine/4.6/DerivedDataCache/Boot.ddc
[2015.01.20-16.51.16:058][  0]LogDerivedDataCache: FDerivedDataBackendGraph:  Pak pak cache file ../../../../../../../Users/Class2018/Documents/Unreal Projects/Kodaina/DerivedDataCache/DDC.ddp not found, will not use a pak cache.
[2015.01.20-16.51.16:058][  0]LogDerivedDataCache: Unable to find inner node Pak for hierarchical cache Hierarchy.
[2015.01.20-16.51.16:197][  0]LogDerivedDataCache:Display: Pak cache opened for reading ../../../Engine/DerivedDataCache/DDC.ddp.
[2015.01.20-16.51.16:209][  0]LogDerivedDataCache: Using Local data cache path C:/Users/Class2018/AppData/Local/UnrealEngine/Common/DerivedDataCache: Writable
[2015.01.20-16.51.16:680][  0]LogCollisionProfile:Warning: Profile (UI) - Custom Channel Name = 'Weapon' hasn't been found
[2015.01.20-16.51.17:158][  0]LogMeshUtilities: No automatic mesh reduction module available
[2015.01.20-16.51.17:158][  0]LogMeshUtilities: No automatic mesh merging module available
[2015.01.20-16.51.18:595][  0]LogInit: WinSock: version 1.1 (2.2), MaxSocks=32767, MaxUdp=65467
[2015.01.20-16.51.18:756][  0]LogSlate:Warning: Failed to load font data from '../../../Engine/Content/Slate/Fonts/Roboto-Italic.ttf'
[2015.01.20-16.51.22:263][  0]UdpMessaging: Initializing bridge on interface 0.0.0.0:0 to multicast group 230.0.0.1:6666.
[2015.01.20-16.51.22:597][  0]LogDirectoryWatcher:Warning: Failed to begin reading directory changes for C:/Users/Class2018/Documents/Unreal Projects/Kodaina/Binaries/Win64. Error: 0
[2015.01.20-16.51.23:358][  0]SourceControl: Info Source control is disabled
[2015.01.20-16.51.23:358][  0]SourceControl: Info Source control is disabled
[2015.01.20-16.51.23:379][  0]SourceControl: Info Source control is disabled
[2015.01.20-16.51.23:767][  0]LogObj: 23754 objects as part of root set at end of initial load.
[2015.01.20-16.51.23:767][  0]LogUObjectAllocator: 5168136 out of 0 bytes used by permanent object pool.
[2015.01.20-16.51.23:901][  0]LogEngine: Initializing Engine...
[2015.01.20-16.51.24:279][  0]LogInit: XAudio2 using 'Speakers / HP (IDT High Definition Audio CODEC)' : 2 channels at 48 kHz using 16 bits per sample (channel mask 0x3)
[2015.01.20-16.51.24:508][  0]LogInit: FAudioDevice initialized.
[2015.01.20-16.51.24:546][  0]LogAIModule: Creating AISystem for world NewWorld
[2015.01.20-16.51.24:581][  0]LogDerivedDataCache: Saved boot cache 0.03s 39MB C:/Users/Class2018/AppData/Local/UnrealEngine/4.6/DerivedDataCache/Boot.ddc.
[2015.01.20-16.51.24:587][  0]LogInit: Texture streaming: Enabled
[2015.01.20-16.51.24:638][  0]LogAnalytics: Creating configured Analytics provider AnalyticsET
[2015.01.20-16.51.24:638][  0]LogAnalytics: ET APIKey = Rocket.Release. APIServer = http://et2.epicgames.com/ET2/. AppVersion = 4.6.1-2386410+++depot+UE4-Releases+4.6
[2015.01.20-16.51.24:640][  0]LogAnalytics: SetUserId 5c89284d90a082ec1d32db0c8e54d6f0
[2015.01.20-16.51.24:640][  0]LogAnalytics: AnalyticsET::StartSession [Rocket.Release]
[2015.01.20-16.51.24:667][  0]LogInit: Transaction tracking system initialized
[2015.01.20-16.51.24:838][  0]BlueprintLog: New page: Editor Load
[2015.01.20-16.51.24:884][  0]LogAssetRegistry: FAssetRegistry took 0.0101 seconds to start up
[2015.01.20-16.51.24:886][  0]LogDirectoryWatcher:Warning: Failed to begin reading directory changes for ../../../Engine/Plugins/Experimental/CharacterAI/Content/. Error: 0
[2015.01.20-16.51.25:828][  0]LogTargetPlatformManager:Display: Building Assets For Windows
[2015.01.20-16.51.26:485][  0]LogTargetPlatformManager:Display: Building Assets For Windows
[2015.01.20-16.51.26:934][  0]LogConsoleResponse:Display: 
[2015.01.20-16.51.27:084][  0]LogLinker:Warning: Asset '../../../Engine/Content/Functions/Engine_MaterialFunctions03/Procedurals/ComputeFilterWidth.uasset' has been saved with empty engine version. The asset will be loaded but may be incompatible.
[2015.01.20-16.51.27:615][  0]SourceControl: Info Source control is disabled
[2015.01.20-16.51.27:615][  0]Cmd: MAP LOAD FILE="../../../../../../../Users/Class2018/Documents/Unreal Projects/Kodaina/Content/Maps/TestLevel.umap" TEMPLATE=0 SHOWPROGRESS=1
[2015.01.20-16.51.27:617][  0]LightingResults: New page: Lighting Build
[2015.01.20-16.51.27:641][  0]MapCheck: New page: Map Check
[2015.01.20-16.51.27:641][  0]LightingResults: New page: Lighting Build
[2015.01.20-16.51.27:660][  0]LogParticles: Destroying 0 GPU particle simulations for FXSystem 0x0000000013A759E0
[2015.01.20-16.51.27:810][  0]LogEditorServer: Finished looking for orphan Actors (0.000 secs)
[2015.01.20-16.51.27:811][  0]LogAIModule: Creating AISystem for world TestLevel
[2015.01.20-16.51.27:812][  0]Cmd: MAP CHECKDEP
[2015.01.20-16.51.27:812][  0]MapCheck: New page: TestLevel - Jan 20, 2015, 6:51:27 AM
[2015.01.20-16.51.28:016][  0]MapCheck: Info Map check complete: 0 Error(s), 0 Warning(s), took 203.441ms to complete.
[2015.01.20-16.51.28:017][  0]LogFileHelpers: Loading map 'TestLevel' took 0.400
[2015.01.20-16.51.28:165][  0]LogCollectionManager: Loaded 0 collections in 0.003601 seconds
[2015.01.20-16.51.28:548][  0]LogCrashTracker: Crashtracker disabled due to settings.
[2015.01.20-16.51.28:631][  0]LogLoad: Full Startup: 37.75 seconds (BP compile: 0.02 seconds)
[2015.01.20-16.51.28:985][  0]LogContentBrowser:Verbose: The content browser source was changed by the sources view to '/Game/Blueprints'
[2015.01.20-16.51.29:414][  0]LogPackageName: SearchForPackageOnDisk took   0.324s to resolve LevelEditor.TutorialLaunchButton
[2015.01.20-16.51.29:414][  0]LogUObjectGlobals:Warning: LoadPackage can't find package LevelEditor.TutorialLaunchButton.
[2015.01.20-16.51.29:691][  0]LogPackageName: SearchForPackageOnDisk took   0.277s to resolve 
[2015.01.20-16.51.29:691][  0]LogUObjectGlobals:Warning: LoadPackage can't find package .
[2015.01.20-16.51.29:938][  0]LogRenderer:Warning: Reallocating scene render targets to support 1200x904.
[2015.01.20-16.51.34:530][ 14]LogAssetRegistry: Asset discovery search completed in 9.6556 seconds
[2015.01.20-16.51.58:536][806]BlueprintLog: New page: Pre-PIE auto-recompile
[2015.01.20-16.51.58:536][806]LogPlayLevel: [PIE] Compiling TestLevel before PIE...
[2015.01.20-16.51.58:640][806]LogPlayLevel: PIE:  Blueprint regeneration took 104 ms (1 blueprints)
[2015.01.20-16.51.58:640][806]PIE: New page: PIE session: TestLevel (Jan 20, 2015, 6:51:58 AM)
[2015.01.20-16.51.58:645][806]LogPlayLevel: PIE: StaticDuplicateObject took: (0.003737s)
[2015.01.20-16.51.58:646][806]LogPlayLevel: PIE: World Init took: (0.001448s)
[2015.01.20-16.51.58:647][806]LogPlayLevel: PIE: Created PIE world by copying editor world from /Game/Maps/TestLevel.TestLevel to /Game/Maps/UEDPIE_0_TestLevel.TestLevel (0.005588s)
[2015.01.20-16.52.00:118][806]LogWorld: Game class is 'Kodaina_C'
[2015.01.20-16.52.00:123][806]LogAIModule: Creating AISystem for world TestLevel
[2015.01.20-16.52.00:125][806]LogWorld: Bringing World /Game/Maps/UEDPIE_0_TestLevel.TestLevel up for play (max tick rate 0) at 2015.01.20-11.52.00
[2015.01.20-16.52.00:126][806]LogWorld: Bringing up level for play took: 0.002669
[2015.01.20-16.52.00:131][806]PIE: Info Play in editor start time for /Game/Maps/UEDPIE_0_TestLevel 2.051
[2015.01.20-16.52.19:786][464]LogActorComponent: UnregisterComponent: (/Engine/Transient.CharacterMovementComponent_0) Not registered. Aborting.
[2015.01.20-16.52.19:821][464]LogParticles: Destroying 0 GPU particle simulations for FXSystem 0x000000002026D260
[2015.01.20-16.52.33:160][792]LogPropertyNode:Warning: UI Min (0.001) >= UI Max () for Ranged Numeric
[2015.01.20-16.52.33:170][792]LogPropertyNode:Warning: UI Min (0.001) >= UI Max () for Ranged Numeric
[2015.01.20-16.52.33:330][792]LogPropertyNode:Warning: UI Min (0.001) >= UI Max () for Ranged Numeric
[2015.01.20-16.52.33:332][792]LogPropertyNode:Warning: UI Min (0.001) >= UI Max () for Ranged Numeric
[2015.01.20-16.52.33:711][792]LogPackageName: SearchForPackageOnDisk took   0.291s to resolve LevelEditor.TutorialLaunchButton
[2015.01.20-16.52.33:711][792]LogUObjectGlobals:Warning: LoadPackage can't find package LevelEditor.TutorialLaunchButton.
[2015.01.20-16.52.33:987][792]LogPackageName: SearchForPackageOnDisk took   0.276s to resolve 
[2015.01.20-16.52.33:987][792]LogUObjectGlobals:Warning: LoadPackage can't find package .
[2015.01.20-16.52.49:643][106]LogActorComponent: UnregisterComponent: (/Engine/Transient.CharacterMovementComponent_1) Not registered. Aborting.
[2015.01.20-16.52.49:828][106]Cmd: OBJ SAVEPACKAGE PACKAGE="/Game/Blueprints/MyCharacter" FILE="../../../../../../../Users/Class2018/Documents/Unreal Projects/Kodaina/Content/Blueprints/MyCharacter.uasset" SILENT=true
[2015.01.20-16.52.51:369][106]LogSavePackage: Save=1362.038330ms
[2015.01.20-16.52.51:369][106]LogSavePackage: Moving '../../../../../../../Users/Class2018/Documents/Unreal Projects/Kodaina/Saved/MyCharacter0791E13A475211326D7CB483E227C44D.tmp' to '../../../../../../../Users/Class2018/Documents/Unreal Projects/Kodaina/Content/Blueprints/MyCharacter.uasset'
[2015.01.20-16.53.51:322][416]LogPropertyNode:Warning: UI Min (0.001) >= UI Max () for Ranged Numeric
[2015.01.20-16.53.51:324][416]LogPropertyNode:Warning: UI Min (0.001) >= UI Max () for Ranged Numeric
[2015.01.20-16.53.51:388][416]LogActorComponent: UnregisterComponent: (/Engine/Transient.CharacterMovementComponent_2) Not registered. Aborting.
[2015.01.20-16.53.56:192][501]LogPropertyNode:Warning: UI Min (0.001) >= UI Max () for Ranged Numeric
[2015.01.20-16.53.56:195][501]LogPropertyNode:Warning: UI Min (0.001) >= UI Max () for Ranged Numeric
[2015.01.20-16.53.56:257][501]LogActorComponent: UnregisterComponent: (/Engine/Transient.CharacterMovementComponent_3) Not registered. Aborting.
[2015.01.20-16.53.59:640][564]LogActorComponent: UnregisterComponent: (/Engine/Transient.CharacterMovementComponent_4) Not registered. Aborting.
[2015.01.20-16.53.59:855][564]Cmd: OBJ SAVEPACKAGE PACKAGE="/Game/Blueprints/MyCharacter" FILE="../../../../../../../Users/Class2018/Documents/Unreal Projects/Kodaina/Content/Blueprints/MyCharacter.uasset" SILENT=true
[2015.01.20-16.54.01:846][564]LogSavePackage: Save=1819.981567ms
[2015.01.20-16.54.01:846][564]LogSavePackage: Moving '../../../../../../../Users/Class2018/Documents/Unreal Projects/Kodaina/Saved/MyCharacter8311067C4263811D47801B8554AA602B.tmp' to '../../../../../../../Users/Class2018/Documents/Unreal Projects/Kodaina/Content/Blueprints/MyCharacter.uasset'
[2015.01.20-16.54.04:533][610]LogPropertyNode:Warning: UI Min (0.001) >= UI Max () for Ranged Numeric
[2015.01.20-16.54.04:535][610]LogPropertyNode:Warning: UI Min (0.001) >= UI Max () for Ranged Numeric
[2015.01.20-16.54.04:601][610]LogActorComponent: UnregisterComponent: (/Engine/Transient.CharacterMovementComponent_5) Not registered. Aborting.
[2015.01.20-16.54.28:557][ 91]BlueprintLog: New page: Compile MyCharacter
[2015.01.20-16.54.28:929][ 91]LogPropertyNode:Warning: UI Min (0.001) >= UI Max () for Ranged Numeric
[2015.01.20-16.54.28:932][ 91]LogPropertyNode:Warning: UI Min (0.001) >= UI Max () for Ranged Numeric
[2015.01.20-16.54.29:108][ 91]LogActorComponent: UnregisterComponent: (/Engine/Transient.CharacterMovementComponent_6) Not registered. Aborting.
[2015.01.20-16.54.29:327][ 91]LogPropertyNode:Warning: UI Min (0.001) >= UI Max () for Ranged Numeric
[2015.01.20-16.54.29:330][ 91]LogPropertyNode:Warning: UI Min (0.001) >= UI Max () for Ranged Numeric
[2015.01.20-16.54.29:405][ 91]BlueprintEditorCompileResults: Info [0218.52] Compile of MyCharacter successful! [in 660 ms]
[2015.01.20-16.54.31:661][125]LogPropertyNode:Warning: UI Min (0.001) >= UI Max () for Ranged Numeric
[2015.01.20-16.54.31:663][125]LogPropertyNode:Warning: UI Min (0.001) >= UI Max () for Ranged Numeric
[2015.01.20-16.54.31:727][125]LogActorComponent: UnregisterComponent: (/Engine/Transient.CharacterMovementComponent_7) Not registered. Aborting.
[2015.01.20-16.54.36:286][192]LogPropertyNode:Warning: UI Min (0.001) >= UI Max () for Ranged Numeric
[2015.01.20-16.54.36:289][192]LogPropertyNode:Warning: UI Min (0.001) >= UI Max () for Ranged Numeric
[2015.01.20-16.54.36:353][192]LogActorComponent: UnregisterComponent: (/Engine/Transient.CharacterMovementComponent_8) Not registered. Aborting.
[2015.01.20-16.55.00:741][685]LogPropertyNode:Warning: UI Min (0.001) >= UI Max () for Ranged Numeric
[2015.01.20-16.55.00:744][685]LogPropertyNode:Warning: UI Min (0.001) >= UI Max () for Ranged Numeric
[2015.01.20-16.55.00:809][685]LogActorComponent: UnregisterComponent: (/Engine/Transient.CharacterMovementComponent_9) Not registered. Aborting.
[2015.01.20-16.55.02:366][705]LogPropertyNode:Warning: UI Min (0.001) >= UI Max () for Ranged Numeric
[2015.01.20-16.55.02:368][705]LogPropertyNode:Warning: UI Min (0.001) >= UI Max () for Ranged Numeric
[2015.01.20-16.55.02:432][705]LogActorComponent: UnregisterComponent: (/Engine/Transient.CharacterMovementComponent_10) Not registered. Aborting.
[2015.01.20-16.55.04:121][732]BlueprintLog: New page: Compile MyCharacter
[2015.01.20-16.55.04:502][732]LogPropertyNode:Warning: UI Min (0.001) >= UI Max () for Ranged Numeric
[2015.01.20-16.55.04:505][732]LogPropertyNode:Warning: UI Min (0.001) >= UI Max () for Ranged Numeric
[2015.01.20-16.55.04:684][732]LogActorComponent: UnregisterComponent: (/Engine/Transient.CharacterMovementComponent_11) Not registered. Aborting.
[2015.01.20-16.55.04:930][732]LogPropertyNode:Warning: UI Min (0.001) >= UI Max () for Ranged Numeric
[2015.01.20-16.55.04:933][732]LogPropertyNode:Warning: UI Min (0.001) >= UI Max () for Ranged Numeric
[2015.01.20-16.55.05:009][732]BlueprintEditorCompileResults: Info [0254.12] Compile of MyCharacter successful! [in 692 ms]
[2015.01.20-16.55.40:138][376]LogPropertyNode:Warning: UI Min (0.001) >= UI Max () for Ranged Numeric
[2015.01.20-16.55.40:141][376]LogPropertyNode:Warning: UI Min (0.001) >= UI Max () for Ranged Numeric
[2015.01.20-16.55.40:205][376]LogActorComponent: UnregisterComponent: (/Engine/Transient.CharacterMovementComponent_12) Not registered. Aborting.
[2015.01.20-16.55.42:547][415]BlueprintLog: New page: Compile MyCharacter
[2015.01.20-16.55.42:919][415]LogPropertyNode:Warning: UI Min (0.001) >= UI Max () for Ranged Numeric
[2015.01.20-16.55.42:922][415]LogPropertyNode:Warning: UI Min (0.001) >= UI Max () for Ranged Numeric
[2015.01.20-16.55.43:096][415]LogActorComponent: UnregisterComponent: (/Engine/Transient.CharacterMovementComponent_13) Not registered. Aborting.
[2015.01.20-16.55.43:339][415]LogPropertyNode:Warning: UI Min (0.001) >= UI Max () for Ranged Numeric
[2015.01.20-16.55.43:342][415]LogPropertyNode:Warning: UI Min (0.001) >= UI Max () for Ranged Numeric
[2015.01.20-16.55.43:416][415]BlueprintEditorCompileResults: Info [0292.53] Compile of MyCharacter successful! [in 678 ms]
[2015.01.20-16.56.56:840][ 93]LogActorComponent: UnregisterComponent: (/Engine/Transient.CharacterMovementComponent_14) Not registered. Aborting.
[2015.01.20-16.56.56:896][ 93]LogParticles: Destroying 0 GPU particle simulations for FXSystem 0x00000000147CB2E0
[2015.01.20-16.56.58:947][ 93]Cmd: OBJ SAVEPACKAGE PACKAGE="/Game/Blueprints/MyCharacter" FILE="../../../../../../../Users/Class2018/Documents/Unreal Projects/Kodaina/Content/Blueprints/MyCharacter.uasset" SILENT=true
[2015.01.20-16.57.00:830][ 93]LogSavePackage: Save=1716.962280ms
[2015.01.20-16.57.00:830][ 93]LogSavePackage: Moving '../../../../../../../Users/Class2018/Documents/Unreal Projects/Kodaina/Saved/MyCharacterDB42932A451F7ADA32A43CB61540B7EE.tmp' to '../../../../../../../Users/Class2018/Documents/Unreal Projects/Kodaina/Content/Blueprints/MyCharacter.uasset'
[2015.01.20-16.57.02:297][ 94]Cmd: QUIT_EDITOR
[2015.01.20-16.57.03:680][ 94]LogExit: Preparing to exit.
[2015.01.20-16.57.04:522][ 94]LogExit: Editor shut down
[2015.01.20-16.57.04:522][ 94]LogExit: Transaction tracking system shut down
[2015.01.20-16.57.04:524][ 94]LogParticles: Destroying 0 GPU particle simulations for FXSystem 0x000000000BF672E0
[2015.01.20-16.57.04:524][ 94]LogParticles: Destroying 0 GPU particle simulations for FXSystem 0x000000000D994AE0
[2015.01.20-16.57.04:676][ 94]LogExit: Object subsystem successfully closed.
[2015.01.20-16.57.04:800][ 94]LogModuleManager: Shutting down and abandoning module AndroidDeviceDetection (172)
[2015.01.20-16.57.04:800][ 94]LogModuleManager: Shutting down and abandoning module CrashTracker (171)
[2015.01.20-16.57.04:800][ 94]LogModuleManager: Shutting down and abandoning module SuperSearch (170)
[2015.01.20-16.57.04:800][ 94]LogModuleManager: Shutting down and abandoning module SceneOutliner (169)
[2015.01.20-16.57.04:800][ 94]LogModuleManager: Shutting down and abandoning module EditorWidgets (168)
[2015.01.20-16.57.04:800][ 94]LogModuleManager: Shutting down and abandoning module CollectionManager (167)
[2015.01.20-16.57.04:800][ 94]LogModuleManager: Shutting down and abandoning module StatsViewer (166)
[2015.01.20-16.57.04:801][ 94]LogModuleManager: Shutting down and abandoning module FoliageEdit (165)
[2015.01.20-16.57.04:801][ 94]LogModuleManager: Shutting down and abandoning module LandscapeEditor (164)
[2015.01.20-16.57.04:801][ 94]LogModuleManager: Shutting down and abandoning module MeshPaint (163)
[2015.01.20-16.57.04:801][ 94]LogModuleManager: Shutting down and abandoning module ActorPickerMode (162)
[2015.01.20-16.57.04:801][ 94]LogModuleManager: Shutting down and abandoning module GeometryMode (161)
[2015.01.20-16.57.04:801][ 94]LogModuleManager: Shutting down and abandoning module TextureAlignMode (160)
[2015.01.20-16.57.04:801][ 94]LogModuleManager: Shutting down and abandoning module BspMode (159)
[2015.01.20-16.57.04:801][ 94]LogModuleManager: Shutting down and abandoning module PlacementMode (158)
[2015.01.20-16.57.04:801][ 94]LogModuleManager: Shutting down and abandoning module AutomationWorker (157)
[2015.01.20-16.57.04:801][ 94]LogModuleManager: Shutting down and abandoning module CharacterAI (156)
[2015.01.20-16.57.04:801][ 94]LogModuleManager: Shutting down and abandoning module GameProjectGeneration (155)
[2015.01.20-16.57.04:801][ 94]LogModuleManager: Shutting down and abandoning module IntroTutorials (154)
[2015.01.20-16.57.04:802][ 94]LogModuleManager: Shutting down and abandoning module EditorLiveStreaming (153)
[2015.01.20-16.57.04:802][ 94]LogModuleManager: Shutting down and abandoning module HardwareTargeting (152)
[2015.01.20-16.57.04:802][ 94]LogModuleManager: Shutting down and abandoning module DeviceProfileEditor (151)
[2015.01.20-16.57.04:802][ 94]LogModuleManager: Shutting down and abandoning module UndoHistory (150)
[2015.01.20-16.57.04:802][ 94]LogModuleManager: Shutting down and abandoning module GameplayTagsEditor (149)
[2015.01.20-16.57.04:802][ 94]LogModuleManager: Shutting down and abandoning module UserFeedback (148)
[2015.01.20-16.57.04:802][ 94]LogModuleManager: Shutting down and abandoning module XmlParser (147)
[2015.01.20-16.57.04:802][ 94]LogModuleManager: Shutting down and abandoning module Blutility (146)
[2015.01.20-16.57.04:802][ 94]LogModuleManager: Shutting down and abandoning module IOSPlatformEditor (145)
[2015.01.20-16.57.04:802][ 94]LogModuleManager: Shutting down and abandoning module IOSRuntimeSettings (144)
[2015.01.20-16.57.04:802][ 94]LogModuleManager: Shutting down and abandoning module AndroidPlatformEditor (143)
[2015.01.20-16.57.04:802][ 94]LogModuleManager: Shutting down and abandoning module AndroidRuntimeSettings (142)
[2015.01.20-16.57.04:802][ 94]LogModuleManager: Shutting down and abandoning module ProjectTargetPlatformEditor (141)
[2015.01.20-16.57.04:803][ 94]LogModuleManager: Shutting down and abandoning module ProjectSettingsViewer (140)
[2015.01.20-16.57.04:803][ 94]LogModuleManager: Shutting down and abandoning module InputBindingEditor (139)
[2015.01.20-16.57.04:803][ 94]LogModuleManager: Shutting down and abandoning module EditorSettingsViewer (138)
[2015.01.20-16.57.04:803][ 94]LogModuleManager: Shutting down and abandoning module SettingsEditor (137)
[2015.01.20-16.57.04:803][ 94]LogModuleManager: Shutting down and abandoning module ProjectLauncher (136)
[2015.01.20-16.57.04:803][ 94]LogModuleManager: Shutting down and abandoning module SessionFrontend (135)
[2015.01.20-16.57.04:803][ 94]LogModuleManager: Shutting down and abandoning module ProfilerClient (134)
[2015.01.20-16.57.04:804][ 94]LogModuleManager: Shutting down and abandoning module TargetDeviceServices (133)
[2015.01.20-16.57.04:804][ 94]LogModuleManager: Shutting down and abandoning module DeviceManager (132)
[2015.01.20-16.57.04:804][ 94]LogModuleManager: Shutting down and abandoning module AutomationController (131)
[2015.01.20-16.57.04:804][ 94]LogModuleManager: Shutting down and abandoning module AutomationWindow (130)
[2015.01.20-16.57.04:804][ 94]LogModuleManager: Shutting down and abandoning module Layers (129)
[2015.01.20-16.57.04:804][ 94]LogModuleManager: Shutting down and abandoning module ComponentVisualizers (128)
[2015.01.20-16.57.04:804][ 94]LogModuleManager: Shutting down and abandoning module DetailCustomizations (127)
[2015.01.20-16.57.04:804][ 94]LogModuleManager: Shutting down and abandoning module PackagesDialog (126)
[2015.01.20-16.57.04:805][ 94]LogModuleManager: Shutting down and abandoning module AssetRegistry (125)
[2015.01.20-16.57.04:956][ 94]LogModuleManager: Shutting down and abandoning module Persona (124)
[2015.01.20-16.57.04:956][ 94]LogModuleManager: Shutting down and abandoning module Kismet (123)
[2015.01.20-16.57.04:956][ 94]LogModuleManager: Shutting down and abandoning module GraphEditor (122)
[2015.01.20-16.57.04:957][ 94]LogModuleManager: Shutting down and abandoning module ClassViewer (121)
[2015.01.20-16.57.04:957][ 94]LogModuleManager: Shutting down and abandoning module Toolbox (120)
[2015.01.20-16.57.04:957][ 94]LogModuleManager: Shutting down and abandoning module ModuleUI (119)
[2015.01.20-16.57.04:957][ 94]LogModuleManager: Shutting down and abandoning module MovieSceneTools (118)
[2015.01.20-16.57.04:957][ 94]LogModuleManager: Shutting down and abandoning module OutputLog (117)
[2015.01.20-16.57.04:957][ 94]LogModuleManager: Shutting down and abandoning module GammaUI (116)
[2015.01.20-16.57.04:957][ 94]LogModuleManager: Shutting down and abandoning module Documentation (115)
[2015.01.20-16.57.04:957][ 94]LogModuleManager: Shutting down and abandoning module GameLiveStreaming (114)
[2015.01.20-16.57.04:957][ 94]LogModuleManager: Shutting down and abandoning module StreamingPauseRendering (113)
[2015.01.20-16.57.04:957][ 94]LogModuleManager: Shutting down and abandoning module HTTP (112)
[2015.01.20-16.57.04:957][ 94]LogModuleManager: Shutting down and abandoning module AnalyticsET (111)
[2015.01.20-16.57.04:957][ 94]LogModuleManager: Shutting down and abandoning module Analytics (110)
[2015.01.20-16.57.04:957][ 94]LogModuleManager: Shutting down and abandoning module AITestSuite (109)
[2015.01.20-16.57.04:957][ 94]LogModuleManager: Shutting down and abandoning module AIModule (108)
[2015.01.20-16.57.04:957][ 94]LogModuleManager: Shutting down and abandoning module ProfilerService (107)
[2015.01.20-16.57.05:100][ 94]LogModuleManager: Shutting down and abandoning module TaskGraph (106)
[2015.01.20-16.57.05:100][ 94]LogModuleManager: Shutting down and abandoning module GameplayDebugger (105)
[2015.01.20-16.57.05:100][ 94]LogModuleManager: Shutting down and abandoning module SlateRemote (104)
[2015.01.20-16.57.05:100][ 94]LogModuleManager: Shutting down and abandoning module ScriptEditorPlugin (103)
[2015.01.20-16.57.05:100][ 94]LogModuleManager: Shutting down and abandoning module CustomMeshComponent (102)
[2015.01.20-16.57.05:100][ 94]LogModuleManager: Shutting down and abandoning module CableComponent (101)
[2015.01.20-16.57.05:100][ 94]LogModuleManager: Shutting down and abandoning module MessagingDebugger (100)
[2015.01.20-16.57.05:100][ 94]LogModuleManager: Shutting down and abandoning module MediaPlayerEditor (99)
[2015.01.20-16.57.05:101][ 94]LogModuleManager: Shutting down and abandoning module SpeedTreeImporter (98)
[2015.01.20-16.57.05:101][ 94]LogModuleManager: Shutting down and abandoning module PluginsEditor (97)
[2015.01.20-16.57.05:101][ 94]LogModuleManager: Shutting down and abandoning module EpicSurvey (96)
[2015.01.20-16.57.05:101][ 94]LogModuleManager: Shutting down and abandoning module DesktopPlatform (95)
[2015.01.20-16.57.05:101][ 94]LogModuleManager: Shutting down and abandoning module VisualStudioSourceCodeAccess (94)
[2015.01.20-16.57.05:101][ 94]LogModuleManager: Shutting down and abandoning module UObjectPlugin (93)
[2015.01.20-16.57.05:101][ 94]LogModuleManager: Shutting down and abandoning module SubversionSourceControl (92)
[2015.01.20-16.57.05:101][ 94]LogModuleManager: Shutting down and abandoning module SourceControl (91)
[2015.01.20-16.57.05:101][ 94]LogModuleManager: Shutting down and abandoning module PerforceSourceControl (90)
[2015.01.20-16.57.05:101][ 94]LogModuleManager: Shutting down and abandoning module BlankPlugin (89)
[2015.01.20-16.57.05:101][ 94]LogModuleManager: Shutting down and abandoning module SlateReflector (88)
[2015.01.20-16.57.05:101][ 94]LogModuleManager: Shutting down and abandoning module DirectoryWatcher (87)
[2015.01.20-16.57.05:102][ 94]LogModuleManager: Shutting down and abandoning module HotReload (86)
[2015.01.20-16.57.05:102][ 94]LogModuleManager: Shutting down and abandoning module MainFrame (85)
[2015.01.20-16.57.05:102][ 94]LogModuleManager: Shutting down and abandoning module LevelEditor (84)
[2015.01.20-16.57.05:105][ 94]LogModuleManager: Shutting down and abandoning module ViewportSnapping (83)
[2015.01.20-16.57.05:105][ 94]LogModuleManager: Shutting down and abandoning module SmartSnapping (82)
[2015.01.20-16.57.05:105][ 94]LogModuleManager: Shutting down and abandoning module PaperTiledImporter (81)
[2015.01.20-16.57.05:105][ 94]LogModuleManager: Shutting down and abandoning module PaperJsonImporter (80)
[2015.01.20-16.57.05:105][ 94]LogModuleManager: Shutting down and abandoning module ContentBrowser (79)
[2015.01.20-16.57.05:105][ 94]LogModuleManager: Shutting down and abandoning module Paper2DEditor (78)
[2015.01.20-16.57.05:105][ 94]LogModuleManager: Shutting down and abandoning module ScriptPlugin (77)
[2015.01.20-16.57.05:106][ 94]LogModuleManager: Shutting down and abandoning module UdpMessaging (76)
[2015.01.20-16.57.05:206][ 94]LogModuleManager: Shutting down and abandoning module Paper2D (75)
[2015.01.20-16.57.05:206][ 94]LogModuleManager: Shutting down and abandoning module UE4Game (74)
[2015.01.20-16.57.05:206][ 94]LogModuleManager: Shutting down and abandoning module WindowsMoviePlayer (73)
[2015.01.20-16.57.05:212][ 94]LogModuleManager: Shutting down and abandoning module Media (72)
[2015.01.20-16.57.05:212][ 94]LogModuleManager: Shutting down and abandoning module WmfMedia (71)
[2015.01.20-16.57.05:213][ 94]LogModuleManager: Shutting down and abandoning module OnlineBlueprintSupport (70)
[2015.01.20-16.57.05:213][ 94]LogModuleManager: Shutting down and abandoning module PropertyEditor (69)
[2015.01.20-16.57.05:213][ 94]LogModuleManager: Shutting down and abandoning module BehaviorTreeEditor (68)
[2015.01.20-16.57.05:213][ 94]LogModuleManager: Shutting down and abandoning module FunctionalTesting (67)
[2015.01.20-16.57.05:213][ 94]LogModuleManager: Shutting down and abandoning module CollisionAnalyzer (66)
[2015.01.20-16.57.05:213][ 94]LogModuleManager: Shutting down and abandoning module WorkspaceMenuStructure (65)
[2015.01.20-16.57.05:213][ 94]LogModuleManager: Shutting down and abandoning module MessageLog (64)
[2015.01.20-16.57.05:213][ 94]LogModuleManager: Shutting down and abandoning module Sequencer (63)
[2015.01.20-16.57.05:213][ 94]LogModuleManager: Shutting down and abandoning module AssetTools (62)
[2015.01.20-16.57.05:213][ 94]LogModuleManager: Shutting down and abandoning module UMGEditor (61)
[2015.01.20-16.57.05:213][ 94]LogModuleManager: Shutting down and abandoning module UMG (60)
[2015.01.20-16.57.05:213][ 94]LogModuleManager: Shutting down and abandoning module Slate (59)
[2015.01.20-16.57.05:213][ 94]LogModuleManager: Shutting down and abandoning module EditorStyle (58)
[2015.01.20-16.57.05:225][ 94]LogModuleManager: Shutting down and abandoning module SessionServices (57)
[2015.01.20-16.57.05:225][ 94]LogModuleManager: Shutting down and abandoning module SourceCodeAccess (56)
[2015.01.20-16.57.05:225][ 94]LogModuleManager: Shutting down and abandoning module HeadMountedDisplay (55)
[2015.01.20-16.57.05:225][ 94]LogModuleManager: Shutting down and abandoning module XAudio2 (54)
[2015.01.20-16.57.05:225][ 94]LogModuleManager: Shutting down and abandoning module Networking (52)
[2015.01.20-16.57.05:225][ 94]LogModuleManager: Shutting down and abandoning module Core (51)
[2015.01.20-16.57.05:225][ 94]LogModuleManager: Shutting down and abandoning module KismetCompiler (50)
[2015.01.20-16.57.05:225][ 94]LogModuleManager: Shutting down and abandoning module PhysXFormats (49)
[2015.01.20-16.57.05:225][ 94]LogModuleManager: Shutting down and abandoning module MeshUtilities (48)
[2015.01.20-16.57.05:225][ 94]LogModuleManager: Shutting down and abandoning module DerivedDataCache (47)
[2015.01.20-16.57.05:302][ 94]LogDerivedDataCache: Shutdown
[2015.01.20-16.57.05:302][ 94]LogModuleManager: Shutting down and abandoning module ShaderFormatOpenGL (46)
[2015.01.20-16.57.05:302][ 94]LogModuleManager: Shutting down and abandoning module ShaderFormatD3D (45)
[2015.01.20-16.57.05:302][ 94]LogModuleManager: Shutting down and abandoning module MetalShaderFormat (44)
[2015.01.20-16.57.05:302][ 94]LogModuleManager: Shutting down and abandoning module TextureFormatUncompressed (43)
[2015.01.20-16.57.05:302][ 94]LogModuleManager: Shutting down and abandoning module TextureFormatPVR (42)
[2015.01.20-16.57.05:302][ 94]LogModuleManager: Shutting down and abandoning module TextureFormatDXT (41)
[2015.01.20-16.57.05:302][ 94]LogModuleManager: Shutting down and abandoning module TextureFormatAndroid (40)
[2015.01.20-16.57.05:302][ 94]LogModuleManager: Shutting down and abandoning module AudioFormatOpus (39)
[2015.01.20-16.57.05:302][ 94]LogModuleManager: Shutting down and abandoning module AudioFormatOgg (38)
[2015.01.20-16.57.05:302][ 94]LogModuleManager: Shutting down and abandoning module AudioFormatADPCM (37)
[2015.01.20-16.57.05:302][ 94]LogModuleManager: Shutting down and abandoning module LinuxTargetPlatform (36)
[2015.01.20-16.57.05:302][ 94]LogModuleManager: Shutting down and abandoning module LinuxServerTargetPlatform (35)
[2015.01.20-16.57.05:303][ 94]LogModuleManager: Shutting down and abandoning module LinuxNoEditorTargetPlatform (34)
[2015.01.20-16.57.05:303][ 94]LogModuleManager: Shutting down and abandoning module Messaging (33)
[2015.01.20-16.57.05:303][ 94]LogModuleManager: Shutting down and abandoning module IOSTargetPlatform (32)
[2015.01.20-16.57.05:303][ 94]LogModuleManager: Shutting down and abandoning module Android_PVRTCTargetPlatform (31)
[2015.01.20-16.57.05:303][ 94]LogModuleManager: Shutting down and abandoning module Android_ETC2TargetPlatform (30)
[2015.01.20-16.57.05:303][ 94]LogModuleManager: Shutting down and abandoning module Android_ETC1TargetPlatform (29)
[2015.01.20-16.57.05:303][ 94]LogModuleManager: Shutting down and abandoning module Android_DXTTargetPlatform (28)
[2015.01.20-16.57.05:303][ 94]LogModuleManager: Shutting down and abandoning module Android_ATCTargetPlatform (27)
[2015.01.20-16.57.05:303][ 94]LogModuleManager: Shutting down and abandoning module AndroidTargetPlatform (26)
[2015.01.20-16.57.05:303][ 94]LogModuleManager: Shutting down and abandoning module WindowsTargetPlatform (25)
[2015.01.20-16.57.05:303][ 94]LogModuleManager: Shutting down and abandoning module WindowsServerTargetPlatform (24)
[2015.01.20-16.57.05:303][ 94]LogModuleManager: Shutting down and abandoning module WindowsNoEditorTargetPlatform (23)
[2015.01.20-16.57.05:303][ 94]LogModuleManager: Shutting down and abandoning module WindowsClientTargetPlatform (22)
[2015.01.20-16.57.05:303][ 94]LogModuleManager: Shutting down and abandoning module TargetPlatform (21)
[2015.01.20-16.57.05:303][ 94]LogModuleManager: Shutting down and abandoning module InputCore (20)
[2015.01.20-16.57.05:303][ 94]LogModuleManager: Shutting down and abandoning module Settings (19)
[2015.01.20-16.57.05:303][ 94]LogModuleManager: Shutting down and abandoning module ImageWrapper (18)
[2015.01.20-16.57.05:303][ 94]LogModuleManager: Shutting down and abandoning module OculusRift (15)
[2015.01.20-16.57.05:303][ 94]LogModuleManager: Shutting down and abandoning module ExampleDeviceProfileSelector (14)
[2015.01.20-16.57.05:303][ 94]LogModuleManager: Shutting down and abandoning module TextureCompressor (13)
[2015.01.20-16.57.05:304][ 94]LogModuleManager: Shutting down and abandoning module ShaderCore (12)
[2015.01.20-16.57.05:304][ 94]LogModuleManager: Shutting down and abandoning module Landscape (11)
[2015.01.20-16.57.05:304][ 94]LogModuleManager: Shutting down and abandoning module SlateRHIRenderer (10)
[2015.01.20-16.57.05:307][ 94]LogModuleManager: Shutting down and abandoning module OpenGLDrv (9)
[2015.01.20-16.57.05:307][ 94]LogModuleManager: Shutting down and abandoning module D3D11RHI (8)
[2015.01.20-16.57.05:307][ 94]LogModuleManager: Shutting down and abandoning module Renderer (7)
[2015.01.20-16.57.05:307][ 94]LogModuleManager: Shutting down and abandoning module Engine (6)
[2015.01.20-16.57.05:307][ 94]LogModuleManager: Shutting down and abandoning module CoreUObject (5)
[2015.01.20-16.57.05:307][ 94]LogModuleManager: Shutting down and abandoning module NetworkFile (4)
[2015.01.20-16.57.05:307][ 94]LogModuleManager: Shutting down and abandoning module StreamingFile (3)
[2015.01.20-16.57.05:307][ 94]LogModuleManager: Shutting down and abandoning module SandboxFile (2)
[2015.01.20-16.57.05:307][ 94]LogModuleManager: Shutting down and abandoning module PakFile (1)
[2015.01.20-16.57.05:308][ 94]LogExit: Exiting.
[2015.01.20-16.57.05:323][ 94]Log file closed, 01/20/15 11:57:05
