Log file open, 01/23/15 19:31:46
LogInit:Display: Running engine for game: KodainaKingdom
LogInit: Version: 4.6.1-2386410+++depot+UE4-Releases+4.6
LogInit: API Version: 2369412
LogInit: Compiled (64-bit): Dec 11 2014 21:31:39
LogInit: Compiled with Visual C++: 18.00.21005.01
LogInit: Build Configuration: Development
LogInit: Branch Name: ++depot+UE4-Releases+4.6
LogInit: Command line:  
LogInit: Base directory: C:/Program Files/Epic Games/4.6/Engine/Binaries/Win64/
LogInit: Rocket: 1
[2015.01.24-00.31.46:555][  0]LogTaskGraph: Started task graph with 3 named threads and 6 total threads.
[2015.01.24-00.31.46:612][  0]LogOnline:Warning: No default platform service specified for OnlineSubsystem
[2015.01.24-00.31.46:641][  0]LogInit: Presizing for 0 objects not considered by GC, pre-allocating 0 bytes.
[2015.01.24-00.31.46:655][  0]LogInit: Object subsystem initialized
[2015.01.24-00.31.46:658][  0]LogConsoleResponse:Warning: Skipping Unknown console variable: 'UIScaleRule = ShortestSide'
[2015.01.24-00.31.46:658][  0]LogConsoleResponse:Warning:   Found in ini file 'C:/Users/Zim/Documents/Unreal Projects/KodainaKingdom/Saved/Config/Windows/Engine.ini', in section '[/Script/Engine.RendererSettings]'
[2015.01.24-00.31.46:658][  0]LogConsoleResponse:Warning: Skipping Unknown console variable: 'UIScaleCurve = (EditorCurveData=(Keys=),ExternalCurve=None)'
[2015.01.24-00.31.46:658][  0]LogConsoleResponse:Warning:   Found in ini file 'C:/Users/Zim/Documents/Unreal Projects/KodainaKingdom/Saved/Config/Windows/Engine.ini', in section '[/Script/Engine.RendererSettings]'
[2015.01.24-00.31.46:658][  0]LogConsoleManager:Warning: Console variable 'r.MSAA.CompositingSampleCount' wasn't set (Priority ProjectSetting < Scalability)
[2015.01.24-00.31.46:658][  0]LogInit: Selected Device Profile: [Windows]
[2015.01.24-00.31.46:658][  0]LogInit: Applying CVar settings loaded from the selected device profile: [Windows]
[2015.01.24-00.31.46:668][  0]LogInit: Computer: SEAN
[2015.01.24-00.31.46:668][  0]LogInit: User: Zim
[2015.01.24-00.31.46:668][  0]LogInit: CPU Page size=4096, Cores=4
[2015.01.24-00.31.46:668][  0]LogInit: High frequency timer resolution =2.338451 MHz
[2015.01.24-00.31.46:668][  0]LogMemory: Memory total: Physical=15.9GB (16GB approx) Virtual=131072.0GB
[2015.01.24-00.31.46:668][  0]LogMemory: Platform Memory Stats for Windows
[2015.01.24-00.31.46:668][  0]LogMemory: Process Physical Memory: 49.20 MB used, 49.20 MB peak
[2015.01.24-00.31.46:668][  0]LogMemory: Process Virtual Memory: 25.11 MB used, 25.12 MB peak
[2015.01.24-00.31.46:668][  0]LogMemory: Physical Memory: 6312.73 MB used, 16331.28 MB total
[2015.01.24-00.31.46:668][  0]LogMemory: Virtual Memory: 271.84 MB used, 134217728.00 MB total
[2015.01.24-00.31.46:710][  0]LogD3D11RHI: Found D3D11 adapter 0: NVIDIA GeForce GT 750M   (Feature Level 11_0)
[2015.01.24-00.31.46:710][  0]LogD3D11RHI: Adapter has 1985MB of dedicated video memory, 0MB of dedicated system memory, and 2048MB of shared system memory, 1 output[s]
[2015.01.24-00.31.46:741][  0]LogD3D11RHI: Found D3D11 adapter 1: NVIDIA GeForce GT 750M   (Feature Level 11_0)
[2015.01.24-00.31.46:741][  0]LogD3D11RHI: Adapter has 1985MB of dedicated video memory, 0MB of dedicated system memory, and 2048MB of shared system memory, 0 output[s]
[2015.01.24-00.31.46:743][  0]LogD3D11RHI: Found D3D11 adapter 2: Microsoft Basic Render Driver (Feature Level 11_0)
[2015.01.24-00.31.46:743][  0]LogD3D11RHI: Adapter has 0MB of dedicated video memory, 0MB of dedicated system memory, and 256MB of shared system memory, 0 output[s]
[2015.01.24-00.31.46:743][  0]LogD3D11RHI: Chosen D3D11 Adapter Id = 0
[2015.01.24-00.31.46:749][  0]LogRHI: Texture pool is 1361 MB (70% of 1945 MB)
[2015.01.24-00.31.46:767][  0]LogD3D11RHI: Async texture creation enabled
[2015.01.24-00.31.46:844][  0]LogTextLocalizationManager: The requested culture ('en_US') has no localization data; parent culture's ('en') localization data will be used.
[2015.01.24-00.31.47:034][  0]LogContentStreaming: Texture pool size is 0.000000MB
[2015.01.24-00.31.55:029][  0]LogTargetPlatformManager:Display: Building Assets For Windows
[2015.01.24-00.31.55:655][  0]LogTargetPlatformManager:Display: Building Assets For Windows
[2015.01.24-00.31.55:725][  0]LogDerivedDataCache:Display: Max Cache Size: 512 MB
[2015.01.24-00.31.56:196][  0]LogDerivedDataCache: Loaded boot cache 0.47s 39MB C:/Users/Zim/AppData/Local/UnrealEngine/4.6/DerivedDataCache/Boot.ddc.
[2015.01.24-00.31.56:196][  0]LogDerivedDataCache:Display: Loaded Boot cache: C:/Users/Zim/AppData/Local/UnrealEngine/4.6/DerivedDataCache/Boot.ddc
[2015.01.24-00.31.56:196][  0]LogDerivedDataCache: FDerivedDataBackendGraph:  Pak pak cache file ../../../../../../Users/Zim/Documents/Unreal Projects/KodainaKingdom/DerivedDataCache/DDC.ddp not found, will not use a pak cache.
[2015.01.24-00.31.56:196][  0]LogDerivedDataCache: Unable to find inner node Pak for hierarchical cache Hierarchy.
[2015.01.24-00.31.56:344][  0]LogDerivedDataCache:Display: Pak cache opened for reading ../../../Engine/DerivedDataCache/DDC.ddp.
[2015.01.24-00.31.56:356][  0]LogDerivedDataCache: Using Local data cache path C:/Users/Zim/AppData/Local/UnrealEngine/Common/DerivedDataCache: Writable
[2015.01.24-00.31.56:535][  0]LogCollisionProfile:Warning: Profile (UI) - Custom Channel Name = 'Weapon' hasn't been found
[2015.01.24-00.31.56:733][  0]LogMeshUtilities: No automatic mesh reduction module available
[2015.01.24-00.31.56:733][  0]LogMeshUtilities: No automatic mesh merging module available
[2015.01.24-00.31.57:345][  0]LogInit: WinSock: version 1.1 (2.2), MaxSocks=32767, MaxUdp=65467
[2015.01.24-00.31.57:418][  0]LogSlate:Warning: Failed to load font data from '../../../Engine/Content/Slate/Fonts/Roboto-Italic.ttf'
[2015.01.24-00.32.09:475][  0]UdpMessaging: Initializing bridge on interface 0.0.0.0:0 to multicast group 230.0.0.1:6666.
[2015.01.24-00.32.09:777][  0]LogDirectoryWatcher:Warning: Failed to begin reading directory changes for C:/Users/Zim/Documents/Unreal Projects/KodainaKingdom/Binaries/Win64. Error: 0
[2015.01.24-00.32.09:986][  0]SourceControl: Info Source control is disabled
[2015.01.24-00.32.09:987][  0]SourceControl: Info Source control is disabled
[2015.01.24-00.32.09:995][  0]SourceControl: Info Source control is disabled
[2015.01.24-00.32.10:391][  0]LogObj: 23754 objects as part of root set at end of initial load.
[2015.01.24-00.32.10:391][  0]LogUObjectAllocator: 5168136 out of 0 bytes used by permanent object pool.
[2015.01.24-00.32.10:467][  0]LogEngine: Initializing Engine...
[2015.01.24-00.32.10:671][  0]LogInit: XAudio2 using 'Speakers (Realtek High Definition Audio)' : 2 channels at 48 kHz using 32 bits per sample (channel mask 0x3)
[2015.01.24-00.32.10:681][  0]LogInit: FAudioDevice initialized.
[2015.01.24-00.32.10:707][  0]LogAIModule: Creating AISystem for world NewWorld
[2015.01.24-00.32.10:733][  0]LogDerivedDataCache: Saved boot cache 0.03s 39MB C:/Users/Zim/AppData/Local/UnrealEngine/4.6/DerivedDataCache/Boot.ddc.
[2015.01.24-00.32.10:739][  0]LogInit: Texture streaming: Enabled
[2015.01.24-00.32.10:772][  0]LogAnalytics: Creating configured Analytics provider AnalyticsET
[2015.01.24-00.32.10:772][  0]LogAnalytics: ET APIKey = Rocket.Release. APIServer = http://et2.epicgames.com/ET2/. AppVersion = 4.6.1-2386410+++depot+UE4-Releases+4.6
[2015.01.24-00.32.10:773][  0]LogAnalytics: SetUserId e818845727fd16b7b8e647cd16e3db7c
[2015.01.24-00.32.10:773][  0]LogAnalytics: AnalyticsET::StartSession [Rocket.Release]
[2015.01.24-00.32.10:794][  0]LogInit: Transaction tracking system initialized
[2015.01.24-00.32.10:910][  0]BlueprintLog: New page: Editor Load
[2015.01.24-00.32.10:945][  0]LogAssetRegistry: FAssetRegistry took 0.0112 seconds to start up
[2015.01.24-00.32.10:945][  0]LogDirectoryWatcher:Warning: Failed to begin reading directory changes for ../../../Engine/Plugins/Experimental/CharacterAI/Content/. Error: 0
[2015.01.24-00.32.11:602][  0]LogTargetPlatformManager:Display: Building Assets For Windows
[2015.01.24-00.32.12:095][  0]LogTargetPlatformManager:Display: Building Assets For Windows
[2015.01.24-00.32.12:323][  0]LogConsoleResponse:Display: 
[2015.01.24-00.32.12:880][  0]LogLinker:Warning: Asset '../../../Engine/Content/Functions/Engine_MaterialFunctions03/Procedurals/ComputeFilterWidth.uasset' has been saved with empty engine version. The asset will be loaded but may be incompatible.
[2015.01.24-00.32.14:161][  0]SourceControl: Info Source control is disabled
[2015.01.24-00.32.14:161][  0]Cmd: MAP LOAD FILE="../../../../../../Users/Zim/Documents/Unreal Projects/KodainaKingdom/Content/Maps/TestLevel.umap" TEMPLATE=0 SHOWPROGRESS=1
[2015.01.24-00.32.14:180][  0]LightingResults: New page: Lighting Build
[2015.01.24-00.32.14:193][  0]MapCheck: New page: Map Check
[2015.01.24-00.32.14:193][  0]LightingResults: New page: Lighting Build
[2015.01.24-00.32.14:203][  0]LogParticles: Destroying 0 GPU particle simulations for FXSystem 0x00000092C72B9580
[2015.01.24-00.32.14:897][  0]LogEditorServer: Finished looking for orphan Actors (0.000 secs)
[2015.01.24-00.32.14:898][  0]LogAIModule: Creating AISystem for world TestLevel
[2015.01.24-00.32.14:898][  0]Cmd: MAP CHECKDEP
[2015.01.24-00.32.14:898][  0]MapCheck: New page: TestLevel - Jan 23, 2015, 2:32:14 PM
[2015.01.24-00.32.15:004][  0]MapCheck: Info Map check complete: 0 Error(s), 0 Warning(s), took 105.549ms to complete.
[2015.01.24-00.32.15:004][  0]LogFileHelpers: Loading map 'TestLevel' took 0.843
[2015.01.24-00.32.15:092][  0]LogCollectionManager: Loaded 0 collections in 0.001264 seconds
[2015.01.24-00.32.15:336][  0]LogCrashTracker: Crashtracker disabled due to settings.
[2015.01.24-00.32.15:343][  0]LogUObjectGlobals:Warning: Failed to find object 'Class None.'
[2015.01.24-00.32.15:370][  0]LogLoad: Full Startup: 31.18 seconds (BP compile: 0.01 seconds)
[2015.01.24-00.32.15:714][  0]LogContentBrowser:Verbose: The content browser source was changed by the sources view to '/Game/Blueprints'
[2015.01.24-00.32.15:884][  0]LogRenderer:Warning: Reallocating scene render targets to support 1200x896.
[2015.01.24-00.32.36:044][ 61]LogAssetRegistry: Asset discovery search completed in 25.1103 seconds
[2015.01.24-00.34.25:550][880]LoadErrors:Error: Error Failed import for FloatProperty
[2015.01.24-00.34.27:496][880]LogPropertyNode:Warning: UI Min (0.001) >= UI Max () for Ranged Numeric
[2015.01.24-00.34.27:519][880]LogPropertyNode:Warning: UI Min (0.001) >= UI Max () for Ranged Numeric
[2015.01.24-00.34.27:622][880]LogPropertyNode:Warning: UI Min (0.001) >= UI Max () for Ranged Numeric
[2015.01.24-00.34.27:623][880]LogPropertyNode:Warning: UI Min (0.001) >= UI Max () for Ranged Numeric
[2015.01.24-00.34.52:273][561]LogBlueprint:Warning: Unknown type of hyperlinked object
[2015.01.24-00.35.15:759][588]Cmd: OBJ SAVEPACKAGE PACKAGE="/Game/Blueprints/MyCharacter" FILE="../../../../../../Users/Zim/Documents/Unreal Projects/KodainaKingdom/Content/Blueprints/MyCharacter.uasset" SILENT=true
[2015.01.24-00.35.16:710][588]LogSavePackage: Save=808.664368ms
[2015.01.24-00.35.16:710][588]LogSavePackage: Moving '../../../../../../Users/Zim/Documents/Unreal Projects/KodainaKingdom/Saved/MyCharacter51360AAB4926B1518DE99AAE803A1E03.tmp' to '../../../../../../Users/Zim/Documents/Unreal Projects/KodainaKingdom/Content/Blueprints/MyCharacter.uasset'
[2015.01.24-00.36.05:754][834]Cmd: OBJ SAVEPACKAGE PACKAGE="/Game/Blueprints/MyCharacter" FILE="../../../../../../Users/Zim/Documents/Unreal Projects/KodainaKingdom/Content/Blueprints/MyCharacter.uasset" SILENT=true
[2015.01.24-00.36.06:182][834]LogSavePackage: Save=281.904999ms
[2015.01.24-00.36.06:182][834]LogSavePackage: Moving '../../../../../../Users/Zim/Documents/Unreal Projects/KodainaKingdom/Saved/MyCharacterAC8924A04A8A6332CC8157B134D0D86F.tmp' to '../../../../../../Users/Zim/Documents/Unreal Projects/KodainaKingdom/Content/Blueprints/MyCharacter.uasset'
[2015.01.24-00.37.39:382][390]BlueprintLog: New page: Compile MyCharacter
[2015.01.24-00.37.39:668][390]LogPropertyNode:Warning: UI Min (0.001) >= UI Max () for Ranged Numeric
[2015.01.24-00.37.39:669][390]LogPropertyNode:Warning: UI Min (0.001) >= UI Max () for Ranged Numeric
[2015.01.24-00.37.39:789][390]LogActorComponent: UnregisterComponent: (/Engine/Transient.CharacterMovementComponent_0) Not registered. Aborting.
[2015.01.24-00.37.39:939][390]LogPropertyNode:Warning: UI Min (0.001) >= UI Max () for Ranged Numeric
[2015.01.24-00.37.39:940][390]LogPropertyNode:Warning: UI Min (0.001) >= UI Max () for Ranged Numeric
[2015.01.24-00.37.39:989][390]BlueprintEditorCompileResults: Info [0355.80] Compile of MyCharacter successful! [in 456 ms]
[2015.01.24-00.37.40:229][390]Cmd: OBJ SAVEPACKAGE PACKAGE="/Game/Blueprints/MyCharacter" FILE="../../../../../../Users/Zim/Documents/Unreal Projects/KodainaKingdom/Content/Blueprints/MyCharacter.uasset" SILENT=true
[2015.01.24-00.37.41:196][390]LogSavePackage: Save=820.523926ms
[2015.01.24-00.37.41:196][390]LogSavePackage: Moving '../../../../../../Users/Zim/Documents/Unreal Projects/KodainaKingdom/Saved/MyCharacter5E61282C4915D2BE4BAF3DB2E40091E1.tmp' to '../../../../../../Users/Zim/Documents/Unreal Projects/KodainaKingdom/Content/Blueprints/MyCharacter.uasset'
[2015.01.24-00.37.42:889][423]Cmd: OBJ SAVEPACKAGE PACKAGE="/Game/Blueprints/MyCharacter" FILE="../../../../../../Users/Zim/Documents/Unreal Projects/KodainaKingdom/Content/Blueprints/MyCharacter.uasset" SILENT=true
[2015.01.24-00.37.43:329][423]LogSavePackage: Save=288.446075ms
[2015.01.24-00.37.43:329][423]LogSavePackage: Moving '../../../../../../Users/Zim/Documents/Unreal Projects/KodainaKingdom/Saved/MyCharacter9A23DF204ADAC8BE1E1B3DBF80662156.tmp' to '../../../../../../Users/Zim/Documents/Unreal Projects/KodainaKingdom/Content/Blueprints/MyCharacter.uasset'
[2015.01.24-00.37.44:551][479]BlueprintLog: New page: Pre-PIE auto-recompile
[2015.01.24-00.37.44:558][479]LogPlayLevel: [PIE] Compiling Enemy before PIE...
[2015.01.24-00.37.44:735][479]LogPropertyNode:Warning: UI Min (0.001) >= UI Max () for Ranged Numeric
[2015.01.24-00.37.44:736][479]LogPropertyNode:Warning: UI Min (0.001) >= UI Max () for Ranged Numeric
[2015.01.24-00.37.44:765][479]LogActorComponent: UnregisterComponent: (/Engine/Transient.CharacterMovementComponent_1) Not registered. Aborting.
[2015.01.24-00.37.44:778][479]LogPlayLevel: [PIE] Compiling Tutorial_BP_MacroLib before PIE...
[2015.01.24-00.37.44:838][479]LogPlayLevel: [PIE] Compiling TestLevel before PIE...
[2015.01.24-00.37.44:931][479]LogPlayLevel: [PIE] Compiling BattleHUD before PIE...
[2015.01.24-00.37.45:168][479]LogPropertyNode:Warning: UI Min (0.001) >= UI Max () for Ranged Numeric
[2015.01.24-00.37.45:169][479]LogPropertyNode:Warning: UI Min (0.001) >= UI Max () for Ranged Numeric
[2015.01.24-00.37.45:210][479]LogPlayLevel: [PIE] Compiling RollingMovingHUD before PIE...
[2015.01.24-00.37.45:368][479]LogPropertyNode:Warning: UI Min (0.001) >= UI Max () for Ranged Numeric
[2015.01.24-00.37.45:369][479]LogPropertyNode:Warning: UI Min (0.001) >= UI Max () for Ranged Numeric
[2015.01.24-00.37.45:447][479]LogPropertyNode:Warning: UI Min (0.001) >= UI Max () for Ranged Numeric
[2015.01.24-00.37.45:449][479]LogPropertyNode:Warning: UI Min (0.001) >= UI Max () for Ranged Numeric
[2015.01.24-00.37.45:477][479]LogPlayLevel: [PIE] Compiling MyCharacter before PIE...
[2015.01.24-00.37.45:808][479]LogPropertyNode:Warning: UI Min (0.001) >= UI Max () for Ranged Numeric
[2015.01.24-00.37.45:809][479]LogPropertyNode:Warning: UI Min (0.001) >= UI Max () for Ranged Numeric
[2015.01.24-00.37.45:937][479]LogPropertyNode:Warning: UI Min (0.001) >= UI Max () for Ranged Numeric
[2015.01.24-00.37.45:938][479]LogPropertyNode:Warning: UI Min (0.001) >= UI Max () for Ranged Numeric
[2015.01.24-00.37.46:038][479]LogPlayLevel: PIE:  Blueprint regeneration took 1487 ms (6 blueprints)
[2015.01.24-00.37.46:038][479]PIE: New page: PIE session: TestLevel (Jan 23, 2015, 2:37:46 PM)
[2015.01.24-00.37.46:043][479]LogPlayLevel: PIE: StaticDuplicateObject took: (0.003868s)
[2015.01.24-00.37.46:043][479]LogPlayLevel: PIE: World Init took: (0.000624s)
[2015.01.24-00.37.46:043][479]LogPlayLevel: PIE: Created PIE world by copying editor world from /Game/Maps/TestLevel.TestLevel to /Game/Maps/UEDPIE_0_TestLevel.TestLevel (0.004686s)
[2015.01.24-00.37.46:162][479]LoadErrors:Error: Error Failed import for FloatProperty
[2015.01.24-00.37.46:212][479]LogWorld: Game class is 'Kodaina_C'
[2015.01.24-00.37.46:215][479]LogAIModule: Creating AISystem for world TestLevel
[2015.01.24-00.37.46:218][479]LogWorld: Bringing World /Game/Maps/UEDPIE_0_TestLevel.TestLevel up for play (max tick rate 60) at 2015.01.23-19.37.46
[2015.01.24-00.37.46:219][479]LogWorld: Bringing up level for play took: 0.003996
[2015.01.24-00.37.46:229][479]PIE: Info Play in editor start time for /Game/Maps/UEDPIE_0_TestLevel 1.255
[2015.01.24-00.37.46:291][479]LogRenderer:Warning: Reallocating scene render targets to support 1296x896.
[2015.01.24-00.38.28:329][772]LogActorComponent: UnregisterComponent: (/Engine/Transient.CharacterMovementComponent_2) Not registered. Aborting.
[2015.01.24-00.38.28:366][772]LogParticles: Destroying 0 GPU particle simulations for FXSystem 0x00000092BDC77380
[2015.01.24-00.38.54:851][554]BlueprintLog: New page: Compile MyCharacter
[2015.01.24-00.38.55:155][554]LogPropertyNode:Warning: UI Min (0.001) >= UI Max () for Ranged Numeric
[2015.01.24-00.38.55:156][554]LogPropertyNode:Warning: UI Min (0.001) >= UI Max () for Ranged Numeric
[2015.01.24-00.38.55:243][554]LogActorComponent: UnregisterComponent: (/Engine/Transient.CharacterMovementComponent_3) Not registered. Aborting.
[2015.01.24-00.38.55:395][554]LogPropertyNode:Warning: UI Min (0.001) >= UI Max () for Ranged Numeric
[2015.01.24-00.38.55:396][554]LogPropertyNode:Warning: UI Min (0.001) >= UI Max () for Ranged Numeric
[2015.01.24-00.38.55:445][554]BlueprintEditorCompileResults: Info [0431.26] Compile of MyCharacter successful! [in 423 ms]
[2015.01.24-00.38.55:695][554]Cmd: OBJ SAVEPACKAGE PACKAGE="/Game/Blueprints/MyCharacter" FILE="../../../../../../Users/Zim/Documents/Unreal Projects/KodainaKingdom/Content/Blueprints/MyCharacter.uasset" SILENT=true
[2015.01.24-00.38.56:662][554]LogSavePackage: Save=829.449097ms
[2015.01.24-00.38.56:662][554]LogSavePackage: Moving '../../../../../../Users/Zim/Documents/Unreal Projects/KodainaKingdom/Saved/MyCharacterBE7D0033403A0D27EAF542833E8A753D.tmp' to '../../../../../../Users/Zim/Documents/Unreal Projects/KodainaKingdom/Content/Blueprints/MyCharacter.uasset'
[2015.01.24-00.38.59:110][641]BlueprintLog: New page: Pre-PIE auto-recompile
[2015.01.24-00.38.59:118][641]LogPlayLevel: [PIE] Compiling Enemy before PIE...
[2015.01.24-00.38.59:374][641]LogPropertyNode:Warning: UI Min (0.001) >= UI Max () for Ranged Numeric
[2015.01.24-00.38.59:375][641]LogPropertyNode:Warning: UI Min (0.001) >= UI Max () for Ranged Numeric
[2015.01.24-00.38.59:406][641]LogActorComponent: UnregisterComponent: (/Engine/Transient.CharacterMovementComponent_4) Not registered. Aborting.
[2015.01.24-00.38.59:419][641]LogPlayLevel: [PIE] Compiling TestLevel before PIE...
[2015.01.24-00.38.59:491][641]LogPlayLevel: [PIE] Compiling BattleHUD before PIE...
[2015.01.24-00.38.59:764][641]LogPropertyNode:Warning: UI Min (0.001) >= UI Max () for Ranged Numeric
[2015.01.24-00.38.59:766][641]LogPropertyNode:Warning: UI Min (0.001) >= UI Max () for Ranged Numeric
[2015.01.24-00.38.59:808][641]LogPlayLevel: [PIE] Compiling RollingMovingHUD before PIE...
[2015.01.24-00.38.59:992][641]LogPropertyNode:Warning: UI Min (0.001) >= UI Max () for Ranged Numeric
[2015.01.24-00.38.59:993][641]LogPropertyNode:Warning: UI Min (0.001) >= UI Max () for Ranged Numeric
[2015.01.24-00.39.00:110][641]LogPropertyNode:Warning: UI Min (0.001) >= UI Max () for Ranged Numeric
[2015.01.24-00.39.00:111][641]LogPropertyNode:Warning: UI Min (0.001) >= UI Max () for Ranged Numeric
[2015.01.24-00.39.00:141][641]LogPlayLevel: [PIE] Compiling MyCharacter before PIE...
[2015.01.24-00.39.00:459][641]LogPropertyNode:Warning: UI Min (0.001) >= UI Max () for Ranged Numeric
[2015.01.24-00.39.00:460][641]LogPropertyNode:Warning: UI Min (0.001) >= UI Max () for Ranged Numeric
[2015.01.24-00.39.00:624][641]LogPropertyNode:Warning: UI Min (0.001) >= UI Max () for Ranged Numeric
[2015.01.24-00.39.00:625][641]LogPropertyNode:Warning: UI Min (0.001) >= UI Max () for Ranged Numeric
[2015.01.24-00.39.00:724][641]LogPlayLevel: PIE:  Blueprint regeneration took 1614 ms (5 blueprints)
[2015.01.24-00.39.00:725][641]PIE: New page: PIE session: TestLevel (Jan 23, 2015, 2:39:00 PM)
[2015.01.24-00.39.00:729][641]LogPlayLevel: PIE: StaticDuplicateObject took: (0.003743s)
[2015.01.24-00.39.00:729][641]LogPlayLevel: PIE: World Init took: (0.000578s)
[2015.01.24-00.39.00:729][641]LogPlayLevel: PIE: Created PIE world by copying editor world from /Game/Maps/TestLevel.TestLevel to /Game/Maps/UEDPIE_0_TestLevel.TestLevel (0.004500s)
[2015.01.24-00.39.00:775][641]LogWorld: Game class is 'Kodaina_C'
[2015.01.24-00.39.00:777][641]LogAIModule: Creating AISystem for world TestLevel
[2015.01.24-00.39.00:780][641]LogWorld: Bringing World /Game/Maps/UEDPIE_0_TestLevel.TestLevel up for play (max tick rate 60) at 2015.01.23-19.39.00
[2015.01.24-00.39.00:781][641]LogWorld: Bringing up level for play took: 0.003336
[2015.01.24-00.39.00:795][641]PIE: Info Play in editor start time for /Game/Maps/UEDPIE_0_TestLevel 1.821
[2015.01.24-00.39.50:940][350]LogActorComponent: UnregisterComponent: (/Engine/Transient.CharacterMovementComponent_5) Not registered. Aborting.
[2015.01.24-00.39.50:979][350]LogParticles: Destroying 0 GPU particle simulations for FXSystem 0x00000092DA8D72E0
[2015.01.24-00.40.52:555][767]BlueprintLog: New page: Compile BattleHUD
[2015.01.24-00.40.52:768][767]LogActorComponent: UnregisterComponent: (/Engine/Transient.CharacterMovementComponent_6) Not registered. Aborting.
[2015.01.24-00.40.52:919][767]LogPropertyNode:Warning: UI Min (0.001) >= UI Max () for Ranged Numeric
[2015.01.24-00.40.52:920][767]LogPropertyNode:Warning: UI Min (0.001) >= UI Max () for Ranged Numeric
[2015.01.24-00.40.52:954][767]BlueprintEditorCompileResults: Info [0548.77] Compile of BattleHUD successful! [in 336 ms]
[2015.01.24-00.40.53:620][781]Cmd: OBJ SAVEPACKAGE PACKAGE="/Game/Blueprints/BattleHUD" FILE="../../../../../../Users/Zim/Documents/Unreal Projects/KodainaKingdom/Content/Blueprints/BattleHUD.uasset" SILENT=true
[2015.01.24-00.40.53:885][781]LogSavePackage: Save=108.616348ms
[2015.01.24-00.40.53:885][781]LogSavePackage: Moving '../../../../../../Users/Zim/Documents/Unreal Projects/KodainaKingdom/Saved/BattleHUD5888E1E541FE5AD1DAA73D855CC00B79.tmp' to '../../../../../../Users/Zim/Documents/Unreal Projects/KodainaKingdom/Content/Blueprints/BattleHUD.uasset'
[2015.01.24-00.40.55:622][863]BlueprintLog: New page: Pre-PIE auto-recompile
[2015.01.24-00.40.55:629][863]LogPlayLevel: [PIE] Compiling Enemy before PIE...
[2015.01.24-00.40.55:833][863]LogPropertyNode:Warning: UI Min (0.001) >= UI Max () for Ranged Numeric
[2015.01.24-00.40.55:835][863]LogPropertyNode:Warning: UI Min (0.001) >= UI Max () for Ranged Numeric
[2015.01.24-00.40.55:865][863]LogActorComponent: UnregisterComponent: (/Engine/Transient.CharacterMovementComponent_7) Not registered. Aborting.
[2015.01.24-00.40.55:962][863]LogPropertyNode:Warning: UI Min (0.001) >= UI Max () for Ranged Numeric
[2015.01.24-00.40.55:963][863]LogPropertyNode:Warning: UI Min (0.001) >= UI Max () for Ranged Numeric
[2015.01.24-00.40.55:994][863]LogPlayLevel: [PIE] Compiling MyCharacter before PIE...
[2015.01.24-00.40.56:317][863]LogPropertyNode:Warning: UI Min (0.001) >= UI Max () for Ranged Numeric
[2015.01.24-00.40.56:319][863]LogPropertyNode:Warning: UI Min (0.001) >= UI Max () for Ranged Numeric
[2015.01.24-00.40.56:479][863]LogPropertyNode:Warning: UI Min (0.001) >= UI Max () for Ranged Numeric
[2015.01.24-00.40.56:480][863]LogPropertyNode:Warning: UI Min (0.001) >= UI Max () for Ranged Numeric
[2015.01.24-00.40.56:544][863]LogPlayLevel: [PIE] Compiling TestLevel before PIE...
[2015.01.24-00.40.56:637][863]LogPlayLevel: [PIE] Compiling RollingMovingHUD before PIE...
[2015.01.24-00.40.56:825][863]LogPropertyNode:Warning: UI Min (0.001) >= UI Max () for Ranged Numeric
[2015.01.24-00.40.56:826][863]LogPropertyNode:Warning: UI Min (0.001) >= UI Max () for Ranged Numeric
[2015.01.24-00.40.56:890][863]LogPlayLevel: [PIE] Compiling BattleHUD before PIE...
[2015.01.24-00.40.57:170][863]LogPropertyNode:Warning: UI Min (0.001) >= UI Max () for Ranged Numeric
[2015.01.24-00.40.57:172][863]LogPropertyNode:Warning: UI Min (0.001) >= UI Max () for Ranged Numeric
[2015.01.24-00.40.57:266][863]LogPlayLevel: PIE:  Blueprint regeneration took 1645 ms (5 blueprints)
[2015.01.24-00.40.57:267][863]PIE: New page: PIE session: TestLevel (Jan 23, 2015, 2:40:57 PM)
[2015.01.24-00.40.57:271][863]LogPlayLevel: PIE: StaticDuplicateObject took: (0.003747s)
[2015.01.24-00.40.57:271][863]LogPlayLevel: PIE: World Init took: (0.000584s)
[2015.01.24-00.40.57:272][863]LogPlayLevel: PIE: Created PIE world by copying editor world from /Game/Maps/TestLevel.TestLevel to /Game/Maps/UEDPIE_0_TestLevel.TestLevel (0.004506s)
[2015.01.24-00.40.57:310][863]LogWorld: Game class is 'Kodaina_C'
[2015.01.24-00.40.57:312][863]LogAIModule: Creating AISystem for world TestLevel
[2015.01.24-00.40.57:316][863]LogWorld: Bringing World /Game/Maps/UEDPIE_0_TestLevel.TestLevel up for play (max tick rate 60) at 2015.01.23-19.40.57
[2015.01.24-00.40.57:317][863]LogWorld: Bringing up level for play took: 0.004603
[2015.01.24-00.40.57:331][863]PIE: Info Play in editor start time for /Game/Maps/UEDPIE_0_TestLevel 2.357
[2015.01.24-00.41.14:236][766]LogActorComponent: UnregisterComponent: (/Engine/Transient.CharacterMovementComponent_8) Not registered. Aborting.
[2015.01.24-00.41.14:278][766]LogParticles: Destroying 0 GPU particle simulations for FXSystem 0x00000092D93C6DE0
[2015.01.24-00.41.53:578][188]BlueprintLog: New page: Compile BattleHUD
[2015.01.24-00.41.53:901][188]LogPropertyNode:Warning: UI Min (0.001) >= UI Max () for Ranged Numeric
[2015.01.24-00.41.53:902][188]LogPropertyNode:Warning: UI Min (0.001) >= UI Max () for Ranged Numeric
[2015.01.24-00.41.53:936][188]BlueprintEditorCompileResults: Info [0609.75] Compile of BattleHUD successful! [in 300 ms]
[2015.01.24-00.41.54:368][193]Cmd: OBJ SAVEPACKAGE PACKAGE="/Game/Blueprints/BattleHUD" FILE="../../../../../../Users/Zim/Documents/Unreal Projects/KodainaKingdom/Content/Blueprints/BattleHUD.uasset" SILENT=true
[2015.01.24-00.41.54:616][193]LogSavePackage: Save=105.146530ms
[2015.01.24-00.41.54:616][193]LogSavePackage: Moving '../../../../../../Users/Zim/Documents/Unreal Projects/KodainaKingdom/Saved/BattleHUDCF1CCE2C409CD3A07C03B5AF57CB4913.tmp' to '../../../../../../Users/Zim/Documents/Unreal Projects/KodainaKingdom/Content/Blueprints/BattleHUD.uasset'
[2015.01.24-00.42.03:569][499]Cmd: OBJ SAVEPACKAGE PACKAGE="/Game/Blueprints/BattleHUD" FILE="../../../../../../Users/Zim/Documents/Unreal Projects/KodainaKingdom/Content/Blueprints/BattleHUD.uasset" SILENT=true
[2015.01.24-00.42.03:843][499]LogSavePackage: Save=114.068245ms
[2015.01.24-00.42.03:843][499]LogSavePackage: Moving '../../../../../../Users/Zim/Documents/Unreal Projects/KodainaKingdom/Saved/BattleHUD2364CC9C4DE039711CA5519017A65C2D.tmp' to '../../../../../../Users/Zim/Documents/Unreal Projects/KodainaKingdom/Content/Blueprints/BattleHUD.uasset'
[2015.01.24-00.44.16:940][806]LogActorComponent: UnregisterComponent: (/Engine/Transient.CharacterMovementComponent_9) Not registered. Aborting.
[2015.01.24-00.44.16:976][806]LogFileHelpers: Editor autosave (incl. sublevels) for '/Game/Maps/TestLevel' took 0.036
[2015.01.24-00.44.17:019][806]OBJ SavePackage: Generating thumbnails for [0] asset(s) in package [/Game/Blueprints/BattleHUD] ([1] browsable assets)...
[2015.01.24-00.44.17:019][806]OBJ SavePackage: Finished generating thumbnails for package [/Game/Blueprints/BattleHUD]
[2015.01.24-00.44.17:349][806]LogSavePackage: Save=153.401123ms
[2015.01.24-00.44.17:349][806]LogSavePackage: Moving '../../../../../../Users/Zim/Documents/Unreal Projects/KodainaKingdom/Saved/BattleHUD_Auto168645BAF4A262A1A6C7EC6A206978980.tmp' to '../../../../../../Users/Zim/Documents/Unreal Projects/KodainaKingdom/Saved/Autosaves/Game/Blueprints/BattleHUD_Auto1.uasset'
[2015.01.24-00.44.17:355][806]LogFileHelpers: Auto-saving content packages took 0.378
[2015.01.24-00.44.17:894][823]BlueprintLog: New page: Compile BattleHUD
[2015.01.24-00.44.18:231][823]LogPropertyNode:Warning: UI Min (0.001) >= UI Max () for Ranged Numeric
[2015.01.24-00.44.18:232][823]LogPropertyNode:Warning: UI Min (0.001) >= UI Max () for Ranged Numeric
[2015.01.24-00.44.18:275][823]BlueprintEditorCompileResults: Info [0754.09] Compile of BattleHUD successful! [in 321 ms]
[2015.01.24-00.44.18:878][833]Cmd: OBJ SAVEPACKAGE PACKAGE="/Game/Blueprints/BattleHUD" FILE="../../../../../../Users/Zim/Documents/Unreal Projects/KodainaKingdom/Content/Blueprints/BattleHUD.uasset" SILENT=true
[2015.01.24-00.44.19:125][833]LogSavePackage: Save=103.705399ms
[2015.01.24-00.44.19:125][833]LogSavePackage: Moving '../../../../../../Users/Zim/Documents/Unreal Projects/KodainaKingdom/Saved/BattleHUD701E05D744C6832955EFA792389B655E.tmp' to '../../../../../../Users/Zim/Documents/Unreal Projects/KodainaKingdom/Content/Blueprints/BattleHUD.uasset'
[2015.01.24-00.54.06:624][708]Cmd: OBJ SAVEPACKAGE PACKAGE="/Game/Blueprints/BattleHUD" FILE="../../../../../../Users/Zim/Documents/Unreal Projects/KodainaKingdom/Content/Blueprints/BattleHUD.uasset" SILENT=true
[2015.01.24-00.54.06:888][708]LogSavePackage: Save=108.813057ms
[2015.01.24-00.54.06:888][708]LogSavePackage: Moving '../../../../../../Users/Zim/Documents/Unreal Projects/KodainaKingdom/Saved/BattleHUD6FBB18AB488A25EE1DF5B18D5D2FD206.tmp' to '../../../../../../Users/Zim/Documents/Unreal Projects/KodainaKingdom/Content/Blueprints/BattleHUD.uasset'
[2015.01.24-00.54.51:231][ 18]LogActorComponent: UnregisterComponent: (/Engine/Transient.CharacterMovementComponent_10) Not registered. Aborting.
[2015.01.24-00.54.51:271][ 18]LogFileHelpers: Editor autosave (incl. sublevels) for '/Game/Maps/TestLevel' took 0.040
[2015.01.24-00.54.51:311][ 18]OBJ SavePackage: Generating thumbnails for [0] asset(s) in package [/Game/Blueprints/BattleHUD] ([1] browsable assets)...
[2015.01.24-00.54.51:311][ 18]OBJ SavePackage: Finished generating thumbnails for package [/Game/Blueprints/BattleHUD]
[2015.01.24-00.54.51:654][ 18]LogSavePackage: Save=160.567398ms
[2015.01.24-00.54.51:654][ 18]LogSavePackage: Moving '../../../../../../Users/Zim/Documents/Unreal Projects/KodainaKingdom/Saved/BattleHUD_Auto2A9123B32498A0A0B62CF91AD12B51B5E.tmp' to '../../../../../../Users/Zim/Documents/Unreal Projects/KodainaKingdom/Saved/Autosaves/Game/Blueprints/BattleHUD_Auto2.uasset'
[2015.01.24-00.54.51:659][ 18]LogFileHelpers: Auto-saving content packages took 0.389
[2015.01.24-00.56.16:232][553]BlueprintLog: New page: Compile BattleHUD
[2015.01.24-00.56.16:636][553]LogPropertyNode:Warning: UI Min (0.001) >= UI Max () for Ranged Numeric
[2015.01.24-00.56.16:637][553]LogPropertyNode:Warning: UI Min (0.001) >= UI Max () for Ranged Numeric
[2015.01.24-00.56.16:675][553]BlueprintEditorCompileResults: Info [1472.49] Compile of BattleHUD successful! [in 376 ms]
[2015.01.24-00.56.17:327][565]Cmd: OBJ SAVEPACKAGE PACKAGE="/Game/Blueprints/BattleHUD" FILE="../../../../../../Users/Zim/Documents/Unreal Projects/KodainaKingdom/Content/Blueprints/BattleHUD.uasset" SILENT=true
[2015.01.24-00.56.17:595][565]LogSavePackage: Save=110.971748ms
[2015.01.24-00.56.17:595][565]LogSavePackage: Moving '../../../../../../Users/Zim/Documents/Unreal Projects/KodainaKingdom/Saved/BattleHUD4C04E21D41FD7B075CAF2F806FA9880B.tmp' to '../../../../../../Users/Zim/Documents/Unreal Projects/KodainaKingdom/Content/Blueprints/BattleHUD.uasset'
[2015.01.24-00.56.23:761][737]LogActorComponent: UnregisterComponent: (/Engine/Transient.CharacterMovementComponent_11) Not registered. Aborting.
[2015.01.24-00.57.59:452][141]LogPropertyNode:Warning: UI Min (0.001) >= UI Max () for Ranged Numeric
[2015.01.24-00.57.59:453][141]LogPropertyNode:Warning: UI Min (0.001) >= UI Max () for Ranged Numeric
[2015.01.24-00.57.59:487][141]LogActorComponent: UnregisterComponent: (/Engine/Transient.CharacterMovementComponent_12) Not registered. Aborting.
[2015.01.24-00.58.03:225][233]LogPropertyNode:Warning: UI Min (0.001) >= UI Max () for Ranged Numeric
[2015.01.24-00.58.03:226][233]LogPropertyNode:Warning: UI Min (0.001) >= UI Max () for Ranged Numeric
[2015.01.24-00.58.03:255][233]LogActorComponent: UnregisterComponent: (/Engine/Transient.CharacterMovementComponent_13) Not registered. Aborting.
[2015.01.24-00.58.03:300][233]LogPropertyNode:Warning: UI Min (0.001) >= UI Max () for Ranged Numeric
[2015.01.24-00.58.03:301][233]LogPropertyNode:Warning: UI Min (0.001) >= UI Max () for Ranged Numeric
[2015.01.24-01.00.33:602][ 47]BlueprintLog: New page: Compile MyCharacter
[2015.01.24-01.00.33:947][ 47]LogPropertyNode:Warning: UI Min (0.001) >= UI Max () for Ranged Numeric
[2015.01.24-01.00.33:948][ 47]LogPropertyNode:Warning: UI Min (0.001) >= UI Max () for Ranged Numeric
[2015.01.24-01.00.34:069][ 47]LogActorComponent: UnregisterComponent: (/Engine/Transient.CharacterMovementComponent_14) Not registered. Aborting.
[2015.01.24-01.00.34:207][ 47]LogPropertyNode:Warning: UI Min (0.001) >= UI Max () for Ranged Numeric
[2015.01.24-01.00.34:208][ 47]LogPropertyNode:Warning: UI Min (0.001) >= UI Max () for Ranged Numeric
[2015.01.24-01.00.34:267][ 47]BlueprintEditorCompileResults: Info [1730.08] Compile of MyCharacter successful! [in 467 ms]
[2015.01.24-01.00.35:105][ 58]LogPropertyNode:Warning: UI Min (0.001) >= UI Max () for Ranged Numeric
[2015.01.24-01.00.35:106][ 58]LogPropertyNode:Warning: UI Min (0.001) >= UI Max () for Ranged Numeric
[2015.01.24-01.00.35:138][ 58]LogActorComponent: UnregisterComponent: (/Engine/Transient.CharacterMovementComponent_15) Not registered. Aborting.
[2015.01.24-01.00.39:176][150]LogPropertyNode:Warning: UI Min (0.001) >= UI Max () for Ranged Numeric
[2015.01.24-01.00.39:177][150]LogPropertyNode:Warning: UI Min (0.001) >= UI Max () for Ranged Numeric
[2015.01.24-01.00.39:208][150]LogActorComponent: UnregisterComponent: (/Engine/Transient.CharacterMovementComponent_16) Not registered. Aborting.
[2015.01.24-01.00.41:794][198]LogPropertyNode:Warning: UI Min (0.001) >= UI Max () for Ranged Numeric
[2015.01.24-01.00.41:796][198]LogPropertyNode:Warning: UI Min (0.001) >= UI Max () for Ranged Numeric
[2015.01.24-01.00.41:828][198]LogActorComponent: UnregisterComponent: (/Engine/Transient.CharacterMovementComponent_17) Not registered. Aborting.
[2015.01.24-01.00.46:099][269]LogPropertyNode:Warning: UI Min (0.001) >= UI Max () for Ranged Numeric
[2015.01.24-01.00.46:100][269]LogPropertyNode:Warning: UI Min (0.001) >= UI Max () for Ranged Numeric
[2015.01.24-01.00.46:129][269]LogActorComponent: UnregisterComponent: (/Engine/Transient.CharacterMovementComponent_18) Not registered. Aborting.
[2015.01.24-01.00.52:716][428]LogPropertyNode:Warning: UI Min (0.001) >= UI Max () for Ranged Numeric
[2015.01.24-01.00.52:718][428]LogPropertyNode:Warning: UI Min (0.001) >= UI Max () for Ranged Numeric
[2015.01.24-01.00.52:747][428]LogActorComponent: UnregisterComponent: (/Engine/Transient.CharacterMovementComponent_19) Not registered. Aborting.
[2015.01.24-01.00.54:119][456]BlueprintLog: New page: Compile MyCharacter
[2015.01.24-01.00.54:441][456]LogPropertyNode:Warning: UI Min (0.001) >= UI Max () for Ranged Numeric
[2015.01.24-01.00.54:442][456]LogPropertyNode:Warning: UI Min (0.001) >= UI Max () for Ranged Numeric
[2015.01.24-01.00.54:540][456]LogActorComponent: UnregisterComponent: (/Engine/Transient.CharacterMovementComponent_20) Not registered. Aborting.
[2015.01.24-01.00.54:709][456]LogPropertyNode:Warning: UI Min (0.001) >= UI Max () for Ranged Numeric
[2015.01.24-01.00.54:710][456]LogPropertyNode:Warning: UI Min (0.001) >= UI Max () for Ranged Numeric
[2015.01.24-01.00.54:766][456]BlueprintEditorCompileResults: Info [1750.58] Compile of MyCharacter successful! [in 468 ms]
[2015.01.24-01.00.55:344][457]Cmd: OBJ SAVEPACKAGE PACKAGE="/Game/Blueprints/MyCharacter" FILE="../../../../../../Users/Zim/Documents/Unreal Projects/KodainaKingdom/Content/Blueprints/MyCharacter.uasset" SILENT=true
[2015.01.24-01.00.56:317][457]LogSavePackage: Save=826.887939ms
[2015.01.24-01.00.56:317][457]LogSavePackage: Moving '../../../../../../Users/Zim/Documents/Unreal Projects/KodainaKingdom/Saved/MyCharacterEDBBD6004DC9E252F3DCD3A521664736.tmp' to '../../../../../../Users/Zim/Documents/Unreal Projects/KodainaKingdom/Content/Blueprints/MyCharacter.uasset'
[2015.01.24-01.01.05:646][706]LogActorComponent: UnregisterComponent: (/Engine/Transient.CharacterMovementComponent_21) Not registered. Aborting.
[2015.01.24-01.02.13:203][396]BlueprintLog: New page: Compile MyCharacter
[2015.01.24-01.02.13:514][396]LogPropertyNode:Warning: UI Min (0.001) >= UI Max () for Ranged Numeric
[2015.01.24-01.02.13:515][396]LogPropertyNode:Warning: UI Min (0.001) >= UI Max () for Ranged Numeric
[2015.01.24-01.02.13:608][396]LogActorComponent: UnregisterComponent: (/Engine/Transient.CharacterMovementComponent_22) Not registered. Aborting.
[2015.01.24-01.02.13:734][396]LogPropertyNode:Warning: UI Min (0.001) >= UI Max () for Ranged Numeric
[2015.01.24-01.02.13:736][396]LogPropertyNode:Warning: UI Min (0.001) >= UI Max () for Ranged Numeric
[2015.01.24-01.02.13:794][396]BlueprintEditorCompileResults: Info [1829.61] Compile of MyCharacter successful! [in 427 ms]
[2015.01.24-01.02.14:762][407]Cmd: OBJ SAVEPACKAGE PACKAGE="/Game/Blueprints/MyCharacter" FILE="../../../../../../Users/Zim/Documents/Unreal Projects/KodainaKingdom/Content/Blueprints/MyCharacter.uasset" SILENT=true
[2015.01.24-01.02.15:728][407]LogSavePackage: Save=819.028931ms
[2015.01.24-01.02.15:728][407]LogSavePackage: Moving '../../../../../../Users/Zim/Documents/Unreal Projects/KodainaKingdom/Saved/MyCharacterE5AAAFBF453F25CAFBAE9DAFA12233EB.tmp' to '../../../../../../Users/Zim/Documents/Unreal Projects/KodainaKingdom/Content/Blueprints/MyCharacter.uasset'
[2015.01.24-01.02.54:492][675]LogActorComponent: UnregisterComponent: (/Engine/Transient.CharacterMovementComponent_23) Not registered. Aborting.
[2015.01.24-01.03.14:018][236]BlueprintLog: New page: Compile BattleHUD
[2015.01.24-01.03.14:396][236]LogPropertyNode:Warning: UI Min (0.001) >= UI Max () for Ranged Numeric
[2015.01.24-01.03.14:397][236]LogPropertyNode:Warning: UI Min (0.001) >= UI Max () for Ranged Numeric
[2015.01.24-01.03.14:432][236]BlueprintEditorCompileResults: Info [1890.24] Compile of BattleHUD successful! [in 348 ms]
[2015.01.24-01.03.15:124][249]Cmd: OBJ SAVEPACKAGE PACKAGE="/Game/Blueprints/BattleHUD" FILE="../../../../../../Users/Zim/Documents/Unreal Projects/KodainaKingdom/Content/Blueprints/BattleHUD.uasset" SILENT=true
[2015.01.24-01.03.15:386][249]LogSavePackage: Save=111.612343ms
[2015.01.24-01.03.15:386][249]LogSavePackage: Moving '../../../../../../Users/Zim/Documents/Unreal Projects/KodainaKingdom/Saved/BattleHUD29ACDA0E49895CFD0EA9FEA5220C78F0.tmp' to '../../../../../../Users/Zim/Documents/Unreal Projects/KodainaKingdom/Content/Blueprints/BattleHUD.uasset'
[2015.01.24-01.03.17:656][309]LogActorComponent: UnregisterComponent: (/Engine/Transient.CharacterMovementComponent_24) Not registered. Aborting.
[2015.01.24-01.03.25:482][560]LogParticles: Destroying 0 GPU particle simulations for FXSystem 0x00000092D0B9B240
[2015.01.24-01.03.25:797][560]LogParticles: Destroying 0 GPU particle simulations for FXSystem 0x00000092D35F4E00
[2015.01.24-01.03.26:278][561]Cmd: QUIT_EDITOR
[2015.01.24-01.03.26:809][561]LogExit: Preparing to exit.
[2015.01.24-01.03.27:744][561]LogExit: Editor shut down
[2015.01.24-01.03.27:745][561]LogExit: Transaction tracking system shut down
[2015.01.24-01.03.27:745][561]LogParticles: Destroying 0 GPU particle simulations for FXSystem 0x00000092BCB9D440
[2015.01.24-01.03.27:746][561]LogParticles: Destroying 0 GPU particle simulations for FXSystem 0x00000092BE4F2160
[2015.01.24-01.03.27:819][561]LogExit: Object subsystem successfully closed.
[2015.01.24-01.03.27:885][561]LogModuleManager: Shutting down and abandoning module Merge (174)
[2015.01.24-01.03.27:885][561]LogModuleManager: Shutting down and abandoning module SequencerWidgets (173)
[2015.01.24-01.03.27:885][561]LogModuleManager: Shutting down and abandoning module AndroidDeviceDetection (172)
[2015.01.24-01.03.27:885][561]LogModuleManager: Shutting down and abandoning module CrashTracker (171)
[2015.01.24-01.03.27:885][561]LogModuleManager: Shutting down and abandoning module SuperSearch (170)
[2015.01.24-01.03.27:885][561]LogModuleManager: Shutting down and abandoning module SceneOutliner (169)
[2015.01.24-01.03.27:885][561]LogModuleManager: Shutting down and abandoning module EditorWidgets (168)
[2015.01.24-01.03.27:885][561]LogModuleManager: Shutting down and abandoning module CollectionManager (167)
[2015.01.24-01.03.27:885][561]LogModuleManager: Shutting down and abandoning module StatsViewer (166)
[2015.01.24-01.03.27:885][561]LogModuleManager: Shutting down and abandoning module FoliageEdit (165)
[2015.01.24-01.03.27:885][561]LogModuleManager: Shutting down and abandoning module LandscapeEditor (164)
[2015.01.24-01.03.27:886][561]LogModuleManager: Shutting down and abandoning module MeshPaint (163)
[2015.01.24-01.03.27:886][561]LogModuleManager: Shutting down and abandoning module ActorPickerMode (162)
[2015.01.24-01.03.27:886][561]LogModuleManager: Shutting down and abandoning module GeometryMode (161)
[2015.01.24-01.03.27:886][561]LogModuleManager: Shutting down and abandoning module TextureAlignMode (160)
[2015.01.24-01.03.27:886][561]LogModuleManager: Shutting down and abandoning module BspMode (159)
[2015.01.24-01.03.27:886][561]LogModuleManager: Shutting down and abandoning module PlacementMode (158)
[2015.01.24-01.03.27:886][561]LogModuleManager: Shutting down and abandoning module AutomationWorker (157)
[2015.01.24-01.03.27:886][561]LogModuleManager: Shutting down and abandoning module CharacterAI (156)
[2015.01.24-01.03.27:886][561]LogModuleManager: Shutting down and abandoning module GameProjectGeneration (155)
[2015.01.24-01.03.27:886][561]LogModuleManager: Shutting down and abandoning module IntroTutorials (154)
[2015.01.24-01.03.27:886][561]LogModuleManager: Shutting down and abandoning module EditorLiveStreaming (153)
[2015.01.24-01.03.27:886][561]LogModuleManager: Shutting down and abandoning module HardwareTargeting (152)
[2015.01.24-01.03.27:886][561]LogModuleManager: Shutting down and abandoning module DeviceProfileEditor (151)
[2015.01.24-01.03.27:886][561]LogModuleManager: Shutting down and abandoning module UndoHistory (150)
[2015.01.24-01.03.27:886][561]LogModuleManager: Shutting down and abandoning module GameplayTagsEditor (149)
[2015.01.24-01.03.27:886][561]LogModuleManager: Shutting down and abandoning module UserFeedback (148)
[2015.01.24-01.03.27:886][561]LogModuleManager: Shutting down and abandoning module XmlParser (147)
[2015.01.24-01.03.27:886][561]LogModuleManager: Shutting down and abandoning module Blutility (146)
[2015.01.24-01.03.27:886][561]LogModuleManager: Shutting down and abandoning module IOSPlatformEditor (145)
[2015.01.24-01.03.27:886][561]LogModuleManager: Shutting down and abandoning module IOSRuntimeSettings (144)
[2015.01.24-01.03.27:886][561]LogModuleManager: Shutting down and abandoning module AndroidPlatformEditor (143)
[2015.01.24-01.03.27:886][561]LogModuleManager: Shutting down and abandoning module AndroidRuntimeSettings (142)
[2015.01.24-01.03.27:886][561]LogModuleManager: Shutting down and abandoning module ProjectTargetPlatformEditor (141)
[2015.01.24-01.03.27:887][561]LogModuleManager: Shutting down and abandoning module ProjectSettingsViewer (140)
[2015.01.24-01.03.27:887][561]LogModuleManager: Shutting down and abandoning module InputBindingEditor (139)
[2015.01.24-01.03.27:887][561]LogModuleManager: Shutting down and abandoning module EditorSettingsViewer (138)
[2015.01.24-01.03.27:887][561]LogModuleManager: Shutting down and abandoning module SettingsEditor (137)
[2015.01.24-01.03.27:887][561]LogModuleManager: Shutting down and abandoning module ProjectLauncher (136)
[2015.01.24-01.03.27:887][561]LogModuleManager: Shutting down and abandoning module SessionFrontend (135)
[2015.01.24-01.03.27:887][561]LogModuleManager: Shutting down and abandoning module ProfilerClient (134)
[2015.01.24-01.03.27:887][561]LogModuleManager: Shutting down and abandoning module TargetDeviceServices (133)
[2015.01.24-01.03.27:887][561]LogModuleManager: Shutting down and abandoning module DeviceManager (132)
[2015.01.24-01.03.27:887][561]LogModuleManager: Shutting down and abandoning module AutomationController (131)
[2015.01.24-01.03.27:887][561]LogModuleManager: Shutting down and abandoning module AutomationWindow (130)
[2015.01.24-01.03.27:887][561]LogModuleManager: Shutting down and abandoning module Layers (129)
[2015.01.24-01.03.27:888][561]LogModuleManager: Shutting down and abandoning module ComponentVisualizers (128)
[2015.01.24-01.03.27:888][561]LogModuleManager: Shutting down and abandoning module DetailCustomizations (127)
[2015.01.24-01.03.27:888][561]LogModuleManager: Shutting down and abandoning module PackagesDialog (126)
[2015.01.24-01.03.27:888][561]LogModuleManager: Shutting down and abandoning module AssetRegistry (125)
[2015.01.24-01.03.27:952][561]LogModuleManager: Shutting down and abandoning module Persona (124)
[2015.01.24-01.03.27:952][561]LogModuleManager: Shutting down and abandoning module Kismet (123)
[2015.01.24-01.03.27:952][561]LogModuleManager: Shutting down and abandoning module GraphEditor (122)
[2015.01.24-01.03.27:952][561]LogModuleManager: Shutting down and abandoning module ClassViewer (121)
[2015.01.24-01.03.27:952][561]LogModuleManager: Shutting down and abandoning module Toolbox (120)
[2015.01.24-01.03.27:952][561]LogModuleManager: Shutting down and abandoning module ModuleUI (119)
[2015.01.24-01.03.27:953][561]LogModuleManager: Shutting down and abandoning module MovieSceneTools (118)
[2015.01.24-01.03.27:953][561]LogModuleManager: Shutting down and abandoning module OutputLog (117)
[2015.01.24-01.03.27:953][561]LogModuleManager: Shutting down and abandoning module GammaUI (116)
[2015.01.24-01.03.27:953][561]LogModuleManager: Shutting down and abandoning module Documentation (115)
[2015.01.24-01.03.27:953][561]LogModuleManager: Shutting down and abandoning module GameLiveStreaming (114)
[2015.01.24-01.03.27:953][561]LogModuleManager: Shutting down and abandoning module StreamingPauseRendering (113)
[2015.01.24-01.03.27:953][561]LogModuleManager: Shutting down and abandoning module HTTP (112)
[2015.01.24-01.03.27:953][561]LogModuleManager: Shutting down and abandoning module AnalyticsET (111)
[2015.01.24-01.03.27:953][561]LogModuleManager: Shutting down and abandoning module Analytics (110)
[2015.01.24-01.03.27:953][561]LogModuleManager: Shutting down and abandoning module AITestSuite (109)
[2015.01.24-01.03.27:953][561]LogModuleManager: Shutting down and abandoning module AIModule (108)
[2015.01.24-01.03.27:953][561]LogModuleManager: Shutting down and abandoning module ProfilerService (107)
[2015.01.24-01.03.28:184][561]LogModuleManager: Shutting down and abandoning module TaskGraph (106)
[2015.01.24-01.03.28:184][561]LogModuleManager: Shutting down and abandoning module GameplayDebugger (105)
[2015.01.24-01.03.28:184][561]LogModuleManager: Shutting down and abandoning module SlateRemote (104)
[2015.01.24-01.03.28:184][561]LogModuleManager: Shutting down and abandoning module ScriptEditorPlugin (103)
[2015.01.24-01.03.28:184][561]LogModuleManager: Shutting down and abandoning module CustomMeshComponent (102)
[2015.01.24-01.03.28:184][561]LogModuleManager: Shutting down and abandoning module CableComponent (101)
[2015.01.24-01.03.28:184][561]LogModuleManager: Shutting down and abandoning module MessagingDebugger (100)
[2015.01.24-01.03.28:184][561]LogModuleManager: Shutting down and abandoning module MediaPlayerEditor (99)
[2015.01.24-01.03.28:184][561]LogModuleManager: Shutting down and abandoning module SpeedTreeImporter (98)
[2015.01.24-01.03.28:184][561]LogModuleManager: Shutting down and abandoning module PluginsEditor (97)
[2015.01.24-01.03.28:184][561]LogModuleManager: Shutting down and abandoning module EpicSurvey (96)
[2015.01.24-01.03.28:184][561]LogModuleManager: Shutting down and abandoning module DesktopPlatform (95)
[2015.01.24-01.03.28:184][561]LogModuleManager: Shutting down and abandoning module VisualStudioSourceCodeAccess (94)
[2015.01.24-01.03.28:184][561]LogModuleManager: Shutting down and abandoning module UObjectPlugin (93)
[2015.01.24-01.03.28:184][561]LogModuleManager: Shutting down and abandoning module SubversionSourceControl (92)
[2015.01.24-01.03.28:184][561]LogModuleManager: Shutting down and abandoning module SourceControl (91)
[2015.01.24-01.03.28:184][561]LogModuleManager: Shutting down and abandoning module PerforceSourceControl (90)
[2015.01.24-01.03.28:184][561]LogModuleManager: Shutting down and abandoning module BlankPlugin (89)
[2015.01.24-01.03.28:184][561]LogModuleManager: Shutting down and abandoning module SlateReflector (88)
[2015.01.24-01.03.28:184][561]LogModuleManager: Shutting down and abandoning module DirectoryWatcher (87)
[2015.01.24-01.03.28:185][561]LogModuleManager: Shutting down and abandoning module HotReload (86)
[2015.01.24-01.03.28:185][561]LogModuleManager: Shutting down and abandoning module MainFrame (85)
[2015.01.24-01.03.28:185][561]LogModuleManager: Shutting down and abandoning module LevelEditor (84)
[2015.01.24-01.03.28:187][561]LogModuleManager: Shutting down and abandoning module ViewportSnapping (83)
[2015.01.24-01.03.28:187][561]LogModuleManager: Shutting down and abandoning module SmartSnapping (82)
[2015.01.24-01.03.28:187][561]LogModuleManager: Shutting down and abandoning module PaperTiledImporter (81)
[2015.01.24-01.03.28:187][561]LogModuleManager: Shutting down and abandoning module PaperJsonImporter (80)
[2015.01.24-01.03.28:187][561]LogModuleManager: Shutting down and abandoning module ContentBrowser (79)
[2015.01.24-01.03.28:187][561]LogModuleManager: Shutting down and abandoning module Paper2DEditor (78)
[2015.01.24-01.03.28:187][561]LogModuleManager: Shutting down and abandoning module ScriptPlugin (77)
[2015.01.24-01.03.28:187][561]LogModuleManager: Shutting down and abandoning module UdpMessaging (76)
[2015.01.24-01.03.28:288][561]LogModuleManager: Shutting down and abandoning module Paper2D (75)
[2015.01.24-01.03.28:288][561]LogModuleManager: Shutting down and abandoning module UE4Game (74)
[2015.01.24-01.03.28:288][561]LogModuleManager: Shutting down and abandoning module WindowsMoviePlayer (73)
[2015.01.24-01.03.28:290][561]LogModuleManager: Shutting down and abandoning module Media (72)
[2015.01.24-01.03.28:290][561]LogModuleManager: Shutting down and abandoning module WmfMedia (71)
[2015.01.24-01.03.28:291][561]LogModuleManager: Shutting down and abandoning module OnlineBlueprintSupport (70)
[2015.01.24-01.03.28:291][561]LogModuleManager: Shutting down and abandoning module PropertyEditor (69)
[2015.01.24-01.03.28:291][561]LogModuleManager: Shutting down and abandoning module BehaviorTreeEditor (68)
[2015.01.24-01.03.28:291][561]LogModuleManager: Shutting down and abandoning module FunctionalTesting (67)
[2015.01.24-01.03.28:291][561]LogModuleManager: Shutting down and abandoning module CollisionAnalyzer (66)
[2015.01.24-01.03.28:291][561]LogModuleManager: Shutting down and abandoning module WorkspaceMenuStructure (65)
[2015.01.24-01.03.28:291][561]LogModuleManager: Shutting down and abandoning module MessageLog (64)
[2015.01.24-01.03.28:291][561]LogModuleManager: Shutting down and abandoning module Sequencer (63)
[2015.01.24-01.03.28:291][561]LogModuleManager: Shutting down and abandoning module AssetTools (62)
[2015.01.24-01.03.28:291][561]LogModuleManager: Shutting down and abandoning module UMGEditor (61)
[2015.01.24-01.03.28:291][561]LogModuleManager: Shutting down and abandoning module UMG (60)
[2015.01.24-01.03.28:291][561]LogModuleManager: Shutting down and abandoning module Slate (59)
[2015.01.24-01.03.28:291][561]LogModuleManager: Shutting down and abandoning module EditorStyle (58)
[2015.01.24-01.03.28:295][561]LogModuleManager: Shutting down and abandoning module SessionServices (57)
[2015.01.24-01.03.28:296][561]LogModuleManager: Shutting down and abandoning module SourceCodeAccess (56)
[2015.01.24-01.03.28:296][561]LogModuleManager: Shutting down and abandoning module HeadMountedDisplay (55)
[2015.01.24-01.03.28:296][561]LogModuleManager: Shutting down and abandoning module XAudio2 (54)
[2015.01.24-01.03.28:296][561]LogModuleManager: Shutting down and abandoning module Networking (52)
[2015.01.24-01.03.28:296][561]LogModuleManager: Shutting down and abandoning module Core (51)
[2015.01.24-01.03.28:296][561]LogModuleManager: Shutting down and abandoning module KismetCompiler (50)
[2015.01.24-01.03.28:296][561]LogModuleManager: Shutting down and abandoning module PhysXFormats (49)
[2015.01.24-01.03.28:296][561]LogModuleManager: Shutting down and abandoning module MeshUtilities (48)
[2015.01.24-01.03.28:296][561]LogModuleManager: Shutting down and abandoning module DerivedDataCache (47)
[2015.01.24-01.03.28:347][561]LogDerivedDataCache: Shutdown
[2015.01.24-01.03.28:347][561]LogModuleManager: Shutting down and abandoning module ShaderFormatOpenGL (46)
[2015.01.24-01.03.28:347][561]LogModuleManager: Shutting down and abandoning module ShaderFormatD3D (45)
[2015.01.24-01.03.28:347][561]LogModuleManager: Shutting down and abandoning module MetalShaderFormat (44)
[2015.01.24-01.03.28:347][561]LogModuleManager: Shutting down and abandoning module TextureFormatUncompressed (43)
[2015.01.24-01.03.28:347][561]LogModuleManager: Shutting down and abandoning module TextureFormatPVR (42)
[2015.01.24-01.03.28:347][561]LogModuleManager: Shutting down and abandoning module TextureFormatDXT (41)
[2015.01.24-01.03.28:347][561]LogModuleManager: Shutting down and abandoning module TextureFormatAndroid (40)
[2015.01.24-01.03.28:347][561]LogModuleManager: Shutting down and abandoning module AudioFormatOpus (39)
[2015.01.24-01.03.28:347][561]LogModuleManager: Shutting down and abandoning module AudioFormatOgg (38)
[2015.01.24-01.03.28:347][561]LogModuleManager: Shutting down and abandoning module AudioFormatADPCM (37)
[2015.01.24-01.03.28:347][561]LogModuleManager: Shutting down and abandoning module LinuxTargetPlatform (36)
[2015.01.24-01.03.28:347][561]LogModuleManager: Shutting down and abandoning module LinuxServerTargetPlatform (35)
[2015.01.24-01.03.28:347][561]LogModuleManager: Shutting down and abandoning module LinuxNoEditorTargetPlatform (34)
[2015.01.24-01.03.28:347][561]LogModuleManager: Shutting down and abandoning module Messaging (33)
[2015.01.24-01.03.28:347][561]LogModuleManager: Shutting down and abandoning module IOSTargetPlatform (32)
[2015.01.24-01.03.28:347][561]LogModuleManager: Shutting down and abandoning module Android_PVRTCTargetPlatform (31)
[2015.01.24-01.03.28:347][561]LogModuleManager: Shutting down and abandoning module Android_ETC2TargetPlatform (30)
[2015.01.24-01.03.28:347][561]LogModuleManager: Shutting down and abandoning module Android_ETC1TargetPlatform (29)
[2015.01.24-01.03.28:347][561]LogModuleManager: Shutting down and abandoning module Android_DXTTargetPlatform (28)
[2015.01.24-01.03.28:347][561]LogModuleManager: Shutting down and abandoning module Android_ATCTargetPlatform (27)
[2015.01.24-01.03.28:347][561]LogModuleManager: Shutting down and abandoning module AndroidTargetPlatform (26)
[2015.01.24-01.03.28:347][561]LogModuleManager: Shutting down and abandoning module WindowsTargetPlatform (25)
[2015.01.24-01.03.28:347][561]LogModuleManager: Shutting down and abandoning module WindowsServerTargetPlatform (24)
[2015.01.24-01.03.28:347][561]LogModuleManager: Shutting down and abandoning module WindowsNoEditorTargetPlatform (23)
[2015.01.24-01.03.28:347][561]LogModuleManager: Shutting down and abandoning module WindowsClientTargetPlatform (22)
[2015.01.24-01.03.28:347][561]LogModuleManager: Shutting down and abandoning module TargetPlatform (21)
[2015.01.24-01.03.28:347][561]LogModuleManager: Shutting down and abandoning module InputCore (20)
[2015.01.24-01.03.28:347][561]LogModuleManager: Shutting down and abandoning module Settings (19)
[2015.01.24-01.03.28:347][561]LogModuleManager: Shutting down and abandoning module ImageWrapper (18)
[2015.01.24-01.03.28:347][561]LogModuleManager: Shutting down and abandoning module OculusRift (15)
[2015.01.24-01.03.28:347][561]LogModuleManager: Shutting down and abandoning module ExampleDeviceProfileSelector (14)
[2015.01.24-01.03.28:347][561]LogModuleManager: Shutting down and abandoning module TextureCompressor (13)
[2015.01.24-01.03.28:347][561]LogModuleManager: Shutting down and abandoning module ShaderCore (12)
[2015.01.24-01.03.28:347][561]LogModuleManager: Shutting down and abandoning module Landscape (11)
[2015.01.24-01.03.28:347][561]LogModuleManager: Shutting down and abandoning module SlateRHIRenderer (10)
[2015.01.24-01.03.28:354][561]LogModuleManager: Shutting down and abandoning module OpenGLDrv (9)
[2015.01.24-01.03.28:354][561]LogModuleManager: Shutting down and abandoning module D3D11RHI (8)
[2015.01.24-01.03.28:354][561]LogModuleManager: Shutting down and abandoning module Renderer (7)
[2015.01.24-01.03.28:354][561]LogModuleManager: Shutting down and abandoning module Engine (6)
[2015.01.24-01.03.28:354][561]LogModuleManager: Shutting down and abandoning module CoreUObject (5)
[2015.01.24-01.03.28:354][561]LogModuleManager: Shutting down and abandoning module NetworkFile (4)
[2015.01.24-01.03.28:354][561]LogModuleManager: Shutting down and abandoning module StreamingFile (3)
[2015.01.24-01.03.28:354][561]LogModuleManager: Shutting down and abandoning module SandboxFile (2)
[2015.01.24-01.03.28:354][561]LogModuleManager: Shutting down and abandoning module PakFile (1)
[2015.01.24-01.03.28:355][561]LogExit: Exiting.
[2015.01.24-01.03.28:361][561]Log file closed, 01/23/15 20:03:28
