Log file open, 01/24/15 18:13:53
LogInit:Display: Running engine for game: KodainaKingdom
LogInit: Version: 4.6.1-2386410+++depot+UE4-Releases+4.6
LogInit: API Version: 2369412
LogInit: Compiled (64-bit): Dec 11 2014 21:31:39
LogInit: Compiled with Visual C++: 18.00.21005.01
LogInit: Build Configuration: Development
LogInit: Branch Name: ++depot+UE4-Releases+4.6
LogInit: Command line:  
LogInit: Base directory: C:/Program Files/UE45/Epic Games/4.6/Engine/Binaries/Win64/
LogInit: Rocket: 1
[2015.01.24-23.13.53:148][  0]LogTaskGraph: Started task graph with 3 named threads and 6 total threads.
[2015.01.24-23.13.53:207][  0]LogOnline:Warning: No default platform service specified for OnlineSubsystem
[2015.01.24-23.13.53:264][  0]LogInit: Presizing for 0 objects not considered by GC, pre-allocating 0 bytes.
[2015.01.24-23.13.53:271][  0]LogInit: Object subsystem initialized
[2015.01.24-23.13.53:273][  0]LogInit: Selected Device Profile: [Windows]
[2015.01.24-23.13.53:273][  0]LogInit: Applying CVar settings loaded from the selected device profile: [Windows]
[2015.01.24-23.13.53:281][  0]LogInit: Computer: ASUS
[2015.01.24-23.13.53:281][  0]LogInit: User: Owner
[2015.01.24-23.13.53:281][  0]LogInit: CPU Page size=4096, Cores=4
[2015.01.24-23.13.53:281][  0]LogInit: High frequency timer resolution =2.338333 MHz
[2015.01.24-23.13.53:281][  0]LogMemory: Memory total: Physical=15.9GB (16GB approx) Virtual=131072.0GB
[2015.01.24-23.13.53:281][  0]LogMemory: Platform Memory Stats for Windows
[2015.01.24-23.13.53:281][  0]LogMemory: Process Physical Memory: 48.74 MB used, 48.74 MB peak
[2015.01.24-23.13.53:281][  0]LogMemory: Process Virtual Memory: 25.09 MB used, 25.09 MB peak
[2015.01.24-23.13.53:281][  0]LogMemory: Physical Memory: 5025.49 MB used, 16267.18 MB total
[2015.01.24-23.13.53:281][  0]LogMemory: Virtual Memory: 270.96 MB used, 134217728.00 MB total
[2015.01.24-23.13.53:368][  0]LogD3D11RHI: Found D3D11 adapter 0: Intel(R) HD Graphics 4600 (Feature Level 11_0)
[2015.01.24-23.13.53:368][  0]LogD3D11RHI: Adapter has 32MB of dedicated video memory, 0MB of dedicated system memory, and 1760MB of shared system memory, 1 output[s]
[2015.01.24-23.13.53:379][  0]LogD3D11RHI: Found D3D11 adapter 1: NVIDIA GeForce GT 750M (Feature Level 11_0)
[2015.01.24-23.13.53:379][  0]LogD3D11RHI: Adapter has 1988MB of dedicated video memory, 0MB of dedicated system memory, and 2048MB of shared system memory, 0 output[s]
[2015.01.24-23.13.53:380][  0]LogD3D11RHI: Found D3D11 adapter 2: Microsoft Basic Render Driver (Feature Level 11_0)
[2015.01.24-23.13.53:380][  0]LogD3D11RHI: Adapter has 0MB of dedicated video memory, 0MB of dedicated system memory, and 256MB of shared system memory, 0 output[s]
[2015.01.24-23.13.53:380][  0]LogD3D11RHI: Chosen D3D11 Adapter Id = 0
[2015.01.24-23.13.53:385][  0]LogRHI: Texture pool is 1361 MB (70% of 1945 MB)
[2015.01.24-23.13.53:397][  0]LogD3D11RHI: Async texture creation enabled
[2015.01.24-23.13.53:555][  0]LogTextLocalizationManager: The requested culture ('en_US') has no localization data; parent culture's ('en') localization data will be used.
[2015.01.24-23.13.53:677][  0]LogContentStreaming: Texture pool size is 0.000000MB
[2015.01.24-23.13.58:972][  0]LogTargetPlatformManager:Display: Building Assets For Windows
[2015.01.24-23.13.59:559][  0]LogTargetPlatformManager:Display: Building Assets For Windows
[2015.01.24-23.13.59:634][  0]LogDerivedDataCache:Display: Max Cache Size: 512 MB
[2015.01.24-23.13.59:671][  0]LogDerivedDataCache: Loaded boot cache 0.04s 39MB C:/Users/Owner/AppData/Local/UnrealEngine/4.6/DerivedDataCache/Boot.ddc.
[2015.01.24-23.13.59:671][  0]LogDerivedDataCache:Display: Loaded Boot cache: C:/Users/Owner/AppData/Local/UnrealEngine/4.6/DerivedDataCache/Boot.ddc
[2015.01.24-23.13.59:672][  0]LogDerivedDataCache: FDerivedDataBackendGraph:  Pak pak cache file ../../../../../../../Users/Owner/Documents/Unreal Projects/Kodaina/DerivedDataCache/DDC.ddp not found, will not use a pak cache.
[2015.01.24-23.13.59:672][  0]LogDerivedDataCache: Unable to find inner node Pak for hierarchical cache Hierarchy.
[2015.01.24-23.13.59:730][  0]LogDerivedDataCache:Display: Pak cache opened for reading ../../../Engine/DerivedDataCache/DDC.ddp.
[2015.01.24-23.13.59:742][  0]LogDerivedDataCache: Using Local data cache path C:/Users/Owner/AppData/Local/UnrealEngine/Common/DerivedDataCache: Writable
[2015.01.24-23.13.59:903][  0]LogCollisionProfile:Warning: Profile (UI) - Custom Channel Name = 'Weapon' hasn't been found
[2015.01.24-23.14.00:053][  0]LogMeshUtilities: No automatic mesh reduction module available
[2015.01.24-23.14.00:053][  0]LogMeshUtilities: No automatic mesh merging module available
[2015.01.24-23.14.00:505][  0]LogInit: WinSock: version 1.1 (2.2), MaxSocks=32767, MaxUdp=65467
[2015.01.24-23.14.00:604][  0]LogSlate:Warning: Failed to load font data from '../../../Engine/Content/Slate/Fonts/Roboto-Italic.ttf'
[2015.01.24-23.14.01:697][  0]UdpMessaging: Initializing bridge on interface 0.0.0.0:0 to multicast group 230.0.0.1:6666.
[2015.01.24-23.14.01:926][  0]LogDirectoryWatcher:Warning: Failed to begin reading directory changes for C:/Users/Owner/Documents/Unreal Projects/Kodaina/Binaries/Win64. Error: 0
[2015.01.24-23.14.02:116][  0]SourceControl: Info Source control is disabled
[2015.01.24-23.14.02:116][  0]SourceControl: Info Source control is disabled
[2015.01.24-23.14.02:130][  0]SourceControl: Info Source control is disabled
[2015.01.24-23.14.02:335][  0]LogObj: 23754 objects as part of root set at end of initial load.
[2015.01.24-23.14.02:335][  0]LogUObjectAllocator: 5168136 out of 0 bytes used by permanent object pool.
[2015.01.24-23.14.02:400][  0]LogEngine: Initializing Engine...
[2015.01.24-23.14.02:538][  0]LogInit: XAudio2 using 'Speakers (Realtek High Definition Audio)' : 2 channels at 48 kHz using 32 bits per sample (channel mask 0x3)
[2015.01.24-23.14.02:678][  0]LogInit: FAudioDevice initialized.
[2015.01.24-23.14.02:709][  0]LogAIModule: Creating AISystem for world NewWorld
[2015.01.24-23.14.02:730][  0]LogDerivedDataCache: Saved boot cache 0.02s 39MB C:/Users/Owner/AppData/Local/UnrealEngine/4.6/DerivedDataCache/Boot.ddc.
[2015.01.24-23.14.02:733][  0]LogInit: Texture streaming: Enabled
[2015.01.24-23.14.02:778][  0]LogAnalytics: Creating configured Analytics provider AnalyticsET
[2015.01.24-23.14.02:778][  0]LogAnalytics: ET APIKey = Rocket.Release. APIServer = http://et2.epicgames.com/ET2/. AppVersion = 4.6.1-2386410+++depot+UE4-Releases+4.6
[2015.01.24-23.14.02:780][  0]LogAnalytics: SetUserId d53fbd01599cddc5eda2e5a33cd9f114
[2015.01.24-23.14.02:780][  0]LogAnalytics: AnalyticsET::StartSession [Rocket.Release]
[2015.01.24-23.14.02:802][  0]LogInit: Transaction tracking system initialized
[2015.01.24-23.14.02:952][  0]BlueprintLog: New page: Editor Load
[2015.01.24-23.14.02:994][  0]LogAssetRegistry: FAssetRegistry took 0.0109 seconds to start up
[2015.01.24-23.14.02:994][  0]LogDirectoryWatcher:Warning: Failed to begin reading directory changes for ../../../Engine/Plugins/Experimental/CharacterAI/Content/. Error: 0
[2015.01.24-23.14.03:624][  0]LogTargetPlatformManager:Display: Building Assets For Windows
[2015.01.24-23.14.04:054][  0]LogTargetPlatformManager:Display: Building Assets For Windows
[2015.01.24-23.14.04:345][  0]LogConsoleResponse:Display: 
[2015.01.24-23.14.04:392][  0]LogLinker:Warning: Asset '../../../Engine/Content/Functions/Engine_MaterialFunctions03/Procedurals/ComputeFilterWidth.uasset' has been saved with empty engine version. The asset will be loaded but may be incompatible.
[2015.01.24-23.14.04:658][  0]SourceControl: Info Source control is disabled
[2015.01.24-23.14.04:658][  0]Cmd: MAP LOAD FILE="../../../Engine/Content/Maps/Templates/Template_Default.umap" TEMPLATE=1 SHOWPROGRESS=1
[2015.01.24-23.14.04:659][  0]LightingResults: New page: Lighting Build
[2015.01.24-23.14.04:674][  0]MapCheck: New page: Map Check
[2015.01.24-23.14.04:674][  0]LightingResults: New page: Lighting Build
[2015.01.24-23.14.04:681][  0]LogParticles: Destroying 0 GPU particle simulations for FXSystem 0x0000002B91699940
[2015.01.24-23.14.04:926][  0]LogEditorServer: Finished looking for orphan Actors (0.000 secs)
[2015.01.24-23.14.04:926][  0]LogAIModule: Creating AISystem for world Untitled_1
[2015.01.24-23.14.04:926][  0]Cmd: MAP CHECKDEP
[2015.01.24-23.14.04:927][  0]MapCheck: New page: Untitled_1 - Jan 24, 2015, 1:14:04 PM
[2015.01.24-23.14.05:085][  0]MapCheck: Info Map check complete: 0 Error(s), 0 Warning(s), took 158.815ms to complete.
[2015.01.24-23.14.05:085][  0]LogFileHelpers: Loading map 'Template_Default' took 0.427
[2015.01.24-23.14.05:190][  0]LogCollectionManager: Loaded 0 collections in 0.001500 seconds
[2015.01.24-23.14.05:407][  0]LogCrashTracker: Crashtracker disabled due to settings.
[2015.01.24-23.14.05:415][  0]LogUObjectGlobals:Warning: Failed to find object 'Class None.'
[2015.01.24-23.14.05:443][  0]LogLoad: Full Startup: 14.59 seconds (BP compile: 0.04 seconds)
[2015.01.24-23.14.05:786][  0]LogContentBrowser:Verbose: The content browser source was changed by the sources view to '/Game/Blueprints'
[2015.01.24-23.14.05:907][  0]LogRenderer:Warning: Reallocating scene render targets to support 1200x904.
[2015.01.24-23.14.07:115][  4]LogAssetRegistry: Asset discovery search completed in 4.1323 seconds
[2015.01.24-23.14.17:578][343]Cmd: MAP LOAD FILE="../../../../../../../Users/Owner/Documents/Unreal Projects/Kodaina/Content/Maps/TestLevel.umap" TEMPLATE=0 SHOWPROGRESS=1
[2015.01.24-23.14.17:586][343]LightingResults: New page: Lighting Build
[2015.01.24-23.14.17:615][343]LoadErrors: New page: Loading map: TestLevel.umap
[2015.01.24-23.14.17:615][343]MapCheck: New page: Map Check
[2015.01.24-23.14.17:615][343]LightingResults: New page: Lighting Build
[2015.01.24-23.14.17:622][343]LogParticles: Destroying 0 GPU particle simulations for FXSystem 0x0000002B8A81FEC0
[2015.01.24-23.14.17:748][343]LogEditorServer: Finished looking for orphan Actors (0.000 secs)
[2015.01.24-23.14.17:748][343]LogAIModule: Creating AISystem for world TestLevel
[2015.01.24-23.14.17:825][343]Cmd: MAP CHECKDEP
[2015.01.24-23.14.17:825][343]MapCheck: New page: TestLevel - Jan 24, 2015, 1:14:17 PM
[2015.01.24-23.14.17:987][343]MapCheck: Info Map check complete: 0 Error(s), 0 Warning(s), took 162.301ms to complete.
[2015.01.24-23.14.17:987][343]LogFileHelpers: Loading map 'TestLevel' took 0.412
[2015.01.24-23.14.19:737][444]BlueprintLog: New page: Pre-PIE auto-recompile
[2015.01.24-23.14.19:737][444]LogPlayLevel: [PIE] Compiling TestLevel before PIE...
[2015.01.24-23.14.19:771][444]LogPlayLevel: PIE:  Blueprint regeneration took 34 ms (1 blueprints)
[2015.01.24-23.14.19:772][444]PIE: New page: PIE session: TestLevel (Jan 24, 2015, 1:14:19 PM)
[2015.01.24-23.14.19:774][444]LogPlayLevel: PIE: StaticDuplicateObject took: (0.002467s)
[2015.01.24-23.14.19:775][444]LogPlayLevel: PIE: World Init took: (0.000493s)
[2015.01.24-23.14.19:775][444]LogPlayLevel: PIE: Created PIE world by copying editor world from /Game/Maps/TestLevel.TestLevel to /Game/Maps/UEDPIE_0_TestLevel.TestLevel (0.003095s)
[2015.01.24-23.14.19:829][444]LogWorld: Game class is 'GameMode'
[2015.01.24-23.14.19:830][444]LogAIModule: Creating AISystem for world TestLevel
[2015.01.24-23.14.19:832][444]LogWorld: Bringing World /Game/Maps/UEDPIE_0_TestLevel.TestLevel up for play (max tick rate 60) at 2015.01.24-18.14.19
[2015.01.24-23.14.19:832][444]LogWorld: Bringing up level for play took: 0.001785
[2015.01.24-23.14.19:837][444]PIE: Info Play in editor start time for /Game/Maps/UEDPIE_0_TestLevel -0.17
[2015.01.24-23.14.39:983][512]LogParticles: Destroying 0 GPU particle simulations for FXSystem 0x0000002B99E16200
[2015.01.24-23.14.42:630][621]LogBlueprint:Warning: [compiler] Warning InputAction Event references unknown Action 'BattleStepper' for  InputAction BattleStepper 
[2015.01.24-23.14.42:631][621]LogBlueprint:Warning: [compiler] Warning InputAction Event references unknown Action 'ActionButton' for  InputAction ActionButton 
[2015.01.24-23.14.42:632][621]LogBlueprint:Warning: [compiler] Warning Input Axis Event references unknown Axis 'MoveUp' for  InputAxis MoveUp 
[2015.01.24-23.14.42:632][621]LogBlueprint:Warning: [compiler] Warning Input Axis Event references unknown Axis 'MoveRight' for  InputAxis MoveRight 
[2015.01.24-23.14.42:658][621]LogBlueprint:Warning: [compiler] Warning [0051.80] Compile of MyCharacter successful, but with 4 Warning(s) [in 78 ms]
[2015.01.24-23.14.42:788][621]LogBlueprint:Warning: [compiler] Warning InputAction Event references unknown Action 'BattleStepper' for  InputAction BattleStepper 
[2015.01.24-23.14.42:789][621]LogBlueprint:Warning: [compiler] Warning InputAction Event references unknown Action 'ActionButton' for  InputAction ActionButton 
[2015.01.24-23.14.42:790][621]LogBlueprint:Warning: [compiler] Warning Input Axis Event references unknown Axis 'MoveUp' for  InputAxis MoveUp 
[2015.01.24-23.14.42:790][621]LogBlueprint:Warning: [compiler] Warning Input Axis Event references unknown Axis 'MoveRight' for  InputAxis MoveRight 
[2015.01.24-23.14.42:816][621]LogBlueprint:Warning: [compiler] Warning [0051.96] Compile of MyCharacter successful, but with 4 Warning(s) [in 43 ms]
[2015.01.24-23.14.42:816][621]LogBlueprint:Warning: [compiler] Warning [0051.96] Compile of MyCharacter successful, but with 5 Warning(s) [in 0 ms]
[2015.01.24-23.14.43:704][621]LogPropertyNode:Warning: UI Min (0.001) >= UI Max () for Ranged Numeric
[2015.01.24-23.14.43:707][621]LogPropertyNode:Warning: UI Min (0.001) >= UI Max () for Ranged Numeric
[2015.01.24-23.14.43:757][621]LogPropertyNode:Warning: UI Min (0.001) >= UI Max () for Ranged Numeric
[2015.01.24-23.14.43:758][621]LogPropertyNode:Warning: UI Min (0.001) >= UI Max () for Ranged Numeric
[2015.01.24-23.14.57:018][285]LogPropertyNode:Warning: UI Min (0.001) >= UI Max () for Ranged Numeric
[2015.01.24-23.15.10:516][778]BlueprintLog: New page: Pre-PIE auto-recompile
[2015.01.24-23.15.10:519][778]LogPlayLevel: [PIE] Compiling Tutorial_BP_MacroLib before PIE...
[2015.01.24-23.15.10:572][778]LogPlayLevel: [PIE] Compiling TestLevel before PIE...
[2015.01.24-23.15.10:618][778]LogActorComponent: UnregisterComponent: (/Engine/Transient.CharacterMovementComponent_0) Not registered. Aborting.
[2015.01.24-23.15.10:653][778]LogParticles: Destroying 0 GPU particle simulations for FXSystem 0x0000002B9F7384A0
[2015.01.24-23.15.10:653][778]LogParticles: Destroying 0 GPU particle simulations for FXSystem 0x0000002BA38F77E0
[2015.01.24-23.15.10:671][778]LogPlayLevel: PIE:  Blueprint regeneration took 156 ms (2 blueprints)
[2015.01.24-23.15.10:672][778]PIE: New page: PIE session: TestLevel (Jan 24, 2015, 1:15:10 PM)
[2015.01.24-23.15.10:675][778]LogPlayLevel: PIE: StaticDuplicateObject took: (0.002730s)
[2015.01.24-23.15.10:676][778]LogPlayLevel: PIE: World Init took: (0.000442s)
[2015.01.24-23.15.10:676][778]LogPlayLevel: PIE: Created PIE world by copying editor world from /Game/Maps/TestLevel.TestLevel to /Game/Maps/UEDPIE_0_TestLevel.TestLevel (0.003335s)
[2015.01.24-23.15.10:715][778]LogWorld: Game class is 'GameMode'
[2015.01.24-23.15.10:716][778]LogAIModule: Creating AISystem for world TestLevel
[2015.01.24-23.15.10:718][778]LogWorld: Bringing World /Game/Maps/UEDPIE_0_TestLevel.TestLevel up for play (max tick rate 60) at 2015.01.24-18.15.10
[2015.01.24-23.15.10:718][778]LogWorld: Bringing up level for play took: 0.001743
[2015.01.24-23.15.10:723][778]PIE: Info Play in editor start time for /Game/Maps/UEDPIE_0_TestLevel 0.715
[2015.01.24-23.15.12:793][871]LogParticles: Destroying 0 GPU particle simulations for FXSystem 0x0000002BA10C28E0
[2015.01.24-23.15.16:842][ 97]LogPropertyNode:Warning: UI Min (0.001) >= UI Max () for Ranged Numeric
[2015.01.24-23.15.17:967][142]LogPropertyNode:Warning: UI Min (0.001) >= UI Max () for Ranged Numeric
[2015.01.24-23.15.17:968][142]LogPropertyNode:Warning: UI Min (0.001) >= UI Max () for Ranged Numeric
[2015.01.24-23.15.18:020][142]LogPropertyNode:Warning: UI Min (0.001) >= UI Max () for Ranged Numeric
[2015.01.24-23.15.18:020][142]LogPropertyNode:Warning: UI Min (0.001) >= UI Max () for Ranged Numeric
[2015.01.24-23.15.19:317][168]LogRenderer:Warning: Reallocating scene render targets to support 1416x904.
[2015.01.24-23.15.24:777][447]BlueprintLog: New page: Compile MyCharacter
[2015.01.24-23.15.24:942][447]LogBlueprint:Warning: [compiler] Warning InputAction Event references unknown Action 'BattleStepper' for  InputAction BattleStepper 
[2015.01.24-23.15.24:942][447]LogBlueprint:Warning: [compiler] Warning InputAction Event references unknown Action 'ActionButton' for  InputAction ActionButton 
[2015.01.24-23.15.24:943][447]LogBlueprint:Warning: [compiler] Warning Input Axis Event references unknown Axis 'MoveUp' for  InputAxis MoveUp 
[2015.01.24-23.15.24:944][447]LogBlueprint:Warning: [compiler] Warning Input Axis Event references unknown Axis 'MoveRight' for  InputAxis MoveRight 
[2015.01.24-23.15.24:980][447]LogPropertyNode:Warning: UI Min (0.001) >= UI Max () for Ranged Numeric
[2015.01.24-23.15.24:980][447]LogPropertyNode:Warning: UI Min (0.001) >= UI Max () for Ranged Numeric
[2015.01.24-23.15.25:055][447]LogActorComponent: UnregisterComponent: (/Engine/Transient.CharacterMovementComponent_1) Not registered. Aborting.
[2015.01.24-23.15.25:098][447]LogPropertyNode:Warning: UI Min (0.001) >= UI Max () for Ranged Numeric
[2015.01.24-23.15.25:099][447]LogPropertyNode:Warning: UI Min (0.001) >= UI Max () for Ranged Numeric
[2015.01.24-23.15.25:143][447]LogBlueprint:Warning: [compiler] Warning [0094.29] Compile of MyCharacter successful, but with 4 Warning(s) [in 253 ms]
[2015.01.24-23.15.25:143][447]BlueprintEditorCompileResults:Warning: Warning InputAction Event references unknown Action 'BattleStepper' for  InputAction BattleStepper 
[2015.01.24-23.15.25:143][447]BlueprintEditorCompileResults:Warning: Warning InputAction Event references unknown Action 'ActionButton' for  InputAction ActionButton 
[2015.01.24-23.15.25:143][447]BlueprintEditorCompileResults:Warning: Warning Input Axis Event references unknown Axis 'MoveUp' for  InputAxis MoveUp 
[2015.01.24-23.15.25:143][447]BlueprintEditorCompileResults:Warning: Warning Input Axis Event references unknown Axis 'MoveRight' for  InputAxis MoveRight 
[2015.01.24-23.15.25:143][447]BlueprintEditorCompileResults:Warning: Warning [0094.29] Compile of MyCharacter successful, but with 4 Warning(s) [in 253 ms]
[2015.01.24-23.15.27:670][534]BlueprintLog: New page: Compile MyCharacter
[2015.01.24-23.15.27:832][534]LogBlueprint:Warning: [compiler] Warning InputAction Event references unknown Action 'BattleStepper' for  InputAction BattleStepper 
[2015.01.24-23.15.27:833][534]LogBlueprint:Warning: [compiler] Warning InputAction Event references unknown Action 'ActionButton' for  InputAction ActionButton 
[2015.01.24-23.15.27:834][534]LogBlueprint:Warning: [compiler] Warning Input Axis Event references unknown Axis 'MoveUp' for  InputAxis MoveUp 
[2015.01.24-23.15.27:834][534]LogBlueprint:Warning: [compiler] Warning Input Axis Event references unknown Axis 'MoveRight' for  InputAxis MoveRight 
[2015.01.24-23.15.27:871][534]LogPropertyNode:Warning: UI Min (0.001) >= UI Max () for Ranged Numeric
[2015.01.24-23.15.27:871][534]LogPropertyNode:Warning: UI Min (0.001) >= UI Max () for Ranged Numeric
[2015.01.24-23.15.27:940][534]LogActorComponent: UnregisterComponent: (/Engine/Transient.CharacterMovementComponent_2) Not registered. Aborting.
[2015.01.24-23.15.28:013][534]LogPropertyNode:Warning: UI Min (0.001) >= UI Max () for Ranged Numeric
[2015.01.24-23.15.28:014][534]LogPropertyNode:Warning: UI Min (0.001) >= UI Max () for Ranged Numeric
[2015.01.24-23.15.28:060][534]LogBlueprint:Warning: [compiler] Warning [0097.20] Compile of MyCharacter successful, but with 4 Warning(s) [in 274 ms]
[2015.01.24-23.15.28:060][534]BlueprintEditorCompileResults:Warning: Warning InputAction Event references unknown Action 'BattleStepper' for  InputAction BattleStepper 
[2015.01.24-23.15.28:060][534]BlueprintEditorCompileResults:Warning: Warning InputAction Event references unknown Action 'ActionButton' for  InputAction ActionButton 
[2015.01.24-23.15.28:060][534]BlueprintEditorCompileResults:Warning: Warning Input Axis Event references unknown Axis 'MoveUp' for  InputAxis MoveUp 
[2015.01.24-23.15.28:060][534]BlueprintEditorCompileResults:Warning: Warning Input Axis Event references unknown Axis 'MoveRight' for  InputAxis MoveRight 
[2015.01.24-23.15.28:060][534]BlueprintEditorCompileResults:Warning: Warning [0097.20] Compile of MyCharacter successful, but with 4 Warning(s) [in 274 ms]
[2015.01.24-23.17.12:605][ 16]LogActorComponent: UnregisterComponent: (/Engine/Transient.CharacterMovementComponent_3) Not registered. Aborting.
[2015.01.24-23.17.14:600][ 76]BlueprintLog: New page: Compile MyCharacter
[2015.01.24-23.17.14:802][ 76]LogPropertyNode:Warning: UI Min (0.001) >= UI Max () for Ranged Numeric
[2015.01.24-23.17.14:803][ 76]LogPropertyNode:Warning: UI Min (0.001) >= UI Max () for Ranged Numeric
[2015.01.24-23.17.14:947][ 76]LogPropertyNode:Warning: UI Min (0.001) >= UI Max () for Ranged Numeric
[2015.01.24-23.17.14:947][ 76]LogPropertyNode:Warning: UI Min (0.001) >= UI Max () for Ranged Numeric
[2015.01.24-23.17.14:994][ 76]BlueprintEditorCompileResults: Info [0204.14] Compile of MyCharacter successful! [in 278 ms]
[2015.01.24-23.17.17:576][166]BlueprintLog: New page: Pre-PIE auto-recompile
[2015.01.24-23.17.17:582][166]LogPlayLevel: [PIE] Compiling Enemy before PIE...
[2015.01.24-23.17.17:746][166]LogPropertyNode:Warning: UI Min (0.001) >= UI Max () for Ranged Numeric
[2015.01.24-23.17.17:746][166]LogPropertyNode:Warning: UI Min (0.001) >= UI Max () for Ranged Numeric
[2015.01.24-23.17.17:765][166]LogActorComponent: UnregisterComponent: (/Engine/Transient.CharacterMovementComponent_4) Not registered. Aborting.
[2015.01.24-23.17.17:785][166]LogPlayLevel: [PIE] Compiling TestLevel before PIE...
[2015.01.24-23.17.17:828][166]LogPlayLevel: [PIE] Compiling BattleHUD before PIE...
[2015.01.24-23.17.18:007][166]LogPropertyNode:Warning: UI Min (0.001) >= UI Max () for Ranged Numeric
[2015.01.24-23.17.18:008][166]LogPropertyNode:Warning: UI Min (0.001) >= UI Max () for Ranged Numeric
[2015.01.24-23.17.18:045][166]LogPlayLevel: [PIE] Compiling RollingMovingHUD before PIE...
[2015.01.24-23.17.18:136][166]LogPropertyNode:Warning: UI Min (0.001) >= UI Max () for Ranged Numeric
[2015.01.24-23.17.18:136][166]LogPropertyNode:Warning: UI Min (0.001) >= UI Max () for Ranged Numeric
[2015.01.24-23.17.18:191][166]LogPropertyNode:Warning: UI Min (0.001) >= UI Max () for Ranged Numeric
[2015.01.24-23.17.18:191][166]LogPropertyNode:Warning: UI Min (0.001) >= UI Max () for Ranged Numeric
[2015.01.24-23.17.18:219][166]LogPlayLevel: [PIE] Compiling MyCharacter before PIE...
[2015.01.24-23.17.18:415][166]LogPropertyNode:Warning: UI Min (0.001) >= UI Max () for Ranged Numeric
[2015.01.24-23.17.18:415][166]LogPropertyNode:Warning: UI Min (0.001) >= UI Max () for Ranged Numeric
[2015.01.24-23.17.18:500][166]LogPropertyNode:Warning: UI Min (0.001) >= UI Max () for Ranged Numeric
[2015.01.24-23.17.18:501][166]LogPropertyNode:Warning: UI Min (0.001) >= UI Max () for Ranged Numeric
[2015.01.24-23.17.18:593][166]LogPlayLevel: PIE:  Blueprint regeneration took 1016 ms (5 blueprints)
[2015.01.24-23.17.18:593][166]PIE: New page: PIE session: TestLevel (Jan 24, 2015, 1:17:18 PM)
[2015.01.24-23.17.18:596][166]LogPlayLevel: PIE: StaticDuplicateObject took: (0.002469s)
[2015.01.24-23.17.18:596][166]LogPlayLevel: PIE: World Init took: (0.000504s)
[2015.01.24-23.17.18:596][166]LogPlayLevel: PIE: Created PIE world by copying editor world from /Game/Maps/TestLevel.TestLevel to /Game/Maps/UEDPIE_0_TestLevel.TestLevel (0.003122s)
[2015.01.24-23.17.18:642][166]LogWorld: Game class is 'GameMode'
[2015.01.24-23.17.18:643][166]LogAIModule: Creating AISystem for world TestLevel
[2015.01.24-23.17.18:645][166]LogWorld: Bringing World /Game/Maps/UEDPIE_0_TestLevel.TestLevel up for play (max tick rate 60) at 2015.01.24-18.17.18
[2015.01.24-23.17.18:645][166]LogWorld: Bringing up level for play took: 0.001801
[2015.01.24-23.17.18:652][166]PIE: Info Play in editor start time for /Game/Maps/UEDPIE_0_TestLevel 0.644
[2015.01.24-23.17.21:220][271]LogPropertyNode:Warning: UI Min (0.001) >= UI Max () for Ranged Numeric
[2015.01.24-23.17.21:229][271]LogActorComponent: UnregisterComponent: (/Engine/Transient.CharacterMovementComponent_5) Not registered. Aborting.
[2015.01.24-23.17.21:258][271]LogParticles: Destroying 0 GPU particle simulations for FXSystem 0x0000002BA4F05120
[2015.01.24-23.17.29:336][730]LogSlate:Warning: Prevented a slow task dialog from being summoned while a context menu was open
[2015.01.24-23.17.41:554][382]BlueprintLog: New page: Compile Kodaina
[2015.01.24-23.17.41:589][382]LogActorComponent: UnregisterComponent: (/Engine/Transient.CharacterMovementComponent_6) Not registered. Aborting.
[2015.01.24-23.17.41:620][382]BlueprintEditorCompileResults: Info [0230.76] Compile of Kodaina successful! [in 64 ms]
[2015.01.24-23.17.44:049][512]BlueprintLog: New page: Pre-PIE auto-recompile
[2015.01.24-23.17.44:054][512]LogPlayLevel: [PIE] Compiling Enemy before PIE...
[2015.01.24-23.17.44:180][512]LogPlayLevel: [PIE] Compiling TestLevel before PIE...
[2015.01.24-23.17.44:222][512]LogPlayLevel: [PIE] Compiling BattleHUD before PIE...
[2015.01.24-23.17.44:395][512]LogPlayLevel: [PIE] Compiling RollingMovingHUD before PIE...
[2015.01.24-23.17.44:495][512]LogPlayLevel: [PIE] Compiling MyCharacter before PIE...
[2015.01.24-23.17.44:771][512]LogParticles: Destroying 0 GPU particle simulations for FXSystem 0x0000002BA29A72E0
[2015.01.24-23.17.44:790][512]LogParticles: Destroying 0 GPU particle simulations for FXSystem 0x0000002B9A893740
[2015.01.24-23.17.44:790][512]LogPlayLevel: PIE:  Blueprint regeneration took 739 ms (5 blueprints)
[2015.01.24-23.17.44:790][512]PIE: New page: PIE session: TestLevel (Jan 24, 2015, 1:17:44 PM)
[2015.01.24-23.17.44:793][512]LogPlayLevel: PIE: StaticDuplicateObject took: (0.002429s)
[2015.01.24-23.17.44:793][512]LogPlayLevel: PIE: World Init took: (0.000434s)
[2015.01.24-23.17.44:793][512]LogPlayLevel: PIE: Created PIE world by copying editor world from /Game/Maps/TestLevel.TestLevel to /Game/Maps/UEDPIE_0_TestLevel.TestLevel (0.002995s)
[2015.01.24-23.17.44:831][512]LogWorld: Game class is 'GameMode'
[2015.01.24-23.17.44:832][512]LogAIModule: Creating AISystem for world TestLevel
[2015.01.24-23.17.44:834][512]LogWorld: Bringing World /Game/Maps/UEDPIE_0_TestLevel.TestLevel up for play (max tick rate 60) at 2015.01.24-18.17.44
[2015.01.24-23.17.44:834][512]LogWorld: Bringing up level for play took: 0.001708
[2015.01.24-23.17.44:839][512]PIE: Info Play in editor start time for /Game/Maps/UEDPIE_0_TestLevel 0.831
[2015.01.24-23.17.48:702][726]LogPropertyNode:Warning: UI Min (0.001) >= UI Max () for Ranged Numeric
[2015.01.24-23.17.48:748][726]LogParticles: Destroying 0 GPU particle simulations for FXSystem 0x0000002B8A992DE0
[2015.01.24-23.18.22:399][430]LogEditorActor: Deleted Actor: PlayerStart
[2015.01.24-23.18.22:399][430]LogActorComponent: UnregisterComponent: (/Engine/Transient.CharacterMovementComponent_7) Not registered. Aborting.
[2015.01.24-23.18.22:426][430]LogEditorActor: Deleted 1 Actors (0.028 secs)
[2015.01.24-23.18.30:487][880]BlueprintLog: New page: Pre-PIE auto-recompile
[2015.01.24-23.18.30:493][880]LogPlayLevel: [PIE] Compiling Enemy before PIE...
[2015.01.24-23.18.30:619][880]LogPlayLevel: [PIE] Compiling TestLevel before PIE...
[2015.01.24-23.18.30:659][880]LogPlayLevel: [PIE] Compiling BattleHUD before PIE...
[2015.01.24-23.18.30:842][880]LogPlayLevel: [PIE] Compiling RollingMovingHUD before PIE...
[2015.01.24-23.18.30:944][880]LogPlayLevel: [PIE] Compiling MyCharacter before PIE...
[2015.01.24-23.18.31:247][880]LogPlayLevel: PIE:  Blueprint regeneration took 759 ms (5 blueprints)
[2015.01.24-23.18.31:247][880]PIE: New page: PIE session: TestLevel (Jan 24, 2015, 1:18:31 PM)
[2015.01.24-23.18.31:250][880]LogPlayLevel: PIE: StaticDuplicateObject took: (0.002684s)
[2015.01.24-23.18.31:250][880]LogPlayLevel: PIE: World Init took: (0.000464s)
[2015.01.24-23.18.31:250][880]LogPlayLevel: PIE: Created PIE world by copying editor world from /Game/Maps/TestLevel.TestLevel to /Game/Maps/UEDPIE_0_TestLevel.TestLevel (0.003286s)
[2015.01.24-23.18.31:290][880]LogWorld: Game class is 'GameMode'
[2015.01.24-23.18.31:292][880]LogAIModule: Creating AISystem for world TestLevel
[2015.01.24-23.18.31:293][880]LogWorld: Bringing World /Game/Maps/UEDPIE_0_TestLevel.TestLevel up for play (max tick rate 60) at 2015.01.24-18.18.31
[2015.01.24-23.18.31:294][880]LogWorld: Bringing up level for play took: 0.001803
[2015.01.24-23.18.31:300][880]PIE: Info Play in editor start time for /Game/Maps/UEDPIE_0_TestLevel 1.292
[2015.01.24-23.18.33:105][952]LogParticles: Destroying 0 GPU particle simulations for FXSystem 0x0000002B9B0C1F80
[2015.01.24-23.19.21:385][146]Cmd: OBJ SAVEPACKAGE PACKAGE="/Game/Blueprints/Kodaina" FILE="../../../../../../../Users/Owner/Documents/Unreal Projects/Kodaina/Content/Blueprints/Kodaina.uasset" SILENT=true
[2015.01.24-23.19.21:643][146]LogSavePackage: Save=6.319887ms
[2015.01.24-23.19.21:643][146]LogSavePackage: Moving '../../../../../../../Users/Owner/Documents/Unreal Projects/Kodaina/Saved/Kodaina3CAF21254C9572C2741DE3B8635B4C79.tmp' to '../../../../../../../Users/Owner/Documents/Unreal Projects/Kodaina/Content/Blueprints/Kodaina.uasset'
[2015.01.24-23.19.21:871][146]Cmd: OBJ SAVEPACKAGE PACKAGE="/Game/Maps/TestLevel" FILE="../../../../../../../Users/Owner/Documents/Unreal Projects/Kodaina/Content/Maps/TestLevel.umap" SILENT=true AUTOSAVING=false KEEPDIRTY=false
[2015.01.24-23.19.22:162][146]LogSavePackage: Save=24.703924ms
[2015.01.24-23.19.22:162][146]LogSavePackage: Moving '../../../../../../../Users/Owner/Documents/Unreal Projects/Kodaina/Saved/TestLevelA93DC6624E2726F88F1708AF965EC42A.tmp' to '../../../../../../../Users/Owner/Documents/Unreal Projects/Kodaina/Content/Maps/TestLevel.umap'
[2015.01.24-23.19.22:244][146]LogFileHelpers: Saving map 'TestLevel' took 0.593
[2015.01.24-23.19.22:791][147]Cmd: QUIT_EDITOR
[2015.01.24-23.19.23:129][147]LogExit: Preparing to exit.
[2015.01.24-23.19.24:037][147]LogExit: Editor shut down
[2015.01.24-23.19.24:037][147]LogExit: Transaction tracking system shut down
[2015.01.24-23.19.24:038][147]LogParticles: Destroying 0 GPU particle simulations for FXSystem 0x0000002B8A86A840
[2015.01.24-23.19.24:039][147]LogParticles: Destroying 0 GPU particle simulations for FXSystem 0x0000002B8B40AF20
[2015.01.24-23.19.24:041][147]LogParticles: Destroying 0 GPU particle simulations for FXSystem 0x0000002B9C108F40
[2015.01.24-23.19.24:096][147]LogExit: Object subsystem successfully closed.
[2015.01.24-23.19.24:173][147]LogModuleManager: Shutting down and abandoning module ExternalImagePicker (173)
[2015.01.24-23.19.24:173][147]LogModuleManager: Shutting down and abandoning module AndroidDeviceDetection (172)
[2015.01.24-23.19.24:173][147]LogModuleManager: Shutting down and abandoning module CrashTracker (171)
[2015.01.24-23.19.24:173][147]LogModuleManager: Shutting down and abandoning module SuperSearch (170)
[2015.01.24-23.19.24:173][147]LogModuleManager: Shutting down and abandoning module SceneOutliner (169)
[2015.01.24-23.19.24:173][147]LogModuleManager: Shutting down and abandoning module EditorWidgets (168)
[2015.01.24-23.19.24:173][147]LogModuleManager: Shutting down and abandoning module CollectionManager (167)
[2015.01.24-23.19.24:173][147]LogModuleManager: Shutting down and abandoning module StatsViewer (166)
[2015.01.24-23.19.24:173][147]LogModuleManager: Shutting down and abandoning module FoliageEdit (165)
[2015.01.24-23.19.24:173][147]LogModuleManager: Shutting down and abandoning module LandscapeEditor (164)
[2015.01.24-23.19.24:173][147]LogModuleManager: Shutting down and abandoning module MeshPaint (163)
[2015.01.24-23.19.24:173][147]LogModuleManager: Shutting down and abandoning module ActorPickerMode (162)
[2015.01.24-23.19.24:173][147]LogModuleManager: Shutting down and abandoning module GeometryMode (161)
[2015.01.24-23.19.24:173][147]LogModuleManager: Shutting down and abandoning module TextureAlignMode (160)
[2015.01.24-23.19.24:173][147]LogModuleManager: Shutting down and abandoning module BspMode (159)
[2015.01.24-23.19.24:173][147]LogModuleManager: Shutting down and abandoning module PlacementMode (158)
[2015.01.24-23.19.24:173][147]LogModuleManager: Shutting down and abandoning module AutomationWorker (157)
[2015.01.24-23.19.24:173][147]LogModuleManager: Shutting down and abandoning module CharacterAI (156)
[2015.01.24-23.19.24:173][147]LogModuleManager: Shutting down and abandoning module GameProjectGeneration (155)
[2015.01.24-23.19.24:173][147]LogModuleManager: Shutting down and abandoning module IntroTutorials (154)
[2015.01.24-23.19.24:173][147]LogModuleManager: Shutting down and abandoning module EditorLiveStreaming (153)
[2015.01.24-23.19.24:173][147]LogModuleManager: Shutting down and abandoning module HardwareTargeting (152)
[2015.01.24-23.19.24:173][147]LogModuleManager: Shutting down and abandoning module DeviceProfileEditor (151)
[2015.01.24-23.19.24:173][147]LogModuleManager: Shutting down and abandoning module UndoHistory (150)
[2015.01.24-23.19.24:173][147]LogModuleManager: Shutting down and abandoning module GameplayTagsEditor (149)
[2015.01.24-23.19.24:173][147]LogModuleManager: Shutting down and abandoning module UserFeedback (148)
[2015.01.24-23.19.24:173][147]LogModuleManager: Shutting down and abandoning module XmlParser (147)
[2015.01.24-23.19.24:173][147]LogModuleManager: Shutting down and abandoning module Blutility (146)
[2015.01.24-23.19.24:173][147]LogModuleManager: Shutting down and abandoning module IOSPlatformEditor (145)
[2015.01.24-23.19.24:173][147]LogModuleManager: Shutting down and abandoning module IOSRuntimeSettings (144)
[2015.01.24-23.19.24:173][147]LogModuleManager: Shutting down and abandoning module AndroidPlatformEditor (143)
[2015.01.24-23.19.24:174][147]LogModuleManager: Shutting down and abandoning module AndroidRuntimeSettings (142)
[2015.01.24-23.19.24:174][147]LogModuleManager: Shutting down and abandoning module ProjectTargetPlatformEditor (141)
[2015.01.24-23.19.24:174][147]LogModuleManager: Shutting down and abandoning module ProjectSettingsViewer (140)
[2015.01.24-23.19.24:174][147]LogModuleManager: Shutting down and abandoning module InputBindingEditor (139)
[2015.01.24-23.19.24:174][147]LogModuleManager: Shutting down and abandoning module EditorSettingsViewer (138)
[2015.01.24-23.19.24:174][147]LogModuleManager: Shutting down and abandoning module SettingsEditor (137)
[2015.01.24-23.19.24:174][147]LogModuleManager: Shutting down and abandoning module ProjectLauncher (136)
[2015.01.24-23.19.24:174][147]LogModuleManager: Shutting down and abandoning module SessionFrontend (135)
[2015.01.24-23.19.24:174][147]LogModuleManager: Shutting down and abandoning module ProfilerClient (134)
[2015.01.24-23.19.24:174][147]LogModuleManager: Shutting down and abandoning module TargetDeviceServices (133)
[2015.01.24-23.19.24:174][147]LogModuleManager: Shutting down and abandoning module DeviceManager (132)
[2015.01.24-23.19.24:174][147]LogModuleManager: Shutting down and abandoning module AutomationController (131)
[2015.01.24-23.19.24:174][147]LogModuleManager: Shutting down and abandoning module AutomationWindow (130)
[2015.01.24-23.19.24:174][147]LogModuleManager: Shutting down and abandoning module Layers (129)
[2015.01.24-23.19.24:174][147]LogModuleManager: Shutting down and abandoning module ComponentVisualizers (128)
[2015.01.24-23.19.24:174][147]LogModuleManager: Shutting down and abandoning module DetailCustomizations (127)
[2015.01.24-23.19.24:174][147]LogModuleManager: Shutting down and abandoning module PackagesDialog (126)
[2015.01.24-23.19.24:174][147]LogModuleManager: Shutting down and abandoning module AssetRegistry (125)
[2015.01.24-23.19.24:226][147]LogModuleManager: Shutting down and abandoning module Persona (124)
[2015.01.24-23.19.24:226][147]LogModuleManager: Shutting down and abandoning module Kismet (123)
[2015.01.24-23.19.24:226][147]LogModuleManager: Shutting down and abandoning module GraphEditor (122)
[2015.01.24-23.19.24:226][147]LogModuleManager: Shutting down and abandoning module ClassViewer (121)
[2015.01.24-23.19.24:226][147]LogModuleManager: Shutting down and abandoning module Toolbox (120)
[2015.01.24-23.19.24:226][147]LogModuleManager: Shutting down and abandoning module ModuleUI (119)
[2015.01.24-23.19.24:226][147]LogModuleManager: Shutting down and abandoning module MovieSceneTools (118)
[2015.01.24-23.19.24:226][147]LogModuleManager: Shutting down and abandoning module OutputLog (117)
[2015.01.24-23.19.24:226][147]LogModuleManager: Shutting down and abandoning module GammaUI (116)
[2015.01.24-23.19.24:226][147]LogModuleManager: Shutting down and abandoning module Documentation (115)
[2015.01.24-23.19.24:226][147]LogModuleManager: Shutting down and abandoning module GameLiveStreaming (114)
[2015.01.24-23.19.24:226][147]LogModuleManager: Shutting down and abandoning module StreamingPauseRendering (113)
[2015.01.24-23.19.24:226][147]LogModuleManager: Shutting down and abandoning module HTTP (112)
[2015.01.24-23.19.24:226][147]LogModuleManager: Shutting down and abandoning module AnalyticsET (111)
[2015.01.24-23.19.24:226][147]LogModuleManager: Shutting down and abandoning module Analytics (110)
[2015.01.24-23.19.24:226][147]LogModuleManager: Shutting down and abandoning module AITestSuite (109)
[2015.01.24-23.19.24:226][147]LogModuleManager: Shutting down and abandoning module AIModule (108)
[2015.01.24-23.19.24:226][147]LogModuleManager: Shutting down and abandoning module ProfilerService (107)
[2015.01.24-23.19.24:345][147]LogModuleManager: Shutting down and abandoning module TaskGraph (106)
[2015.01.24-23.19.24:345][147]LogModuleManager: Shutting down and abandoning module GameplayDebugger (105)
[2015.01.24-23.19.24:345][147]LogModuleManager: Shutting down and abandoning module SlateRemote (104)
[2015.01.24-23.19.24:345][147]LogModuleManager: Shutting down and abandoning module ScriptEditorPlugin (103)
[2015.01.24-23.19.24:345][147]LogModuleManager: Shutting down and abandoning module CustomMeshComponent (102)
[2015.01.24-23.19.24:345][147]LogModuleManager: Shutting down and abandoning module CableComponent (101)
[2015.01.24-23.19.24:345][147]LogModuleManager: Shutting down and abandoning module MessagingDebugger (100)
[2015.01.24-23.19.24:345][147]LogModuleManager: Shutting down and abandoning module MediaPlayerEditor (99)
[2015.01.24-23.19.24:345][147]LogModuleManager: Shutting down and abandoning module SpeedTreeImporter (98)
[2015.01.24-23.19.24:345][147]LogModuleManager: Shutting down and abandoning module PluginsEditor (97)
[2015.01.24-23.19.24:345][147]LogModuleManager: Shutting down and abandoning module EpicSurvey (96)
[2015.01.24-23.19.24:345][147]LogModuleManager: Shutting down and abandoning module DesktopPlatform (95)
[2015.01.24-23.19.24:345][147]LogModuleManager: Shutting down and abandoning module VisualStudioSourceCodeAccess (94)
[2015.01.24-23.19.24:345][147]LogModuleManager: Shutting down and abandoning module UObjectPlugin (93)
[2015.01.24-23.19.24:345][147]LogModuleManager: Shutting down and abandoning module SubversionSourceControl (92)
[2015.01.24-23.19.24:345][147]LogModuleManager: Shutting down and abandoning module SourceControl (91)
[2015.01.24-23.19.24:345][147]LogModuleManager: Shutting down and abandoning module PerforceSourceControl (90)
[2015.01.24-23.19.24:345][147]LogModuleManager: Shutting down and abandoning module BlankPlugin (89)
[2015.01.24-23.19.24:345][147]LogModuleManager: Shutting down and abandoning module SlateReflector (88)
[2015.01.24-23.19.24:345][147]LogModuleManager: Shutting down and abandoning module DirectoryWatcher (87)
[2015.01.24-23.19.24:345][147]LogModuleManager: Shutting down and abandoning module HotReload (86)
[2015.01.24-23.19.24:345][147]LogModuleManager: Shutting down and abandoning module MainFrame (85)
[2015.01.24-23.19.24:345][147]LogModuleManager: Shutting down and abandoning module LevelEditor (84)
[2015.01.24-23.19.24:346][147]LogModuleManager: Shutting down and abandoning module ViewportSnapping (83)
[2015.01.24-23.19.24:346][147]LogModuleManager: Shutting down and abandoning module SmartSnapping (82)
[2015.01.24-23.19.24:346][147]LogModuleManager: Shutting down and abandoning module PaperTiledImporter (81)
[2015.01.24-23.19.24:346][147]LogModuleManager: Shutting down and abandoning module PaperJsonImporter (80)
[2015.01.24-23.19.24:346][147]LogModuleManager: Shutting down and abandoning module ContentBrowser (79)
[2015.01.24-23.19.24:346][147]LogModuleManager: Shutting down and abandoning module Paper2DEditor (78)
[2015.01.24-23.19.24:346][147]LogModuleManager: Shutting down and abandoning module ScriptPlugin (77)
[2015.01.24-23.19.24:346][147]LogModuleManager: Shutting down and abandoning module UdpMessaging (76)
[2015.01.24-23.19.24:448][147]LogModuleManager: Shutting down and abandoning module Paper2D (75)
[2015.01.24-23.19.24:448][147]LogModuleManager: Shutting down and abandoning module UE4Game (74)
[2015.01.24-23.19.24:448][147]LogModuleManager: Shutting down and abandoning module WindowsMoviePlayer (73)
[2015.01.24-23.19.24:450][147]LogModuleManager: Shutting down and abandoning module Media (72)
[2015.01.24-23.19.24:450][147]LogModuleManager: Shutting down and abandoning module WmfMedia (71)
[2015.01.24-23.19.24:450][147]LogModuleManager: Shutting down and abandoning module OnlineBlueprintSupport (70)
[2015.01.24-23.19.24:450][147]LogModuleManager: Shutting down and abandoning module PropertyEditor (69)
[2015.01.24-23.19.24:450][147]LogModuleManager: Shutting down and abandoning module BehaviorTreeEditor (68)
[2015.01.24-23.19.24:450][147]LogModuleManager: Shutting down and abandoning module FunctionalTesting (67)
[2015.01.24-23.19.24:450][147]LogModuleManager: Shutting down and abandoning module CollisionAnalyzer (66)
[2015.01.24-23.19.24:450][147]LogModuleManager: Shutting down and abandoning module WorkspaceMenuStructure (65)
[2015.01.24-23.19.24:450][147]LogModuleManager: Shutting down and abandoning module MessageLog (64)
[2015.01.24-23.19.24:450][147]LogModuleManager: Shutting down and abandoning module Sequencer (63)
[2015.01.24-23.19.24:450][147]LogModuleManager: Shutting down and abandoning module AssetTools (62)
[2015.01.24-23.19.24:450][147]LogModuleManager: Shutting down and abandoning module UMGEditor (61)
[2015.01.24-23.19.24:450][147]LogModuleManager: Shutting down and abandoning module UMG (60)
[2015.01.24-23.19.24:450][147]LogModuleManager: Shutting down and abandoning module Slate (59)
[2015.01.24-23.19.24:450][147]LogModuleManager: Shutting down and abandoning module EditorStyle (58)
[2015.01.24-23.19.24:457][147]LogModuleManager: Shutting down and abandoning module SessionServices (57)
[2015.01.24-23.19.24:457][147]LogModuleManager: Shutting down and abandoning module SourceCodeAccess (56)
[2015.01.24-23.19.24:457][147]LogModuleManager: Shutting down and abandoning module HeadMountedDisplay (55)
[2015.01.24-23.19.24:457][147]LogModuleManager: Shutting down and abandoning module XAudio2 (54)
[2015.01.24-23.19.24:457][147]LogModuleManager: Shutting down and abandoning module Networking (52)
[2015.01.24-23.19.24:457][147]LogModuleManager: Shutting down and abandoning module Core (51)
[2015.01.24-23.19.24:457][147]LogModuleManager: Shutting down and abandoning module KismetCompiler (50)
[2015.01.24-23.19.24:457][147]LogModuleManager: Shutting down and abandoning module PhysXFormats (49)
[2015.01.24-23.19.24:457][147]LogModuleManager: Shutting down and abandoning module MeshUtilities (48)
[2015.01.24-23.19.24:457][147]LogModuleManager: Shutting down and abandoning module DerivedDataCache (47)
[2015.01.24-23.19.24:500][147]LogDerivedDataCache: Shutdown
[2015.01.24-23.19.24:500][147]LogModuleManager: Shutting down and abandoning module ShaderFormatOpenGL (46)
[2015.01.24-23.19.24:500][147]LogModuleManager: Shutting down and abandoning module ShaderFormatD3D (45)
[2015.01.24-23.19.24:500][147]LogModuleManager: Shutting down and abandoning module MetalShaderFormat (44)
[2015.01.24-23.19.24:500][147]LogModuleManager: Shutting down and abandoning module TextureFormatUncompressed (43)
[2015.01.24-23.19.24:500][147]LogModuleManager: Shutting down and abandoning module TextureFormatPVR (42)
[2015.01.24-23.19.24:500][147]LogModuleManager: Shutting down and abandoning module TextureFormatDXT (41)
[2015.01.24-23.19.24:500][147]LogModuleManager: Shutting down and abandoning module TextureFormatAndroid (40)
[2015.01.24-23.19.24:500][147]LogModuleManager: Shutting down and abandoning module AudioFormatOpus (39)
[2015.01.24-23.19.24:500][147]LogModuleManager: Shutting down and abandoning module AudioFormatOgg (38)
[2015.01.24-23.19.24:500][147]LogModuleManager: Shutting down and abandoning module AudioFormatADPCM (37)
[2015.01.24-23.19.24:500][147]LogModuleManager: Shutting down and abandoning module LinuxTargetPlatform (36)
[2015.01.24-23.19.24:500][147]LogModuleManager: Shutting down and abandoning module LinuxServerTargetPlatform (35)
[2015.01.24-23.19.24:500][147]LogModuleManager: Shutting down and abandoning module LinuxNoEditorTargetPlatform (34)
[2015.01.24-23.19.24:500][147]LogModuleManager: Shutting down and abandoning module Messaging (33)
[2015.01.24-23.19.24:500][147]LogModuleManager: Shutting down and abandoning module IOSTargetPlatform (32)
[2015.01.24-23.19.24:500][147]LogModuleManager: Shutting down and abandoning module Android_PVRTCTargetPlatform (31)
[2015.01.24-23.19.24:500][147]LogModuleManager: Shutting down and abandoning module Android_ETC2TargetPlatform (30)
[2015.01.24-23.19.24:500][147]LogModuleManager: Shutting down and abandoning module Android_ETC1TargetPlatform (29)
[2015.01.24-23.19.24:500][147]LogModuleManager: Shutting down and abandoning module Android_DXTTargetPlatform (28)
[2015.01.24-23.19.24:500][147]LogModuleManager: Shutting down and abandoning module Android_ATCTargetPlatform (27)
[2015.01.24-23.19.24:500][147]LogModuleManager: Shutting down and abandoning module AndroidTargetPlatform (26)
[2015.01.24-23.19.24:500][147]LogModuleManager: Shutting down and abandoning module WindowsTargetPlatform (25)
[2015.01.24-23.19.24:500][147]LogModuleManager: Shutting down and abandoning module WindowsServerTargetPlatform (24)
[2015.01.24-23.19.24:500][147]LogModuleManager: Shutting down and abandoning module WindowsNoEditorTargetPlatform (23)
[2015.01.24-23.19.24:500][147]LogModuleManager: Shutting down and abandoning module WindowsClientTargetPlatform (22)
[2015.01.24-23.19.24:500][147]LogModuleManager: Shutting down and abandoning module TargetPlatform (21)
[2015.01.24-23.19.24:500][147]LogModuleManager: Shutting down and abandoning module InputCore (20)
[2015.01.24-23.19.24:500][147]LogModuleManager: Shutting down and abandoning module Settings (19)
[2015.01.24-23.19.24:501][147]LogModuleManager: Shutting down and abandoning module ImageWrapper (18)
[2015.01.24-23.19.24:501][147]LogModuleManager: Shutting down and abandoning module OculusRift (15)
[2015.01.24-23.19.24:501][147]LogModuleManager: Shutting down and abandoning module ExampleDeviceProfileSelector (14)
[2015.01.24-23.19.24:501][147]LogModuleManager: Shutting down and abandoning module TextureCompressor (13)
[2015.01.24-23.19.24:501][147]LogModuleManager: Shutting down and abandoning module ShaderCore (12)
[2015.01.24-23.19.24:501][147]LogModuleManager: Shutting down and abandoning module Landscape (11)
[2015.01.24-23.19.24:501][147]LogModuleManager: Shutting down and abandoning module SlateRHIRenderer (10)
[2015.01.24-23.19.24:502][147]LogModuleManager: Shutting down and abandoning module OpenGLDrv (9)
[2015.01.24-23.19.24:502][147]LogModuleManager: Shutting down and abandoning module D3D11RHI (8)
[2015.01.24-23.19.24:502][147]LogModuleManager: Shutting down and abandoning module Renderer (7)
[2015.01.24-23.19.24:502][147]LogModuleManager: Shutting down and abandoning module Engine (6)
[2015.01.24-23.19.24:502][147]LogModuleManager: Shutting down and abandoning module CoreUObject (5)
[2015.01.24-23.19.24:502][147]LogModuleManager: Shutting down and abandoning module NetworkFile (4)
[2015.01.24-23.19.24:502][147]LogModuleManager: Shutting down and abandoning module StreamingFile (3)
[2015.01.24-23.19.24:502][147]LogModuleManager: Shutting down and abandoning module SandboxFile (2)
[2015.01.24-23.19.24:502][147]LogModuleManager: Shutting down and abandoning module PakFile (1)
[2015.01.24-23.19.24:502][147]LogExit: Exiting.
[2015.01.24-23.19.24:540][147]Log file closed, 01/24/15 18:19:24
