Log file open, 01/25/15 23:53:04
LogInit:Display: Running engine for game: KodainaKingdom
LogInit: Version: 4.6.1-2386410+++depot+UE4-Releases+4.6
LogInit: API Version: 2369412
LogInit: Compiled (64-bit): Dec 11 2014 21:31:39
LogInit: Compiled with Visual C++: 18.00.21005.01
LogInit: Build Configuration: Development
LogInit: Branch Name: ++depot+UE4-Releases+4.6
LogInit: Command line:  
LogInit: Base directory: C:/Program Files/UE45/Epic Games/4.6/Engine/Binaries/Win64/
LogInit: Rocket: 1
[2015.01.26-04.53.05:006][  0]LogTaskGraph: Started task graph with 3 named threads and 6 total threads.
[2015.01.26-04.53.05:065][  0]LogOnline:Warning: No default platform service specified for OnlineSubsystem
[2015.01.26-04.53.05:255][  0]LogInit: Presizing for 0 objects not considered by GC, pre-allocating 0 bytes.
[2015.01.26-04.53.05:262][  0]LogInit: Object subsystem initialized
[2015.01.26-04.53.05:264][  0]LogInit: Selected Device Profile: [Windows]
[2015.01.26-04.53.05:264][  0]LogInit: Applying CVar settings loaded from the selected device profile: [Windows]
[2015.01.26-04.53.05:274][  0]LogInit: Computer: ASUS
[2015.01.26-04.53.05:274][  0]LogInit: User: Owner
[2015.01.26-04.53.05:274][  0]LogInit: CPU Page size=4096, Cores=4
[2015.01.26-04.53.05:274][  0]LogInit: High frequency timer resolution =2.338348 MHz
[2015.01.26-04.53.05:274][  0]LogMemory: Memory total: Physical=15.9GB (16GB approx) Virtual=131072.0GB
[2015.01.26-04.53.05:274][  0]LogMemory: Platform Memory Stats for Windows
[2015.01.26-04.53.05:274][  0]LogMemory: Process Physical Memory: 48.86 MB used, 48.86 MB peak
[2015.01.26-04.53.05:274][  0]LogMemory: Process Virtual Memory: 25.03 MB used, 25.03 MB peak
[2015.01.26-04.53.05:274][  0]LogMemory: Physical Memory: 2297.38 MB used, 16267.18 MB total
[2015.01.26-04.53.05:274][  0]LogMemory: Virtual Memory: 274.82 MB used, 134217728.00 MB total
[2015.01.26-04.53.05:335][  0]LogD3D11RHI: Found D3D11 adapter 0: Intel(R) HD Graphics 4600 (Feature Level 11_0)
[2015.01.26-04.53.05:335][  0]LogD3D11RHI: Adapter has 32MB of dedicated video memory, 0MB of dedicated system memory, and 1760MB of shared system memory, 1 output[s]
[2015.01.26-04.53.05:346][  0]LogD3D11RHI: Found D3D11 adapter 1: NVIDIA GeForce GT 750M (Feature Level 11_0)
[2015.01.26-04.53.05:346][  0]LogD3D11RHI: Adapter has 1988MB of dedicated video memory, 0MB of dedicated system memory, and 2048MB of shared system memory, 0 output[s]
[2015.01.26-04.53.05:347][  0]LogD3D11RHI: Found D3D11 adapter 2: Microsoft Basic Render Driver (Feature Level 11_0)
[2015.01.26-04.53.05:347][  0]LogD3D11RHI: Adapter has 0MB of dedicated video memory, 0MB of dedicated system memory, and 256MB of shared system memory, 0 output[s]
[2015.01.26-04.53.05:347][  0]LogD3D11RHI: Chosen D3D11 Adapter Id = 0
[2015.01.26-04.53.05:351][  0]LogRHI: Texture pool is 1361 MB (70% of 1945 MB)
[2015.01.26-04.53.05:363][  0]LogD3D11RHI: Async texture creation enabled
[2015.01.26-04.53.05:886][  0]LogTextLocalizationManager: The requested culture ('en_US') has no localization data; parent culture's ('en') localization data will be used.
[2015.01.26-04.53.06:003][  0]LogContentStreaming: Texture pool size is 0.000000MB
[2015.01.26-04.53.13:899][  0]LogTargetPlatformManager:Display: Building Assets For Windows
[2015.01.26-04.53.14:816][  0]LogTargetPlatformManager:Display: Building Assets For Windows
[2015.01.26-04.53.14:921][  0]LogDerivedDataCache:Display: Max Cache Size: 512 MB
[2015.01.26-04.53.15:688][  0]LogDerivedDataCache: Loaded boot cache 0.74s 39MB C:/Users/Owner/AppData/Local/UnrealEngine/4.6/DerivedDataCache/Boot.ddc.
[2015.01.26-04.53.15:688][  0]LogDerivedDataCache:Display: Loaded Boot cache: C:/Users/Owner/AppData/Local/UnrealEngine/4.6/DerivedDataCache/Boot.ddc
[2015.01.26-04.53.15:689][  0]LogDerivedDataCache: FDerivedDataBackendGraph:  Pak pak cache file ../../../../../../../Users/Owner/Documents/Unreal Projects/Kodaina/DerivedDataCache/DDC.ddp not found, will not use a pak cache.
[2015.01.26-04.53.15:689][  0]LogDerivedDataCache: Unable to find inner node Pak for hierarchical cache Hierarchy.
[2015.01.26-04.53.15:798][  0]LogDerivedDataCache:Display: Pak cache opened for reading ../../../Engine/DerivedDataCache/DDC.ddp.
[2015.01.26-04.53.15:853][  0]LogDerivedDataCache: Using Local data cache path C:/Users/Owner/AppData/Local/UnrealEngine/Common/DerivedDataCache: Writable
[2015.01.26-04.53.19:038][  0]LogCollisionProfile:Warning: Profile (UI) - Custom Channel Name = 'Weapon' hasn't been found
[2015.01.26-04.53.19:979][  0]LogMeshUtilities: No automatic mesh reduction module available
[2015.01.26-04.53.19:979][  0]LogMeshUtilities: No automatic mesh merging module available
[2015.01.26-04.53.22:489][  0]LogInit: WinSock: version 1.1 (2.2), MaxSocks=32767, MaxUdp=65467
[2015.01.26-04.53.22:748][  0]LogSlate:Warning: Failed to load font data from '../../../Engine/Content/Slate/Fonts/Roboto-Italic.ttf'
[2015.01.26-04.53.46:793][  0]UdpMessaging: Initializing bridge on interface 0.0.0.0:0 to multicast group 230.0.0.1:6666.
[2015.01.26-04.53.47:566][  0]LogDirectoryWatcher:Warning: Failed to begin reading directory changes for C:/Users/Owner/Documents/Unreal Projects/Kodaina/Binaries/Win64. Error: 0
[2015.01.26-04.53.48:411][  0]SourceControl: Info Source control is disabled
[2015.01.26-04.53.48:411][  0]SourceControl: Info Source control is disabled
[2015.01.26-04.53.48:423][  0]SourceControl: Info Source control is disabled
[2015.01.26-04.53.49:360][  0]LogObj: 23754 objects as part of root set at end of initial load.
[2015.01.26-04.53.49:360][  0]LogUObjectAllocator: 5168136 out of 0 bytes used by permanent object pool.
[2015.01.26-04.53.49:486][  0]LogEngine: Initializing Engine...
[2015.01.26-04.53.50:142][  0]LogInit: XAudio2 using 'Speakers (Realtek High Definition Audio)' : 2 channels at 48 kHz using 32 bits per sample (channel mask 0x3)
[2015.01.26-04.53.50:328][  0]LogInit: FAudioDevice initialized.
[2015.01.26-04.53.50:387][  0]LogAIModule: Creating AISystem for world NewWorld
[2015.01.26-04.53.50:408][  0]LogDerivedDataCache: Saved boot cache 0.02s 39MB C:/Users/Owner/AppData/Local/UnrealEngine/4.6/DerivedDataCache/Boot.ddc.
[2015.01.26-04.53.50:412][  0]LogInit: Texture streaming: Enabled
[2015.01.26-04.53.50:561][  0]LogAnalytics: Creating configured Analytics provider AnalyticsET
[2015.01.26-04.53.50:561][  0]LogAnalytics: ET APIKey = Rocket.Release. APIServer = http://et2.epicgames.com/ET2/. AppVersion = 4.6.1-2386410+++depot+UE4-Releases+4.6
[2015.01.26-04.53.50:562][  0]LogAnalytics: SetUserId d53fbd01599cddc5eda2e5a33cd9f114
[2015.01.26-04.53.50:562][  0]LogAnalytics: AnalyticsET::StartSession [Rocket.Release]
[2015.01.26-04.53.50:609][  0]LogInit: Transaction tracking system initialized
[2015.01.26-04.53.51:013][  0]BlueprintLog: New page: Editor Load
[2015.01.26-04.53.51:172][  0]LogAssetRegistry: FAssetRegistry took 0.0109 seconds to start up
[2015.01.26-04.53.51:172][  0]LogDirectoryWatcher:Warning: Failed to begin reading directory changes for ../../../Engine/Plugins/Experimental/CharacterAI/Content/. Error: 0
[2015.01.26-04.53.53:046][  0]LogTargetPlatformManager:Display: Building Assets For Windows
[2015.01.26-04.53.53:446][  0]LogTargetPlatformManager:Display: Building Assets For Windows
[2015.01.26-04.53.56:011][  0]LogConsoleResponse:Display: 
[2015.01.26-04.53.57:292][  0]LogLinker:Warning: Asset '../../../Engine/Content/Functions/Engine_MaterialFunctions03/Procedurals/ComputeFilterWidth.uasset' has been saved with empty engine version. The asset will be loaded but may be incompatible.
[2015.01.26-04.53.59:546][  0]SourceControl: Info Source control is disabled
[2015.01.26-04.53.59:546][  0]Cmd: MAP LOAD FILE="../../../../../../../Users/Owner/Documents/Unreal Projects/Kodaina/Content/Maps/TestLevel.umap" TEMPLATE=0 SHOWPROGRESS=1
[2015.01.26-04.53.59:623][  0]LightingResults: New page: Lighting Build
[2015.01.26-04.53.59:638][  0]MapCheck: New page: Map Check
[2015.01.26-04.53.59:638][  0]LightingResults: New page: Lighting Build
[2015.01.26-04.53.59:645][  0]LogParticles: Destroying 0 GPU particle simulations for FXSystem 0x0000005E63D55940
[2015.01.26-04.54.01:318][  0]LogEditorServer: Finished looking for orphan Actors (0.000 secs)
[2015.01.26-04.54.01:318][  0]LogAIModule: Creating AISystem for world TestLevel
[2015.01.26-04.54.01:318][  0]Cmd: MAP CHECKDEP
[2015.01.26-04.54.01:318][  0]MapCheck: New page: TestLevel - Jan 25, 2015, 6:54:01 PM
[2015.01.26-04.54.01:496][  0]MapCheck: Info Map check complete: 0 Error(s), 0 Warning(s), took 176.827ms to complete.
[2015.01.26-04.54.01:496][  0]LogFileHelpers: Loading map 'TestLevel' took 1.950
[2015.01.26-04.54.01:757][  0]LogCollectionManager: Loaded 0 collections in 0.001598 seconds
[2015.01.26-04.54.02:931][  0]LogCrashTracker: Crashtracker disabled due to settings.
[2015.01.26-04.54.02:986][  0]LogUObjectGlobals:Warning: Failed to find object 'Class None.'
[2015.01.26-04.54.03:015][  0]LogLoad: Full Startup: 61.91 seconds (BP compile: 0.01 seconds)
[2015.01.26-04.54.03:357][  0]LogContentBrowser:Verbose: The content browser source was changed by the sources view to '/Game/Blueprints'
[2015.01.26-04.54.03:803][  0]LogRenderer:Warning: Reallocating scene render targets to support 1200x904.
[2015.01.26-04.54.05:536][  4]LogAssetRegistry: Asset discovery search completed in 14.3750 seconds
[2015.01.26-04.54.34:238][145]LogPropertyNode:Warning: UI Min (0.001) >= UI Max () for Ranged Numeric
[2015.01.26-04.54.34:331][145]LogPropertyNode:Warning: UI Min (0.001) >= UI Max () for Ranged Numeric
[2015.01.26-04.54.34:496][145]LogPropertyNode:Warning: UI Min (0.001) >= UI Max () for Ranged Numeric
[2015.01.26-04.54.34:497][145]LogPropertyNode:Warning: UI Min (0.001) >= UI Max () for Ranged Numeric
[2015.01.26-04.55.53:263][ 91]BlueprintLog: New page: Compile MyCharacter
[2015.01.26-04.55.53:540][ 91]LogPropertyNode:Warning: UI Min (0.001) >= UI Max () for Ranged Numeric
[2015.01.26-04.55.53:541][ 91]LogPropertyNode:Warning: UI Min (0.001) >= UI Max () for Ranged Numeric
[2015.01.26-04.55.53:634][ 91]LogActorComponent: UnregisterComponent: (/Engine/Transient.CharacterMovementComponent_0) Not registered. Aborting.
[2015.01.26-04.55.53:773][ 91]LogPropertyNode:Warning: UI Min (0.001) >= UI Max () for Ranged Numeric
[2015.01.26-04.55.53:773][ 91]LogPropertyNode:Warning: UI Min (0.001) >= UI Max () for Ranged Numeric
[2015.01.26-04.55.53:808][ 91]BlueprintEditorCompileResults: Info [0172.71] Compile of MyCharacter successful! [in 377 ms]
[2015.01.26-04.55.56:827][212]BlueprintLog: New page: Pre-PIE auto-recompile
[2015.01.26-04.55.56:834][212]LogPlayLevel: [PIE] Compiling Enemy before PIE...
[2015.01.26-04.55.57:044][212]LogPropertyNode:Warning: UI Min (0.001) >= UI Max () for Ranged Numeric
[2015.01.26-04.55.57:044][212]LogPropertyNode:Warning: UI Min (0.001) >= UI Max () for Ranged Numeric
[2015.01.26-04.55.57:063][212]LogActorComponent: UnregisterComponent: (/Engine/Transient.CharacterMovementComponent_1) Not registered. Aborting.
[2015.01.26-04.55.57:074][212]LogPlayLevel: [PIE] Compiling Tutorial_BP_MacroLib before PIE...
[2015.01.26-04.55.57:159][212]LogPlayLevel: [PIE] Compiling TestLevel before PIE...
[2015.01.26-04.55.57:211][212]LogPlayLevel: [PIE] Compiling RollingMovingHUD before PIE...
[2015.01.26-04.55.57:326][212]LogPropertyNode:Warning: UI Min (0.001) >= UI Max () for Ranged Numeric
[2015.01.26-04.55.57:326][212]LogPropertyNode:Warning: UI Min (0.001) >= UI Max () for Ranged Numeric
[2015.01.26-04.55.57:358][212]LogPlayLevel: [PIE] Compiling BattleHUD before PIE...
[2015.01.26-04.55.57:590][212]LogPropertyNode:Warning: UI Min (0.001) >= UI Max () for Ranged Numeric
[2015.01.26-04.55.57:590][212]LogPropertyNode:Warning: UI Min (0.001) >= UI Max () for Ranged Numeric
[2015.01.26-04.55.57:642][212]LogPropertyNode:Warning: UI Min (0.001) >= UI Max () for Ranged Numeric
[2015.01.26-04.55.57:642][212]LogPropertyNode:Warning: UI Min (0.001) >= UI Max () for Ranged Numeric
[2015.01.26-04.55.57:661][212]LogPlayLevel: [PIE] Compiling MyCharacter before PIE...
[2015.01.26-04.55.57:907][212]LogPropertyNode:Warning: UI Min (0.001) >= UI Max () for Ranged Numeric
[2015.01.26-04.55.57:907][212]LogPropertyNode:Warning: UI Min (0.001) >= UI Max () for Ranged Numeric
[2015.01.26-04.55.58:006][212]LogPropertyNode:Warning: UI Min (0.001) >= UI Max () for Ranged Numeric
[2015.01.26-04.55.58:007][212]LogPropertyNode:Warning: UI Min (0.001) >= UI Max () for Ranged Numeric
[2015.01.26-04.55.58:091][212]LogPlayLevel: PIE:  Blueprint regeneration took 1264 ms (6 blueprints)
[2015.01.26-04.55.58:092][212]PIE: New page: PIE session: TestLevel (Jan 25, 2015, 6:55:58 PM)
[2015.01.26-04.55.58:094][212]LogPlayLevel: PIE: StaticDuplicateObject took: (0.002482s)
[2015.01.26-04.55.58:095][212]LogPlayLevel: PIE: World Init took: (0.000478s)
[2015.01.26-04.55.58:095][212]LogPlayLevel: PIE: Created PIE world by copying editor world from /Game/Maps/TestLevel.TestLevel to /Game/Maps/UEDPIE_0_TestLevel.TestLevel (0.003094s)
[2015.01.26-04.55.58:248][212]LogWorld: Game class is 'Kodaina_C'
[2015.01.26-04.55.58:249][212]LogAIModule: Creating AISystem for world TestLevel
[2015.01.26-04.55.58:251][212]LogWorld: Bringing World /Game/Maps/UEDPIE_0_TestLevel.TestLevel up for play (max tick rate 60) at 2015.01.25-23.55.58
[2015.01.26-04.55.58:251][212]LogWorld: Bringing up level for play took: 0.001664
[2015.01.26-04.55.58:258][212]PIE: Info Play in editor start time for /Game/Maps/UEDPIE_0_TestLevel 2.354
[2015.01.26-04.56.15:296][867]LogActorComponent: UnregisterComponent: (/Engine/Transient.CharacterMovementComponent_2) Not registered. Aborting.
[2015.01.26-04.56.15:344][867]LogParticles: Destroying 0 GPU particle simulations for FXSystem 0x0000005E6EC53A60
[2015.01.26-04.56.28:700][323]LogActorComponent: UnregisterComponent: (/Engine/Transient.CharacterMovementComponent_3) Not registered. Aborting.
[2015.01.26-04.56.28:837][323]Cmd: OBJ SAVEPACKAGE PACKAGE="/Game/Blueprints/MyCharacter" FILE="../../../../../../../Users/Owner/Documents/Unreal Projects/Kodaina/Content/Blueprints/MyCharacter.uasset" SILENT=true
[2015.01.26-04.56.29:479][323]LogSavePackage: Save=377.004608ms
[2015.01.26-04.56.29:479][323]LogSavePackage: Moving '../../../../../../../Users/Owner/Documents/Unreal Projects/Kodaina/Saved/MyCharacterB7EF5B9E48C3FF0D511278A33086B11E.tmp' to '../../../../../../../Users/Owner/Documents/Unreal Projects/Kodaina/Content/Blueprints/MyCharacter.uasset'
[2015.01.26-04.56.37:179][529]BlueprintLog: New page: Pre-PIE auto-recompile
[2015.01.26-04.56.37:186][529]LogPlayLevel: [PIE] Compiling Enemy before PIE...
[2015.01.26-04.56.37:444][529]LogPropertyNode:Warning: UI Min (0.001) >= UI Max () for Ranged Numeric
[2015.01.26-04.56.37:445][529]LogPropertyNode:Warning: UI Min (0.001) >= UI Max () for Ranged Numeric
[2015.01.26-04.56.37:463][529]LogActorComponent: UnregisterComponent: (/Engine/Transient.CharacterMovementComponent_4) Not registered. Aborting.
[2015.01.26-04.56.37:499][529]LogPropertyNode:Warning: UI Min (0.001) >= UI Max () for Ranged Numeric
[2015.01.26-04.56.37:500][529]LogPropertyNode:Warning: UI Min (0.001) >= UI Max () for Ranged Numeric
[2015.01.26-04.56.37:518][529]LogPlayLevel: [PIE] Compiling MyCharacter before PIE...
[2015.01.26-04.56.37:752][529]LogPropertyNode:Warning: UI Min (0.001) >= UI Max () for Ranged Numeric
[2015.01.26-04.56.37:752][529]LogPropertyNode:Warning: UI Min (0.001) >= UI Max () for Ranged Numeric
[2015.01.26-04.56.37:849][529]LogPropertyNode:Warning: UI Min (0.001) >= UI Max () for Ranged Numeric
[2015.01.26-04.56.37:849][529]LogPropertyNode:Warning: UI Min (0.001) >= UI Max () for Ranged Numeric
[2015.01.26-04.56.37:883][529]LogPlayLevel: [PIE] Compiling TestLevel before PIE...
[2015.01.26-04.56.37:930][529]LogPlayLevel: [PIE] Compiling RollingMovingHUD before PIE...
[2015.01.26-04.56.38:040][529]LogPropertyNode:Warning: UI Min (0.001) >= UI Max () for Ranged Numeric
[2015.01.26-04.56.38:040][529]LogPropertyNode:Warning: UI Min (0.001) >= UI Max () for Ranged Numeric
[2015.01.26-04.56.38:072][529]LogPlayLevel: [PIE] Compiling BattleHUD before PIE...
[2015.01.26-04.56.38:314][529]LogPropertyNode:Warning: UI Min (0.001) >= UI Max () for Ranged Numeric
[2015.01.26-04.56.38:315][529]LogPropertyNode:Warning: UI Min (0.001) >= UI Max () for Ranged Numeric
[2015.01.26-04.56.38:392][529]LogPlayLevel: PIE:  Blueprint regeneration took 1213 ms (5 blueprints)
[2015.01.26-04.56.38:392][529]PIE: New page: PIE session: TestLevel (Jan 25, 2015, 6:56:38 PM)
[2015.01.26-04.56.38:395][529]LogPlayLevel: PIE: StaticDuplicateObject took: (0.002511s)
[2015.01.26-04.56.38:396][529]LogPlayLevel: PIE: World Init took: (0.000495s)
[2015.01.26-04.56.38:396][529]LogPlayLevel: PIE: Created PIE world by copying editor world from /Game/Maps/TestLevel.TestLevel to /Game/Maps/UEDPIE_0_TestLevel.TestLevel (0.003141s)
[2015.01.26-04.56.38:433][529]LogWorld: Game class is 'Kodaina_C'
[2015.01.26-04.56.38:435][529]LogAIModule: Creating AISystem for world TestLevel
[2015.01.26-04.56.38:437][529]LogWorld: Bringing World /Game/Maps/UEDPIE_0_TestLevel.TestLevel up for play (max tick rate 60) at 2015.01.25-23.56.38
[2015.01.26-04.56.38:438][529]LogWorld: Bringing up level for play took: 0.002550
[2015.01.26-04.56.38:449][529]PIE: Info Play in editor start time for /Game/Maps/UEDPIE_0_TestLevel 0.544
[2015.01.26-04.56.56:600][297]LogActorComponent: UnregisterComponent: (/Engine/Transient.CharacterMovementComponent_5) Not registered. Aborting.
[2015.01.26-04.56.56:639][297]LogParticles: Destroying 0 GPU particle simulations for FXSystem 0x0000005E75BABA60
[2015.01.26-04.56.57:656][350]Cmd: OBJ SAVEPACKAGE PACKAGE="/Game/Blueprints/MyCharacter" FILE="../../../../../../../Users/Owner/Documents/Unreal Projects/Kodaina/Content/Blueprints/MyCharacter.uasset" SILENT=true
[2015.01.26-04.56.58:292][350]LogSavePackage: Save=376.975983ms
[2015.01.26-04.56.58:292][350]LogSavePackage: Moving '../../../../../../../Users/Owner/Documents/Unreal Projects/Kodaina/Saved/MyCharacter09A238A04BEE9F61B15E93855D618932.tmp' to '../../../../../../../Users/Owner/Documents/Unreal Projects/Kodaina/Content/Blueprints/MyCharacter.uasset'
[2015.01.26-04.57.55:479][744]BlueprintLog: New page: Compile MyCharacter
[2015.01.26-04.57.55:753][744]LogPropertyNode:Warning: UI Min (0.001) >= UI Max () for Ranged Numeric
[2015.01.26-04.57.55:754][744]LogPropertyNode:Warning: UI Min (0.001) >= UI Max () for Ranged Numeric
[2015.01.26-04.57.55:824][744]LogActorComponent: UnregisterComponent: (/Engine/Transient.CharacterMovementComponent_6) Not registered. Aborting.
[2015.01.26-04.57.55:946][744]LogPropertyNode:Warning: UI Min (0.001) >= UI Max () for Ranged Numeric
[2015.01.26-04.57.55:947][744]LogPropertyNode:Warning: UI Min (0.001) >= UI Max () for Ranged Numeric
[2015.01.26-04.57.55:978][744]BlueprintEditorCompileResults: Info [0294.88] Compile of MyCharacter successful! [in 325 ms]
[2015.01.26-04.57.58:634][842]BlueprintLog: New page: Pre-PIE auto-recompile
[2015.01.26-04.57.58:640][842]LogPlayLevel: [PIE] Compiling Enemy before PIE...
[2015.01.26-04.57.58:846][842]LogPropertyNode:Warning: UI Min (0.001) >= UI Max () for Ranged Numeric
[2015.01.26-04.57.58:847][842]LogPropertyNode:Warning: UI Min (0.001) >= UI Max () for Ranged Numeric
[2015.01.26-04.57.58:865][842]LogActorComponent: UnregisterComponent: (/Engine/Transient.CharacterMovementComponent_7) Not registered. Aborting.
[2015.01.26-04.57.58:877][842]LogPlayLevel: [PIE] Compiling TestLevel before PIE...
[2015.01.26-04.57.58:918][842]LogPlayLevel: [PIE] Compiling RollingMovingHUD before PIE...
[2015.01.26-04.57.59:049][842]LogPropertyNode:Warning: UI Min (0.001) >= UI Max () for Ranged Numeric
[2015.01.26-04.57.59:050][842]LogPropertyNode:Warning: UI Min (0.001) >= UI Max () for Ranged Numeric
[2015.01.26-04.57.59:082][842]LogPlayLevel: [PIE] Compiling BattleHUD before PIE...
[2015.01.26-04.57.59:304][842]LogPropertyNode:Warning: UI Min (0.001) >= UI Max () for Ranged Numeric
[2015.01.26-04.57.59:305][842]LogPropertyNode:Warning: UI Min (0.001) >= UI Max () for Ranged Numeric
[2015.01.26-04.57.59:381][842]LogPropertyNode:Warning: UI Min (0.001) >= UI Max () for Ranged Numeric
[2015.01.26-04.57.59:381][842]LogPropertyNode:Warning: UI Min (0.001) >= UI Max () for Ranged Numeric
[2015.01.26-04.57.59:400][842]LogPlayLevel: [PIE] Compiling MyCharacter before PIE...
[2015.01.26-04.57.59:691][842]LogPropertyNode:Warning: UI Min (0.001) >= UI Max () for Ranged Numeric
[2015.01.26-04.57.59:691][842]LogPropertyNode:Warning: UI Min (0.001) >= UI Max () for Ranged Numeric
[2015.01.26-04.57.59:819][842]LogPropertyNode:Warning: UI Min (0.001) >= UI Max () for Ranged Numeric
[2015.01.26-04.57.59:820][842]LogPropertyNode:Warning: UI Min (0.001) >= UI Max () for Ranged Numeric
[2015.01.26-04.57.59:907][842]LogPlayLevel: PIE:  Blueprint regeneration took 1272 ms (5 blueprints)
[2015.01.26-04.57.59:907][842]PIE: New page: PIE session: TestLevel (Jan 25, 2015, 6:57:59 PM)
[2015.01.26-04.57.59:911][842]LogPlayLevel: PIE: StaticDuplicateObject took: (0.002872s)
[2015.01.26-04.57.59:911][842]LogPlayLevel: PIE: World Init took: (0.000485s)
[2015.01.26-04.57.59:911][842]LogPlayLevel: PIE: Created PIE world by copying editor world from /Game/Maps/TestLevel.TestLevel to /Game/Maps/UEDPIE_0_TestLevel.TestLevel (0.003503s)
[2015.01.26-04.57.59:953][842]LogWorld: Game class is 'Kodaina_C'
[2015.01.26-04.57.59:956][842]LogAIModule: Creating AISystem for world TestLevel
[2015.01.26-04.57.59:958][842]LogWorld: Bringing World /Game/Maps/UEDPIE_0_TestLevel.TestLevel up for play (max tick rate 60) at 2015.01.25-23.57.59
[2015.01.26-04.57.59:958][842]LogWorld: Bringing up level for play took: 0.002505
[2015.01.26-04.57.59:966][842]PIE: Info Play in editor start time for /Game/Maps/UEDPIE_0_TestLevel 2.062
[2015.01.26-04.58.05:490][ 49]LogActorComponent: UnregisterComponent: (/Engine/Transient.CharacterMovementComponent_8) Not registered. Aborting.
[2015.01.26-04.58.05:536][ 49]LogParticles: Destroying 0 GPU particle simulations for FXSystem 0x0000005E7CDADF80
[2015.01.26-04.58.06:753][118]BlueprintLog: New page: Pre-PIE auto-recompile
[2015.01.26-04.58.06:760][118]LogPlayLevel: [PIE] Compiling Enemy before PIE...
[2015.01.26-04.58.06:998][118]LogPropertyNode:Warning: UI Min (0.001) >= UI Max () for Ranged Numeric
[2015.01.26-04.58.06:998][118]LogPropertyNode:Warning: UI Min (0.001) >= UI Max () for Ranged Numeric
[2015.01.26-04.58.07:029][118]LogPlayLevel: [PIE] Compiling TestLevel before PIE...
[2015.01.26-04.58.07:091][118]LogPlayLevel: [PIE] Compiling RollingMovingHUD before PIE...
[2015.01.26-04.58.07:246][118]LogPropertyNode:Warning: UI Min (0.001) >= UI Max () for Ranged Numeric
[2015.01.26-04.58.07:247][118]LogPropertyNode:Warning: UI Min (0.001) >= UI Max () for Ranged Numeric
[2015.01.26-04.58.07:279][118]LogPlayLevel: [PIE] Compiling BattleHUD before PIE...
[2015.01.26-04.58.07:517][118]LogPropertyNode:Warning: UI Min (0.001) >= UI Max () for Ranged Numeric
[2015.01.26-04.58.07:518][118]LogPropertyNode:Warning: UI Min (0.001) >= UI Max () for Ranged Numeric
[2015.01.26-04.58.07:593][118]LogPropertyNode:Warning: UI Min (0.001) >= UI Max () for Ranged Numeric
[2015.01.26-04.58.07:594][118]LogPropertyNode:Warning: UI Min (0.001) >= UI Max () for Ranged Numeric
[2015.01.26-04.58.07:613][118]LogPlayLevel: [PIE] Compiling MyCharacter before PIE...
[2015.01.26-04.58.07:865][118]LogPropertyNode:Warning: UI Min (0.001) >= UI Max () for Ranged Numeric
[2015.01.26-04.58.07:866][118]LogPropertyNode:Warning: UI Min (0.001) >= UI Max () for Ranged Numeric
[2015.01.26-04.58.07:985][118]LogPropertyNode:Warning: UI Min (0.001) >= UI Max () for Ranged Numeric
[2015.01.26-04.58.07:986][118]LogPropertyNode:Warning: UI Min (0.001) >= UI Max () for Ranged Numeric
[2015.01.26-04.58.08:064][118]LogPlayLevel: PIE:  Blueprint regeneration took 1311 ms (5 blueprints)
[2015.01.26-04.58.08:065][118]PIE: New page: PIE session: TestLevel (Jan 25, 2015, 6:58:08 PM)
[2015.01.26-04.58.08:067][118]LogPlayLevel: PIE: StaticDuplicateObject took: (0.002444s)
[2015.01.26-04.58.08:068][118]LogPlayLevel: PIE: World Init took: (0.000429s)
[2015.01.26-04.58.08:068][118]LogPlayLevel: PIE: Created PIE world by copying editor world from /Game/Maps/TestLevel.TestLevel to /Game/Maps/UEDPIE_0_TestLevel.TestLevel (0.002997s)
[2015.01.26-04.58.08:107][118]LogWorld: Game class is 'Kodaina_C'
[2015.01.26-04.58.08:110][118]LogAIModule: Creating AISystem for world TestLevel
[2015.01.26-04.58.08:111][118]LogWorld: Bringing World /Game/Maps/UEDPIE_0_TestLevel.TestLevel up for play (max tick rate 60) at 2015.01.25-23.58.08
[2015.01.26-04.58.08:111][118]LogWorld: Bringing up level for play took: 0.001655
[2015.01.26-04.58.08:120][118]PIE: Info Play in editor start time for /Game/Maps/UEDPIE_0_TestLevel 2.216
[2015.01.26-04.58.23:420][747]LogActorComponent: UnregisterComponent: (/Engine/Transient.CharacterMovementComponent_9) Not registered. Aborting.
[2015.01.26-04.58.23:466][747]LogParticles: Destroying 0 GPU particle simulations for FXSystem 0x0000005E033F02C0
[2015.01.26-04.58.24:348][792]Cmd: OBJ SAVEPACKAGE PACKAGE="/Game/Blueprints/MyCharacter" FILE="../../../../../../../Users/Owner/Documents/Unreal Projects/Kodaina/Content/Blueprints/MyCharacter.uasset" SILENT=true
[2015.01.26-04.58.24:977][792]LogSavePackage: Save=373.370422ms
[2015.01.26-04.58.24:977][792]LogSavePackage: Moving '../../../../../../../Users/Owner/Documents/Unreal Projects/Kodaina/Saved/MyCharacterC865599844420BD248EF7789EF607945.tmp' to '../../../../../../../Users/Owner/Documents/Unreal Projects/Kodaina/Content/Blueprints/MyCharacter.uasset'
[2015.01.26-05.00.18:177][583]LogActorComponent: UnregisterComponent: (/Engine/Transient.CharacterMovementComponent_10) Not registered. Aborting.
[2015.01.26-05.00.18:860][584]Cmd: QUIT_EDITOR
[2015.01.26-05.00.19:189][584]LogExit: Preparing to exit.
[2015.01.26-05.00.20:191][584]LogExit: Editor shut down
[2015.01.26-05.00.20:191][584]LogExit: Transaction tracking system shut down
[2015.01.26-05.00.20:192][584]LogParticles: Destroying 0 GPU particle simulations for FXSystem 0x0000005E6152A200
[2015.01.26-05.00.20:192][584]LogParticles: Destroying 0 GPU particle simulations for FXSystem 0x0000005E6081E020
[2015.01.26-05.00.20:194][584]LogParticles: Destroying 0 GPU particle simulations for FXSystem 0x0000005E74C2FE20
[2015.01.26-05.00.20:242][584]LogExit: Object subsystem successfully closed.
[2015.01.26-05.00.20:323][584]LogModuleManager: Shutting down and abandoning module AndroidDeviceDetection (172)
[2015.01.26-05.00.20:323][584]LogModuleManager: Shutting down and abandoning module CrashTracker (171)
[2015.01.26-05.00.20:323][584]LogModuleManager: Shutting down and abandoning module SuperSearch (170)
[2015.01.26-05.00.20:323][584]LogModuleManager: Shutting down and abandoning module SceneOutliner (169)
[2015.01.26-05.00.20:323][584]LogModuleManager: Shutting down and abandoning module EditorWidgets (168)
[2015.01.26-05.00.20:323][584]LogModuleManager: Shutting down and abandoning module CollectionManager (167)
[2015.01.26-05.00.20:323][584]LogModuleManager: Shutting down and abandoning module StatsViewer (166)
[2015.01.26-05.00.20:323][584]LogModuleManager: Shutting down and abandoning module FoliageEdit (165)
[2015.01.26-05.00.20:323][584]LogModuleManager: Shutting down and abandoning module LandscapeEditor (164)
[2015.01.26-05.00.20:323][584]LogModuleManager: Shutting down and abandoning module MeshPaint (163)
[2015.01.26-05.00.20:323][584]LogModuleManager: Shutting down and abandoning module ActorPickerMode (162)
[2015.01.26-05.00.20:323][584]LogModuleManager: Shutting down and abandoning module GeometryMode (161)
[2015.01.26-05.00.20:323][584]LogModuleManager: Shutting down and abandoning module TextureAlignMode (160)
[2015.01.26-05.00.20:323][584]LogModuleManager: Shutting down and abandoning module BspMode (159)
[2015.01.26-05.00.20:323][584]LogModuleManager: Shutting down and abandoning module PlacementMode (158)
[2015.01.26-05.00.20:323][584]LogModuleManager: Shutting down and abandoning module AutomationWorker (157)
[2015.01.26-05.00.20:323][584]LogModuleManager: Shutting down and abandoning module CharacterAI (156)
[2015.01.26-05.00.20:323][584]LogModuleManager: Shutting down and abandoning module GameProjectGeneration (155)
[2015.01.26-05.00.20:323][584]LogModuleManager: Shutting down and abandoning module IntroTutorials (154)
[2015.01.26-05.00.20:323][584]LogModuleManager: Shutting down and abandoning module EditorLiveStreaming (153)
[2015.01.26-05.00.20:323][584]LogModuleManager: Shutting down and abandoning module HardwareTargeting (152)
[2015.01.26-05.00.20:323][584]LogModuleManager: Shutting down and abandoning module DeviceProfileEditor (151)
[2015.01.26-05.00.20:323][584]LogModuleManager: Shutting down and abandoning module UndoHistory (150)
[2015.01.26-05.00.20:323][584]LogModuleManager: Shutting down and abandoning module GameplayTagsEditor (149)
[2015.01.26-05.00.20:323][584]LogModuleManager: Shutting down and abandoning module UserFeedback (148)
[2015.01.26-05.00.20:323][584]LogModuleManager: Shutting down and abandoning module XmlParser (147)
[2015.01.26-05.00.20:323][584]LogModuleManager: Shutting down and abandoning module Blutility (146)
[2015.01.26-05.00.20:323][584]LogModuleManager: Shutting down and abandoning module IOSPlatformEditor (145)
[2015.01.26-05.00.20:323][584]LogModuleManager: Shutting down and abandoning module IOSRuntimeSettings (144)
[2015.01.26-05.00.20:323][584]LogModuleManager: Shutting down and abandoning module AndroidPlatformEditor (143)
[2015.01.26-05.00.20:323][584]LogModuleManager: Shutting down and abandoning module AndroidRuntimeSettings (142)
[2015.01.26-05.00.20:323][584]LogModuleManager: Shutting down and abandoning module ProjectTargetPlatformEditor (141)
[2015.01.26-05.00.20:324][584]LogModuleManager: Shutting down and abandoning module ProjectSettingsViewer (140)
[2015.01.26-05.00.20:324][584]LogModuleManager: Shutting down and abandoning module InputBindingEditor (139)
[2015.01.26-05.00.20:324][584]LogModuleManager: Shutting down and abandoning module EditorSettingsViewer (138)
[2015.01.26-05.00.20:324][584]LogModuleManager: Shutting down and abandoning module SettingsEditor (137)
[2015.01.26-05.00.20:324][584]LogModuleManager: Shutting down and abandoning module ProjectLauncher (136)
[2015.01.26-05.00.20:324][584]LogModuleManager: Shutting down and abandoning module SessionFrontend (135)
[2015.01.26-05.00.20:324][584]LogModuleManager: Shutting down and abandoning module ProfilerClient (134)
[2015.01.26-05.00.20:324][584]LogModuleManager: Shutting down and abandoning module TargetDeviceServices (133)
[2015.01.26-05.00.20:324][584]LogModuleManager: Shutting down and abandoning module DeviceManager (132)
[2015.01.26-05.00.20:324][584]LogModuleManager: Shutting down and abandoning module AutomationController (131)
[2015.01.26-05.00.20:324][584]LogModuleManager: Shutting down and abandoning module AutomationWindow (130)
[2015.01.26-05.00.20:324][584]LogModuleManager: Shutting down and abandoning module Layers (129)
[2015.01.26-05.00.20:324][584]LogModuleManager: Shutting down and abandoning module ComponentVisualizers (128)
[2015.01.26-05.00.20:324][584]LogModuleManager: Shutting down and abandoning module DetailCustomizations (127)
[2015.01.26-05.00.20:324][584]LogModuleManager: Shutting down and abandoning module PackagesDialog (126)
[2015.01.26-05.00.20:324][584]LogModuleManager: Shutting down and abandoning module AssetRegistry (125)
[2015.01.26-05.00.20:385][584]LogModuleManager: Shutting down and abandoning module Persona (124)
[2015.01.26-05.00.20:385][584]LogModuleManager: Shutting down and abandoning module Kismet (123)
[2015.01.26-05.00.20:385][584]LogModuleManager: Shutting down and abandoning module GraphEditor (122)
[2015.01.26-05.00.20:385][584]LogModuleManager: Shutting down and abandoning module ClassViewer (121)
[2015.01.26-05.00.20:385][584]LogModuleManager: Shutting down and abandoning module Toolbox (120)
[2015.01.26-05.00.20:385][584]LogModuleManager: Shutting down and abandoning module ModuleUI (119)
[2015.01.26-05.00.20:385][584]LogModuleManager: Shutting down and abandoning module MovieSceneTools (118)
[2015.01.26-05.00.20:385][584]LogModuleManager: Shutting down and abandoning module OutputLog (117)
[2015.01.26-05.00.20:385][584]LogModuleManager: Shutting down and abandoning module GammaUI (116)
[2015.01.26-05.00.20:385][584]LogModuleManager: Shutting down and abandoning module Documentation (115)
[2015.01.26-05.00.20:385][584]LogModuleManager: Shutting down and abandoning module GameLiveStreaming (114)
[2015.01.26-05.00.20:385][584]LogModuleManager: Shutting down and abandoning module StreamingPauseRendering (113)
[2015.01.26-05.00.20:385][584]LogModuleManager: Shutting down and abandoning module HTTP (112)
[2015.01.26-05.00.20:385][584]LogModuleManager: Shutting down and abandoning module AnalyticsET (111)
[2015.01.26-05.00.20:385][584]LogModuleManager: Shutting down and abandoning module Analytics (110)
[2015.01.26-05.00.20:385][584]LogModuleManager: Shutting down and abandoning module AITestSuite (109)
[2015.01.26-05.00.20:385][584]LogModuleManager: Shutting down and abandoning module AIModule (108)
[2015.01.26-05.00.20:385][584]LogModuleManager: Shutting down and abandoning module ProfilerService (107)
[2015.01.26-05.00.20:506][584]LogModuleManager: Shutting down and abandoning module TaskGraph (106)
[2015.01.26-05.00.20:506][584]LogModuleManager: Shutting down and abandoning module GameplayDebugger (105)
[2015.01.26-05.00.20:506][584]LogModuleManager: Shutting down and abandoning module SlateRemote (104)
[2015.01.26-05.00.20:506][584]LogModuleManager: Shutting down and abandoning module ScriptEditorPlugin (103)
[2015.01.26-05.00.20:506][584]LogModuleManager: Shutting down and abandoning module CustomMeshComponent (102)
[2015.01.26-05.00.20:506][584]LogModuleManager: Shutting down and abandoning module CableComponent (101)
[2015.01.26-05.00.20:506][584]LogModuleManager: Shutting down and abandoning module MessagingDebugger (100)
[2015.01.26-05.00.20:506][584]LogModuleManager: Shutting down and abandoning module MediaPlayerEditor (99)
[2015.01.26-05.00.20:506][584]LogModuleManager: Shutting down and abandoning module SpeedTreeImporter (98)
[2015.01.26-05.00.20:506][584]LogModuleManager: Shutting down and abandoning module PluginsEditor (97)
[2015.01.26-05.00.20:506][584]LogModuleManager: Shutting down and abandoning module EpicSurvey (96)
[2015.01.26-05.00.20:506][584]LogModuleManager: Shutting down and abandoning module DesktopPlatform (95)
[2015.01.26-05.00.20:506][584]LogModuleManager: Shutting down and abandoning module VisualStudioSourceCodeAccess (94)
[2015.01.26-05.00.20:506][584]LogModuleManager: Shutting down and abandoning module UObjectPlugin (93)
[2015.01.26-05.00.20:506][584]LogModuleManager: Shutting down and abandoning module SubversionSourceControl (92)
[2015.01.26-05.00.20:506][584]LogModuleManager: Shutting down and abandoning module SourceControl (91)
[2015.01.26-05.00.20:506][584]LogModuleManager: Shutting down and abandoning module PerforceSourceControl (90)
[2015.01.26-05.00.20:506][584]LogModuleManager: Shutting down and abandoning module BlankPlugin (89)
[2015.01.26-05.00.20:506][584]LogModuleManager: Shutting down and abandoning module SlateReflector (88)
[2015.01.26-05.00.20:506][584]LogModuleManager: Shutting down and abandoning module DirectoryWatcher (87)
[2015.01.26-05.00.20:506][584]LogModuleManager: Shutting down and abandoning module HotReload (86)
[2015.01.26-05.00.20:506][584]LogModuleManager: Shutting down and abandoning module MainFrame (85)
[2015.01.26-05.00.20:506][584]LogModuleManager: Shutting down and abandoning module LevelEditor (84)
[2015.01.26-05.00.20:506][584]LogModuleManager: Shutting down and abandoning module ViewportSnapping (83)
[2015.01.26-05.00.20:506][584]LogModuleManager: Shutting down and abandoning module SmartSnapping (82)
[2015.01.26-05.00.20:506][584]LogModuleManager: Shutting down and abandoning module PaperTiledImporter (81)
[2015.01.26-05.00.20:506][584]LogModuleManager: Shutting down and abandoning module PaperJsonImporter (80)
[2015.01.26-05.00.20:506][584]LogModuleManager: Shutting down and abandoning module ContentBrowser (79)
[2015.01.26-05.00.20:506][584]LogModuleManager: Shutting down and abandoning module Paper2DEditor (78)
[2015.01.26-05.00.20:506][584]LogModuleManager: Shutting down and abandoning module ScriptPlugin (77)
[2015.01.26-05.00.20:506][584]LogModuleManager: Shutting down and abandoning module UdpMessaging (76)
[2015.01.26-05.00.20:608][584]LogModuleManager: Shutting down and abandoning module Paper2D (75)
[2015.01.26-05.00.20:608][584]LogModuleManager: Shutting down and abandoning module UE4Game (74)
[2015.01.26-05.00.20:608][584]LogModuleManager: Shutting down and abandoning module WindowsMoviePlayer (73)
[2015.01.26-05.00.20:611][584]LogModuleManager: Shutting down and abandoning module Media (72)
[2015.01.26-05.00.20:611][584]LogModuleManager: Shutting down and abandoning module WmfMedia (71)
[2015.01.26-05.00.20:611][584]LogModuleManager: Shutting down and abandoning module OnlineBlueprintSupport (70)
[2015.01.26-05.00.20:611][584]LogModuleManager: Shutting down and abandoning module PropertyEditor (69)
[2015.01.26-05.00.20:611][584]LogModuleManager: Shutting down and abandoning module BehaviorTreeEditor (68)
[2015.01.26-05.00.20:611][584]LogModuleManager: Shutting down and abandoning module FunctionalTesting (67)
[2015.01.26-05.00.20:611][584]LogModuleManager: Shutting down and abandoning module CollisionAnalyzer (66)
[2015.01.26-05.00.20:611][584]LogModuleManager: Shutting down and abandoning module WorkspaceMenuStructure (65)
[2015.01.26-05.00.20:611][584]LogModuleManager: Shutting down and abandoning module MessageLog (64)
[2015.01.26-05.00.20:611][584]LogModuleManager: Shutting down and abandoning module Sequencer (63)
[2015.01.26-05.00.20:611][584]LogModuleManager: Shutting down and abandoning module AssetTools (62)
[2015.01.26-05.00.20:611][584]LogModuleManager: Shutting down and abandoning module UMGEditor (61)
[2015.01.26-05.00.20:611][584]LogModuleManager: Shutting down and abandoning module UMG (60)
[2015.01.26-05.00.20:611][584]LogModuleManager: Shutting down and abandoning module Slate (59)
[2015.01.26-05.00.20:611][584]LogModuleManager: Shutting down and abandoning module EditorStyle (58)
[2015.01.26-05.00.20:619][584]LogModuleManager: Shutting down and abandoning module SessionServices (57)
[2015.01.26-05.00.20:619][584]LogModuleManager: Shutting down and abandoning module SourceCodeAccess (56)
[2015.01.26-05.00.20:619][584]LogModuleManager: Shutting down and abandoning module HeadMountedDisplay (55)
[2015.01.26-05.00.20:619][584]LogModuleManager: Shutting down and abandoning module XAudio2 (54)
[2015.01.26-05.00.20:619][584]LogModuleManager: Shutting down and abandoning module Networking (52)
[2015.01.26-05.00.20:619][584]LogModuleManager: Shutting down and abandoning module Core (51)
[2015.01.26-05.00.20:619][584]LogModuleManager: Shutting down and abandoning module KismetCompiler (50)
[2015.01.26-05.00.20:619][584]LogModuleManager: Shutting down and abandoning module PhysXFormats (49)
[2015.01.26-05.00.20:619][584]LogModuleManager: Shutting down and abandoning module MeshUtilities (48)
[2015.01.26-05.00.20:620][584]LogModuleManager: Shutting down and abandoning module DerivedDataCache (47)
[2015.01.26-05.00.20:633][584]LogDerivedDataCache: Shutdown
[2015.01.26-05.00.20:633][584]LogModuleManager: Shutting down and abandoning module ShaderFormatOpenGL (46)
[2015.01.26-05.00.20:633][584]LogModuleManager: Shutting down and abandoning module ShaderFormatD3D (45)
[2015.01.26-05.00.20:633][584]LogModuleManager: Shutting down and abandoning module MetalShaderFormat (44)
[2015.01.26-05.00.20:633][584]LogModuleManager: Shutting down and abandoning module TextureFormatUncompressed (43)
[2015.01.26-05.00.20:633][584]LogModuleManager: Shutting down and abandoning module TextureFormatPVR (42)
[2015.01.26-05.00.20:633][584]LogModuleManager: Shutting down and abandoning module TextureFormatDXT (41)
[2015.01.26-05.00.20:633][584]LogModuleManager: Shutting down and abandoning module TextureFormatAndroid (40)
[2015.01.26-05.00.20:633][584]LogModuleManager: Shutting down and abandoning module AudioFormatOpus (39)
[2015.01.26-05.00.20:633][584]LogModuleManager: Shutting down and abandoning module AudioFormatOgg (38)
[2015.01.26-05.00.20:633][584]LogModuleManager: Shutting down and abandoning module AudioFormatADPCM (37)
[2015.01.26-05.00.20:633][584]LogModuleManager: Shutting down and abandoning module LinuxTargetPlatform (36)
[2015.01.26-05.00.20:633][584]LogModuleManager: Shutting down and abandoning module LinuxServerTargetPlatform (35)
[2015.01.26-05.00.20:633][584]LogModuleManager: Shutting down and abandoning module LinuxNoEditorTargetPlatform (34)
[2015.01.26-05.00.20:633][584]LogModuleManager: Shutting down and abandoning module Messaging (33)
[2015.01.26-05.00.20:633][584]LogModuleManager: Shutting down and abandoning module IOSTargetPlatform (32)
[2015.01.26-05.00.20:633][584]LogModuleManager: Shutting down and abandoning module Android_PVRTCTargetPlatform (31)
[2015.01.26-05.00.20:633][584]LogModuleManager: Shutting down and abandoning module Android_ETC2TargetPlatform (30)
[2015.01.26-05.00.20:633][584]LogModuleManager: Shutting down and abandoning module Android_ETC1TargetPlatform (29)
[2015.01.26-05.00.20:633][584]LogModuleManager: Shutting down and abandoning module Android_DXTTargetPlatform (28)
[2015.01.26-05.00.20:633][584]LogModuleManager: Shutting down and abandoning module Android_ATCTargetPlatform (27)
[2015.01.26-05.00.20:633][584]LogModuleManager: Shutting down and abandoning module AndroidTargetPlatform (26)
[2015.01.26-05.00.20:633][584]LogModuleManager: Shutting down and abandoning module WindowsTargetPlatform (25)
[2015.01.26-05.00.20:633][584]LogModuleManager: Shutting down and abandoning module WindowsServerTargetPlatform (24)
[2015.01.26-05.00.20:633][584]LogModuleManager: Shutting down and abandoning module WindowsNoEditorTargetPlatform (23)
[2015.01.26-05.00.20:633][584]LogModuleManager: Shutting down and abandoning module WindowsClientTargetPlatform (22)
[2015.01.26-05.00.20:633][584]LogModuleManager: Shutting down and abandoning module TargetPlatform (21)
[2015.01.26-05.00.20:633][584]LogModuleManager: Shutting down and abandoning module InputCore (20)
[2015.01.26-05.00.20:633][584]LogModuleManager: Shutting down and abandoning module Settings (19)
[2015.01.26-05.00.20:633][584]LogModuleManager: Shutting down and abandoning module ImageWrapper (18)
[2015.01.26-05.00.20:633][584]LogModuleManager: Shutting down and abandoning module OculusRift (15)
[2015.01.26-05.00.20:633][584]LogModuleManager: Shutting down and abandoning module ExampleDeviceProfileSelector (14)
[2015.01.26-05.00.20:633][584]LogModuleManager: Shutting down and abandoning module TextureCompressor (13)
[2015.01.26-05.00.20:633][584]LogModuleManager: Shutting down and abandoning module ShaderCore (12)
[2015.01.26-05.00.20:633][584]LogModuleManager: Shutting down and abandoning module Landscape (11)
[2015.01.26-05.00.20:633][584]LogModuleManager: Shutting down and abandoning module SlateRHIRenderer (10)
[2015.01.26-05.00.20:634][584]LogModuleManager: Shutting down and abandoning module OpenGLDrv (9)
[2015.01.26-05.00.20:634][584]LogModuleManager: Shutting down and abandoning module D3D11RHI (8)
[2015.01.26-05.00.20:634][584]LogModuleManager: Shutting down and abandoning module Renderer (7)
[2015.01.26-05.00.20:635][584]LogModuleManager: Shutting down and abandoning module Engine (6)
[2015.01.26-05.00.20:635][584]LogModuleManager: Shutting down and abandoning module CoreUObject (5)
[2015.01.26-05.00.20:635][584]LogModuleManager: Shutting down and abandoning module NetworkFile (4)
[2015.01.26-05.00.20:635][584]LogModuleManager: Shutting down and abandoning module StreamingFile (3)
[2015.01.26-05.00.20:635][584]LogModuleManager: Shutting down and abandoning module SandboxFile (2)
[2015.01.26-05.00.20:635][584]LogModuleManager: Shutting down and abandoning module PakFile (1)
[2015.01.26-05.00.20:635][584]LogExit: Exiting.
[2015.01.26-05.00.20:639][584]Log file closed, 01/26/15 00:00:20
