Log file open, 01/19/15 19:23:12
LogInit:Display: Running engine for game: KodainaKingdom
LogInit: Version: 4.6.1-2386410+++depot+UE4-Releases+4.6
LogInit: API Version: 2369412
LogInit: Compiled (64-bit): Dec 11 2014 21:31:39
LogInit: Compiled with Visual C++: 18.00.21005.01
LogInit: Build Configuration: Development
LogInit: Branch Name: ++depot+UE4-Releases+4.6
LogInit: Command line:  
LogInit: Base directory: C:/Program Files/Epic Games/4.6/Engine/Binaries/Win64/
LogInit: Rocket: 1
[2015.01.20-00.23.12:272][  0]LogTaskGraph: Started task graph with 3 named threads and 6 total threads.
[2015.01.20-00.23.12:322][  0]LogOnline:Warning: No default platform service specified for OnlineSubsystem
[2015.01.20-00.23.12:516][  0]LogInit: Presizing for 0 objects not considered by GC, pre-allocating 0 bytes.
[2015.01.20-00.23.12:525][  0]LogInit: Object subsystem initialized
[2015.01.20-00.23.12:526][  0]LogConsoleResponse:Warning: Skipping Unknown console variable: 'UIScaleRule = ShortestSide'
[2015.01.20-00.23.12:526][  0]LogConsoleResponse:Warning:   Found in ini file 'C:/Users/Zim/Documents/Unreal Projects/KodainaKingdom/Saved/Config/Windows/Engine.ini', in section '[/Script/Engine.RendererSettings]'
[2015.01.20-00.23.12:526][  0]LogConsoleResponse:Warning: Skipping Unknown console variable: 'UIScaleCurve = (EditorCurveData=(Keys=),ExternalCurve=None)'
[2015.01.20-00.23.12:526][  0]LogConsoleResponse:Warning:   Found in ini file 'C:/Users/Zim/Documents/Unreal Projects/KodainaKingdom/Saved/Config/Windows/Engine.ini', in section '[/Script/Engine.RendererSettings]'
[2015.01.20-00.23.12:527][  0]LogConsoleManager:Warning: Console variable 'r.MSAA.CompositingSampleCount' wasn't set (Priority ProjectSetting < Scalability)
[2015.01.20-00.23.12:527][  0]LogInit: Selected Device Profile: [Windows]
[2015.01.20-00.23.12:527][  0]LogInit: Applying CVar settings loaded from the selected device profile: [Windows]
[2015.01.20-00.23.12:535][  0]LogInit: Computer: SEAN
[2015.01.20-00.23.12:535][  0]LogInit: User: Zim
[2015.01.20-00.23.12:535][  0]LogInit: CPU Page size=4096, Cores=4
[2015.01.20-00.23.12:535][  0]LogInit: High frequency timer resolution =2.338450 MHz
[2015.01.20-00.23.12:535][  0]LogMemory: Memory total: Physical=15.9GB (16GB approx) Virtual=131072.0GB
[2015.01.20-00.23.12:535][  0]LogMemory: Platform Memory Stats for Windows
[2015.01.20-00.23.12:535][  0]LogMemory: Process Physical Memory: 49.24 MB used, 49.24 MB peak
[2015.01.20-00.23.12:535][  0]LogMemory: Process Virtual Memory: 25.07 MB used, 25.07 MB peak
[2015.01.20-00.23.12:535][  0]LogMemory: Physical Memory: 5126.71 MB used, 16331.28 MB total
[2015.01.20-00.23.12:535][  0]LogMemory: Virtual Memory: 275.69 MB used, 134217728.00 MB total
[2015.01.20-00.23.12:565][  0]LogD3D11RHI: Found D3D11 adapter 0: NVIDIA GeForce GT 750M   (Feature Level 11_0)
[2015.01.20-00.23.12:565][  0]LogD3D11RHI: Adapter has 1985MB of dedicated video memory, 0MB of dedicated system memory, and 2048MB of shared system memory, 1 output[s]
[2015.01.20-00.23.12:591][  0]LogD3D11RHI: Found D3D11 adapter 1: NVIDIA GeForce GT 750M   (Feature Level 11_0)
[2015.01.20-00.23.12:591][  0]LogD3D11RHI: Adapter has 1985MB of dedicated video memory, 0MB of dedicated system memory, and 2048MB of shared system memory, 0 output[s]
[2015.01.20-00.23.12:592][  0]LogD3D11RHI: Found D3D11 adapter 2: Microsoft Basic Render Driver (Feature Level 11_0)
[2015.01.20-00.23.12:592][  0]LogD3D11RHI: Adapter has 0MB of dedicated video memory, 0MB of dedicated system memory, and 256MB of shared system memory, 0 output[s]
[2015.01.20-00.23.12:592][  0]LogD3D11RHI: Chosen D3D11 Adapter Id = 0
[2015.01.20-00.23.12:596][  0]LogRHI: Texture pool is 1361 MB (70% of 1945 MB)
[2015.01.20-00.23.12:614][  0]LogD3D11RHI: Async texture creation enabled
[2015.01.20-00.23.13:221][  0]LogTextLocalizationManager: The requested culture ('en_US') has no localization data; parent culture's ('en') localization data will be used.
[2015.01.20-00.23.13:367][  0]LogContentStreaming: Texture pool size is 0.000000MB
[2015.01.20-00.23.20:498][  0]LogTargetPlatformManager:Display: Building Assets For Windows
[2015.01.20-00.23.21:573][  0]LogTargetPlatformManager:Display: Building Assets For Windows
[2015.01.20-00.23.21:680][  0]LogDerivedDataCache:Display: Max Cache Size: 512 MB
[2015.01.20-00.23.22:153][  0]LogDerivedDataCache: Loaded boot cache 0.47s 39MB C:/Users/Zim/AppData/Local/UnrealEngine/4.6/DerivedDataCache/Boot.ddc.
[2015.01.20-00.23.22:153][  0]LogDerivedDataCache:Display: Loaded Boot cache: C:/Users/Zim/AppData/Local/UnrealEngine/4.6/DerivedDataCache/Boot.ddc
[2015.01.20-00.23.22:153][  0]LogDerivedDataCache: FDerivedDataBackendGraph:  Pak pak cache file ../../../../../../Users/Zim/Documents/Unreal Projects/KodainaKingdom/DerivedDataCache/DDC.ddp not found, will not use a pak cache.
[2015.01.20-00.23.22:153][  0]LogDerivedDataCache: Unable to find inner node Pak for hierarchical cache Hierarchy.
[2015.01.20-00.23.22:273][  0]LogDerivedDataCache:Display: Pak cache opened for reading ../../../Engine/DerivedDataCache/DDC.ddp.
[2015.01.20-00.23.22:286][  0]LogDerivedDataCache: Using Local data cache path C:/Users/Zim/AppData/Local/UnrealEngine/Common/DerivedDataCache: Writable
[2015.01.20-00.23.29:349][  0]LogCollisionProfile:Warning: Profile (UI) - Custom Channel Name = 'Weapon' hasn't been found
[2015.01.20-00.23.29:662][  0]LogMeshUtilities: No automatic mesh reduction module available
[2015.01.20-00.23.29:662][  0]LogMeshUtilities: No automatic mesh merging module available
[2015.01.20-00.23.30:491][  0]LogInit: WinSock: version 1.1 (2.2), MaxSocks=32767, MaxUdp=65467
[2015.01.20-00.23.30:550][  0]LogSlate:Warning: Failed to load font data from '../../../Engine/Content/Slate/Fonts/Roboto-Italic.ttf'
[2015.01.20-00.23.42:697][  0]UdpMessaging: Initializing bridge on interface 0.0.0.0:0 to multicast group 230.0.0.1:6666.
[2015.01.20-00.23.42:939][  0]LogDirectoryWatcher:Warning: Failed to begin reading directory changes for C:/Users/Zim/Documents/Unreal Projects/KodainaKingdom/Binaries/Win64. Error: 0
[2015.01.20-00.23.43:343][  0]SourceControl: Info Source control is disabled
[2015.01.20-00.23.43:343][  0]SourceControl: Info Source control is disabled
[2015.01.20-00.23.43:349][  0]SourceControl: Info Source control is disabled
[2015.01.20-00.23.43:587][  0]LogObj: 23754 objects as part of root set at end of initial load.
[2015.01.20-00.23.43:587][  0]LogUObjectAllocator: 5168136 out of 0 bytes used by permanent object pool.
[2015.01.20-00.23.43:640][  0]LogEngine: Initializing Engine...
[2015.01.20-00.23.44:087][  0]LogInit: XAudio2 using 'Speakers (Realtek High Definition Audio)' : 2 channels at 48 kHz using 32 bits per sample (channel mask 0x3)
[2015.01.20-00.23.44:133][  0]LogInit: FAudioDevice initialized.
[2015.01.20-00.23.44:150][  0]LogAIModule: Creating AISystem for world NewWorld
[2015.01.20-00.23.44:169][  0]LogDerivedDataCache: Saved boot cache 0.02s 39MB C:/Users/Zim/AppData/Local/UnrealEngine/4.6/DerivedDataCache/Boot.ddc.
[2015.01.20-00.23.44:172][  0]LogInit: Texture streaming: Enabled
[2015.01.20-00.23.44:197][  0]LogAnalytics: Creating configured Analytics provider AnalyticsET
[2015.01.20-00.23.44:197][  0]LogAnalytics: ET APIKey = Rocket.Release. APIServer = http://et2.epicgames.com/ET2/. AppVersion = 4.6.1-2386410+++depot+UE4-Releases+4.6
[2015.01.20-00.23.44:198][  0]LogAnalytics: SetUserId e818845727fd16b7b8e647cd16e3db7c
[2015.01.20-00.23.44:198][  0]LogAnalytics: AnalyticsET::StartSession [Rocket.Release]
[2015.01.20-00.23.44:212][  0]LogInit: Transaction tracking system initialized
[2015.01.20-00.23.44:293][  0]BlueprintLog: New page: Editor Load
[2015.01.20-00.23.44:321][  0]LogAssetRegistry: FAssetRegistry took 0.0103 seconds to start up
[2015.01.20-00.23.44:321][  0]LogDirectoryWatcher:Warning: Failed to begin reading directory changes for ../../../Engine/Plugins/Experimental/CharacterAI/Content/. Error: 0
[2015.01.20-00.23.44:795][  0]LogTargetPlatformManager:Display: Building Assets For Windows
[2015.01.20-00.23.45:138][  0]LogTargetPlatformManager:Display: Building Assets For Windows
[2015.01.20-00.23.45:334][  0]LogConsoleResponse:Display: 
[2015.01.20-00.23.46:084][  0]LogLinker:Warning: Asset '../../../Engine/Content/Functions/Engine_MaterialFunctions03/Procedurals/ComputeFilterWidth.uasset' has been saved with empty engine version. The asset will be loaded but may be incompatible.
[2015.01.20-00.23.47:877][  0]SourceControl: Info Source control is disabled
[2015.01.20-00.23.47:877][  0]Cmd: MAP LOAD FILE="../../../../../../Users/Zim/Documents/Unreal Projects/KodainaKingdom/Content/Maps/TestLevel.umap" TEMPLATE=0 SHOWPROGRESS=1
[2015.01.20-00.23.47:878][  0]LightingResults: New page: Lighting Build
[2015.01.20-00.23.47:887][  0]MapCheck: New page: Map Check
[2015.01.20-00.23.47:887][  0]LightingResults: New page: Lighting Build
[2015.01.20-00.23.47:896][  0]LogParticles: Destroying 0 GPU particle simulations for FXSystem 0x0000002770985580
[2015.01.20-00.23.49:443][  0]LogEditorServer: Finished looking for orphan Actors (0.000 secs)
[2015.01.20-00.23.49:443][  0]LogAIModule: Creating AISystem for world TestLevel
[2015.01.20-00.23.49:443][  0]Cmd: MAP CHECKDEP
[2015.01.20-00.23.49:443][  0]MapCheck: New page: TestLevel - Jan 19, 2015, 2:23:49 PM
[2015.01.20-00.23.49:519][  0]MapCheck: Info Map check complete: 0 Error(s), 0 Warning(s), took 76.211ms to complete.
[2015.01.20-00.23.49:520][  0]LogFileHelpers: Loading map 'TestLevel' took 1.642
[2015.01.20-00.23.49:633][  0]LogCollectionManager: Loaded 0 collections in 0.001007 seconds
[2015.01.20-00.23.49:991][  0]LogCrashTracker: Crashtracker disabled due to settings.
[2015.01.20-00.23.50:031][  0]LogUObjectGlobals:Warning: Failed to find object 'Class None.'
[2015.01.20-00.23.50:057][  0]LogLoad: Full Startup: 41.50 seconds (BP compile: 0.01 seconds)
[2015.01.20-00.23.50:399][  0]LogContentBrowser:Verbose: The content browser source was changed by the sources view to '/Game/Blueprints'
[2015.01.20-00.23.50:635][  0]LogRenderer:Warning: Reallocating scene render targets to support 1200x896.
[2015.01.20-00.23.59:555][238]LogTexture:Display: Building textures: brick_ancientDiagonal_2k_alb (AutoDXT)
[2015.01.20-00.24.04:077][238]LogTexture:Display: Building textures: brick_ancientDiagonal_2k_n (BC5)
[2015.01.20-00.24.04:568][238]LogMaterial: Missing cached shader map for material brick_ancientDiagonal, compiling.
[2015.01.20-00.24.05:390][238]LogTexture:Display: Building textures: Brick_GuiBigCastleWall_2k_alb (AutoDXT)
[2015.01.20-00.24.10:809][238]LogTexture:Display: Building textures: Brick_GuiBigCastleWall_2k_h (AutoDXT)
[2015.01.20-00.24.12:163][238]LogTexture:Display: Building textures: Brick_GuiBigCastleWall_2k_n (BC5)
[2015.01.20-00.24.13:249][238]LogTexture:Display: Building textures: Brick_GuiBigCastleWall_2k_s (AutoDXT)
[2015.01.20-00.24.14:443][238]LogMaterial: Missing cached shader map for material Brick_GuiBigCastleWall, compiling.
[2015.01.20-00.24.15:487][238]LogTexture:Display: Building textures: brick_guiGen_2k_d (AutoDXT)
[2015.01.20-00.24.20:983][238]LogTexture:Display: Building textures: brick_guiGen_2k_n (BC5)
[2015.01.20-00.24.22:206][238]LogTexture:Display: Building textures: brick_guiGen_2k_s (AutoDXT)
[2015.01.20-00.24.24:133][238]LogMaterial: Missing cached shader map for material brick_guiGen, compiling.
[2015.01.20-00.24.30:590][583]LogAssetRegistry: Asset discovery search completed in 46.2801 seconds
[2015.01.20-00.24.48:318][634]BlueprintLog: New page: Pre-PIE auto-recompile
[2015.01.20-00.24.48:318][634]LogPlayLevel: [PIE] Compiling TestLevel before PIE...
[2015.01.20-00.24.48:349][634]LogActorComponent: UnregisterComponent: (/Engine/Transient.CharacterMovementComponent_0) Not registered. Aborting.
[2015.01.20-00.24.48:365][634]LogPlayLevel: PIE:  Blueprint regeneration took 46 ms (1 blueprints)
[2015.01.20-00.24.48:365][634]PIE: New page: PIE session: TestLevel (Jan 19, 2015, 2:24:48 PM)
[2015.01.20-00.24.48:367][634]LogPlayLevel: PIE: StaticDuplicateObject took: (0.001364s)
[2015.01.20-00.24.48:367][634]LogPlayLevel: PIE: World Init took: (0.000520s)
[2015.01.20-00.24.48:367][634]LogPlayLevel: PIE: Created PIE world by copying editor world from /Game/Maps/TestLevel.TestLevel to /Game/Maps/UEDPIE_0_TestLevel.TestLevel (0.002073s)
[2015.01.20-00.24.48:444][634]LogWorld: Game class is 'Kodaina_C'
[2015.01.20-00.24.48:446][634]LogAIModule: Creating AISystem for world TestLevel
[2015.01.20-00.24.48:447][634]LogWorld: Bringing World /Game/Maps/UEDPIE_0_TestLevel.TestLevel up for play (max tick rate 60) at 2015.01.19-19.24.48
[2015.01.20-00.24.48:448][634]LogWorld: Bringing up level for play took: 0.001289
[2015.01.20-00.24.48:449][634]PIE: Info Play in editor start time for /Game/Maps/UEDPIE_0_TestLevel 0.384
[2015.01.20-00.24.56:072][ 76]LogParticles: Destroying 0 GPU particle simulations for FXSystem 0x000000277024D760
[2015.01.20-00.25.12:713][977]LogRenderer:Warning: Reallocating scene render targets to support 1416x896.
[2015.01.20-00.25.14:116][ 52]LogPropertyNode:Warning: UI Min (0.001) >= UI Max () for Ranged Numeric
[2015.01.20-00.25.18:966][284]LogPropertyNode:Warning: UI Min (0.001) >= UI Max () for Ranged Numeric
[2015.01.20-00.25.26:154][685]LogPropertyNode:Warning: UI Min (0.001) >= UI Max () for Ranged Numeric
[2015.01.20-00.25.26:158][685]LogPropertyNode:Warning: UI Min (0.001) >= UI Max () for Ranged Numeric
[2015.01.20-00.25.26:223][685]LogPropertyNode:Warning: UI Min (0.001) >= UI Max () for Ranged Numeric
[2015.01.20-00.25.26:224][685]LogPropertyNode:Warning: UI Min (0.001) >= UI Max () for Ranged Numeric
[2015.01.20-00.26.22:178][399]LogPropertyNode:Warning: UI Min (0.001) >= UI Max () for Ranged Numeric
[2015.01.20-00.27.01:095][ 37]LogPropertyNode:Warning: UI Min (0.001) >= UI Max () for Ranged Numeric
[2015.01.20-00.31.24:589][831]BlueprintLog: New page: Compile MyCharacter
[2015.01.20-00.31.24:689][831]LogPropertyNode:Warning: UI Min (0.001) >= UI Max () for Ranged Numeric
[2015.01.20-00.31.24:690][831]LogPropertyNode:Warning: UI Min (0.001) >= UI Max () for Ranged Numeric
[2015.01.20-00.31.24:758][831]LogActorComponent: UnregisterComponent: (/Engine/Transient.CharacterMovementComponent_1) Not registered. Aborting.
[2015.01.20-00.31.24:778][831]LogParticles: Destroying 0 GPU particle simulations for FXSystem 0x00000027033879C0
[2015.01.20-00.31.24:817][831]LogPropertyNode:Warning: UI Min (0.001) >= UI Max () for Ranged Numeric
[2015.01.20-00.31.24:818][831]LogPropertyNode:Warning: UI Min (0.001) >= UI Max () for Ranged Numeric
[2015.01.20-00.31.24:853][831]BlueprintEditorCompileResults: Info [0496.29] Compile of MyCharacter successful! [in 213 ms]
[2015.01.20-00.31.25:359][845]Cmd: OBJ SAVEPACKAGE PACKAGE="/Game/Blueprints/MyCharacter" FILE="../../../../../../Users/Zim/Documents/Unreal Projects/KodainaKingdom/Content/Blueprints/MyCharacter.uasset" SILENT=true
[2015.01.20-00.31.26:021][845]LogSavePackage: Save=577.880676ms
[2015.01.20-00.31.26:021][845]LogSavePackage: Moving '../../../../../../Users/Zim/Documents/Unreal Projects/KodainaKingdom/Saved/MyCharacterAB32910C4176CC64FDE54E818B395BA0.tmp' to '../../../../../../Users/Zim/Documents/Unreal Projects/KodainaKingdom/Content/Blueprints/MyCharacter.uasset'
[2015.01.20-00.45.55:802][468]LogActorComponent: UnregisterComponent: (/Engine/Transient.CharacterMovementComponent_2) Not registered. Aborting.
[2015.01.20-00.45.59:505][670]LogContentBrowser:Verbose: The content browser source was changed by the sources view to '/Game/Data'
[2015.01.20-00.46.00:326][719]LogContentBrowser:Verbose: The content browser source was changed by the sources view to '/Game/Flipbooks'
[2015.01.20-00.46.04:059][940]LogActorComponent: UnregisterComponent: (/Engine/Transient.CharacterMovementComponent_3) Not registered. Aborting.
[2015.01.20-00.46.04:077][940]LogParticles: Destroying 0 GPU particle simulations for FXSystem 0x00000027036F1B20
[2015.01.20-00.46.06:591][989]LogContentBrowser:Verbose: The content browser source was changed by the sources view to '/Game/KenneySpritePack'
[2015.01.20-00.46.06:943][  9]LogContentBrowser:Verbose: The content browser source was changed by the sources view to '/Game/Maps'
[2015.01.20-00.46.08:079][ 77]LogContentBrowser:Verbose: The content browser source was changed by the sources view to '/Game/Materials'
[2015.01.20-00.46.28:013][873]LogContentBrowser:Verbose: The content browser source was changed by the sources view to '/Game/Sprites'
[2015.01.20-00.46.29:394][924]LogSavePackage: Save=25.399731ms
[2015.01.20-00.46.29:394][924]LogSavePackage: Moving '../../../../../../Users/Zim/Documents/Unreal Projects/KodainaKingdom/Saved/TestLevel_Auto15790B13949FCC10F22AED0956E811E1C.tmp' to '../../../../../../Users/Zim/Documents/Unreal Projects/KodainaKingdom/Saved/Autosaves/Game/Maps/TestLevel_Auto1.umap'
[2015.01.20-00.46.29:403][924]LogFileHelpers: Editor autosave (incl. sublevels) for '/Game/Maps/TestLevel' took 0.176
[2015.01.20-00.46.29:403][924]LogFileHelpers: Editor autosave (incl. sublevels) for all levels took 0.176
[2015.01.20-00.47.11:330][111]LogLinker:Warning: Can't find file '/Game/Materials/Level'
[2015.01.20-00.47.11:330][111]LogLinker:Warning: Can't find file for asset '/Game/Materials/Level' while loading ../../../../../../Users/Zim/Documents/Unreal Projects/KodainaKingdom/Content/Sprites/T_Brick_Clay_Beveled_D_Sprite.uasset.
[2015.01.20-00.47.11:330][111]LoadErrors:Error: Error /Game/Sprites/T_Brick_Clay_Beveled_D_Sprite : Can't find file for asset. /Game/Materials/Level
[2015.01.20-00.47.11:330][111]LogLinker:Warning: Can't find file '/Game/Materials/Level'
[2015.01.20-00.47.11:330][111]LogLinker:Warning: Can't find file for asset '/Game/Materials/Level' while loading ../../../../../../Users/Zim/Documents/Unreal Projects/KodainaKingdom/Content/Sprites/T_Brick_Clay_Beveled_D_Sprite.uasset.
[2015.01.20-00.47.11:332][111]LogLinker:Warning: Can't find file '/Game/Materials/Level'
[2015.01.20-00.47.11:332][111]LoadErrors: Info Failed to load /Game/Materials/Level.Level Referenced by T_Brick_Clay_Beveled_D_Sprite
[2015.01.20-00.47.11:333][111]LogLinker:Warning: Can't find file for asset '/Game/Materials/Level' while loading NULL.
[2015.01.20-00.47.38:017][166]LogEditorViewport: Clicking on Actor (LMB): PaperSpriteActor (Sky)
[2015.01.20-00.47.38:088][166]LogPropertyNode:Warning: UI Min (0.001) >= UI Max () for Ranged Numeric
[2015.01.20-00.47.38:107][166]Cmd: DELETE
[2015.01.20-00.47.38:107][166]Cmd: ACTOR DELETE
[2015.01.20-00.47.38:107][166]LogEditorActor: Deleted Actor: PaperSpriteActor
[2015.01.20-00.47.38:127][166]LogEditorActor: Deleted 1 Actors (0.020 secs)
[2015.01.20-00.47.39:721][193]Cmd: TRANSACTION UNDO
[2015.01.20-00.47.39:721][193]LogEditorTransaction: Undo Delete Actors
[2015.01.20-00.47.39:915][193]LogPropertyNode:Warning: UI Min (0.001) >= UI Max () for Ranged Numeric
[2015.01.20-00.47.43:176][213]Cmd: DELETE
[2015.01.20-00.47.43:176][213]Cmd: ACTOR DELETE
[2015.01.20-00.47.43:176][213]LogEditorActor: Deleted Actor: PaperSpriteActor
[2015.01.20-00.47.43:196][213]LogEditorActor: Deleted 1 Actors (0.020 secs)
[2015.01.20-00.47.44:844][252]Cmd: TRANSACTION UNDO
[2015.01.20-00.47.44:844][252]LogEditorTransaction: Undo Delete Actors
[2015.01.20-00.47.44:917][252]LogPropertyNode:Warning: UI Min (0.001) >= UI Max () for Ranged Numeric
[2015.01.20-00.48.05:765][417]LogContentBrowser:Verbose: The content browser source was changed by the sources view to '/Game/Textures'
[2015.01.20-00.49.42:805][926]LogContentBrowser:Verbose: The content browser source was changed by the sources view to '/Game/Materials'
[2015.01.20-00.49.46:599][ 86]LogContentBrowser:Verbose: The content browser source was changed by the sources view to '/Game/Blueprints'
[2015.01.20-00.49.48:995][111]LogContentBrowser:Verbose: The content browser source was changed by the sources view to '/Game/Materials'
[2015.01.20-00.49.54:117][135]LogEditorViewport: Clicking on Actor (LMB): PaperSpriteActor (Sky)
[2015.01.20-00.49.54:168][135]LogPropertyNode:Warning: UI Min (0.001) >= UI Max () for Ranged Numeric
[2015.01.20-00.49.58:032][159]LogActorComponent: UnregisterComponent: (/Engine/Transient.CharacterMovementComponent_4) Not registered. Aborting.
[2015.01.20-00.50.01:553][181]LogContentBrowser:Verbose: The content browser source was changed by the sources view to '/Game'
[2015.01.20-00.50.01:924][188]LogContentBrowser:Verbose: The content browser source was changed by the sources view to '/Game/Blueprints'
[2015.01.20-00.50.05:340][202]LogPropertyNode:Warning: UI Min (0.001) >= UI Max () for Ranged Numeric
[2015.01.20-00.50.05:341][202]LogPropertyNode:Warning: UI Min (0.001) >= UI Max () for Ranged Numeric
[2015.01.20-00.50.05:405][202]LogPropertyNode:Warning: UI Min (0.001) >= UI Max () for Ranged Numeric
[2015.01.20-00.50.05:406][202]LogPropertyNode:Warning: UI Min (0.001) >= UI Max () for Ranged Numeric
[2015.01.20-00.50.21:408][952]LogActorComponent: UnregisterComponent: (/Engine/Transient.CharacterMovementComponent_5) Not registered. Aborting.
[2015.01.20-00.50.21:600][952]Cmd: OBJ SAVEPACKAGE PACKAGE="/Game/Maps/TestLevel" FILE="../../../../../../Users/Zim/Documents/Unreal Projects/KodainaKingdom/Content/Maps/TestLevel.umap" SILENT=true AUTOSAVING=false KEEPDIRTY=false
[2015.01.20-00.50.21:725][952]LogSavePackage: Save=27.262930ms
[2015.01.20-00.50.21:725][952]LogSavePackage: Moving '../../../../../../Users/Zim/Documents/Unreal Projects/KodainaKingdom/Saved/TestLevel424660BA48A8F60F800A28B7862E5ED8.tmp' to '../../../../../../Users/Zim/Documents/Unreal Projects/KodainaKingdom/Content/Maps/TestLevel.umap'
[2015.01.20-00.50.21:834][952]LogFileHelpers: Saving map 'TestLevel' took 0.369
[2015.01.20-00.50.21:845][952]Cmd: OBJ SAVEPACKAGE PACKAGE="/Game/Textures/Billboard1" FILE="../../../../../../Users/Zim/Documents/Unreal Projects/KodainaKingdom/Content/Textures/Billboard1.uasset" SILENT=true
[2015.01.20-00.50.21:943][952]LogSavePackage: Save=17.732258ms
[2015.01.20-00.50.21:943][952]LogSavePackage: Moving '../../../../../../Users/Zim/Documents/Unreal Projects/KodainaKingdom/Saved/Billboard13F43D26F4AC2B259DAB774B51B62C37E.tmp' to '../../../../../../Users/Zim/Documents/Unreal Projects/KodainaKingdom/Content/Textures/Billboard1.uasset'
[2015.01.20-00.50.23:757][  1]Cmd: QUIT_EDITOR
[2015.01.20-00.50.24:275][  1]LogExit: Preparing to exit.
[2015.01.20-00.50.24:594][  1]LogExit: Editor shut down
[2015.01.20-00.50.24:594][  1]LogExit: Transaction tracking system shut down
[2015.01.20-00.50.24:595][  1]LogParticles: Destroying 0 GPU particle simulations for FXSystem 0x000000276CEC20C0
[2015.01.20-00.50.24:595][  1]LogParticles: Destroying 0 GPU particle simulations for FXSystem 0x000000276C096F20
[2015.01.20-00.50.24:596][  1]LogParticles: Destroying 0 GPU particle simulations for FXSystem 0x00000027024258A0
[2015.01.20-00.50.24:597][  1]LogParticles: Destroying 0 GPU particle simulations for FXSystem 0x000000277EAEF1A0
[2015.01.20-00.50.24:597][  1]LogParticles: Destroying 0 GPU particle simulations for FXSystem 0x000000277E99A980
[2015.01.20-00.50.24:656][  1]LogExit: Object subsystem successfully closed.
[2015.01.20-00.50.24:743][  1]LogModuleManager: Shutting down and abandoning module Merge (174)
[2015.01.20-00.50.24:743][  1]LogModuleManager: Shutting down and abandoning module AndroidDeviceDetection (173)
[2015.01.20-00.50.24:743][  1]LogModuleManager: Shutting down and abandoning module ExternalImagePicker (172)
[2015.01.20-00.50.24:743][  1]LogModuleManager: Shutting down and abandoning module CrashTracker (171)
[2015.01.20-00.50.24:743][  1]LogModuleManager: Shutting down and abandoning module SuperSearch (170)
[2015.01.20-00.50.24:743][  1]LogModuleManager: Shutting down and abandoning module SceneOutliner (169)
[2015.01.20-00.50.24:743][  1]LogModuleManager: Shutting down and abandoning module EditorWidgets (168)
[2015.01.20-00.50.24:743][  1]LogModuleManager: Shutting down and abandoning module CollectionManager (167)
[2015.01.20-00.50.24:743][  1]LogModuleManager: Shutting down and abandoning module StatsViewer (166)
[2015.01.20-00.50.24:743][  1]LogModuleManager: Shutting down and abandoning module FoliageEdit (165)
[2015.01.20-00.50.24:743][  1]LogModuleManager: Shutting down and abandoning module LandscapeEditor (164)
[2015.01.20-00.50.24:743][  1]LogModuleManager: Shutting down and abandoning module MeshPaint (163)
[2015.01.20-00.50.24:743][  1]LogModuleManager: Shutting down and abandoning module ActorPickerMode (162)
[2015.01.20-00.50.24:743][  1]LogModuleManager: Shutting down and abandoning module GeometryMode (161)
[2015.01.20-00.50.24:743][  1]LogModuleManager: Shutting down and abandoning module TextureAlignMode (160)
[2015.01.20-00.50.24:743][  1]LogModuleManager: Shutting down and abandoning module BspMode (159)
[2015.01.20-00.50.24:743][  1]LogModuleManager: Shutting down and abandoning module PlacementMode (158)
[2015.01.20-00.50.24:743][  1]LogModuleManager: Shutting down and abandoning module AutomationWorker (157)
[2015.01.20-00.50.24:743][  1]LogModuleManager: Shutting down and abandoning module CharacterAI (156)
[2015.01.20-00.50.24:743][  1]LogModuleManager: Shutting down and abandoning module GameProjectGeneration (155)
[2015.01.20-00.50.24:743][  1]LogModuleManager: Shutting down and abandoning module IntroTutorials (154)
[2015.01.20-00.50.24:743][  1]LogModuleManager: Shutting down and abandoning module EditorLiveStreaming (153)
[2015.01.20-00.50.24:743][  1]LogModuleManager: Shutting down and abandoning module HardwareTargeting (152)
[2015.01.20-00.50.24:743][  1]LogModuleManager: Shutting down and abandoning module DeviceProfileEditor (151)
[2015.01.20-00.50.24:743][  1]LogModuleManager: Shutting down and abandoning module UndoHistory (150)
[2015.01.20-00.50.24:743][  1]LogModuleManager: Shutting down and abandoning module GameplayTagsEditor (149)
[2015.01.20-00.50.24:743][  1]LogModuleManager: Shutting down and abandoning module UserFeedback (148)
[2015.01.20-00.50.24:743][  1]LogModuleManager: Shutting down and abandoning module XmlParser (147)
[2015.01.20-00.50.24:743][  1]LogModuleManager: Shutting down and abandoning module Blutility (146)
[2015.01.20-00.50.24:743][  1]LogModuleManager: Shutting down and abandoning module IOSPlatformEditor (145)
[2015.01.20-00.50.24:743][  1]LogModuleManager: Shutting down and abandoning module IOSRuntimeSettings (144)
[2015.01.20-00.50.24:743][  1]LogModuleManager: Shutting down and abandoning module AndroidPlatformEditor (143)
[2015.01.20-00.50.24:743][  1]LogModuleManager: Shutting down and abandoning module AndroidRuntimeSettings (142)
[2015.01.20-00.50.24:743][  1]LogModuleManager: Shutting down and abandoning module ProjectTargetPlatformEditor (141)
[2015.01.20-00.50.24:744][  1]LogModuleManager: Shutting down and abandoning module ProjectSettingsViewer (140)
[2015.01.20-00.50.24:744][  1]LogModuleManager: Shutting down and abandoning module InputBindingEditor (139)
[2015.01.20-00.50.24:744][  1]LogModuleManager: Shutting down and abandoning module EditorSettingsViewer (138)
[2015.01.20-00.50.24:744][  1]LogModuleManager: Shutting down and abandoning module SettingsEditor (137)
[2015.01.20-00.50.24:744][  1]LogModuleManager: Shutting down and abandoning module ProjectLauncher (136)
[2015.01.20-00.50.24:744][  1]LogModuleManager: Shutting down and abandoning module SessionFrontend (135)
[2015.01.20-00.50.24:744][  1]LogModuleManager: Shutting down and abandoning module ProfilerClient (134)
[2015.01.20-00.50.24:744][  1]LogModuleManager: Shutting down and abandoning module TargetDeviceServices (133)
[2015.01.20-00.50.24:744][  1]LogModuleManager: Shutting down and abandoning module DeviceManager (132)
[2015.01.20-00.50.24:744][  1]LogModuleManager: Shutting down and abandoning module AutomationController (131)
[2015.01.20-00.50.24:744][  1]LogModuleManager: Shutting down and abandoning module AutomationWindow (130)
[2015.01.20-00.50.24:744][  1]LogModuleManager: Shutting down and abandoning module Layers (129)
[2015.01.20-00.50.24:744][  1]LogModuleManager: Shutting down and abandoning module ComponentVisualizers (128)
[2015.01.20-00.50.24:744][  1]LogModuleManager: Shutting down and abandoning module DetailCustomizations (127)
[2015.01.20-00.50.24:744][  1]LogModuleManager: Shutting down and abandoning module PackagesDialog (126)
[2015.01.20-00.50.24:744][  1]LogModuleManager: Shutting down and abandoning module AssetRegistry (125)
[2015.01.20-00.50.24:859][  1]LogModuleManager: Shutting down and abandoning module Persona (124)
[2015.01.20-00.50.24:859][  1]LogModuleManager: Shutting down and abandoning module Kismet (123)
[2015.01.20-00.50.24:859][  1]LogModuleManager: Shutting down and abandoning module GraphEditor (122)
[2015.01.20-00.50.24:859][  1]LogModuleManager: Shutting down and abandoning module ClassViewer (121)
[2015.01.20-00.50.24:859][  1]LogModuleManager: Shutting down and abandoning module Toolbox (120)
[2015.01.20-00.50.24:859][  1]LogModuleManager: Shutting down and abandoning module ModuleUI (119)
[2015.01.20-00.50.24:859][  1]LogModuleManager: Shutting down and abandoning module MovieSceneTools (118)
[2015.01.20-00.50.24:859][  1]LogModuleManager: Shutting down and abandoning module OutputLog (117)
[2015.01.20-00.50.24:859][  1]LogModuleManager: Shutting down and abandoning module GammaUI (116)
[2015.01.20-00.50.24:859][  1]LogModuleManager: Shutting down and abandoning module Documentation (115)
[2015.01.20-00.50.24:859][  1]LogModuleManager: Shutting down and abandoning module GameLiveStreaming (114)
[2015.01.20-00.50.24:859][  1]LogModuleManager: Shutting down and abandoning module StreamingPauseRendering (113)
[2015.01.20-00.50.24:859][  1]LogModuleManager: Shutting down and abandoning module HTTP (112)
[2015.01.20-00.50.24:860][  1]LogModuleManager: Shutting down and abandoning module AnalyticsET (111)
[2015.01.20-00.50.24:860][  1]LogModuleManager: Shutting down and abandoning module Analytics (110)
[2015.01.20-00.50.24:860][  1]LogModuleManager: Shutting down and abandoning module AITestSuite (109)
[2015.01.20-00.50.24:860][  1]LogModuleManager: Shutting down and abandoning module AIModule (108)
[2015.01.20-00.50.24:860][  1]LogModuleManager: Shutting down and abandoning module ProfilerService (107)
[2015.01.20-00.50.25:019][  1]LogModuleManager: Shutting down and abandoning module TaskGraph (106)
[2015.01.20-00.50.25:019][  1]LogModuleManager: Shutting down and abandoning module GameplayDebugger (105)
[2015.01.20-00.50.25:019][  1]LogModuleManager: Shutting down and abandoning module SlateRemote (104)
[2015.01.20-00.50.25:019][  1]LogModuleManager: Shutting down and abandoning module ScriptEditorPlugin (103)
[2015.01.20-00.50.25:019][  1]LogModuleManager: Shutting down and abandoning module CustomMeshComponent (102)
[2015.01.20-00.50.25:019][  1]LogModuleManager: Shutting down and abandoning module CableComponent (101)
[2015.01.20-00.50.25:019][  1]LogModuleManager: Shutting down and abandoning module MessagingDebugger (100)
[2015.01.20-00.50.25:019][  1]LogModuleManager: Shutting down and abandoning module MediaPlayerEditor (99)
[2015.01.20-00.50.25:019][  1]LogModuleManager: Shutting down and abandoning module SpeedTreeImporter (98)
[2015.01.20-00.50.25:019][  1]LogModuleManager: Shutting down and abandoning module PluginsEditor (97)
[2015.01.20-00.50.25:019][  1]LogModuleManager: Shutting down and abandoning module EpicSurvey (96)
[2015.01.20-00.50.25:019][  1]LogModuleManager: Shutting down and abandoning module DesktopPlatform (95)
[2015.01.20-00.50.25:019][  1]LogModuleManager: Shutting down and abandoning module VisualStudioSourceCodeAccess (94)
[2015.01.20-00.50.25:019][  1]LogModuleManager: Shutting down and abandoning module UObjectPlugin (93)
[2015.01.20-00.50.25:019][  1]LogModuleManager: Shutting down and abandoning module SubversionSourceControl (92)
[2015.01.20-00.50.25:019][  1]LogModuleManager: Shutting down and abandoning module SourceControl (91)
[2015.01.20-00.50.25:019][  1]LogModuleManager: Shutting down and abandoning module PerforceSourceControl (90)
[2015.01.20-00.50.25:019][  1]LogModuleManager: Shutting down and abandoning module BlankPlugin (89)
[2015.01.20-00.50.25:019][  1]LogModuleManager: Shutting down and abandoning module SlateReflector (88)
[2015.01.20-00.50.25:019][  1]LogModuleManager: Shutting down and abandoning module DirectoryWatcher (87)
[2015.01.20-00.50.25:020][  1]LogModuleManager: Shutting down and abandoning module HotReload (86)
[2015.01.20-00.50.25:020][  1]LogModuleManager: Shutting down and abandoning module MainFrame (85)
[2015.01.20-00.50.25:020][  1]LogModuleManager: Shutting down and abandoning module LevelEditor (84)
[2015.01.20-00.50.25:021][  1]LogModuleManager: Shutting down and abandoning module ViewportSnapping (83)
[2015.01.20-00.50.25:021][  1]LogModuleManager: Shutting down and abandoning module SmartSnapping (82)
[2015.01.20-00.50.25:021][  1]LogModuleManager: Shutting down and abandoning module PaperTiledImporter (81)
[2015.01.20-00.50.25:021][  1]LogModuleManager: Shutting down and abandoning module PaperJsonImporter (80)
[2015.01.20-00.50.25:021][  1]LogModuleManager: Shutting down and abandoning module ContentBrowser (79)
[2015.01.20-00.50.25:021][  1]LogModuleManager: Shutting down and abandoning module Paper2DEditor (78)
[2015.01.20-00.50.25:021][  1]LogModuleManager: Shutting down and abandoning module ScriptPlugin (77)
[2015.01.20-00.50.25:021][  1]LogModuleManager: Shutting down and abandoning module UdpMessaging (76)
[2015.01.20-00.50.25:122][  1]LogModuleManager: Shutting down and abandoning module Paper2D (75)
[2015.01.20-00.50.25:122][  1]LogModuleManager: Shutting down and abandoning module UE4Game (74)
[2015.01.20-00.50.25:122][  1]LogModuleManager: Shutting down and abandoning module WindowsMoviePlayer (73)
[2015.01.20-00.50.25:124][  1]LogModuleManager: Shutting down and abandoning module Media (72)
[2015.01.20-00.50.25:124][  1]LogModuleManager: Shutting down and abandoning module WmfMedia (71)
[2015.01.20-00.50.25:124][  1]LogModuleManager: Shutting down and abandoning module OnlineBlueprintSupport (70)
[2015.01.20-00.50.25:125][  1]LogModuleManager: Shutting down and abandoning module PropertyEditor (69)
[2015.01.20-00.50.25:125][  1]LogModuleManager: Shutting down and abandoning module BehaviorTreeEditor (68)
[2015.01.20-00.50.25:125][  1]LogModuleManager: Shutting down and abandoning module FunctionalTesting (67)
[2015.01.20-00.50.25:125][  1]LogModuleManager: Shutting down and abandoning module CollisionAnalyzer (66)
[2015.01.20-00.50.25:125][  1]LogModuleManager: Shutting down and abandoning module WorkspaceMenuStructure (65)
[2015.01.20-00.50.25:125][  1]LogModuleManager: Shutting down and abandoning module MessageLog (64)
[2015.01.20-00.50.25:125][  1]LogModuleManager: Shutting down and abandoning module Sequencer (63)
[2015.01.20-00.50.25:125][  1]LogModuleManager: Shutting down and abandoning module AssetTools (62)
[2015.01.20-00.50.25:125][  1]LogModuleManager: Shutting down and abandoning module UMGEditor (61)
[2015.01.20-00.50.25:125][  1]LogModuleManager: Shutting down and abandoning module UMG (60)
[2015.01.20-00.50.25:125][  1]LogModuleManager: Shutting down and abandoning module Slate (59)
[2015.01.20-00.50.25:125][  1]LogModuleManager: Shutting down and abandoning module EditorStyle (58)
[2015.01.20-00.50.25:129][  1]LogModuleManager: Shutting down and abandoning module SessionServices (57)
[2015.01.20-00.50.25:130][  1]LogModuleManager: Shutting down and abandoning module SourceCodeAccess (56)
[2015.01.20-00.50.25:130][  1]LogModuleManager: Shutting down and abandoning module HeadMountedDisplay (55)
[2015.01.20-00.50.25:130][  1]LogModuleManager: Shutting down and abandoning module XAudio2 (54)
[2015.01.20-00.50.25:130][  1]LogModuleManager: Shutting down and abandoning module Networking (52)
[2015.01.20-00.50.25:130][  1]LogModuleManager: Shutting down and abandoning module Core (51)
[2015.01.20-00.50.25:130][  1]LogModuleManager: Shutting down and abandoning module KismetCompiler (50)
[2015.01.20-00.50.25:130][  1]LogModuleManager: Shutting down and abandoning module PhysXFormats (49)
[2015.01.20-00.50.25:130][  1]LogModuleManager: Shutting down and abandoning module MeshUtilities (48)
[2015.01.20-00.50.25:130][  1]LogModuleManager: Shutting down and abandoning module DerivedDataCache (47)
[2015.01.20-00.50.25:135][  1]LogDerivedDataCache: Shutdown
[2015.01.20-00.50.25:135][  1]LogModuleManager: Shutting down and abandoning module ShaderFormatOpenGL (46)
[2015.01.20-00.50.25:135][  1]LogModuleManager: Shutting down and abandoning module ShaderFormatD3D (45)
[2015.01.20-00.50.25:135][  1]LogModuleManager: Shutting down and abandoning module MetalShaderFormat (44)
[2015.01.20-00.50.25:135][  1]LogModuleManager: Shutting down and abandoning module TextureFormatUncompressed (43)
[2015.01.20-00.50.25:135][  1]LogModuleManager: Shutting down and abandoning module TextureFormatPVR (42)
[2015.01.20-00.50.25:135][  1]LogModuleManager: Shutting down and abandoning module TextureFormatDXT (41)
[2015.01.20-00.50.25:135][  1]LogModuleManager: Shutting down and abandoning module TextureFormatAndroid (40)
[2015.01.20-00.50.25:135][  1]LogModuleManager: Shutting down and abandoning module AudioFormatOpus (39)
[2015.01.20-00.50.25:135][  1]LogModuleManager: Shutting down and abandoning module AudioFormatOgg (38)
[2015.01.20-00.50.25:135][  1]LogModuleManager: Shutting down and abandoning module AudioFormatADPCM (37)
[2015.01.20-00.50.25:135][  1]LogModuleManager: Shutting down and abandoning module LinuxTargetPlatform (36)
[2015.01.20-00.50.25:135][  1]LogModuleManager: Shutting down and abandoning module LinuxServerTargetPlatform (35)
[2015.01.20-00.50.25:135][  1]LogModuleManager: Shutting down and abandoning module LinuxNoEditorTargetPlatform (34)
[2015.01.20-00.50.25:135][  1]LogModuleManager: Shutting down and abandoning module Messaging (33)
[2015.01.20-00.50.25:135][  1]LogModuleManager: Shutting down and abandoning module IOSTargetPlatform (32)
[2015.01.20-00.50.25:135][  1]LogModuleManager: Shutting down and abandoning module Android_PVRTCTargetPlatform (31)
[2015.01.20-00.50.25:135][  1]LogModuleManager: Shutting down and abandoning module Android_ETC2TargetPlatform (30)
[2015.01.20-00.50.25:135][  1]LogModuleManager: Shutting down and abandoning module Android_ETC1TargetPlatform (29)
[2015.01.20-00.50.25:135][  1]LogModuleManager: Shutting down and abandoning module Android_DXTTargetPlatform (28)
[2015.01.20-00.50.25:135][  1]LogModuleManager: Shutting down and abandoning module Android_ATCTargetPlatform (27)
[2015.01.20-00.50.25:135][  1]LogModuleManager: Shutting down and abandoning module AndroidTargetPlatform (26)
[2015.01.20-00.50.25:135][  1]LogModuleManager: Shutting down and abandoning module WindowsTargetPlatform (25)
[2015.01.20-00.50.25:135][  1]LogModuleManager: Shutting down and abandoning module WindowsServerTargetPlatform (24)
[2015.01.20-00.50.25:135][  1]LogModuleManager: Shutting down and abandoning module WindowsNoEditorTargetPlatform (23)
[2015.01.20-00.50.25:135][  1]LogModuleManager: Shutting down and abandoning module WindowsClientTargetPlatform (22)
[2015.01.20-00.50.25:135][  1]LogModuleManager: Shutting down and abandoning module TargetPlatform (21)
[2015.01.20-00.50.25:135][  1]LogModuleManager: Shutting down and abandoning module InputCore (20)
[2015.01.20-00.50.25:135][  1]LogModuleManager: Shutting down and abandoning module Settings (19)
[2015.01.20-00.50.25:135][  1]LogModuleManager: Shutting down and abandoning module ImageWrapper (18)
[2015.01.20-00.50.25:135][  1]LogModuleManager: Shutting down and abandoning module OculusRift (15)
[2015.01.20-00.50.25:135][  1]LogModuleManager: Shutting down and abandoning module ExampleDeviceProfileSelector (14)
[2015.01.20-00.50.25:135][  1]LogModuleManager: Shutting down and abandoning module TextureCompressor (13)
[2015.01.20-00.50.25:135][  1]LogModuleManager: Shutting down and abandoning module ShaderCore (12)
[2015.01.20-00.50.25:135][  1]LogModuleManager: Shutting down and abandoning module Landscape (11)
[2015.01.20-00.50.25:135][  1]LogModuleManager: Shutting down and abandoning module SlateRHIRenderer (10)
[2015.01.20-00.50.25:137][  1]LogModuleManager: Shutting down and abandoning module OpenGLDrv (9)
[2015.01.20-00.50.25:137][  1]LogModuleManager: Shutting down and abandoning module D3D11RHI (8)
[2015.01.20-00.50.25:137][  1]LogModuleManager: Shutting down and abandoning module Renderer (7)
[2015.01.20-00.50.25:137][  1]LogModuleManager: Shutting down and abandoning module Engine (6)
[2015.01.20-00.50.25:137][  1]LogModuleManager: Shutting down and abandoning module CoreUObject (5)
[2015.01.20-00.50.25:137][  1]LogModuleManager: Shutting down and abandoning module NetworkFile (4)
[2015.01.20-00.50.25:137][  1]LogModuleManager: Shutting down and abandoning module StreamingFile (3)
[2015.01.20-00.50.25:137][  1]LogModuleManager: Shutting down and abandoning module SandboxFile (2)
[2015.01.20-00.50.25:137][  1]LogModuleManager: Shutting down and abandoning module PakFile (1)
[2015.01.20-00.50.25:138][  1]LogExit: Exiting.
[2015.01.20-00.50.25:193][  1]Log file closed, 01/19/15 19:50:25
