Log file open, 01/20/15 15:22:23
LogInit:Display: Running engine for game: KodainaKingdom
LogInit: Version: 4.6.1-2386410+++depot+UE4-Releases+4.6
LogInit: API Version: 2369412
LogInit: Compiled (64-bit): Dec 11 2014 21:31:39
LogInit: Compiled with Visual C++: 18.00.21005.01
LogInit: Build Configuration: Development
LogInit: Branch Name: ++depot+UE4-Releases+4.6
LogInit: Command line:  
LogInit: Base directory: C:/Program Files/Unreal/Epic Games/4.6/Engine/Binaries/Win64/
LogInit: Rocket: 1
[2015.01.20-20.22.23:401][  0]LogTaskGraph: Started task graph with 3 named threads and 6 total threads.
[2015.01.20-20.22.23:451][  0]LogOnline:Warning: No default platform service specified for OnlineSubsystem
[2015.01.20-20.22.23:471][  0]LogInit: Presizing for 0 objects not considered by GC, pre-allocating 0 bytes.
[2015.01.20-20.22.23:482][  0]LogInit: Object subsystem initialized
[2015.01.20-20.22.23:484][  0]LogConsoleResponse:Warning: Skipping Unknown console variable: 'UIScaleRule = ShortestSide'
[2015.01.20-20.22.23:484][  0]LogConsoleResponse:Warning:   Found in ini file 'C:/Users/Class2018/Documents/Unreal Projects/Kodaina/Saved/Config/Windows/Engine.ini', in section '[/Script/Engine.RendererSettings]'
[2015.01.20-20.22.23:484][  0]LogConsoleResponse:Warning: Skipping Unknown console variable: 'UIScaleCurve = (EditorCurveData=(Keys=),ExternalCurve=None)'
[2015.01.20-20.22.23:484][  0]LogConsoleResponse:Warning:   Found in ini file 'C:/Users/Class2018/Documents/Unreal Projects/Kodaina/Saved/Config/Windows/Engine.ini', in section '[/Script/Engine.RendererSettings]'
[2015.01.20-20.22.23:485][  0]LogConsoleManager:Warning: Console variable 'r.MSAA.CompositingSampleCount' wasn't set (Priority ProjectSetting < Scalability)
[2015.01.20-20.22.23:485][  0]LogInit: Selected Device Profile: [Windows]
[2015.01.20-20.22.23:485][  0]LogInit: Applying CVar settings loaded from the selected device profile: [Windows]
[2015.01.20-20.22.23:507][  0]LogInit: Computer: O566
[2015.01.20-20.22.23:507][  0]LogInit: User: O566
[2015.01.20-20.22.23:507][  0]LogInit: CPU Page size=4096, Cores=4
[2015.01.20-20.22.23:507][  0]LogInit: High frequency timer resolution =2.338388 MHz
[2015.01.20-20.22.23:508][  0]LogMemory: Memory total: Physical=7.6GB (8GB approx) Virtual=8192.0GB
[2015.01.20-20.22.23:508][  0]LogMemory: Platform Memory Stats for Windows
[2015.01.20-20.22.23:508][  0]LogMemory: Process Physical Memory: 51.99 MB used, 51.99 MB peak
[2015.01.20-20.22.23:508][  0]LogMemory: Process Virtual Memory: 27.50 MB used, 27.50 MB peak
[2015.01.20-20.22.23:508][  0]LogMemory: Physical Memory: 3408.06 MB used, 7833.11 MB total
[2015.01.20-20.22.23:508][  0]LogMemory: Virtual Memory: 265.88 MB used, 8388608.00 MB total
[2015.01.20-20.22.23:553][  0]LogD3D11RHI: Found D3D11 adapter 0: Intel(R) HD Graphics 4600 (Feature Level 11_0)
[2015.01.20-20.22.23:553][  0]LogD3D11RHI: Adapter has 128MB of dedicated video memory, 0MB of dedicated system memory, and 1632MB of shared system memory, 1 output[s]
[2015.01.20-20.22.23:553][  0]LogD3D11RHI: Chosen D3D11 Adapter Id = 0
[2015.01.20-20.22.23:560][  0]LogRHI: Texture pool is 660 MB (70% of 944 MB)
[2015.01.20-20.22.23:577][  0]LogD3D11RHI: Async texture creation enabled
[2015.01.20-20.22.23:645][  0]LogTextLocalizationManager: The requested culture ('en_US') has no localization data; parent culture's ('en') localization data will be used.
[2015.01.20-20.22.23:811][  0]LogContentStreaming: Texture pool size is 0.000000MB
[2015.01.20-20.22.30:948][  0]LogTargetPlatformManager:Display: Building Assets For Windows
[2015.01.20-20.22.31:464][  0]LogTargetPlatformManager:Display: Building Assets For Windows
[2015.01.20-20.22.31:523][  0]LogDerivedDataCache:Display: Max Cache Size: 512 MB
[2015.01.20-20.22.31:574][  0]LogDerivedDataCache: Loaded boot cache 0.05s 39MB C:/Users/Class2018/AppData/Local/UnrealEngine/4.6/DerivedDataCache/Boot.ddc.
[2015.01.20-20.22.31:574][  0]LogDerivedDataCache:Display: Loaded Boot cache: C:/Users/Class2018/AppData/Local/UnrealEngine/4.6/DerivedDataCache/Boot.ddc
[2015.01.20-20.22.31:574][  0]LogDerivedDataCache: FDerivedDataBackendGraph:  Pak pak cache file ../../../../../../../Users/Class2018/Documents/Unreal Projects/Kodaina/DerivedDataCache/DDC.ddp not found, will not use a pak cache.
[2015.01.20-20.22.31:574][  0]LogDerivedDataCache: Unable to find inner node Pak for hierarchical cache Hierarchy.
[2015.01.20-20.22.31:667][  0]LogDerivedDataCache:Display: Pak cache opened for reading ../../../Engine/DerivedDataCache/DDC.ddp.
[2015.01.20-20.22.31:678][  0]LogDerivedDataCache: Using Local data cache path C:/Users/Class2018/AppData/Local/UnrealEngine/Common/DerivedDataCache: Writable
[2015.01.20-20.22.31:864][  0]LogCollisionProfile:Warning: Profile (UI) - Custom Channel Name = 'Weapon' hasn't been found
[2015.01.20-20.22.32:025][  0]LogMeshUtilities: No automatic mesh reduction module available
[2015.01.20-20.22.32:025][  0]LogMeshUtilities: No automatic mesh merging module available
[2015.01.20-20.22.32:480][  0]LogInit: WinSock: version 1.1 (2.2), MaxSocks=32767, MaxUdp=65467
[2015.01.20-20.22.32:541][  0]LogSlate:Warning: Failed to load font data from '../../../Engine/Content/Slate/Fonts/Roboto-Italic.ttf'
[2015.01.20-20.22.33:892][  0]UdpMessaging: Initializing bridge on interface 0.0.0.0:0 to multicast group 230.0.0.1:6666.
[2015.01.20-20.22.34:061][  0]LogDirectoryWatcher:Warning: Failed to begin reading directory changes for C:/Users/Class2018/Documents/Unreal Projects/Kodaina/Binaries/Win64. Error: 0
[2015.01.20-20.22.34:272][  0]SourceControl: Info Source control is disabled
[2015.01.20-20.22.34:272][  0]SourceControl: Info Source control is disabled
[2015.01.20-20.22.34:280][  0]SourceControl: Info Source control is disabled
[2015.01.20-20.22.34:429][  0]LogObj: 23754 objects as part of root set at end of initial load.
[2015.01.20-20.22.34:429][  0]LogUObjectAllocator: 5168136 out of 0 bytes used by permanent object pool.
[2015.01.20-20.22.34:490][  0]LogEngine: Initializing Engine...
[2015.01.20-20.22.34:656][  0]LogInit: XAudio2 using 'Speakers / HP (IDT High Definition Audio CODEC)' : 2 channels at 48 kHz using 16 bits per sample (channel mask 0x3)
[2015.01.20-20.22.34:778][  0]LogInit: FAudioDevice initialized.
[2015.01.20-20.22.34:800][  0]LogAIModule: Creating AISystem for world NewWorld
[2015.01.20-20.22.34:833][  0]LogDerivedDataCache: Saved boot cache 0.03s 39MB C:/Users/Class2018/AppData/Local/UnrealEngine/4.6/DerivedDataCache/Boot.ddc.
[2015.01.20-20.22.34:836][  0]LogInit: Texture streaming: Enabled
[2015.01.20-20.22.34:869][  0]LogAnalytics: Creating configured Analytics provider AnalyticsET
[2015.01.20-20.22.34:869][  0]LogAnalytics: ET APIKey = Rocket.Release. APIServer = http://et2.epicgames.com/ET2/. AppVersion = 4.6.1-2386410+++depot+UE4-Releases+4.6
[2015.01.20-20.22.34:871][  0]LogAnalytics: SetUserId 5c89284d90a082ec1d32db0c8e54d6f0
[2015.01.20-20.22.34:871][  0]LogAnalytics: AnalyticsET::StartSession [Rocket.Release]
[2015.01.20-20.22.34:887][  0]LogInit: Transaction tracking system initialized
[2015.01.20-20.22.35:036][  0]BlueprintLog: New page: Editor Load
[2015.01.20-20.22.35:066][  0]LogAssetRegistry: FAssetRegistry took 0.0101 seconds to start up
[2015.01.20-20.22.35:067][  0]LogDirectoryWatcher:Warning: Failed to begin reading directory changes for ../../../Engine/Plugins/Experimental/CharacterAI/Content/. Error: 0
[2015.01.20-20.22.35:658][  0]LogTargetPlatformManager:Display: Building Assets For Windows
[2015.01.20-20.22.36:141][  0]LogTargetPlatformManager:Display: Building Assets For Windows
[2015.01.20-20.22.36:741][  0]LogConsoleResponse:Display: 
[2015.01.20-20.22.36:852][  0]LogLinker:Warning: Asset '../../../Engine/Content/Functions/Engine_MaterialFunctions03/Procedurals/ComputeFilterWidth.uasset' has been saved with empty engine version. The asset will be loaded but may be incompatible.
[2015.01.20-20.22.37:053][  0]SourceControl: Info Source control is disabled
[2015.01.20-20.22.37:054][  0]Cmd: MAP LOAD FILE="../../../../../../../Users/Class2018/Documents/Unreal Projects/Kodaina/Content/Maps/TestLevel.umap" TEMPLATE=0 SHOWPROGRESS=1
[2015.01.20-20.22.37:054][  0]LightingResults: New page: Lighting Build
[2015.01.20-20.22.37:064][  0]MapCheck: New page: Map Check
[2015.01.20-20.22.37:064][  0]LightingResults: New page: Lighting Build
[2015.01.20-20.22.37:072][  0]LogParticles: Destroying 0 GPU particle simulations for FXSystem 0x0000000016A419E0
[2015.01.20-20.22.37:138][  0]LogEditorServer: Finished looking for orphan Actors (0.000 secs)
[2015.01.20-20.22.37:139][  0]LogAIModule: Creating AISystem for world TestLevel
[2015.01.20-20.22.37:140][  0]Cmd: MAP CHECKDEP
[2015.01.20-20.22.37:140][  0]MapCheck: New page: TestLevel - Jan 20, 2015, 10:22:37 AM
[2015.01.20-20.22.37:243][  0]MapCheck: Info Map check complete: 0 Error(s), 0 Warning(s), took 102.454ms to complete.
[2015.01.20-20.22.37:243][  0]LogFileHelpers: Loading map 'TestLevel' took 0.189
[2015.01.20-20.22.37:324][  0]LogCollectionManager: Loaded 0 collections in 0.001265 seconds
[2015.01.20-20.22.37:501][  0]LogCrashTracker: Crashtracker disabled due to settings.
[2015.01.20-20.22.37:554][  0]LogLoad: Full Startup: 16.45 seconds (BP compile: 0.01 seconds)
[2015.01.20-20.22.37:898][  0]LogContentBrowser:Verbose: The content browser source was changed by the sources view to '/Game/Blueprints'
[2015.01.20-20.22.38:043][  0]LogPackageName: SearchForPackageOnDisk took   0.100s to resolve LevelEditor.TutorialLaunchButton
[2015.01.20-20.22.38:043][  0]LogUObjectGlobals:Warning: LoadPackage can't find package LevelEditor.TutorialLaunchButton.
[2015.01.20-20.22.38:137][  0]LogPackageName: SearchForPackageOnDisk took   0.093s to resolve 
[2015.01.20-20.22.38:137][  0]LogUObjectGlobals:Warning: LoadPackage can't find package .
[2015.01.20-20.22.38:239][  0]LogRenderer:Warning: Reallocating scene render targets to support 1200x904.
[2015.01.20-20.22.39:661][  5]LogAssetRegistry: Asset discovery search completed in 4.6045 seconds
[2015.01.20-20.22.53:875][274]LogEditorViewport: Clicking Background
[2015.01.20-20.22.58:832][554]BlueprintLog: New page: Pre-PIE auto-recompile
[2015.01.20-20.22.58:832][554]LogPlayLevel: [PIE] Compiling TestLevel before PIE...
[2015.01.20-20.22.58:868][554]LogPlayLevel: PIE:  Blueprint regeneration took 36 ms (1 blueprints)
[2015.01.20-20.22.58:869][554]PIE: New page: PIE session: TestLevel (Jan 20, 2015, 10:22:58 AM)
[2015.01.20-20.22.58:870][554]LogPlayLevel: PIE: StaticDuplicateObject took: (0.001293s)
[2015.01.20-20.22.58:871][554]LogPlayLevel: PIE: World Init took: (0.000516s)
[2015.01.20-20.22.58:871][554]LogPlayLevel: PIE: Created PIE world by copying editor world from /Game/Maps/TestLevel.TestLevel to /Game/Maps/UEDPIE_0_TestLevel.TestLevel (0.001956s)
[2015.01.20-20.22.59:392][554]LogWorld: Game class is 'Kodaina_C'
[2015.01.20-20.22.59:394][554]LogAIModule: Creating AISystem for world TestLevel
[2015.01.20-20.22.59:395][554]LogWorld: Bringing World /Game/Maps/UEDPIE_0_TestLevel.TestLevel up for play (max tick rate 60) at 2015.01.20-15.22.59
[2015.01.20-20.22.59:395][554]LogWorld: Bringing up level for play took: 0.001230
[2015.01.20-20.22.59:397][554]PIE: Info Play in editor start time for /Game/Maps/UEDPIE_0_TestLevel 0.77
[2015.01.20-20.23.02:447][669]LogActorComponent: UnregisterComponent: (/Engine/Transient.CharacterMovementComponent_0) Not registered. Aborting.
[2015.01.20-20.23.02:460][669]LogParticles: Destroying 0 GPU particle simulations for FXSystem 0x000000001DDA0A40
[2015.01.20-20.23.07:408][806]LogPropertyNode:Warning: UI Min (0.001) >= UI Max () for Ranged Numeric
[2015.01.20-20.23.07:418][806]LogPropertyNode:Warning: UI Min (0.001) >= UI Max () for Ranged Numeric
[2015.01.20-20.23.07:581][806]LogPropertyNode:Warning: UI Min (0.001) >= UI Max () for Ranged Numeric
[2015.01.20-20.23.07:583][806]LogPropertyNode:Warning: UI Min (0.001) >= UI Max () for Ranged Numeric
[2015.01.20-20.23.07:967][806]LogPackageName: SearchForPackageOnDisk took   0.295s to resolve LevelEditor.TutorialLaunchButton
[2015.01.20-20.23.07:967][806]LogUObjectGlobals:Warning: LoadPackage can't find package LevelEditor.TutorialLaunchButton.
[2015.01.20-20.23.08:263][806]LogPackageName: SearchForPackageOnDisk took   0.296s to resolve 
[2015.01.20-20.23.08:263][806]LogUObjectGlobals:Warning: LoadPackage can't find package .
[2015.01.20-20.23.37:572][556]BlueprintLog: New page: Pre-PIE auto-recompile
[2015.01.20-20.23.37:582][556]LogPlayLevel: [PIE] Compiling Tutorial_BP_MacroLib before PIE...
[2015.01.20-20.23.37:704][556]LogPlayLevel: [PIE] Compiling TestLevel before PIE...
[2015.01.20-20.23.37:793][556]LogActorComponent: UnregisterComponent: (/Engine/Transient.CharacterMovementComponent_1) Not registered. Aborting.
[2015.01.20-20.23.37:846][556]LogPlayLevel: PIE:  Blueprint regeneration took 274 ms (2 blueprints)
[2015.01.20-20.23.37:847][556]PIE: New page: PIE session: TestLevel (Jan 20, 2015, 10:23:37 AM)
[2015.01.20-20.23.37:850][556]LogPlayLevel: PIE: StaticDuplicateObject took: (0.003016s)
[2015.01.20-20.23.37:852][556]LogPlayLevel: PIE: World Init took: (0.001135s)
[2015.01.20-20.23.37:852][556]LogPlayLevel: PIE: Created PIE world by copying editor world from /Game/Maps/TestLevel.TestLevel to /Game/Maps/UEDPIE_0_TestLevel.TestLevel (0.004490s)
[2015.01.20-20.23.37:935][556]LogWorld: Game class is 'Kodaina_C'
[2015.01.20-20.23.37:939][556]LogAIModule: Creating AISystem for world TestLevel
[2015.01.20-20.23.37:941][556]LogWorld: Bringing World /Game/Maps/UEDPIE_0_TestLevel.TestLevel up for play (max tick rate 60) at 2015.01.20-15.23.37
[2015.01.20-20.23.37:943][556]LogWorld: Bringing up level for play took: 0.002654
[2015.01.20-20.23.37:947][556]PIE: Info Play in editor start time for /Game/Maps/UEDPIE_0_TestLevel 1.318
[2015.01.20-20.24.02:737][428]LogParticles: Destroying 0 GPU particle simulations for FXSystem 0x0000000019B67B00
[2015.01.20-20.26.15:123][ 18]BlueprintLog: New page: Pre-PIE auto-recompile
[2015.01.20-20.26.15:127][ 18]LogPlayLevel: [PIE] Compiling TestLevel before PIE...
[2015.01.20-20.26.15:192][ 18]LogPlayLevel: PIE:  Blueprint regeneration took 69 ms (1 blueprints)
[2015.01.20-20.26.15:193][ 18]PIE: New page: PIE session: TestLevel (Jan 20, 2015, 10:26:15 AM)
[2015.01.20-20.26.15:194][ 18]LogPlayLevel: PIE: StaticDuplicateObject took: (0.001593s)
[2015.01.20-20.26.15:195][ 18]LogPlayLevel: PIE: World Init took: (0.000707s)
[2015.01.20-20.26.15:195][ 18]LogPlayLevel: PIE: Created PIE world by copying editor world from /Game/Maps/TestLevel.TestLevel to /Game/Maps/UEDPIE_0_TestLevel.TestLevel (0.002482s)
[2015.01.20-20.26.15:225][ 18]LogWorld: Game class is 'Kodaina_C'
[2015.01.20-20.26.15:227][ 18]LogAIModule: Creating AISystem for world TestLevel
[2015.01.20-20.26.15:228][ 18]LogWorld: Bringing World /Game/Maps/UEDPIE_0_TestLevel.TestLevel up for play (max tick rate 60) at 2015.01.20-15.26.15
[2015.01.20-20.26.15:229][ 18]LogWorld: Bringing up level for play took: 0.001377
[2015.01.20-20.26.15:231][ 18]PIE: Info Play in editor start time for /Game/Maps/UEDPIE_0_TestLevel 0.599
[2015.01.20-20.26.27:154][454]LogParticles: Destroying 0 GPU particle simulations for FXSystem 0x000000001E5E7C40
[2015.01.20-20.33.22:652][777]LogActorComponent: UnregisterComponent: (/Engine/Transient.CharacterMovementComponent_2) Not registered. Aborting.
[2015.01.20-20.33.22:707][777]LogFileHelpers: Editor autosave (incl. sublevels) for '/Game/Maps/TestLevel' took 0.055
[2015.01.20-20.33.22:761][777]OBJ SavePackage: Generating thumbnails for [1] asset(s) in package [/Game/Blueprints/MyCharacter] ([1] browsable assets)...
[2015.01.20-20.33.22:870][777]OBJ SavePackage:     Rendered thumbnail for [Blueprint /Game/Blueprints/MyCharacter.MyCharacter]
[2015.01.20-20.33.22:870][777]OBJ SavePackage: Finished generating thumbnails for package [/Game/Blueprints/MyCharacter]
[2015.01.20-20.33.24:998][777]LogSavePackage: Save=1943.957153ms
[2015.01.20-20.33.24:998][777]LogSavePackage: Moving '../../../../../../../Users/Class2018/Documents/Unreal Projects/Kodaina/Saved/MyCharacter_Auto189979B1E4310A870454B3CA17484479D.tmp' to '../../../../../../../Users/Class2018/Documents/Unreal Projects/Kodaina/Saved/Autosaves/Game/Blueprints/MyCharacter_Auto1.uasset'
[2015.01.20-20.33.25:012][777]LogFileHelpers: Auto-saving content packages took 2.305
[2015.01.20-20.41.49:877][184]LogUObjectGlobals:Warning: Failed to find object 'Object None.'
[2015.01.20-20.42.39:009][226]LogPropertyNode:Warning: UI Min (0.001) >= UI Max () for Ranged Numeric
[2015.01.20-20.42.39:012][226]LogPropertyNode:Warning: UI Min (0.001) >= UI Max () for Ranged Numeric
[2015.01.20-20.42.39:079][226]LogActorComponent: UnregisterComponent: (/Engine/Transient.CharacterMovementComponent_3) Not registered. Aborting.
[2015.01.20-20.42.43:470][301]LogPropertyNode:Warning: UI Min (0.001) >= UI Max () for Ranged Numeric
[2015.01.20-20.42.43:472][301]LogPropertyNode:Warning: UI Min (0.001) >= UI Max () for Ranged Numeric
[2015.01.20-20.42.43:535][301]LogActorComponent: UnregisterComponent: (/Engine/Transient.CharacterMovementComponent_4) Not registered. Aborting.
[2015.01.20-20.42.47:094][350]LogPropertyNode:Warning: UI Min (0.001) >= UI Max () for Ranged Numeric
[2015.01.20-20.42.47:097][350]LogPropertyNode:Warning: UI Min (0.001) >= UI Max () for Ranged Numeric
[2015.01.20-20.42.47:166][350]LogActorComponent: UnregisterComponent: (/Engine/Transient.CharacterMovementComponent_5) Not registered. Aborting.
[2015.01.20-20.43.27:853][  3]BlueprintLog: New page: Compile MyCharacter
[2015.01.20-20.43.28:181][  3]LogBlueprint:Warning: [compiler] Warning ReturnNode Exec pin has no connections on  EdGraphPin_1543 
[2015.01.20-20.43.28:202][  3]LogBlueprint:Error: [compiler] Error Pin  Output Space  named OutputSpace doesn't match any parameters of function MoveSpace
[2015.01.20-20.43.28:202][  3]LogBlueprint:Error: [compiler] Error Pin  Output Space  named OutputSpace doesn't match any parameters of function MoveSpace
[2015.01.20-20.43.28:203][  3]LogBlueprint:Error: [compiler] Error Pin  Output Space  named OutputSpace doesn't match any parameters of function MoveSpace
[2015.01.20-20.43.28:204][  3]LogBlueprint:Error: [compiler] Error Pin  Output Space  named OutputSpace doesn't match any parameters of function MoveSpace
[2015.01.20-20.43.28:259][  3]LogPropertyNode:Warning: UI Min (0.001) >= UI Max () for Ranged Numeric
[2015.01.20-20.43.28:262][  3]LogPropertyNode:Warning: UI Min (0.001) >= UI Max () for Ranged Numeric
[2015.01.20-20.43.28:588][  3]LogActorComponent: UnregisterComponent: (/Engine/Transient.CharacterMovementComponent_6) Not registered. Aborting.
[2015.01.20-20.43.28:833][  3]LogPropertyNode:Warning: UI Min (0.001) >= UI Max () for Ranged Numeric
[2015.01.20-20.43.28:836][  3]LogPropertyNode:Warning: UI Min (0.001) >= UI Max () for Ranged Numeric
[2015.01.20-20.43.28:915][  3]LogBlueprint:Warning: [compiler] Warning [1267.78] Compile of MyCharacter failed. 4 Fatal Issue(s) 1 Warning(s) [in 860 ms]
[2015.01.20-20.43.28:915][  3]BlueprintEditorCompileResults:Warning: Warning ReturnNode Exec pin has no connections on  EdGraphPin_1543 
[2015.01.20-20.43.28:916][  3]BlueprintEditorCompileResults:Error: Error Pin  Output Space  named OutputSpace doesn't match any parameters of function MoveSpace
[2015.01.20-20.43.28:916][  3]BlueprintEditorCompileResults:Error: Error Pin  Output Space  named OutputSpace doesn't match any parameters of function MoveSpace
[2015.01.20-20.43.28:916][  3]BlueprintEditorCompileResults:Error: Error Pin  Output Space  named OutputSpace doesn't match any parameters of function MoveSpace
[2015.01.20-20.43.28:916][  3]BlueprintEditorCompileResults:Error: Error Pin  Output Space  named OutputSpace doesn't match any parameters of function MoveSpace
[2015.01.20-20.43.28:916][  3]BlueprintEditorCompileResults:Warning: Warning [1267.78] Compile of MyCharacter failed. 4 Fatal Issue(s) 1 Warning(s) [in 860 ms]
[2015.01.20-20.43.29:766][  4]LogActorComponent: UnregisterComponent: (/Engine/Transient.CharacterMovementComponent_7) Not registered. Aborting.
[2015.01.20-20.43.29:825][  4]LogFileHelpers: Editor autosave (incl. sublevels) for '/Game/Maps/TestLevel' took 0.059
[2015.01.20-20.43.29:880][  4]OBJ SavePackage: Generating thumbnails for [1] asset(s) in package [/Game/Blueprints/MyCharacter] ([1] browsable assets)...
[2015.01.20-20.43.29:970][  4]OBJ SavePackage:     Rendered thumbnail for [Blueprint /Game/Blueprints/MyCharacter.MyCharacter]
[2015.01.20-20.43.29:970][  4]OBJ SavePackage: Finished generating thumbnails for package [/Game/Blueprints/MyCharacter]
[2015.01.20-20.43.31:536][  4]LogSavePackage: Save=1410.352295ms
[2015.01.20-20.43.31:537][  4]LogSavePackage: Moving '../../../../../../../Users/Class2018/Documents/Unreal Projects/Kodaina/Saved/MyCharacter_Auto2F6AF05C8444D8F5AB4908188CFD46E9A.tmp' to '../../../../../../../Users/Class2018/Documents/Unreal Projects/Kodaina/Saved/Autosaves/Game/Blueprints/MyCharacter_Auto2.uasset'
[2015.01.20-20.43.31:549][  4]LogFileHelpers: Auto-saving content packages took 1.724
[2015.01.20-20.43.32:879][ 31]LogActorComponent: UnregisterComponent: (/Engine/Transient.CharacterMovementComponent_8) Not registered. Aborting.
[2015.01.20-20.43.32:983][ 31]Cmd: OBJ SAVEPACKAGE PACKAGE="/Game/Blueprints/MyCharacter" FILE="../../../../../../../Users/Class2018/Documents/Unreal Projects/Kodaina/Content/Blueprints/MyCharacter.uasset" SILENT=true
[2015.01.20-20.43.33:400][ 31]LogSavePackage: Save=269.475372ms
[2015.01.20-20.43.33:400][ 31]LogSavePackage: Moving '../../../../../../../Users/Class2018/Documents/Unreal Projects/Kodaina/Saved/MyCharacter822924A643C30594D71811981CEBF888.tmp' to '../../../../../../../Users/Class2018/Documents/Unreal Projects/Kodaina/Content/Blueprints/MyCharacter.uasset'
[2015.01.20-20.43.47:722][309]BlueprintLog: New page: Compile MyCharacter
[2015.01.20-20.43.48:119][309]LogPropertyNode:Warning: UI Min (0.001) >= UI Max () for Ranged Numeric
[2015.01.20-20.43.48:122][309]LogPropertyNode:Warning: UI Min (0.001) >= UI Max () for Ranged Numeric
[2015.01.20-20.43.48:291][309]LogActorComponent: UnregisterComponent: (/Engine/Transient.CharacterMovementComponent_9) Not registered. Aborting.
[2015.01.20-20.43.48:453][309]LogPropertyNode:Warning: UI Min (0.001) >= UI Max () for Ranged Numeric
[2015.01.20-20.43.48:455][309]LogPropertyNode:Warning: UI Min (0.001) >= UI Max () for Ranged Numeric
[2015.01.20-20.43.48:533][309]BlueprintEditorCompileResults: Info [1287.40] Compile of MyCharacter successful! [in 601 ms]
[2015.01.20-20.44.16:536][ 62]BlueprintLog: New page: Pre-PIE auto-recompile
[2015.01.20-20.44.16:547][ 62]LogPlayLevel: [PIE] Compiling TestLevel before PIE...
[2015.01.20-20.44.16:671][ 62]LogPlayLevel: [PIE] Compiling MyHud before PIE...
[2015.01.20-20.44.16:890][ 62]LogPropertyNode:Warning: UI Min (0.001) >= UI Max () for Ranged Numeric
[2015.01.20-20.44.16:893][ 62]LogPropertyNode:Warning: UI Min (0.001) >= UI Max () for Ranged Numeric
[2015.01.20-20.44.16:959][ 62]LogActorComponent: UnregisterComponent: (/Engine/Transient.CharacterMovementComponent_10) Not registered. Aborting.
[2015.01.20-20.44.17:042][ 62]LogPropertyNode:Warning: UI Min (0.001) >= UI Max () for Ranged Numeric
[2015.01.20-20.44.17:045][ 62]LogPropertyNode:Warning: UI Min (0.001) >= UI Max () for Ranged Numeric
[2015.01.20-20.44.17:102][ 62]LogPlayLevel: [PIE] Compiling MyCharacter before PIE...
[2015.01.20-20.44.17:412][ 62]LogPropertyNode:Warning: UI Min (0.001) >= UI Max () for Ranged Numeric
[2015.01.20-20.44.17:414][ 62]LogPropertyNode:Warning: UI Min (0.001) >= UI Max () for Ranged Numeric
[2015.01.20-20.44.17:616][ 62]LogPropertyNode:Warning: UI Min (0.001) >= UI Max () for Ranged Numeric
[2015.01.20-20.44.17:618][ 62]LogPropertyNode:Warning: UI Min (0.001) >= UI Max () for Ranged Numeric
[2015.01.20-20.44.17:726][ 62]LogPlayLevel: PIE:  Blueprint regeneration took 1190 ms (3 blueprints)
[2015.01.20-20.44.17:727][ 62]PIE: New page: PIE session: TestLevel (Jan 20, 2015, 10:44:17 AM)
[2015.01.20-20.44.17:730][ 62]LogPlayLevel: PIE: StaticDuplicateObject took: (0.002431s)
[2015.01.20-20.44.17:731][ 62]LogPlayLevel: PIE: World Init took: (0.001411s)
[2015.01.20-20.44.17:731][ 62]LogPlayLevel: PIE: Created PIE world by copying editor world from /Game/Maps/TestLevel.TestLevel to /Game/Maps/UEDPIE_0_TestLevel.TestLevel (0.004106s)
[2015.01.20-20.44.17:764][ 62]LogWorld: Game class is 'Kodaina_C'
[2015.01.20-20.44.17:768][ 62]LogAIModule: Creating AISystem for world TestLevel
[2015.01.20-20.44.17:770][ 62]LogWorld: Bringing World /Game/Maps/UEDPIE_0_TestLevel.TestLevel up for play (max tick rate 60) at 2015.01.20-15.44.17
[2015.01.20-20.44.17:770][ 62]LogWorld: Bringing up level for play took: 0.002182
[2015.01.20-20.44.17:774][ 62]PIE: Info Play in editor start time for /Game/Maps/UEDPIE_0_TestLevel 1.117
[2015.01.20-20.44.21:882][204]LogArray:Warning: Attempted to get an item from array movementArray out of bounds [-1/0]!
[2015.01.20-20.44.21:928][204]LogArray:Warning: Attempted to remove an item from an invalid index from array movementArray [0/0]!
[2015.01.20-20.44.21:928][204]LogScript:Warning: Accessed None 'CallFunc_MoveSpace_OutputSpace3'
	MyCharacter_C /Game/Maps/UEDPIE_0_TestLevel.TestLevel:PersistentLevel.MyCharacter_C_0
	Function /Game/Blueprints/MyCharacter.MyCharacter_C:ExecuteUbergraph_MyCharacter:072E
[2015.01.20-20.44.21:928][204]PIE:Error: Error Accessed None 'CallFunc_MoveSpace_OutputSpace3' from node ReturnNode in blueprint MyCharacter
[2015.01.20-20.44.21:929][204]LogScript:Warning: Accessed None 'CallFunc_MoveSpace_OutputSpace3'
	MyCharacter_C /Game/Maps/UEDPIE_0_TestLevel.TestLevel:PersistentLevel.MyCharacter_C_0
	Function /Game/Blueprints/MyCharacter.MyCharacter_C:ExecuteUbergraph_MyCharacter:072E
[2015.01.20-20.44.21:930][204]PIE:Error: Error Accessed None 'CallFunc_MoveSpace_OutputSpace3' from node ReturnNode in blueprint MyCharacter
[2015.01.20-20.44.21:954][205]LogArray:Warning: Attempted to get an item from array movementArray out of bounds [-1/0]!
[2015.01.20-20.44.21:954][205]LogArray:Warning: Attempted to remove an item from an invalid index from array movementArray [0/0]!
[2015.01.20-20.44.21:954][205]LogScript:Warning: Accessed None 'CallFunc_MoveSpace_OutputSpace3'
	MyCharacter_C /Game/Maps/UEDPIE_0_TestLevel.TestLevel:PersistentLevel.MyCharacter_C_0
	Function /Game/Blueprints/MyCharacter.MyCharacter_C:ExecuteUbergraph_MyCharacter:072E
[2015.01.20-20.44.21:954][205]PIE:Error: Error Accessed None 'CallFunc_MoveSpace_OutputSpace3' from node ReturnNode in blueprint MyCharacter
[2015.01.20-20.44.21:981][206]LogScript:Warning: Accessed None 'CallFunc_MoveSpace_OutputSpace3'
	MyCharacter_C /Game/Maps/UEDPIE_0_TestLevel.TestLevel:PersistentLevel.MyCharacter_C_0
	Function /Game/Blueprints/MyCharacter.MyCharacter_C:ExecuteUbergraph_MyCharacter:072E
[2015.01.20-20.44.21:981][206]PIE:Error: Error Accessed None 'CallFunc_MoveSpace_OutputSpace3' from node ReturnNode in blueprint MyCharacter
[2015.01.20-20.44.23:835][277]LogArray:Warning: Attempted to get an item from array movementArray out of bounds [-1/0]!
[2015.01.20-20.44.23:835][277]LogArray:Warning: Attempted to remove an item from an invalid index from array movementArray [0/0]!
[2015.01.20-20.44.23:860][278]LogArray:Warning: Attempted to get an item from array movementArray out of bounds [-1/0]!
[2015.01.20-20.44.23:860][278]LogArray:Warning: Attempted to remove an item from an invalid index from array movementArray [0/0]!
[2015.01.20-20.44.23:887][279]LogArray:Warning: Attempted to get an item from array movementArray out of bounds [-1/0]!
[2015.01.20-20.44.23:887][279]LogArray:Warning: Attempted to remove an item from an invalid index from array movementArray [0/0]!
[2015.01.20-20.44.23:913][280]LogArray:Warning: Attempted to get an item from array movementArray out of bounds [-1/0]!
[2015.01.20-20.44.23:913][280]LogArray:Warning: Attempted to remove an item from an invalid index from array movementArray [0/0]!
[2015.01.20-20.44.23:939][281]LogArray:Warning: Attempted to get an item from array movementArray out of bounds [-1/0]!
[2015.01.20-20.44.23:939][281]LogArray:Warning: Attempted to remove an item from an invalid index from array movementArray [0/0]!
[2015.01.20-20.44.24:306][295]LogArray:Warning: Attempted to get an item from array movementArray out of bounds [-1/0]!
[2015.01.20-20.44.24:306][295]LogArray:Warning: Attempted to remove an item from an invalid index from array movementArray [0/0]!
[2015.01.20-20.44.24:333][296]LogArray:Warning: Attempted to get an item from array movementArray out of bounds [-1/0]!
[2015.01.20-20.44.24:333][296]LogArray:Warning: Attempted to remove an item from an invalid index from array movementArray [0/0]!
[2015.01.20-20.44.24:360][297]LogArray:Warning: Attempted to get an item from array movementArray out of bounds [-1/0]!
[2015.01.20-20.44.24:360][297]LogArray:Warning: Attempted to remove an item from an invalid index from array movementArray [0/0]!
[2015.01.20-20.44.24:385][298]LogArray:Warning: Attempted to get an item from array movementArray out of bounds [-1/0]!
[2015.01.20-20.44.24:385][298]LogArray:Warning: Attempted to remove an item from an invalid index from array movementArray [0/0]!
[2015.01.20-20.44.24:412][299]LogArray:Warning: Attempted to get an item from array movementArray out of bounds [-1/0]!
[2015.01.20-20.44.24:412][299]LogArray:Warning: Attempted to remove an item from an invalid index from array movementArray [0/0]!
[2015.01.20-20.44.24:648][308]LogArray:Warning: Attempted to get an item from array movementArray out of bounds [-1/0]!
[2015.01.20-20.44.24:648][308]LogArray:Warning: Attempted to remove an item from an invalid index from array movementArray [0/0]!
[2015.01.20-20.44.24:674][309]LogArray:Warning: Attempted to get an item from array movementArray out of bounds [-1/0]!
[2015.01.20-20.44.24:674][309]LogArray:Warning: Attempted to remove an item from an invalid index from array movementArray [0/0]!
[2015.01.20-20.44.24:700][310]LogArray:Warning: Attempted to get an item from array movementArray out of bounds [-1/0]!
[2015.01.20-20.44.24:700][310]LogArray:Warning: Attempted to remove an item from an invalid index from array movementArray [0/0]!
[2015.01.20-20.44.24:727][311]LogArray:Warning: Attempted to get an item from array movementArray out of bounds [-1/0]!
[2015.01.20-20.44.24:727][311]LogArray:Warning: Attempted to remove an item from an invalid index from array movementArray [0/0]!
[2015.01.20-20.44.24:753][312]LogArray:Warning: Attempted to get an item from array movementArray out of bounds [-1/0]!
[2015.01.20-20.44.24:753][312]LogArray:Warning: Attempted to remove an item from an invalid index from array movementArray [0/0]!
[2015.01.20-20.44.24:989][321]LogArray:Warning: Attempted to get an item from array movementArray out of bounds [-1/0]!
[2015.01.20-20.44.24:989][321]LogArray:Warning: Attempted to remove an item from an invalid index from array movementArray [0/0]!
[2015.01.20-20.44.25:016][322]LogArray:Warning: Attempted to get an item from array movementArray out of bounds [-1/0]!
[2015.01.20-20.44.25:016][322]LogArray:Warning: Attempted to remove an item from an invalid index from array movementArray [0/0]!
[2015.01.20-20.44.25:041][323]LogArray:Warning: Attempted to get an item from array movementArray out of bounds [-1/0]!
[2015.01.20-20.44.25:041][323]LogArray:Warning: Attempted to remove an item from an invalid index from array movementArray [0/0]!
[2015.01.20-20.44.25:068][324]LogArray:Warning: Attempted to get an item from array movementArray out of bounds [-1/0]!
[2015.01.20-20.44.25:068][324]LogArray:Warning: Attempted to remove an item from an invalid index from array movementArray [0/0]!
[2015.01.20-20.44.25:094][325]LogArray:Warning: Attempted to get an item from array movementArray out of bounds [-1/0]!
[2015.01.20-20.44.25:095][325]LogArray:Warning: Attempted to remove an item from an invalid index from array movementArray [0/0]!
[2015.01.20-20.44.25:224][330]LogArray:Warning: Attempted to get an item from array movementArray out of bounds [-1/0]!
[2015.01.20-20.44.25:225][330]LogArray:Warning: Attempted to remove an item from an invalid index from array movementArray [0/0]!
[2015.01.20-20.44.25:251][331]LogArray:Warning: Attempted to get an item from array movementArray out of bounds [-1/0]!
[2015.01.20-20.44.25:251][331]LogArray:Warning: Attempted to remove an item from an invalid index from array movementArray [0/0]!
[2015.01.20-20.44.25:278][332]LogArray:Warning: Attempted to get an item from array movementArray out of bounds [-1/0]!
[2015.01.20-20.44.25:278][332]LogArray:Warning: Attempted to remove an item from an invalid index from array movementArray [0/0]!
[2015.01.20-20.44.25:303][333]LogArray:Warning: Attempted to get an item from array movementArray out of bounds [-1/0]!
[2015.01.20-20.44.25:304][333]LogArray:Warning: Attempted to remove an item from an invalid index from array movementArray [0/0]!
[2015.01.20-20.44.25:331][334]LogArray:Warning: Attempted to get an item from array movementArray out of bounds [-1/0]!
[2015.01.20-20.44.25:331][334]LogArray:Warning: Attempted to remove an item from an invalid index from array movementArray [0/0]!
[2015.01.20-20.44.25:357][335]LogArray:Warning: Attempted to get an item from array movementArray out of bounds [-1/0]!
[2015.01.20-20.44.25:357][335]LogArray:Warning: Attempted to remove an item from an invalid index from array movementArray [0/0]!
[2015.01.20-20.44.25:383][336]LogArray:Warning: Attempted to get an item from array movementArray out of bounds [-1/0]!
[2015.01.20-20.44.25:383][336]LogArray:Warning: Attempted to remove an item from an invalid index from array movementArray [0/0]!
[2015.01.20-20.44.25:409][337]LogArray:Warning: Attempted to get an item from array movementArray out of bounds [-1/0]!
[2015.01.20-20.44.25:409][337]LogArray:Warning: Attempted to remove an item from an invalid index from array movementArray [0/0]!
[2015.01.20-20.44.25:435][338]LogArray:Warning: Attempted to get an item from array movementArray out of bounds [-1/0]!
[2015.01.20-20.44.25:435][338]LogArray:Warning: Attempted to remove an item from an invalid index from array movementArray [0/0]!
[2015.01.20-20.44.25:461][339]LogArray:Warning: Attempted to get an item from array movementArray out of bounds [-1/0]!
[2015.01.20-20.44.25:461][339]LogArray:Warning: Attempted to remove an item from an invalid index from array movementArray [0/0]!
[2015.01.20-20.44.25:486][340]LogArray:Warning: Attempted to get an item from array movementArray out of bounds [-1/0]!
[2015.01.20-20.44.25:487][340]LogArray:Warning: Attempted to remove an item from an invalid index from array movementArray [0/0]!
[2015.01.20-20.44.26:685][383]LogActorComponent: UnregisterComponent: (/Engine/Transient.CharacterMovementComponent_11) Not registered. Aborting.
[2015.01.20-20.44.26:756][383]LogParticles: Destroying 0 GPU particle simulations for FXSystem 0x000000001B79D300
[2015.01.20-20.44.30:300][526]LogPackageName: SearchForPackageOnDisk took   0.186s to resolve LevelEditor.TutorialLaunchButton
[2015.01.20-20.44.30:300][526]LogUObjectGlobals:Warning: LoadPackage can't find package LevelEditor.TutorialLaunchButton.
[2015.01.20-20.44.30:451][526]LogPackageName: SearchForPackageOnDisk took   0.151s to resolve 
[2015.01.20-20.44.30:451][526]LogUObjectGlobals:Warning: LoadPackage can't find package .
[2015.01.20-20.44.52:670][401]BlueprintLog: New page: Compile MyCharacter
[2015.01.20-20.44.52:885][401]LogPropertyNode:Warning: UI Min (0.001) >= UI Max () for Ranged Numeric
[2015.01.20-20.44.52:886][401]LogPropertyNode:Warning: UI Min (0.001) >= UI Max () for Ranged Numeric
[2015.01.20-20.44.52:969][401]LogActorComponent: UnregisterComponent: (/Engine/Transient.CharacterMovementComponent_12) Not registered. Aborting.
[2015.01.20-20.44.53:050][401]LogPropertyNode:Warning: UI Min (0.001) >= UI Max () for Ranged Numeric
[2015.01.20-20.44.53:051][401]LogPropertyNode:Warning: UI Min (0.001) >= UI Max () for Ranged Numeric
[2015.01.20-20.44.53:088][401]BlueprintEditorCompileResults: Info [1351.95] Compile of MyCharacter successful! [in 304 ms]
[2015.01.20-20.44.58:316][582]BlueprintLog: New page: Pre-PIE auto-recompile
[2015.01.20-20.44.58:324][582]LogPlayLevel: [PIE] Compiling TestLevel before PIE...
[2015.01.20-20.44.58:426][582]LogPlayLevel: [PIE] Compiling MyHud before PIE...
[2015.01.20-20.44.58:599][582]LogPropertyNode:Warning: UI Min (0.001) >= UI Max () for Ranged Numeric
[2015.01.20-20.44.58:601][582]LogPropertyNode:Warning: UI Min (0.001) >= UI Max () for Ranged Numeric
[2015.01.20-20.44.58:653][582]LogActorComponent: UnregisterComponent: (/Engine/Transient.CharacterMovementComponent_13) Not registered. Aborting.
[2015.01.20-20.44.58:730][582]LogPropertyNode:Warning: UI Min (0.001) >= UI Max () for Ranged Numeric
[2015.01.20-20.44.58:733][582]LogPropertyNode:Warning: UI Min (0.001) >= UI Max () for Ranged Numeric
[2015.01.20-20.44.58:800][582]LogPlayLevel: [PIE] Compiling MyCharacter before PIE...
[2015.01.20-20.44.59:180][582]LogPropertyNode:Warning: UI Min (0.001) >= UI Max () for Ranged Numeric
[2015.01.20-20.44.59:183][582]LogPropertyNode:Warning: UI Min (0.001) >= UI Max () for Ranged Numeric
[2015.01.20-20.44.59:426][582]LogPropertyNode:Warning: UI Min (0.001) >= UI Max () for Ranged Numeric
[2015.01.20-20.44.59:429][582]LogPropertyNode:Warning: UI Min (0.001) >= UI Max () for Ranged Numeric
[2015.01.20-20.44.59:579][582]LogPlayLevel: PIE:  Blueprint regeneration took 1262 ms (3 blueprints)
[2015.01.20-20.44.59:579][582]PIE: New page: PIE session: TestLevel (Jan 20, 2015, 10:44:59 AM)
[2015.01.20-20.44.59:584][582]LogPlayLevel: PIE: StaticDuplicateObject took: (0.003846s)
[2015.01.20-20.44.59:585][582]LogPlayLevel: PIE: World Init took: (0.001350s)
[2015.01.20-20.44.59:585][582]LogPlayLevel: PIE: Created PIE world by copying editor world from /Game/Maps/TestLevel.TestLevel to /Game/Maps/UEDPIE_0_TestLevel.TestLevel (0.005586s)
[2015.01.20-20.44.59:625][582]LogWorld: Game class is 'Kodaina_C'
[2015.01.20-20.44.59:630][582]LogAIModule: Creating AISystem for world TestLevel
[2015.01.20-20.44.59:633][582]LogWorld: Bringing World /Game/Maps/UEDPIE_0_TestLevel.TestLevel up for play (max tick rate 60) at 2015.01.20-15.44.59
[2015.01.20-20.44.59:634][582]LogWorld: Bringing up level for play took: 0.003234
[2015.01.20-20.44.59:639][582]PIE: Info Play in editor start time for /Game/Maps/UEDPIE_0_TestLevel 0.982
[2015.01.20-20.45.00:433][604]LogArray:Warning: Attempted to get an item from array movementArray out of bounds [-1/0]!
[2015.01.20-20.45.00:433][604]LogArray:Warning: Attempted to remove an item from an invalid index from array movementArray [0/0]!
[2015.01.20-20.45.00:464][605]LogArray:Warning: Attempted to get an item from array movementArray out of bounds [-1/0]!
[2015.01.20-20.45.00:464][605]LogArray:Warning: Attempted to remove an item from an invalid index from array movementArray [0/0]!
[2015.01.20-20.45.01:799][651]LogArray:Warning: Attempted to get an item from array movementArray out of bounds [-1/0]!
[2015.01.20-20.45.01:799][651]LogArray:Warning: Attempted to remove an item from an invalid index from array movementArray [0/0]!
[2015.01.20-20.45.01:824][652]LogArray:Warning: Attempted to get an item from array movementArray out of bounds [-1/0]!
[2015.01.20-20.45.01:825][652]LogArray:Warning: Attempted to remove an item from an invalid index from array movementArray [0/0]!
[2015.01.20-20.45.01:853][653]LogArray:Warning: Attempted to get an item from array movementArray out of bounds [-1/0]!
[2015.01.20-20.45.01:853][653]LogArray:Warning: Attempted to remove an item from an invalid index from array movementArray [0/0]!
[2015.01.20-20.45.03:738][724]LogArray:Warning: Attempted to get an item from array movementArray out of bounds [-1/0]!
[2015.01.20-20.45.03:738][724]LogArray:Warning: Attempted to remove an item from an invalid index from array movementArray [0/0]!
[2015.01.20-20.45.03:765][725]LogArray:Warning: Attempted to get an item from array movementArray out of bounds [-1/0]!
[2015.01.20-20.45.03:765][725]LogArray:Warning: Attempted to remove an item from an invalid index from array movementArray [0/0]!
[2015.01.20-20.45.03:791][726]LogArray:Warning: Attempted to get an item from array movementArray out of bounds [-1/0]!
[2015.01.20-20.45.03:791][726]LogArray:Warning: Attempted to remove an item from an invalid index from array movementArray [0/0]!
[2015.01.20-20.45.03:818][727]LogArray:Warning: Attempted to get an item from array movementArray out of bounds [-1/0]!
[2015.01.20-20.45.03:818][727]LogArray:Warning: Attempted to remove an item from an invalid index from array movementArray [0/0]!
[2015.01.20-20.45.04:500][753]LogArray:Warning: Attempted to get an item from array movementArray out of bounds [-1/0]!
[2015.01.20-20.45.04:500][753]LogArray:Warning: Attempted to remove an item from an invalid index from array movementArray [0/0]!
[2015.01.20-20.45.04:525][754]LogArray:Warning: Attempted to get an item from array movementArray out of bounds [-1/0]!
[2015.01.20-20.45.04:525][754]LogArray:Warning: Attempted to remove an item from an invalid index from array movementArray [0/0]!
[2015.01.20-20.45.04:552][755]LogArray:Warning: Attempted to get an item from array movementArray out of bounds [-1/0]!
[2015.01.20-20.45.04:552][755]LogArray:Warning: Attempted to remove an item from an invalid index from array movementArray [0/0]!
[2015.01.20-20.45.04:579][756]LogArray:Warning: Attempted to get an item from array movementArray out of bounds [-1/0]!
[2015.01.20-20.45.04:579][756]LogArray:Warning: Attempted to remove an item from an invalid index from array movementArray [0/0]!
[2015.01.20-20.45.04:816][765]LogArray:Warning: Attempted to get an item from array movementArray out of bounds [-1/0]!
[2015.01.20-20.45.04:816][765]LogArray:Warning: Attempted to remove an item from an invalid index from array movementArray [0/0]!
[2015.01.20-20.45.04:842][766]LogArray:Warning: Attempted to get an item from array movementArray out of bounds [-1/0]!
[2015.01.20-20.45.04:842][766]LogArray:Warning: Attempted to remove an item from an invalid index from array movementArray [0/0]!
[2015.01.20-20.45.04:869][767]LogArray:Warning: Attempted to get an item from array movementArray out of bounds [-1/0]!
[2015.01.20-20.45.04:869][767]LogArray:Warning: Attempted to remove an item from an invalid index from array movementArray [0/0]!
[2015.01.20-20.45.04:894][768]LogArray:Warning: Attempted to get an item from array movementArray out of bounds [-1/0]!
[2015.01.20-20.45.04:894][768]LogArray:Warning: Attempted to remove an item from an invalid index from array movementArray [0/0]!
[2015.01.20-20.45.04:921][769]LogArray:Warning: Attempted to get an item from array movementArray out of bounds [-1/0]!
[2015.01.20-20.45.04:921][769]LogArray:Warning: Attempted to remove an item from an invalid index from array movementArray [0/0]!
[2015.01.20-20.45.04:946][770]LogArray:Warning: Attempted to get an item from array movementArray out of bounds [-1/0]!
[2015.01.20-20.45.04:946][770]LogArray:Warning: Attempted to remove an item from an invalid index from array movementArray [0/0]!
[2015.01.20-20.45.05:133][777]LogArray:Warning: Attempted to get an item from array movementArray out of bounds [-1/0]!
[2015.01.20-20.45.05:133][777]LogArray:Warning: Attempted to remove an item from an invalid index from array movementArray [0/0]!
[2015.01.20-20.45.05:158][778]LogArray:Warning: Attempted to get an item from array movementArray out of bounds [-1/0]!
[2015.01.20-20.45.05:158][778]LogArray:Warning: Attempted to remove an item from an invalid index from array movementArray [0/0]!
[2015.01.20-20.45.05:185][779]LogArray:Warning: Attempted to get an item from array movementArray out of bounds [-1/0]!
[2015.01.20-20.45.05:185][779]LogArray:Warning: Attempted to remove an item from an invalid index from array movementArray [0/0]!
[2015.01.20-20.45.05:210][780]LogArray:Warning: Attempted to get an item from array movementArray out of bounds [-1/0]!
[2015.01.20-20.45.05:211][780]LogArray:Warning: Attempted to remove an item from an invalid index from array movementArray [0/0]!
[2015.01.20-20.45.05:237][781]LogArray:Warning: Attempted to get an item from array movementArray out of bounds [-1/0]!
[2015.01.20-20.45.05:237][781]LogArray:Warning: Attempted to remove an item from an invalid index from array movementArray [0/0]!
[2015.01.20-20.45.05:422][788]LogArray:Warning: Attempted to get an item from array movementArray out of bounds [-1/0]!
[2015.01.20-20.45.05:422][788]LogArray:Warning: Attempted to remove an item from an invalid index from array movementArray [0/0]!
[2015.01.20-20.45.05:449][789]LogArray:Warning: Attempted to get an item from array movementArray out of bounds [-1/0]!
[2015.01.20-20.45.05:449][789]LogArray:Warning: Attempted to remove an item from an invalid index from array movementArray [0/0]!
[2015.01.20-20.45.05:474][790]LogArray:Warning: Attempted to get an item from array movementArray out of bounds [-1/0]!
[2015.01.20-20.45.05:474][790]LogArray:Warning: Attempted to remove an item from an invalid index from array movementArray [0/0]!
[2015.01.20-20.45.05:501][791]LogArray:Warning: Attempted to get an item from array movementArray out of bounds [-1/0]!
[2015.01.20-20.45.05:501][791]LogArray:Warning: Attempted to remove an item from an invalid index from array movementArray [0/0]!
[2015.01.20-20.45.05:659][797]LogArray:Warning: Attempted to get an item from array movementArray out of bounds [-1/0]!
[2015.01.20-20.45.05:659][797]LogArray:Warning: Attempted to remove an item from an invalid index from array movementArray [0/0]!
[2015.01.20-20.45.05:684][798]LogArray:Warning: Attempted to get an item from array movementArray out of bounds [-1/0]!
[2015.01.20-20.45.05:684][798]LogArray:Warning: Attempted to remove an item from an invalid index from array movementArray [0/0]!
[2015.01.20-20.45.05:841][804]LogArray:Warning: Attempted to get an item from array movementArray out of bounds [-1/0]!
[2015.01.20-20.45.05:841][804]LogArray:Warning: Attempted to remove an item from an invalid index from array movementArray [0/0]!
[2015.01.20-20.45.05:865][805]LogArray:Warning: Attempted to get an item from array movementArray out of bounds [-1/0]!
[2015.01.20-20.45.05:865][805]LogArray:Warning: Attempted to remove an item from an invalid index from array movementArray [0/0]!
[2015.01.20-20.45.05:892][806]LogArray:Warning: Attempted to get an item from array movementArray out of bounds [-1/0]!
[2015.01.20-20.45.05:892][806]LogArray:Warning: Attempted to remove an item from an invalid index from array movementArray [0/0]!
[2015.01.20-20.45.05:919][807]LogArray:Warning: Attempted to get an item from array movementArray out of bounds [-1/0]!
[2015.01.20-20.45.05:920][807]LogArray:Warning: Attempted to remove an item from an invalid index from array movementArray [0/0]!
[2015.01.20-20.45.06:076][813]LogArray:Warning: Attempted to get an item from array movementArray out of bounds [-1/0]!
[2015.01.20-20.45.06:076][813]LogArray:Warning: Attempted to remove an item from an invalid index from array movementArray [0/0]!
[2015.01.20-20.45.06:102][814]LogArray:Warning: Attempted to get an item from array movementArray out of bounds [-1/0]!
[2015.01.20-20.45.06:102][814]LogArray:Warning: Attempted to remove an item from an invalid index from array movementArray [0/0]!
[2015.01.20-20.45.06:129][815]LogArray:Warning: Attempted to get an item from array movementArray out of bounds [-1/0]!
[2015.01.20-20.45.06:129][815]LogArray:Warning: Attempted to remove an item from an invalid index from array movementArray [0/0]!
[2015.01.20-20.45.06:285][821]LogArray:Warning: Attempted to get an item from array movementArray out of bounds [-1/0]!
[2015.01.20-20.45.06:285][821]LogArray:Warning: Attempted to remove an item from an invalid index from array movementArray [0/0]!
[2015.01.20-20.45.06:312][822]LogArray:Warning: Attempted to get an item from array movementArray out of bounds [-1/0]!
[2015.01.20-20.45.06:312][822]LogArray:Warning: Attempted to remove an item from an invalid index from array movementArray [0/0]!
[2015.01.20-20.45.06:337][823]LogArray:Warning: Attempted to get an item from array movementArray out of bounds [-1/0]!
[2015.01.20-20.45.06:337][823]LogArray:Warning: Attempted to remove an item from an invalid index from array movementArray [0/0]!
[2015.01.20-20.45.06:470][828]LogArray:Warning: Attempted to get an item from array movementArray out of bounds [-1/0]!
[2015.01.20-20.45.06:470][828]LogArray:Warning: Attempted to remove an item from an invalid index from array movementArray [0/0]!
[2015.01.20-20.45.06:496][829]LogArray:Warning: Attempted to get an item from array movementArray out of bounds [-1/0]!
[2015.01.20-20.45.06:496][829]LogArray:Warning: Attempted to remove an item from an invalid index from array movementArray [0/0]!
[2015.01.20-20.45.06:627][834]LogArray:Warning: Attempted to get an item from array movementArray out of bounds [-1/0]!
[2015.01.20-20.45.06:627][834]LogArray:Warning: Attempted to remove an item from an invalid index from array movementArray [0/0]!
[2015.01.20-20.45.06:654][835]LogArray:Warning: Attempted to get an item from array movementArray out of bounds [-1/0]!
[2015.01.20-20.45.06:654][835]LogArray:Warning: Attempted to remove an item from an invalid index from array movementArray [0/0]!
[2015.01.20-20.45.06:680][836]LogArray:Warning: Attempted to get an item from array movementArray out of bounds [-1/0]!
[2015.01.20-20.45.06:680][836]LogArray:Warning: Attempted to remove an item from an invalid index from array movementArray [0/0]!
[2015.01.20-20.45.06:838][842]LogArray:Warning: Attempted to get an item from array movementArray out of bounds [-1/0]!
[2015.01.20-20.45.06:838][842]LogArray:Warning: Attempted to remove an item from an invalid index from array movementArray [0/0]!
[2015.01.20-20.45.06:863][843]LogArray:Warning: Attempted to get an item from array movementArray out of bounds [-1/0]!
[2015.01.20-20.45.06:863][843]LogArray:Warning: Attempted to remove an item from an invalid index from array movementArray [0/0]!
[2015.01.20-20.45.07:256][858]LogArray:Warning: Attempted to get an item from array movementArray out of bounds [-1/0]!
[2015.01.20-20.45.07:256][858]LogArray:Warning: Attempted to remove an item from an invalid index from array movementArray [0/0]!
[2015.01.20-20.45.07:283][859]LogArray:Warning: Attempted to get an item from array movementArray out of bounds [-1/0]!
[2015.01.20-20.45.07:283][859]LogArray:Warning: Attempted to remove an item from an invalid index from array movementArray [0/0]!
[2015.01.20-20.45.07:308][860]LogArray:Warning: Attempted to get an item from array movementArray out of bounds [-1/0]!
[2015.01.20-20.45.07:308][860]LogArray:Warning: Attempted to remove an item from an invalid index from array movementArray [0/0]!
[2015.01.20-20.45.07:335][861]LogArray:Warning: Attempted to get an item from array movementArray out of bounds [-1/0]!
[2015.01.20-20.45.07:335][861]LogArray:Warning: Attempted to remove an item from an invalid index from array movementArray [0/0]!
[2015.01.20-20.45.07:467][866]LogArray:Warning: Attempted to get an item from array movementArray out of bounds [-1/0]!
[2015.01.20-20.45.07:467][866]LogArray:Warning: Attempted to remove an item from an invalid index from array movementArray [0/0]!
[2015.01.20-20.45.07:494][867]LogArray:Warning: Attempted to get an item from array movementArray out of bounds [-1/0]!
[2015.01.20-20.45.07:494][867]LogArray:Warning: Attempted to remove an item from an invalid index from array movementArray [0/0]!
[2015.01.20-20.45.07:519][868]LogArray:Warning: Attempted to get an item from array movementArray out of bounds [-1/0]!
[2015.01.20-20.45.07:520][868]LogArray:Warning: Attempted to remove an item from an invalid index from array movementArray [0/0]!
[2015.01.20-20.45.07:546][869]LogArray:Warning: Attempted to get an item from array movementArray out of bounds [-1/0]!
[2015.01.20-20.45.07:547][869]LogArray:Warning: Attempted to remove an item from an invalid index from array movementArray [0/0]!
[2015.01.20-20.45.07:652][873]LogArray:Warning: Attempted to get an item from array movementArray out of bounds [-1/0]!
[2015.01.20-20.45.07:652][873]LogArray:Warning: Attempted to remove an item from an invalid index from array movementArray [0/0]!
[2015.01.20-20.45.07:678][874]LogArray:Warning: Attempted to get an item from array movementArray out of bounds [-1/0]!
[2015.01.20-20.45.07:678][874]LogArray:Warning: Attempted to remove an item from an invalid index from array movementArray [0/0]!
[2015.01.20-20.45.07:703][875]LogArray:Warning: Attempted to get an item from array movementArray out of bounds [-1/0]!
[2015.01.20-20.45.07:704][875]LogArray:Warning: Attempted to remove an item from an invalid index from array movementArray [0/0]!
[2015.01.20-20.45.07:834][880]LogArray:Warning: Attempted to get an item from array movementArray out of bounds [-1/0]!
[2015.01.20-20.45.07:834][880]LogArray:Warning: Attempted to remove an item from an invalid index from array movementArray [0/0]!
[2015.01.20-20.45.07:861][881]LogArray:Warning: Attempted to get an item from array movementArray out of bounds [-1/0]!
[2015.01.20-20.45.07:861][881]LogArray:Warning: Attempted to remove an item from an invalid index from array movementArray [0/0]!
[2015.01.20-20.45.07:887][882]LogArray:Warning: Attempted to get an item from array movementArray out of bounds [-1/0]!
[2015.01.20-20.45.07:887][882]LogArray:Warning: Attempted to remove an item from an invalid index from array movementArray [0/0]!
[2015.01.20-20.45.07:992][886]LogArray:Warning: Attempted to get an item from array movementArray out of bounds [-1/0]!
[2015.01.20-20.45.07:992][886]LogArray:Warning: Attempted to remove an item from an invalid index from array movementArray [0/0]!
[2015.01.20-20.45.08:019][887]LogArray:Warning: Attempted to get an item from array movementArray out of bounds [-1/0]!
[2015.01.20-20.45.08:019][887]LogArray:Warning: Attempted to remove an item from an invalid index from array movementArray [0/0]!
[2015.01.20-20.45.08:151][892]LogArray:Warning: Attempted to get an item from array movementArray out of bounds [-1/0]!
[2015.01.20-20.45.08:151][892]LogArray:Warning: Attempted to remove an item from an invalid index from array movementArray [0/0]!
[2015.01.20-20.45.08:176][893]LogArray:Warning: Attempted to get an item from array movementArray out of bounds [-1/0]!
[2015.01.20-20.45.08:176][893]LogArray:Warning: Attempted to remove an item from an invalid index from array movementArray [0/0]!
[2015.01.20-20.45.11:505][ 18]LogActorComponent: UnregisterComponent: (/Engine/Transient.CharacterMovementComponent_14) Not registered. Aborting.
[2015.01.20-20.45.11:569][ 18]LogParticles: Destroying 0 GPU particle simulations for FXSystem 0x000000001E0E44A0
[2015.01.20-20.46.08:565][738]Cmd: OBJ SAVEPACKAGE PACKAGE="/Game/Blueprints/MyCharacter" FILE="../../../../../../../Users/Class2018/Documents/Unreal Projects/Kodaina/Content/Blueprints/MyCharacter.uasset" SILENT=true
[2015.01.20-20.46.10:604][738]LogSavePackage: Save=1868.372559ms
[2015.01.20-20.46.10:605][738]LogSavePackage: Moving '../../../../../../../Users/Class2018/Documents/Unreal Projects/Kodaina/Saved/MyCharacterA678AB104ED4299F8D1407A938496CE1.tmp' to '../../../../../../../Users/Class2018/Documents/Unreal Projects/Kodaina/Content/Blueprints/MyCharacter.uasset'
[2015.01.20-20.46.18:852][913]LogActorComponent: UnregisterComponent: (/Engine/Transient.CharacterMovementComponent_15) Not registered. Aborting.
[2015.01.20-20.46.18:901][913]LogParticles: Destroying 0 GPU particle simulations for FXSystem 0x00000000144C5080
[2015.01.20-20.46.20:655][914]Cmd: QUIT_EDITOR
[2015.01.20-20.46.22:065][914]LogExit: Preparing to exit.
[2015.01.20-20.46.23:165][914]LogExit: Editor shut down
[2015.01.20-20.46.23:166][914]LogExit: Transaction tracking system shut down
[2015.01.20-20.46.23:167][914]LogParticles: Destroying 0 GPU particle simulations for FXSystem 0x0000000017F132E0
[2015.01.20-20.46.23:168][914]LogParticles: Destroying 0 GPU particle simulations for FXSystem 0x000000000C996480
[2015.01.20-20.46.23:309][914]LogExit: Object subsystem successfully closed.
[2015.01.20-20.46.23:430][914]LogModuleManager: Shutting down and abandoning module AndroidDeviceDetection (172)
[2015.01.20-20.46.23:430][914]LogModuleManager: Shutting down and abandoning module CrashTracker (171)
[2015.01.20-20.46.23:430][914]LogModuleManager: Shutting down and abandoning module SuperSearch (170)
[2015.01.20-20.46.23:430][914]LogModuleManager: Shutting down and abandoning module SceneOutliner (169)
[2015.01.20-20.46.23:430][914]LogModuleManager: Shutting down and abandoning module EditorWidgets (168)
[2015.01.20-20.46.23:430][914]LogModuleManager: Shutting down and abandoning module CollectionManager (167)
[2015.01.20-20.46.23:430][914]LogModuleManager: Shutting down and abandoning module StatsViewer (166)
[2015.01.20-20.46.23:430][914]LogModuleManager: Shutting down and abandoning module FoliageEdit (165)
[2015.01.20-20.46.23:430][914]LogModuleManager: Shutting down and abandoning module LandscapeEditor (164)
[2015.01.20-20.46.23:431][914]LogModuleManager: Shutting down and abandoning module MeshPaint (163)
[2015.01.20-20.46.23:431][914]LogModuleManager: Shutting down and abandoning module ActorPickerMode (162)
[2015.01.20-20.46.23:431][914]LogModuleManager: Shutting down and abandoning module GeometryMode (161)
[2015.01.20-20.46.23:431][914]LogModuleManager: Shutting down and abandoning module TextureAlignMode (160)
[2015.01.20-20.46.23:431][914]LogModuleManager: Shutting down and abandoning module BspMode (159)
[2015.01.20-20.46.23:431][914]LogModuleManager: Shutting down and abandoning module PlacementMode (158)
[2015.01.20-20.46.23:431][914]LogModuleManager: Shutting down and abandoning module AutomationWorker (157)
[2015.01.20-20.46.23:431][914]LogModuleManager: Shutting down and abandoning module CharacterAI (156)
[2015.01.20-20.46.23:431][914]LogModuleManager: Shutting down and abandoning module GameProjectGeneration (155)
[2015.01.20-20.46.23:431][914]LogModuleManager: Shutting down and abandoning module IntroTutorials (154)
[2015.01.20-20.46.23:432][914]LogModuleManager: Shutting down and abandoning module EditorLiveStreaming (153)
[2015.01.20-20.46.23:432][914]LogModuleManager: Shutting down and abandoning module HardwareTargeting (152)
[2015.01.20-20.46.23:432][914]LogModuleManager: Shutting down and abandoning module DeviceProfileEditor (151)
[2015.01.20-20.46.23:432][914]LogModuleManager: Shutting down and abandoning module UndoHistory (150)
[2015.01.20-20.46.23:432][914]LogModuleManager: Shutting down and abandoning module GameplayTagsEditor (149)
[2015.01.20-20.46.23:432][914]LogModuleManager: Shutting down and abandoning module UserFeedback (148)
[2015.01.20-20.46.23:432][914]LogModuleManager: Shutting down and abandoning module XmlParser (147)
[2015.01.20-20.46.23:432][914]LogModuleManager: Shutting down and abandoning module Blutility (146)
[2015.01.20-20.46.23:432][914]LogModuleManager: Shutting down and abandoning module IOSPlatformEditor (145)
[2015.01.20-20.46.23:432][914]LogModuleManager: Shutting down and abandoning module IOSRuntimeSettings (144)
[2015.01.20-20.46.23:432][914]LogModuleManager: Shutting down and abandoning module AndroidPlatformEditor (143)
[2015.01.20-20.46.23:432][914]LogModuleManager: Shutting down and abandoning module AndroidRuntimeSettings (142)
[2015.01.20-20.46.23:432][914]LogModuleManager: Shutting down and abandoning module ProjectTargetPlatformEditor (141)
[2015.01.20-20.46.23:432][914]LogModuleManager: Shutting down and abandoning module ProjectSettingsViewer (140)
[2015.01.20-20.46.23:433][914]LogModuleManager: Shutting down and abandoning module InputBindingEditor (139)
[2015.01.20-20.46.23:433][914]LogModuleManager: Shutting down and abandoning module EditorSettingsViewer (138)
[2015.01.20-20.46.23:433][914]LogModuleManager: Shutting down and abandoning module SettingsEditor (137)
[2015.01.20-20.46.23:433][914]LogModuleManager: Shutting down and abandoning module ProjectLauncher (136)
[2015.01.20-20.46.23:433][914]LogModuleManager: Shutting down and abandoning module SessionFrontend (135)
[2015.01.20-20.46.23:433][914]LogModuleManager: Shutting down and abandoning module ProfilerClient (134)
[2015.01.20-20.46.23:433][914]LogModuleManager: Shutting down and abandoning module TargetDeviceServices (133)
[2015.01.20-20.46.23:433][914]LogModuleManager: Shutting down and abandoning module DeviceManager (132)
[2015.01.20-20.46.23:434][914]LogModuleManager: Shutting down and abandoning module AutomationController (131)
[2015.01.20-20.46.23:434][914]LogModuleManager: Shutting down and abandoning module AutomationWindow (130)
[2015.01.20-20.46.23:434][914]LogModuleManager: Shutting down and abandoning module Layers (129)
[2015.01.20-20.46.23:434][914]LogModuleManager: Shutting down and abandoning module ComponentVisualizers (128)
[2015.01.20-20.46.23:434][914]LogModuleManager: Shutting down and abandoning module DetailCustomizations (127)
[2015.01.20-20.46.23:434][914]LogModuleManager: Shutting down and abandoning module PackagesDialog (126)
[2015.01.20-20.46.23:435][914]LogModuleManager: Shutting down and abandoning module AssetRegistry (125)
[2015.01.20-20.46.23:559][914]LogModuleManager: Shutting down and abandoning module Persona (124)
[2015.01.20-20.46.23:559][914]LogModuleManager: Shutting down and abandoning module Kismet (123)
[2015.01.20-20.46.23:559][914]LogModuleManager: Shutting down and abandoning module GraphEditor (122)
[2015.01.20-20.46.23:559][914]LogModuleManager: Shutting down and abandoning module ClassViewer (121)
[2015.01.20-20.46.23:559][914]LogModuleManager: Shutting down and abandoning module Toolbox (120)
[2015.01.20-20.46.23:559][914]LogModuleManager: Shutting down and abandoning module ModuleUI (119)
[2015.01.20-20.46.23:559][914]LogModuleManager: Shutting down and abandoning module MovieSceneTools (118)
[2015.01.20-20.46.23:560][914]LogModuleManager: Shutting down and abandoning module OutputLog (117)
[2015.01.20-20.46.23:560][914]LogModuleManager: Shutting down and abandoning module GammaUI (116)
[2015.01.20-20.46.23:560][914]LogModuleManager: Shutting down and abandoning module Documentation (115)
[2015.01.20-20.46.23:560][914]LogModuleManager: Shutting down and abandoning module GameLiveStreaming (114)
[2015.01.20-20.46.23:560][914]LogModuleManager: Shutting down and abandoning module StreamingPauseRendering (113)
[2015.01.20-20.46.23:560][914]LogModuleManager: Shutting down and abandoning module HTTP (112)
[2015.01.20-20.46.23:560][914]LogModuleManager: Shutting down and abandoning module AnalyticsET (111)
[2015.01.20-20.46.23:560][914]LogModuleManager: Shutting down and abandoning module Analytics (110)
[2015.01.20-20.46.23:560][914]LogModuleManager: Shutting down and abandoning module AITestSuite (109)
[2015.01.20-20.46.23:560][914]LogModuleManager: Shutting down and abandoning module AIModule (108)
[2015.01.20-20.46.23:560][914]LogModuleManager: Shutting down and abandoning module ProfilerService (107)
[2015.01.20-20.46.23:571][914]LogModuleManager: Shutting down and abandoning module TaskGraph (106)
[2015.01.20-20.46.23:571][914]LogModuleManager: Shutting down and abandoning module GameplayDebugger (105)
[2015.01.20-20.46.23:571][914]LogModuleManager: Shutting down and abandoning module SlateRemote (104)
[2015.01.20-20.46.23:571][914]LogModuleManager: Shutting down and abandoning module ScriptEditorPlugin (103)
[2015.01.20-20.46.23:571][914]LogModuleManager: Shutting down and abandoning module CustomMeshComponent (102)
[2015.01.20-20.46.23:571][914]LogModuleManager: Shutting down and abandoning module CableComponent (101)
[2015.01.20-20.46.23:571][914]LogModuleManager: Shutting down and abandoning module MessagingDebugger (100)
[2015.01.20-20.46.23:572][914]LogModuleManager: Shutting down and abandoning module MediaPlayerEditor (99)
[2015.01.20-20.46.23:572][914]LogModuleManager: Shutting down and abandoning module SpeedTreeImporter (98)
[2015.01.20-20.46.23:572][914]LogModuleManager: Shutting down and abandoning module PluginsEditor (97)
[2015.01.20-20.46.23:572][914]LogModuleManager: Shutting down and abandoning module EpicSurvey (96)
[2015.01.20-20.46.23:572][914]LogModuleManager: Shutting down and abandoning module DesktopPlatform (95)
[2015.01.20-20.46.23:572][914]LogModuleManager: Shutting down and abandoning module VisualStudioSourceCodeAccess (94)
[2015.01.20-20.46.23:572][914]LogModuleManager: Shutting down and abandoning module UObjectPlugin (93)
[2015.01.20-20.46.23:572][914]LogModuleManager: Shutting down and abandoning module SubversionSourceControl (92)
[2015.01.20-20.46.23:572][914]LogModuleManager: Shutting down and abandoning module SourceControl (91)
[2015.01.20-20.46.23:572][914]LogModuleManager: Shutting down and abandoning module PerforceSourceControl (90)
[2015.01.20-20.46.23:572][914]LogModuleManager: Shutting down and abandoning module BlankPlugin (89)
[2015.01.20-20.46.23:572][914]LogModuleManager: Shutting down and abandoning module SlateReflector (88)
[2015.01.20-20.46.23:572][914]LogModuleManager: Shutting down and abandoning module DirectoryWatcher (87)
[2015.01.20-20.46.23:573][914]LogModuleManager: Shutting down and abandoning module HotReload (86)
[2015.01.20-20.46.23:573][914]LogModuleManager: Shutting down and abandoning module MainFrame (85)
[2015.01.20-20.46.23:573][914]LogModuleManager: Shutting down and abandoning module LevelEditor (84)
[2015.01.20-20.46.23:576][914]LogModuleManager: Shutting down and abandoning module ViewportSnapping (83)
[2015.01.20-20.46.23:576][914]LogModuleManager: Shutting down and abandoning module SmartSnapping (82)
[2015.01.20-20.46.23:576][914]LogModuleManager: Shutting down and abandoning module PaperTiledImporter (81)
[2015.01.20-20.46.23:576][914]LogModuleManager: Shutting down and abandoning module PaperJsonImporter (80)
[2015.01.20-20.46.23:576][914]LogModuleManager: Shutting down and abandoning module ContentBrowser (79)
[2015.01.20-20.46.23:576][914]LogModuleManager: Shutting down and abandoning module Paper2DEditor (78)
[2015.01.20-20.46.23:576][914]LogModuleManager: Shutting down and abandoning module ScriptPlugin (77)
[2015.01.20-20.46.23:576][914]LogModuleManager: Shutting down and abandoning module UdpMessaging (76)
[2015.01.20-20.46.23:676][914]LogModuleManager: Shutting down and abandoning module Paper2D (75)
[2015.01.20-20.46.23:676][914]LogModuleManager: Shutting down and abandoning module UE4Game (74)
[2015.01.20-20.46.23:676][914]LogModuleManager: Shutting down and abandoning module WindowsMoviePlayer (73)
[2015.01.20-20.46.23:682][914]LogModuleManager: Shutting down and abandoning module Media (72)
[2015.01.20-20.46.23:682][914]LogModuleManager: Shutting down and abandoning module WmfMedia (71)
[2015.01.20-20.46.23:683][914]LogModuleManager: Shutting down and abandoning module OnlineBlueprintSupport (70)
[2015.01.20-20.46.23:683][914]LogModuleManager: Shutting down and abandoning module PropertyEditor (69)
[2015.01.20-20.46.23:683][914]LogModuleManager: Shutting down and abandoning module BehaviorTreeEditor (68)
[2015.01.20-20.46.23:683][914]LogModuleManager: Shutting down and abandoning module FunctionalTesting (67)
[2015.01.20-20.46.23:683][914]LogModuleManager: Shutting down and abandoning module CollisionAnalyzer (66)
[2015.01.20-20.46.23:683][914]LogModuleManager: Shutting down and abandoning module WorkspaceMenuStructure (65)
[2015.01.20-20.46.23:683][914]LogModuleManager: Shutting down and abandoning module MessageLog (64)
[2015.01.20-20.46.23:683][914]LogModuleManager: Shutting down and abandoning module Sequencer (63)
[2015.01.20-20.46.23:683][914]LogModuleManager: Shutting down and abandoning module AssetTools (62)
[2015.01.20-20.46.23:684][914]LogModuleManager: Shutting down and abandoning module UMGEditor (61)
[2015.01.20-20.46.23:684][914]LogModuleManager: Shutting down and abandoning module UMG (60)
[2015.01.20-20.46.23:684][914]LogModuleManager: Shutting down and abandoning module Slate (59)
[2015.01.20-20.46.23:684][914]LogModuleManager: Shutting down and abandoning module EditorStyle (58)
[2015.01.20-20.46.23:694][914]LogModuleManager: Shutting down and abandoning module SessionServices (57)
[2015.01.20-20.46.23:694][914]LogModuleManager: Shutting down and abandoning module SourceCodeAccess (56)
[2015.01.20-20.46.23:694][914]LogModuleManager: Shutting down and abandoning module HeadMountedDisplay (55)
[2015.01.20-20.46.23:694][914]LogModuleManager: Shutting down and abandoning module XAudio2 (54)
[2015.01.20-20.46.23:694][914]LogModuleManager: Shutting down and abandoning module Networking (52)
[2015.01.20-20.46.23:695][914]LogModuleManager: Shutting down and abandoning module Core (51)
[2015.01.20-20.46.23:695][914]LogModuleManager: Shutting down and abandoning module KismetCompiler (50)
[2015.01.20-20.46.23:695][914]LogModuleManager: Shutting down and abandoning module PhysXFormats (49)
[2015.01.20-20.46.23:695][914]LogModuleManager: Shutting down and abandoning module MeshUtilities (48)
[2015.01.20-20.46.23:695][914]LogModuleManager: Shutting down and abandoning module DerivedDataCache (47)
[2015.01.20-20.46.23:750][914]LogDerivedDataCache: Shutdown
[2015.01.20-20.46.23:750][914]LogModuleManager: Shutting down and abandoning module ShaderFormatOpenGL (46)
[2015.01.20-20.46.23:750][914]LogModuleManager: Shutting down and abandoning module ShaderFormatD3D (45)
[2015.01.20-20.46.23:750][914]LogModuleManager: Shutting down and abandoning module MetalShaderFormat (44)
[2015.01.20-20.46.23:750][914]LogModuleManager: Shutting down and abandoning module TextureFormatUncompressed (43)
[2015.01.20-20.46.23:750][914]LogModuleManager: Shutting down and abandoning module TextureFormatPVR (42)
[2015.01.20-20.46.23:750][914]LogModuleManager: Shutting down and abandoning module TextureFormatDXT (41)
[2015.01.20-20.46.23:750][914]LogModuleManager: Shutting down and abandoning module TextureFormatAndroid (40)
[2015.01.20-20.46.23:750][914]LogModuleManager: Shutting down and abandoning module AudioFormatOpus (39)
[2015.01.20-20.46.23:750][914]LogModuleManager: Shutting down and abandoning module AudioFormatOgg (38)
[2015.01.20-20.46.23:750][914]LogModuleManager: Shutting down and abandoning module AudioFormatADPCM (37)
[2015.01.20-20.46.23:750][914]LogModuleManager: Shutting down and abandoning module LinuxTargetPlatform (36)
[2015.01.20-20.46.23:750][914]LogModuleManager: Shutting down and abandoning module LinuxServerTargetPlatform (35)
[2015.01.20-20.46.23:750][914]LogModuleManager: Shutting down and abandoning module LinuxNoEditorTargetPlatform (34)
[2015.01.20-20.46.23:751][914]LogModuleManager: Shutting down and abandoning module Messaging (33)
[2015.01.20-20.46.23:751][914]LogModuleManager: Shutting down and abandoning module IOSTargetPlatform (32)
[2015.01.20-20.46.23:751][914]LogModuleManager: Shutting down and abandoning module Android_PVRTCTargetPlatform (31)
[2015.01.20-20.46.23:751][914]LogModuleManager: Shutting down and abandoning module Android_ETC2TargetPlatform (30)
[2015.01.20-20.46.23:751][914]LogModuleManager: Shutting down and abandoning module Android_ETC1TargetPlatform (29)
[2015.01.20-20.46.23:751][914]LogModuleManager: Shutting down and abandoning module Android_DXTTargetPlatform (28)
[2015.01.20-20.46.23:751][914]LogModuleManager: Shutting down and abandoning module Android_ATCTargetPlatform (27)
[2015.01.20-20.46.23:751][914]LogModuleManager: Shutting down and abandoning module AndroidTargetPlatform (26)
[2015.01.20-20.46.23:751][914]LogModuleManager: Shutting down and abandoning module WindowsTargetPlatform (25)
[2015.01.20-20.46.23:751][914]LogModuleManager: Shutting down and abandoning module WindowsServerTargetPlatform (24)
[2015.01.20-20.46.23:751][914]LogModuleManager: Shutting down and abandoning module WindowsNoEditorTargetPlatform (23)
[2015.01.20-20.46.23:751][914]LogModuleManager: Shutting down and abandoning module WindowsClientTargetPlatform (22)
[2015.01.20-20.46.23:751][914]LogModuleManager: Shutting down and abandoning module TargetPlatform (21)
[2015.01.20-20.46.23:751][914]LogModuleManager: Shutting down and abandoning module InputCore (20)
[2015.01.20-20.46.23:751][914]LogModuleManager: Shutting down and abandoning module Settings (19)
[2015.01.20-20.46.23:751][914]LogModuleManager: Shutting down and abandoning module ImageWrapper (18)
[2015.01.20-20.46.23:751][914]LogModuleManager: Shutting down and abandoning module OculusRift (15)
[2015.01.20-20.46.23:751][914]LogModuleManager: Shutting down and abandoning module ExampleDeviceProfileSelector (14)
[2015.01.20-20.46.23:751][914]LogModuleManager: Shutting down and abandoning module TextureCompressor (13)
[2015.01.20-20.46.23:752][914]LogModuleManager: Shutting down and abandoning module ShaderCore (12)
[2015.01.20-20.46.23:752][914]LogModuleManager: Shutting down and abandoning module Landscape (11)
[2015.01.20-20.46.23:752][914]LogModuleManager: Shutting down and abandoning module SlateRHIRenderer (10)
[2015.01.20-20.46.23:755][914]LogModuleManager: Shutting down and abandoning module OpenGLDrv (9)
[2015.01.20-20.46.23:755][914]LogModuleManager: Shutting down and abandoning module D3D11RHI (8)
[2015.01.20-20.46.23:755][914]LogModuleManager: Shutting down and abandoning module Renderer (7)
[2015.01.20-20.46.23:755][914]LogModuleManager: Shutting down and abandoning module Engine (6)
[2015.01.20-20.46.23:755][914]LogModuleManager: Shutting down and abandoning module CoreUObject (5)
[2015.01.20-20.46.23:755][914]LogModuleManager: Shutting down and abandoning module NetworkFile (4)
[2015.01.20-20.46.23:755][914]LogModuleManager: Shutting down and abandoning module StreamingFile (3)
[2015.01.20-20.46.23:755][914]LogModuleManager: Shutting down and abandoning module SandboxFile (2)
[2015.01.20-20.46.23:755][914]LogModuleManager: Shutting down and abandoning module PakFile (1)
[2015.01.20-20.46.23:757][914]LogExit: Exiting.
[2015.01.20-20.46.23:771][914]Log file closed, 01/20/15 15:46:23
