Log file open, 01/24/15 18:10:56
LogInit:Display: Running engine for game: KodainaKingdom
LogInit: Version: 4.6.1-2386410+++depot+UE4-Releases+4.6
LogInit: API Version: 2369412
LogInit: Compiled (64-bit): Dec 11 2014 21:31:39
LogInit: Compiled with Visual C++: 18.00.21005.01
LogInit: Build Configuration: Development
LogInit: Branch Name: ++depot+UE4-Releases+4.6
LogInit: Command line:  
LogInit: Base directory: C:/Program Files/UE45/Epic Games/4.6/Engine/Binaries/Win64/
LogInit: Rocket: 1
[2015.01.24-23.10.56:625][  0]LogTaskGraph: Started task graph with 3 named threads and 6 total threads.
[2015.01.24-23.10.56:684][  0]LogOnline:Warning: No default platform service specified for OnlineSubsystem
[2015.01.24-23.10.56:742][  0]LogInit: Presizing for 0 objects not considered by GC, pre-allocating 0 bytes.
[2015.01.24-23.10.56:750][  0]LogInit: Object subsystem initialized
[2015.01.24-23.10.56:752][  0]LogInit: Selected Device Profile: [Windows]
[2015.01.24-23.10.56:752][  0]LogInit: Applying CVar settings loaded from the selected device profile: [Windows]
[2015.01.24-23.10.56:759][  0]LogInit: Computer: ASUS
[2015.01.24-23.10.56:759][  0]LogInit: User: Owner
[2015.01.24-23.10.56:759][  0]LogInit: CPU Page size=4096, Cores=4
[2015.01.24-23.10.56:759][  0]LogInit: High frequency timer resolution =2.338333 MHz
[2015.01.24-23.10.56:760][  0]LogMemory: Memory total: Physical=15.9GB (16GB approx) Virtual=131072.0GB
[2015.01.24-23.10.56:760][  0]LogMemory: Platform Memory Stats for Windows
[2015.01.24-23.10.56:760][  0]LogMemory: Process Physical Memory: 48.87 MB used, 48.87 MB peak
[2015.01.24-23.10.56:760][  0]LogMemory: Process Virtual Memory: 25.07 MB used, 25.07 MB peak
[2015.01.24-23.10.56:760][  0]LogMemory: Physical Memory: 5035.53 MB used, 16267.18 MB total
[2015.01.24-23.10.56:760][  0]LogMemory: Virtual Memory: 270.96 MB used, 134217728.00 MB total
[2015.01.24-23.10.56:911][  0]LogD3D11RHI: Found D3D11 adapter 0: Intel(R) HD Graphics 4600 (Feature Level 11_0)
[2015.01.24-23.10.56:911][  0]LogD3D11RHI: Adapter has 32MB of dedicated video memory, 0MB of dedicated system memory, and 1760MB of shared system memory, 1 output[s]
[2015.01.24-23.10.56:922][  0]LogD3D11RHI: Found D3D11 adapter 1: NVIDIA GeForce GT 750M (Feature Level 11_0)
[2015.01.24-23.10.56:922][  0]LogD3D11RHI: Adapter has 1988MB of dedicated video memory, 0MB of dedicated system memory, and 2048MB of shared system memory, 0 output[s]
[2015.01.24-23.10.56:923][  0]LogD3D11RHI: Found D3D11 adapter 2: Microsoft Basic Render Driver (Feature Level 11_0)
[2015.01.24-23.10.56:923][  0]LogD3D11RHI: Adapter has 0MB of dedicated video memory, 0MB of dedicated system memory, and 256MB of shared system memory, 0 output[s]
[2015.01.24-23.10.56:923][  0]LogD3D11RHI: Chosen D3D11 Adapter Id = 0
[2015.01.24-23.10.56:928][  0]LogRHI: Texture pool is 1361 MB (70% of 1945 MB)
[2015.01.24-23.10.56:940][  0]LogD3D11RHI: Async texture creation enabled
[2015.01.24-23.10.57:102][  0]LogTextLocalizationManager: The requested culture ('en_US') has no localization data; parent culture's ('en') localization data will be used.
[2015.01.24-23.10.57:226][  0]LogContentStreaming: Texture pool size is 0.000000MB
[2015.01.24-23.11.02:910][  0]LogTargetPlatformManager:Display: Building Assets For Windows
[2015.01.24-23.11.03:541][  0]LogTargetPlatformManager:Display: Building Assets For Windows
[2015.01.24-23.11.03:624][  0]LogDerivedDataCache:Display: Max Cache Size: 512 MB
[2015.01.24-23.11.03:666][  0]LogDerivedDataCache: Loaded boot cache 0.04s 39MB C:/Users/Owner/AppData/Local/UnrealEngine/4.6/DerivedDataCache/Boot.ddc.
[2015.01.24-23.11.03:666][  0]LogDerivedDataCache:Display: Loaded Boot cache: C:/Users/Owner/AppData/Local/UnrealEngine/4.6/DerivedDataCache/Boot.ddc
[2015.01.24-23.11.03:667][  0]LogDerivedDataCache: FDerivedDataBackendGraph:  Pak pak cache file ../../../../../../../Users/Owner/Documents/Unreal Projects/Kodaina/DerivedDataCache/DDC.ddp not found, will not use a pak cache.
[2015.01.24-23.11.03:667][  0]LogDerivedDataCache: Unable to find inner node Pak for hierarchical cache Hierarchy.
[2015.01.24-23.11.03:726][  0]LogDerivedDataCache:Display: Pak cache opened for reading ../../../Engine/DerivedDataCache/DDC.ddp.
[2015.01.24-23.11.03:739][  0]LogDerivedDataCache: Using Local data cache path C:/Users/Owner/AppData/Local/UnrealEngine/Common/DerivedDataCache: Writable
[2015.01.24-23.11.03:919][  0]LogCollisionProfile:Warning: Profile (UI) - Custom Channel Name = 'Weapon' hasn't been found
[2015.01.24-23.11.04:083][  0]LogMeshUtilities: No automatic mesh reduction module available
[2015.01.24-23.11.04:083][  0]LogMeshUtilities: No automatic mesh merging module available
[2015.01.24-23.11.04:544][  0]LogInit: WinSock: version 1.1 (2.2), MaxSocks=32767, MaxUdp=65467
[2015.01.24-23.11.04:665][  0]LogSlate:Warning: Failed to load font data from '../../../Engine/Content/Slate/Fonts/Roboto-Italic.ttf'
[2015.01.24-23.11.05:952][  0]UdpMessaging: Initializing bridge on interface 0.0.0.0:0 to multicast group 230.0.0.1:6666.
[2015.01.24-23.11.06:290][  0]LogDirectoryWatcher:Warning: Failed to begin reading directory changes for C:/Users/Owner/Documents/Unreal Projects/Kodaina/Binaries/Win64. Error: 0
[2015.01.24-23.11.06:518][  0]SourceControl: Info Source control is disabled
[2015.01.24-23.11.06:518][  0]SourceControl: Info Source control is disabled
[2015.01.24-23.11.06:532][  0]SourceControl: Info Source control is disabled
[2015.01.24-23.11.06:822][  0]LogObj: 23754 objects as part of root set at end of initial load.
[2015.01.24-23.11.06:822][  0]LogUObjectAllocator: 5168136 out of 0 bytes used by permanent object pool.
[2015.01.24-23.11.06:907][  0]LogEngine: Initializing Engine...
[2015.01.24-23.11.07:049][  0]LogInit: XAudio2 using 'Speakers (Realtek High Definition Audio)' : 2 channels at 48 kHz using 32 bits per sample (channel mask 0x3)
[2015.01.24-23.11.07:190][  0]LogInit: FAudioDevice initialized.
[2015.01.24-23.11.07:229][  0]LogAIModule: Creating AISystem for world NewWorld
[2015.01.24-23.11.07:252][  0]LogDerivedDataCache: Saved boot cache 0.02s 39MB C:/Users/Owner/AppData/Local/UnrealEngine/4.6/DerivedDataCache/Boot.ddc.
[2015.01.24-23.11.07:255][  0]LogInit: Texture streaming: Enabled
[2015.01.24-23.11.07:315][  0]LogAnalytics: Creating configured Analytics provider AnalyticsET
[2015.01.24-23.11.07:315][  0]LogAnalytics: ET APIKey = Rocket.Release. APIServer = http://et2.epicgames.com/ET2/. AppVersion = 4.6.1-2386410+++depot+UE4-Releases+4.6
[2015.01.24-23.11.07:317][  0]LogAnalytics: SetUserId d53fbd01599cddc5eda2e5a33cd9f114
[2015.01.24-23.11.07:317][  0]LogAnalytics: AnalyticsET::StartSession [Rocket.Release]
[2015.01.24-23.11.07:344][  0]LogInit: Transaction tracking system initialized
[2015.01.24-23.11.07:544][  0]BlueprintLog: New page: Editor Load
[2015.01.24-23.11.07:610][  0]LogAssetRegistry: FAssetRegistry took 0.0103 seconds to start up
[2015.01.24-23.11.07:610][  0]LogDirectoryWatcher:Warning: Failed to begin reading directory changes for ../../../Engine/Plugins/Experimental/CharacterAI/Content/. Error: 0
[2015.01.24-23.11.08:371][  0]LogTargetPlatformManager:Display: Building Assets For Windows
[2015.01.24-23.11.08:770][  0]LogTargetPlatformManager:Display: Building Assets For Windows
[2015.01.24-23.11.09:162][  0]LogConsoleResponse:Display: 
[2015.01.24-23.11.09:209][  0]LogLinker:Warning: Asset '../../../Engine/Content/Functions/Engine_MaterialFunctions03/Procedurals/ComputeFilterWidth.uasset' has been saved with empty engine version. The asset will be loaded but may be incompatible.
[2015.01.24-23.11.09:548][  0]SourceControl: Info Source control is disabled
[2015.01.24-23.11.09:548][  0]Cmd: MAP LOAD FILE="../../../Engine/Content/Maps/Templates/Template_Default.umap" TEMPLATE=1 SHOWPROGRESS=1
[2015.01.24-23.11.09:548][  0]LightingResults: New page: Lighting Build
[2015.01.24-23.11.09:564][  0]MapCheck: New page: Map Check
[2015.01.24-23.11.09:564][  0]LightingResults: New page: Lighting Build
[2015.01.24-23.11.09:571][  0]LogParticles: Destroying 0 GPU particle simulations for FXSystem 0x0000006DBAFAD940
[2015.01.24-23.11.10:153][  0]LogEditorServer: Finished looking for orphan Actors (0.000 secs)
[2015.01.24-23.11.10:153][  0]LogAIModule: Creating AISystem for world Untitled_1
[2015.01.24-23.11.10:153][  0]Cmd: MAP CHECKDEP
[2015.01.24-23.11.10:153][  0]MapCheck: New page: Untitled_1 - Jan 24, 2015, 1:11:10 PM
[2015.01.24-23.11.10:313][  0]MapCheck: Info Map check complete: 0 Error(s), 0 Warning(s), took 159.976ms to complete.
[2015.01.24-23.11.10:313][  0]LogFileHelpers: Loading map 'Template_Default' took 0.766
[2015.01.24-23.11.10:418][  0]LogCollectionManager: Loaded 0 collections in 0.001560 seconds
[2015.01.24-23.11.10:659][  0]LogCrashTracker: Crashtracker disabled due to settings.
[2015.01.24-23.11.10:666][  0]LogUObjectGlobals:Warning: Failed to find object 'Class None.'
[2015.01.24-23.11.10:694][  0]LogLoad: Full Startup: 16.41 seconds (BP compile: 0.04 seconds)
[2015.01.24-23.11.11:037][  0]LogContentBrowser:Verbose: The content browser source was changed by the sources view to '/Game/Blueprints'
[2015.01.24-23.11.11:153][  0]LogRenderer:Warning: Reallocating scene render targets to support 1200x904.
[2015.01.24-23.11.12:046][  3]LogAssetRegistry: Asset discovery search completed in 4.4469 seconds
[2015.01.24-23.11.25:209][ 89]LogWindows:Error: Windows GetLastError: The operation completed successfully. (0)
[2015.01.24-23.11.25:210][ 89]LogCrashTracker: 


[2015.01.24-23.11.26:136][ 89]LogCrashTracker: 


[2015.01.24-23.11.26:136][ 89]LogWindows: === Critical error: ===
Assertion failed: PreviousCDO != nullptr [File:D:\BuildFarm\buildmachine_++depot+UE4-Releases+4.6\Engine\Source\Editor\UnrealEd\Private\Kismet2\BlueprintEditorUtils.cpp] [Line: 1062] 



KERNELBASE.dll!UnknownFunction (0x00007ff8a3ce606c) + 0 bytes [UnknownFile:0]
UE4Editor-Core.dll!UnknownFunction (0x00007ff880cf2f7d) + 0 bytes [UnknownFile:0]
UE4Editor-Core.dll!UnknownFunction (0x00007ff880b860f8) + 0 bytes [UnknownFile:0]
UE4Editor-Core.dll!UnknownFunction (0x00007ff880b69192) + 0 bytes [UnknownFile:0]
UE4Editor-UnrealEd.dll!UnknownFunction (0x00007ff87d00cde3) + 0 bytes [UnknownFile:0]
UE4Editor-UnrealEd.dll!UnknownFunction (0x00007ff87d009664) + 0 bytes [UnknownFile:0]
UE4Editor-UnrealEd.dll!UnknownFunction (0x00007ff87d0066b8) + 0 bytes [UnknownFile:0]
UE4Editor-UnrealEd.dll!UnknownFunction (0x00007ff87d00cfe8) + 0 bytes [UnknownFile:0]
UE4Editor-CoreUObject.dll!UnknownFunction (0x00007ff880789070) + 0 bytes [UnknownFile:0]
UE4Editor-CoreUObject.dll!UnknownFunction (0x00007ff8807d7092) + 0 bytes [UnknownFile:0]
UE4Editor-CoreUObject.dll!UnknownFunction (0x00007ff8807d74db) + 0 bytes [UnknownFile:0]
UE4Editor-CoreUObject.dll!UnknownFunction (0x00007ff8807f37eb) + 0 bytes [UnknownFile:0]
UE4Editor-CoreUObject.dll!UnknownFunction (0x00007ff880854985) + 0 bytes [UnknownFile:0]
UE4Editor-CoreUObject.dll!UnknownFunction (0x00007ff88081342f) + 0 bytes [UnknownFile:0]
UE4Editor-CoreUObject.dll!UnknownFunction (0x00007ff880812722) + 0 bytes [UnknownFile:0]
UE4Editor-CoreUObject.dll!UnknownFunction (0x00007ff880813792) + 0 bytes [UnknownFile:0]
UE4Editor-CoreUObject.dll!UnknownFunction (0x00007ff880812722) + 0 bytes [UnknownFile:0]
UE4Editor-CoreUObject.dll!UnknownFunction (0x00007ff8807d7cc4) + 0 bytes [UnknownFile:0]
UE4Editor-CoreUObject.dll!UnknownFunction (0x00007ff8807f1789) + 0 bytes [UnknownFile:0]
UE4Editor-CoreUObject.dll!UnknownFunction (0x00007ff8807c65b4) + 0 bytes [UnknownFile:0]
UE4Editor-CoreUObject.dll!UnknownFunction (0x00007ff8807fb242) + 0 bytes [UnknownFile:0]
UE4Editor-CoreUObject.dll!UnknownFunction (0x00007ff8807503b4) + 0 bytes [UnknownFile:0]
UE4Editor-CoreUObject.dll!UnknownFunction (0x00007ff8807652d0) + 0 bytes [UnknownFile:0]
UE4Editor-CoreUObject.dll!UnknownFunction (0x00007ff8807d6f6c) + 0 bytes [UnknownFile:0]
UE4Editor-CoreUObject.dll!UnknownFunction (0x00007ff8807d74db) + 0 bytes [UnknownFile:0]
UE4Editor-CoreUObject.dll!UnknownFunction (0x00007ff8807f37eb) + 0 bytes [UnknownFile:0]
UE4Editor-CoreUObject.dll!UnknownFunction (0x00007ff880854985) + 0 bytes [UnknownFile:0]
UE4Editor-CoreUObject.dll!UnknownFunction (0x00007ff88081342f) + 0 bytes [UnknownFile:0]
UE4Editor-CoreUObject.dll!UnknownFunction (0x00007ff880812722) + 0 bytes [UnknownFile:0]
UE4Editor-CoreUObject.dll!UnknownFunction (0x00007ff880813792) + 0 bytes [UnknownFile:0]
UE4Editor-CoreUObject.dll!UnknownFunction (0x00007ff880812722) + 0 bytes [UnknownFile:0]
UE4Editor-CoreUObject.dll!UnknownFunction (0x00007ff8807d7cc4) + 0 bytes [UnknownFile:0]
UE4Editor-CoreUObject.dll!UnknownFunction (0x00007ff8807f1789) + 0 bytes [UnknownFile:0]
UE4Editor-CoreUObject.dll!UnknownFunction (0x00007ff8807c65b4) + 0 bytes [UnknownFile:0]
UE4Editor-CoreUObject.dll!UnknownFunction (0x00007ff8807fb242) + 0 bytes [UnknownFile:0]
UE4Editor-CoreUObject.dll!UnknownFunction (0x00007ff8807503b4) + 0 bytes [UnknownFile:0]
UE4Editor-CoreUObject.dll!UnknownFunction (0x00007ff8807652d0) + 0 bytes [UnknownFile:0]
UE4Editor-CoreUObject.dll!UnknownFunction (0x00007ff8807d6f6c) + 0 bytes [UnknownFile:0]
UE4Editor-CoreUObject.dll!UnknownFunction (0x00007ff8807d74db) + 0 bytes [UnknownFile:0]
UE4Editor-CoreUObject.dll!UnknownFunction (0x00007ff8807f37eb) + 0 bytes [UnknownFile:0]
UE4Editor-CoreUObject.dll!UnknownFunction (0x00007ff880854985) + 0 bytes [UnknownFile:0]
UE4Editor-CoreUObject.dll!UnknownFunction (0x00007ff88081342f) + 0 bytes [UnknownFile:0]
UE4Editor-CoreUObject.dll!UnknownFunction (0x00007ff880812722) + 0 bytes [UnknownFile:0]
UE4Editor-CoreUObject.dll!UnknownFunction (0x00007ff880813792) + 0 bytes [UnknownFile:0]
UE4Editor-CoreUObject.dll!UnknownFunction (0x00007ff880812722) + 0 bytes [UnknownFile:0]
UE4Editor-CoreUObject.dll!UnknownFunction (0x00007ff8807d7cc4) + 0 bytes [UnknownFile:0]
UE4Editor-CoreUObject.dll!UnknownFunction (0x00007ff8807f1789) + 0 bytes [UnknownFile:0]
UE4Editor-CoreUObject.dll!UnknownFunction (0x00007ff8807c65b4) + 0 bytes [UnknownFile:0]
UE4Editor-Engine.dll!UnknownFunction (0x00007ff87eb2f924) + 0 bytes [UnknownFile:0]
UE4Editor-CoreUObject.dll!UnknownFunction (0x00007ff88086bd93) + 0 bytes [UnknownFile:0]
UE4Editor-CoreUObject.dll!UnknownFunction (0x00007ff88079dcba) + 0 bytes [UnknownFile:0]
UE4Editor-CoreUObject.dll!UnknownFunction (0x00007ff88079d642) + 0 bytes [UnknownFile:0]
UE4Editor-CoreUObject.dll!UnknownFunction (0x00007ff88086be20) + 0 bytes [UnknownFile:0]
UE4Editor-CoreUObject.dll!UnknownFunction (0x00007ff8808099aa) + 0 bytes [UnknownFile:0]
UE4Editor-CoreUObject.dll!UnknownFunction (0x00007ff88079dcba) + 0 bytes [UnknownFile:0]
UE4Editor-CoreUObject.dll!UnknownFunction (0x00007ff88079d642) + 0 bytes [UnknownFile:0]
UE4Editor-CoreUObject.dll!UnknownFunction (0x00007ff88080a94c) + 0 bytes [UnknownFile:0]
UE4Editor-CoreUObject.dll!UnknownFunction (0x00007ff880808a46) + 0 bytes [UnknownFile:0]
UE4Editor-Engine.dll!UnknownFunction (0x00007ff87e189835) + 0 bytes [UnknownFile:0]
UE4Editor-Engine.dll!UnknownFunction (0x00007ff87e18938b) + 0 bytes [UnknownFile:0]
UE4Editor-CoreUObject.dll!UnknownFunction (0x00007ff8807fb242) + 0 bytes [UnknownFile:0]
UE4Editor-CoreUObject.dll!UnknownFunction (0x00007ff880789056) + 0 bytes [UnknownFile:0]
UE4Editor-CoreUObject.dll!UnknownFunction (0x00007ff8807d7092) + 0 bytes [UnknownFile:0]
UE4Editor-CoreUObject.dll!UnknownFunction (0x00007ff8807d74db) + 0 bytes [UnknownFile:0]
UE4Editor-CoreUObject.dll!UnknownFunction (0x00007ff8807f37eb) + 0 bytes [UnknownFile:0]
UE4Editor-CoreUObject.dll!UnknownFunction (0x00007ff880854985) + 0 bytes [UnknownFile:0]
UE4Editor-CoreUObject.dll!UnknownFunction (0x00007ff88081342f) + 0 bytes [UnknownFile:0]
UE4Editor-CoreUObject.dll!UnknownFunction (0x00007ff880812722) + 0 bytes [UnknownFile:0]
UE4Editor-CoreUObject.dll!UnknownFunction (0x00007ff880813792) + 0 bytes [UnknownFile:0]
UE4Editor-CoreUObject.dll!UnknownFunction (0x00007ff880812722) + 0 bytes [UnknownFile:0]
UE4Editor-CoreUObject.dll!UnknownFunction (0x00007ff8807d7cc4) + 0 bytes [UnknownFile:0]
UE4Editor-CoreUObject.dll!UnknownFunction (0x00007ff8807f1789) + 0 bytes [UnknownFile:0]
UE4Editor-CoreUObject.dll!UnknownFunction (0x00007ff8807c65b4) + 0 bytes [UnknownFile:0]
UE4Editor-CoreUObject.dll!UnknownFunction (0x00007ff8807fb242) + 0 bytes [UnknownFile:0]
UE4Editor-CoreUObject.dll!UnknownFunction (0x00007ff88077cafd) + 0 bytes [UnknownFile:0]
UE4Editor-CoreUObject.dll!UnknownFunction (0x00007ff88077c7fe) + 0 bytes [UnknownFile:0]
UE4Editor-CoreUObject.dll!UnknownFunction (0x00007ff880798496) + 0 bytes [UnknownFile:0]
UE4Editor-CoreUObject.dll!UnknownFunction (0x00007ff880797bea) + 0 bytes [UnknownFile:0]
UE4Editor-CoreUObject.dll!UnknownFunction (0x00007ff8807fb242) + 0 bytes [UnknownFile:0]
UE4Editor-CoreUObject.dll!UnknownFunction (0x00007ff88077cafd) + 0 bytes [UnknownFile:0]
UE4Editor-CoreUObject.dll!UnknownFunction (0x00007ff88077c245) + 0 bytes [UnknownFile:0]
UE4Editor-Engine.dll!UnknownFunction (0x00007ff87e177593) + 0 bytes [UnknownFile:0]
UE4Editor-UMG.dll!UnknownFunction (0x00007ff876d9b8cf) + 0 bytes [UnknownFile:0]
UE4Editor-CoreUObject.dll!UnknownFunction (0x00007ff880797489) + 0 bytes [UnknownFile:0]
UE4Editor-CoreUObject.dll!UnknownFunction (0x00007ff8807fb242) + 0 bytes [UnknownFile:0]
UE4Editor-CoreUObject.dll!UnknownFunction (0x00007ff8807d724c) + 0 bytes [UnknownFile:0]
UE4Editor-CoreUObject.dll!UnknownFunction (0x00007ff8807f1714) + 0 bytes [UnknownFile:0]
UE4Editor-CoreUObject.dll!UnknownFunction (0x00007ff8807d6a97) + 0 bytes [UnknownFile:0]
UE4Editor-CoreUObject.dll!UnknownFunction (0x00007ff8807d74db) + 0 bytes [UnknownFile:0]
UE4Editor-CoreUObject.dll!UnknownFunction (0x00007ff8807f37eb) + 0 bytes [UnknownFile:0]
UE4Editor-CoreUObject.dll!UnknownFunction (0x00007ff880854985) + 0 bytes [UnknownFile:0]
UE4Editor-CoreUObject.dll!UnknownFunction (0x00007ff88081342f) + 0 bytes [UnknownFile:0]
UE4Editor-CoreUObject.dll!UnknownFunction (0x00007ff880812722) + 0 bytes [UnknownFile:0]
UE4Editor-CoreUObject.dll!UnknownFunction (0x00007ff880813792) + 0 bytes [UnknownFile:0]
UE4Editor-CoreUObject.dll!UnknownFunction (0x00007ff880812722) + 0 bytes [UnknownFile:0]
UE4Editor-CoreUObject.dll!UnknownFunction (0x00007ff8807d7cc4) + 0 bytes [UnknownFile:0]
UE4Editor-CoreUObject.dll!UnknownFunction (0x00007ff8807f1789) + 0 bytes [UnknownFile:0]
UE4Editor-CoreUObject.dll!UnknownFunction (0x00007ff8807c65b4) + 0 bytes [UnknownFile:0]
UE4Editor-CoreUObject.dll!UnknownFunction (0x00007ff8807fb242) + 0 bytes [UnknownFile:0]
UE4Editor-CoreUObject.dll!UnknownFunction (0x00007ff8807503b4) + 0 bytes [UnknownFile:0]
UnknownModule!UnknownFunction (0x0000cad0ac7b47a2) + 0 bytes [UnknownFile:0]


[2015.01.24-23.11.26:290][ 89]LogExit: Executing StaticShutdownAfterError
[2015.01.24-23.11.26:293][ 89]LogWindows: FPlatformMisc::RequestExit(1)
[2015.01.24-23.11.26:293][ 89]Log file closed, 01/24/15 18:11:26
