Log file open, 01/31/15 22:47:01
LogInit:Display: Running engine for game: KodainaKingdom
LogInit: Version: 4.6.1-2386410+++depot+UE4-Releases+4.6
LogInit: API Version: 2369412
LogInit: Compiled (64-bit): Dec 11 2014 21:31:39
LogInit: Compiled with Visual C++: 18.00.21005.01
LogInit: Build Configuration: Development
LogInit: Branch Name: ++depot+UE4-Releases+4.6
LogInit: Command line:  
LogInit: Base directory: C:/Program Files/UE45/Epic Games/4.6/Engine/Binaries/Win64/
LogInit: Rocket: 1
[2015.02.01-03.47.01:578][  0]LogTaskGraph: Started task graph with 3 named threads and 6 total threads.
[2015.02.01-03.47.01:638][  0]LogOnline:Warning: No default platform service specified for OnlineSubsystem
[2015.02.01-03.47.01:724][  0]LogInit: Presizing for 0 objects not considered by GC, pre-allocating 0 bytes.
[2015.02.01-03.47.01:732][  0]LogInit: Object subsystem initialized
[2015.02.01-03.47.01:734][  0]LogInit: Selected Device Profile: [Windows]
[2015.02.01-03.47.01:734][  0]LogInit: Applying CVar settings loaded from the selected device profile: [Windows]
[2015.02.01-03.47.01:741][  0]LogInit: Computer: ASUS
[2015.02.01-03.47.01:741][  0]LogInit: User: Owner
[2015.02.01-03.47.01:741][  0]LogInit: CPU Page size=4096, Cores=4
[2015.02.01-03.47.01:741][  0]LogInit: High frequency timer resolution =2.338346 MHz
[2015.02.01-03.47.01:741][  0]LogMemory: Memory total: Physical=15.9GB (16GB approx) Virtual=131072.0GB
[2015.02.01-03.47.01:741][  0]LogMemory: Platform Memory Stats for Windows
[2015.02.01-03.47.01:741][  0]LogMemory: Process Physical Memory: 48.84 MB used, 48.84 MB peak
[2015.02.01-03.47.01:741][  0]LogMemory: Process Virtual Memory: 25.07 MB used, 25.07 MB peak
[2015.02.01-03.47.01:741][  0]LogMemory: Physical Memory: 2964.59 MB used, 16267.18 MB total
[2015.02.01-03.47.01:741][  0]LogMemory: Virtual Memory: 274.82 MB used, 134217728.00 MB total
[2015.02.01-03.47.01:783][  0]LogD3D11RHI: Found D3D11 adapter 0: Intel(R) HD Graphics 4600 (Feature Level 11_0)
[2015.02.01-03.47.01:783][  0]LogD3D11RHI: Adapter has 32MB of dedicated video memory, 0MB of dedicated system memory, and 1760MB of shared system memory, 1 output[s]
[2015.02.01-03.47.01:794][  0]LogD3D11RHI: Found D3D11 adapter 1: NVIDIA GeForce GT 750M (Feature Level 11_0)
[2015.02.01-03.47.01:794][  0]LogD3D11RHI: Adapter has 1988MB of dedicated video memory, 0MB of dedicated system memory, and 2048MB of shared system memory, 0 output[s]
[2015.02.01-03.47.01:796][  0]LogD3D11RHI: Found D3D11 adapter 2: Microsoft Basic Render Driver (Feature Level 11_0)
[2015.02.01-03.47.01:796][  0]LogD3D11RHI: Adapter has 0MB of dedicated video memory, 0MB of dedicated system memory, and 256MB of shared system memory, 0 output[s]
[2015.02.01-03.47.01:796][  0]LogD3D11RHI: Chosen D3D11 Adapter Id = 0
[2015.02.01-03.47.01:802][  0]LogRHI: Texture pool is 1361 MB (70% of 1945 MB)
[2015.02.01-03.47.01:816][  0]LogD3D11RHI: Async texture creation enabled
[2015.02.01-03.47.02:007][  0]LogTextLocalizationManager: The requested culture ('en_US') has no localization data; parent culture's ('en') localization data will be used.
[2015.02.01-03.47.02:132][  0]LogContentStreaming: Texture pool size is 0.000000MB
[2015.02.01-03.47.08:213][  0]LogTargetPlatformManager:Display: Building Assets For Windows
[2015.02.01-03.47.08:962][  0]LogTargetPlatformManager:Display: Building Assets For Windows
[2015.02.01-03.47.09:051][  0]LogDerivedDataCache:Display: Max Cache Size: 512 MB
[2015.02.01-03.47.09:599][  0]LogDerivedDataCache: Loaded boot cache 0.55s 39MB C:/Users/Owner/AppData/Local/UnrealEngine/4.6/DerivedDataCache/Boot.ddc.
[2015.02.01-03.47.09:599][  0]LogDerivedDataCache:Display: Loaded Boot cache: C:/Users/Owner/AppData/Local/UnrealEngine/4.6/DerivedDataCache/Boot.ddc
[2015.02.01-03.47.09:599][  0]LogDerivedDataCache: FDerivedDataBackendGraph:  Pak pak cache file ../../../../../../../Users/Owner/Documents/Unreal Projects/Kodaina/DerivedDataCache/DDC.ddp not found, will not use a pak cache.
[2015.02.01-03.47.09:599][  0]LogDerivedDataCache: Unable to find inner node Pak for hierarchical cache Hierarchy.
[2015.02.01-03.47.09:702][  0]LogDerivedDataCache:Display: Pak cache opened for reading ../../../Engine/DerivedDataCache/DDC.ddp.
[2015.02.01-03.47.09:715][  0]LogDerivedDataCache: Using Local data cache path C:/Users/Owner/AppData/Local/UnrealEngine/Common/DerivedDataCache: Writable
[2015.02.01-03.47.09:900][  0]LogCollisionProfile:Warning: Profile (UI) - Custom Channel Name = 'Weapon' hasn't been found
[2015.02.01-03.47.10:092][  0]LogMeshUtilities: No automatic mesh reduction module available
[2015.02.01-03.47.10:092][  0]LogMeshUtilities: No automatic mesh merging module available
[2015.02.01-03.47.10:629][  0]LogInit: WinSock: version 1.1 (2.2), MaxSocks=32767, MaxUdp=65467
[2015.02.01-03.47.10:803][  0]LogSlate:Warning: Failed to load font data from '../../../Engine/Content/Slate/Fonts/Roboto-Italic.ttf'
[2015.02.01-03.47.29:218][  0]UdpMessaging: Initializing bridge on interface 0.0.0.0:0 to multicast group 230.0.0.1:6666.
[2015.02.01-03.47.29:698][  0]LogDirectoryWatcher:Warning: Failed to begin reading directory changes for C:/Users/Owner/Documents/Unreal Projects/Kodaina/Binaries/Win64. Error: 0
[2015.02.01-03.47.30:030][  0]SourceControl: Info Source control is disabled
[2015.02.01-03.47.30:030][  0]SourceControl: Info Source control is disabled
[2015.02.01-03.47.30:044][  0]SourceControl: Info Source control is disabled
[2015.02.01-03.47.30:745][  0]LogObj: 23754 objects as part of root set at end of initial load.
[2015.02.01-03.47.30:745][  0]LogUObjectAllocator: 5168136 out of 0 bytes used by permanent object pool.
[2015.02.01-03.47.30:848][  0]LogEngine: Initializing Engine...
[2015.02.01-03.47.31:012][  0]LogInit: XAudio2 using 'Speakers (2- M-Audio Micro)' : 2 channels at 44.1 kHz using 16 bits per sample (channel mask 0x3)
[2015.02.01-03.47.31:020][  0]LogInit: FAudioDevice initialized.
[2015.02.01-03.47.31:062][  0]LogAIModule: Creating AISystem for world NewWorld
[2015.02.01-03.47.31:085][  0]LogDerivedDataCache: Saved boot cache 0.02s 39MB C:/Users/Owner/AppData/Local/UnrealEngine/4.6/DerivedDataCache/Boot.ddc.
[2015.02.01-03.47.31:088][  0]LogInit: Texture streaming: Enabled
[2015.02.01-03.47.31:185][  0]LogAnalytics: Creating configured Analytics provider AnalyticsET
[2015.02.01-03.47.31:185][  0]LogAnalytics: ET APIKey = Rocket.Release. APIServer = http://et2.epicgames.com/ET2/. AppVersion = 4.6.1-2386410+++depot+UE4-Releases+4.6
[2015.02.01-03.47.31:187][  0]LogAnalytics: SetUserId d53fbd01599cddc5eda2e5a33cd9f114
[2015.02.01-03.47.31:187][  0]LogAnalytics: AnalyticsET::StartSession [Rocket.Release]
[2015.02.01-03.47.31:234][  0]LogInit: Transaction tracking system initialized
[2015.02.01-03.47.31:543][  0]BlueprintLog: New page: Editor Load
[2015.02.01-03.47.31:609][  0]LogAssetRegistry: FAssetRegistry took 0.0112 seconds to start up
[2015.02.01-03.47.31:609][  0]LogDirectoryWatcher:Warning: Failed to begin reading directory changes for ../../../Engine/Plugins/Experimental/CharacterAI/Content/. Error: 0
[2015.02.01-03.47.33:578][  0]LogTargetPlatformManager:Display: Building Assets For Windows
[2015.02.01-03.47.34:046][  0]LogTargetPlatformManager:Display: Building Assets For Windows
[2015.02.01-03.47.34:507][  0]LogConsoleResponse:Display: 
[2015.02.01-03.47.34:666][  0]LogLinker:Warning: Asset '../../../Engine/Content/Functions/Engine_MaterialFunctions03/Procedurals/ComputeFilterWidth.uasset' has been saved with empty engine version. The asset will be loaded but may be incompatible.
[2015.02.01-03.47.35:373][  0]SourceControl: Info Source control is disabled
[2015.02.01-03.47.35:373][  0]Cmd: MAP LOAD FILE="../../../../../../../Users/Owner/Documents/Unreal Projects/Kodaina/Content/Maps/TestLevel.umap" TEMPLATE=0 SHOWPROGRESS=1
[2015.02.01-03.47.35:391][  0]LightingResults: New page: Lighting Build
[2015.02.01-03.47.35:409][  0]MapCheck: New page: Map Check
[2015.02.01-03.47.35:409][  0]LightingResults: New page: Lighting Build
[2015.02.01-03.47.35:416][  0]LogParticles: Destroying 0 GPU particle simulations for FXSystem 0x000000620D7C1940
[2015.02.01-03.47.35:789][  0]LogEditorServer: Finished looking for orphan Actors (0.000 secs)
[2015.02.01-03.47.35:789][  0]LogAIModule: Creating AISystem for world TestLevel
[2015.02.01-03.47.35:790][  0]Cmd: MAP CHECKDEP
[2015.02.01-03.47.35:790][  0]MapCheck: New page: TestLevel - Jan 31, 2015, 5:47:35 PM
[2015.02.01-03.47.35:959][  0]MapCheck: Info Map check complete: 0 Error(s), 0 Warning(s), took 169.175ms to complete.
[2015.02.01-03.47.35:959][  0]LogFileHelpers: Loading map 'TestLevel' took 0.585
[2015.02.01-03.47.36:072][  0]LogCollectionManager: Loaded 0 collections in 0.001993 seconds
[2015.02.01-03.47.36:813][  0]LogCrashTracker: Crashtracker disabled due to settings.
[2015.02.01-03.47.36:862][  0]LogUObjectGlobals:Warning: Failed to find object 'Class None.'
[2015.02.01-03.47.36:891][  0]LogLoad: Full Startup: 37.83 seconds (BP compile: 0.03 seconds)
[2015.02.01-03.47.37:237][  0]LogContentBrowser:Verbose: The content browser source was changed by the sources view to '/Game/Blueprints'
[2015.02.01-03.47.37:502][  0]LogRenderer:Warning: Reallocating scene render targets to support 1200x904.
[2015.02.01-03.47.39:028][  5]LogAssetRegistry: Asset discovery search completed in 7.4312 seconds
[2015.02.01-03.49.20:327][392]LogContentBrowser:Verbose: The content browser source was changed by the sources view to '/Game/Data'
[2015.02.01-03.49.46:659][919]LogContentBrowser:Verbose: The content browser source was changed by the sources view to '/Game/Blueprints'
[2015.02.01-03.52.06:171][387]LogContentBrowser:Verbose: The content browser source was changed by the sources view to '/Game/Data'
[2015.02.01-03.53.28:496][909]LogContentBrowser:Verbose: The content browser source was changed by the sources view to '/Game/Data'
[2015.02.01-03.54.07:996][891]LogPropertyNode:Warning: UI Min (0) >= UI Max () for Ranged Numeric
[2015.02.01-03.54.07:998][891]LogPropertyNode:Warning: UI Min (0) >= UI Max () for Ranged Numeric
[2015.02.01-03.54.14:550][156]LogUObjectGlobals:Warning: Failed to find object 'Object None.'
[2015.02.01-03.54.14:551][156]LogUObjectGlobals:Warning: Failed to find object 'Object None.'
[2015.02.01-03.54.14:551][156]LogUObjectGlobals:Warning: Failed to find object 'Object None.'
[2015.02.01-03.54.14:551][156]LogUObjectGlobals:Warning: Failed to find object 'Object None.'
[2015.02.01-03.54.14:551][156]LogUObjectGlobals:Warning: Failed to find object 'Object None.'
[2015.02.01-03.54.14:551][156]LogUObjectGlobals:Warning: Failed to find object 'Object None.'
[2015.02.01-03.54.14:551][156]LogUObjectGlobals:Warning: Failed to find object 'Object None.'
[2015.02.01-03.54.14:551][156]LogUObjectGlobals:Warning: Failed to find object 'Object None.'
[2015.02.01-03.54.14:552][156]LogUObjectGlobals:Warning: Failed to find object 'Object None.'
[2015.02.01-03.54.14:554][156]LogUObjectHash:Warning: Ambiguous search, could be CanvasPanelSlot /Engine/Transient.World_1:InventoryHUD_C_1.WidgetTree_36.CanvasPanel_14.CanvasPanelSlot_778 or CanvasPanelSlot /Game/Blueprints/InventoryHUD.InventoryHUD_C:WidgetTree_35.CanvasPanel_14.CanvasPanelSlot_778
[2015.02.01-03.54.14:554][156]LogUObjectHash:Warning: Ambiguous search, could be CanvasPanelSlot /Engine/Transient.World_1:InventoryHUD_C_1.WidgetTree_36.CanvasPanel_14.CanvasPanelSlot_778 or CanvasPanelSlot /Engine/Transient.World_1:InventoryHUD_C_0.WidgetTree_34.CanvasPanel_14.CanvasPanelSlot_778
[2015.02.01-03.54.14:554][156]LogUObjectHash:Warning: Ambiguous search, could be CanvasPanelSlot /Engine/Transient.World_1:InventoryHUD_C_1.WidgetTree_36.CanvasPanel_14.CanvasPanelSlot_778 or CanvasPanelSlot /Game/Blueprints/InventoryHUD.InventoryHUD_C:WidgetTree_33.CanvasPanel_14.CanvasPanelSlot_778
[2015.02.01-03.54.14:554][156]LogUObjectHash:Warning: Ambiguous search, could be CanvasPanelSlot /Engine/Transient.World_1:InventoryHUD_C_1.WidgetTree_36.CanvasPanel_14.CanvasPanelSlot_778 or CanvasPanelSlot /Game/Blueprints/InventoryHUD.InventoryHUD_C:WidgetTree_26.CanvasPanel_14.CanvasPanelSlot_778
[2015.02.01-03.54.14:554][156]LogUObjectHash:Warning: Ambiguous search, could be CanvasPanelSlot /Engine/Transient.World_1:InventoryHUD_C_1.WidgetTree_36.CanvasPanel_14.CanvasPanelSlot_778 or CanvasPanelSlot /Engine/Transient.REINST_InventoryHUD_C_12:WidgetTree_24.CanvasPanel_14.CanvasPanelSlot_778
[2015.02.01-03.54.14:554][156]LogUObjectHash:Warning: Ambiguous search, could be CanvasPanelSlot /Engine/Transient.World_1:InventoryHUD_C_1.WidgetTree_36.CanvasPanel_14.CanvasPanelSlot_778 or CanvasPanelSlot /Game/Blueprints/InventoryHUD.InventoryHUD_C:WidgetTree_24.CanvasPanel_14.CanvasPanelSlot_778
[2015.02.01-03.54.14:554][156]LogUObjectHash:Warning: Ambiguous search, could be CanvasPanelSlot /Engine/Transient.World_1:InventoryHUD_C_1.WidgetTree_36.CanvasPanel_14.CanvasPanelSlot_778 or CanvasPanelSlot /Game/Blueprints/InventoryHUD.SKEL_InventoryHUD_C:WidgetTree_23.CanvasPanel_14.CanvasPanelSlot_778
[2015.02.01-03.54.14:554][156]LogUObjectHash:Warning: Ambiguous search, could be CanvasPanelSlot /Engine/Transient.World_1:InventoryHUD_C_1.WidgetTree_36.CanvasPanel_14.CanvasPanelSlot_778 or CanvasPanelSlot /Engine/Transient.REINST_SKEL_InventoryHUD_C_11:WidgetTree_21.CanvasPanel_14.CanvasPanelSlot_778
[2015.02.01-03.54.14:554][156]LogUObjectHash:Warning: Ambiguous search, could be CanvasPanelSlot /Engine/Transient.World_1:InventoryHUD_C_1.WidgetTree_36.CanvasPanel_14.CanvasPanelSlot_778 or CanvasPanelSlot /Game/Blueprints/InventoryHUD.SKEL_InventoryHUD_C:WidgetTree_21.CanvasPanel_14.CanvasPanelSlot_778
[2015.02.01-03.54.14:554][156]LogUObjectHash:Warning: Ambiguous search, could be CanvasPanelSlot /Engine/Transient.World_1:InventoryHUD_C_1.WidgetTree_36.CanvasPanel_14.CanvasPanelSlot_778 or CanvasPanelSlot /Engine/Transient.REINST_SKEL_InventoryHUD_C_9:WidgetTree_20.CanvasPanel_14.CanvasPanelSlot_778
[2015.02.01-03.54.14:554][156]LogUObjectHash:Warning: Ambiguous search, could be CanvasPanelSlot /Engine/Transient.World_1:InventoryHUD_C_1.WidgetTree_36.CanvasPanel_14.CanvasPanelSlot_778 or CanvasPanelSlot /Game/Blueprints/InventoryHUD.InventoryHUD:WidgetTree_94.CanvasPanel_14.CanvasPanelSlot_778
[2015.02.01-03.54.14:554][156]LogProperty:Warning: Illegal TEXT reference to a private object in external package (CanvasPanelSlot /Engine/Transient.World_1:InventoryHUD_C_1.WidgetTree_36.CanvasPanel_14.CanvasPanelSlot_778) from referencer (Border /Engine/UMG/Editor/Transient.Border_207).  Import failed...
[2015.02.01-03.54.14:554][156]LogProperty:Warning: ObjectProperty /Script/UMG.Widget:Slot: unresolved reference to 'CanvasPanelSlot'CanvasPanelSlot_778''
[2015.02.01-03.54.14:555][156]LogUObjectHash:Warning: Ambiguous search, could be BorderSlot /Engine/UMG/Editor/Transient.Border_207:BorderSlot_129 or BorderSlot /Engine/Transient.World_1:InventoryHUD_C_1.WidgetTree_36.Border_207.BorderSlot_129
[2015.02.01-03.54.14:555][156]LogUObjectHash:Warning: Ambiguous search, could be BorderSlot /Engine/UMG/Editor/Transient.Border_207:BorderSlot_129 or BorderSlot /Game/Blueprints/InventoryHUD.InventoryHUD_C:WidgetTree_35.Border_207.BorderSlot_129
[2015.02.01-03.54.14:555][156]LogUObjectHash:Warning: Ambiguous search, could be BorderSlot /Engine/UMG/Editor/Transient.Border_207:BorderSlot_129 or BorderSlot /Engine/Transient.World_1:InventoryHUD_C_0.WidgetTree_34.Border_207.BorderSlot_129
[2015.02.01-03.54.14:555][156]LogUObjectHash:Warning: Ambiguous search, could be BorderSlot /Engine/UMG/Editor/Transient.Border_207:BorderSlot_129 or BorderSlot /Game/Blueprints/InventoryHUD.InventoryHUD_C:WidgetTree_33.Border_207.BorderSlot_129
[2015.02.01-03.54.14:555][156]LogUObjectHash:Warning: Ambiguous search, could be BorderSlot /Engine/UMG/Editor/Transient.Border_207:BorderSlot_129 or BorderSlot /Game/Blueprints/InventoryHUD.InventoryHUD_C:WidgetTree_26.Border_207.BorderSlot_129
[2015.02.01-03.54.14:555][156]LogUObjectHash:Warning: Ambiguous search, could be BorderSlot /Engine/UMG/Editor/Transient.Border_207:BorderSlot_129 or BorderSlot /Engine/Transient.REINST_InventoryHUD_C_12:WidgetTree_24.Border_207.BorderSlot_129
[2015.02.01-03.54.14:555][156]LogUObjectHash:Warning: Ambiguous search, could be BorderSlot /Engine/UMG/Editor/Transient.Border_207:BorderSlot_129 or BorderSlot /Game/Blueprints/InventoryHUD.InventoryHUD_C:WidgetTree_24.Border_207.BorderSlot_129
[2015.02.01-03.54.14:555][156]LogUObjectHash:Warning: Ambiguous search, could be BorderSlot /Engine/UMG/Editor/Transient.Border_207:BorderSlot_129 or BorderSlot /Game/Blueprints/InventoryHUD.SKEL_InventoryHUD_C:WidgetTree_23.Border_207.BorderSlot_129
[2015.02.01-03.54.14:555][156]LogUObjectHash:Warning: Ambiguous search, could be BorderSlot /Engine/UMG/Editor/Transient.Border_207:BorderSlot_129 or BorderSlot /Engine/Transient.REINST_SKEL_InventoryHUD_C_11:WidgetTree_21.Border_207.BorderSlot_129
[2015.02.01-03.54.14:555][156]LogUObjectHash:Warning: Ambiguous search, could be BorderSlot /Engine/UMG/Editor/Transient.Border_207:BorderSlot_129 or BorderSlot /Game/Blueprints/InventoryHUD.SKEL_InventoryHUD_C:WidgetTree_21.Border_207.BorderSlot_129
[2015.02.01-03.54.14:555][156]LogUObjectHash:Warning: Ambiguous search, could be BorderSlot /Engine/UMG/Editor/Transient.Border_207:BorderSlot_129 or BorderSlot /Engine/Transient.REINST_SKEL_InventoryHUD_C_9:WidgetTree_20.Border_207.BorderSlot_129
[2015.02.01-03.54.14:555][156]LogUObjectHash:Warning: Ambiguous search, could be BorderSlot /Engine/UMG/Editor/Transient.Border_207:BorderSlot_129 or BorderSlot /Game/Blueprints/InventoryHUD.InventoryHUD:WidgetTree_94.Border_207.BorderSlot_129
[2015.02.01-03.54.14:555][156]LogUObjectHash:Warning: Ambiguous search, could be GridSlot /Engine/UMG/Editor/Transient.Slot 1:GridSlot_150 or GridSlot /Engine/Transient.World_1:InventoryHUD_C_1.WidgetTree_36.Slot 1.GridSlot_150
[2015.02.01-03.54.14:555][156]LogUObjectHash:Warning: Ambiguous search, could be GridSlot /Engine/UMG/Editor/Transient.Slot 1:GridSlot_150 or GridSlot /Game/Blueprints/InventoryHUD.InventoryHUD_C:WidgetTree_35.Slot 1.GridSlot_150
[2015.02.01-03.54.14:555][156]LogUObjectHash:Warning: Ambiguous search, could be GridSlot /Engine/UMG/Editor/Transient.Slot 1:GridSlot_150 or GridSlot /Engine/Transient.World_1:InventoryHUD_C_0.WidgetTree_34.Slot 1.GridSlot_150
[2015.02.01-03.54.14:555][156]LogUObjectHash:Warning: Ambiguous search, could be GridSlot /Engine/UMG/Editor/Transient.Slot 1:GridSlot_150 or GridSlot /Game/Blueprints/InventoryHUD.InventoryHUD_C:WidgetTree_33.Slot 1.GridSlot_150
[2015.02.01-03.54.14:555][156]LogUObjectHash:Warning: Ambiguous search, could be GridSlot /Engine/UMG/Editor/Transient.Slot 1:GridSlot_150 or GridSlot /Game/Blueprints/InventoryHUD.InventoryHUD_C:WidgetTree_26.Slot 1.GridSlot_150
[2015.02.01-03.54.14:555][156]LogUObjectHash:Warning: Ambiguous search, could be GridSlot /Engine/UMG/Editor/Transient.Slot 1:GridSlot_150 or GridSlot /Engine/Transient.REINST_InventoryHUD_C_12:WidgetTree_24.Slot 1.GridSlot_150
[2015.02.01-03.54.14:555][156]LogUObjectHash:Warning: Ambiguous search, could be GridSlot /Engine/UMG/Editor/Transient.Slot 1:GridSlot_150 or GridSlot /Game/Blueprints/InventoryHUD.InventoryHUD_C:WidgetTree_24.Slot 1.GridSlot_150
[2015.02.01-03.54.14:555][156]LogUObjectHash:Warning: Ambiguous search, could be GridSlot /Engine/UMG/Editor/Transient.Slot 1:GridSlot_150 or GridSlot /Game/Blueprints/InventoryHUD.SKEL_InventoryHUD_C:WidgetTree_23.Slot 1.GridSlot_150
[2015.02.01-03.54.14:555][156]LogUObjectHash:Warning: Ambiguous search, could be GridSlot /Engine/UMG/Editor/Transient.Slot 1:GridSlot_150 or GridSlot /Engine/Transient.REINST_SKEL_InventoryHUD_C_11:WidgetTree_21.Slot 1.GridSlot_150
[2015.02.01-03.54.14:555][156]LogUObjectHash:Warning: Ambiguous search, could be GridSlot /Engine/UMG/Editor/Transient.Slot 1:GridSlot_150 or GridSlot /Game/Blueprints/InventoryHUD.SKEL_InventoryHUD_C:WidgetTree_21.Slot 1.GridSlot_150
[2015.02.01-03.54.14:555][156]LogUObjectHash:Warning: Ambiguous search, could be GridSlot /Engine/UMG/Editor/Transient.Slot 1:GridSlot_150 or GridSlot /Engine/Transient.REINST_SKEL_InventoryHUD_C_9:WidgetTree_20.Slot 1.GridSlot_150
[2015.02.01-03.54.14:555][156]LogUObjectHash:Warning: Ambiguous search, could be GridSlot /Engine/UMG/Editor/Transient.Slot 1:GridSlot_150 or GridSlot /Game/Blueprints/InventoryHUD.InventoryHUD:WidgetTree_94.Slot 1.GridSlot_150
[2015.02.01-03.54.14:555][156]LogUObjectHash:Warning: Ambiguous search, could be GridSlot /Engine/UMG/Editor/Transient.Slot 1:GridSlot_152 or GridSlot /Engine/Transient.World_1:InventoryHUD_C_1.WidgetTree_36.Slot 1.GridSlot_152
[2015.02.01-03.54.14:555][156]LogUObjectHash:Warning: Ambiguous search, could be GridSlot /Engine/UMG/Editor/Transient.Slot 1:GridSlot_152 or GridSlot /Game/Blueprints/InventoryHUD.InventoryHUD_C:WidgetTree_35.Slot 1.GridSlot_152
[2015.02.01-03.54.14:555][156]LogUObjectHash:Warning: Ambiguous search, could be GridSlot /Engine/UMG/Editor/Transient.Slot 1:GridSlot_152 or GridSlot /Engine/Transient.World_1:InventoryHUD_C_0.WidgetTree_34.Slot 1.GridSlot_152
[2015.02.01-03.54.14:555][156]LogUObjectHash:Warning: Ambiguous search, could be GridSlot /Engine/UMG/Editor/Transient.Slot 1:GridSlot_152 or GridSlot /Game/Blueprints/InventoryHUD.InventoryHUD_C:WidgetTree_33.Slot 1.GridSlot_152
[2015.02.01-03.54.14:555][156]LogUObjectHash:Warning: Ambiguous search, could be GridSlot /Engine/UMG/Editor/Transient.Slot 1:GridSlot_152 or GridSlot /Game/Blueprints/InventoryHUD.InventoryHUD_C:WidgetTree_26.Slot 1.GridSlot_152
[2015.02.01-03.54.14:555][156]LogUObjectHash:Warning: Ambiguous search, could be GridSlot /Engine/UMG/Editor/Transient.Slot 1:GridSlot_152 or GridSlot /Engine/Transient.REINST_InventoryHUD_C_12:WidgetTree_24.Slot 1.GridSlot_152
[2015.02.01-03.54.14:555][156]LogUObjectHash:Warning: Ambiguous search, could be GridSlot /Engine/UMG/Editor/Transient.Slot 1:GridSlot_152 or GridSlot /Game/Blueprints/InventoryHUD.InventoryHUD_C:WidgetTree_24.Slot 1.GridSlot_152
[2015.02.01-03.54.14:555][156]LogUObjectHash:Warning: Ambiguous search, could be GridSlot /Engine/UMG/Editor/Transient.Slot 1:GridSlot_152 or GridSlot /Game/Blueprints/InventoryHUD.SKEL_InventoryHUD_C:WidgetTree_23.Slot 1.GridSlot_152
[2015.02.01-03.54.14:555][156]LogUObjectHash:Warning: Ambiguous search, could be GridSlot /Engine/UMG/Editor/Transient.Slot 1:GridSlot_152 or GridSlot /Engine/Transient.REINST_SKEL_InventoryHUD_C_11:WidgetTree_21.Slot 1.GridSlot_152
[2015.02.01-03.54.14:555][156]LogUObjectHash:Warning: Ambiguous search, could be GridSlot /Engine/UMG/Editor/Transient.Slot 1:GridSlot_152 or GridSlot /Game/Blueprints/InventoryHUD.SKEL_InventoryHUD_C:WidgetTree_21.Slot 1.GridSlot_152
[2015.02.01-03.54.14:555][156]LogUObjectHash:Warning: Ambiguous search, could be GridSlot /Engine/UMG/Editor/Transient.Slot 1:GridSlot_152 or GridSlot /Engine/Transient.REINST_SKEL_InventoryHUD_C_9:WidgetTree_20.Slot 1.GridSlot_152
[2015.02.01-03.54.14:555][156]LogUObjectHash:Warning: Ambiguous search, could be GridSlot /Engine/UMG/Editor/Transient.Slot 1:GridSlot_152 or GridSlot /Game/Blueprints/InventoryHUD.InventoryHUD:WidgetTree_94.Slot 1.GridSlot_152
[2015.02.01-03.54.14:555][156]LogUObjectHash:Warning: Ambiguous search, could be GridSlot /Engine/UMG/Editor/Transient.Slot 1:GridSlot_242 or GridSlot /Engine/Transient.World_1:InventoryHUD_C_1.WidgetTree_36.Slot 1.GridSlot_242
[2015.02.01-03.54.14:555][156]LogUObjectHash:Warning: Ambiguous search, could be GridSlot /Engine/UMG/Editor/Transient.Slot 1:GridSlot_242 or GridSlot /Game/Blueprints/InventoryHUD.InventoryHUD_C:WidgetTree_35.Slot 1.GridSlot_242
[2015.02.01-03.54.14:555][156]LogUObjectHash:Warning: Ambiguous search, could be GridSlot /Engine/UMG/Editor/Transient.Slot 1:GridSlot_242 or GridSlot /Engine/Transient.World_1:InventoryHUD_C_0.WidgetTree_34.Slot 1.GridSlot_242
[2015.02.01-03.54.14:555][156]LogUObjectHash:Warning: Ambiguous search, could be GridSlot /Engine/UMG/Editor/Transient.Slot 1:GridSlot_242 or GridSlot /Game/Blueprints/InventoryHUD.InventoryHUD_C:WidgetTree_33.Slot 1.GridSlot_242
[2015.02.01-03.54.14:555][156]LogUObjectHash:Warning: Ambiguous search, could be GridSlot /Engine/UMG/Editor/Transient.Slot 1:GridSlot_242 or GridSlot /Game/Blueprints/InventoryHUD.InventoryHUD_C:WidgetTree_26.Slot 1.GridSlot_242
[2015.02.01-03.54.14:555][156]LogUObjectHash:Warning: Ambiguous search, could be GridSlot /Engine/UMG/Editor/Transient.Slot 1:GridSlot_242 or GridSlot /Engine/Transient.REINST_InventoryHUD_C_12:WidgetTree_24.Slot 1.GridSlot_242
[2015.02.01-03.54.14:556][156]LogUObjectHash:Warning: Ambiguous search, could be GridSlot /Engine/UMG/Editor/Transient.Slot 1:GridSlot_242 or GridSlot /Game/Blueprints/InventoryHUD.InventoryHUD_C:WidgetTree_24.Slot 1.GridSlot_242
[2015.02.01-03.54.14:556][156]LogUObjectHash:Warning: Ambiguous search, could be GridSlot /Engine/UMG/Editor/Transient.Slot 1:GridSlot_242 or GridSlot /Game/Blueprints/InventoryHUD.SKEL_InventoryHUD_C:WidgetTree_23.Slot 1.GridSlot_242
[2015.02.01-03.54.14:556][156]LogUObjectHash:Warning: Ambiguous search, could be GridSlot /Engine/UMG/Editor/Transient.Slot 1:GridSlot_242 or GridSlot /Engine/Transient.REINST_SKEL_InventoryHUD_C_11:WidgetTree_21.Slot 1.GridSlot_242
[2015.02.01-03.54.14:556][156]LogUObjectHash:Warning: Ambiguous search, could be GridSlot /Engine/UMG/Editor/Transient.Slot 1:GridSlot_242 or GridSlot /Game/Blueprints/InventoryHUD.SKEL_InventoryHUD_C:WidgetTree_21.Slot 1.GridSlot_242
[2015.02.01-03.54.14:556][156]LogUObjectHash:Warning: Ambiguous search, could be GridSlot /Engine/UMG/Editor/Transient.Slot 1:GridSlot_242 or GridSlot /Engine/Transient.REINST_SKEL_InventoryHUD_C_9:WidgetTree_20.Slot 1.GridSlot_242
[2015.02.01-03.54.14:556][156]LogUObjectHash:Warning: Ambiguous search, could be GridSlot /Engine/UMG/Editor/Transient.Slot 1:GridSlot_242 or GridSlot /Game/Blueprints/InventoryHUD.InventoryHUD:WidgetTree_94.Slot 1.GridSlot_242
[2015.02.01-03.54.14:556][156]LogUObjectHash:Warning: Ambiguous search, could be GridSlot /Engine/UMG/Editor/Transient.Slot 1:GridSlot_244 or GridSlot /Engine/Transient.World_1:InventoryHUD_C_1.WidgetTree_36.Slot 1.GridSlot_244
[2015.02.01-03.54.14:556][156]LogUObjectHash:Warning: Ambiguous search, could be GridSlot /Engine/UMG/Editor/Transient.Slot 1:GridSlot_244 or GridSlot /Game/Blueprints/InventoryHUD.InventoryHUD_C:WidgetTree_35.Slot 1.GridSlot_244
[2015.02.01-03.54.14:556][156]LogUObjectHash:Warning: Ambiguous search, could be GridSlot /Engine/UMG/Editor/Transient.Slot 1:GridSlot_244 or GridSlot /Engine/Transient.World_1:InventoryHUD_C_0.WidgetTree_34.Slot 1.GridSlot_244
[2015.02.01-03.54.14:556][156]LogUObjectHash:Warning: Ambiguous search, could be GridSlot /Engine/UMG/Editor/Transient.Slot 1:GridSlot_244 or GridSlot /Game/Blueprints/InventoryHUD.InventoryHUD_C:WidgetTree_33.Slot 1.GridSlot_244
[2015.02.01-03.54.14:556][156]LogUObjectHash:Warning: Ambiguous search, could be GridSlot /Engine/UMG/Editor/Transient.Slot 1:GridSlot_244 or GridSlot /Game/Blueprints/InventoryHUD.InventoryHUD_C:WidgetTree_26.Slot 1.GridSlot_244
[2015.02.01-03.54.14:556][156]LogUObjectHash:Warning: Ambiguous search, could be GridSlot /Engine/UMG/Editor/Transient.Slot 1:GridSlot_244 or GridSlot /Engine/Transient.REINST_InventoryHUD_C_12:WidgetTree_24.Slot 1.GridSlot_244
[2015.02.01-03.54.14:556][156]LogUObjectHash:Warning: Ambiguous search, could be GridSlot /Engine/UMG/Editor/Transient.Slot 1:GridSlot_244 or GridSlot /Game/Blueprints/InventoryHUD.InventoryHUD_C:WidgetTree_24.Slot 1.GridSlot_244
[2015.02.01-03.54.14:556][156]LogUObjectHash:Warning: Ambiguous search, could be GridSlot /Engine/UMG/Editor/Transient.Slot 1:GridSlot_244 or GridSlot /Game/Blueprints/InventoryHUD.SKEL_InventoryHUD_C:WidgetTree_23.Slot 1.GridSlot_244
[2015.02.01-03.54.14:556][156]LogUObjectHash:Warning: Ambiguous search, could be GridSlot /Engine/UMG/Editor/Transient.Slot 1:GridSlot_244 or GridSlot /Engine/Transient.REINST_SKEL_InventoryHUD_C_11:WidgetTree_21.Slot 1.GridSlot_244
[2015.02.01-03.54.14:556][156]LogUObjectHash:Warning: Ambiguous search, could be GridSlot /Engine/UMG/Editor/Transient.Slot 1:GridSlot_244 or GridSlot /Game/Blueprints/InventoryHUD.SKEL_InventoryHUD_C:WidgetTree_21.Slot 1.GridSlot_244
[2015.02.01-03.54.14:556][156]LogUObjectHash:Warning: Ambiguous search, could be GridSlot /Engine/UMG/Editor/Transient.Slot 1:GridSlot_244 or GridSlot /Engine/Transient.REINST_SKEL_InventoryHUD_C_9:WidgetTree_20.Slot 1.GridSlot_244
[2015.02.01-03.54.14:556][156]LogUObjectHash:Warning: Ambiguous search, could be GridSlot /Engine/UMG/Editor/Transient.Slot 1:GridSlot_244 or GridSlot /Game/Blueprints/InventoryHUD.InventoryHUD:WidgetTree_94.Slot 1.GridSlot_244
[2015.02.01-03.54.14:556][156]LogUObjectHash:Warning: Ambiguous search, could be GridSlot /Engine/UMG/Editor/Transient.Slot 1:GridSlot_250 or GridSlot /Engine/Transient.World_1:InventoryHUD_C_1.WidgetTree_36.Slot 1.GridSlot_250
[2015.02.01-03.54.14:556][156]LogUObjectHash:Warning: Ambiguous search, could be GridSlot /Engine/UMG/Editor/Transient.Slot 1:GridSlot_250 or GridSlot /Game/Blueprints/InventoryHUD.InventoryHUD_C:WidgetTree_35.Slot 1.GridSlot_250
[2015.02.01-03.54.14:556][156]LogUObjectHash:Warning: Ambiguous search, could be GridSlot /Engine/UMG/Editor/Transient.Slot 1:GridSlot_250 or GridSlot /Engine/Transient.World_1:InventoryHUD_C_0.WidgetTree_34.Slot 1.GridSlot_250
[2015.02.01-03.54.14:556][156]LogUObjectHash:Warning: Ambiguous search, could be GridSlot /Engine/UMG/Editor/Transient.Slot 1:GridSlot_250 or GridSlot /Game/Blueprints/InventoryHUD.InventoryHUD_C:WidgetTree_33.Slot 1.GridSlot_250
[2015.02.01-03.54.14:556][156]LogUObjectHash:Warning: Ambiguous search, could be GridSlot /Engine/UMG/Editor/Transient.Slot 1:GridSlot_250 or GridSlot /Game/Blueprints/InventoryHUD.InventoryHUD_C:WidgetTree_26.Slot 1.GridSlot_250
[2015.02.01-03.54.14:556][156]LogUObjectHash:Warning: Ambiguous search, could be GridSlot /Engine/UMG/Editor/Transient.Slot 1:GridSlot_250 or GridSlot /Engine/Transient.REINST_InventoryHUD_C_12:WidgetTree_24.Slot 1.GridSlot_250
[2015.02.01-03.54.14:556][156]LogUObjectHash:Warning: Ambiguous search, could be GridSlot /Engine/UMG/Editor/Transient.Slot 1:GridSlot_250 or GridSlot /Game/Blueprints/InventoryHUD.InventoryHUD_C:WidgetTree_24.Slot 1.GridSlot_250
[2015.02.01-03.54.14:556][156]LogUObjectHash:Warning: Ambiguous search, could be GridSlot /Engine/UMG/Editor/Transient.Slot 1:GridSlot_250 or GridSlot /Game/Blueprints/InventoryHUD.SKEL_InventoryHUD_C:WidgetTree_23.Slot 1.GridSlot_250
[2015.02.01-03.54.14:556][156]LogUObjectHash:Warning: Ambiguous search, could be GridSlot /Engine/UMG/Editor/Transient.Slot 1:GridSlot_250 or GridSlot /Engine/Transient.REINST_SKEL_InventoryHUD_C_11:WidgetTree_21.Slot 1.GridSlot_250
[2015.02.01-03.54.14:556][156]LogUObjectHash:Warning: Ambiguous search, could be GridSlot /Engine/UMG/Editor/Transient.Slot 1:GridSlot_250 or GridSlot /Game/Blueprints/InventoryHUD.SKEL_InventoryHUD_C:WidgetTree_21.Slot 1.GridSlot_250
[2015.02.01-03.54.14:556][156]LogUObjectHash:Warning: Ambiguous search, could be GridSlot /Engine/UMG/Editor/Transient.Slot 1:GridSlot_250 or GridSlot /Engine/Transient.REINST_SKEL_InventoryHUD_C_9:WidgetTree_20.Slot 1.GridSlot_250
[2015.02.01-03.54.14:556][156]LogUObjectHash:Warning: Ambiguous search, could be GridSlot /Engine/UMG/Editor/Transient.Slot 1:GridSlot_250 or GridSlot /Game/Blueprints/InventoryHUD.InventoryHUD:WidgetTree_94.Slot 1.GridSlot_250
[2015.02.01-03.54.14:556][156]LogUObjectHash:Warning: Ambiguous search, could be GridSlot /Engine/UMG/Editor/Transient.Slot 1:GridSlot_251 or GridSlot /Engine/Transient.World_1:InventoryHUD_C_1.WidgetTree_36.Slot 1.GridSlot_251
[2015.02.01-03.54.14:556][156]LogUObjectHash:Warning: Ambiguous search, could be GridSlot /Engine/UMG/Editor/Transient.Slot 1:GridSlot_251 or GridSlot /Game/Blueprints/InventoryHUD.InventoryHUD_C:WidgetTree_35.Slot 1.GridSlot_251
[2015.02.01-03.54.14:556][156]LogUObjectHash:Warning: Ambiguous search, could be GridSlot /Engine/UMG/Editor/Transient.Slot 1:GridSlot_251 or GridSlot /Engine/Transient.World_1:InventoryHUD_C_0.WidgetTree_34.Slot 1.GridSlot_251
[2015.02.01-03.54.14:556][156]LogUObjectHash:Warning: Ambiguous search, could be GridSlot /Engine/UMG/Editor/Transient.Slot 1:GridSlot_251 or GridSlot /Game/Blueprints/InventoryHUD.InventoryHUD_C:WidgetTree_33.Slot 1.GridSlot_251
[2015.02.01-03.54.14:556][156]LogUObjectHash:Warning: Ambiguous search, could be GridSlot /Engine/UMG/Editor/Transient.Slot 1:GridSlot_251 or GridSlot /Game/Blueprints/InventoryHUD.InventoryHUD_C:WidgetTree_26.Slot 1.GridSlot_251
[2015.02.01-03.54.14:556][156]LogUObjectHash:Warning: Ambiguous search, could be GridSlot /Engine/UMG/Editor/Transient.Slot 1:GridSlot_251 or GridSlot /Engine/Transient.REINST_InventoryHUD_C_12:WidgetTree_24.Slot 1.GridSlot_251
[2015.02.01-03.54.14:556][156]LogUObjectHash:Warning: Ambiguous search, could be GridSlot /Engine/UMG/Editor/Transient.Slot 1:GridSlot_251 or GridSlot /Game/Blueprints/InventoryHUD.InventoryHUD_C:WidgetTree_24.Slot 1.GridSlot_251
[2015.02.01-03.54.14:556][156]LogUObjectHash:Warning: Ambiguous search, could be GridSlot /Engine/UMG/Editor/Transient.Slot 1:GridSlot_251 or GridSlot /Game/Blueprints/InventoryHUD.SKEL_InventoryHUD_C:WidgetTree_23.Slot 1.GridSlot_251
[2015.02.01-03.54.14:556][156]LogUObjectHash:Warning: Ambiguous search, could be GridSlot /Engine/UMG/Editor/Transient.Slot 1:GridSlot_251 or GridSlot /Engine/Transient.REINST_SKEL_InventoryHUD_C_11:WidgetTree_21.Slot 1.GridSlot_251
[2015.02.01-03.54.14:556][156]LogUObjectHash:Warning: Ambiguous search, could be GridSlot /Engine/UMG/Editor/Transient.Slot 1:GridSlot_251 or GridSlot /Game/Blueprints/InventoryHUD.SKEL_InventoryHUD_C:WidgetTree_21.Slot 1.GridSlot_251
[2015.02.01-03.54.14:556][156]LogUObjectHash:Warning: Ambiguous search, could be GridSlot /Engine/UMG/Editor/Transient.Slot 1:GridSlot_251 or GridSlot /Engine/Transient.REINST_SKEL_InventoryHUD_C_9:WidgetTree_20.Slot 1.GridSlot_251
[2015.02.01-03.54.14:556][156]LogUObjectHash:Warning: Ambiguous search, could be GridSlot /Engine/UMG/Editor/Transient.Slot 1:GridSlot_251 or GridSlot /Game/Blueprints/InventoryHUD.InventoryHUD:WidgetTree_94.Slot 1.GridSlot_251
[2015.02.01-03.54.14:556][156]LogUObjectHash:Warning: Ambiguous search, could be GridSlot /Engine/UMG/Editor/Transient.Slot 1:GridSlot_256 or GridSlot /Engine/Transient.World_1:InventoryHUD_C_1.WidgetTree_36.Slot 1.GridSlot_256
[2015.02.01-03.54.14:556][156]LogUObjectHash:Warning: Ambiguous search, could be GridSlot /Engine/UMG/Editor/Transient.Slot 1:GridSlot_256 or GridSlot /Game/Blueprints/InventoryHUD.InventoryHUD_C:WidgetTree_35.Slot 1.GridSlot_256
[2015.02.01-03.54.14:556][156]LogUObjectHash:Warning: Ambiguous search, could be GridSlot /Engine/UMG/Editor/Transient.Slot 1:GridSlot_256 or GridSlot /Engine/Transient.World_1:InventoryHUD_C_0.WidgetTree_34.Slot 1.GridSlot_256
[2015.02.01-03.54.14:556][156]LogUObjectHash:Warning: Ambiguous search, could be GridSlot /Engine/UMG/Editor/Transient.Slot 1:GridSlot_256 or GridSlot /Game/Blueprints/InventoryHUD.InventoryHUD_C:WidgetTree_33.Slot 1.GridSlot_256
[2015.02.01-03.54.14:556][156]LogUObjectHash:Warning: Ambiguous search, could be GridSlot /Engine/UMG/Editor/Transient.Slot 1:GridSlot_256 or GridSlot /Game/Blueprints/InventoryHUD.InventoryHUD_C:WidgetTree_26.Slot 1.GridSlot_256
[2015.02.01-03.54.14:556][156]LogUObjectHash:Warning: Ambiguous search, could be GridSlot /Engine/UMG/Editor/Transient.Slot 1:GridSlot_256 or GridSlot /Engine/Transient.REINST_InventoryHUD_C_12:WidgetTree_24.Slot 1.GridSlot_256
[2015.02.01-03.54.14:556][156]LogUObjectHash:Warning: Ambiguous search, could be GridSlot /Engine/UMG/Editor/Transient.Slot 1:GridSlot_256 or GridSlot /Game/Blueprints/InventoryHUD.InventoryHUD_C:WidgetTree_24.Slot 1.GridSlot_256
[2015.02.01-03.54.14:556][156]LogUObjectHash:Warning: Ambiguous search, could be GridSlot /Engine/UMG/Editor/Transient.Slot 1:GridSlot_256 or GridSlot /Game/Blueprints/InventoryHUD.SKEL_InventoryHUD_C:WidgetTree_23.Slot 1.GridSlot_256
[2015.02.01-03.54.14:556][156]LogUObjectHash:Warning: Ambiguous search, could be GridSlot /Engine/UMG/Editor/Transient.Slot 1:GridSlot_256 or GridSlot /Engine/Transient.REINST_SKEL_InventoryHUD_C_11:WidgetTree_21.Slot 1.GridSlot_256
[2015.02.01-03.54.14:556][156]LogUObjectHash:Warning: Ambiguous search, could be GridSlot /Engine/UMG/Editor/Transient.Slot 1:GridSlot_256 or GridSlot /Game/Blueprints/InventoryHUD.SKEL_InventoryHUD_C:WidgetTree_21.Slot 1.GridSlot_256
[2015.02.01-03.54.14:556][156]LogUObjectHash:Warning: Ambiguous search, could be GridSlot /Engine/UMG/Editor/Transient.Slot 1:GridSlot_256 or GridSlot /Engine/Transient.REINST_SKEL_InventoryHUD_C_9:WidgetTree_20.Slot 1.GridSlot_256
[2015.02.01-03.54.14:556][156]LogUObjectHash:Warning: Ambiguous search, could be GridSlot /Engine/UMG/Editor/Transient.Slot 1:GridSlot_256 or GridSlot /Game/Blueprints/InventoryHUD.InventoryHUD:WidgetTree_94.Slot 1.GridSlot_256
[2015.02.01-03.55.36:239][777]BlueprintLog: New page: Compile InventorySlotHudElement
[2015.02.01-03.55.36:314][777]LogActorComponent: UnregisterComponent: (/Engine/Transient.CharacterMovementComponent_0) Not registered. Aborting.
[2015.02.01-03.55.36:409][777]BlueprintEditorCompileResults: Info [0517.35] Compile of InventorySlotHudElement successful! [in 169 ms]
[2015.02.01-03.55.41:825][ 17]BlueprintLog: New page: Compile InventoryHUD
[2015.02.01-03.55.41:843][ 17]LogBlueprint:Warning: [compiler] Warning Could not find a variable named "Item Name 1" in 'InventoryHUD_C'.
Make sure 'InventoryHUD_C' has been compiled for  Get Item Name 1 
[2015.02.01-03.55.41:843][ 17]LogBlueprint:Warning: [compiler] Warning Could not find a variable named "Stat 1 1" in 'InventoryHUD_C'.
Make sure 'InventoryHUD_C' has been compiled for  Get Stat 1 1 
[2015.02.01-03.55.41:843][ 17]LogBlueprint:Warning: [compiler] Warning Could not find a variable named "Stat 2 1" in 'InventoryHUD_C'.
Make sure 'InventoryHUD_C' has been compiled for  Get Stat 2 1 
[2015.02.01-03.55.41:844][ 17]LogBlueprint:Warning: [compiler] Warning Could not find a variable named "Stat 3 1" in 'InventoryHUD_C'.
Make sure 'InventoryHUD_C' has been compiled for  Get Stat 3 1 
[2015.02.01-03.55.41:844][ 17]LogBlueprint:Error: [compiler] Error The property associated with  Stat 3 1  could not be found
[2015.02.01-03.55.41:844][ 17]LogBlueprint:Error: [compiler] Error The property associated with  Stat 2 1  could not be found
[2015.02.01-03.55.41:844][ 17]LogBlueprint:Error: [compiler] Error The property associated with  Stat 1 1  could not be found
[2015.02.01-03.55.41:844][ 17]LogBlueprint:Error: [compiler] Error The property associated with  Item Name 1  could not be found
[2015.02.01-03.55.41:957][ 17]LogBlueprint:Warning: [compiler] Warning [0522.90] Compile of InventoryHUD failed. 4 Fatal Issue(s) 4 Warning(s) [in 123 ms]
[2015.02.01-03.55.41:957][ 17]BlueprintEditorCompileResults:Warning: Warning Could not find a variable named "Item Name 1" in 'InventoryHUD_C'.
Make sure 'InventoryHUD_C' has been compiled for  Get Item Name 1 
[2015.02.01-03.55.41:957][ 17]BlueprintEditorCompileResults:Warning: Warning Could not find a variable named "Stat 1 1" in 'InventoryHUD_C'.
Make sure 'InventoryHUD_C' has been compiled for  Get Stat 1 1 
[2015.02.01-03.55.41:957][ 17]BlueprintEditorCompileResults:Warning: Warning Could not find a variable named "Stat 2 1" in 'InventoryHUD_C'.
Make sure 'InventoryHUD_C' has been compiled for  Get Stat 2 1 
[2015.02.01-03.55.41:957][ 17]BlueprintEditorCompileResults:Warning: Warning Could not find a variable named "Stat 3 1" in 'InventoryHUD_C'.
Make sure 'InventoryHUD_C' has been compiled for  Get Stat 3 1 
[2015.02.01-03.55.41:957][ 17]BlueprintEditorCompileResults:Error: Error The property associated with  Stat 3 1  could not be found
[2015.02.01-03.55.41:957][ 17]BlueprintEditorCompileResults:Error: Error The property associated with  Stat 2 1  could not be found
[2015.02.01-03.55.41:957][ 17]BlueprintEditorCompileResults:Error: Error The property associated with  Stat 1 1  could not be found
[2015.02.01-03.55.41:957][ 17]BlueprintEditorCompileResults:Error: Error The property associated with  Item Name 1  could not be found
[2015.02.01-03.55.41:957][ 17]BlueprintEditorCompileResults:Warning: Warning [0522.90] Compile of InventoryHUD failed. 4 Fatal Issue(s) 4 Warning(s) [in 123 ms]
[2015.02.01-03.56.42:582][ 99]BlueprintLog: New page: Compile InventoryHUD
[2015.02.01-03.56.42:617][ 99]LogBlueprint:Warning: [compiler] Warning Could not find a variable named "Item Name 1" in 'InventoryHUD_C'.
Make sure 'InventoryHUD_C' has been compiled for  Get Item Name 1 
[2015.02.01-03.56.42:617][ 99]LogBlueprint:Warning: [compiler] Warning Could not find a variable named "Stat 1 1" in 'InventoryHUD_C'.
Make sure 'InventoryHUD_C' has been compiled for  Get Stat 1 1 
[2015.02.01-03.56.42:617][ 99]LogBlueprint:Warning: [compiler] Warning Could not find a variable named "Stat 2 1" in 'InventoryHUD_C'.
Make sure 'InventoryHUD_C' has been compiled for  Get Stat 2 1 
[2015.02.01-03.56.42:617][ 99]LogBlueprint:Warning: [compiler] Warning Could not find a variable named "Stat 3 1" in 'InventoryHUD_C'.
Make sure 'InventoryHUD_C' has been compiled for  Get Stat 3 1 
[2015.02.01-03.56.42:618][ 99]LogBlueprint:Error: [compiler] Error The property associated with  Stat 3 1  could not be found
[2015.02.01-03.56.42:618][ 99]LogBlueprint:Error: [compiler] Error The property associated with  Stat 2 1  could not be found
[2015.02.01-03.56.42:618][ 99]LogBlueprint:Error: [compiler] Error The property associated with  Stat 1 1  could not be found
[2015.02.01-03.56.42:618][ 99]LogBlueprint:Error: [compiler] Error The property associated with  Item Name 1  could not be found
[2015.02.01-03.56.42:734][ 99]LogBlueprint:Warning: [compiler] Warning [0583.68] Compile of InventoryHUD failed. 4 Fatal Issue(s) 4 Warning(s) [in 124 ms]
[2015.02.01-03.56.42:734][ 99]BlueprintEditorCompileResults:Warning: Warning Could not find a variable named "Item Name 1" in 'InventoryHUD_C'.
Make sure 'InventoryHUD_C' has been compiled for  Get Item Name 1 
[2015.02.01-03.56.42:735][ 99]BlueprintEditorCompileResults:Warning: Warning Could not find a variable named "Stat 1 1" in 'InventoryHUD_C'.
Make sure 'InventoryHUD_C' has been compiled for  Get Stat 1 1 
[2015.02.01-03.56.42:735][ 99]BlueprintEditorCompileResults:Warning: Warning Could not find a variable named "Stat 2 1" in 'InventoryHUD_C'.
Make sure 'InventoryHUD_C' has been compiled for  Get Stat 2 1 
[2015.02.01-03.56.42:735][ 99]BlueprintEditorCompileResults:Warning: Warning Could not find a variable named "Stat 3 1" in 'InventoryHUD_C'.
Make sure 'InventoryHUD_C' has been compiled for  Get Stat 3 1 
[2015.02.01-03.56.42:735][ 99]BlueprintEditorCompileResults:Error: Error The property associated with  Stat 3 1  could not be found
[2015.02.01-03.56.42:735][ 99]BlueprintEditorCompileResults:Error: Error The property associated with  Stat 2 1  could not be found
[2015.02.01-03.56.42:735][ 99]BlueprintEditorCompileResults:Error: Error The property associated with  Stat 1 1  could not be found
[2015.02.01-03.56.42:735][ 99]BlueprintEditorCompileResults:Error: Error The property associated with  Item Name 1  could not be found
[2015.02.01-03.56.42:735][ 99]BlueprintEditorCompileResults:Warning: Warning [0583.68] Compile of InventoryHUD failed. 4 Fatal Issue(s) 4 Warning(s) [in 124 ms]
[2015.02.01-03.56.58:679][843]BlueprintLog: New page: Compile InventoryHUD
[2015.02.01-03.56.58:741][843]LogBlueprint:Warning: [compiler] Warning Could not find a variable named "Item Name 1" in 'InventoryHUD_C'.
Make sure 'InventoryHUD_C' has been compiled for  Get Item Name 1 
[2015.02.01-03.56.58:741][843]LogBlueprint:Warning: [compiler] Warning Could not find a variable named "Stat 1 1" in 'InventoryHUD_C'.
Make sure 'InventoryHUD_C' has been compiled for  Get Stat 1 1 
[2015.02.01-03.56.58:741][843]LogBlueprint:Warning: [compiler] Warning Could not find a variable named "Stat 2 1" in 'InventoryHUD_C'.
Make sure 'InventoryHUD_C' has been compiled for  Get Stat 2 1 
[2015.02.01-03.56.58:742][843]LogBlueprint:Warning: [compiler] Warning Could not find a variable named "Stat 3 1" in 'InventoryHUD_C'.
Make sure 'InventoryHUD_C' has been compiled for  Get Stat 3 1 
[2015.02.01-03.56.58:742][843]LogBlueprint:Error: [compiler] Error The property associated with  Stat 3 1  could not be found
[2015.02.01-03.56.58:742][843]LogBlueprint:Error: [compiler] Error The property associated with  Stat 2 1  could not be found
[2015.02.01-03.56.58:742][843]LogBlueprint:Error: [compiler] Error The property associated with  Stat 1 1  could not be found
[2015.02.01-03.56.58:743][843]LogBlueprint:Error: [compiler] Error The property associated with  Item Name 1  could not be found
[2015.02.01-03.56.58:888][843]LogBlueprint:Warning: [compiler] Warning [0599.83] Compile of InventoryHUD failed. 4 Fatal Issue(s) 4 Warning(s) [in 155 ms]
[2015.02.01-03.56.58:888][843]BlueprintEditorCompileResults:Warning: Warning Could not find a variable named "Item Name 1" in 'InventoryHUD_C'.
Make sure 'InventoryHUD_C' has been compiled for  Get Item Name 1 
[2015.02.01-03.56.58:888][843]BlueprintEditorCompileResults:Warning: Warning Could not find a variable named "Stat 1 1" in 'InventoryHUD_C'.
Make sure 'InventoryHUD_C' has been compiled for  Get Stat 1 1 
[2015.02.01-03.56.58:888][843]BlueprintEditorCompileResults:Warning: Warning Could not find a variable named "Stat 2 1" in 'InventoryHUD_C'.
Make sure 'InventoryHUD_C' has been compiled for  Get Stat 2 1 
[2015.02.01-03.56.58:888][843]BlueprintEditorCompileResults:Warning: Warning Could not find a variable named "Stat 3 1" in 'InventoryHUD_C'.
Make sure 'InventoryHUD_C' has been compiled for  Get Stat 3 1 
[2015.02.01-03.56.58:888][843]BlueprintEditorCompileResults:Error: Error The property associated with  Stat 3 1  could not be found
[2015.02.01-03.56.58:888][843]BlueprintEditorCompileResults:Error: Error The property associated with  Stat 2 1  could not be found
[2015.02.01-03.56.58:888][843]BlueprintEditorCompileResults:Error: Error The property associated with  Stat 1 1  could not be found
[2015.02.01-03.56.58:888][843]BlueprintEditorCompileResults:Error: Error The property associated with  Item Name 1  could not be found
[2015.02.01-03.56.58:888][843]BlueprintEditorCompileResults:Warning: Warning [0599.83] Compile of InventoryHUD failed. 4 Fatal Issue(s) 4 Warning(s) [in 155 ms]
[2015.02.01-03.57.37:194][508]LogFileHelpers: Editor autosave (incl. sublevels) for '/Game/Maps/TestLevel' took 0.026
[2015.02.01-03.57.37:231][508]OBJ SavePackage: Generating thumbnails for [0] asset(s) in package [/Game/Blueprints/InventoryHUD] ([1] browsable assets)...
[2015.02.01-03.57.37:231][508]OBJ SavePackage: Finished generating thumbnails for package [/Game/Blueprints/InventoryHUD]
[2015.02.01-03.57.37:607][508]LogSavePackage: Save=53.962074ms
[2015.02.01-03.57.37:607][508]LogSavePackage: Moving '../../../../../../../Users/Owner/Documents/Unreal Projects/Kodaina/Saved/InventoryHUD_Auto17C51F6B9444F1439163872B0021146E7.tmp' to '../../../../../../../Users/Owner/Documents/Unreal Projects/Kodaina/Saved/Autosaves/Game/Blueprints/InventoryHUD_Auto1.uasset'
[2015.02.01-03.57.37:639][508]OBJ SavePackage: Generating thumbnails for [0] asset(s) in package [/Game/Data/InventorySlotHudElement] ([1] browsable assets)...
[2015.02.01-03.57.37:639][508]OBJ SavePackage: Finished generating thumbnails for package [/Game/Data/InventorySlotHudElement]
[2015.02.01-03.57.37:657][508]LogSavePackage: Save=12.748755ms
[2015.02.01-03.57.37:657][508]LogSavePackage: Moving '../../../../../../../Users/Owner/Documents/Unreal Projects/Kodaina/Saved/InventorySlotHudElement_Auto1D168F71346481BB02370F1B69910D2E8.tmp' to '../../../../../../../Users/Owner/Documents/Unreal Projects/Kodaina/Saved/Autosaves/Game/Data/InventorySlotHudElement_Auto1.uasset'
[2015.02.01-03.57.37:662][508]LogFileHelpers: Auto-saving content packages took 0.468
[2015.02.01-04.00.24:775][425]BlueprintLog: New page: Compile InventoryHUD
[2015.02.01-04.00.24:896][425]BlueprintEditorCompileResults: Info [0805.84] Compile of InventoryHUD successful! [in 92 ms]
[2015.02.01-04.00.25:772][463]Cmd: OBJ SAVEPACKAGE PACKAGE="/Game/Blueprints/InventoryHUD" FILE="../../../../../../../Users/Owner/Documents/Unreal Projects/Kodaina/Content/Blueprints/InventoryHUD.uasset" SILENT=true
[2015.02.01-04.00.26:085][463]LogSavePackage: Save=18.649935ms
[2015.02.01-04.00.26:085][463]LogSavePackage: Moving '../../../../../../../Users/Owner/Documents/Unreal Projects/Kodaina/Saved/InventoryHUD6DD5CC344AED26DA236F2780653AB47D.tmp' to '../../../../../../../Users/Owner/Documents/Unreal Projects/Kodaina/Content/Blueprints/InventoryHUD.uasset'
[2015.02.01-04.00.26:095][463]Cmd: OBJ SAVEPACKAGE PACKAGE="/Game/Data/InventorySlotHudElement" FILE="../../../../../../../Users/Owner/Documents/Unreal Projects/Kodaina/Content/Data/InventorySlotHudElement.uasset" SILENT=true
[2015.02.01-04.00.26:105][463]LogSavePackage: Save=7.291051ms
[2015.02.01-04.00.26:105][463]LogSavePackage: Moving '../../../../../../../Users/Owner/Documents/Unreal Projects/Kodaina/Saved/InventorySlotHudElementE8219D194E60B7852682758E2FE853A1.tmp' to '../../../../../../../Users/Owner/Documents/Unreal Projects/Kodaina/Content/Data/InventorySlotHudElement.uasset'
[2015.02.01-04.01.26:990][834]LogPropertyNode:Warning: UI Min (0) >= UI Max () for Ranged Numeric
[2015.02.01-04.01.26:991][834]LogPropertyNode:Warning: UI Min (0) >= UI Max () for Ranged Numeric
[2015.02.01-04.01.29:498][938]LogPropertyNode:Warning: UI Min (0) >= UI Max () for Ranged Numeric
[2015.02.01-04.01.29:499][938]LogPropertyNode:Warning: UI Min (0) >= UI Max () for Ranged Numeric
[2015.02.01-04.01.31:237][  9]LogPropertyNode:Warning: UI Min (0) >= UI Max () for Ranged Numeric
[2015.02.01-04.01.31:239][  9]LogPropertyNode:Warning: UI Min (0) >= UI Max () for Ranged Numeric
[2015.02.01-04.01.33:614][107]LogPropertyNode:Warning: UI Min (0) >= UI Max () for Ranged Numeric
[2015.02.01-04.01.33:615][107]LogPropertyNode:Warning: UI Min (0) >= UI Max () for Ranged Numeric
[2015.02.01-04.01.34:977][162]LogPropertyNode:Warning: UI Min (0) >= UI Max () for Ranged Numeric
[2015.02.01-04.01.34:978][162]LogPropertyNode:Warning: UI Min (0) >= UI Max () for Ranged Numeric
[2015.02.01-04.01.54:579][  0]LogPropertyNode:Warning: UI Min (0) >= UI Max () for Ranged Numeric
[2015.02.01-04.01.54:580][  0]LogPropertyNode:Warning: UI Min (0) >= UI Max () for Ranged Numeric
[2015.02.01-04.01.56:390][ 74]LogPropertyNode:Warning: UI Min (0) >= UI Max () for Ranged Numeric
[2015.02.01-04.01.56:391][ 74]LogPropertyNode:Warning: UI Min (0) >= UI Max () for Ranged Numeric
[2015.02.01-04.01.59:755][214]LogPropertyNode:Warning: UI Min (0) >= UI Max () for Ranged Numeric
[2015.02.01-04.01.59:756][214]LogPropertyNode:Warning: UI Min (0) >= UI Max () for Ranged Numeric
[2015.02.01-04.02.01:216][275]BlueprintLog: New page: Compile InventorySlotHudElement
[2015.02.01-04.02.01:264][275]LogBlueprint:Warning: [InventoryHUD] CreatePinForVariable: 'Item Name 1' variable not found. Base class was probably changed.
[2015.02.01-04.02.01:269][275]LogBlueprint:Warning: [InventoryHUD] CreatePinForVariable: 'Stat 1 1' variable not found. Base class was probably changed.
[2015.02.01-04.02.01:269][275]LogBlueprint:Warning: [InventoryHUD] CreatePinForVariable: 'Stat 2 1' variable not found. Base class was probably changed.
[2015.02.01-04.02.01:269][275]LogBlueprint:Warning: [InventoryHUD] CreatePinForVariable: 'Stat 3 1' variable not found. Base class was probably changed.
[2015.02.01-04.02.01:385][275]BlueprintEditorCompileResults: Info [0902.33] Compile of InventorySlotHudElement successful! [in 122 ms]
[2015.02.01-04.02.01:407][275]LogPropertyNode:Warning: UI Min (0) >= UI Max () for Ranged Numeric
[2015.02.01-04.02.01:408][275]LogPropertyNode:Warning: UI Min (0) >= UI Max () for Ranged Numeric
[2015.02.01-04.02.04:846][421]BlueprintLog: New page: Compile InventoryHUD
[2015.02.01-04.02.04:873][421]LogBlueprint:Warning: [compiler] Warning Could not find a variable named "Item Name 1" in 'InventorySlotHudElement_C'.
Make sure 'InventorySlotHudElement_C' has been compiled for  Get Item Name 1 
[2015.02.01-04.02.04:874][421]LogBlueprint:Warning: [compiler] Warning Could not find a variable named "Stat 1 1" in 'InventorySlotHudElement_C'.
Make sure 'InventorySlotHudElement_C' has been compiled for  Get Stat 1 1 
[2015.02.01-04.02.04:874][421]LogBlueprint:Warning: [compiler] Warning Could not find a variable named "Stat 2 1" in 'InventorySlotHudElement_C'.
Make sure 'InventorySlotHudElement_C' has been compiled for  Get Stat 2 1 
[2015.02.01-04.02.04:874][421]LogBlueprint:Warning: [compiler] Warning Could not find a variable named "Stat 3 1" in 'InventorySlotHudElement_C'.
Make sure 'InventorySlotHudElement_C' has been compiled for  Get Stat 3 1 
[2015.02.01-04.02.04:874][421]LogBlueprint:Error: [compiler] Error The property associated with  Stat 3 1  could not be found
[2015.02.01-04.02.04:874][421]LogBlueprint:Error: [compiler] Error The property associated with  Stat 2 1  could not be found
[2015.02.01-04.02.04:875][421]LogBlueprint:Error: [compiler] Error The property associated with  Stat 1 1  could not be found
[2015.02.01-04.02.04:875][421]LogBlueprint:Error: [compiler] Error The property associated with  Item Name 1  could not be found
[2015.02.01-04.02.05:024][421]LogBlueprint:Warning: [compiler] Warning [0905.97] Compile of InventoryHUD failed. 4 Fatal Issue(s) 4 Warning(s) [in 157 ms]
[2015.02.01-04.02.05:024][421]BlueprintEditorCompileResults:Warning: Warning Could not find a variable named "Item Name 1" in 'InventorySlotHudElement_C'.
Make sure 'InventorySlotHudElement_C' has been compiled for  Get Item Name 1 
[2015.02.01-04.02.05:024][421]BlueprintEditorCompileResults:Warning: Warning Could not find a variable named "Stat 1 1" in 'InventorySlotHudElement_C'.
Make sure 'InventorySlotHudElement_C' has been compiled for  Get Stat 1 1 
[2015.02.01-04.02.05:024][421]BlueprintEditorCompileResults:Warning: Warning Could not find a variable named "Stat 2 1" in 'InventorySlotHudElement_C'.
Make sure 'InventorySlotHudElement_C' has been compiled for  Get Stat 2 1 
[2015.02.01-04.02.05:024][421]BlueprintEditorCompileResults:Warning: Warning Could not find a variable named "Stat 3 1" in 'InventorySlotHudElement_C'.
Make sure 'InventorySlotHudElement_C' has been compiled for  Get Stat 3 1 
[2015.02.01-04.02.05:024][421]BlueprintEditorCompileResults:Error: Error The property associated with  Stat 3 1  could not be found
[2015.02.01-04.02.05:024][421]BlueprintEditorCompileResults:Error: Error The property associated with  Stat 2 1  could not be found
[2015.02.01-04.02.05:024][421]BlueprintEditorCompileResults:Error: Error The property associated with  Stat 1 1  could not be found
[2015.02.01-04.02.05:024][421]BlueprintEditorCompileResults:Error: Error The property associated with  Item Name 1  could not be found
[2015.02.01-04.02.05:024][421]BlueprintEditorCompileResults:Warning: Warning [0905.97] Compile of InventoryHUD failed. 4 Fatal Issue(s) 4 Warning(s) [in 157 ms]
[2015.02.01-04.02.34:559][793]BlueprintLog: New page: Compile InventoryHUD
[2015.02.01-04.02.34:611][793]LogBlueprint:Error: [compiler] Error This blueprint (self) is not a TextBlock, therefore ' Target ' must have a connection
[2015.02.01-04.02.34:611][793]LogBlueprint:Error: [compiler] Error This blueprint (self) is not a TextBlock, therefore ' Target ' must have a connection
[2015.02.01-04.02.34:611][793]LogBlueprint:Error: [compiler] Error This blueprint (self) is not a TextBlock, therefore ' Target ' must have a connection
[2015.02.01-04.02.34:611][793]LogBlueprint:Error: [compiler] Error This blueprint (self) is not a TextBlock, therefore ' Target ' must have a connection
[2015.02.01-04.02.34:755][793]LogBlueprint:Warning: [compiler] Warning [0935.70] Compile of InventoryHUD failed. 4 Fatal Issue(s) 0 Warning(s) [in 150 ms]
[2015.02.01-04.02.34:755][793]BlueprintEditorCompileResults:Error: Error This blueprint (self) is not a TextBlock, therefore ' Target ' must have a connection
[2015.02.01-04.02.34:755][793]BlueprintEditorCompileResults:Error: Error This blueprint (self) is not a TextBlock, therefore ' Target ' must have a connection
[2015.02.01-04.02.34:755][793]BlueprintEditorCompileResults:Error: Error This blueprint (self) is not a TextBlock, therefore ' Target ' must have a connection
[2015.02.01-04.02.34:755][793]BlueprintEditorCompileResults:Error: Error This blueprint (self) is not a TextBlock, therefore ' Target ' must have a connection
[2015.02.01-04.02.34:755][793]BlueprintEditorCompileResults:Warning: Warning [0935.70] Compile of InventoryHUD failed. 4 Fatal Issue(s) 0 Warning(s) [in 150 ms]
[2015.02.01-04.03.10:850][139]BlueprintLog: New page: Compile InventoryHUD
[2015.02.01-04.03.11:011][139]BlueprintEditorCompileResults: Info [0971.95] Compile of InventoryHUD successful! [in 113 ms]
[2015.02.01-04.03.12:061][181]Cmd: OBJ SAVEPACKAGE PACKAGE="/Game/Blueprints/InventoryHUD" FILE="../../../../../../../Users/Owner/Documents/Unreal Projects/Kodaina/Content/Blueprints/InventoryHUD.uasset" SILENT=true
[2015.02.01-04.03.12:376][181]LogSavePackage: Save=15.343752ms
[2015.02.01-04.03.12:376][181]LogSavePackage: Moving '../../../../../../../Users/Owner/Documents/Unreal Projects/Kodaina/Saved/InventoryHUD8D80172E4B205D9514722EACB7DC73D4.tmp' to '../../../../../../../Users/Owner/Documents/Unreal Projects/Kodaina/Content/Blueprints/InventoryHUD.uasset'
[2015.02.01-04.03.12:388][181]Cmd: OBJ SAVEPACKAGE PACKAGE="/Game/Data/InventorySlotHudElement" FILE="../../../../../../../Users/Owner/Documents/Unreal Projects/Kodaina/Content/Data/InventorySlotHudElement.uasset" SILENT=true
[2015.02.01-04.03.12:695][181]LogSavePackage: Save=5.497903ms
[2015.02.01-04.03.12:695][181]LogSavePackage: Moving '../../../../../../../Users/Owner/Documents/Unreal Projects/Kodaina/Saved/InventorySlotHudElementFAFF7F6A4DB09E104AD491A6DEDA7535.tmp' to '../../../../../../../Users/Owner/Documents/Unreal Projects/Kodaina/Content/Data/InventorySlotHudElement.uasset'
[2015.02.01-04.06.01:658][739]BlueprintLog: New page: Compile InventoryHUD
[2015.02.01-04.06.01:810][739]BlueprintEditorCompileResults: Info [1142.75] Compile of InventoryHUD successful! [in 109 ms]
[2015.02.01-04.13.25:175][745]BlueprintLog: New page: Compile InventoryHUD
[2015.02.01-04.13.25:345][745]BlueprintEditorCompileResults: Info [1586.29] Compile of InventoryHUD successful! [in 119 ms]
[2015.02.01-04.13.32:237][ 95]LogFileHelpers: Editor autosave (incl. sublevels) for '/Game/Maps/TestLevel' took 0.025
[2015.02.01-04.13.32:278][ 95]OBJ SavePackage: Generating thumbnails for [0] asset(s) in package [/Game/Blueprints/InventoryHUD] ([1] browsable assets)...
[2015.02.01-04.13.32:278][ 95]OBJ SavePackage: Finished generating thumbnails for package [/Game/Blueprints/InventoryHUD]
[2015.02.01-04.13.32:663][ 95]LogSavePackage: Save=50.356533ms
[2015.02.01-04.13.32:663][ 95]LogSavePackage: Moving '../../../../../../../Users/Owner/Documents/Unreal Projects/Kodaina/Saved/InventoryHUD_Auto2C22B0BA6424943959E066AAE15BC757C.tmp' to '../../../../../../../Users/Owner/Documents/Unreal Projects/Kodaina/Saved/Autosaves/Game/Blueprints/InventoryHUD_Auto2.uasset'
[2015.02.01-04.13.32:672][ 95]LogFileHelpers: Auto-saving content packages took 0.435
[2015.02.01-04.14.01:357][545]BlueprintLog: New page: Compile InventoryHUD
[2015.02.01-04.14.01:461][545]BlueprintEditorCompileResults: Info [1622.40] Compile of InventoryHUD successful! [in 95 ms]
[2015.02.01-04.14.34:046][207]BlueprintLog: New page: Compile InventoryHUD
[2015.02.01-04.14.34:202][207]BlueprintEditorCompileResults: Info [1655.14] Compile of InventoryHUD successful! [in 145 ms]
[2015.02.01-04.14.43:320][658]BlueprintLog: New page: Compile InventoryHUD
[2015.02.01-04.14.43:469][658]BlueprintEditorCompileResults: Info [1664.41] Compile of InventoryHUD successful! [in 139 ms]
[2015.02.01-04.16.29:843][758]BlueprintLog: New page: Compile InventoryHUD
[2015.02.01-04.16.30:010][758]BlueprintEditorCompileResults: Info [1770.95] Compile of InventoryHUD successful! [in 118 ms]
[2015.02.01-04.16.30:596][778]Cmd: OBJ SAVEPACKAGE PACKAGE="/Game/Blueprints/InventoryHUD" FILE="../../../../../../../Users/Owner/Documents/Unreal Projects/Kodaina/Content/Blueprints/InventoryHUD.uasset" SILENT=true
[2015.02.01-04.16.30:917][778]LogSavePackage: Save=20.504236ms
[2015.02.01-04.16.30:917][778]LogSavePackage: Moving '../../../../../../../Users/Owner/Documents/Unreal Projects/Kodaina/Saved/InventoryHUD40D7D52745C48384AFA34EA8F4325593.tmp' to '../../../../../../../Users/Owner/Documents/Unreal Projects/Kodaina/Content/Blueprints/InventoryHUD.uasset'
[2015.02.01-04.17.05:696][191]LogPropertyNode:Warning: UI Min (0) >= UI Max () for Ranged Numeric
[2015.02.01-04.17.05:697][191]LogPropertyNode:Warning: UI Min (0) >= UI Max () for Ranged Numeric
[2015.02.01-04.17.06:847][238]BlueprintLog: New page: Compile InventoryHUD
[2015.02.01-04.17.06:975][238]BlueprintEditorCompileResults: Info [1807.92] Compile of InventoryHUD successful! [in 106 ms]
[2015.02.01-04.18.39:984][323]BlueprintLog: New page: Compile InventoryHUD
[2015.02.01-04.18.40:143][323]BlueprintEditorCompileResults: Info [1901.08] Compile of InventoryHUD successful! [in 150 ms]
[2015.02.01-04.19.10:900][766]BlueprintLog: New page: Compile InventoryHUD
[2015.02.01-04.19.11:041][766]BlueprintEditorCompileResults: Info [1931.98] Compile of InventoryHUD successful! [in 130 ms]
[2015.02.01-04.19.11:525][785]Cmd: OBJ SAVEPACKAGE PACKAGE="/Game/Blueprints/InventoryHUD" FILE="../../../../../../../Users/Owner/Documents/Unreal Projects/Kodaina/Content/Blueprints/InventoryHUD.uasset" SILENT=true
[2015.02.01-04.19.11:844][785]LogSavePackage: Save=19.377373ms
[2015.02.01-04.19.11:844][785]LogSavePackage: Moving '../../../../../../../Users/Owner/Documents/Unreal Projects/Kodaina/Saved/InventoryHUD08CAA61948E5D3DFFEFC2AAFD4067430.tmp' to '../../../../../../../Users/Owner/Documents/Unreal Projects/Kodaina/Content/Blueprints/InventoryHUD.uasset'
[2015.02.01-04.21.05:505][790]BlueprintLog: New page: Pre-PIE auto-recompile
[2015.02.01-04.21.05:519][790]LogPlayLevel: [PIE] Compiling MyCharacter before PIE...
[2015.02.01-04.21.05:997][790]LogPlayLevel: [PIE] Compiling Tutorial_BP_MacroLib before PIE...
[2015.02.01-04.21.06:052][790]LogPlayLevel: [PIE] Compiling TestLevel before PIE...
[2015.02.01-04.21.06:112][790]LogPlayLevel: [PIE] Compiling Enemy before PIE...
[2015.02.01-04.21.06:318][790]LogPlayLevel: [PIE] Compiling InventoryHUD before PIE...
[2015.02.01-04.21.06:447][790]LogPlayLevel: [PIE] Compiling BattleHUD before PIE...
[2015.02.01-04.21.06:681][790]LogPlayLevel: [PIE] Compiling RollingMovingHUD before PIE...
[2015.02.01-04.21.06:804][790]LogPlayLevel: [PIE] Compiling ShoppingHUD before PIE...
[2015.02.01-04.21.06:980][790]LogPlayLevel: PIE:  Blueprint regeneration took 1473 ms (8 blueprints)
[2015.02.01-04.21.06:980][790]PIE: New page: PIE session: TestLevel (Jan 31, 2015, 6:21:06 PM)
[2015.02.01-04.21.06:983][790]LogPlayLevel: PIE: StaticDuplicateObject took: (0.003088s)
[2015.02.01-04.21.06:984][790]LogPlayLevel: PIE: World Init took: (0.000549s)
[2015.02.01-04.21.06:984][790]LogPlayLevel: PIE: Created PIE world by copying editor world from /Game/Maps/TestLevel.TestLevel to /Game/Maps/UEDPIE_0_TestLevel.TestLevel (0.003795s)
[2015.02.01-04.21.07:180][790]LogWorld: Game class is 'Kodaina_C'
[2015.02.01-04.21.07:182][790]LogAIModule: Creating AISystem for world TestLevel
[2015.02.01-04.21.07:184][790]LogWorld: Bringing World /Game/Maps/UEDPIE_0_TestLevel.TestLevel up for play (max tick rate 60) at 2015.01.31-23.21.07
[2015.02.01-04.21.07:185][790]LogWorld: Bringing up level for play took: 0.003087
[2015.02.01-04.21.07:196][790]PIE: Info Play in editor start time for /Game/Maps/UEDPIE_0_TestLevel 1.32
[2015.02.01-04.22.51:995][277]LogArray:Warning: Attempted to get an item from array PlayerInventory out of bounds [1/0]!
[2015.02.01-04.22.51:995][277]LogArray:Warning: Attempted to get an item from array PlayerInventory out of bounds [1/0]!
[2015.02.01-04.22.53:956][380]LogArray:Warning: Attempted to get an item from array PlayerInventory out of bounds [1/0]!
[2015.02.01-04.22.53:956][380]LogArray:Warning: Attempted to get an item from array PlayerInventory out of bounds [1/0]!
[2015.02.01-04.22.56:232][493]LogParticles: Destroying 0 GPU particle simulations for FXSystem 0x000000622BCC3E20
[2015.02.01-04.34.54:243][230]LogPropertyNode:Warning: UI Min (0) >= UI Max () for Ranged Numeric
[2015.02.01-04.34.54:244][230]LogPropertyNode:Warning: UI Min (0) >= UI Max () for Ranged Numeric
[2015.02.01-04.34.55:741][290]LogPropertyNode:Warning: UI Min (0) >= UI Max () for Ranged Numeric
[2015.02.01-04.34.55:742][290]LogPropertyNode:Warning: UI Min (0) >= UI Max () for Ranged Numeric
[2015.02.01-04.35.02:747][579]LogPropertyNode:Warning: UI Min (0) >= UI Max () for Ranged Numeric
[2015.02.01-04.35.02:748][579]LogPropertyNode:Warning: UI Min (0) >= UI Max () for Ranged Numeric
[2015.02.01-04.35.24:174][453]LogPropertyNode:Warning: UI Min (0) >= UI Max () for Ranged Numeric
[2015.02.01-04.35.24:175][453]LogPropertyNode:Warning: UI Min (0) >= UI Max () for Ranged Numeric
[2015.02.01-04.35.26:990][564]LogPropertyNode:Warning: UI Min (0) >= UI Max () for Ranged Numeric
[2015.02.01-04.35.26:992][564]LogPropertyNode:Warning: UI Min (0) >= UI Max () for Ranged Numeric
[2015.02.01-04.35.27:450][581]LogPropertyNode:Warning: UI Min (0) >= UI Max () for Ranged Numeric
[2015.02.01-04.35.27:451][581]LogPropertyNode:Warning: UI Min (0) >= UI Max () for Ranged Numeric
[2015.02.01-04.35.28:188][609]LogPropertyNode:Warning: UI Min (0) >= UI Max () for Ranged Numeric
[2015.02.01-04.35.28:189][609]LogPropertyNode:Warning: UI Min (0) >= UI Max () for Ranged Numeric
[2015.02.01-04.35.28:796][632]LogPropertyNode:Warning: UI Min (0) >= UI Max () for Ranged Numeric
[2015.02.01-04.35.28:797][632]LogPropertyNode:Warning: UI Min (0) >= UI Max () for Ranged Numeric
[2015.02.01-04.35.30:075][682]LogPropertyNode:Warning: UI Min (0) >= UI Max () for Ranged Numeric
[2015.02.01-04.35.30:076][682]LogPropertyNode:Warning: UI Min (0) >= UI Max () for Ranged Numeric
[2015.02.01-04.35.32:150][757]LogFileHelpers: Editor autosave (incl. sublevels) for '/Game/Maps/TestLevel' took 0.039
[2015.02.01-04.35.32:192][757]OBJ SavePackage: Generating thumbnails for [0] asset(s) in package [/Game/Data/InventorySlotHudElement] ([1] browsable assets)...
[2015.02.01-04.35.32:192][757]OBJ SavePackage: Finished generating thumbnails for package [/Game/Data/InventorySlotHudElement]
[2015.02.01-04.35.32:559][757]LogSavePackage: Save=41.930920ms
[2015.02.01-04.35.32:559][757]LogSavePackage: Moving '../../../../../../../Users/Owner/Documents/Unreal Projects/Kodaina/Saved/InventorySlotHudElement_Auto380D70D8C479591B8DE4C4F968B88E939.tmp' to '../../../../../../../Users/Owner/Documents/Unreal Projects/Kodaina/Saved/Autosaves/Game/Data/InventorySlotHudElement_Auto3.uasset'
[2015.02.01-04.35.32:585][757]LogFileHelpers: Auto-saving content packages took 0.436
[2015.02.01-04.35.41:667][111]LogPropertyNode:Warning: UI Min (0) >= UI Max () for Ranged Numeric
[2015.02.01-04.35.41:668][111]LogPropertyNode:Warning: UI Min (0) >= UI Max () for Ranged Numeric
[2015.02.01-04.35.50:158][451]LogPropertyNode:Warning: UI Min (0) >= UI Max () for Ranged Numeric
[2015.02.01-04.35.50:159][451]LogPropertyNode:Warning: UI Min (0) >= UI Max () for Ranged Numeric
[2015.02.01-04.36.00:480][854]LogPropertyNode:Warning: UI Min (0) >= UI Max () for Ranged Numeric
[2015.02.01-04.36.00:481][854]LogPropertyNode:Warning: UI Min (0) >= UI Max () for Ranged Numeric
[2015.02.01-04.36.06:743][108]BlueprintLog: New page: Compile InventorySlotHudElement
[2015.02.01-04.36.06:954][108]BlueprintEditorCompileResults: Info [2947.90] Compile of InventorySlotHudElement successful! [in 210 ms]
[2015.02.01-04.36.08:746][191]BlueprintLog: New page: Compile InventoryHUD
[2015.02.01-04.36.08:896][191]BlueprintEditorCompileResults: Info [2949.84] Compile of InventoryHUD successful! [in 140 ms]
[2015.02.01-04.36.10:425][272]BlueprintLog: New page: Pre-PIE auto-recompile
[2015.02.01-04.36.10:439][272]LogPlayLevel: [PIE] Compiling MyCharacter before PIE...
[2015.02.01-04.36.10:868][272]LogPlayLevel: [PIE] Compiling TestLevel before PIE...
[2015.02.01-04.36.10:928][272]LogPlayLevel: [PIE] Compiling BattleHUD before PIE...
[2015.02.01-04.36.11:198][272]LogPlayLevel: [PIE] Compiling RollingMovingHUD before PIE...
[2015.02.01-04.36.11:322][272]LogPlayLevel: [PIE] Compiling Enemy before PIE...
[2015.02.01-04.36.11:503][272]LogPlayLevel: [PIE] Compiling InventoryHUD before PIE...
[2015.02.01-04.36.11:635][272]LogPlayLevel: [PIE] Compiling ShoppingHUD before PIE...
[2015.02.01-04.36.11:815][272]LogPlayLevel: PIE:  Blueprint regeneration took 1389 ms (7 blueprints)
[2015.02.01-04.36.11:815][272]PIE: New page: PIE session: TestLevel (Jan 31, 2015, 6:36:11 PM)
[2015.02.01-04.36.11:818][272]LogPlayLevel: PIE: StaticDuplicateObject took: (0.003053s)
[2015.02.01-04.36.11:819][272]LogPlayLevel: PIE: World Init took: (0.000555s)
[2015.02.01-04.36.11:819][272]LogPlayLevel: PIE: Created PIE world by copying editor world from /Game/Maps/TestLevel.TestLevel to /Game/Maps/UEDPIE_0_TestLevel.TestLevel (0.003751s)
[2015.02.01-04.36.11:863][272]LogWorld: Game class is 'Kodaina_C'
[2015.02.01-04.36.11:866][272]LogAIModule: Creating AISystem for world TestLevel
[2015.02.01-04.36.11:868][272]LogWorld: Bringing World /Game/Maps/UEDPIE_0_TestLevel.TestLevel up for play (max tick rate 60) at 2015.01.31-23.36.11
[2015.02.01-04.36.11:868][272]LogWorld: Bringing up level for play took: 0.001897
[2015.02.01-04.36.11:877][272]PIE: Info Play in editor start time for /Game/Maps/UEDPIE_0_TestLevel 2.002
[2015.02.01-04.36.12:248][287]LogArray:Warning: Attempted to get an item from array PlayerInventory out of bounds [1/0]!
[2015.02.01-04.36.12:248][287]LogArray:Warning: Attempted to get an item from array PlayerInventory out of bounds [1/0]!
[2015.02.01-06.39.06:344][567]Cmd: OBJ SAVEPACKAGE PACKAGE="/Game/Data/InventorySlotHudElement" FILE="../../../../../../../Users/Owner/Documents/Unreal Projects/Kodaina/Content/Data/InventorySlotHudElement.uasset" SILENT=true
[2015.02.01-06.39.06:705][567]LogSavePackage: Save=5.874238ms
[2015.02.01-06.39.06:705][567]LogSavePackage: Moving '../../../../../../../Users/Owner/Documents/Unreal Projects/Kodaina/Saved/InventorySlotHudElement090BDAC742510FDDF205759CA83112D6.tmp' to '../../../../../../../Users/Owner/Documents/Unreal Projects/Kodaina/Content/Data/InventorySlotHudElement.uasset'
[2015.02.01-06.39.07:589][568]LogParticles: Destroying 0 GPU particle simulations for FXSystem 0x000000620844F740
[2015.02.01-06.39.07:589][568]Cmd: QUIT_EDITOR
[2015.02.01-06.39.07:968][568]LogExit: Preparing to exit.
[2015.02.01-06.39.08:790][568]LogExit: Editor shut down
[2015.02.01-06.39.08:791][568]LogExit: Transaction tracking system shut down
[2015.02.01-06.39.08:791][568]LogParticles: Destroying 0 GPU particle simulations for FXSystem 0x000000620964E3E0
[2015.02.01-06.39.08:791][568]LogParticles: Destroying 0 GPU particle simulations for FXSystem 0x00000062086F51C0
[2015.02.01-06.39.08:793][568]LogParticles: Destroying 0 GPU particle simulations for FXSystem 0x0000006212E66E80
[2015.02.01-06.39.08:795][568]LogParticles: Destroying 0 GPU particle simulations for FXSystem 0x0000006217D4EDE0
[2015.02.01-06.39.08:852][568]LogExit: Object subsystem successfully closed.
[2015.02.01-06.39.08:949][568]LogModuleManager: Shutting down and abandoning module SequencerWidgets (173)
[2015.02.01-06.39.08:949][568]LogModuleManager: Shutting down and abandoning module AndroidDeviceDetection (172)
[2015.02.01-06.39.08:949][568]LogModuleManager: Shutting down and abandoning module CrashTracker (171)
[2015.02.01-06.39.08:949][568]LogModuleManager: Shutting down and abandoning module SuperSearch (170)
[2015.02.01-06.39.08:949][568]LogModuleManager: Shutting down and abandoning module SceneOutliner (169)
[2015.02.01-06.39.08:949][568]LogModuleManager: Shutting down and abandoning module EditorWidgets (168)
[2015.02.01-06.39.08:949][568]LogModuleManager: Shutting down and abandoning module CollectionManager (167)
[2015.02.01-06.39.08:949][568]LogModuleManager: Shutting down and abandoning module StatsViewer (166)
[2015.02.01-06.39.08:949][568]LogModuleManager: Shutting down and abandoning module FoliageEdit (165)
[2015.02.01-06.39.08:949][568]LogModuleManager: Shutting down and abandoning module LandscapeEditor (164)
[2015.02.01-06.39.08:950][568]LogModuleManager: Shutting down and abandoning module MeshPaint (163)
[2015.02.01-06.39.08:950][568]LogModuleManager: Shutting down and abandoning module ActorPickerMode (162)
[2015.02.01-06.39.08:950][568]LogModuleManager: Shutting down and abandoning module GeometryMode (161)
[2015.02.01-06.39.08:950][568]LogModuleManager: Shutting down and abandoning module TextureAlignMode (160)
[2015.02.01-06.39.08:950][568]LogModuleManager: Shutting down and abandoning module BspMode (159)
[2015.02.01-06.39.08:950][568]LogModuleManager: Shutting down and abandoning module PlacementMode (158)
[2015.02.01-06.39.08:950][568]LogModuleManager: Shutting down and abandoning module AutomationWorker (157)
[2015.02.01-06.39.08:950][568]LogModuleManager: Shutting down and abandoning module CharacterAI (156)
[2015.02.01-06.39.08:950][568]LogModuleManager: Shutting down and abandoning module GameProjectGeneration (155)
[2015.02.01-06.39.08:950][568]LogModuleManager: Shutting down and abandoning module IntroTutorials (154)
[2015.02.01-06.39.08:950][568]LogModuleManager: Shutting down and abandoning module EditorLiveStreaming (153)
[2015.02.01-06.39.08:950][568]LogModuleManager: Shutting down and abandoning module HardwareTargeting (152)
[2015.02.01-06.39.08:950][568]LogModuleManager: Shutting down and abandoning module DeviceProfileEditor (151)
[2015.02.01-06.39.08:950][568]LogModuleManager: Shutting down and abandoning module UndoHistory (150)
[2015.02.01-06.39.08:950][568]LogModuleManager: Shutting down and abandoning module GameplayTagsEditor (149)
[2015.02.01-06.39.08:950][568]LogModuleManager: Shutting down and abandoning module UserFeedback (148)
[2015.02.01-06.39.08:950][568]LogModuleManager: Shutting down and abandoning module XmlParser (147)
[2015.02.01-06.39.08:950][568]LogModuleManager: Shutting down and abandoning module Blutility (146)
[2015.02.01-06.39.08:950][568]LogModuleManager: Shutting down and abandoning module IOSPlatformEditor (145)
[2015.02.01-06.39.08:950][568]LogModuleManager: Shutting down and abandoning module IOSRuntimeSettings (144)
[2015.02.01-06.39.08:950][568]LogModuleManager: Shutting down and abandoning module AndroidPlatformEditor (143)
[2015.02.01-06.39.08:950][568]LogModuleManager: Shutting down and abandoning module AndroidRuntimeSettings (142)
[2015.02.01-06.39.08:950][568]LogModuleManager: Shutting down and abandoning module ProjectTargetPlatformEditor (141)
[2015.02.01-06.39.08:950][568]LogModuleManager: Shutting down and abandoning module ProjectSettingsViewer (140)
[2015.02.01-06.39.08:950][568]LogModuleManager: Shutting down and abandoning module InputBindingEditor (139)
[2015.02.01-06.39.08:950][568]LogModuleManager: Shutting down and abandoning module EditorSettingsViewer (138)
[2015.02.01-06.39.08:950][568]LogModuleManager: Shutting down and abandoning module SettingsEditor (137)
[2015.02.01-06.39.08:950][568]LogModuleManager: Shutting down and abandoning module ProjectLauncher (136)
[2015.02.01-06.39.08:950][568]LogModuleManager: Shutting down and abandoning module SessionFrontend (135)
[2015.02.01-06.39.08:950][568]LogModuleManager: Shutting down and abandoning module ProfilerClient (134)
[2015.02.01-06.39.08:950][568]LogModuleManager: Shutting down and abandoning module TargetDeviceServices (133)
[2015.02.01-06.39.08:950][568]LogModuleManager: Shutting down and abandoning module DeviceManager (132)
[2015.02.01-06.39.08:950][568]LogModuleManager: Shutting down and abandoning module AutomationController (131)
[2015.02.01-06.39.08:950][568]LogModuleManager: Shutting down and abandoning module AutomationWindow (130)
[2015.02.01-06.39.08:950][568]LogModuleManager: Shutting down and abandoning module Layers (129)
[2015.02.01-06.39.08:950][568]LogModuleManager: Shutting down and abandoning module ComponentVisualizers (128)
[2015.02.01-06.39.08:950][568]LogModuleManager: Shutting down and abandoning module DetailCustomizations (127)
[2015.02.01-06.39.08:950][568]LogModuleManager: Shutting down and abandoning module PackagesDialog (126)
[2015.02.01-06.39.08:951][568]LogModuleManager: Shutting down and abandoning module AssetRegistry (125)
[2015.02.01-06.39.09:019][568]LogModuleManager: Shutting down and abandoning module Persona (124)
[2015.02.01-06.39.09:019][568]LogModuleManager: Shutting down and abandoning module Kismet (123)
[2015.02.01-06.39.09:019][568]LogModuleManager: Shutting down and abandoning module GraphEditor (122)
[2015.02.01-06.39.09:019][568]LogModuleManager: Shutting down and abandoning module ClassViewer (121)
[2015.02.01-06.39.09:019][568]LogModuleManager: Shutting down and abandoning module Toolbox (120)
[2015.02.01-06.39.09:019][568]LogModuleManager: Shutting down and abandoning module ModuleUI (119)
[2015.02.01-06.39.09:019][568]LogModuleManager: Shutting down and abandoning module MovieSceneTools (118)
[2015.02.01-06.39.09:019][568]LogModuleManager: Shutting down and abandoning module OutputLog (117)
[2015.02.01-06.39.09:019][568]LogModuleManager: Shutting down and abandoning module GammaUI (116)
[2015.02.01-06.39.09:019][568]LogModuleManager: Shutting down and abandoning module Documentation (115)
[2015.02.01-06.39.09:019][568]LogModuleManager: Shutting down and abandoning module GameLiveStreaming (114)
[2015.02.01-06.39.09:020][568]LogModuleManager: Shutting down and abandoning module StreamingPauseRendering (113)
[2015.02.01-06.39.09:020][568]LogModuleManager: Shutting down and abandoning module HTTP (112)
[2015.02.01-06.39.09:020][568]LogModuleManager: Shutting down and abandoning module AnalyticsET (111)
[2015.02.01-06.39.09:020][568]LogModuleManager: Shutting down and abandoning module Analytics (110)
[2015.02.01-06.39.09:020][568]LogModuleManager: Shutting down and abandoning module AITestSuite (109)
[2015.02.01-06.39.09:020][568]LogModuleManager: Shutting down and abandoning module AIModule (108)
[2015.02.01-06.39.09:020][568]LogModuleManager: Shutting down and abandoning module ProfilerService (107)
[2015.02.01-06.39.09:164][568]LogModuleManager: Shutting down and abandoning module TaskGraph (106)
[2015.02.01-06.39.09:164][568]LogModuleManager: Shutting down and abandoning module GameplayDebugger (105)
[2015.02.01-06.39.09:164][568]LogModuleManager: Shutting down and abandoning module SlateRemote (104)
[2015.02.01-06.39.09:164][568]LogModuleManager: Shutting down and abandoning module ScriptEditorPlugin (103)
[2015.02.01-06.39.09:164][568]LogModuleManager: Shutting down and abandoning module CustomMeshComponent (102)
[2015.02.01-06.39.09:164][568]LogModuleManager: Shutting down and abandoning module CableComponent (101)
[2015.02.01-06.39.09:164][568]LogModuleManager: Shutting down and abandoning module MessagingDebugger (100)
[2015.02.01-06.39.09:164][568]LogModuleManager: Shutting down and abandoning module MediaPlayerEditor (99)
[2015.02.01-06.39.09:164][568]LogModuleManager: Shutting down and abandoning module SpeedTreeImporter (98)
[2015.02.01-06.39.09:164][568]LogModuleManager: Shutting down and abandoning module PluginsEditor (97)
[2015.02.01-06.39.09:164][568]LogModuleManager: Shutting down and abandoning module EpicSurvey (96)
[2015.02.01-06.39.09:164][568]LogModuleManager: Shutting down and abandoning module DesktopPlatform (95)
[2015.02.01-06.39.09:164][568]LogModuleManager: Shutting down and abandoning module VisualStudioSourceCodeAccess (94)
[2015.02.01-06.39.09:164][568]LogModuleManager: Shutting down and abandoning module UObjectPlugin (93)
[2015.02.01-06.39.09:164][568]LogModuleManager: Shutting down and abandoning module SubversionSourceControl (92)
[2015.02.01-06.39.09:164][568]LogModuleManager: Shutting down and abandoning module SourceControl (91)
[2015.02.01-06.39.09:164][568]LogModuleManager: Shutting down and abandoning module PerforceSourceControl (90)
[2015.02.01-06.39.09:164][568]LogModuleManager: Shutting down and abandoning module BlankPlugin (89)
[2015.02.01-06.39.09:164][568]LogModuleManager: Shutting down and abandoning module SlateReflector (88)
[2015.02.01-06.39.09:164][568]LogModuleManager: Shutting down and abandoning module DirectoryWatcher (87)
[2015.02.01-06.39.09:165][568]LogModuleManager: Shutting down and abandoning module HotReload (86)
[2015.02.01-06.39.09:165][568]LogModuleManager: Shutting down and abandoning module MainFrame (85)
[2015.02.01-06.39.09:165][568]LogModuleManager: Shutting down and abandoning module LevelEditor (84)
[2015.02.01-06.39.09:166][568]LogModuleManager: Shutting down and abandoning module ViewportSnapping (83)
[2015.02.01-06.39.09:166][568]LogModuleManager: Shutting down and abandoning module SmartSnapping (82)
[2015.02.01-06.39.09:166][568]LogModuleManager: Shutting down and abandoning module PaperTiledImporter (81)
[2015.02.01-06.39.09:166][568]LogModuleManager: Shutting down and abandoning module PaperJsonImporter (80)
[2015.02.01-06.39.09:166][568]LogModuleManager: Shutting down and abandoning module ContentBrowser (79)
[2015.02.01-06.39.09:166][568]LogModuleManager: Shutting down and abandoning module Paper2DEditor (78)
[2015.02.01-06.39.09:166][568]LogModuleManager: Shutting down and abandoning module ScriptPlugin (77)
[2015.02.01-06.39.09:166][568]LogModuleManager: Shutting down and abandoning module UdpMessaging (76)
[2015.02.01-06.39.09:268][568]LogModuleManager: Shutting down and abandoning module Paper2D (75)
[2015.02.01-06.39.09:268][568]LogModuleManager: Shutting down and abandoning module UE4Game (74)
[2015.02.01-06.39.09:268][568]LogModuleManager: Shutting down and abandoning module WindowsMoviePlayer (73)
[2015.02.01-06.39.09:269][568]LogModuleManager: Shutting down and abandoning module Media (72)
[2015.02.01-06.39.09:269][568]LogModuleManager: Shutting down and abandoning module WmfMedia (71)
[2015.02.01-06.39.09:269][568]LogModuleManager: Shutting down and abandoning module OnlineBlueprintSupport (70)
[2015.02.01-06.39.09:269][568]LogModuleManager: Shutting down and abandoning module PropertyEditor (69)
[2015.02.01-06.39.09:269][568]LogModuleManager: Shutting down and abandoning module BehaviorTreeEditor (68)
[2015.02.01-06.39.09:269][568]LogModuleManager: Shutting down and abandoning module FunctionalTesting (67)
[2015.02.01-06.39.09:269][568]LogModuleManager: Shutting down and abandoning module CollisionAnalyzer (66)
[2015.02.01-06.39.09:269][568]LogModuleManager: Shutting down and abandoning module WorkspaceMenuStructure (65)
[2015.02.01-06.39.09:269][568]LogModuleManager: Shutting down and abandoning module MessageLog (64)
[2015.02.01-06.39.09:269][568]LogModuleManager: Shutting down and abandoning module Sequencer (63)
[2015.02.01-06.39.09:269][568]LogModuleManager: Shutting down and abandoning module AssetTools (62)
[2015.02.01-06.39.09:269][568]LogModuleManager: Shutting down and abandoning module UMGEditor (61)
[2015.02.01-06.39.09:269][568]LogModuleManager: Shutting down and abandoning module UMG (60)
[2015.02.01-06.39.09:269][568]LogModuleManager: Shutting down and abandoning module Slate (59)
[2015.02.01-06.39.09:269][568]LogModuleManager: Shutting down and abandoning module EditorStyle (58)
[2015.02.01-06.39.09:276][568]LogModuleManager: Shutting down and abandoning module SessionServices (57)
[2015.02.01-06.39.09:276][568]LogModuleManager: Shutting down and abandoning module SourceCodeAccess (56)
[2015.02.01-06.39.09:276][568]LogModuleManager: Shutting down and abandoning module HeadMountedDisplay (55)
[2015.02.01-06.39.09:276][568]LogModuleManager: Shutting down and abandoning module XAudio2 (54)
[2015.02.01-06.39.09:276][568]LogModuleManager: Shutting down and abandoning module Networking (52)
[2015.02.01-06.39.09:276][568]LogModuleManager: Shutting down and abandoning module Core (51)
[2015.02.01-06.39.09:276][568]LogModuleManager: Shutting down and abandoning module KismetCompiler (50)
[2015.02.01-06.39.09:276][568]LogModuleManager: Shutting down and abandoning module PhysXFormats (49)
[2015.02.01-06.39.09:276][568]LogModuleManager: Shutting down and abandoning module MeshUtilities (48)
[2015.02.01-06.39.09:276][568]LogModuleManager: Shutting down and abandoning module DerivedDataCache (47)
[2015.02.01-06.39.09:372][568]LogDerivedDataCache: Shutdown
[2015.02.01-06.39.09:372][568]LogModuleManager: Shutting down and abandoning module ShaderFormatOpenGL (46)
[2015.02.01-06.39.09:372][568]LogModuleManager: Shutting down and abandoning module ShaderFormatD3D (45)
[2015.02.01-06.39.09:372][568]LogModuleManager: Shutting down and abandoning module MetalShaderFormat (44)
[2015.02.01-06.39.09:372][568]LogModuleManager: Shutting down and abandoning module TextureFormatUncompressed (43)
[2015.02.01-06.39.09:372][568]LogModuleManager: Shutting down and abandoning module TextureFormatPVR (42)
[2015.02.01-06.39.09:372][568]LogModuleManager: Shutting down and abandoning module TextureFormatDXT (41)
[2015.02.01-06.39.09:372][568]LogModuleManager: Shutting down and abandoning module TextureFormatAndroid (40)
[2015.02.01-06.39.09:372][568]LogModuleManager: Shutting down and abandoning module AudioFormatOpus (39)
[2015.02.01-06.39.09:372][568]LogModuleManager: Shutting down and abandoning module AudioFormatOgg (38)
[2015.02.01-06.39.09:372][568]LogModuleManager: Shutting down and abandoning module AudioFormatADPCM (37)
[2015.02.01-06.39.09:372][568]LogModuleManager: Shutting down and abandoning module LinuxTargetPlatform (36)
[2015.02.01-06.39.09:372][568]LogModuleManager: Shutting down and abandoning module LinuxServerTargetPlatform (35)
[2015.02.01-06.39.09:372][568]LogModuleManager: Shutting down and abandoning module LinuxNoEditorTargetPlatform (34)
[2015.02.01-06.39.09:372][568]LogModuleManager: Shutting down and abandoning module Messaging (33)
[2015.02.01-06.39.09:372][568]LogModuleManager: Shutting down and abandoning module IOSTargetPlatform (32)
[2015.02.01-06.39.09:372][568]LogModuleManager: Shutting down and abandoning module Android_PVRTCTargetPlatform (31)
[2015.02.01-06.39.09:372][568]LogModuleManager: Shutting down and abandoning module Android_ETC2TargetPlatform (30)
[2015.02.01-06.39.09:372][568]LogModuleManager: Shutting down and abandoning module Android_ETC1TargetPlatform (29)
[2015.02.01-06.39.09:373][568]LogModuleManager: Shutting down and abandoning module Android_DXTTargetPlatform (28)
[2015.02.01-06.39.09:373][568]LogModuleManager: Shutting down and abandoning module Android_ATCTargetPlatform (27)
[2015.02.01-06.39.09:373][568]LogModuleManager: Shutting down and abandoning module AndroidTargetPlatform (26)
[2015.02.01-06.39.09:373][568]LogModuleManager: Shutting down and abandoning module WindowsTargetPlatform (25)
[2015.02.01-06.39.09:373][568]LogModuleManager: Shutting down and abandoning module WindowsServerTargetPlatform (24)
[2015.02.01-06.39.09:373][568]LogModuleManager: Shutting down and abandoning module WindowsNoEditorTargetPlatform (23)
[2015.02.01-06.39.09:373][568]LogModuleManager: Shutting down and abandoning module WindowsClientTargetPlatform (22)
[2015.02.01-06.39.09:373][568]LogModuleManager: Shutting down and abandoning module TargetPlatform (21)
[2015.02.01-06.39.09:373][568]LogModuleManager: Shutting down and abandoning module InputCore (20)
[2015.02.01-06.39.09:373][568]LogModuleManager: Shutting down and abandoning module Settings (19)
[2015.02.01-06.39.09:373][568]LogModuleManager: Shutting down and abandoning module ImageWrapper (18)
[2015.02.01-06.39.09:373][568]LogModuleManager: Shutting down and abandoning module OculusRift (15)
[2015.02.01-06.39.09:373][568]LogModuleManager: Shutting down and abandoning module ExampleDeviceProfileSelector (14)
[2015.02.01-06.39.09:373][568]LogModuleManager: Shutting down and abandoning module TextureCompressor (13)
[2015.02.01-06.39.09:373][568]LogModuleManager: Shutting down and abandoning module ShaderCore (12)
[2015.02.01-06.39.09:373][568]LogModuleManager: Shutting down and abandoning module Landscape (11)
[2015.02.01-06.39.09:373][568]LogModuleManager: Shutting down and abandoning module SlateRHIRenderer (10)
[2015.02.01-06.39.09:378][568]LogModuleManager: Shutting down and abandoning module OpenGLDrv (9)
[2015.02.01-06.39.09:378][568]LogModuleManager: Shutting down and abandoning module D3D11RHI (8)
[2015.02.01-06.39.09:378][568]LogModuleManager: Shutting down and abandoning module Renderer (7)
[2015.02.01-06.39.09:378][568]LogModuleManager: Shutting down and abandoning module Engine (6)
[2015.02.01-06.39.09:378][568]LogModuleManager: Shutting down and abandoning module CoreUObject (5)
[2015.02.01-06.39.09:378][568]LogModuleManager: Shutting down and abandoning module NetworkFile (4)
[2015.02.01-06.39.09:378][568]LogModuleManager: Shutting down and abandoning module StreamingFile (3)
[2015.02.01-06.39.09:378][568]LogModuleManager: Shutting down and abandoning module SandboxFile (2)
[2015.02.01-06.39.09:378][568]LogModuleManager: Shutting down and abandoning module PakFile (1)
[2015.02.01-06.39.09:379][568]LogExit: Exiting.
[2015.02.01-06.39.09:383][568]Log file closed, 02/01/15 01:39:09
