Log file open, 01/27/15 18:28:37
LogInit:Display: Running engine for game: KodainaKingdom
LogInit: Version: 4.6.1-2386410+++depot+UE4-Releases+4.6
LogInit: API Version: 2369412
LogInit: Compiled (64-bit): Dec 11 2014 21:31:39
LogInit: Compiled with Visual C++: 18.00.21005.01
LogInit: Build Configuration: Development
LogInit: Branch Name: ++depot+UE4-Releases+4.6
LogInit: Command line:  
LogInit: Base directory: C:/Program Files/UE45/Epic Games/4.6/Engine/Binaries/Win64/
LogInit: Rocket: 1
[2015.01.27-23.28.37:886][  0]LogTaskGraph: Started task graph with 3 named threads and 6 total threads.
[2015.01.27-23.28.37:946][  0]LogOnline:Warning: No default platform service specified for OnlineSubsystem
[2015.01.27-23.28.38:016][  0]LogInit: Presizing for 0 objects not considered by GC, pre-allocating 0 bytes.
[2015.01.27-23.28.38:027][  0]LogInit: Object subsystem initialized
[2015.01.27-23.28.38:029][  0]LogInit: Selected Device Profile: [Windows]
[2015.01.27-23.28.38:029][  0]LogInit: Applying CVar settings loaded from the selected device profile: [Windows]
[2015.01.27-23.28.38:038][  0]LogInit: Computer: ASUS
[2015.01.27-23.28.38:038][  0]LogInit: User: Owner
[2015.01.27-23.28.38:038][  0]LogInit: CPU Page size=4096, Cores=4
[2015.01.27-23.28.38:038][  0]LogInit: High frequency timer resolution =2.338348 MHz
[2015.01.27-23.28.38:038][  0]LogMemory: Memory total: Physical=15.9GB (16GB approx) Virtual=131072.0GB
[2015.01.27-23.28.38:038][  0]LogMemory: Platform Memory Stats for Windows
[2015.01.27-23.28.38:038][  0]LogMemory: Process Physical Memory: 48.93 MB used, 48.93 MB peak
[2015.01.27-23.28.38:038][  0]LogMemory: Process Virtual Memory: 25.05 MB used, 25.05 MB peak
[2015.01.27-23.28.38:038][  0]LogMemory: Physical Memory: 3819.61 MB used, 16267.18 MB total
[2015.01.27-23.28.38:038][  0]LogMemory: Virtual Memory: 274.81 MB used, 134217728.00 MB total
[2015.01.27-23.28.38:219][  0]LogD3D11RHI: Found D3D11 adapter 0: Intel(R) HD Graphics 4600 (Feature Level 11_0)
[2015.01.27-23.28.38:219][  0]LogD3D11RHI: Adapter has 32MB of dedicated video memory, 0MB of dedicated system memory, and 1760MB of shared system memory, 1 output[s]
[2015.01.27-23.28.38:230][  0]LogD3D11RHI: Found D3D11 adapter 1: NVIDIA GeForce GT 750M (Feature Level 11_0)
[2015.01.27-23.28.38:230][  0]LogD3D11RHI: Adapter has 1988MB of dedicated video memory, 0MB of dedicated system memory, and 2048MB of shared system memory, 0 output[s]
[2015.01.27-23.28.38:232][  0]LogD3D11RHI: Found D3D11 adapter 2: Microsoft Basic Render Driver (Feature Level 11_0)
[2015.01.27-23.28.38:232][  0]LogD3D11RHI: Adapter has 0MB of dedicated video memory, 0MB of dedicated system memory, and 256MB of shared system memory, 0 output[s]
[2015.01.27-23.28.38:232][  0]LogD3D11RHI: Chosen D3D11 Adapter Id = 0
[2015.01.27-23.28.38:236][  0]LogRHI: Texture pool is 1361 MB (70% of 1945 MB)
[2015.01.27-23.28.38:249][  0]LogD3D11RHI: Async texture creation enabled
[2015.01.27-23.28.38:431][  0]LogTextLocalizationManager: The requested culture ('en_US') has no localization data; parent culture's ('en') localization data will be used.
[2015.01.27-23.28.38:554][  0]LogContentStreaming: Texture pool size is 0.000000MB
[2015.01.27-23.28.44:297][  0]LogTargetPlatformManager:Display: Building Assets For Windows
[2015.01.27-23.28.44:966][  0]LogTargetPlatformManager:Display: Building Assets For Windows
[2015.01.27-23.28.45:044][  0]LogDerivedDataCache:Display: Max Cache Size: 512 MB
[2015.01.27-23.28.45:087][  0]LogDerivedDataCache: Loaded boot cache 0.04s 39MB C:/Users/Owner/AppData/Local/UnrealEngine/4.6/DerivedDataCache/Boot.ddc.
[2015.01.27-23.28.45:087][  0]LogDerivedDataCache:Display: Loaded Boot cache: C:/Users/Owner/AppData/Local/UnrealEngine/4.6/DerivedDataCache/Boot.ddc
[2015.01.27-23.28.45:087][  0]LogDerivedDataCache: FDerivedDataBackendGraph:  Pak pak cache file ../../../../../../../Users/Owner/Documents/Unreal Projects/Kodaina/DerivedDataCache/DDC.ddp not found, will not use a pak cache.
[2015.01.27-23.28.45:087][  0]LogDerivedDataCache: Unable to find inner node Pak for hierarchical cache Hierarchy.
[2015.01.27-23.28.45:146][  0]LogDerivedDataCache:Display: Pak cache opened for reading ../../../Engine/DerivedDataCache/DDC.ddp.
[2015.01.27-23.28.45:159][  0]LogDerivedDataCache: Using Local data cache path C:/Users/Owner/AppData/Local/UnrealEngine/Common/DerivedDataCache: Writable
[2015.01.27-23.28.45:316][  0]LogCollisionProfile:Warning: Profile (UI) - Custom Channel Name = 'Weapon' hasn't been found
[2015.01.27-23.28.45:565][  0]LogMeshUtilities: No automatic mesh reduction module available
[2015.01.27-23.28.45:565][  0]LogMeshUtilities: No automatic mesh merging module available
[2015.01.27-23.28.46:209][  0]LogInit: WinSock: version 1.1 (2.2), MaxSocks=32767, MaxUdp=65467
[2015.01.27-23.28.46:406][  0]LogSlate:Warning: Failed to load font data from '../../../Engine/Content/Slate/Fonts/Roboto-Italic.ttf'
[2015.01.27-23.29.16:220][  0]UdpMessaging: Initializing bridge on interface 0.0.0.0:0 to multicast group 230.0.0.1:6666.
[2015.01.27-23.29.16:682][  0]LogDirectoryWatcher:Warning: Failed to begin reading directory changes for C:/Users/Owner/Documents/Unreal Projects/Kodaina/Binaries/Win64. Error: 0
[2015.01.27-23.29.16:916][  0]SourceControl: Info Source control is disabled
[2015.01.27-23.29.16:916][  0]SourceControl: Info Source control is disabled
[2015.01.27-23.29.16:929][  0]SourceControl: Info Source control is disabled
[2015.01.27-23.29.17:536][  0]LogObj: 23754 objects as part of root set at end of initial load.
[2015.01.27-23.29.17:536][  0]LogUObjectAllocator: 5168128 out of 0 bytes used by permanent object pool.
[2015.01.27-23.29.17:623][  0]LogEngine: Initializing Engine...
[2015.01.27-23.29.17:767][  0]LogInit: XAudio2 using 'Speakers (M-Audio Micro)' : 2 channels at 44.1 kHz using 16 bits per sample (channel mask 0x3)
[2015.01.27-23.29.17:783][  0]LogInit: FAudioDevice initialized.
[2015.01.27-23.29.17:822][  0]LogAIModule: Creating AISystem for world NewWorld
[2015.01.27-23.29.17:846][  0]LogDerivedDataCache: Saved boot cache 0.02s 39MB C:/Users/Owner/AppData/Local/UnrealEngine/4.6/DerivedDataCache/Boot.ddc.
[2015.01.27-23.29.17:849][  0]LogInit: Texture streaming: Enabled
[2015.01.27-23.29.17:909][  0]LogAnalytics: Creating configured Analytics provider AnalyticsET
[2015.01.27-23.29.17:909][  0]LogAnalytics: ET APIKey = Rocket.Release. APIServer = http://et2.epicgames.com/ET2/. AppVersion = 4.6.1-2386410+++depot+UE4-Releases+4.6
[2015.01.27-23.29.17:910][  0]LogAnalytics: SetUserId d53fbd01599cddc5eda2e5a33cd9f114
[2015.01.27-23.29.17:910][  0]LogAnalytics: AnalyticsET::StartSession [Rocket.Release]
[2015.01.27-23.29.17:938][  0]LogInit: Transaction tracking system initialized
[2015.01.27-23.29.18:138][  0]BlueprintLog: New page: Editor Load
[2015.01.27-23.29.18:205][  0]LogAssetRegistry: FAssetRegistry took 0.0106 seconds to start up
[2015.01.27-23.29.18:205][  0]LogDirectoryWatcher:Warning: Failed to begin reading directory changes for ../../../Engine/Plugins/Experimental/CharacterAI/Content/. Error: 0
[2015.01.27-23.29.19:009][  0]LogTargetPlatformManager:Display: Building Assets For Windows
[2015.01.27-23.29.19:404][  0]LogTargetPlatformManager:Display: Building Assets For Windows
[2015.01.27-23.29.19:774][  0]LogConsoleResponse:Display: 
[2015.01.27-23.29.19:821][  0]LogLinker:Warning: Asset '../../../Engine/Content/Functions/Engine_MaterialFunctions03/Procedurals/ComputeFilterWidth.uasset' has been saved with empty engine version. The asset will be loaded but may be incompatible.
[2015.01.27-23.29.21:174][  0]SourceControl: Info Source control is disabled
[2015.01.27-23.29.21:175][  0]Cmd: MAP LOAD FILE="../../../../../../../Users/Owner/Documents/Unreal Projects/Kodaina/Content/Maps/TestLevel.umap" TEMPLATE=0 SHOWPROGRESS=1
[2015.01.27-23.29.21:175][  0]LightingResults: New page: Lighting Build
[2015.01.27-23.29.21:190][  0]MapCheck: New page: Map Check
[2015.01.27-23.29.21:190][  0]LightingResults: New page: Lighting Build
[2015.01.27-23.29.21:199][  0]LogParticles: Destroying 0 GPU particle simulations for FXSystem 0x0000009A5AEA1940
[2015.01.27-23.29.21:292][  0]LogEditorServer: Finished looking for orphan Actors (0.000 secs)
[2015.01.27-23.29.21:293][  0]LogAIModule: Creating AISystem for world TestLevel
[2015.01.27-23.29.21:295][  0]Cmd: MAP CHECKDEP
[2015.01.27-23.29.21:295][  0]MapCheck: New page: TestLevel - Jan 27, 2015, 1:29:21 PM
[2015.01.27-23.29.21:461][  0]MapCheck: Info Map check complete: 0 Error(s), 0 Warning(s), took 166.649ms to complete.
[2015.01.27-23.29.21:461][  0]LogFileHelpers: Loading map 'TestLevel' took 0.287
[2015.01.27-23.29.21:555][  0]LogCollectionManager: Loaded 0 collections in 0.001555 seconds
[2015.01.27-23.29.21:840][  0]LogCrashTracker: Crashtracker disabled due to settings.
[2015.01.27-23.29.21:892][  0]LogUObjectGlobals:Warning: Failed to find object 'Class None.'
[2015.01.27-23.29.21:922][  0]LogLoad: Full Startup: 46.47 seconds (BP compile: 0.02 seconds)
[2015.01.27-23.29.22:264][  0]LogContentBrowser:Verbose: The content browser source was changed by the sources view to '/Game/Blueprints'
[2015.01.27-23.29.22:541][  0]LogRenderer:Warning: Reallocating scene render targets to support 1200x904.
[2015.01.27-23.29.23:619][  4]LogAssetRegistry: Asset discovery search completed in 5.4248 seconds
[2015.01.27-23.35.12:862][469]BlueprintLog: New page: Pre-PIE auto-recompile
[2015.01.27-23.35.12:862][469]LogPlayLevel: [PIE] Compiling TestLevel before PIE...
[2015.01.27-23.35.12:906][469]LogPlayLevel: PIE:  Blueprint regeneration took 44 ms (1 blueprints)
[2015.01.27-23.35.12:906][469]PIE: New page: PIE session: TestLevel (Jan 27, 2015, 1:35:12 PM)
[2015.01.27-23.35.12:909][469]LogPlayLevel: PIE: StaticDuplicateObject took: (0.003079s)
[2015.01.27-23.35.12:910][469]LogPlayLevel: PIE: World Init took: (0.000464s)
[2015.01.27-23.35.12:910][469]LogPlayLevel: PIE: Created PIE world by copying editor world from /Game/Maps/TestLevel.TestLevel to /Game/Maps/UEDPIE_0_TestLevel.TestLevel (0.003697s)
[2015.01.27-23.35.14:501][469]LogWorld: Game class is 'Kodaina_C'
[2015.01.27-23.35.14:503][469]LogAIModule: Creating AISystem for world TestLevel
[2015.01.27-23.35.14:505][469]LogWorld: Bringing World /Game/Maps/UEDPIE_0_TestLevel.TestLevel up for play (max tick rate 60) at 2015.01.27-18.35.14
[2015.01.27-23.35.14:505][469]LogWorld: Bringing up level for play took: 0.001918
[2015.01.27-23.35.14:511][469]PIE: Info Play in editor start time for /Game/Maps/UEDPIE_0_TestLevel 0.782
[2015.01.27-23.35.59:091][865]LogActorComponent: UnregisterComponent: (/Engine/Transient.CharacterMovementComponent_0) Not registered. Aborting.
[2015.01.27-23.35.59:123][865]LogParticles: Destroying 0 GPU particle simulations for FXSystem 0x0000009A52BB8400
[2015.01.27-23.37.42:690][559]BlueprintLog: New page: Compile BattleHUD
[2015.01.27-23.37.42:876][559]LogActorComponent: UnregisterComponent: (/Engine/Transient.CharacterMovementComponent_1) Not registered. Aborting.
[2015.01.27-23.37.42:937][559]BlueprintEditorCompileResults: Info [0547.48] Compile of BattleHUD successful! [in 167 ms]
[2015.01.27-23.37.44:630][641]BlueprintLog: New page: Pre-PIE auto-recompile
[2015.01.27-23.37.44:640][641]LogPlayLevel: [PIE] Compiling MyCharacter before PIE...
[2015.01.27-23.37.44:970][641]LogPlayLevel: [PIE] Compiling Tutorial_BP_MacroLib before PIE...
[2015.01.27-23.37.45:013][641]LogPlayLevel: [PIE] Compiling TestLevel before PIE...
[2015.01.27-23.37.45:065][641]LogPlayLevel: [PIE] Compiling RollingMovingHUD before PIE...
[2015.01.27-23.37.45:163][641]LogPlayLevel: [PIE] Compiling Enemy before PIE...
[2015.01.27-23.37.45:302][641]LogPlayLevel: [PIE] Compiling BattleHUD before PIE...
[2015.01.27-23.37.45:504][641]LogPlayLevel: [PIE] Compiling ShoppingHUD before PIE...
[2015.01.27-23.37.45:636][641]LogPlayLevel: PIE:  Blueprint regeneration took 1006 ms (7 blueprints)
[2015.01.27-23.37.45:636][641]PIE: New page: PIE session: TestLevel (Jan 27, 2015, 1:37:45 PM)
[2015.01.27-23.37.45:639][641]LogPlayLevel: PIE: StaticDuplicateObject took: (0.002967s)
[2015.01.27-23.37.45:640][641]LogPlayLevel: PIE: World Init took: (0.000418s)
[2015.01.27-23.37.45:640][641]LogPlayLevel: PIE: Created PIE world by copying editor world from /Game/Maps/TestLevel.TestLevel to /Game/Maps/UEDPIE_0_TestLevel.TestLevel (0.003531s)
[2015.01.27-23.37.45:678][641]LogWorld: Game class is 'Kodaina_C'
[2015.01.27-23.37.45:679][641]LogAIModule: Creating AISystem for world TestLevel
[2015.01.27-23.37.45:681][641]LogWorld: Bringing World /Game/Maps/UEDPIE_0_TestLevel.TestLevel up for play (max tick rate 60) at 2015.01.27-18.37.45
[2015.01.27-23.37.45:681][641]LogWorld: Bringing up level for play took: 0.001881
[2015.01.27-23.37.45:687][641]PIE: Info Play in editor start time for /Game/Maps/UEDPIE_0_TestLevel 1.958
[2015.01.27-23.37.59:467][354]LogActorComponent: UnregisterComponent: (/Engine/Transient.CharacterMovementComponent_2) Not registered. Aborting.
[2015.01.27-23.37.59:505][354]LogParticles: Destroying 0 GPU particle simulations for FXSystem 0x0000009A61A4FCE0
[2015.01.27-23.38.06:166][675]BlueprintLog: New page: Compile BattleHUD
[2015.01.27-23.38.06:347][675]LogActorComponent: UnregisterComponent: (/Engine/Transient.CharacterMovementComponent_3) Not registered. Aborting.
[2015.01.27-23.38.06:413][675]BlueprintEditorCompileResults: Info [0570.96] Compile of BattleHUD successful! [in 165 ms]
[2015.01.27-23.38.08:223][763]Cmd: OBJ SAVEPACKAGE PACKAGE="/Game/Blueprints/BattleHUD" FILE="../../../../../../../Users/Owner/Documents/Unreal Projects/Kodaina/Content/Blueprints/BattleHUD.uasset" SILENT=true
[2015.01.27-23.38.08:619][763]LogSavePackage: Save=115.150101ms
[2015.01.27-23.38.08:619][763]LogSavePackage: Moving '../../../../../../../Users/Owner/Documents/Unreal Projects/Kodaina/Saved/BattleHUD297ED56E4C3D646902DF8C8BDD1D8FC8.tmp' to '../../../../../../../Users/Owner/Documents/Unreal Projects/Kodaina/Content/Blueprints/BattleHUD.uasset'
[2015.01.27-23.38.10:268][834]LogPropertyNode:Warning: UI Min (0.001) >= UI Max () for Ranged Numeric
[2015.01.27-23.38.10:271][834]LogPropertyNode:Warning: UI Min (0.001) >= UI Max () for Ranged Numeric
[2015.01.27-23.38.10:323][834]LogPropertyNode:Warning: UI Min (0.001) >= UI Max () for Ranged Numeric
[2015.01.27-23.38.10:324][834]LogPropertyNode:Warning: UI Min (0.001) >= UI Max () for Ranged Numeric
[2015.01.27-23.38.21:024][197]BlueprintLog: New page: Compile MyCharacter
[2015.01.27-23.38.21:281][197]LogPropertyNode:Warning: UI Min (0.001) >= UI Max () for Ranged Numeric
[2015.01.27-23.38.21:282][197]LogPropertyNode:Warning: UI Min (0.001) >= UI Max () for Ranged Numeric
[2015.01.27-23.38.21:354][197]LogActorComponent: UnregisterComponent: (/Engine/Transient.CharacterMovementComponent_4) Not registered. Aborting.
[2015.01.27-23.38.21:438][197]LogPropertyNode:Warning: UI Min (0.001) >= UI Max () for Ranged Numeric
[2015.01.27-23.38.21:439][197]LogPropertyNode:Warning: UI Min (0.001) >= UI Max () for Ranged Numeric
[2015.01.27-23.38.21:481][197]BlueprintEditorCompileResults: Info [0586.03] Compile of MyCharacter successful! [in 313 ms]
[2015.01.27-23.40.24:393][822]LogActorComponent: UnregisterComponent: (/Engine/Transient.CharacterMovementComponent_5) Not registered. Aborting.
[2015.01.27-23.40.24:425][822]LogFileHelpers: Editor autosave (incl. sublevels) for '/Game/Maps/TestLevel' took 0.032
[2015.01.27-23.40.24:514][822]OBJ SavePackage: Generating thumbnails for [1] asset(s) in package [/Game/Blueprints/MyCharacter] ([1] browsable assets)...
[2015.01.27-23.40.24:559][822]OBJ SavePackage:     Rendered thumbnail for [Blueprint /Game/Blueprints/MyCharacter.MyCharacter]
[2015.01.27-23.40.24:559][822]OBJ SavePackage: Finished generating thumbnails for package [/Game/Blueprints/MyCharacter]
[2015.01.27-23.40.25:360][822]LogSavePackage: Save=518.477173ms
[2015.01.27-23.40.25:360][822]LogSavePackage: Moving '../../../../../../../Users/Owner/Documents/Unreal Projects/Kodaina/Saved/MyCharacter_Auto15021CF4E401F8B5443ABA7818A8229FA.tmp' to '../../../../../../../Users/Owner/Documents/Unreal Projects/Kodaina/Saved/Autosaves/Game/Blueprints/MyCharacter_Auto1.uasset'
[2015.01.27-23.40.25:365][822]LogFileHelpers: Auto-saving content packages took 0.940
[2015.01.27-23.51.01:874][ 37]LogActorComponent: UnregisterComponent: (/Engine/Transient.CharacterMovementComponent_6) Not registered. Aborting.
[2015.01.27-23.51.01:947][ 37]Cmd: OBJ SAVEPACKAGE PACKAGE="/Game/Blueprints/MyCharacter" FILE="../../../../../../../Users/Owner/Documents/Unreal Projects/Kodaina/Content/Blueprints/MyCharacter.uasset" SILENT=true
[2015.01.27-23.51.02:474][ 37]LogSavePackage: Save=236.782547ms
[2015.01.27-23.51.02:474][ 37]LogSavePackage: Moving '../../../../../../../Users/Owner/Documents/Unreal Projects/Kodaina/Saved/MyCharacter9E32044F40594BE6328A639D31AA7A3A.tmp' to '../../../../../../../Users/Owner/Documents/Unreal Projects/Kodaina/Content/Blueprints/MyCharacter.uasset'
[2015.01.27-23.51.03:763][105]BlueprintLog: New page: Pre-PIE auto-recompile
[2015.01.27-23.51.03:769][105]LogPlayLevel: [PIE] Compiling Enemy before PIE...
[2015.01.27-23.51.03:970][105]LogPropertyNode:Warning: UI Min (0.001) >= UI Max () for Ranged Numeric
[2015.01.27-23.51.03:971][105]LogPropertyNode:Warning: UI Min (0.001) >= UI Max () for Ranged Numeric
[2015.01.27-23.51.04:016][105]LogPlayLevel: [PIE] Compiling TestLevel before PIE...
[2015.01.27-23.51.04:061][105]LogPlayLevel: [PIE] Compiling RollingMovingHUD before PIE...
[2015.01.27-23.51.04:154][105]LogPropertyNode:Warning: UI Min (0.001) >= UI Max () for Ranged Numeric
[2015.01.27-23.51.04:154][105]LogPropertyNode:Warning: UI Min (0.001) >= UI Max () for Ranged Numeric
[2015.01.27-23.51.04:195][105]LogPlayLevel: [PIE] Compiling BattleHUD before PIE...
[2015.01.27-23.51.04:397][105]LogPropertyNode:Warning: UI Min (0.001) >= UI Max () for Ranged Numeric
[2015.01.27-23.51.04:398][105]LogPropertyNode:Warning: UI Min (0.001) >= UI Max () for Ranged Numeric
[2015.01.27-23.51.04:435][105]LogPlayLevel: [PIE] Compiling ShoppingHUD before PIE...
[2015.01.27-23.51.04:518][105]LogPropertyNode:Warning: UI Min (0.001) >= UI Max () for Ranged Numeric
[2015.01.27-23.51.04:519][105]LogPropertyNode:Warning: UI Min (0.001) >= UI Max () for Ranged Numeric
[2015.01.27-23.51.04:569][105]LogPropertyNode:Warning: UI Min (0.001) >= UI Max () for Ranged Numeric
[2015.01.27-23.51.04:570][105]LogPropertyNode:Warning: UI Min (0.001) >= UI Max () for Ranged Numeric
[2015.01.27-23.51.04:596][105]LogPlayLevel: [PIE] Compiling MyCharacter before PIE...
[2015.01.27-23.51.04:853][105]LogPropertyNode:Warning: UI Min (0.001) >= UI Max () for Ranged Numeric
[2015.01.27-23.51.04:854][105]LogPropertyNode:Warning: UI Min (0.001) >= UI Max () for Ranged Numeric
[2015.01.27-23.51.04:945][105]LogPropertyNode:Warning: UI Min (0.001) >= UI Max () for Ranged Numeric
[2015.01.27-23.51.04:946][105]LogPropertyNode:Warning: UI Min (0.001) >= UI Max () for Ranged Numeric
[2015.01.27-23.51.05:038][105]LogPlayLevel: PIE:  Blueprint regeneration took 1274 ms (6 blueprints)
[2015.01.27-23.51.05:038][105]PIE: New page: PIE session: TestLevel (Jan 27, 2015, 1:51:05 PM)
[2015.01.27-23.51.05:041][105]LogPlayLevel: PIE: StaticDuplicateObject took: (0.003048s)
[2015.01.27-23.51.05:042][105]LogPlayLevel: PIE: World Init took: (0.000553s)
[2015.01.27-23.51.05:042][105]LogPlayLevel: PIE: Created PIE world by copying editor world from /Game/Maps/TestLevel.TestLevel to /Game/Maps/UEDPIE_0_TestLevel.TestLevel (0.003740s)
[2015.01.27-23.51.05:082][105]LogWorld: Game class is 'Kodaina_C'
[2015.01.27-23.51.05:083][105]LogAIModule: Creating AISystem for world TestLevel
[2015.01.27-23.51.05:085][105]LogWorld: Bringing World /Game/Maps/UEDPIE_0_TestLevel.TestLevel up for play (max tick rate 60) at 2015.01.27-18.51.05
[2015.01.27-23.51.05:086][105]LogWorld: Bringing up level for play took: 0.001877
[2015.01.27-23.51.05:093][105]PIE: Info Play in editor start time for /Game/Maps/UEDPIE_0_TestLevel 1.365
[2015.01.27-23.51.15:879][721]LogBlueprintDebug:Warning: Hit breakpoint on node 'K2Node_IfThenElse', from offset 523
[2015.01.27-23.51.15:880][721]LogBlueprintDebug: 
Script call stack:
	Function /Game/Blueprints/BattleHUD.BattleHUD_C:ExecuteUbergraph_BattleHUD
	Function /Game/Blueprints/MyCharacter.MyCharacter_C:IsLevelUp

[2015.01.27-23.51.15:946][721]LogScriptCore:Warning: Cannot call UnrealScript (BattleHUD_C /Engine/Transient.UnrealEdEngine_0:GameInstance_2.BattleHUD_C_0 - Function /Game/Blueprints/BattleHUD.BattleHUD_C:Get_txtEnemyAction_Text_0) while stopped at a breakpoint.
[2015.01.27-23.51.15:946][721]LogScriptCore:Warning: Cannot call UnrealScript (BattleHUD_C /Engine/Transient.UnrealEdEngine_0:GameInstance_2.BattleHUD_C_0 - Function /Game/Blueprints/BattleHUD.BattleHUD_C:GetText_0) while stopped at a breakpoint.
[2015.01.27-23.51.15:946][721]LogScriptCore:Warning: Cannot call UnrealScript (BattleHUD_C /Engine/Transient.UnrealEdEngine_0:GameInstance_2.BattleHUD_C_0 - Function /Game/Blueprints/BattleHUD.BattleHUD_C:Get_txtCharacterAction_Text_0) while stopped at a breakpoint.
[2015.01.27-23.51.15:946][721]LogScriptCore:Warning: Cannot call UnrealScript (BattleHUD_C /Engine/Transient.UnrealEdEngine_0:GameInstance_2.BattleHUD_C_0 - Function /Game/Blueprints/BattleHUD.BattleHUD_C:GetText_1) while stopped at a breakpoint.
[2015.01.27-23.51.15:946][721]LogScriptCore:Warning: Cannot call UnrealScript (BattleHUD_C /Engine/Transient.UnrealEdEngine_0:GameInstance_2.BattleHUD_C_0 - Function /Game/Blueprints/BattleHUD.BattleHUD_C:Get_txtDisplay_Text_0) while stopped at a breakpoint.
[2015.01.27-23.51.15:946][721]LogScriptCore:Warning: Cannot call UnrealScript (BattleHUD_C /Engine/Transient.UnrealEdEngine_0:GameInstance_2.BattleHUD_C_0 - Function /Script/UMG.UserWidget:Tick) while stopped at a breakpoint.
[2015.01.27-23.51.15:982][721]LogScriptCore:Warning: Cannot call UnrealScript (BattleHUD_C /Engine/Transient.UnrealEdEngine_0:GameInstance_2.BattleHUD_C_0 - Function /Game/Blueprints/BattleHUD.BattleHUD_C:Get_txtEnemyAction_Text_0) while stopped at a breakpoint.
[2015.01.27-23.51.15:982][721]LogScriptCore:Warning: Cannot call UnrealScript (BattleHUD_C /Engine/Transient.UnrealEdEngine_0:GameInstance_2.BattleHUD_C_0 - Function /Game/Blueprints/BattleHUD.BattleHUD_C:GetText_0) while stopped at a breakpoint.
[2015.01.27-23.51.15:982][721]LogScriptCore:Warning: Cannot call UnrealScript (BattleHUD_C /Engine/Transient.UnrealEdEngine_0:GameInstance_2.BattleHUD_C_0 - Function /Game/Blueprints/BattleHUD.BattleHUD_C:Get_txtCharacterAction_Text_0) while stopped at a breakpoint.
[2015.01.27-23.51.15:982][721]LogScriptCore:Warning: Cannot call UnrealScript (BattleHUD_C /Engine/Transient.UnrealEdEngine_0:GameInstance_2.BattleHUD_C_0 - Function /Game/Blueprints/BattleHUD.BattleHUD_C:GetText_1) while stopped at a breakpoint.
[2015.01.27-23.51.15:982][721]LogScriptCore:Warning: Cannot call UnrealScript (BattleHUD_C /Engine/Transient.UnrealEdEngine_0:GameInstance_2.BattleHUD_C_0 - Function /Game/Blueprints/BattleHUD.BattleHUD_C:Get_txtDisplay_Text_0) while stopped at a breakpoint.
[2015.01.27-23.51.15:984][721]LogScriptCore:Warning: Cannot call UnrealScript (BattleHUD_C /Engine/Transient.UnrealEdEngine_0:GameInstance_2.BattleHUD_C_0 - Function /Game/Blueprints/BattleHUD.BattleHUD_C:Get_EnemyHPBar_Percent_0) while stopped at a breakpoint.
[2015.01.27-23.51.15:984][721]LogScriptCore:Warning: Cannot call UnrealScript (BattleHUD_C /Engine/Transient.UnrealEdEngine_0:GameInstance_2.BattleHUD_C_0 - Function /Game/Blueprints/BattleHUD.BattleHUD_C:GetPercent_1) while stopped at a breakpoint.
[2015.01.27-23.51.15:984][721]LogScriptCore:Warning: Cannot call UnrealScript (BattleHUD_C /Engine/Transient.UnrealEdEngine_0:GameInstance_2.BattleHUD_C_0 - Function /Game/Blueprints/BattleHUD.BattleHUD_C:GetPercent_0) while stopped at a breakpoint.
[2015.01.27-23.51.15:984][721]LogScriptCore:Warning: Cannot call UnrealScript (BattleHUD_C /Engine/Transient.UnrealEdEngine_0:GameInstance_2.BattleHUD_C_0 - Function /Script/UMG.UserWidget:OnPaint) while stopped at a breakpoint.
[2015.01.27-23.51.38:994][721]LogActorComponent: UnregisterComponent: (/Engine/Transient.CharacterMovementComponent_7) Not registered. Aborting.
[2015.01.27-23.51.39:047][722]LogParticles: Destroying 0 GPU particle simulations for FXSystem 0x0000009A6A6F3380
[2015.01.27-23.52.06:553][204]LogActorComponent: UnregisterComponent: (/Engine/Transient.CharacterMovementComponent_8) Not registered. Aborting.
[2015.01.27-23.52.06:657][204]Cmd: OBJ SAVEPACKAGE PACKAGE="/Game/Blueprints/MyCharacter" FILE="../../../../../../../Users/Owner/Documents/Unreal Projects/Kodaina/Content/Blueprints/MyCharacter.uasset" SILENT=true
[2015.01.27-23.52.07:324][204]LogSavePackage: Save=395.220032ms
[2015.01.27-23.52.07:324][204]LogSavePackage: Moving '../../../../../../../Users/Owner/Documents/Unreal Projects/Kodaina/Saved/MyCharacter1B3A6C3B4082B473A8C3A5A2EDD60E71.tmp' to '../../../../../../../Users/Owner/Documents/Unreal Projects/Kodaina/Content/Blueprints/MyCharacter.uasset'
[2015.01.27-23.52.07:682][224]BlueprintLog: New page: Compile MyCharacter
[2015.01.27-23.52.07:942][224]LogPropertyNode:Warning: UI Min (0.001) >= UI Max () for Ranged Numeric
[2015.01.27-23.52.07:943][224]LogPropertyNode:Warning: UI Min (0.001) >= UI Max () for Ranged Numeric
[2015.01.27-23.52.08:014][224]LogActorComponent: UnregisterComponent: (/Engine/Transient.CharacterMovementComponent_9) Not registered. Aborting.
[2015.01.27-23.52.08:067][224]LogPropertyNode:Warning: UI Min (0.001) >= UI Max () for Ranged Numeric
[2015.01.27-23.52.08:067][224]LogPropertyNode:Warning: UI Min (0.001) >= UI Max () for Ranged Numeric
[2015.01.27-23.52.08:113][224]BlueprintEditorCompileResults: Info [1412.66] Compile of MyCharacter successful! [in 289 ms]
[2015.01.27-23.58.28:629][252]BlueprintLog: New page: Pre-PIE auto-recompile
[2015.01.27-23.58.28:634][252]LogPlayLevel: [PIE] Compiling Enemy before PIE...
[2015.01.27-23.58.28:771][252]LogPropertyNode:Warning: UI Min (0.001) >= UI Max () for Ranged Numeric
[2015.01.27-23.58.28:771][252]LogPropertyNode:Warning: UI Min (0.001) >= UI Max () for Ranged Numeric
[2015.01.27-23.58.28:788][252]LogActorComponent: UnregisterComponent: (/Engine/Transient.CharacterMovementComponent_10) Not registered. Aborting.
[2015.01.27-23.58.28:810][252]LogPlayLevel: [PIE] Compiling TestLevel before PIE...
[2015.01.27-23.58.28:857][252]LogPlayLevel: [PIE] Compiling RollingMovingHUD before PIE...
[2015.01.27-23.58.28:956][252]LogPropertyNode:Warning: UI Min (0.001) >= UI Max () for Ranged Numeric
[2015.01.27-23.58.28:957][252]LogPropertyNode:Warning: UI Min (0.001) >= UI Max () for Ranged Numeric
[2015.01.27-23.58.28:997][252]LogPlayLevel: [PIE] Compiling BattleHUD before PIE...
[2015.01.27-23.58.29:197][252]LogPropertyNode:Warning: UI Min (0.001) >= UI Max () for Ranged Numeric
[2015.01.27-23.58.29:198][252]LogPropertyNode:Warning: UI Min (0.001) >= UI Max () for Ranged Numeric
[2015.01.27-23.58.29:235][252]LogPlayLevel: [PIE] Compiling ShoppingHUD before PIE...
[2015.01.27-23.58.29:333][252]LogPropertyNode:Warning: UI Min (0.001) >= UI Max () for Ranged Numeric
[2015.01.27-23.58.29:333][252]LogPropertyNode:Warning: UI Min (0.001) >= UI Max () for Ranged Numeric
[2015.01.27-23.58.29:392][252]LogPropertyNode:Warning: UI Min (0.001) >= UI Max () for Ranged Numeric
[2015.01.27-23.58.29:393][252]LogPropertyNode:Warning: UI Min (0.001) >= UI Max () for Ranged Numeric
[2015.01.27-23.58.29:420][252]LogPlayLevel: [PIE] Compiling MyCharacter before PIE...
[2015.01.27-23.58.29:681][252]LogPropertyNode:Warning: UI Min (0.001) >= UI Max () for Ranged Numeric
[2015.01.27-23.58.29:682][252]LogPropertyNode:Warning: UI Min (0.001) >= UI Max () for Ranged Numeric
[2015.01.27-23.58.29:774][252]LogPropertyNode:Warning: UI Min (0.001) >= UI Max () for Ranged Numeric
[2015.01.27-23.58.29:775][252]LogPropertyNode:Warning: UI Min (0.001) >= UI Max () for Ranged Numeric
[2015.01.27-23.58.29:869][252]LogPlayLevel: PIE:  Blueprint regeneration took 1240 ms (6 blueprints)
[2015.01.27-23.58.29:870][252]PIE: New page: PIE session: TestLevel (Jan 27, 2015, 1:58:29 PM)
[2015.01.27-23.58.29:873][252]LogPlayLevel: PIE: StaticDuplicateObject took: (0.002995s)
[2015.01.27-23.58.29:873][252]LogPlayLevel: PIE: World Init took: (0.000500s)
[2015.01.27-23.58.29:873][252]LogPlayLevel: PIE: Created PIE world by copying editor world from /Game/Maps/TestLevel.TestLevel to /Game/Maps/UEDPIE_0_TestLevel.TestLevel (0.003624s)
[2015.01.27-23.58.29:913][252]LogWorld: Game class is 'Kodaina_C'
[2015.01.27-23.58.29:915][252]LogAIModule: Creating AISystem for world TestLevel
[2015.01.27-23.58.29:917][252]LogWorld: Bringing World /Game/Maps/UEDPIE_0_TestLevel.TestLevel up for play (max tick rate 60) at 2015.01.27-18.58.29
[2015.01.27-23.58.29:917][252]LogWorld: Bringing up level for play took: 0.001812
[2015.01.27-23.58.29:924][252]PIE: Info Play in editor start time for /Game/Maps/UEDPIE_0_TestLevel 2.195
[2015.01.27-23.58.40:848][895]LogBlueprintDebug:Warning: Hit breakpoint on node 'K2Node_IfThenElse', from offset 523
[2015.01.27-23.58.40:848][895]LogBlueprintDebug: 
Script call stack:
	Function /Game/Blueprints/BattleHUD.BattleHUD_C:ExecuteUbergraph_BattleHUD
	Function /Game/Blueprints/MyCharacter.MyCharacter_C:IsLevelUp

[2015.01.27-23.58.40:883][895]LogScriptCore:Warning: Cannot call UnrealScript (BattleHUD_C /Engine/Transient.UnrealEdEngine_0:GameInstance_3.BattleHUD_C_0 - Function /Game/Blueprints/BattleHUD.BattleHUD_C:Get_txtEnemyAction_Text_0) while stopped at a breakpoint.
[2015.01.27-23.58.40:884][895]LogScriptCore:Warning: Cannot call UnrealScript (BattleHUD_C /Engine/Transient.UnrealEdEngine_0:GameInstance_3.BattleHUD_C_0 - Function /Game/Blueprints/BattleHUD.BattleHUD_C:GetText_0) while stopped at a breakpoint.
[2015.01.27-23.58.40:884][895]LogScriptCore:Warning: Cannot call UnrealScript (BattleHUD_C /Engine/Transient.UnrealEdEngine_0:GameInstance_3.BattleHUD_C_0 - Function /Game/Blueprints/BattleHUD.BattleHUD_C:Get_txtCharacterAction_Text_0) while stopped at a breakpoint.
[2015.01.27-23.58.40:884][895]LogScriptCore:Warning: Cannot call UnrealScript (BattleHUD_C /Engine/Transient.UnrealEdEngine_0:GameInstance_3.BattleHUD_C_0 - Function /Game/Blueprints/BattleHUD.BattleHUD_C:GetText_1) while stopped at a breakpoint.
[2015.01.27-23.58.40:884][895]LogScriptCore:Warning: Cannot call UnrealScript (BattleHUD_C /Engine/Transient.UnrealEdEngine_0:GameInstance_3.BattleHUD_C_0 - Function /Game/Blueprints/BattleHUD.BattleHUD_C:Get_txtDisplay_Text_0) while stopped at a breakpoint.
[2015.01.27-23.58.40:884][895]LogScriptCore:Warning: Cannot call UnrealScript (BattleHUD_C /Engine/Transient.UnrealEdEngine_0:GameInstance_3.BattleHUD_C_0 - Function /Script/UMG.UserWidget:Tick) while stopped at a breakpoint.
[2015.01.27-23.58.40:920][895]LogScriptCore:Warning: Cannot call UnrealScript (BattleHUD_C /Engine/Transient.UnrealEdEngine_0:GameInstance_3.BattleHUD_C_0 - Function /Game/Blueprints/BattleHUD.BattleHUD_C:Get_txtEnemyAction_Text_0) while stopped at a breakpoint.
[2015.01.27-23.58.40:920][895]LogScriptCore:Warning: Cannot call UnrealScript (BattleHUD_C /Engine/Transient.UnrealEdEngine_0:GameInstance_3.BattleHUD_C_0 - Function /Game/Blueprints/BattleHUD.BattleHUD_C:GetText_0) while stopped at a breakpoint.
[2015.01.27-23.58.40:920][895]LogScriptCore:Warning: Cannot call UnrealScript (BattleHUD_C /Engine/Transient.UnrealEdEngine_0:GameInstance_3.BattleHUD_C_0 - Function /Game/Blueprints/BattleHUD.BattleHUD_C:Get_txtCharacterAction_Text_0) while stopped at a breakpoint.
[2015.01.27-23.58.40:920][895]LogScriptCore:Warning: Cannot call UnrealScript (BattleHUD_C /Engine/Transient.UnrealEdEngine_0:GameInstance_3.BattleHUD_C_0 - Function /Game/Blueprints/BattleHUD.BattleHUD_C:GetText_1) while stopped at a breakpoint.
[2015.01.27-23.58.40:920][895]LogScriptCore:Warning: Cannot call UnrealScript (BattleHUD_C /Engine/Transient.UnrealEdEngine_0:GameInstance_3.BattleHUD_C_0 - Function /Game/Blueprints/BattleHUD.BattleHUD_C:Get_txtDisplay_Text_0) while stopped at a breakpoint.
[2015.01.27-23.58.40:922][895]LogScriptCore:Warning: Cannot call UnrealScript (BattleHUD_C /Engine/Transient.UnrealEdEngine_0:GameInstance_3.BattleHUD_C_0 - Function /Game/Blueprints/BattleHUD.BattleHUD_C:Get_EnemyHPBar_Percent_0) while stopped at a breakpoint.
[2015.01.27-23.58.40:922][895]LogScriptCore:Warning: Cannot call UnrealScript (BattleHUD_C /Engine/Transient.UnrealEdEngine_0:GameInstance_3.BattleHUD_C_0 - Function /Game/Blueprints/BattleHUD.BattleHUD_C:GetPercent_1) while stopped at a breakpoint.
[2015.01.27-23.58.40:922][895]LogScriptCore:Warning: Cannot call UnrealScript (BattleHUD_C /Engine/Transient.UnrealEdEngine_0:GameInstance_3.BattleHUD_C_0 - Function /Game/Blueprints/BattleHUD.BattleHUD_C:GetPercent_0) while stopped at a breakpoint.
[2015.01.27-23.58.40:922][895]LogScriptCore:Warning: Cannot call UnrealScript (BattleHUD_C /Engine/Transient.UnrealEdEngine_0:GameInstance_3.BattleHUD_C_0 - Function /Script/UMG.UserWidget:OnPaint) while stopped at a breakpoint.
[2015.01.27-23.58.46:679][974]LogActorComponent: UnregisterComponent: (/Engine/Transient.CharacterMovementComponent_11) Not registered. Aborting.
[2015.01.27-23.58.46:715][974]LogParticles: Destroying 0 GPU particle simulations for FXSystem 0x0000009A6DF836A0
[2015.01.27-23.58.50:208][162]Cmd: OBJ SAVEPACKAGE PACKAGE="/Game/Blueprints/MyCharacter" FILE="../../../../../../../Users/Owner/Documents/Unreal Projects/Kodaina/Content/Blueprints/MyCharacter.uasset" SILENT=true
[2015.01.27-23.58.50:884][162]LogSavePackage: Save=401.887146ms
[2015.01.27-23.58.50:884][162]LogSavePackage: Moving '../../../../../../../Users/Owner/Documents/Unreal Projects/Kodaina/Saved/MyCharacterD92B392C4B3D3624640133AE86B6692B.tmp' to '../../../../../../../Users/Owner/Documents/Unreal Projects/Kodaina/Content/Blueprints/MyCharacter.uasset'
[2015.01.27-23.59.39:294][280]BlueprintLog: New page: Compile Enemy
[2015.01.27-23.59.39:411][280]LogActorComponent: UnregisterComponent: (/Engine/Transient.CharacterMovementComponent_12) Not registered. Aborting.
[2015.01.27-23.59.39:475][280]LogPropertyNode:Warning: UI Min (0.001) >= UI Max () for Ranged Numeric
[2015.01.27-23.59.39:476][280]LogPropertyNode:Warning: UI Min (0.001) >= UI Max () for Ranged Numeric
[2015.01.27-23.59.39:508][280]BlueprintEditorCompileResults: Info [1864.05] Compile of Enemy successful! [in 170 ms]
[2015.01.27-23.59.40:090][305]LogActorComponent: UnregisterComponent: (/Engine/Transient.CharacterMovementComponent_13) Not registered. Aborting.
[2015.01.27-23.59.40:197][305]Cmd: OBJ SAVEPACKAGE PACKAGE="/Game/Blueprints/Enemy" FILE="../../../../../../../Users/Owner/Documents/Unreal Projects/Kodaina/Content/Blueprints/Enemy.uasset" SILENT=true
[2015.01.27-23.59.40:675][305]LogSavePackage: Save=202.193604ms
[2015.01.27-23.59.40:675][305]LogSavePackage: Moving '../../../../../../../Users/Owner/Documents/Unreal Projects/Kodaina/Saved/Enemy05A33E21451CD8F6BB8A4C8C2703E627.tmp' to '../../../../../../../Users/Owner/Documents/Unreal Projects/Kodaina/Content/Blueprints/Enemy.uasset'
[2015.01.27-23.59.49:936][786]BlueprintLog: New page: Pre-PIE auto-recompile
[2015.01.27-23.59.49:954][786]LogPropertyNode:Warning: UI Min (0.001) >= UI Max () for Ranged Numeric
[2015.01.27-23.59.49:955][786]LogPropertyNode:Warning: UI Min (0.001) >= UI Max () for Ranged Numeric
[2015.01.27-23.59.49:981][786]LogPlayLevel: [PIE] Compiling MyCharacter before PIE...
[2015.01.27-23.59.50:240][786]LogPropertyNode:Warning: UI Min (0.001) >= UI Max () for Ranged Numeric
[2015.01.27-23.59.50:241][786]LogPropertyNode:Warning: UI Min (0.001) >= UI Max () for Ranged Numeric
[2015.01.27-23.59.50:340][786]LogPropertyNode:Warning: UI Min (0.001) >= UI Max () for Ranged Numeric
[2015.01.27-23.59.50:341][786]LogPropertyNode:Warning: UI Min (0.001) >= UI Max () for Ranged Numeric
[2015.01.27-23.59.50:393][786]LogPlayLevel: [PIE] Compiling TestLevel before PIE...
[2015.01.27-23.59.50:442][786]LogPlayLevel: [PIE] Compiling RollingMovingHUD before PIE...
[2015.01.27-23.59.50:539][786]LogPropertyNode:Warning: UI Min (0.001) >= UI Max () for Ranged Numeric
[2015.01.27-23.59.50:540][786]LogPropertyNode:Warning: UI Min (0.001) >= UI Max () for Ranged Numeric
[2015.01.27-23.59.50:581][786]LogPlayLevel: [PIE] Compiling BattleHUD before PIE...
[2015.01.27-23.59.50:788][786]LogPropertyNode:Warning: UI Min (0.001) >= UI Max () for Ranged Numeric
[2015.01.27-23.59.50:789][786]LogPropertyNode:Warning: UI Min (0.001) >= UI Max () for Ranged Numeric
[2015.01.27-23.59.50:826][786]LogPlayLevel: [PIE] Compiling ShoppingHUD before PIE...
[2015.01.27-23.59.50:914][786]LogPropertyNode:Warning: UI Min (0.001) >= UI Max () for Ranged Numeric
[2015.01.27-23.59.50:914][786]LogPropertyNode:Warning: UI Min (0.001) >= UI Max () for Ranged Numeric
[2015.01.27-23.59.50:959][786]LogPlayLevel: [PIE] Compiling Enemy before PIE...
[2015.01.27-23.59.51:111][786]LogPropertyNode:Warning: UI Min (0.001) >= UI Max () for Ranged Numeric
[2015.01.27-23.59.51:111][786]LogPropertyNode:Warning: UI Min (0.001) >= UI Max () for Ranged Numeric
[2015.01.27-23.59.51:193][786]LogPlayLevel: PIE:  Blueprint regeneration took 1256 ms (6 blueprints)
[2015.01.27-23.59.51:193][786]PIE: New page: PIE session: TestLevel (Jan 27, 2015, 1:59:51 PM)
[2015.01.27-23.59.51:196][786]LogPlayLevel: PIE: StaticDuplicateObject took: (0.002934s)
[2015.01.27-23.59.51:197][786]LogPlayLevel: PIE: World Init took: (0.000439s)
[2015.01.27-23.59.51:197][786]LogPlayLevel: PIE: Created PIE world by copying editor world from /Game/Maps/TestLevel.TestLevel to /Game/Maps/UEDPIE_0_TestLevel.TestLevel (0.003505s)
[2015.01.27-23.59.51:235][786]LogWorld: Game class is 'Kodaina_C'
[2015.01.27-23.59.51:237][786]LogAIModule: Creating AISystem for world TestLevel
[2015.01.27-23.59.51:239][786]LogWorld: Bringing World /Game/Maps/UEDPIE_0_TestLevel.TestLevel up for play (max tick rate 3) at 2015.01.27-18.59.51
[2015.01.27-23.59.51:239][786]LogWorld: Bringing up level for play took: 0.001791
[2015.01.27-23.59.51:245][786]PIE: Info Play in editor start time for /Game/Maps/UEDPIE_0_TestLevel 1.516
[2015.01.28-00.00.50:904][585]LogActorComponent: UnregisterComponent: (/Engine/Transient.CharacterMovementComponent_14) Not registered. Aborting.
[2015.01.28-00.02.13:330][541]LogParticles: Destroying 0 GPU particle simulations for FXSystem 0x0000009A7452FA60
[2015.01.28-00.02.16:099][618]BlueprintLog: New page: Pre-PIE auto-recompile
[2015.01.28-00.02.16:118][618]LogPropertyNode:Warning: UI Min (0.001) >= UI Max () for Ranged Numeric
[2015.01.28-00.02.16:120][618]LogPropertyNode:Warning: UI Min (0.001) >= UI Max () for Ranged Numeric
[2015.01.28-00.02.16:157][618]LogPlayLevel: [PIE] Compiling MyCharacter before PIE...
[2015.01.28-00.02.16:446][618]LogPropertyNode:Warning: UI Min (0.001) >= UI Max () for Ranged Numeric
[2015.01.28-00.02.16:447][618]LogPropertyNode:Warning: UI Min (0.001) >= UI Max () for Ranged Numeric
[2015.01.28-00.02.16:546][618]LogPropertyNode:Warning: UI Min (0.001) >= UI Max () for Ranged Numeric
[2015.01.28-00.02.16:547][618]LogPropertyNode:Warning: UI Min (0.001) >= UI Max () for Ranged Numeric
[2015.01.28-00.02.16:605][618]LogPlayLevel: [PIE] Compiling TestLevel before PIE...
[2015.01.28-00.02.16:663][618]LogPlayLevel: [PIE] Compiling RollingMovingHUD before PIE...
[2015.01.28-00.02.16:769][618]LogPropertyNode:Warning: UI Min (0.001) >= UI Max () for Ranged Numeric
[2015.01.28-00.02.16:769][618]LogPropertyNode:Warning: UI Min (0.001) >= UI Max () for Ranged Numeric
[2015.01.28-00.02.16:817][618]LogPlayLevel: [PIE] Compiling BattleHUD before PIE...
[2015.01.28-00.02.17:042][618]LogPropertyNode:Warning: UI Min (0.001) >= UI Max () for Ranged Numeric
[2015.01.28-00.02.17:043][618]LogPropertyNode:Warning: UI Min (0.001) >= UI Max () for Ranged Numeric
[2015.01.28-00.02.17:088][618]LogPlayLevel: [PIE] Compiling Enemy before PIE...
[2015.01.28-00.02.17:248][618]LogPropertyNode:Warning: UI Min (0.001) >= UI Max () for Ranged Numeric
[2015.01.28-00.02.17:249][618]LogPropertyNode:Warning: UI Min (0.001) >= UI Max () for Ranged Numeric
[2015.01.28-00.02.17:292][618]LogPlayLevel: [PIE] Compiling ShoppingHUD before PIE...
[2015.01.28-00.02.17:389][618]LogPropertyNode:Warning: UI Min (0.001) >= UI Max () for Ranged Numeric
[2015.01.28-00.02.17:390][618]LogPropertyNode:Warning: UI Min (0.001) >= UI Max () for Ranged Numeric
[2015.01.28-00.02.17:484][618]LogPlayLevel: PIE:  Blueprint regeneration took 1385 ms (6 blueprints)
[2015.01.28-00.02.17:484][618]PIE: New page: PIE session: TestLevel (Jan 27, 2015, 2:02:17 PM)
[2015.01.28-00.02.17:488][618]LogPlayLevel: PIE: StaticDuplicateObject took: (0.003052s)
[2015.01.28-00.02.17:488][618]LogPlayLevel: PIE: World Init took: (0.000486s)
[2015.01.28-00.02.17:488][618]LogPlayLevel: PIE: Created PIE world by copying editor world from /Game/Maps/TestLevel.TestLevel to /Game/Maps/UEDPIE_0_TestLevel.TestLevel (0.003688s)
[2015.01.28-00.02.17:530][618]LogWorld: Game class is 'Kodaina_C'
[2015.01.28-00.02.17:531][618]LogAIModule: Creating AISystem for world TestLevel
[2015.01.28-00.02.17:532][618]LogWorld: Bringing World /Game/Maps/UEDPIE_0_TestLevel.TestLevel up for play (max tick rate 60) at 2015.01.27-19.02.17
[2015.01.28-00.02.17:533][618]LogWorld: Bringing up level for play took: 0.001738
[2015.01.28-00.02.17:542][618]PIE: Info Play in editor start time for /Game/Maps/UEDPIE_0_TestLevel 1.813
[2015.01.28-00.02.26:835][ 21]LogActorComponent: UnregisterComponent: (/Engine/Transient.CharacterMovementComponent_15) Not registered. Aborting.
[2015.01.28-00.02.26:880][ 21]LogParticles: Destroying 0 GPU particle simulations for FXSystem 0x0000009A71E07C40
[2015.01.28-00.03.11:798][472]LogWindows:Error: Windows GetLastError: The operation completed successfully. (0)
[2015.01.28-00.03.11:798][472]LogCrashTracker: 


[2015.01.28-00.03.16:061][472]LogCrashTracker: 


[2015.01.28-00.03.16:061][472]LogWindows: === Critical error: ===
Fatal error: [File:D:\BuildFarm\buildmachine_++depot+UE4-Releases+4.6\Engine\Source\Runtime\CoreUObject\Private\Templates\Casts.cpp] [Line: 11] 
Cast of Package /Engine/Transient to EdGraphNode failed


KERNELBASE.dll!UnknownFunction (0x00007ffbc27d606c) + 0 bytes [UnknownFile:0]
UE4Editor-Core.dll!UnknownFunction (0x00007ffba4762f7d) + 0 bytes [UnknownFile:0]
UE4Editor-Core.dll!UnknownFunction (0x00007ffba45f5fcf) + 0 bytes [UnknownFile:0]
UE4Editor-CoreUObject.dll!UnknownFunction (0x00007ffba508a1f7) + 0 bytes [UnknownFile:0]
UE4Editor-GraphEditor.dll!UnknownFunction (0x00007ffb9db12896) + 0 bytes [UnknownFile:0]
UE4Editor-GraphEditor.dll!UnknownFunction (0x00007ffb9dc4fb52) + 0 bytes [UnknownFile:0]
UE4Editor-GraphEditor.dll!UnknownFunction (0x00007ffb9db07f98) + 0 bytes [UnknownFile:0]
UE4Editor-GraphEditor.dll!UnknownFunction (0x00007ffb9db0d199) + 0 bytes [UnknownFile:0]
UE4Editor-GraphEditor.dll!UnknownFunction (0x00007ffb9dc1a0b9) + 0 bytes [UnknownFile:0]
UE4Editor-GraphEditor.dll!UnknownFunction (0x00007ffb9dc1716a) + 0 bytes [UnknownFile:0]
UE4Editor-GraphEditor.dll!UnknownFunction (0x00007ffb9dc2ddf8) + 0 bytes [UnknownFile:0]
UE4Editor-GraphEditor.dll!UnknownFunction (0x00007ffb9dc96cce) + 0 bytes [UnknownFile:0]
UE4Editor-GraphEditor.dll!UnknownFunction (0x00007ffb9db0d3dd) + 0 bytes [UnknownFile:0]
UE4Editor-GraphEditor.dll!UnknownFunction (0x00007ffb9dc1e54e) + 0 bytes [UnknownFile:0]
UE4Editor-Slate.dll!UnknownFunction (0x00007ffba190eb5a) + 0 bytes [UnknownFile:0]
UE4Editor-Slate.dll!UnknownFunction (0x00007ffba1916928) + 0 bytes [UnknownFile:0]
UE4Editor-Slate.dll!UnknownFunction (0x00007ffba19eed62) + 0 bytes [UnknownFile:0]
UE4Editor-Slate.dll!UnknownFunction (0x00007ffba196a7f4) + 0 bytes [UnknownFile:0]
UE4Editor-Slate.dll!UnknownFunction (0x00007ffba1964e65) + 0 bytes [UnknownFile:0]
UE4Editor.exe!FEngineLoop::Tick() (0x00007ff6fef5ce1a) + 0 bytes [d:\buildfarm\buildmachine_++depot+ue4-releases+4.6\engine\source\runtime\launch\private\launchengineloop.cpp:2239]
UE4Editor.exe!GuardedMain() (0x00007ff6fef5089f) + 0 bytes [d:\buildfarm\buildmachine_++depot+ue4-releases+4.6\engine\source\runtime\launch\private\launch.cpp:131]
UE4Editor.exe!GuardedMainWrapper() (0x00007ff6fef5090a) + 5 bytes [d:\buildfarm\buildmachine_++depot+ue4-releases+4.6\engine\source\runtime\launch\private\windows\launchwindows.cpp:126]
UE4Editor.exe!WinMain() (0x00007ff6fef5e3d9) + 17 bytes [d:\buildfarm\buildmachine_++depot+ue4-releases+4.6\engine\source\runtime\launch\private\windows\launchwindows.cpp:202]
UE4Editor.exe!__tmainCRTStartup() (0x00007ff6fef5f319) + 21 bytes [f:\dd\vctools\crt\crtw32\dllstuff\crtexe.c:618]
KERNEL32.DLL!UnknownFunction (0x00007ffbc45516ad) + 0 bytes [UnknownFile:0]
ntdll.dll!UnknownFunction (0x00007ffbc52e4409) + 0 bytes [UnknownFile:0]
ntdll.dll!UnknownFunction (0x00007ffbc52e4409) + 0 bytes [UnknownFile:0]


[2015.01.28-00.03.16:215][472]LogExit: Executing StaticShutdownAfterError
[2015.01.28-00.03.16:222][472]LogWindows: FPlatformMisc::RequestExit(1)
[2015.01.28-00.03.16:223][472]Log file closed, 01/27/15 19:03:16
