Log file open, 01/22/15 15:55:01
LogInit:Display: Running engine for game: KodainaKingdom
LogInit: Version: 4.6.1-2386410+++depot+UE4-Releases+4.6
LogInit: API Version: 2369412
LogInit: Compiled (64-bit): Dec 11 2014 21:31:39
LogInit: Compiled with Visual C++: 18.00.21005.01
LogInit: Build Configuration: Development
LogInit: Branch Name: ++depot+UE4-Releases+4.6
LogInit: Command line:  
LogInit: Base directory: C:/Program Files/Epic Games/4.6/Engine/Binaries/Win64/
LogInit: Rocket: 1
[2015.01.22-20.55.01:556][  0]LogTaskGraph: Started task graph with 3 named threads and 6 total threads.
[2015.01.22-20.55.01:611][  0]LogOnline:Warning: No default platform service specified for OnlineSubsystem
[2015.01.22-20.55.01:634][  0]LogInit: Presizing for 0 objects not considered by GC, pre-allocating 0 bytes.
[2015.01.22-20.55.01:647][  0]LogInit: Object subsystem initialized
[2015.01.22-20.55.01:649][  0]LogConsoleResponse:Warning: Skipping Unknown console variable: 'UIScaleRule = ShortestSide'
[2015.01.22-20.55.01:649][  0]LogConsoleResponse:Warning:   Found in ini file 'C:/Users/Zim/Documents/Unreal Projects/KodainaKingdom/Saved/Config/Windows/Engine.ini', in section '[/Script/Engine.RendererSettings]'
[2015.01.22-20.55.01:649][  0]LogConsoleResponse:Warning: Skipping Unknown console variable: 'UIScaleCurve = (EditorCurveData=(Keys=),ExternalCurve=None)'
[2015.01.22-20.55.01:649][  0]LogConsoleResponse:Warning:   Found in ini file 'C:/Users/Zim/Documents/Unreal Projects/KodainaKingdom/Saved/Config/Windows/Engine.ini', in section '[/Script/Engine.RendererSettings]'
[2015.01.22-20.55.01:650][  0]LogConsoleManager:Warning: Console variable 'r.MSAA.CompositingSampleCount' wasn't set (Priority ProjectSetting < Scalability)
[2015.01.22-20.55.01:650][  0]LogInit: Selected Device Profile: [Windows]
[2015.01.22-20.55.01:650][  0]LogInit: Applying CVar settings loaded from the selected device profile: [Windows]
[2015.01.22-20.55.01:658][  0]LogInit: Computer: SEAN
[2015.01.22-20.55.01:658][  0]LogInit: User: Zim
[2015.01.22-20.55.01:658][  0]LogInit: CPU Page size=4096, Cores=4
[2015.01.22-20.55.01:658][  0]LogInit: High frequency timer resolution =2.338451 MHz
[2015.01.22-20.55.01:658][  0]LogMemory: Memory total: Physical=15.9GB (16GB approx) Virtual=131072.0GB
[2015.01.22-20.55.01:659][  0]LogMemory: Platform Memory Stats for Windows
[2015.01.22-20.55.01:659][  0]LogMemory: Process Physical Memory: 49.20 MB used, 49.20 MB peak
[2015.01.22-20.55.01:659][  0]LogMemory: Process Virtual Memory: 25.12 MB used, 25.13 MB peak
[2015.01.22-20.55.01:659][  0]LogMemory: Physical Memory: 5651.88 MB used, 16331.28 MB total
[2015.01.22-20.55.01:659][  0]LogMemory: Virtual Memory: 275.69 MB used, 134217728.00 MB total
[2015.01.22-20.55.01:701][  0]LogD3D11RHI: Found D3D11 adapter 0: NVIDIA GeForce GT 750M   (Feature Level 11_0)
[2015.01.22-20.55.01:701][  0]LogD3D11RHI: Adapter has 1985MB of dedicated video memory, 0MB of dedicated system memory, and 2048MB of shared system memory, 1 output[s]
[2015.01.22-20.55.01:732][  0]LogD3D11RHI: Found D3D11 adapter 1: NVIDIA GeForce GT 750M   (Feature Level 11_0)
[2015.01.22-20.55.01:733][  0]LogD3D11RHI: Adapter has 1985MB of dedicated video memory, 0MB of dedicated system memory, and 2048MB of shared system memory, 0 output[s]
[2015.01.22-20.55.01:734][  0]LogD3D11RHI: Found D3D11 adapter 2: Microsoft Basic Render Driver (Feature Level 11_0)
[2015.01.22-20.55.01:734][  0]LogD3D11RHI: Adapter has 0MB of dedicated video memory, 0MB of dedicated system memory, and 256MB of shared system memory, 0 output[s]
[2015.01.22-20.55.01:734][  0]LogD3D11RHI: Chosen D3D11 Adapter Id = 0
[2015.01.22-20.55.01:739][  0]LogRHI: Texture pool is 1361 MB (70% of 1945 MB)
[2015.01.22-20.55.01:754][  0]LogD3D11RHI: Async texture creation enabled
[2015.01.22-20.55.01:825][  0]LogTextLocalizationManager: The requested culture ('en_US') has no localization data; parent culture's ('en') localization data will be used.
[2015.01.22-20.55.02:020][  0]LogContentStreaming: Texture pool size is 0.000000MB
[2015.01.22-20.55.10:093][  0]LogTargetPlatformManager:Display: Building Assets For Windows
[2015.01.22-20.55.10:747][  0]LogTargetPlatformManager:Display: Building Assets For Windows
[2015.01.22-20.55.10:827][  0]LogDerivedDataCache:Display: Max Cache Size: 512 MB
[2015.01.22-20.55.10:885][  0]LogDerivedDataCache: Loaded boot cache 0.06s 39MB C:/Users/Zim/AppData/Local/UnrealEngine/4.6/DerivedDataCache/Boot.ddc.
[2015.01.22-20.55.10:885][  0]LogDerivedDataCache:Display: Loaded Boot cache: C:/Users/Zim/AppData/Local/UnrealEngine/4.6/DerivedDataCache/Boot.ddc
[2015.01.22-20.55.10:885][  0]LogDerivedDataCache: FDerivedDataBackendGraph:  Pak pak cache file ../../../../../../Users/Zim/Documents/Unreal Projects/KodainaKingdom/DerivedDataCache/DDC.ddp not found, will not use a pak cache.
[2015.01.22-20.55.10:885][  0]LogDerivedDataCache: Unable to find inner node Pak for hierarchical cache Hierarchy.
[2015.01.22-20.55.10:984][  0]LogDerivedDataCache:Display: Pak cache opened for reading ../../../Engine/DerivedDataCache/DDC.ddp.
[2015.01.22-20.55.10:997][  0]LogDerivedDataCache: Using Local data cache path C:/Users/Zim/AppData/Local/UnrealEngine/Common/DerivedDataCache: Writable
[2015.01.22-20.55.11:179][  0]LogCollisionProfile:Warning: Profile (UI) - Custom Channel Name = 'Weapon' hasn't been found
[2015.01.22-20.55.11:390][  0]LogMeshUtilities: No automatic mesh reduction module available
[2015.01.22-20.55.11:390][  0]LogMeshUtilities: No automatic mesh merging module available
[2015.01.22-20.55.11:904][  0]LogInit: WinSock: version 1.1 (2.2), MaxSocks=32767, MaxUdp=65467
[2015.01.22-20.55.11:971][  0]LogSlate:Warning: Failed to load font data from '../../../Engine/Content/Slate/Fonts/Roboto-Italic.ttf'
[2015.01.22-20.55.13:037][  0]UdpMessaging: Initializing bridge on interface 0.0.0.0:0 to multicast group 230.0.0.1:6666.
[2015.01.22-20.55.13:232][  0]LogDirectoryWatcher:Warning: Failed to begin reading directory changes for C:/Users/Zim/Documents/Unreal Projects/KodainaKingdom/Binaries/Win64. Error: 0
[2015.01.22-20.55.13:427][  0]SourceControl: Info Source control is disabled
[2015.01.22-20.55.13:427][  0]SourceControl: Info Source control is disabled
[2015.01.22-20.55.13:438][  0]SourceControl: Info Source control is disabled
[2015.01.22-20.55.13:588][  0]LogObj: 23754 objects as part of root set at end of initial load.
[2015.01.22-20.55.13:588][  0]LogUObjectAllocator: 5168136 out of 0 bytes used by permanent object pool.
[2015.01.22-20.55.13:662][  0]LogEngine: Initializing Engine...
[2015.01.22-20.55.13:874][  0]LogInit: XAudio2 using 'Speakers (Realtek High Definition Audio)' : 2 channels at 48 kHz using 32 bits per sample (channel mask 0x3)
[2015.01.22-20.55.13:884][  0]LogInit: FAudioDevice initialized.
[2015.01.22-20.55.13:908][  0]LogAIModule: Creating AISystem for world NewWorld
[2015.01.22-20.55.13:931][  0]LogDerivedDataCache: Saved boot cache 0.02s 39MB C:/Users/Zim/AppData/Local/UnrealEngine/4.6/DerivedDataCache/Boot.ddc.
[2015.01.22-20.55.13:938][  0]LogInit: Texture streaming: Enabled
[2015.01.22-20.55.13:973][  0]LogAnalytics: Creating configured Analytics provider AnalyticsET
[2015.01.22-20.55.13:973][  0]LogAnalytics: ET APIKey = Rocket.Release. APIServer = http://et2.epicgames.com/ET2/. AppVersion = 4.6.1-2386410+++depot+UE4-Releases+4.6
[2015.01.22-20.55.13:974][  0]LogAnalytics: SetUserId e818845727fd16b7b8e647cd16e3db7c
[2015.01.22-20.55.13:974][  0]LogAnalytics: AnalyticsET::StartSession [Rocket.Release]
[2015.01.22-20.55.13:992][  0]LogInit: Transaction tracking system initialized
[2015.01.22-20.55.14:116][  0]BlueprintLog: New page: Editor Load
[2015.01.22-20.55.14:151][  0]LogAssetRegistry: FAssetRegistry took 0.0110 seconds to start up
[2015.01.22-20.55.14:151][  0]LogDirectoryWatcher:Warning: Failed to begin reading directory changes for ../../../Engine/Plugins/Experimental/CharacterAI/Content/. Error: 0
[2015.01.22-20.55.14:853][  0]LogTargetPlatformManager:Display: Building Assets For Windows
[2015.01.22-20.55.15:400][  0]LogTargetPlatformManager:Display: Building Assets For Windows
[2015.01.22-20.55.15:648][  0]LogConsoleResponse:Display: 
[2015.01.22-20.55.15:720][  0]LogLinker:Warning: Asset '../../../Engine/Content/Functions/Engine_MaterialFunctions03/Procedurals/ComputeFilterWidth.uasset' has been saved with empty engine version. The asset will be loaded but may be incompatible.
[2015.01.22-20.55.15:976][  0]SourceControl: Info Source control is disabled
[2015.01.22-20.55.15:976][  0]Cmd: MAP LOAD FILE="../../../../../../Users/Zim/Documents/Unreal Projects/KodainaKingdom/Content/Maps/TestLevel.umap" TEMPLATE=0 SHOWPROGRESS=1
[2015.01.22-20.55.15:977][  0]LightingResults: New page: Lighting Build
[2015.01.22-20.55.15:999][  0]MapCheck: New page: Map Check
[2015.01.22-20.55.15:999][  0]LightingResults: New page: Lighting Build
[2015.01.22-20.55.16:009][  0]LogParticles: Destroying 0 GPU particle simulations for FXSystem 0x000000CBE82A5580
[2015.01.22-20.55.16:121][  0]LogEditorServer: Finished looking for orphan Actors (0.000 secs)
[2015.01.22-20.55.16:121][  0]LogAIModule: Creating AISystem for world TestLevel
[2015.01.22-20.55.16:122][  0]Cmd: MAP CHECKDEP
[2015.01.22-20.55.16:122][  0]MapCheck: New page: TestLevel - Jan 22, 2015, 10:55:16 AM
[2015.01.22-20.55.16:228][  0]MapCheck: Info Map check complete: 0 Error(s), 0 Warning(s), took 106.086ms to complete.
[2015.01.22-20.55.16:228][  0]LogFileHelpers: Loading map 'TestLevel' took 0.252
[2015.01.22-20.55.16:318][  0]LogCollectionManager: Loaded 0 collections in 0.001273 seconds
[2015.01.22-20.55.16:520][  0]LogCrashTracker: Crashtracker disabled due to settings.
[2015.01.22-20.55.16:527][  0]LogUObjectGlobals:Warning: Failed to find object 'Class None.'
[2015.01.22-20.55.16:555][  0]LogLoad: Full Startup: 17.34 seconds (BP compile: 0.01 seconds)
[2015.01.22-20.55.16:898][  0]LogContentBrowser:Verbose: The content browser source was changed by the sources view to '/Game/Blueprints'
[2015.01.22-20.55.17:082][  0]LogRenderer:Warning: Reallocating scene render targets to support 1200x896.
[2015.01.22-20.55.18:897][  6]LogAssetRegistry: Asset discovery search completed in 4.7577 seconds
[2015.01.22-20.55.55:132][490]LogPropertyNode:Warning: UI Min (0.001) >= UI Max () for Ranged Numeric
[2015.01.22-20.55.55:136][490]LogPropertyNode:Warning: UI Min (0.001) >= UI Max () for Ranged Numeric
[2015.01.22-20.55.55:205][490]LogPropertyNode:Warning: UI Min (0.001) >= UI Max () for Ranged Numeric
[2015.01.22-20.55.55:207][490]LogPropertyNode:Warning: UI Min (0.001) >= UI Max () for Ranged Numeric
[2015.01.22-20.56.02:439][668]LogPropertyNode:Warning: UI Min (0.001) >= UI Max () for Ranged Numeric
[2015.01.22-20.56.02:440][668]LogPropertyNode:Warning: UI Min (0.001) >= UI Max () for Ranged Numeric
[2015.01.22-20.56.02:469][668]LogActorComponent: UnregisterComponent: (/Engine/Transient.CharacterMovementComponent_0) Not registered. Aborting.
[2015.01.22-20.56.07:215][789]BlueprintLog: New page: Compile MyCharacter
[2015.01.22-20.56.07:431][789]LogPropertyNode:Warning: UI Min (0.001) >= UI Max () for Ranged Numeric
[2015.01.22-20.56.07:432][789]LogPropertyNode:Warning: UI Min (0.001) >= UI Max () for Ranged Numeric
[2015.01.22-20.56.07:517][789]LogActorComponent: UnregisterComponent: (/Engine/Transient.CharacterMovementComponent_1) Not registered. Aborting.
[2015.01.22-20.56.07:553][789]LogParticles: Destroying 0 GPU particle simulations for FXSystem 0x000000CBEF6EB2E0
[2015.01.22-20.56.07:619][789]LogPropertyNode:Warning: UI Min (0.001) >= UI Max () for Ranged Numeric
[2015.01.22-20.56.07:620][789]LogPropertyNode:Warning: UI Min (0.001) >= UI Max () for Ranged Numeric
[2015.01.22-20.56.07:668][789]BlueprintEditorCompileResults: Info [0068.45] Compile of MyCharacter successful! [in 336 ms]
[2015.01.22-20.56.08:883][814]LogActorComponent: UnregisterComponent: (/Engine/Transient.CharacterMovementComponent_2) Not registered. Aborting.
[2015.01.22-20.56.08:991][814]Cmd: OBJ SAVEPACKAGE PACKAGE="/Game/Blueprints/MyCharacter" FILE="../../../../../../Users/Zim/Documents/Unreal Projects/KodainaKingdom/Content/Blueprints/MyCharacter.uasset" SILENT=true
[2015.01.22-20.56.09:817][814]LogSavePackage: Save=725.043640ms
[2015.01.22-20.56.09:817][814]LogSavePackage: Moving '../../../../../../Users/Zim/Documents/Unreal Projects/KodainaKingdom/Saved/MyCharacter739BDF804128B5C543DD02981683FEBC.tmp' to '../../../../../../Users/Zim/Documents/Unreal Projects/KodainaKingdom/Content/Blueprints/MyCharacter.uasset'
[2015.01.22-20.56.12:258][938]LogActorComponent: UnregisterComponent: (/Engine/Transient.CharacterMovementComponent_3) Not registered. Aborting.
[2015.01.22-20.56.12:283][938]LogParticles: Destroying 0 GPU particle simulations for FXSystem 0x000000CBF48FDB20
[2015.01.22-20.56.13:086][939]Cmd: QUIT_EDITOR
[2015.01.22-20.56.13:635][939]LogExit: Preparing to exit.
[2015.01.22-20.56.14:170][939]LogExit: Editor shut down
[2015.01.22-20.56.14:171][939]LogExit: Transaction tracking system shut down
[2015.01.22-20.56.14:171][939]LogParticles: Destroying 0 GPU particle simulations for FXSystem 0x000000CBE18DE200
[2015.01.22-20.56.14:171][939]LogParticles: Destroying 0 GPU particle simulations for FXSystem 0x000000CBE12E91C0
[2015.01.22-20.56.14:234][939]LogExit: Object subsystem successfully closed.
[2015.01.22-20.56.14:290][939]LogModuleManager: Shutting down and abandoning module Merge (173)
[2015.01.22-20.56.14:290][939]LogModuleManager: Shutting down and abandoning module AndroidDeviceDetection (172)
[2015.01.22-20.56.14:290][939]LogModuleManager: Shutting down and abandoning module CrashTracker (171)
[2015.01.22-20.56.14:290][939]LogModuleManager: Shutting down and abandoning module SuperSearch (170)
[2015.01.22-20.56.14:290][939]LogModuleManager: Shutting down and abandoning module SceneOutliner (169)
[2015.01.22-20.56.14:290][939]LogModuleManager: Shutting down and abandoning module EditorWidgets (168)
[2015.01.22-20.56.14:290][939]LogModuleManager: Shutting down and abandoning module CollectionManager (167)
[2015.01.22-20.56.14:290][939]LogModuleManager: Shutting down and abandoning module StatsViewer (166)
[2015.01.22-20.56.14:290][939]LogModuleManager: Shutting down and abandoning module FoliageEdit (165)
[2015.01.22-20.56.14:290][939]LogModuleManager: Shutting down and abandoning module LandscapeEditor (164)
[2015.01.22-20.56.14:291][939]LogModuleManager: Shutting down and abandoning module MeshPaint (163)
[2015.01.22-20.56.14:291][939]LogModuleManager: Shutting down and abandoning module ActorPickerMode (162)
[2015.01.22-20.56.14:291][939]LogModuleManager: Shutting down and abandoning module GeometryMode (161)
[2015.01.22-20.56.14:291][939]LogModuleManager: Shutting down and abandoning module TextureAlignMode (160)
[2015.01.22-20.56.14:291][939]LogModuleManager: Shutting down and abandoning module BspMode (159)
[2015.01.22-20.56.14:291][939]LogModuleManager: Shutting down and abandoning module PlacementMode (158)
[2015.01.22-20.56.14:291][939]LogModuleManager: Shutting down and abandoning module AutomationWorker (157)
[2015.01.22-20.56.14:291][939]LogModuleManager: Shutting down and abandoning module CharacterAI (156)
[2015.01.22-20.56.14:291][939]LogModuleManager: Shutting down and abandoning module GameProjectGeneration (155)
[2015.01.22-20.56.14:291][939]LogModuleManager: Shutting down and abandoning module IntroTutorials (154)
[2015.01.22-20.56.14:291][939]LogModuleManager: Shutting down and abandoning module EditorLiveStreaming (153)
[2015.01.22-20.56.14:291][939]LogModuleManager: Shutting down and abandoning module HardwareTargeting (152)
[2015.01.22-20.56.14:291][939]LogModuleManager: Shutting down and abandoning module DeviceProfileEditor (151)
[2015.01.22-20.56.14:291][939]LogModuleManager: Shutting down and abandoning module UndoHistory (150)
[2015.01.22-20.56.14:291][939]LogModuleManager: Shutting down and abandoning module GameplayTagsEditor (149)
[2015.01.22-20.56.14:291][939]LogModuleManager: Shutting down and abandoning module UserFeedback (148)
[2015.01.22-20.56.14:291][939]LogModuleManager: Shutting down and abandoning module XmlParser (147)
[2015.01.22-20.56.14:291][939]LogModuleManager: Shutting down and abandoning module Blutility (146)
[2015.01.22-20.56.14:291][939]LogModuleManager: Shutting down and abandoning module IOSPlatformEditor (145)
[2015.01.22-20.56.14:291][939]LogModuleManager: Shutting down and abandoning module IOSRuntimeSettings (144)
[2015.01.22-20.56.14:291][939]LogModuleManager: Shutting down and abandoning module AndroidPlatformEditor (143)
[2015.01.22-20.56.14:291][939]LogModuleManager: Shutting down and abandoning module AndroidRuntimeSettings (142)
[2015.01.22-20.56.14:291][939]LogModuleManager: Shutting down and abandoning module ProjectTargetPlatformEditor (141)
[2015.01.22-20.56.14:291][939]LogModuleManager: Shutting down and abandoning module ProjectSettingsViewer (140)
[2015.01.22-20.56.14:291][939]LogModuleManager: Shutting down and abandoning module InputBindingEditor (139)
[2015.01.22-20.56.14:291][939]LogModuleManager: Shutting down and abandoning module EditorSettingsViewer (138)
[2015.01.22-20.56.14:291][939]LogModuleManager: Shutting down and abandoning module SettingsEditor (137)
[2015.01.22-20.56.14:291][939]LogModuleManager: Shutting down and abandoning module ProjectLauncher (136)
[2015.01.22-20.56.14:292][939]LogModuleManager: Shutting down and abandoning module SessionFrontend (135)
[2015.01.22-20.56.14:292][939]LogModuleManager: Shutting down and abandoning module ProfilerClient (134)
[2015.01.22-20.56.14:292][939]LogModuleManager: Shutting down and abandoning module TargetDeviceServices (133)
[2015.01.22-20.56.14:292][939]LogModuleManager: Shutting down and abandoning module DeviceManager (132)
[2015.01.22-20.56.14:292][939]LogModuleManager: Shutting down and abandoning module AutomationController (131)
[2015.01.22-20.56.14:292][939]LogModuleManager: Shutting down and abandoning module AutomationWindow (130)
[2015.01.22-20.56.14:292][939]LogModuleManager: Shutting down and abandoning module Layers (129)
[2015.01.22-20.56.14:292][939]LogModuleManager: Shutting down and abandoning module ComponentVisualizers (128)
[2015.01.22-20.56.14:292][939]LogModuleManager: Shutting down and abandoning module DetailCustomizations (127)
[2015.01.22-20.56.14:292][939]LogModuleManager: Shutting down and abandoning module PackagesDialog (126)
[2015.01.22-20.56.14:292][939]LogModuleManager: Shutting down and abandoning module AssetRegistry (125)
[2015.01.22-20.56.14:362][939]LogModuleManager: Shutting down and abandoning module Persona (124)
[2015.01.22-20.56.14:362][939]LogModuleManager: Shutting down and abandoning module Kismet (123)
[2015.01.22-20.56.14:362][939]LogModuleManager: Shutting down and abandoning module GraphEditor (122)
[2015.01.22-20.56.14:362][939]LogModuleManager: Shutting down and abandoning module ClassViewer (121)
[2015.01.22-20.56.14:362][939]LogModuleManager: Shutting down and abandoning module Toolbox (120)
[2015.01.22-20.56.14:362][939]LogModuleManager: Shutting down and abandoning module ModuleUI (119)
[2015.01.22-20.56.14:362][939]LogModuleManager: Shutting down and abandoning module MovieSceneTools (118)
[2015.01.22-20.56.14:362][939]LogModuleManager: Shutting down and abandoning module OutputLog (117)
[2015.01.22-20.56.14:362][939]LogModuleManager: Shutting down and abandoning module GammaUI (116)
[2015.01.22-20.56.14:362][939]LogModuleManager: Shutting down and abandoning module Documentation (115)
[2015.01.22-20.56.14:362][939]LogModuleManager: Shutting down and abandoning module GameLiveStreaming (114)
[2015.01.22-20.56.14:362][939]LogModuleManager: Shutting down and abandoning module StreamingPauseRendering (113)
[2015.01.22-20.56.14:362][939]LogModuleManager: Shutting down and abandoning module HTTP (112)
[2015.01.22-20.56.14:362][939]LogModuleManager: Shutting down and abandoning module AnalyticsET (111)
[2015.01.22-20.56.14:362][939]LogModuleManager: Shutting down and abandoning module Analytics (110)
[2015.01.22-20.56.14:362][939]LogModuleManager: Shutting down and abandoning module AITestSuite (109)
[2015.01.22-20.56.14:362][939]LogModuleManager: Shutting down and abandoning module AIModule (108)
[2015.01.22-20.56.14:363][939]LogModuleManager: Shutting down and abandoning module ProfilerService (107)
[2015.01.22-20.56.14:442][939]LogModuleManager: Shutting down and abandoning module TaskGraph (106)
[2015.01.22-20.56.14:442][939]LogModuleManager: Shutting down and abandoning module GameplayDebugger (105)
[2015.01.22-20.56.14:442][939]LogModuleManager: Shutting down and abandoning module SlateRemote (104)
[2015.01.22-20.56.14:442][939]LogModuleManager: Shutting down and abandoning module ScriptEditorPlugin (103)
[2015.01.22-20.56.14:442][939]LogModuleManager: Shutting down and abandoning module CustomMeshComponent (102)
[2015.01.22-20.56.14:442][939]LogModuleManager: Shutting down and abandoning module CableComponent (101)
[2015.01.22-20.56.14:442][939]LogModuleManager: Shutting down and abandoning module MessagingDebugger (100)
[2015.01.22-20.56.14:442][939]LogModuleManager: Shutting down and abandoning module MediaPlayerEditor (99)
[2015.01.22-20.56.14:442][939]LogModuleManager: Shutting down and abandoning module SpeedTreeImporter (98)
[2015.01.22-20.56.14:442][939]LogModuleManager: Shutting down and abandoning module PluginsEditor (97)
[2015.01.22-20.56.14:442][939]LogModuleManager: Shutting down and abandoning module EpicSurvey (96)
[2015.01.22-20.56.14:442][939]LogModuleManager: Shutting down and abandoning module DesktopPlatform (95)
[2015.01.22-20.56.14:442][939]LogModuleManager: Shutting down and abandoning module VisualStudioSourceCodeAccess (94)
[2015.01.22-20.56.14:442][939]LogModuleManager: Shutting down and abandoning module UObjectPlugin (93)
[2015.01.22-20.56.14:442][939]LogModuleManager: Shutting down and abandoning module SubversionSourceControl (92)
[2015.01.22-20.56.14:442][939]LogModuleManager: Shutting down and abandoning module SourceControl (91)
[2015.01.22-20.56.14:442][939]LogModuleManager: Shutting down and abandoning module PerforceSourceControl (90)
[2015.01.22-20.56.14:442][939]LogModuleManager: Shutting down and abandoning module BlankPlugin (89)
[2015.01.22-20.56.14:442][939]LogModuleManager: Shutting down and abandoning module SlateReflector (88)
[2015.01.22-20.56.14:442][939]LogModuleManager: Shutting down and abandoning module DirectoryWatcher (87)
[2015.01.22-20.56.14:442][939]LogModuleManager: Shutting down and abandoning module HotReload (86)
[2015.01.22-20.56.14:442][939]LogModuleManager: Shutting down and abandoning module MainFrame (85)
[2015.01.22-20.56.14:443][939]LogModuleManager: Shutting down and abandoning module LevelEditor (84)
[2015.01.22-20.56.14:444][939]LogModuleManager: Shutting down and abandoning module ViewportSnapping (83)
[2015.01.22-20.56.14:444][939]LogModuleManager: Shutting down and abandoning module SmartSnapping (82)
[2015.01.22-20.56.14:444][939]LogModuleManager: Shutting down and abandoning module PaperTiledImporter (81)
[2015.01.22-20.56.14:444][939]LogModuleManager: Shutting down and abandoning module PaperJsonImporter (80)
[2015.01.22-20.56.14:444][939]LogModuleManager: Shutting down and abandoning module ContentBrowser (79)
[2015.01.22-20.56.14:444][939]LogModuleManager: Shutting down and abandoning module Paper2DEditor (78)
[2015.01.22-20.56.14:444][939]LogModuleManager: Shutting down and abandoning module ScriptPlugin (77)
[2015.01.22-20.56.14:444][939]LogModuleManager: Shutting down and abandoning module UdpMessaging (76)
[2015.01.22-20.56.14:545][939]LogModuleManager: Shutting down and abandoning module Paper2D (75)
[2015.01.22-20.56.14:545][939]LogModuleManager: Shutting down and abandoning module UE4Game (74)
[2015.01.22-20.56.14:545][939]LogModuleManager: Shutting down and abandoning module WindowsMoviePlayer (73)
[2015.01.22-20.56.14:547][939]LogModuleManager: Shutting down and abandoning module Media (72)
[2015.01.22-20.56.14:547][939]LogModuleManager: Shutting down and abandoning module WmfMedia (71)
[2015.01.22-20.56.14:548][939]LogModuleManager: Shutting down and abandoning module OnlineBlueprintSupport (70)
[2015.01.22-20.56.14:548][939]LogModuleManager: Shutting down and abandoning module PropertyEditor (69)
[2015.01.22-20.56.14:548][939]LogModuleManager: Shutting down and abandoning module BehaviorTreeEditor (68)
[2015.01.22-20.56.14:548][939]LogModuleManager: Shutting down and abandoning module FunctionalTesting (67)
[2015.01.22-20.56.14:548][939]LogModuleManager: Shutting down and abandoning module CollisionAnalyzer (66)
[2015.01.22-20.56.14:548][939]LogModuleManager: Shutting down and abandoning module WorkspaceMenuStructure (65)
[2015.01.22-20.56.14:548][939]LogModuleManager: Shutting down and abandoning module MessageLog (64)
[2015.01.22-20.56.14:548][939]LogModuleManager: Shutting down and abandoning module Sequencer (63)
[2015.01.22-20.56.14:548][939]LogModuleManager: Shutting down and abandoning module AssetTools (62)
[2015.01.22-20.56.14:548][939]LogModuleManager: Shutting down and abandoning module UMGEditor (61)
[2015.01.22-20.56.14:548][939]LogModuleManager: Shutting down and abandoning module UMG (60)
[2015.01.22-20.56.14:548][939]LogModuleManager: Shutting down and abandoning module Slate (59)
[2015.01.22-20.56.14:548][939]LogModuleManager: Shutting down and abandoning module EditorStyle (58)
[2015.01.22-20.56.14:553][939]LogModuleManager: Shutting down and abandoning module SessionServices (57)
[2015.01.22-20.56.14:553][939]LogModuleManager: Shutting down and abandoning module SourceCodeAccess (56)
[2015.01.22-20.56.14:553][939]LogModuleManager: Shutting down and abandoning module HeadMountedDisplay (55)
[2015.01.22-20.56.14:553][939]LogModuleManager: Shutting down and abandoning module XAudio2 (54)
[2015.01.22-20.56.14:553][939]LogModuleManager: Shutting down and abandoning module Networking (52)
[2015.01.22-20.56.14:553][939]LogModuleManager: Shutting down and abandoning module Core (51)
[2015.01.22-20.56.14:553][939]LogModuleManager: Shutting down and abandoning module KismetCompiler (50)
[2015.01.22-20.56.14:553][939]LogModuleManager: Shutting down and abandoning module PhysXFormats (49)
[2015.01.22-20.56.14:553][939]LogModuleManager: Shutting down and abandoning module MeshUtilities (48)
[2015.01.22-20.56.14:553][939]LogModuleManager: Shutting down and abandoning module DerivedDataCache (47)
[2015.01.22-20.56.15:047][939]LogDerivedDataCache: Shutdown
[2015.01.22-20.56.15:047][939]LogModuleManager: Shutting down and abandoning module ShaderFormatOpenGL (46)
[2015.01.22-20.56.15:047][939]LogModuleManager: Shutting down and abandoning module ShaderFormatD3D (45)
[2015.01.22-20.56.15:047][939]LogModuleManager: Shutting down and abandoning module MetalShaderFormat (44)
[2015.01.22-20.56.15:047][939]LogModuleManager: Shutting down and abandoning module TextureFormatUncompressed (43)
[2015.01.22-20.56.15:047][939]LogModuleManager: Shutting down and abandoning module TextureFormatPVR (42)
[2015.01.22-20.56.15:047][939]LogModuleManager: Shutting down and abandoning module TextureFormatDXT (41)
[2015.01.22-20.56.15:047][939]LogModuleManager: Shutting down and abandoning module TextureFormatAndroid (40)
[2015.01.22-20.56.15:047][939]LogModuleManager: Shutting down and abandoning module AudioFormatOpus (39)
[2015.01.22-20.56.15:047][939]LogModuleManager: Shutting down and abandoning module AudioFormatOgg (38)
[2015.01.22-20.56.15:047][939]LogModuleManager: Shutting down and abandoning module AudioFormatADPCM (37)
[2015.01.22-20.56.15:047][939]LogModuleManager: Shutting down and abandoning module LinuxTargetPlatform (36)
[2015.01.22-20.56.15:047][939]LogModuleManager: Shutting down and abandoning module LinuxServerTargetPlatform (35)
[2015.01.22-20.56.15:047][939]LogModuleManager: Shutting down and abandoning module LinuxNoEditorTargetPlatform (34)
[2015.01.22-20.56.15:047][939]LogModuleManager: Shutting down and abandoning module Messaging (33)
[2015.01.22-20.56.15:047][939]LogModuleManager: Shutting down and abandoning module IOSTargetPlatform (32)
[2015.01.22-20.56.15:047][939]LogModuleManager: Shutting down and abandoning module Android_PVRTCTargetPlatform (31)
[2015.01.22-20.56.15:047][939]LogModuleManager: Shutting down and abandoning module Android_ETC2TargetPlatform (30)
[2015.01.22-20.56.15:047][939]LogModuleManager: Shutting down and abandoning module Android_ETC1TargetPlatform (29)
[2015.01.22-20.56.15:047][939]LogModuleManager: Shutting down and abandoning module Android_DXTTargetPlatform (28)
[2015.01.22-20.56.15:047][939]LogModuleManager: Shutting down and abandoning module Android_ATCTargetPlatform (27)
[2015.01.22-20.56.15:047][939]LogModuleManager: Shutting down and abandoning module AndroidTargetPlatform (26)
[2015.01.22-20.56.15:047][939]LogModuleManager: Shutting down and abandoning module WindowsTargetPlatform (25)
[2015.01.22-20.56.15:048][939]LogModuleManager: Shutting down and abandoning module WindowsServerTargetPlatform (24)
[2015.01.22-20.56.15:048][939]LogModuleManager: Shutting down and abandoning module WindowsNoEditorTargetPlatform (23)
[2015.01.22-20.56.15:048][939]LogModuleManager: Shutting down and abandoning module WindowsClientTargetPlatform (22)
[2015.01.22-20.56.15:048][939]LogModuleManager: Shutting down and abandoning module TargetPlatform (21)
[2015.01.22-20.56.15:048][939]LogModuleManager: Shutting down and abandoning module InputCore (20)
[2015.01.22-20.56.15:048][939]LogModuleManager: Shutting down and abandoning module Settings (19)
[2015.01.22-20.56.15:048][939]LogModuleManager: Shutting down and abandoning module ImageWrapper (18)
[2015.01.22-20.56.15:048][939]LogModuleManager: Shutting down and abandoning module OculusRift (15)
[2015.01.22-20.56.15:048][939]LogModuleManager: Shutting down and abandoning module ExampleDeviceProfileSelector (14)
[2015.01.22-20.56.15:048][939]LogModuleManager: Shutting down and abandoning module TextureCompressor (13)
[2015.01.22-20.56.15:048][939]LogModuleManager: Shutting down and abandoning module ShaderCore (12)
[2015.01.22-20.56.15:048][939]LogModuleManager: Shutting down and abandoning module Landscape (11)
[2015.01.22-20.56.15:048][939]LogModuleManager: Shutting down and abandoning module SlateRHIRenderer (10)
[2015.01.22-20.56.15:049][939]LogModuleManager: Shutting down and abandoning module OpenGLDrv (9)
[2015.01.22-20.56.15:049][939]LogModuleManager: Shutting down and abandoning module D3D11RHI (8)
[2015.01.22-20.56.15:049][939]LogModuleManager: Shutting down and abandoning module Renderer (7)
[2015.01.22-20.56.15:049][939]LogModuleManager: Shutting down and abandoning module Engine (6)
[2015.01.22-20.56.15:049][939]LogModuleManager: Shutting down and abandoning module CoreUObject (5)
[2015.01.22-20.56.15:049][939]LogModuleManager: Shutting down and abandoning module NetworkFile (4)
[2015.01.22-20.56.15:049][939]LogModuleManager: Shutting down and abandoning module StreamingFile (3)
[2015.01.22-20.56.15:049][939]LogModuleManager: Shutting down and abandoning module SandboxFile (2)
[2015.01.22-20.56.15:049][939]LogModuleManager: Shutting down and abandoning module PakFile (1)
[2015.01.22-20.56.15:049][939]LogExit: Exiting.
[2015.01.22-20.56.15:055][939]Log file closed, 01/22/15 15:56:15
