Log file open, 03/15/15 21:45:26
LogInit:Display: Running engine for game: KodainaKingdom
LogInit: Version: 4.6.1-2386410+++depot+UE4-Releases+4.6
LogInit: API Version: 2369412
LogInit: Compiled (64-bit): Dec 11 2014 21:31:39
LogInit: Compiled with Visual C++: 18.00.21005.01
LogInit: Build Configuration: Development
LogInit: Branch Name: ++depot+UE4-Releases+4.6
LogInit: Command line:  
LogInit: Base directory: C:/Program Files/UE45/Epic Games/4.6/Engine/Binaries/Win64/
LogInit: Rocket: 1
[2015.03.16-01.45.26:104][  0]LogTaskGraph: Started task graph with 3 named threads and 6 total threads.
[2015.03.16-01.45.26:163][  0]LogOnline:Warning: No default platform service specified for OnlineSubsystem
[2015.03.16-01.45.26:296][  0]LogInit: Presizing for 0 objects not considered by GC, pre-allocating 0 bytes.
[2015.03.16-01.45.26:303][  0]LogInit: Object subsystem initialized
[2015.03.16-01.45.26:305][  0]LogConsoleResponse:Warning: Skipping Unknown console variable: 'UIScaleRule = ShortestSide'
[2015.03.16-01.45.26:305][  0]LogConsoleResponse:Warning:   Found in ini file 'C:/Users/Owner/Documents/Unreal Projects/Kodaina/Saved/Config/Windows/Engine.ini', in section '[/Script/Engine.RendererSettings]'
[2015.03.16-01.45.26:305][  0]LogConsoleResponse:Warning: Skipping Unknown console variable: 'UIScaleCurve = (EditorCurveData=(Keys=),ExternalCurve=None)'
[2015.03.16-01.45.26:305][  0]LogConsoleResponse:Warning:   Found in ini file 'C:/Users/Owner/Documents/Unreal Projects/Kodaina/Saved/Config/Windows/Engine.ini', in section '[/Script/Engine.RendererSettings]'
[2015.03.16-01.45.26:305][  0]LogConsoleManager:Warning: Console variable 'r.MSAA.CompositingSampleCount' wasn't set (Priority ProjectSetting < Scalability)
[2015.03.16-01.45.26:306][  0]LogInit: Selected Device Profile: [Windows]
[2015.03.16-01.45.26:306][  0]LogInit: Applying CVar settings loaded from the selected device profile: [Windows]
[2015.03.16-01.45.26:324][  0]LogInit: Computer: ASUS
[2015.03.16-01.45.26:324][  0]LogInit: User: Owner
[2015.03.16-01.45.26:324][  0]LogInit: CPU Page size=4096, Cores=4
[2015.03.16-01.45.26:324][  0]LogInit: High frequency timer resolution =2.338346 MHz
[2015.03.16-01.45.26:324][  0]LogMemory: Memory total: Physical=15.9GB (16GB approx) Virtual=131072.0GB
[2015.03.16-01.45.26:324][  0]LogMemory: Platform Memory Stats for Windows
[2015.03.16-01.45.26:324][  0]LogMemory: Process Physical Memory: 48.88 MB used, 48.88 MB peak
[2015.03.16-01.45.26:324][  0]LogMemory: Process Virtual Memory: 25.09 MB used, 25.09 MB peak
[2015.03.16-01.45.26:324][  0]LogMemory: Physical Memory: 3136.95 MB used, 16267.18 MB total
[2015.03.16-01.45.26:324][  0]LogMemory: Virtual Memory: 272.11 MB used, 134217728.00 MB total
[2015.03.16-01.45.26:454][  0]LogD3D11RHI: Found D3D11 adapter 0: Intel(R) HD Graphics 4600 (Feature Level 11_0)
[2015.03.16-01.45.26:454][  0]LogD3D11RHI: Adapter has 32MB of dedicated video memory, 0MB of dedicated system memory, and 1760MB of shared system memory, 1 output[s]
[2015.03.16-01.45.26:471][  0]LogD3D11RHI: Found D3D11 adapter 1: NVIDIA GeForce GT 750M (Feature Level 11_0)
[2015.03.16-01.45.26:471][  0]LogD3D11RHI: Adapter has 1988MB of dedicated video memory, 0MB of dedicated system memory, and 2048MB of shared system memory, 0 output[s]
[2015.03.16-01.45.26:472][  0]LogD3D11RHI: Found D3D11 adapter 2: Microsoft Basic Render Driver (Feature Level 11_0)
[2015.03.16-01.45.26:472][  0]LogD3D11RHI: Adapter has 0MB of dedicated video memory, 0MB of dedicated system memory, and 256MB of shared system memory, 0 output[s]
[2015.03.16-01.45.26:472][  0]LogD3D11RHI: Chosen D3D11 Adapter Id = 0
[2015.03.16-01.45.26:477][  0]LogRHI: Texture pool is 1361 MB (70% of 1945 MB)
[2015.03.16-01.45.26:490][  0]LogD3D11RHI: Async texture creation enabled
[2015.03.16-01.45.26:978][  0]LogTextLocalizationManager: The requested culture ('en_US') has no localization data; parent culture's ('en') localization data will be used.
[2015.03.16-01.45.27:098][  0]LogContentStreaming: Texture pool size is 0.000000MB
[2015.03.16-01.45.32:993][  0]LogTargetPlatformManager:Display: Building Assets For Windows
[2015.03.16-01.45.33:937][  0]LogTargetPlatformManager:Display: Building Assets For Windows
[2015.03.16-01.45.34:052][  0]LogDerivedDataCache:Display: Max Cache Size: 512 MB
[2015.03.16-01.45.34:493][  0]LogDerivedDataCache: Loaded boot cache 0.44s 39MB C:/Users/Owner/AppData/Local/UnrealEngine/4.6/DerivedDataCache/Boot.ddc.
[2015.03.16-01.45.34:493][  0]LogDerivedDataCache:Display: Loaded Boot cache: C:/Users/Owner/AppData/Local/UnrealEngine/4.6/DerivedDataCache/Boot.ddc
[2015.03.16-01.45.34:493][  0]LogDerivedDataCache: FDerivedDataBackendGraph:  Pak pak cache file ../../../../../../../Users/Owner/Documents/Unreal Projects/Kodaina/DerivedDataCache/DDC.ddp not found, will not use a pak cache.
[2015.03.16-01.45.34:493][  0]LogDerivedDataCache: Unable to find inner node Pak for hierarchical cache Hierarchy.
[2015.03.16-01.45.34:601][  0]LogDerivedDataCache:Display: Pak cache opened for reading ../../../Engine/DerivedDataCache/DDC.ddp.
[2015.03.16-01.45.34:614][  0]LogDerivedDataCache: Using Local data cache path C:/Users/Owner/AppData/Local/UnrealEngine/Common/DerivedDataCache: Writable
[2015.03.16-01.45.37:531][  0]LogCollisionProfile:Warning: Profile (UI) - Custom Channel Name = 'Weapon' hasn't been found
[2015.03.16-01.45.38:455][  0]LogMeshUtilities: No automatic mesh reduction module available
[2015.03.16-01.45.38:455][  0]LogMeshUtilities: No automatic mesh merging module available
[2015.03.16-01.45.40:289][  0]LogInit: WinSock: version 1.1 (2.2), MaxSocks=32767, MaxUdp=65467
[2015.03.16-01.45.40:552][  0]LogSlate:Warning: Failed to load font data from '../../../Engine/Content/Slate/Fonts/Roboto-Italic.ttf'
[2015.03.16-01.46.00:179][  0]UdpMessaging: Initializing bridge on interface 0.0.0.0:0 to multicast group 230.0.0.1:6666.
[2015.03.16-01.46.01:198][  0]LogDirectoryWatcher:Warning: Failed to begin reading directory changes for C:/Users/Owner/Documents/Unreal Projects/Kodaina/Binaries/Win64. Error: 0
[2015.03.16-01.46.02:095][  0]SourceControl: Info Source control is disabled
[2015.03.16-01.46.02:095][  0]SourceControl: Info Source control is disabled
[2015.03.16-01.46.02:108][  0]SourceControl: Info Source control is disabled
[2015.03.16-01.46.03:021][  0]LogObj: 24370 objects as part of root set at end of initial load.
[2015.03.16-01.46.03:021][  0]LogUObjectAllocator: 5269600 out of 0 bytes used by permanent object pool.
[2015.03.16-01.46.03:227][  0]LogEngine: Initializing Engine...
[2015.03.16-01.46.04:409][  0]LogInit: XAudio2 using 'Speakers (Realtek High Definition Audio)' : 2 channels at 48 kHz using 32 bits per sample (channel mask 0x3)
[2015.03.16-01.46.04:419][  0]LogInit: FAudioDevice initialized.
[2015.03.16-01.46.04:494][  0]LogAIModule: Creating AISystem for world NewWorld
[2015.03.16-01.46.04:521][  0]LogDerivedDataCache: Saved boot cache 0.03s 53MB C:/Users/Owner/AppData/Local/UnrealEngine/4.6/DerivedDataCache/Boot.ddc.
[2015.03.16-01.46.04:525][  0]LogInit: Texture streaming: Enabled
[2015.03.16-01.46.04:613][  0]LogAnalytics: Creating configured Analytics provider AnalyticsET
[2015.03.16-01.46.04:613][  0]LogAnalytics: ET APIKey = Rocket.Release. APIServer = http://et2.epicgames.com/ET2/. AppVersion = 4.6.1-2386410+++depot+UE4-Releases+4.6
[2015.03.16-01.46.04:614][  0]LogAnalytics: SetUserId d53fbd01599cddc5eda2e5a33cd9f114
[2015.03.16-01.46.04:614][  0]LogAnalytics: AnalyticsET::StartSession [Rocket.Release]
[2015.03.16-01.46.04:680][  0]LogInit: Transaction tracking system initialized
[2015.03.16-01.46.05:112][  0]BlueprintLog: New page: Editor Load
[2015.03.16-01.46.05:286][  0]LogAssetRegistry: FAssetRegistry took 0.0106 seconds to start up
[2015.03.16-01.46.05:287][  0]LogDirectoryWatcher:Warning: Failed to begin reading directory changes for ../../../Engine/Plugins/Experimental/CharacterAI/Content/. Error: 0
[2015.03.16-01.46.07:480][  0]LogTargetPlatformManager:Display: Building Assets For Windows
[2015.03.16-01.46.07:963][  0]LogTargetPlatformManager:Display: Building Assets For Windows
[2015.03.16-01.46.09:350][  0]LogConsoleResponse:Display: 
[2015.03.16-01.46.10:196][  0]LogLinker:Warning: Asset '../../../Engine/Content/Functions/Engine_MaterialFunctions03/Procedurals/ComputeFilterWidth.uasset' has been saved with empty engine version. The asset will be loaded but may be incompatible.
[2015.03.16-01.46.11:950][  0]SourceControl: Info Source control is disabled
[2015.03.16-01.46.11:950][  0]Cmd: MAP LOAD FILE="../../../../../../../Users/Owner/Documents/Unreal Projects/Kodaina/Content/Maps/TestLevel.umap" TEMPLATE=0 SHOWPROGRESS=1
[2015.03.16-01.46.11:965][  0]LightingResults: New page: Lighting Build
[2015.03.16-01.46.11:981][  0]MapCheck: New page: Map Check
[2015.03.16-01.46.11:981][  0]LightingResults: New page: Lighting Build
[2015.03.16-01.46.11:988][  0]LogParticles: Destroying 0 GPU particle simulations for FXSystem 0x000000A8D27879C0
[2015.03.16-01.46.18:256][  0]LogEditorServer: Finished looking for orphan Actors (0.000 secs)
[2015.03.16-01.46.18:256][  0]LogAIModule: Creating AISystem for world TestLevel
[2015.03.16-01.46.18:257][  0]Cmd: MAP CHECKDEP
[2015.03.16-01.46.18:257][  0]MapCheck: New page: TestLevel - Mar 15, 2015, 5:46:18 PM
[2015.03.16-01.46.18:465][  0]MapCheck: Info Map check complete: 0 Error(s), 0 Warning(s), took 208.319ms to complete.
[2015.03.16-01.46.18:465][  0]LogFileHelpers: Loading map 'TestLevel' took 6.515
[2015.03.16-01.46.18:673][  0]LogCollectionManager: Loaded 0 collections in 0.001599 seconds
[2015.03.16-01.46.19:326][  0]LogCrashTracker: Crashtracker disabled due to settings.
[2015.03.16-01.46.19:381][  0]LogUObjectGlobals:Warning: Failed to find object 'Class None.'
[2015.03.16-01.46.19:411][  0]LogLoad: Full Startup: 55.73 seconds (BP compile: 0.93 seconds)
[2015.03.16-01.46.19:755][  0]LogContentBrowser:Verbose: The content browser source was changed by the sources view to '/Game/Blueprints'
[2015.03.16-01.46.20:046][  0]LogRenderer:Warning: Reallocating scene render targets to support 1168x880.
[2015.03.16-01.46.20:839][  3]LogAssetRegistry: Asset discovery search completed in 15.5635 seconds
[2015.03.16-01.46.42:210][351]LogEditorViewport: Clicking on Actor (LMB): Space_C (Space9)
[2015.03.16-01.46.53:051][990]LogEditorViewport: Clicking on Actor (LMB): PaperSpriteActor (Sky)
[2015.03.16-01.46.53:105][990]LogPropertyNode:Warning: UI Min (0.001) >= UI Max () for Ranged Numeric
[2015.03.16-01.46.54:285][ 49]BlueprintLog: New page: Pre-PIE auto-recompile
[2015.03.16-01.46.54:285][ 49]LogPlayLevel: [PIE] Compiling TestLevel before PIE...
[2015.03.16-01.46.54:399][ 49]LogActorComponent: UnregisterComponent: (/Engine/Transient.CharacterMovementComponent_0) Not registered. Aborting.
[2015.03.16-01.46.54:489][ 49]LogPlayLevel: PIE:  Blueprint regeneration took 204 ms (1 blueprints)
[2015.03.16-01.46.54:489][ 49]PIE: New page: PIE session: TestLevel (Mar 15, 2015, 5:46:54 PM)
[2015.03.16-01.46.54:494][ 49]LogPlayLevel: PIE: StaticDuplicateObject took: (0.005058s)
[2015.03.16-01.46.54:495][ 49]LogPlayLevel: PIE: World Init took: (0.000436s)
[2015.03.16-01.46.54:495][ 49]LogPlayLevel: PIE: Created PIE world by copying editor world from /Game/Maps/TestLevel.TestLevel to /Game/Maps/UEDPIE_0_TestLevel.TestLevel (0.005640s)
[2015.03.16-01.46.54:552][ 49]LogWorld: Game class is 'Kodaina_C'
[2015.03.16-01.46.54:554][ 49]LogAIModule: Creating AISystem for world TestLevel
[2015.03.16-01.46.54:556][ 49]LogWorld: Bringing World /Game/Maps/UEDPIE_0_TestLevel.TestLevel up for play (max tick rate 60) at 2015.03.15-21.46.54
[2015.03.16-01.46.54:557][ 49]LogWorld: Bringing up level for play took: 0.003128
[2015.03.16-01.46.54:567][ 49]PIE: Info Play in editor start time for /Game/Maps/UEDPIE_0_TestLevel 1.042
[2015.03.16-01.53.03:853][134]LogArray:Warning: Attempted to get an item from array PlayerInventory out of bounds [0/0]!
[2015.03.16-01.53.03:853][134]LogArray:Warning: Attempted to get an item from array PlayerInventory out of bounds [0/0]!
[2015.03.16-01.53.03:853][134]LogArray:Warning: Attempted to get an item from array PlayerInventory out of bounds [1/0]!
[2015.03.16-01.53.03:853][134]LogArray:Warning: Attempted to get an item from array PlayerInventory out of bounds [1/0]!
[2015.03.16-01.53.03:853][134]LogArray:Warning: Attempted to get an item from array PlayerInventory out of bounds [2/0]!
[2015.03.16-01.53.03:853][134]LogArray:Warning: Attempted to get an item from array PlayerInventory out of bounds [2/0]!
[2015.03.16-01.53.07:318][342]LogArray:Warning: Attempted to get an item from array PlayerInventory out of bounds [2/0]!
[2015.03.16-01.53.07:318][342]LogArray:Warning: Attempted to get an item from array PlayerInventory out of bounds [2/0]!
[2015.03.16-01.53.07:485][352]LogArray:Warning: Attempted to get an item from array PlayerInventory out of bounds [2/0]!
[2015.03.16-01.53.07:485][352]LogArray:Warning: Attempted to get an item from array PlayerInventory out of bounds [2/0]!
[2015.03.16-01.53.07:635][361]LogArray:Warning: Attempted to get an item from array PlayerInventory out of bounds [2/0]!
[2015.03.16-01.53.07:635][361]LogArray:Warning: Attempted to get an item from array PlayerInventory out of bounds [2/0]!
[2015.03.16-01.53.08:418][408]LogArray:Warning: Attempted to get an item from array PlayerInventory out of bounds [1/0]!
[2015.03.16-01.53.08:418][408]LogArray:Warning: Attempted to get an item from array PlayerInventory out of bounds [1/0]!
[2015.03.16-01.53.08:568][417]LogArray:Warning: Attempted to get an item from array PlayerInventory out of bounds [1/0]!
[2015.03.16-01.53.08:568][417]LogArray:Warning: Attempted to get an item from array PlayerInventory out of bounds [1/0]!
[2015.03.16-01.53.08:701][425]LogArray:Warning: Attempted to get an item from array PlayerInventory out of bounds [1/0]!
[2015.03.16-01.53.08:701][425]LogArray:Warning: Attempted to get an item from array PlayerInventory out of bounds [1/0]!
[2015.03.16-01.53.28:987][641]LogArray:Warning: Attempted to get an item from array PlayerInventory out of bounds [1/0]!
[2015.03.16-01.53.28:987][641]LogArray:Warning: Attempted to get an item from array PlayerInventory out of bounds [1/0]!
[2015.03.16-01.53.28:987][641]LogArray:Warning: Attempted to get an item from array PlayerInventory out of bounds [2/0]!
[2015.03.16-01.53.28:987][641]LogArray:Warning: Attempted to get an item from array PlayerInventory out of bounds [2/0]!
[2015.03.16-01.53.34:478][970]LogArray:Warning: Attempted to get an item from array PlayerInventory out of bounds [1/0]!
[2015.03.16-01.53.34:478][970]LogArray:Warning: Attempted to get an item from array PlayerInventory out of bounds [1/0]!
[2015.03.16-01.53.34:478][970]LogArray:Warning: Attempted to get an item from array PlayerInventory out of bounds [2/0]!
[2015.03.16-01.53.34:478][970]LogArray:Warning: Attempted to get an item from array PlayerInventory out of bounds [2/0]!
[2015.03.16-01.53.39:796][289]LogArray:Warning: Attempted to get an item from array PlayerInventory out of bounds [1/0]!
[2015.03.16-01.53.39:796][289]LogArray:Warning: Attempted to get an item from array PlayerInventory out of bounds [1/0]!
[2015.03.16-01.53.39:796][289]LogArray:Warning: Attempted to get an item from array PlayerInventory out of bounds [2/0]!
[2015.03.16-01.53.39:796][289]LogArray:Warning: Attempted to get an item from array PlayerInventory out of bounds [2/0]!
[2015.03.16-01.53.41:012][362]LogArray:Warning: Attempted to get an item from array PlayerInventory out of bounds [1/0]!
[2015.03.16-01.53.41:012][362]LogArray:Warning: Attempted to get an item from array PlayerInventory out of bounds [1/0]!
[2015.03.16-01.53.41:012][362]LogArray:Warning: Attempted to get an item from array PlayerInventory out of bounds [2/0]!
[2015.03.16-01.53.41:012][362]LogArray:Warning: Attempted to get an item from array PlayerInventory out of bounds [2/0]!
[2015.03.16-01.53.42:179][432]LogArray:Warning: Attempted to get an item from array PlayerInventory out of bounds [1/0]!
[2015.03.16-01.53.42:179][432]LogArray:Warning: Attempted to get an item from array PlayerInventory out of bounds [1/0]!
[2015.03.16-01.53.42:179][432]LogArray:Warning: Attempted to get an item from array PlayerInventory out of bounds [2/0]!
[2015.03.16-01.53.42:179][432]LogArray:Warning: Attempted to get an item from array PlayerInventory out of bounds [2/0]!
[2015.03.16-01.53.42:395][445]LogArray:Warning: Attempted to get an item from array PlayerInventory out of bounds [1/0]!
[2015.03.16-01.53.42:395][445]LogArray:Warning: Attempted to get an item from array PlayerInventory out of bounds [1/0]!
[2015.03.16-01.53.42:395][445]LogArray:Warning: Attempted to get an item from array PlayerInventory out of bounds [2/0]!
[2015.03.16-01.53.42:395][445]LogArray:Warning: Attempted to get an item from array PlayerInventory out of bounds [2/0]!
[2015.03.16-01.53.42:578][456]LogArray:Warning: Attempted to get an item from array PlayerInventory out of bounds [1/0]!
[2015.03.16-01.53.42:579][456]LogArray:Warning: Attempted to get an item from array PlayerInventory out of bounds [1/0]!
[2015.03.16-01.53.42:579][456]LogArray:Warning: Attempted to get an item from array PlayerInventory out of bounds [2/0]!
[2015.03.16-01.53.42:579][456]LogArray:Warning: Attempted to get an item from array PlayerInventory out of bounds [2/0]!
[2015.03.16-01.53.42:745][466]LogArray:Warning: Attempted to get an item from array PlayerInventory out of bounds [1/0]!
[2015.03.16-01.53.42:745][466]LogArray:Warning: Attempted to get an item from array PlayerInventory out of bounds [1/0]!
[2015.03.16-01.53.42:745][466]LogArray:Warning: Attempted to get an item from array PlayerInventory out of bounds [2/0]!
[2015.03.16-01.53.42:745][466]LogArray:Warning: Attempted to get an item from array PlayerInventory out of bounds [2/0]!
[2015.03.16-01.53.42:895][475]LogArray:Warning: Attempted to get an item from array PlayerInventory out of bounds [1/0]!
[2015.03.16-01.53.42:895][475]LogArray:Warning: Attempted to get an item from array PlayerInventory out of bounds [1/0]!
[2015.03.16-01.53.42:895][475]LogArray:Warning: Attempted to get an item from array PlayerInventory out of bounds [2/0]!
[2015.03.16-01.53.42:895][475]LogArray:Warning: Attempted to get an item from array PlayerInventory out of bounds [2/0]!
[2015.03.16-01.53.43:028][483]LogArray:Warning: Attempted to get an item from array PlayerInventory out of bounds [1/0]!
[2015.03.16-01.53.43:028][483]LogArray:Warning: Attempted to get an item from array PlayerInventory out of bounds [1/0]!
[2015.03.16-01.53.43:028][483]LogArray:Warning: Attempted to get an item from array PlayerInventory out of bounds [2/0]!
[2015.03.16-01.53.43:028][483]LogArray:Warning: Attempted to get an item from array PlayerInventory out of bounds [2/0]!
[2015.03.16-01.53.43:179][492]LogArray:Warning: Attempted to get an item from array PlayerInventory out of bounds [1/0]!
[2015.03.16-01.53.43:179][492]LogArray:Warning: Attempted to get an item from array PlayerInventory out of bounds [1/0]!
[2015.03.16-01.53.43:179][492]LogArray:Warning: Attempted to get an item from array PlayerInventory out of bounds [2/0]!
[2015.03.16-01.53.43:179][492]LogArray:Warning: Attempted to get an item from array PlayerInventory out of bounds [2/0]!
[2015.03.16-01.53.43:312][500]LogArray:Warning: Attempted to get an item from array PlayerInventory out of bounds [1/0]!
[2015.03.16-01.53.43:312][500]LogArray:Warning: Attempted to get an item from array PlayerInventory out of bounds [1/0]!
[2015.03.16-01.53.43:312][500]LogArray:Warning: Attempted to get an item from array PlayerInventory out of bounds [2/0]!
[2015.03.16-01.53.43:312][500]LogArray:Warning: Attempted to get an item from array PlayerInventory out of bounds [2/0]!
[2015.03.16-01.53.43:429][507]LogArray:Warning: Attempted to get an item from array PlayerInventory out of bounds [1/0]!
[2015.03.16-01.53.43:429][507]LogArray:Warning: Attempted to get an item from array PlayerInventory out of bounds [1/0]!
[2015.03.16-01.53.43:429][507]LogArray:Warning: Attempted to get an item from array PlayerInventory out of bounds [2/0]!
[2015.03.16-01.53.43:429][507]LogArray:Warning: Attempted to get an item from array PlayerInventory out of bounds [2/0]!
[2015.03.16-01.53.44:078][546]LogArray:Warning: Attempted to get an item from array PlayerInventory out of bounds [1/0]!
[2015.03.16-01.53.44:078][546]LogArray:Warning: Attempted to get an item from array PlayerInventory out of bounds [1/0]!
[2015.03.16-01.53.44:078][546]LogArray:Warning: Attempted to get an item from array PlayerInventory out of bounds [2/0]!
[2015.03.16-01.53.44:079][546]LogArray:Warning: Attempted to get an item from array PlayerInventory out of bounds [2/0]!
[2015.03.16-01.53.55:211][213]LogArray:Warning: Attempted to get an item from array PlayerInventory out of bounds [1/0]!
[2015.03.16-01.53.55:211][213]LogArray:Warning: Attempted to get an item from array PlayerInventory out of bounds [1/0]!
[2015.03.16-01.53.55:211][213]LogArray:Warning: Attempted to get an item from array PlayerInventory out of bounds [2/0]!
[2015.03.16-01.53.55:211][213]LogArray:Warning: Attempted to get an item from array PlayerInventory out of bounds [2/0]!
[2015.03.16-01.55.07:636][556]LogArray:Warning: Attempted to get an item from array PlayerInventory out of bounds [1/0]!
[2015.03.16-01.55.07:636][556]LogArray:Warning: Attempted to get an item from array PlayerInventory out of bounds [1/0]!
[2015.03.16-01.55.07:636][556]LogArray:Warning: Attempted to get an item from array PlayerInventory out of bounds [2/0]!
[2015.03.16-01.55.07:636][556]LogArray:Warning: Attempted to get an item from array PlayerInventory out of bounds [2/0]!
[2015.03.16-01.55.16:017][ 36]LogArray:Warning: Attempted to get an item from array PlayerInventory out of bounds [0/0]!
[2015.03.16-01.55.16:017][ 36]LogArray:Warning: Attempted to get an item from array PlayerInventory out of bounds [0/0]!
[2015.03.16-01.55.16:017][ 36]LogArray:Warning: Attempted to get an item from array PlayerInventory out of bounds [1/0]!
[2015.03.16-01.55.16:017][ 36]LogArray:Warning: Attempted to get an item from array PlayerInventory out of bounds [1/0]!
[2015.03.16-01.55.16:017][ 36]LogArray:Warning: Attempted to get an item from array PlayerInventory out of bounds [2/0]!
[2015.03.16-01.55.16:017][ 36]LogArray:Warning: Attempted to get an item from array PlayerInventory out of bounds [2/0]!
[2015.03.16-01.58.18:211][895]LogPropertyNode:Warning: UI Min (0.001) >= UI Max () for Ranged Numeric
[2015.03.16-01.58.18:247][895]LogParticles: Destroying 0 GPU particle simulations for FXSystem 0x000000A8D52FFE20
[2015.03.16-01.58.24:979][186]LogPropertyNode:Warning: UI Min (0.001) >= UI Max () for Ranged Numeric
[2015.03.16-01.58.24:980][186]LogPropertyNode:Warning: UI Min (0.001) >= UI Max () for Ranged Numeric
[2015.03.16-01.58.25:034][186]LogPropertyNode:Warning: UI Min (0.001) >= UI Max () for Ranged Numeric
[2015.03.16-01.58.25:035][186]LogPropertyNode:Warning: UI Min (0.001) >= UI Max () for Ranged Numeric
[2015.03.16-01.58.25:073][186]LogPropertyNode:Warning: UI Min (0.001) >= UI Max () for Ranged Numeric
[2015.03.16-01.58.25:074][186]LogPropertyNode:Warning: UI Min (0.001) >= UI Max () for Ranged Numeric
[2015.03.16-01.59.31:723][  4]LogPropertyNode:Warning: UI Min (0.001) >= UI Max () for Ranged Numeric
[2015.03.16-01.59.31:724][  4]LogPropertyNode:Warning: UI Min (0.001) >= UI Max () for Ranged Numeric
[2015.03.16-01.59.31:748][  4]LogActorComponent: UnregisterComponent: (/Engine/Transient.CharacterMovementComponent_1) Not registered. Aborting.
[2015.03.16-01.59.31:759][  4]LogBlueprint:Error: [compiler] Error  Timeline_0  cannot be placed in macro graph
[2015.03.16-01.59.31:759][  4]BlueprintLog: New page: Collapse to Macro
[2015.03.16-01.59.31:759][  4]BlueprintLog:Error: Error  Timeline_0  cannot be placed in macro graph
[2015.03.16-01.59.31:836][  4]LogPropertyNode:Warning: UI Min (0.001) >= UI Max () for Ranged Numeric
[2015.03.16-01.59.31:837][  4]LogPropertyNode:Warning: UI Min (0.001) >= UI Max () for Ranged Numeric
[2015.03.16-01.59.31:868][  4]LogBlueprint:Warning: [compiler] Warning [0848.19] Compile of  failed. 1 Fatal Issue(s) 0 Warning(s) [in 105 ms]
[2015.03.16-01.59.44:327][310]LogPropertyNode:Warning: UI Min (0.001) >= UI Max () for Ranged Numeric
[2015.03.16-01.59.44:327][310]LogPropertyNode:Warning: UI Min (0.001) >= UI Max () for Ranged Numeric
[2015.03.16-01.59.44:349][310]LogActorComponent: UnregisterComponent: (/Engine/Transient.CharacterMovementComponent_2) Not registered. Aborting.
[2015.03.16-01.59.44:442][310]LogPropertyNode:Warning: UI Min (0.001) >= UI Max () for Ranged Numeric
[2015.03.16-01.59.44:442][310]LogPropertyNode:Warning: UI Min (0.001) >= UI Max () for Ranged Numeric
[2015.03.16-01.59.48:567][351]LogPropertyNode:Warning: UI Min (0.001) >= UI Max () for Ranged Numeric
[2015.03.16-01.59.48:568][351]LogPropertyNode:Warning: UI Min (0.001) >= UI Max () for Ranged Numeric
[2015.03.16-01.59.48:590][351]LogActorComponent: UnregisterComponent: (/Engine/Transient.CharacterMovementComponent_3) Not registered. Aborting.
[2015.03.16-01.59.57:984][515]BlueprintLog: New page: Compile MyCharacter
[2015.03.16-01.59.58:309][515]LogPropertyNode:Warning: UI Min (0.001) >= UI Max () for Ranged Numeric
[2015.03.16-01.59.58:310][515]LogPropertyNode:Warning: UI Min (0.001) >= UI Max () for Ranged Numeric
[2015.03.16-01.59.58:436][515]LogActorComponent: UnregisterComponent: (/Engine/Transient.CharacterMovementComponent_4) Not registered. Aborting.
[2015.03.16-01.59.58:468][515]LogParticles: Destroying 0 GPU particle simulations for FXSystem 0x000000A8DD03D8A0
[2015.03.16-01.59.58:508][515]LogPropertyNode:Warning: UI Min (0.001) >= UI Max () for Ranged Numeric
[2015.03.16-01.59.58:509][515]LogPropertyNode:Warning: UI Min (0.001) >= UI Max () for Ranged Numeric
[2015.03.16-01.59.58:579][515]BlueprintEditorCompileResults: Info [0874.90] Compile of MyCharacter successful! [in 415 ms]
[2015.03.16-02.00.13:962][ 51]LogPropertyNode:Warning: UI Min (0.001) >= UI Max () for Ranged Numeric
[2015.03.16-02.00.13:962][ 51]LogPropertyNode:Warning: UI Min (0.001) >= UI Max () for Ranged Numeric
[2015.03.16-02.00.13:985][ 51]LogActorComponent: UnregisterComponent: (/Engine/Transient.CharacterMovementComponent_5) Not registered. Aborting.
[2015.03.16-02.00.14:116][ 51]LogPropertyNode:Warning: UI Min (0.001) >= UI Max () for Ranged Numeric
[2015.03.16-02.00.14:117][ 51]LogPropertyNode:Warning: UI Min (0.001) >= UI Max () for Ranged Numeric
[2015.03.16-02.00.26:967][392]LogPropertyNode:Warning: UI Min (0.001) >= UI Max () for Ranged Numeric
[2015.03.16-02.00.26:968][392]LogPropertyNode:Warning: UI Min (0.001) >= UI Max () for Ranged Numeric
[2015.03.16-02.00.26:992][392]LogActorComponent: UnregisterComponent: (/Engine/Transient.CharacterMovementComponent_6) Not registered. Aborting.
[2015.03.16-02.00.27:125][392]LogPropertyNode:Warning: UI Min (0.001) >= UI Max () for Ranged Numeric
[2015.03.16-02.00.27:126][392]LogPropertyNode:Warning: UI Min (0.001) >= UI Max () for Ranged Numeric
[2015.03.16-02.00.27:219][392]LogPropertyNode:Warning: UI Min (0.001) >= UI Max () for Ranged Numeric
[2015.03.16-02.00.27:220][392]LogPropertyNode:Warning: UI Min (0.001) >= UI Max () for Ranged Numeric
[2015.03.16-02.00.38:914][713]LogActorComponent: UnregisterComponent: (/Engine/Transient.CharacterMovementComponent_7) Not registered. Aborting.
[2015.03.16-02.00.39:224][713]Cmd: OBJ SAVEPACKAGE PACKAGE="/Game/Maps/TestLevel" FILE="../../../../../../../Users/Owner/Documents/Unreal Projects/Kodaina/Content/Maps/TestLevel.umap" SILENT=true AUTOSAVING=false KEEPDIRTY=false
[2015.03.16-02.00.39:733][713]LogSavePackage: Save=67.903122ms
[2015.03.16-02.00.39:733][713]LogSavePackage: Moving '../../../../../../../Users/Owner/Documents/Unreal Projects/Kodaina/Saved/TestLevel044B271F47F576DFA83868AFBFDC93C5.tmp' to '../../../../../../../Users/Owner/Documents/Unreal Projects/Kodaina/Content/Maps/TestLevel.umap'
[2015.03.16-02.00.39:818][713]LogFileHelpers: Saving map 'TestLevel' took 0.814
[2015.03.16-02.00.39:833][713]Cmd: OBJ SAVEPACKAGE PACKAGE="/Game/Blueprints/MyCharacter" FILE="../../../../../../../Users/Owner/Documents/Unreal Projects/Kodaina/Content/Blueprints/MyCharacter.uasset" SILENT=true
[2015.03.16-02.00.40:582][713]LogSavePackage: Save=425.832184ms
[2015.03.16-02.00.40:582][713]LogSavePackage: Moving '../../../../../../../Users/Owner/Documents/Unreal Projects/Kodaina/Saved/MyCharacterDCCEF87A49D1391D11FFD7B83C619B1D.tmp' to '../../../../../../../Users/Owner/Documents/Unreal Projects/Kodaina/Content/Blueprints/MyCharacter.uasset'
[2015.03.16-02.00.42:924][778]BlueprintLog: New page: Compile MyCharacter
[2015.03.16-02.00.43:251][778]LogPropertyNode:Warning: UI Min (0.001) >= UI Max () for Ranged Numeric
[2015.03.16-02.00.43:251][778]LogPropertyNode:Warning: UI Min (0.001) >= UI Max () for Ranged Numeric
[2015.03.16-02.00.43:366][778]LogActorComponent: UnregisterComponent: (/Engine/Transient.CharacterMovementComponent_8) Not registered. Aborting.
[2015.03.16-02.00.43:485][778]LogPropertyNode:Warning: UI Min (0.001) >= UI Max () for Ranged Numeric
[2015.03.16-02.00.43:485][778]LogPropertyNode:Warning: UI Min (0.001) >= UI Max () for Ranged Numeric
[2015.03.16-02.00.43:551][778]BlueprintEditorCompileResults: Info [0919.87] Compile of MyCharacter successful! [in 444 ms]
[2015.03.16-02.02.07:276][106]LogActorComponent: UnregisterComponent: (/Engine/Transient.CharacterMovementComponent_9) Not registered. Aborting.
[2015.03.16-02.02.07:568][106]Cmd: OBJ SAVEPACKAGE PACKAGE="/Game/Maps/TestLevel" FILE="../../../../../../../Users/Owner/Documents/Unreal Projects/Kodaina/Content/Maps/TestLevel.umap" SILENT=true AUTOSAVING=false KEEPDIRTY=false
[2015.03.16-02.02.07:971][106]LogSavePackage: Save=68.990219ms
[2015.03.16-02.02.07:971][106]LogSavePackage: Moving '../../../../../../../Users/Owner/Documents/Unreal Projects/Kodaina/Saved/TestLevelA55B658F4C178C68333052B44D171099.tmp' to '../../../../../../../Users/Owner/Documents/Unreal Projects/Kodaina/Content/Maps/TestLevel.umap'
[2015.03.16-02.02.08:052][106]LogFileHelpers: Saving map 'TestLevel' took 0.700
[2015.03.16-02.02.08:067][106]Cmd: OBJ SAVEPACKAGE PACKAGE="/Game/Blueprints/MyCharacter" FILE="../../../../../../../Users/Owner/Documents/Unreal Projects/Kodaina/Content/Blueprints/MyCharacter.uasset" SILENT=true
[2015.03.16-02.02.08:794][106]LogSavePackage: Save=418.071991ms
[2015.03.16-02.02.08:795][106]LogSavePackage: Moving '../../../../../../../Users/Owner/Documents/Unreal Projects/Kodaina/Saved/MyCharacter77D6DAD448E98FA1DF6827A5FDC5D5A2.tmp' to '../../../../../../../Users/Owner/Documents/Unreal Projects/Kodaina/Content/Blueprints/MyCharacter.uasset'
[2015.03.16-02.03.11:087][  2]LogActorComponent: UnregisterComponent: (/Engine/Transient.CharacterMovementComponent_10) Not registered. Aborting.
[2015.03.16-02.03.59:603][796]LogEditorViewport: Clicking on Actor (LMB): MyCharacter_C (Player3)
[2015.03.16-02.03.59:621][796]LogPropertyNode:Warning: UI Min (0.001) >= UI Max () for Ranged Numeric
[2015.03.16-02.03.59:622][796]LogPropertyNode:Warning: UI Min (0.001) >= UI Max () for Ranged Numeric
[2015.03.16-02.04.39:558][156]LogPropertyNode:Warning: UI Min (0.001) >= UI Max () for Ranged Numeric
[2015.03.16-02.04.39:558][156]LogPropertyNode:Warning: UI Min (0.001) >= UI Max () for Ranged Numeric
[2015.03.16-02.04.39:607][156]LogPropertyNode:Warning: UI Min (0.001) >= UI Max () for Ranged Numeric
[2015.03.16-02.04.39:608][156]LogPropertyNode:Warning: UI Min (0.001) >= UI Max () for Ranged Numeric
[2015.03.16-02.04.41:945][254]LogRenderer:Warning: Reallocating scene render targets to support 1416x896.
[2015.03.16-02.06.07:690][856]LogEditorViewport: Clicking on Actor (LMB): Space_C (Space41)
[2015.03.16-02.06.13:890][182]LogPropertyNode:Warning: UI Min (0.001) >= UI Max () for Ranged Numeric
[2015.03.16-02.06.44:141][742]LogActorComponent: UnregisterComponent: (/Engine/Transient.CharacterMovementComponent_11) Not registered. Aborting.
[2015.03.16-02.06.57:748][407]BlueprintLog: New page: Compile Space
[2015.03.16-02.06.57:870][407]LogParticles: Destroying 0 GPU particle simulations for FXSystem 0x000000A8D436C360
[2015.03.16-02.06.57:871][407]LogParticles: Destroying 0 GPU particle simulations for FXSystem 0x000000A8EA23E520
[2015.03.16-02.06.57:886][407]LogPropertyNode:Warning: UI Min (0.001) >= UI Max () for Ranged Numeric
[2015.03.16-02.06.57:921][407]BlueprintEditorCompileResults: Info [1294.24] Compile of Space successful! [in 172 ms]
[2015.03.16-02.06.57:954][407]LogPropertyNode:Warning: UI Min (0.001) >= UI Max () for Ranged Numeric
[2015.03.16-02.07.00:173][527]BlueprintLog: New page: Pre-PIE auto-recompile
[2015.03.16-02.07.00:178][527]LogPlayLevel: [PIE] Compiling Enemy before PIE...
[2015.03.16-02.07.00:358][527]LogPlayLevel: [PIE] Compiling MyCharacter before PIE...
[2015.03.16-02.07.00:823][527]LogPlayLevel: [PIE] Compiling Tutorial_BP_MacroLib before PIE...
[2015.03.16-02.07.00:873][527]LogPlayLevel: [PIE] Compiling TestLevel before PIE...
[2015.03.16-02.07.00:946][527]LogPlayLevel: [PIE] Compiling ShoppingHUD before PIE...
[2015.03.16-02.07.01:067][527]LogPlayLevel: [PIE] Compiling BattleHUD before PIE...
[2015.03.16-02.07.01:373][527]LogPlayLevel: [PIE] Compiling RollingMovingHUD before PIE...
[2015.03.16-02.07.01:487][527]LogPlayLevel: [PIE] Compiling StatusHUD before PIE...
[2015.03.16-02.07.01:635][527]LogPlayLevel: [PIE] Compiling InventoryHUD before PIE...
[2015.03.16-02.07.01:860][527]LogPlayLevel: PIE:  Blueprint regeneration took 1686 ms (9 blueprints)
[2015.03.16-02.07.01:860][527]PIE: New page: PIE session: TestLevel (Mar 15, 2015, 6:07:01 PM)
[2015.03.16-02.07.01:866][527]LogPlayLevel: PIE: StaticDuplicateObject took: (0.005394s)
[2015.03.16-02.07.01:866][527]LogPlayLevel: PIE: World Init took: (0.000416s)
[2015.03.16-02.07.01:866][527]LogPlayLevel: PIE: Created PIE world by copying editor world from /Game/Maps/TestLevel.TestLevel to /Game/Maps/UEDPIE_0_TestLevel.TestLevel (0.005944s)
[2015.03.16-02.07.01:913][527]LogWorld: Game class is 'Kodaina_C'
[2015.03.16-02.07.01:915][527]LogAIModule: Creating AISystem for world TestLevel
[2015.03.16-02.07.01:917][527]LogWorld: Bringing World /Game/Maps/UEDPIE_0_TestLevel.TestLevel up for play (max tick rate 60) at 2015.03.15-22.07.01
[2015.03.16-02.07.01:918][527]LogWorld: Bringing up level for play took: 0.002609
[2015.03.16-02.07.01:928][527]PIE: Info Play in editor start time for /Game/Maps/UEDPIE_0_TestLevel 2.402
[2015.03.16-02.07.03:469][610]LogPropertyNode:Warning: UI Min (0.001) >= UI Max () for Ranged Numeric
[2015.03.16-02.07.03:511][610]LogActorComponent: UnregisterComponent: (/Engine/Transient.CharacterMovementComponent_12) Not registered. Aborting.
[2015.03.16-02.07.03:558][610]LogParticles: Destroying 0 GPU particle simulations for FXSystem 0x000000A8EB2598A0
[2015.03.16-02.07.04:496][663]MapCheck: New page: Map Check
[2015.03.16-02.07.04:518][663]Cmd: MAP REBUILD ALLVISIBLE
[2015.03.16-02.07.04:518][663]LogEditorServer: Rebuildmap Clear paths rebuilt
[2015.03.16-02.07.04:591][663]LightingResults: New page: Lighting Build - Mar 15, 2015, 6:07:04 PM
[2015.03.16-02.07.04:672][663]LogEditorBuildUtils: Build time 0:00:00
[2015.03.16-02.07.15:026][271]LogEditorViewport: Clicking on Actor (LMB): PaperSpriteActor (Sky)
[2015.03.16-02.07.15:033][271]LogPropertyNode:Warning: UI Min (0.001) >= UI Max () for Ranged Numeric
[2015.03.16-02.07.15:871][320]LogEditorViewport: Clicking on Actor (LMB): Space_C (Space36)
[2015.03.16-02.07.19:421][530]LogPropertyNode:Warning: UI Min (0.001) >= UI Max () for Ranged Numeric
[2015.03.16-02.07.21:546][635]Cmd: OBJ SAVEPACKAGE PACKAGE="/Game/Blueprints/Space" FILE="../../../../../../../Users/Owner/Documents/Unreal Projects/Kodaina/Content/Blueprints/Space.uasset" SILENT=true
[2015.03.16-02.07.21:980][635]LogSavePackage: Save=116.756889ms
[2015.03.16-02.07.21:980][635]LogSavePackage: Moving '../../../../../../../Users/Owner/Documents/Unreal Projects/Kodaina/Saved/Space37366D924A82A3DF43AAA6B228745F89.tmp' to '../../../../../../../Users/Owner/Documents/Unreal Projects/Kodaina/Content/Blueprints/Space.uasset'
[2015.03.16-02.07.24:029][740]LogPropertyNode:Warning: UI Min (0.001) >= UI Max () for Ranged Numeric
[2015.03.16-02.07.25:912][845]LogActorComponent: UnregisterComponent: (/Engine/Transient.CharacterMovementComponent_13) Not registered. Aborting.
[2015.03.16-02.07.46:911][937]BlueprintLog: New page: Compile Space
[2015.03.16-02.07.47:092][937]BlueprintEditorCompileResults: Info [1343.41] Compile of Space successful! [in 178 ms]
[2015.03.16-02.08.21:994][853]LogEditorViewport: Clicking on Actor (context menu): PaperSpriteActor (Sky)
[2015.03.16-02.08.22:001][853]LogPropertyNode:Warning: UI Min (0.001) >= UI Max () for Ranged Numeric
[2015.03.16-02.08.22:796][893]LogEditorViewport: Clicking on Actor (LMB): PaperSpriteActor (Sky)
[2015.03.16-02.08.22:803][893]LogPropertyNode:Warning: UI Min (0.001) >= UI Max () for Ranged Numeric
[2015.03.16-02.08.25:847][ 52]LogEditorViewport: Clicking on Actor (LMB): Space_C (Space39)
[2015.03.16-02.09.01:406][370]LogActorComponent: UnregisterComponent: (/Engine/Transient.CharacterMovementComponent_14) Not registered. Aborting.
[2015.03.16-02.09.01:714][370]Cmd: OBJ SAVEPACKAGE PACKAGE="/Game/Maps/TestLevel" FILE="../../../../../../../Users/Owner/Documents/Unreal Projects/Kodaina/Content/Maps/TestLevel.umap" SILENT=true AUTOSAVING=false KEEPDIRTY=false
[2015.03.16-02.09.02:147][370]LogSavePackage: Save=68.497131ms
[2015.03.16-02.09.02:147][370]LogSavePackage: Moving '../../../../../../../Users/Owner/Documents/Unreal Projects/Kodaina/Saved/TestLevelB914D9E448F82817480676B0B3CDA5B7.tmp' to '../../../../../../../Users/Owner/Documents/Unreal Projects/Kodaina/Content/Maps/TestLevel.umap'
[2015.03.16-02.09.02:232][370]LogFileHelpers: Saving map 'TestLevel' took 0.742
[2015.03.16-02.09.02:247][370]Cmd: OBJ SAVEPACKAGE PACKAGE="/Game/Blueprints/Space" FILE="../../../../../../../Users/Owner/Documents/Unreal Projects/Kodaina/Content/Blueprints/Space.uasset" SILENT=true
[2015.03.16-02.09.02:676][370]LogSavePackage: Save=117.457809ms
[2015.03.16-02.09.02:676][370]LogSavePackage: Moving '../../../../../../../Users/Owner/Documents/Unreal Projects/Kodaina/Saved/Space65533DE242FA01042226CB8597E0ACAA.tmp' to '../../../../../../../Users/Owner/Documents/Unreal Projects/Kodaina/Content/Blueprints/Space.uasset'
[2015.03.16-02.09.07:272][605]BlueprintLog: New page: Compile Space
[2015.03.16-02.09.07:453][605]BlueprintEditorCompileResults: Info [1423.78] Compile of Space successful! [in 180 ms]
[2015.03.16-02.09.11:935][841]Cmd: OBJ SAVEPACKAGE PACKAGE="/Game/Blueprints/Space" FILE="../../../../../../../Users/Owner/Documents/Unreal Projects/Kodaina/Content/Blueprints/Space.uasset" SILENT=true
[2015.03.16-02.09.12:362][841]LogSavePackage: Save=119.026871ms
[2015.03.16-02.09.12:362][841]LogSavePackage: Moving '../../../../../../../Users/Owner/Documents/Unreal Projects/Kodaina/Saved/SpaceF2260A294620806FF64163A283D697CF.tmp' to '../../../../../../../Users/Owner/Documents/Unreal Projects/Kodaina/Content/Blueprints/Space.uasset'
[2015.03.16-02.11.35:015][806]LogContentBrowser:Verbose: The content browser source was changed by the sources view to '/Game'
[2015.03.16-02.12.02:040][426]LogActorComponent: UnregisterComponent: (/Engine/Transient.CharacterMovementComponent_15) Not registered. Aborting.
[2015.03.16-02.12.02:062][426]LogParticles: Destroying 0 GPU particle simulations for FXSystem 0x000000A8C137D080
[2015.03.16-02.12.02:345][426]Cmd: OBJ SAVEPACKAGE PACKAGE="/Game/Maps/TestLevel" FILE="../../../../../../../Users/Owner/Documents/Unreal Projects/Kodaina/Content/Maps/TestLevel.umap" SILENT=true AUTOSAVING=false KEEPDIRTY=false
[2015.03.16-02.12.02:761][426]LogSavePackage: Save=67.905693ms
[2015.03.16-02.12.02:761][426]LogSavePackage: Moving '../../../../../../../Users/Owner/Documents/Unreal Projects/Kodaina/Saved/TestLevelE08C42454DAC34995542C4B72421E6B5.tmp' to '../../../../../../../Users/Owner/Documents/Unreal Projects/Kodaina/Content/Maps/TestLevel.umap'
[2015.03.16-02.12.02:842][426]LogFileHelpers: Saving map 'TestLevel' took 0.720
[2015.03.16-02.12.08:548][762]LogContentBrowser:Verbose: The content browser source was changed by the sources view to '/Game/Sprites'
[2015.03.16-02.12.09:154][790]LogContentBrowser:Verbose: The content browser source was changed by the sources view to '/Game/Meshes'
[2015.03.16-02.12.10:297][855]LogContentBrowser:Verbose: The content browser source was changed by the sources view to '/Game/Materials'
[2015.03.16-02.12.12:391][977]LogContentBrowser:Verbose: The content browser source was changed by the sources view to '/Game/StarterContent'
[2015.03.16-02.12.14:422][ 94]LogContentBrowser:Verbose: The content browser source was changed by the sources view to '/Game/StarterContent/Materials'
[2015.03.16-02.12.28:785][904]LogMaterial: Missing cached shader map for material M_Basic_Floor, compiling.
[2015.03.16-02.12.31:724][ 64]LogMaterial: Missing cached shader map for material M_Basic_Floor2, compiling.
[2015.03.16-02.12.35:341][249]Cmd: OBJ SAVEPACKAGE PACKAGE="/Game/Materials/M_Basic_Floor2" FILE="../../../../../../../Users/Owner/Documents/Unreal Projects/Kodaina/Content/Materials/M_Basic_Floor2.uasset" SILENT=true
[2015.03.16-02.12.35:687][249]LogSavePackage: Save=343.272552ms
[2015.03.16-02.12.35:687][249]LogSavePackage: Moving '../../../../../../../Users/Owner/Documents/Unreal Projects/Kodaina/Saved/M_Basic_Floor2CB3D027A44FA7CC68B8730A7612B3E02.tmp' to '../../../../../../../Users/Owner/Documents/Unreal Projects/Kodaina/Content/Materials/M_Basic_Floor2.uasset'
[2015.03.16-02.12.36:575][294]LogContentBrowser:Verbose: The content browser source was changed by the sources view to '/Game/Materials'
[2015.03.16-02.12.38:043][376]LogMaterial: Missing cached shader map for material PreviewMaterial_0, compiling.
[2015.03.16-02.12.38:056][376]LogActorComponent: UnregisterComponent: (/Engine/Transient.SkeletalMeshComponent_0) Not registered. Aborting.
[2015.03.16-02.12.38:167][376]LogActorComponent: UnregisterComponent: (/Engine/Transient.SkeletalMeshComponent_0) Not registered. Aborting.
[2015.03.16-02.12.38:167][376]LogActorComponent: RegisterComponentWithWorld: (/Engine/Transient.MaterialEditorMeshComponent_0) Already registered. Aborting.
[2015.03.16-02.12.38:167][376]LogActorComponent: UnregisterComponent: (/Engine/Transient.SkeletalMeshComponent_0) Not registered. Aborting.
[2015.03.16-02.12.38:167][376]LogActorComponent: RegisterComponentWithWorld: (/Engine/Transient.MaterialEditorMeshComponent_0) Already registered. Aborting.
[2015.03.16-02.12.38:202][376]LogMaterial: Missing cached shader map for material PreviewMaterial_0, compiling.
[2015.03.16-02.12.38:230][376]LogMaterial: Missing cached shader map for material FMatExpressionPreview MaterialExpressionVectorParameter_1, compiling.
[2015.03.16-02.12.39:062][399]MaterialEditorStats: Info Base pass shader with only dynamic lighting: 41 instructions
[2015.03.16-02.12.39:062][399]MaterialEditorStats: Info Vertex shader: 31 instructions
[2015.03.16-02.12.39:062][399]MaterialEditorStats: Info Texture samplers: 0/16
[2015.03.16-02.12.44:633][666]LogMaterial: Missing cached shader map for material PreviewMaterial_0, compiling.
[2015.03.16-02.12.44:681][666]LogMaterial: Missing cached shader map for material PreviewMaterial_0, compiling.
[2015.03.16-02.12.45:790][706]MaterialEditorStats: Info Base pass shader with only dynamic lighting: 29 instructions
[2015.03.16-02.12.45:790][706]MaterialEditorStats: Info Base pass shader for self shadowed translucency: 65 instructions
[2015.03.16-02.12.45:790][706]MaterialEditorStats: Info Vertex shader: 68 instructions
[2015.03.16-02.12.45:790][706]MaterialEditorStats: Info Texture samplers: 4/16
[2015.03.16-02.12.49:579][887]LogMaterialEditor: Saving and Compiling material M_Basic_Floor2
[2015.03.16-02.12.50:938][887]LogMaterial: Missing cached shader map for material PreviewMaterial_0, compiling.
[2015.03.16-02.12.51:013][887]LogMaterial: Missing cached shader map for material M_Basic_Floor2, compiling.
[2015.03.16-02.12.51:025][887]LogMaterial: Missing cached shader map for material M_Basic_Floor2, compiling.
[2015.03.16-02.12.51:033][887]LogMaterial: 0.003139 seconds spent updating 1 materials, 1 interfaces, 0 instances, 0 with static permutations.
[2015.03.16-02.12.53:097][887]Cmd: OBJ SAVEPACKAGE PACKAGE="/Game/Materials/M_Basic_Floor2" FILE="../../../../../../../Users/Owner/Documents/Unreal Projects/Kodaina/Content/Materials/M_Basic_Floor2.uasset" SILENT=true
[2015.03.16-02.12.53:509][887]LogSavePackage: Save=92.830574ms
[2015.03.16-02.12.53:509][887]LogSavePackage: Moving '../../../../../../../Users/Owner/Documents/Unreal Projects/Kodaina/Saved/M_Basic_Floor224A021EF46A2DB0E81161C8FBBCFFDB7.tmp' to '../../../../../../../Users/Owner/Documents/Unreal Projects/Kodaina/Content/Materials/M_Basic_Floor2.uasset'
[2015.03.16-02.12.53:541][888]MaterialEditorStats: Info Base pass shader with only dynamic lighting: 45 instructions
[2015.03.16-02.12.53:541][888]MaterialEditorStats: Info Base pass shader for self shadowed translucency: 81 instructions
[2015.03.16-02.12.53:541][888]MaterialEditorStats: Info Vertex shader: 68 instructions
[2015.03.16-02.12.53:541][888]MaterialEditorStats: Info Texture samplers: 4/16
[2015.03.16-02.12.56:625][ 38]LogMaterial: Missing cached shader map for material PreviewMaterial_0, compiling.
[2015.03.16-02.12.57:763][ 84]MaterialEditorStats: Info Base pass shader with only dynamic lighting: 29 instructions
[2015.03.16-02.12.57:763][ 84]MaterialEditorStats: Info Base pass shader for self shadowed translucency: 65 instructions
[2015.03.16-02.12.57:763][ 84]MaterialEditorStats: Info Vertex shader: 68 instructions
[2015.03.16-02.12.57:763][ 84]MaterialEditorStats: Info Texture samplers: 4/16
[2015.03.16-02.12.59:723][181]LogMaterialEditor: Applying material M_Basic_Floor2
[2015.03.16-02.13.01:064][181]LogMaterial: Missing cached shader map for material PreviewMaterial_0, compiling.
[2015.03.16-02.13.01:130][181]LogMaterial: Missing cached shader map for material M_Basic_Floor2, compiling.
[2015.03.16-02.13.01:143][181]LogMaterial: Missing cached shader map for material M_Basic_Floor2, compiling.
[2015.03.16-02.13.01:153][181]LogMaterial: 0.003719 seconds spent updating 1 materials, 1 interfaces, 0 instances, 0 with static permutations.
[2015.03.16-02.13.03:757][288]MaterialEditorStats: Info Base pass shader with only dynamic lighting: 45 instructions
[2015.03.16-02.13.03:757][288]MaterialEditorStats: Info Base pass shader for self shadowed translucency: 81 instructions
[2015.03.16-02.13.03:757][288]MaterialEditorStats: Info Vertex shader: 68 instructions
[2015.03.16-02.13.03:757][288]MaterialEditorStats: Info Texture samplers: 4/16
[2015.03.16-02.13.08:759][538]LogActorComponent: UnregisterComponent: (/Engine/Transient.CharacterMovementComponent_16) Not registered. Aborting.
[2015.03.16-02.13.09:060][538]Cmd: OBJ SAVEPACKAGE PACKAGE="/Game/Maps/TestLevel" FILE="../../../../../../../Users/Owner/Documents/Unreal Projects/Kodaina/Content/Maps/TestLevel.umap" SILENT=true AUTOSAVING=false KEEPDIRTY=false
[2015.03.16-02.13.09:475][538]LogSavePackage: Save=70.626846ms
[2015.03.16-02.13.09:475][538]LogSavePackage: Moving '../../../../../../../Users/Owner/Documents/Unreal Projects/Kodaina/Saved/TestLevelC22BC37741CD10D51DC903B7F5301F7C.tmp' to '../../../../../../../Users/Owner/Documents/Unreal Projects/Kodaina/Content/Maps/TestLevel.umap'
[2015.03.16-02.13.09:562][538]LogFileHelpers: Saving map 'TestLevel' took 0.724
[2015.03.16-02.13.09:569][538]LogSavePackage: Save=2.130566ms
[2015.03.16-02.13.09:570][538]LogSavePackage: Moving '../../../../../../../Users/Owner/Documents/Unreal Projects/Kodaina/Saved/M_Basic_Floor2B3D7490345B16CF161765C870818ABB3.tmp' to '../../../../../../../Users/Owner/Documents/Unreal Projects/Kodaina/Content/StarterContent/Materials/M_Basic_Floor2.uasset'
[2015.03.16-02.13.09:590][538]Cmd: OBJ SAVEPACKAGE PACKAGE="/Game/Materials/M_Basic_Floor2" FILE="../../../../../../../Users/Owner/Documents/Unreal Projects/Kodaina/Content/Materials/M_Basic_Floor2.uasset" SILENT=true
[2015.03.16-02.13.09:996][538]LogSavePackage: Save=93.303558ms
[2015.03.16-02.13.09:996][538]LogSavePackage: Moving '../../../../../../../Users/Owner/Documents/Unreal Projects/Kodaina/Saved/M_Basic_Floor246774F0B4D06BC56D12E488711E0290C.tmp' to '../../../../../../../Users/Owner/Documents/Unreal Projects/Kodaina/Content/Materials/M_Basic_Floor2.uasset'
[2015.03.16-02.13.21:371][160]LogPropertyNode:Warning: UI Min (0.001) >= UI Max () for Ranged Numeric
[2015.03.16-02.13.22:345][210]LogPropertyNode:Warning: UI Min (0.001) >= UI Max () for Ranged Numeric
[2015.03.16-02.13.26:373][410]LogContentBrowser:Verbose: The content browser source was changed by the sources view to 'None'
[2015.03.16-02.13.26:373][410]LogContentBrowser:Verbose: The content browser source was changed by the sources view to '/Game/StarterContent/Props'
[2015.03.16-02.13.31:296][638]LogRenderer:Warning: Reallocating scene render targets to support 1432x896.
[2015.03.16-02.13.40:094][ 18]LogSavePackage: Save=122.780800ms
[2015.03.16-02.13.40:094][ 18]LogSavePackage: Moving '../../../../../../../Users/Owner/Documents/Unreal Projects/Kodaina/Saved/MaterialSphere54068C174AA7695F3193209B5A8E31DE.tmp' to '../../../../../../../Users/Owner/Documents/Unreal Projects/Kodaina/Content/StarterContent/Props/MaterialSphere.uasset'
[2015.03.16-02.13.46:741][397]LogContentBrowser:Verbose: The content browser source was changed by the sources view to '/Game/Meshes'
[2015.03.16-02.13.47:296][430]LogContentBrowser:Verbose: The content browser source was changed by the sources view to '/Game/Materials'
[2015.03.16-02.13.48:457][494]LogMaterial: Missing cached shader map for material PreviewMaterial_1, compiling.
[2015.03.16-02.13.48:468][494]LogActorComponent: UnregisterComponent: (/Engine/Transient.SkeletalMeshComponent_1) Not registered. Aborting.
[2015.03.16-02.13.48:577][494]LogActorComponent: UnregisterComponent: (/Engine/Transient.SkeletalMeshComponent_1) Not registered. Aborting.
[2015.03.16-02.13.48:577][494]LogActorComponent: RegisterComponentWithWorld: (/Engine/Transient.MaterialEditorMeshComponent_1) Already registered. Aborting.
[2015.03.16-02.13.48:577][494]LogActorComponent: UnregisterComponent: (/Engine/Transient.SkeletalMeshComponent_1) Not registered. Aborting.
[2015.03.16-02.13.48:577][494]LogActorComponent: RegisterComponentWithWorld: (/Engine/Transient.MaterialEditorMeshComponent_1) Already registered. Aborting.
[2015.03.16-02.13.48:578][494]LogMaterial: Missing cached shader map for material PreviewMaterial_1, compiling.
[2015.03.16-02.13.48:615][494]LogMaterial: Missing cached shader map for material FMatExpressionPreview MaterialExpressionVectorParameter_1, compiling.
[2015.03.16-02.13.50:370][560]MaterialEditorStats: Info Base pass shader with only dynamic lighting: 29 instructions
[2015.03.16-02.13.50:370][560]MaterialEditorStats: Info Base pass shader for self shadowed translucency: 65 instructions
[2015.03.16-02.13.50:371][560]MaterialEditorStats: Info Vertex shader: 68 instructions
[2015.03.16-02.13.50:371][560]MaterialEditorStats: Info Texture samplers: 4/16
[2015.03.16-02.13.55:505][799]LogMaterial: Missing cached shader map for material PreviewMaterial_1, compiling.
[2015.03.16-02.13.55:534][799]LogMaterial: Missing cached shader map for material FMatExpressionPreview MaterialExpressionVectorParameter_1, compiling.
[2015.03.16-02.13.56:598][843]MaterialEditorStats: Info Base pass shader with only dynamic lighting: 30 instructions
[2015.03.16-02.13.56:598][843]MaterialEditorStats: Info Base pass shader for self shadowed translucency: 66 instructions
[2015.03.16-02.13.56:598][843]MaterialEditorStats: Info Vertex shader: 68 instructions
[2015.03.16-02.13.56:598][843]MaterialEditorStats: Info Texture samplers: 4/16
[2015.03.16-02.13.58:431][931]LogMaterialEditor: Applying material M_Basic_Floor2
[2015.03.16-02.13.59:758][931]LogMaterial: Missing cached shader map for material PreviewMaterial_1, compiling.
[2015.03.16-02.13.59:845][931]LogMaterial: Missing cached shader map for material M_Basic_Floor2, compiling.
[2015.03.16-02.13.59:865][931]LogMaterial: Missing cached shader map for material M_Basic_Floor2, compiling.
[2015.03.16-02.13.59:875][931]LogMaterial: 0.004508 seconds spent updating 1 materials, 1 interfaces, 0 instances, 0 with static permutations.
[2015.03.16-02.14.02:371][ 44]MaterialEditorStats: Info Base pass shader with only dynamic lighting: 46 instructions
[2015.03.16-02.14.02:371][ 44]MaterialEditorStats: Info Base pass shader for self shadowed translucency: 82 instructions
[2015.03.16-02.14.02:371][ 44]MaterialEditorStats: Info Vertex shader: 68 instructions
[2015.03.16-02.14.02:371][ 44]MaterialEditorStats: Info Texture samplers: 4/16
[2015.03.16-02.14.03:885][129]BlueprintLog: New page: Pre-PIE auto-recompile
[2015.03.16-02.14.03:891][129]LogPlayLevel: [PIE] Compiling Enemy before PIE...
[2015.03.16-02.14.04:123][129]LogPlayLevel: [PIE] Compiling MyCharacter before PIE...
[2015.03.16-02.14.04:569][129]LogPlayLevel: [PIE] Compiling TestLevel before PIE...
[2015.03.16-02.14.04:635][129]LogPlayLevel: [PIE] Compiling BattleHUD before PIE...
[2015.03.16-02.14.04:928][129]LogPlayLevel: [PIE] Compiling ShoppingHUD before PIE...
[2015.03.16-02.14.05:046][129]LogPlayLevel: [PIE] Compiling RollingMovingHUD before PIE...
[2015.03.16-02.14.05:149][129]LogPlayLevel: [PIE] Compiling StatusHUD before PIE...
[2015.03.16-02.14.05:282][129]LogPlayLevel: [PIE] Compiling InventoryHUD before PIE...
[2015.03.16-02.14.05:459][129]LogParticles: Destroying 0 GPU particle simulations for FXSystem 0x000000A8EAA88CC0
[2015.03.16-02.14.05:496][129]LogPlayLevel: PIE:  Blueprint regeneration took 1610 ms (8 blueprints)
[2015.03.16-02.14.05:496][129]PIE: New page: PIE session: TestLevel (Mar 15, 2015, 6:14:05 PM)
[2015.03.16-02.14.05:502][129]LogPlayLevel: PIE: StaticDuplicateObject took: (0.005165s)
[2015.03.16-02.14.05:502][129]LogPlayLevel: PIE: World Init took: (0.000433s)
[2015.03.16-02.14.05:502][129]LogPlayLevel: PIE: Created PIE world by copying editor world from /Game/Maps/TestLevel.TestLevel to /Game/Maps/UEDPIE_0_TestLevel.TestLevel (0.005732s)
[2015.03.16-02.14.05:551][129]LogWorld: Game class is 'Kodaina_C'
[2015.03.16-02.14.05:552][129]LogAIModule: Creating AISystem for world TestLevel
[2015.03.16-02.14.05:554][129]LogWorld: Bringing World /Game/Maps/UEDPIE_0_TestLevel.TestLevel up for play (max tick rate 60) at 2015.03.15-22.14.05
[2015.03.16-02.14.05:555][129]LogWorld: Bringing up level for play took: 0.002492
[2015.03.16-02.14.05:566][129]PIE: Info Play in editor start time for /Game/Maps/UEDPIE_0_TestLevel 2.041
[2015.03.16-02.14.15:253][694]LogPropertyNode:Warning: UI Min (0.001) >= UI Max () for Ranged Numeric
[2015.03.16-02.14.15:294][694]LogActorComponent: UnregisterComponent: (/Engine/Transient.CharacterMovementComponent_17) Not registered. Aborting.
[2015.03.16-02.14.15:334][694]LogParticles: Destroying 0 GPU particle simulations for FXSystem 0x000000A8D3118360
[2015.03.16-02.14.27:188][255]LogMaterial: Missing cached shader map for material PreviewMaterial_1, compiling.
[2015.03.16-02.14.27:216][255]LogMaterial: Missing cached shader map for material FMatExpressionPreview MaterialExpressionVectorParameter_1, compiling.
[2015.03.16-02.14.28:682][310]LogMaterial: Missing cached shader map for material PreviewMaterial_1, compiling.
[2015.03.16-02.14.29:168][327]MaterialEditorStats: Info Base pass shader with only dynamic lighting: 32 instructions
[2015.03.16-02.14.29:168][327]MaterialEditorStats: Info Base pass shader for self shadowed translucency: 68 instructions
[2015.03.16-02.14.29:168][327]MaterialEditorStats: Info Vertex shader: 68 instructions
[2015.03.16-02.14.29:168][327]MaterialEditorStats: Info Texture samplers: 4/16
[2015.03.16-02.14.29:850][355]MaterialEditorStats: Info Base pass shader with only dynamic lighting: 31 instructions
[2015.03.16-02.14.29:850][355]MaterialEditorStats: Info Base pass shader for self shadowed translucency: 67 instructions
[2015.03.16-02.14.29:850][355]MaterialEditorStats: Info Vertex shader: 68 instructions
[2015.03.16-02.14.29:850][355]MaterialEditorStats: Info Texture samplers: 4/16
[2015.03.16-02.14.31:539][434]LogMaterial: Missing cached shader map for material PreviewMaterial_1, compiling.
[2015.03.16-02.14.31:569][434]LogMaterial: Missing cached shader map for material FMatExpressionPreview MaterialExpressionVectorParameter_1, compiling.
[2015.03.16-02.14.32:698][481]MaterialEditorStats: Info Base pass shader with only dynamic lighting: 31 instructions
[2015.03.16-02.14.32:698][481]MaterialEditorStats: Info Base pass shader for self shadowed translucency: 67 instructions
[2015.03.16-02.14.32:698][481]MaterialEditorStats: Info Vertex shader: 68 instructions
[2015.03.16-02.14.32:698][481]MaterialEditorStats: Info Texture samplers: 4/16
[2015.03.16-02.14.35:215][596]LogMaterial: Missing cached shader map for material PreviewMaterial_1, compiling.
[2015.03.16-02.14.35:243][596]LogMaterial: Missing cached shader map for material FMatExpressionPreview MaterialExpressionVectorParameter_1, compiling.
[2015.03.16-02.14.36:339][641]MaterialEditorStats: Info Base pass shader with only dynamic lighting: 31 instructions
[2015.03.16-02.14.36:339][641]MaterialEditorStats: Info Base pass shader for self shadowed translucency: 67 instructions
[2015.03.16-02.14.36:339][641]MaterialEditorStats: Info Vertex shader: 68 instructions
[2015.03.16-02.14.36:339][641]MaterialEditorStats: Info Texture samplers: 4/16
[2015.03.16-02.14.38:412][737]LogMaterial: Missing cached shader map for material PreviewMaterial_1, compiling.
[2015.03.16-02.14.38:458][737]LogMaterial: Missing cached shader map for material FMatExpressionPreview MaterialExpressionVectorParameter_1, compiling.
[2015.03.16-02.14.39:537][777]MaterialEditorStats: Info Base pass shader with only dynamic lighting: 32 instructions
[2015.03.16-02.14.39:537][777]MaterialEditorStats: Info Base pass shader for self shadowed translucency: 68 instructions
[2015.03.16-02.14.39:537][777]MaterialEditorStats: Info Vertex shader: 68 instructions
[2015.03.16-02.14.39:537][777]MaterialEditorStats: Info Texture samplers: 4/16
[2015.03.16-02.14.40:528][812]LogMaterial: Missing cached shader map for material PreviewMaterial_1, compiling.
[2015.03.16-02.14.40:554][812]LogMaterial: Missing cached shader map for material FMatExpressionPreview MaterialExpressionVectorParameter_1, compiling.
[2015.03.16-02.14.41:666][858]MaterialEditorStats: Info Base pass shader with only dynamic lighting: 32 instructions
[2015.03.16-02.14.41:666][858]MaterialEditorStats: Info Base pass shader for self shadowed translucency: 68 instructions
[2015.03.16-02.14.41:666][858]MaterialEditorStats: Info Vertex shader: 68 instructions
[2015.03.16-02.14.41:666][858]MaterialEditorStats: Info Texture samplers: 4/16
[2015.03.16-02.14.44:124][971]LogMaterial: Missing cached shader map for material PreviewMaterial_1, compiling.
[2015.03.16-02.14.45:229][ 17]MaterialEditorStats: Info Base pass shader with only dynamic lighting: 33 instructions
[2015.03.16-02.14.45:229][ 17]MaterialEditorStats: Info Base pass shader for self shadowed translucency: 69 instructions
[2015.03.16-02.14.45:229][ 17]MaterialEditorStats: Info Vertex shader: 68 instructions
[2015.03.16-02.14.45:229][ 17]MaterialEditorStats: Info Texture samplers: 4/16
[2015.03.16-02.14.47:528][128]LogMaterialEditor: Applying material M_Basic_Floor2
[2015.03.16-02.14.48:899][128]LogMaterial: Missing cached shader map for material PreviewMaterial_1, compiling.
[2015.03.16-02.14.48:975][128]LogMaterial: Missing cached shader map for material M_Basic_Floor2, compiling.
[2015.03.16-02.14.48:991][128]LogMaterial: Missing cached shader map for material M_Basic_Floor2, compiling.
[2015.03.16-02.14.49:001][128]LogMaterial: 0.004045 seconds spent updating 1 materials, 1 interfaces, 0 instances, 0 with static permutations.
[2015.03.16-02.14.51:570][233]MaterialEditorStats: Info Base pass shader with only dynamic lighting: 50 instructions
[2015.03.16-02.14.51:570][233]MaterialEditorStats: Info Base pass shader for self shadowed translucency: 86 instructions
[2015.03.16-02.14.51:570][233]MaterialEditorStats: Info Vertex shader: 68 instructions
[2015.03.16-02.14.51:570][233]MaterialEditorStats: Info Texture samplers: 4/16
[2015.03.16-02.14.54:874][421]BlueprintLog: New page: Pre-PIE auto-recompile
[2015.03.16-02.14.54:879][421]LogPlayLevel: [PIE] Compiling Enemy before PIE...
[2015.03.16-02.14.55:035][421]LogPlayLevel: [PIE] Compiling MyCharacter before PIE...
[2015.03.16-02.14.55:459][421]LogPlayLevel: [PIE] Compiling TestLevel before PIE...
[2015.03.16-02.14.55:541][421]LogPlayLevel: [PIE] Compiling BattleHUD before PIE...
[2015.03.16-02.14.55:834][421]LogPlayLevel: [PIE] Compiling ShoppingHUD before PIE...
[2015.03.16-02.14.55:981][421]LogPlayLevel: [PIE] Compiling RollingMovingHUD before PIE...
[2015.03.16-02.14.56:117][421]LogPlayLevel: [PIE] Compiling StatusHUD before PIE...
[2015.03.16-02.14.56:260][421]LogPlayLevel: [PIE] Compiling InventoryHUD before PIE...
[2015.03.16-02.14.56:483][421]LogPlayLevel: PIE:  Blueprint regeneration took 1609 ms (8 blueprints)
[2015.03.16-02.14.56:483][421]PIE: New page: PIE session: TestLevel (Mar 15, 2015, 6:14:56 PM)
[2015.03.16-02.14.56:488][421]LogPlayLevel: PIE: StaticDuplicateObject took: (0.005131s)
[2015.03.16-02.14.56:489][421]LogPlayLevel: PIE: World Init took: (0.000998s)
[2015.03.16-02.14.56:490][421]LogPlayLevel: PIE: Created PIE world by copying editor world from /Game/Maps/TestLevel.TestLevel to /Game/Maps/UEDPIE_0_TestLevel.TestLevel (0.006298s)
[2015.03.16-02.14.56:530][421]LogWorld: Game class is 'Kodaina_C'
[2015.03.16-02.14.56:532][421]LogAIModule: Creating AISystem for world TestLevel
[2015.03.16-02.14.56:534][421]LogWorld: Bringing World /Game/Maps/UEDPIE_0_TestLevel.TestLevel up for play (max tick rate 60) at 2015.03.15-22.14.56
[2015.03.16-02.14.56:535][421]LogWorld: Bringing up level for play took: 0.002587
[2015.03.16-02.14.56:546][421]PIE: Info Play in editor start time for /Game/Maps/UEDPIE_0_TestLevel 1.02
[2015.03.16-02.14.59:021][561]LogPropertyNode:Warning: UI Min (0.001) >= UI Max () for Ranged Numeric
[2015.03.16-02.14.59:038][561]LogPropertyNode:Warning: UI Min (0.001) >= UI Max () for Ranged Numeric
[2015.03.16-02.14.59:079][561]LogActorComponent: UnregisterComponent: (/Engine/Transient.CharacterMovementComponent_18) Not registered. Aborting.
[2015.03.16-02.14.59:122][561]LogParticles: Destroying 0 GPU particle simulations for FXSystem 0x000000A8D305D8A0
[2015.03.16-02.15.02:350][701]Cmd: OBJ SAVEPACKAGE PACKAGE="/Game/Maps/TestLevel" FILE="../../../../../../../Users/Owner/Documents/Unreal Projects/Kodaina/Content/Maps/TestLevel.umap" SILENT=true AUTOSAVING=false KEEPDIRTY=false
[2015.03.16-02.15.02:763][701]LogSavePackage: Save=66.029152ms
[2015.03.16-02.15.02:763][701]LogSavePackage: Moving '../../../../../../../Users/Owner/Documents/Unreal Projects/Kodaina/Saved/TestLevel4B63BE714A9846D1C224E2B2E5D53409.tmp' to '../../../../../../../Users/Owner/Documents/Unreal Projects/Kodaina/Content/Maps/TestLevel.umap'
[2015.03.16-02.15.02:844][701]LogFileHelpers: Saving map 'TestLevel' took 0.719
[2015.03.16-02.15.02:858][701]Cmd: OBJ SAVEPACKAGE PACKAGE="/Game/Materials/M_Basic_Floor2" FILE="../../../../../../../Users/Owner/Documents/Unreal Projects/Kodaina/Content/Materials/M_Basic_Floor2.uasset" SILENT=true
[2015.03.16-02.15.03:261][701]LogSavePackage: Save=88.708855ms
[2015.03.16-02.15.03:261][701]LogSavePackage: Moving '../../../../../../../Users/Owner/Documents/Unreal Projects/Kodaina/Saved/M_Basic_Floor2FF06A0044BBD6097CD25E18503353548.tmp' to '../../../../../../../Users/Owner/Documents/Unreal Projects/Kodaina/Content/Materials/M_Basic_Floor2.uasset'
[2015.03.16-02.15.05:034][778]LogMaterial: Missing cached shader map for material PreviewMaterial_1, compiling.
[2015.03.16-02.15.05:111][778]LogMaterial: Missing cached shader map for material PreviewMaterial_1, compiling.
[2015.03.16-02.15.06:022][817]MaterialEditorStats: Info Base pass shader without light map: 7 instructions
[2015.03.16-02.15.06:022][817]MaterialEditorStats: Info Vertex shader: 68 instructions
[2015.03.16-02.15.06:022][817]MaterialEditorStats: Info Texture samplers: 3/16
[2015.03.16-02.15.08:229][921]LogMaterialEditor: Applying material M_Basic_Floor2
[2015.03.16-02.15.09:551][921]LogMaterial: Missing cached shader map for material PreviewMaterial_1, compiling.
[2015.03.16-02.15.09:623][921]LogMaterial: Missing cached shader map for material M_Basic_Floor2, compiling.
[2015.03.16-02.15.09:660][921]LogMaterial: Missing cached shader map for material M_Basic_Floor2, compiling.
[2015.03.16-02.15.09:668][921]LogMaterial: 0.004300 seconds spent updating 1 materials, 1 interfaces, 0 instances, 0 with static permutations.
[2015.03.16-02.15.11:024][978]MaterialEditorStats: Info Base pass shader without light map: 23 instructions
[2015.03.16-02.15.11:024][978]MaterialEditorStats: Info Vertex shader: 68 instructions
[2015.03.16-02.15.11:024][978]MaterialEditorStats: Info Texture samplers: 3/16
[2015.03.16-02.15.15:402][236]BlueprintLog: New page: Pre-PIE auto-recompile
[2015.03.16-02.15.15:408][236]LogPlayLevel: [PIE] Compiling Enemy before PIE...
[2015.03.16-02.15.15:592][236]LogPlayLevel: [PIE] Compiling MyCharacter before PIE...
[2015.03.16-02.15.16:030][236]LogPlayLevel: [PIE] Compiling TestLevel before PIE...
[2015.03.16-02.15.16:098][236]LogPlayLevel: [PIE] Compiling BattleHUD before PIE...
[2015.03.16-02.15.16:424][236]LogPlayLevel: [PIE] Compiling ShoppingHUD before PIE...
[2015.03.16-02.15.16:531][236]LogPlayLevel: [PIE] Compiling RollingMovingHUD before PIE...
[2015.03.16-02.15.16:634][236]LogPlayLevel: [PIE] Compiling StatusHUD before PIE...
[2015.03.16-02.15.16:757][236]LogPlayLevel: [PIE] Compiling InventoryHUD before PIE...
[2015.03.16-02.15.16:975][236]LogPlayLevel: PIE:  Blueprint regeneration took 1572 ms (8 blueprints)
[2015.03.16-02.15.16:975][236]PIE: New page: PIE session: TestLevel (Mar 15, 2015, 6:15:16 PM)
[2015.03.16-02.15.16:981][236]LogPlayLevel: PIE: StaticDuplicateObject took: (0.005641s)
[2015.03.16-02.15.16:982][236]LogPlayLevel: PIE: World Init took: (0.000421s)
[2015.03.16-02.15.16:982][236]LogPlayLevel: PIE: Created PIE world by copying editor world from /Game/Maps/TestLevel.TestLevel to /Game/Maps/UEDPIE_0_TestLevel.TestLevel (0.006205s)
[2015.03.16-02.15.17:024][236]LogWorld: Game class is 'Kodaina_C'
[2015.03.16-02.15.17:026][236]LogAIModule: Creating AISystem for world TestLevel
[2015.03.16-02.15.17:029][236]LogWorld: Bringing World /Game/Maps/UEDPIE_0_TestLevel.TestLevel up for play (max tick rate 60) at 2015.03.15-22.15.17
[2015.03.16-02.15.17:030][236]LogWorld: Bringing up level for play took: 0.003136
[2015.03.16-02.15.17:039][236]PIE: Info Play in editor start time for /Game/Maps/UEDPIE_0_TestLevel 1.514
[2015.03.16-02.15.18:753][318]LogPropertyNode:Warning: UI Min (0.001) >= UI Max () for Ranged Numeric
[2015.03.16-02.15.18:770][318]LogPropertyNode:Warning: UI Min (0.001) >= UI Max () for Ranged Numeric
[2015.03.16-02.15.18:785][318]LogPropertyNode:Warning: UI Min (0.001) >= UI Max () for Ranged Numeric
[2015.03.16-02.15.18:826][318]LogActorComponent: UnregisterComponent: (/Engine/Transient.CharacterMovementComponent_19) Not registered. Aborting.
[2015.03.16-02.15.18:868][318]LogParticles: Destroying 0 GPU particle simulations for FXSystem 0x000000A8F7153240
[2015.03.16-02.15.28:595][885]LogPropertyNode:Warning: UI Min (0.001) >= UI Max () for Ranged Numeric
[2015.03.16-02.15.28:610][885]LogPropertyNode:Warning: UI Min (0.001) >= UI Max () for Ranged Numeric
[2015.03.16-02.15.28:624][885]LogPropertyNode:Warning: UI Min (0.001) >= UI Max () for Ranged Numeric
[2015.03.16-02.15.28:639][885]LogPropertyNode:Warning: UI Min (0.001) >= UI Max () for Ranged Numeric
[2015.03.16-02.15.30:317][885]Cmd: OBJ SAVEPACKAGE PACKAGE="/Game/Maps/TestLevel" FILE="../../../../../../../Users/Owner/Documents/Unreal Projects/Kodaina/Content/Maps/TestLevel.umap" SILENT=true AUTOSAVING=false KEEPDIRTY=false
[2015.03.16-02.15.30:728][885]LogSavePackage: Save=67.098282ms
[2015.03.16-02.15.30:728][885]LogSavePackage: Moving '../../../../../../../Users/Owner/Documents/Unreal Projects/Kodaina/Saved/TestLevelA6D2C7CC453E9F1B134C94B59DBFB20F.tmp' to '../../../../../../../Users/Owner/Documents/Unreal Projects/Kodaina/Content/Maps/TestLevel.umap'
[2015.03.16-02.15.30:813][885]LogFileHelpers: Saving map 'TestLevel' took 0.722
[2015.03.16-02.15.30:827][885]Cmd: OBJ SAVEPACKAGE PACKAGE="/Game/Materials/M_Basic_Floor2" FILE="../../../../../../../Users/Owner/Documents/Unreal Projects/Kodaina/Content/Materials/M_Basic_Floor2.uasset" SILENT=true
[2015.03.16-02.15.31:229][885]LogSavePackage: Save=91.335930ms
[2015.03.16-02.15.31:229][885]LogSavePackage: Moving '../../../../../../../Users/Owner/Documents/Unreal Projects/Kodaina/Saved/M_Basic_Floor248C3EE1D4C87A12E6B815386BF886692.tmp' to '../../../../../../../Users/Owner/Documents/Unreal Projects/Kodaina/Content/Materials/M_Basic_Floor2.uasset'
[2015.03.16-02.15.31:984][886]Cmd: QUIT_EDITOR
[2015.03.16-02.15.32:301][886]LogExit: Preparing to exit.
[2015.03.16-02.15.32:503][886]LogExit: Editor shut down
[2015.03.16-02.15.32:503][886]LogExit: Transaction tracking system shut down
[2015.03.16-02.15.32:505][886]LogParticles: Destroying 0 GPU particle simulations for FXSystem 0x000000A8DB2B1800
[2015.03.16-02.15.32:510][886]LogParticles: Destroying 0 GPU particle simulations for FXSystem 0x000000A8D51E4F40
[2015.03.16-02.15.32:511][886]LogParticles: Destroying 0 GPU particle simulations for FXSystem 0x000000A8D9C99EE0
[2015.03.16-02.15.32:512][886]LogParticles: Destroying 0 GPU particle simulations for FXSystem 0x000000A8CE6FF380
[2015.03.16-02.15.32:512][886]LogParticles: Destroying 0 GPU particle simulations for FXSystem 0x000000A8C90AF2E0
[2015.03.16-02.15.32:513][886]LogParticles: Destroying 0 GPU particle simulations for FXSystem 0x000000A8DBD1D800
[2015.03.16-02.15.32:513][886]LogParticles: Destroying 0 GPU particle simulations for FXSystem 0x000000A8DF016480
[2015.03.16-02.15.32:570][886]LogExit: Object subsystem successfully closed.
[2015.03.16-02.15.32:647][886]LogModuleManager: Shutting down and abandoning module StaticMeshEditor (177)
[2015.03.16-02.15.32:647][886]LogModuleManager: Shutting down and abandoning module MaterialEditor (176)
[2015.03.16-02.15.32:647][886]LogModuleManager: Shutting down and abandoning module SequencerWidgets (175)
[2015.03.16-02.15.32:647][886]LogModuleManager: Shutting down and abandoning module AndroidDeviceDetection (174)
[2015.03.16-02.15.32:647][886]LogModuleManager: Shutting down and abandoning module CrashTracker (173)
[2015.03.16-02.15.32:647][886]LogModuleManager: Shutting down and abandoning module SuperSearch (172)
[2015.03.16-02.15.32:647][886]LogModuleManager: Shutting down and abandoning module SceneOutliner (171)
[2015.03.16-02.15.32:647][886]LogModuleManager: Shutting down and abandoning module EditorWidgets (170)
[2015.03.16-02.15.32:647][886]LogModuleManager: Shutting down and abandoning module CollectionManager (169)
[2015.03.16-02.15.32:647][886]LogModuleManager: Shutting down and abandoning module StatsViewer (168)
[2015.03.16-02.15.32:647][886]LogModuleManager: Shutting down and abandoning module FoliageEdit (167)
[2015.03.16-02.15.32:647][886]LogModuleManager: Shutting down and abandoning module LandscapeEditor (166)
[2015.03.16-02.15.32:647][886]LogModuleManager: Shutting down and abandoning module MeshPaint (165)
[2015.03.16-02.15.32:648][886]LogModuleManager: Shutting down and abandoning module ActorPickerMode (164)
[2015.03.16-02.15.32:648][886]LogModuleManager: Shutting down and abandoning module GeometryMode (163)
[2015.03.16-02.15.32:648][886]LogModuleManager: Shutting down and abandoning module TextureAlignMode (162)
[2015.03.16-02.15.32:648][886]LogModuleManager: Shutting down and abandoning module BspMode (161)
[2015.03.16-02.15.32:648][886]LogModuleManager: Shutting down and abandoning module PlacementMode (160)
[2015.03.16-02.15.32:648][886]LogModuleManager: Shutting down and abandoning module AutomationWorker (159)
[2015.03.16-02.15.32:648][886]LogModuleManager: Shutting down and abandoning module CharacterAI (158)
[2015.03.16-02.15.32:648][886]LogModuleManager: Shutting down and abandoning module GameProjectGeneration (157)
[2015.03.16-02.15.32:648][886]LogModuleManager: Shutting down and abandoning module IntroTutorials (156)
[2015.03.16-02.15.32:648][886]LogModuleManager: Shutting down and abandoning module EditorLiveStreaming (155)
[2015.03.16-02.15.32:648][886]LogModuleManager: Shutting down and abandoning module HardwareTargeting (154)
[2015.03.16-02.15.32:648][886]LogModuleManager: Shutting down and abandoning module DeviceProfileEditor (153)
[2015.03.16-02.15.32:648][886]LogModuleManager: Shutting down and abandoning module UndoHistory (152)
[2015.03.16-02.15.32:648][886]LogModuleManager: Shutting down and abandoning module GameplayTagsEditor (151)
[2015.03.16-02.15.32:648][886]LogModuleManager: Shutting down and abandoning module UserFeedback (150)
[2015.03.16-02.15.32:648][886]LogModuleManager: Shutting down and abandoning module XmlParser (149)
[2015.03.16-02.15.32:648][886]LogModuleManager: Shutting down and abandoning module Blutility (148)
[2015.03.16-02.15.32:648][886]LogModuleManager: Shutting down and abandoning module IOSPlatformEditor (147)
[2015.03.16-02.15.32:648][886]LogModuleManager: Shutting down and abandoning module IOSRuntimeSettings (146)
[2015.03.16-02.15.32:648][886]LogModuleManager: Shutting down and abandoning module AndroidPlatformEditor (145)
[2015.03.16-02.15.32:648][886]LogModuleManager: Shutting down and abandoning module AndroidRuntimeSettings (144)
[2015.03.16-02.15.32:648][886]LogModuleManager: Shutting down and abandoning module ProjectTargetPlatformEditor (143)
[2015.03.16-02.15.32:648][886]LogModuleManager: Shutting down and abandoning module ProjectSettingsViewer (142)
[2015.03.16-02.15.32:648][886]LogModuleManager: Shutting down and abandoning module InputBindingEditor (141)
[2015.03.16-02.15.32:648][886]LogModuleManager: Shutting down and abandoning module EditorSettingsViewer (140)
[2015.03.16-02.15.32:648][886]LogModuleManager: Shutting down and abandoning module SettingsEditor (139)
[2015.03.16-02.15.32:648][886]LogModuleManager: Shutting down and abandoning module ProjectLauncher (138)
[2015.03.16-02.15.32:648][886]LogModuleManager: Shutting down and abandoning module SessionFrontend (137)
[2015.03.16-02.15.32:648][886]LogModuleManager: Shutting down and abandoning module ProfilerClient (136)
[2015.03.16-02.15.32:648][886]LogModuleManager: Shutting down and abandoning module TargetDeviceServices (135)
[2015.03.16-02.15.32:648][886]LogModuleManager: Shutting down and abandoning module DeviceManager (134)
[2015.03.16-02.15.32:648][886]LogModuleManager: Shutting down and abandoning module AutomationController (133)
[2015.03.16-02.15.32:648][886]LogModuleManager: Shutting down and abandoning module AutomationWindow (132)
[2015.03.16-02.15.32:648][886]LogModuleManager: Shutting down and abandoning module Layers (131)
[2015.03.16-02.15.32:648][886]LogModuleManager: Shutting down and abandoning module ComponentVisualizers (130)
[2015.03.16-02.15.32:648][886]LogModuleManager: Shutting down and abandoning module DetailCustomizations (129)
[2015.03.16-02.15.32:648][886]LogModuleManager: Shutting down and abandoning module PackagesDialog (128)
[2015.03.16-02.15.32:649][886]LogModuleManager: Shutting down and abandoning module AssetRegistry (127)
[2015.03.16-02.15.32:691][886]LogModuleManager: Shutting down and abandoning module Persona (126)
[2015.03.16-02.15.32:691][886]LogModuleManager: Shutting down and abandoning module Kismet (125)
[2015.03.16-02.15.32:691][886]LogModuleManager: Shutting down and abandoning module GraphEditor (124)
[2015.03.16-02.15.32:691][886]LogModuleManager: Shutting down and abandoning module ClassViewer (123)
[2015.03.16-02.15.32:691][886]LogModuleManager: Shutting down and abandoning module Toolbox (122)
[2015.03.16-02.15.32:691][886]LogModuleManager: Shutting down and abandoning module ModuleUI (121)
[2015.03.16-02.15.32:691][886]LogModuleManager: Shutting down and abandoning module MovieSceneTools (120)
[2015.03.16-02.15.32:691][886]LogModuleManager: Shutting down and abandoning module OutputLog (119)
[2015.03.16-02.15.32:691][886]LogModuleManager: Shutting down and abandoning module GammaUI (118)
[2015.03.16-02.15.32:691][886]LogModuleManager: Shutting down and abandoning module Documentation (117)
[2015.03.16-02.15.32:691][886]LogModuleManager: Shutting down and abandoning module GameLiveStreaming (116)
[2015.03.16-02.15.32:691][886]LogModuleManager: Shutting down and abandoning module StreamingPauseRendering (115)
[2015.03.16-02.15.32:691][886]LogModuleManager: Shutting down and abandoning module HTTP (114)
[2015.03.16-02.15.32:691][886]LogModuleManager: Shutting down and abandoning module AnalyticsET (113)
[2015.03.16-02.15.32:691][886]LogModuleManager: Shutting down and abandoning module Analytics (112)
[2015.03.16-02.15.32:691][886]LogModuleManager: Shutting down and abandoning module AITestSuite (111)
[2015.03.16-02.15.32:691][886]LogModuleManager: Shutting down and abandoning module AIModule (110)
[2015.03.16-02.15.32:691][886]LogModuleManager: Shutting down and abandoning module ProfilerService (109)
[2015.03.16-02.15.32:700][886]LogModuleManager: Shutting down and abandoning module TaskGraph (108)
[2015.03.16-02.15.32:700][886]LogModuleManager: Shutting down and abandoning module GameplayDebugger (107)
[2015.03.16-02.15.32:700][886]LogModuleManager: Shutting down and abandoning module SlateRemote (106)
[2015.03.16-02.15.32:700][886]LogModuleManager: Shutting down and abandoning module ScriptEditorPlugin (105)
[2015.03.16-02.15.32:700][886]LogModuleManager: Shutting down and abandoning module CustomMeshComponent (104)
[2015.03.16-02.15.32:700][886]LogModuleManager: Shutting down and abandoning module CableComponent (103)
[2015.03.16-02.15.32:700][886]LogModuleManager: Shutting down and abandoning module MessagingDebugger (102)
[2015.03.16-02.15.32:700][886]LogModuleManager: Shutting down and abandoning module MediaPlayerEditor (101)
[2015.03.16-02.15.32:700][886]LogModuleManager: Shutting down and abandoning module SpeedTreeImporter (100)
[2015.03.16-02.15.32:700][886]LogModuleManager: Shutting down and abandoning module PluginsEditor (99)
[2015.03.16-02.15.32:700][886]LogModuleManager: Shutting down and abandoning module EpicSurvey (98)
[2015.03.16-02.15.32:700][886]LogModuleManager: Shutting down and abandoning module DesktopPlatform (97)
[2015.03.16-02.15.32:700][886]LogModuleManager: Shutting down and abandoning module VisualStudioSourceCodeAccess (96)
[2015.03.16-02.15.32:700][886]LogModuleManager: Shutting down and abandoning module UObjectPlugin (95)
[2015.03.16-02.15.32:700][886]LogModuleManager: Shutting down and abandoning module SubversionSourceControl (94)
[2015.03.16-02.15.32:700][886]LogModuleManager: Shutting down and abandoning module SourceControl (93)
[2015.03.16-02.15.32:700][886]LogModuleManager: Shutting down and abandoning module PerforceSourceControl (92)
[2015.03.16-02.15.32:700][886]LogModuleManager: Shutting down and abandoning module BlankPlugin (91)
[2015.03.16-02.15.32:700][886]LogModuleManager: Shutting down and abandoning module SlateReflector (90)
[2015.03.16-02.15.32:700][886]LogModuleManager: Shutting down and abandoning module DirectoryWatcher (89)
[2015.03.16-02.15.32:700][886]LogModuleManager: Shutting down and abandoning module HotReload (88)
[2015.03.16-02.15.32:700][886]LogModuleManager: Shutting down and abandoning module MainFrame (87)
[2015.03.16-02.15.32:700][886]LogModuleManager: Shutting down and abandoning module LevelEditor (86)
[2015.03.16-02.15.32:701][886]LogModuleManager: Shutting down and abandoning module ViewportSnapping (85)
[2015.03.16-02.15.32:701][886]LogModuleManager: Shutting down and abandoning module SmartSnapping (84)
[2015.03.16-02.15.32:701][886]LogModuleManager: Shutting down and abandoning module PaperTiledImporter (83)
[2015.03.16-02.15.32:701][886]LogModuleManager: Shutting down and abandoning module PaperJsonImporter (82)
[2015.03.16-02.15.32:701][886]LogModuleManager: Shutting down and abandoning module ContentBrowser (81)
[2015.03.16-02.15.32:701][886]LogModuleManager: Shutting down and abandoning module Paper2DEditor (80)
[2015.03.16-02.15.32:701][886]LogModuleManager: Shutting down and abandoning module VictoryBPLibrary (79)
[2015.03.16-02.15.32:701][886]LogModuleManager: Shutting down and abandoning module VictoryEdEngine (78)
[2015.03.16-02.15.32:701][886]LogModuleManager: Shutting down and abandoning module ScriptPlugin (77)
[2015.03.16-02.15.32:701][886]LogModuleManager: Shutting down and abandoning module UdpMessaging (76)
[2015.03.16-02.15.32:802][886]LogModuleManager: Shutting down and abandoning module Paper2D (75)
[2015.03.16-02.15.32:802][886]LogModuleManager: Shutting down and abandoning module UE4Game (74)
[2015.03.16-02.15.32:802][886]LogModuleManager: Shutting down and abandoning module WindowsMoviePlayer (73)
[2015.03.16-02.15.32:802][886]LogModuleManager: Shutting down and abandoning module Media (72)
[2015.03.16-02.15.32:802][886]LogModuleManager: Shutting down and abandoning module WmfMedia (71)
[2015.03.16-02.15.32:802][886]LogModuleManager: Shutting down and abandoning module OnlineBlueprintSupport (70)
[2015.03.16-02.15.32:802][886]LogModuleManager: Shutting down and abandoning module PropertyEditor (69)
[2015.03.16-02.15.32:802][886]LogModuleManager: Shutting down and abandoning module BehaviorTreeEditor (68)
[2015.03.16-02.15.32:802][886]LogModuleManager: Shutting down and abandoning module FunctionalTesting (67)
[2015.03.16-02.15.32:802][886]LogModuleManager: Shutting down and abandoning module CollisionAnalyzer (66)
[2015.03.16-02.15.32:802][886]LogModuleManager: Shutting down and abandoning module WorkspaceMenuStructure (65)
[2015.03.16-02.15.32:802][886]LogModuleManager: Shutting down and abandoning module MessageLog (64)
[2015.03.16-02.15.32:802][886]LogModuleManager: Shutting down and abandoning module Sequencer (63)
[2015.03.16-02.15.32:802][886]LogModuleManager: Shutting down and abandoning module AssetTools (62)
[2015.03.16-02.15.32:802][886]LogModuleManager: Shutting down and abandoning module UMGEditor (61)
[2015.03.16-02.15.32:802][886]LogModuleManager: Shutting down and abandoning module UMG (60)
[2015.03.16-02.15.32:802][886]LogModuleManager: Shutting down and abandoning module Slate (59)
[2015.03.16-02.15.32:802][886]LogModuleManager: Shutting down and abandoning module EditorStyle (58)
[2015.03.16-02.15.32:809][886]LogModuleManager: Shutting down and abandoning module SessionServices (57)
[2015.03.16-02.15.32:809][886]LogModuleManager: Shutting down and abandoning module SourceCodeAccess (56)
[2015.03.16-02.15.32:809][886]LogModuleManager: Shutting down and abandoning module HeadMountedDisplay (55)
[2015.03.16-02.15.32:809][886]LogModuleManager: Shutting down and abandoning module XAudio2 (54)
[2015.03.16-02.15.32:809][886]LogModuleManager: Shutting down and abandoning module Networking (52)
[2015.03.16-02.15.32:809][886]LogModuleManager: Shutting down and abandoning module Core (51)
[2015.03.16-02.15.32:809][886]LogModuleManager: Shutting down and abandoning module KismetCompiler (50)
[2015.03.16-02.15.32:809][886]LogModuleManager: Shutting down and abandoning module PhysXFormats (49)
[2015.03.16-02.15.32:809][886]LogModuleManager: Shutting down and abandoning module MeshUtilities (48)
[2015.03.16-02.15.32:809][886]LogModuleManager: Shutting down and abandoning module DerivedDataCache (47)
[2015.03.16-02.15.32:815][886]LogDerivedDataCache: Shutdown
[2015.03.16-02.15.32:815][886]LogModuleManager: Shutting down and abandoning module ShaderFormatOpenGL (46)
[2015.03.16-02.15.32:815][886]LogModuleManager: Shutting down and abandoning module ShaderFormatD3D (45)
[2015.03.16-02.15.32:815][886]LogModuleManager: Shutting down and abandoning module MetalShaderFormat (44)
[2015.03.16-02.15.32:815][886]LogModuleManager: Shutting down and abandoning module TextureFormatUncompressed (43)
[2015.03.16-02.15.32:815][886]LogModuleManager: Shutting down and abandoning module TextureFormatPVR (42)
[2015.03.16-02.15.32:815][886]LogModuleManager: Shutting down and abandoning module TextureFormatDXT (41)
[2015.03.16-02.15.32:815][886]LogModuleManager: Shutting down and abandoning module TextureFormatAndroid (40)
[2015.03.16-02.15.32:815][886]LogModuleManager: Shutting down and abandoning module AudioFormatOpus (39)
[2015.03.16-02.15.32:815][886]LogModuleManager: Shutting down and abandoning module AudioFormatOgg (38)
[2015.03.16-02.15.32:815][886]LogModuleManager: Shutting down and abandoning module AudioFormatADPCM (37)
[2015.03.16-02.15.32:815][886]LogModuleManager: Shutting down and abandoning module LinuxTargetPlatform (36)
[2015.03.16-02.15.32:815][886]LogModuleManager: Shutting down and abandoning module LinuxServerTargetPlatform (35)
[2015.03.16-02.15.32:815][886]LogModuleManager: Shutting down and abandoning module LinuxNoEditorTargetPlatform (34)
[2015.03.16-02.15.32:815][886]LogModuleManager: Shutting down and abandoning module Messaging (33)
[2015.03.16-02.15.32:815][886]LogModuleManager: Shutting down and abandoning module IOSTargetPlatform (32)
[2015.03.16-02.15.32:815][886]LogModuleManager: Shutting down and abandoning module Android_PVRTCTargetPlatform (31)
[2015.03.16-02.15.32:815][886]LogModuleManager: Shutting down and abandoning module Android_ETC2TargetPlatform (30)
[2015.03.16-02.15.32:815][886]LogModuleManager: Shutting down and abandoning module Android_ETC1TargetPlatform (29)
[2015.03.16-02.15.32:815][886]LogModuleManager: Shutting down and abandoning module Android_DXTTargetPlatform (28)
[2015.03.16-02.15.32:815][886]LogModuleManager: Shutting down and abandoning module Android_ATCTargetPlatform (27)
[2015.03.16-02.15.32:815][886]LogModuleManager: Shutting down and abandoning module AndroidTargetPlatform (26)
[2015.03.16-02.15.32:815][886]LogModuleManager: Shutting down and abandoning module WindowsTargetPlatform (25)
[2015.03.16-02.15.32:815][886]LogModuleManager: Shutting down and abandoning module WindowsServerTargetPlatform (24)
[2015.03.16-02.15.32:815][886]LogModuleManager: Shutting down and abandoning module WindowsNoEditorTargetPlatform (23)
[2015.03.16-02.15.32:815][886]LogModuleManager: Shutting down and abandoning module WindowsClientTargetPlatform (22)
[2015.03.16-02.15.32:815][886]LogModuleManager: Shutting down and abandoning module TargetPlatform (21)
[2015.03.16-02.15.32:815][886]LogModuleManager: Shutting down and abandoning module InputCore (20)
[2015.03.16-02.15.32:815][886]LogModuleManager: Shutting down and abandoning module Settings (19)
[2015.03.16-02.15.32:815][886]LogModuleManager: Shutting down and abandoning module ImageWrapper (18)
[2015.03.16-02.15.32:815][886]LogModuleManager: Shutting down and abandoning module OculusRift (15)
[2015.03.16-02.15.32:815][886]LogModuleManager: Shutting down and abandoning module ExampleDeviceProfileSelector (14)
[2015.03.16-02.15.32:815][886]LogModuleManager: Shutting down and abandoning module TextureCompressor (13)
[2015.03.16-02.15.32:815][886]LogModuleManager: Shutting down and abandoning module ShaderCore (12)
[2015.03.16-02.15.32:815][886]LogModuleManager: Shutting down and abandoning module Landscape (11)
[2015.03.16-02.15.32:815][886]LogModuleManager: Shutting down and abandoning module SlateRHIRenderer (10)
[2015.03.16-02.15.32:817][886]LogModuleManager: Shutting down and abandoning module OpenGLDrv (9)
[2015.03.16-02.15.32:817][886]LogModuleManager: Shutting down and abandoning module D3D11RHI (8)
[2015.03.16-02.15.32:817][886]LogModuleManager: Shutting down and abandoning module Renderer (7)
[2015.03.16-02.15.32:817][886]LogModuleManager: Shutting down and abandoning module Engine (6)
[2015.03.16-02.15.32:817][886]LogModuleManager: Shutting down and abandoning module CoreUObject (5)
[2015.03.16-02.15.32:817][886]LogModuleManager: Shutting down and abandoning module NetworkFile (4)
[2015.03.16-02.15.32:817][886]LogModuleManager: Shutting down and abandoning module StreamingFile (3)
[2015.03.16-02.15.32:817][886]LogModuleManager: Shutting down and abandoning module SandboxFile (2)
[2015.03.16-02.15.32:817][886]LogModuleManager: Shutting down and abandoning module PakFile (1)
[2015.03.16-02.15.32:818][886]LogExit: Exiting.
[2015.03.16-02.15.32:822][886]Log file closed, 03/15/15 22:15:32
