Log file open, 02/04/15 22:08:11
LogInit:Display: Running engine for game: KodainaKingdom
LogInit: Version: 4.6.1-2386410+++depot+UE4-Releases+4.6
LogInit: API Version: 2369412
LogInit: Compiled (64-bit): Dec 11 2014 21:31:39
LogInit: Compiled with Visual C++: 18.00.21005.01
LogInit: Build Configuration: Development
LogInit: Branch Name: ++depot+UE4-Releases+4.6
LogInit: Command line:  
LogInit: Base directory: C:/Program Files/UE45/Epic Games/4.6/Engine/Binaries/Win64/
LogInit: Rocket: 1
[2015.02.05-03.08.11:450][  0]LogTaskGraph: Started task graph with 3 named threads and 6 total threads.
[2015.02.05-03.08.11:509][  0]LogOnline:Warning: No default platform service specified for OnlineSubsystem
[2015.02.05-03.08.11:566][  0]LogInit: Presizing for 0 objects not considered by GC, pre-allocating 0 bytes.
[2015.02.05-03.08.11:573][  0]LogInit: Object subsystem initialized
[2015.02.05-03.08.11:575][  0]LogInit: Selected Device Profile: [Windows]
[2015.02.05-03.08.11:575][  0]LogInit: Applying CVar settings loaded from the selected device profile: [Windows]
[2015.02.05-03.08.11:583][  0]LogInit: Computer: ASUS
[2015.02.05-03.08.11:583][  0]LogInit: User: Owner
[2015.02.05-03.08.11:583][  0]LogInit: CPU Page size=4096, Cores=4
[2015.02.05-03.08.11:583][  0]LogInit: High frequency timer resolution =2.338346 MHz
[2015.02.05-03.08.11:583][  0]LogMemory: Memory total: Physical=15.9GB (16GB approx) Virtual=131072.0GB
[2015.02.05-03.08.11:583][  0]LogMemory: Platform Memory Stats for Windows
[2015.02.05-03.08.11:583][  0]LogMemory: Process Physical Memory: 48.86 MB used, 48.86 MB peak
[2015.02.05-03.08.11:583][  0]LogMemory: Process Virtual Memory: 25.04 MB used, 25.04 MB peak
[2015.02.05-03.08.11:583][  0]LogMemory: Physical Memory: 3604.25 MB used, 16267.18 MB total
[2015.02.05-03.08.11:583][  0]LogMemory: Virtual Memory: 274.81 MB used, 134217728.00 MB total
[2015.02.05-03.08.11:729][  0]LogD3D11RHI: Found D3D11 adapter 0: Intel(R) HD Graphics 4600 (Feature Level 11_0)
[2015.02.05-03.08.11:729][  0]LogD3D11RHI: Adapter has 32MB of dedicated video memory, 0MB of dedicated system memory, and 1760MB of shared system memory, 1 output[s]
[2015.02.05-03.08.11:741][  0]LogD3D11RHI: Found D3D11 adapter 1: NVIDIA GeForce GT 750M (Feature Level 11_0)
[2015.02.05-03.08.11:741][  0]LogD3D11RHI: Adapter has 1988MB of dedicated video memory, 0MB of dedicated system memory, and 2048MB of shared system memory, 0 output[s]
[2015.02.05-03.08.11:742][  0]LogD3D11RHI: Found D3D11 adapter 2: Microsoft Basic Render Driver (Feature Level 11_0)
[2015.02.05-03.08.11:742][  0]LogD3D11RHI: Adapter has 0MB of dedicated video memory, 0MB of dedicated system memory, and 256MB of shared system memory, 0 output[s]
[2015.02.05-03.08.11:742][  0]LogD3D11RHI: Chosen D3D11 Adapter Id = 0
[2015.02.05-03.08.11:746][  0]LogRHI: Texture pool is 1361 MB (70% of 1945 MB)
[2015.02.05-03.08.11:759][  0]LogD3D11RHI: Async texture creation enabled
[2015.02.05-03.08.11:920][  0]LogTextLocalizationManager: The requested culture ('en_US') has no localization data; parent culture's ('en') localization data will be used.
[2015.02.05-03.08.12:041][  0]LogContentStreaming: Texture pool size is 0.000000MB
[2015.02.05-03.08.17:469][  0]LogTargetPlatformManager:Display: Building Assets For Windows
[2015.02.05-03.08.18:090][  0]LogTargetPlatformManager:Display: Building Assets For Windows
[2015.02.05-03.08.18:175][  0]LogDerivedDataCache:Display: Max Cache Size: 512 MB
[2015.02.05-03.08.18:213][  0]LogDerivedDataCache: Loaded boot cache 0.04s 39MB C:/Users/Owner/AppData/Local/UnrealEngine/4.6/DerivedDataCache/Boot.ddc.
[2015.02.05-03.08.18:213][  0]LogDerivedDataCache:Display: Loaded Boot cache: C:/Users/Owner/AppData/Local/UnrealEngine/4.6/DerivedDataCache/Boot.ddc
[2015.02.05-03.08.18:213][  0]LogDerivedDataCache: FDerivedDataBackendGraph:  Pak pak cache file ../../../../../../../Users/Owner/Documents/Unreal Projects/Kodaina/DerivedDataCache/DDC.ddp not found, will not use a pak cache.
[2015.02.05-03.08.18:213][  0]LogDerivedDataCache: Unable to find inner node Pak for hierarchical cache Hierarchy.
[2015.02.05-03.08.18:275][  0]LogDerivedDataCache:Display: Pak cache opened for reading ../../../Engine/DerivedDataCache/DDC.ddp.
[2015.02.05-03.08.18:287][  0]LogDerivedDataCache: Using Local data cache path C:/Users/Owner/AppData/Local/UnrealEngine/Common/DerivedDataCache: Writable
[2015.02.05-03.08.18:441][  0]LogCollisionProfile:Warning: Profile (UI) - Custom Channel Name = 'Weapon' hasn't been found
[2015.02.05-03.08.18:597][  0]LogMeshUtilities: No automatic mesh reduction module available
[2015.02.05-03.08.18:597][  0]LogMeshUtilities: No automatic mesh merging module available
[2015.02.05-03.08.19:028][  0]LogInit: WinSock: version 1.1 (2.2), MaxSocks=32767, MaxUdp=65467
[2015.02.05-03.08.19:145][  0]LogSlate:Warning: Failed to load font data from '../../../Engine/Content/Slate/Fonts/Roboto-Italic.ttf'
[2015.02.05-03.08.20:408][  0]UdpMessaging: Initializing bridge on interface 0.0.0.0:0 to multicast group 230.0.0.1:6666.
[2015.02.05-03.08.20:798][  0]LogDirectoryWatcher:Warning: Failed to begin reading directory changes for C:/Users/Owner/Documents/Unreal Projects/Kodaina/Binaries/Win64. Error: 0
[2015.02.05-03.08.21:019][  0]SourceControl: Info Source control is disabled
[2015.02.05-03.08.21:019][  0]SourceControl: Info Source control is disabled
[2015.02.05-03.08.21:032][  0]SourceControl: Info Source control is disabled
[2015.02.05-03.08.21:326][  0]LogObj: 24370 objects as part of root set at end of initial load.
[2015.02.05-03.08.21:326][  0]LogUObjectAllocator: 5269600 out of 0 bytes used by permanent object pool.
[2015.02.05-03.08.21:410][  0]LogEngine: Initializing Engine...
[2015.02.05-03.08.21:559][  0]LogInit: XAudio2 using 'Speakers (M-Audio Micro)' : 2 channels at 44.1 kHz using 16 bits per sample (channel mask 0x3)
[2015.02.05-03.08.21:567][  0]LogInit: FAudioDevice initialized.
[2015.02.05-03.08.21:608][  0]LogAIModule: Creating AISystem for world NewWorld
[2015.02.05-03.08.21:633][  0]LogDerivedDataCache: Saved boot cache 0.02s 39MB C:/Users/Owner/AppData/Local/UnrealEngine/4.6/DerivedDataCache/Boot.ddc.
[2015.02.05-03.08.21:636][  0]LogInit: Texture streaming: Enabled
[2015.02.05-03.08.21:697][  0]LogAnalytics: Creating configured Analytics provider AnalyticsET
[2015.02.05-03.08.21:697][  0]LogAnalytics: ET APIKey = Rocket.Release. APIServer = http://et2.epicgames.com/ET2/. AppVersion = 4.6.1-2386410+++depot+UE4-Releases+4.6
[2015.02.05-03.08.21:698][  0]LogAnalytics: SetUserId d53fbd01599cddc5eda2e5a33cd9f114
[2015.02.05-03.08.21:698][  0]LogAnalytics: AnalyticsET::StartSession [Rocket.Release]
[2015.02.05-03.08.21:734][  0]LogInit: Transaction tracking system initialized
[2015.02.05-03.08.21:986][  0]BlueprintLog: New page: Editor Load
[2015.02.05-03.08.22:064][  0]LogAssetRegistry: FAssetRegistry took 0.0102 seconds to start up
[2015.02.05-03.08.22:065][  0]LogDirectoryWatcher:Warning: Failed to begin reading directory changes for ../../../Engine/Plugins/Experimental/CharacterAI/Content/. Error: 0
[2015.02.05-03.08.23:001][  0]LogTargetPlatformManager:Display: Building Assets For Windows
[2015.02.05-03.08.23:454][  0]LogTargetPlatformManager:Display: Building Assets For Windows
[2015.02.05-03.08.23:841][  0]LogConsoleResponse:Display: 
[2015.02.05-03.08.23:892][  0]LogLinker:Warning: Asset '../../../Engine/Content/Functions/Engine_MaterialFunctions03/Procedurals/ComputeFilterWidth.uasset' has been saved with empty engine version. The asset will be loaded but may be incompatible.
[2015.02.05-03.08.24:222][  0]SourceControl: Info Source control is disabled
[2015.02.05-03.08.24:222][  0]Cmd: MAP LOAD FILE="../../../../../../../Users/Owner/Documents/Unreal Projects/Kodaina/Content/Maps/TestLevel.umap" TEMPLATE=0 SHOWPROGRESS=1
[2015.02.05-03.08.24:223][  0]LightingResults: New page: Lighting Build
[2015.02.05-03.08.24:238][  0]MapCheck: New page: Map Check
[2015.02.05-03.08.24:238][  0]LightingResults: New page: Lighting Build
[2015.02.05-03.08.24:244][  0]LogParticles: Destroying 0 GPU particle simulations for FXSystem 0x000000EB263AEAC0
[2015.02.05-03.08.24:343][  0]LogEditorServer: Finished looking for orphan Actors (0.000 secs)
[2015.02.05-03.08.24:343][  0]LogAIModule: Creating AISystem for world TestLevel
[2015.02.05-03.08.24:344][  0]Cmd: MAP CHECKDEP
[2015.02.05-03.08.24:344][  0]MapCheck: New page: TestLevel - Feb 4, 2015, 5:08:24 PM
[2015.02.05-03.08.24:496][  0]MapCheck: Info Map check complete: 0 Error(s), 0 Warning(s), took 152.768ms to complete.
[2015.02.05-03.08.24:496][  0]LogFileHelpers: Loading map 'TestLevel' took 0.275
[2015.02.05-03.08.24:585][  0]LogCollectionManager: Loaded 0 collections in 0.001546 seconds
[2015.02.05-03.08.24:822][  0]LogCrashTracker: Crashtracker disabled due to settings.
[2015.02.05-03.08.24:828][  0]LogUObjectGlobals:Warning: Failed to find object 'Class None.'
[2015.02.05-03.08.24:855][  0]LogLoad: Full Startup: 15.72 seconds (BP compile: 0.02 seconds)
[2015.02.05-03.08.25:197][  0]LogContentBrowser:Verbose: The content browser source was changed by the sources view to '/Game/Blueprints'
[2015.02.05-03.08.25:335][  0]LogRenderer:Warning: Reallocating scene render targets to support 1168x880.
[2015.02.05-03.08.26:528][  4]LogAssetRegistry: Asset discovery search completed in 4.4750 seconds
[2015.02.05-03.09.11:780][488]LogEditorViewport: Clicking Background
[2015.02.05-03.09.17:019][616]LogPropertyNode:Warning: UI Min (0.001) >= UI Max () for Ranged Numeric
[2015.02.05-03.09.17:022][616]LogPropertyNode:Warning: UI Min (0.001) >= UI Max () for Ranged Numeric
[2015.02.05-03.09.17:076][616]LogPropertyNode:Warning: UI Min (0.001) >= UI Max () for Ranged Numeric
[2015.02.05-03.09.17:077][616]LogPropertyNode:Warning: UI Min (0.001) >= UI Max () for Ranged Numeric
[2015.02.05-03.09.57:949][750]BlueprintLog: New page: Compile MyCharacter
[2015.02.05-03.09.58:292][750]LogPropertyNode:Warning: UI Min (0.001) >= UI Max () for Ranged Numeric
[2015.02.05-03.09.58:292][750]LogPropertyNode:Warning: UI Min (0.001) >= UI Max () for Ranged Numeric
[2015.02.05-03.09.58:423][750]LogActorComponent: UnregisterComponent: (/Engine/Transient.CharacterMovementComponent_0) Not registered. Aborting.
[2015.02.05-03.09.58:600][750]LogPropertyNode:Warning: UI Min (0.001) >= UI Max () for Ranged Numeric
[2015.02.05-03.09.58:601][750]LogPropertyNode:Warning: UI Min (0.001) >= UI Max () for Ranged Numeric
[2015.02.05-03.09.58:646][750]BlueprintEditorCompileResults: Info [0109.52] Compile of MyCharacter successful! [in 492 ms]
[2015.02.05-03.11.48:863][499]BlueprintLog: New page: Compile MyCharacter
[2015.02.05-03.11.49:175][499]LogPropertyNode:Warning: UI Min (0.001) >= UI Max () for Ranged Numeric
[2015.02.05-03.11.49:176][499]LogPropertyNode:Warning: UI Min (0.001) >= UI Max () for Ranged Numeric
[2015.02.05-03.11.49:265][499]LogActorComponent: UnregisterComponent: (/Engine/Transient.CharacterMovementComponent_1) Not registered. Aborting.
[2015.02.05-03.11.49:380][499]LogPropertyNode:Warning: UI Min (0.001) >= UI Max () for Ranged Numeric
[2015.02.05-03.11.49:381][499]LogPropertyNode:Warning: UI Min (0.001) >= UI Max () for Ranged Numeric
[2015.02.05-03.11.49:423][499]BlueprintEditorCompileResults: Info [0220.29] Compile of MyCharacter successful! [in 381 ms]
[2015.02.05-03.11.49:795][511]LogActorComponent: UnregisterComponent: (/Engine/Transient.CharacterMovementComponent_2) Not registered. Aborting.
[2015.02.05-03.11.49:904][511]Cmd: OBJ SAVEPACKAGE PACKAGE="/Game/Blueprints/MyCharacter" FILE="../../../../../../../Users/Owner/Documents/Unreal Projects/Kodaina/Content/Blueprints/MyCharacter.uasset" SILENT=true
[2015.02.05-03.11.50:667][511]LogSavePackage: Save=442.566254ms
[2015.02.05-03.11.50:668][511]LogSavePackage: Moving '../../../../../../../Users/Owner/Documents/Unreal Projects/Kodaina/Saved/MyCharacterF6F1663541B9EB0C28974683C76F6436.tmp' to '../../../../../../../Users/Owner/Documents/Unreal Projects/Kodaina/Content/Blueprints/MyCharacter.uasset'
[2015.02.05-03.11.52:051][582]BlueprintLog: New page: Pre-PIE auto-recompile
[2015.02.05-03.11.52:056][582]LogPlayLevel: [PIE] Compiling Enemy before PIE...
[2015.02.05-03.11.52:217][582]LogPropertyNode:Warning: UI Min (0.001) >= UI Max () for Ranged Numeric
[2015.02.05-03.11.52:217][582]LogPropertyNode:Warning: UI Min (0.001) >= UI Max () for Ranged Numeric
[2015.02.05-03.11.52:235][582]LogActorComponent: UnregisterComponent: (/Engine/Transient.CharacterMovementComponent_3) Not registered. Aborting.
[2015.02.05-03.11.52:250][582]LogPlayLevel: [PIE] Compiling Tutorial_BP_MacroLib before PIE...
[2015.02.05-03.11.52:297][582]LogPlayLevel: [PIE] Compiling TestLevel before PIE...
[2015.02.05-03.11.52:352][582]LogPlayLevel: [PIE] Compiling ShoppingHUD before PIE...
[2015.02.05-03.11.52:472][582]LogPropertyNode:Warning: UI Min (0.001) >= UI Max () for Ranged Numeric
[2015.02.05-03.11.52:473][582]LogPropertyNode:Warning: UI Min (0.001) >= UI Max () for Ranged Numeric
[2015.02.05-03.11.52:501][582]LogPlayLevel: [PIE] Compiling BattleHUD before PIE...
[2015.02.05-03.11.52:797][582]LogPropertyNode:Warning: UI Min (0.001) >= UI Max () for Ranged Numeric
[2015.02.05-03.11.52:798][582]LogPropertyNode:Warning: UI Min (0.001) >= UI Max () for Ranged Numeric
[2015.02.05-03.11.52:823][582]LogPlayLevel: [PIE] Compiling RollingMovingHUD before PIE...
[2015.02.05-03.11.52:926][582]LogPropertyNode:Warning: UI Min (0.001) >= UI Max () for Ranged Numeric
[2015.02.05-03.11.52:927][582]LogPropertyNode:Warning: UI Min (0.001) >= UI Max () for Ranged Numeric
[2015.02.05-03.11.52:958][582]LogPlayLevel: [PIE] Compiling StatusHUD before PIE...
[2015.02.05-03.11.53:090][582]LogPropertyNode:Warning: UI Min (0.001) >= UI Max () for Ranged Numeric
[2015.02.05-03.11.53:090][582]LogPropertyNode:Warning: UI Min (0.001) >= UI Max () for Ranged Numeric
[2015.02.05-03.11.53:116][582]LogPlayLevel: [PIE] Compiling InventoryHUD before PIE...
[2015.02.05-03.11.53:260][582]LogPropertyNode:Warning: UI Min (0.001) >= UI Max () for Ranged Numeric
[2015.02.05-03.11.53:261][582]LogPropertyNode:Warning: UI Min (0.001) >= UI Max () for Ranged Numeric
[2015.02.05-03.11.53:314][582]LogPropertyNode:Warning: UI Min (0.001) >= UI Max () for Ranged Numeric
[2015.02.05-03.11.53:315][582]LogPropertyNode:Warning: UI Min (0.001) >= UI Max () for Ranged Numeric
[2015.02.05-03.11.53:332][582]LogPlayLevel: [PIE] Compiling MyCharacter before PIE...
[2015.02.05-03.11.53:648][582]LogPropertyNode:Warning: UI Min (0.001) >= UI Max () for Ranged Numeric
[2015.02.05-03.11.53:648][582]LogPropertyNode:Warning: UI Min (0.001) >= UI Max () for Ranged Numeric
[2015.02.05-03.11.53:781][582]LogPropertyNode:Warning: UI Min (0.001) >= UI Max () for Ranged Numeric
[2015.02.05-03.11.53:782][582]LogPropertyNode:Warning: UI Min (0.001) >= UI Max () for Ranged Numeric
[2015.02.05-03.11.53:903][582]LogPlayLevel: PIE:  Blueprint regeneration took 1852 ms (9 blueprints)
[2015.02.05-03.11.53:903][582]PIE: New page: PIE session: TestLevel (Feb 4, 2015, 5:11:53 PM)
[2015.02.05-03.11.53:906][582]LogPlayLevel: PIE: StaticDuplicateObject took: (0.002898s)
[2015.02.05-03.11.53:907][582]LogPlayLevel: PIE: World Init took: (0.000511s)
[2015.02.05-03.11.53:907][582]LogPlayLevel: PIE: Created PIE world by copying editor world from /Game/Maps/TestLevel.TestLevel to /Game/Maps/UEDPIE_0_TestLevel.TestLevel (0.003558s)
[2015.02.05-03.11.54:112][582]LogWorld: Game class is 'Kodaina_C'
[2015.02.05-03.11.54:113][582]LogAIModule: Creating AISystem for world TestLevel
[2015.02.05-03.11.54:115][582]LogWorld: Bringing World /Game/Maps/UEDPIE_0_TestLevel.TestLevel up for play (max tick rate 60) at 2015.02.04-22.11.54
[2015.02.05-03.11.54:115][582]LogWorld: Bringing up level for play took: 0.001865
[2015.02.05-03.11.54:123][582]PIE: Info Play in editor start time for /Game/Maps/UEDPIE_0_TestLevel 1.643
[2015.02.05-03.11.58:805][837]LogActorComponent: UnregisterComponent: (/Engine/Transient.CharacterMovementComponent_4) Not registered. Aborting.
[2015.02.05-03.11.58:872][838]LogParticles: Destroying 0 GPU particle simulations for FXSystem 0x000000EB304FF920
[2015.02.05-03.12.13:587][491]BlueprintLog: New page: Compile RollingMovingHUD
[2015.02.05-03.12.13:658][491]LogActorComponent: UnregisterComponent: (/Engine/Transient.CharacterMovementComponent_5) Not registered. Aborting.
[2015.02.05-03.12.13:734][491]LogPropertyNode:Warning: UI Min (0.001) >= UI Max () for Ranged Numeric
[2015.02.05-03.12.13:735][491]LogPropertyNode:Warning: UI Min (0.001) >= UI Max () for Ranged Numeric
[2015.02.05-03.12.13:760][491]BlueprintEditorCompileResults: Info [0244.63] Compile of RollingMovingHUD successful! [in 155 ms]
[2015.02.05-03.12.14:711][525]Cmd: OBJ SAVEPACKAGE PACKAGE="/Game/Blueprints/RollingMovingHUD" FILE="../../../../../../../Users/Owner/Documents/Unreal Projects/Kodaina/Content/Blueprints/RollingMovingHUD.uasset" SILENT=true
[2015.02.05-03.12.15:062][525]LogSavePackage: Save=27.206409ms
[2015.02.05-03.12.15:062][525]LogSavePackage: Moving '../../../../../../../Users/Owner/Documents/Unreal Projects/Kodaina/Saved/RollingMovingHUDAF39A08F40A9B97BCE4910A7235D6F35.tmp' to '../../../../../../../Users/Owner/Documents/Unreal Projects/Kodaina/Content/Blueprints/RollingMovingHUD.uasset'
[2015.02.05-03.12.16:932][617]BlueprintLog: New page: Pre-PIE auto-recompile
[2015.02.05-03.12.16:937][617]LogPlayLevel: [PIE] Compiling Enemy before PIE...
[2015.02.05-03.12.17:120][617]LogPropertyNode:Warning: UI Min (0.001) >= UI Max () for Ranged Numeric
[2015.02.05-03.12.17:120][617]LogPropertyNode:Warning: UI Min (0.001) >= UI Max () for Ranged Numeric
[2015.02.05-03.12.17:138][617]LogActorComponent: UnregisterComponent: (/Engine/Transient.CharacterMovementComponent_6) Not registered. Aborting.
[2015.02.05-03.12.17:176][617]LogPropertyNode:Warning: UI Min (0.001) >= UI Max () for Ranged Numeric
[2015.02.05-03.12.17:176][617]LogPropertyNode:Warning: UI Min (0.001) >= UI Max () for Ranged Numeric
[2015.02.05-03.12.17:194][617]LogPlayLevel: [PIE] Compiling MyCharacter before PIE...
[2015.02.05-03.12.17:497][617]LogPropertyNode:Warning: UI Min (0.001) >= UI Max () for Ranged Numeric
[2015.02.05-03.12.17:497][617]LogPropertyNode:Warning: UI Min (0.001) >= UI Max () for Ranged Numeric
[2015.02.05-03.12.17:624][617]LogPropertyNode:Warning: UI Min (0.001) >= UI Max () for Ranged Numeric
[2015.02.05-03.12.17:625][617]LogPropertyNode:Warning: UI Min (0.001) >= UI Max () for Ranged Numeric
[2015.02.05-03.12.17:680][617]LogPlayLevel: [PIE] Compiling TestLevel before PIE...
[2015.02.05-03.12.17:734][617]LogPlayLevel: [PIE] Compiling ShoppingHUD before PIE...
[2015.02.05-03.12.17:846][617]LogPropertyNode:Warning: UI Min (0.001) >= UI Max () for Ranged Numeric
[2015.02.05-03.12.17:847][617]LogPropertyNode:Warning: UI Min (0.001) >= UI Max () for Ranged Numeric
[2015.02.05-03.12.17:875][617]LogPlayLevel: [PIE] Compiling BattleHUD before PIE...
[2015.02.05-03.12.18:236][617]LogPropertyNode:Warning: UI Min (0.001) >= UI Max () for Ranged Numeric
[2015.02.05-03.12.18:236][617]LogPropertyNode:Warning: UI Min (0.001) >= UI Max () for Ranged Numeric
[2015.02.05-03.12.18:262][617]LogPlayLevel: [PIE] Compiling StatusHUD before PIE...
[2015.02.05-03.12.18:393][617]LogPropertyNode:Warning: UI Min (0.001) >= UI Max () for Ranged Numeric
[2015.02.05-03.12.18:393][617]LogPropertyNode:Warning: UI Min (0.001) >= UI Max () for Ranged Numeric
[2015.02.05-03.12.18:420][617]LogPlayLevel: [PIE] Compiling InventoryHUD before PIE...
[2015.02.05-03.12.18:573][617]LogPropertyNode:Warning: UI Min (0.001) >= UI Max () for Ranged Numeric
[2015.02.05-03.12.18:574][617]LogPropertyNode:Warning: UI Min (0.001) >= UI Max () for Ranged Numeric
[2015.02.05-03.12.18:603][617]LogPlayLevel: [PIE] Compiling RollingMovingHUD before PIE...
[2015.02.05-03.12.18:717][617]LogPropertyNode:Warning: UI Min (0.001) >= UI Max () for Ranged Numeric
[2015.02.05-03.12.18:717][617]LogPropertyNode:Warning: UI Min (0.001) >= UI Max () for Ranged Numeric
[2015.02.05-03.12.18:814][617]LogPlayLevel: PIE:  Blueprint regeneration took 1881 ms (8 blueprints)
[2015.02.05-03.12.18:814][617]PIE: New page: PIE session: TestLevel (Feb 4, 2015, 5:12:18 PM)
[2015.02.05-03.12.18:817][617]LogPlayLevel: PIE: StaticDuplicateObject took: (0.002988s)
[2015.02.05-03.12.18:818][617]LogPlayLevel: PIE: World Init took: (0.000488s)
[2015.02.05-03.12.18:818][617]LogPlayLevel: PIE: Created PIE world by copying editor world from /Game/Maps/TestLevel.TestLevel to /Game/Maps/UEDPIE_0_TestLevel.TestLevel (0.003668s)
[2015.02.05-03.12.18:854][617]LogWorld: Game class is 'Kodaina_C'
[2015.02.05-03.12.18:856][617]LogAIModule: Creating AISystem for world TestLevel
[2015.02.05-03.12.18:857][617]LogWorld: Bringing World /Game/Maps/UEDPIE_0_TestLevel.TestLevel up for play (max tick rate 60) at 2015.02.04-22.12.18
[2015.02.05-03.12.18:858][617]LogWorld: Bringing up level for play took: 0.001760
[2015.02.05-03.12.18:864][617]PIE: Info Play in editor start time for /Game/Maps/UEDPIE_0_TestLevel 2.386
[2015.02.05-03.12.30:152][280]LogActorComponent: UnregisterComponent: (/Engine/Transient.CharacterMovementComponent_7) Not registered. Aborting.
[2015.02.05-03.12.30:212][281]LogParticles: Destroying 0 GPU particle simulations for FXSystem 0x000000EB30F3C7C0
[2015.02.05-03.12.47:699][996]LogActorComponent: UnregisterComponent: (/Engine/Transient.CharacterMovementComponent_8) Not registered. Aborting.
[2015.02.05-03.12.47:723][996]LogParticles: Destroying 0 GPU particle simulations for FXSystem 0x000000EB3875F920
[2015.02.05-03.12.47:828][996]Cmd: OBJ SAVEPACKAGE PACKAGE="/Game/Blueprints/MyCharacter" FILE="../../../../../../../Users/Owner/Documents/Unreal Projects/Kodaina/Content/Blueprints/MyCharacter.uasset" SILENT=true
[2015.02.05-03.12.48:590][996]LogSavePackage: Save=445.303223ms
[2015.02.05-03.12.48:590][996]LogSavePackage: Moving '../../../../../../../Users/Owner/Documents/Unreal Projects/Kodaina/Saved/MyCharacterE42F680E44360F70C015358AA4C5A8AC.tmp' to '../../../../../../../Users/Owner/Documents/Unreal Projects/Kodaina/Content/Blueprints/MyCharacter.uasset'
[2015.02.05-03.12.48:968][ 12]BlueprintLog: New page: Compile MyCharacter
[2015.02.05-03.12.49:271][ 12]LogPropertyNode:Warning: UI Min (0.001) >= UI Max () for Ranged Numeric
[2015.02.05-03.12.49:272][ 12]LogPropertyNode:Warning: UI Min (0.001) >= UI Max () for Ranged Numeric
[2015.02.05-03.12.49:360][ 12]LogActorComponent: UnregisterComponent: (/Engine/Transient.CharacterMovementComponent_9) Not registered. Aborting.
[2015.02.05-03.12.49:436][ 12]LogPropertyNode:Warning: UI Min (0.001) >= UI Max () for Ranged Numeric
[2015.02.05-03.12.49:436][ 12]LogPropertyNode:Warning: UI Min (0.001) >= UI Max () for Ranged Numeric
[2015.02.05-03.12.49:484][ 12]BlueprintEditorCompileResults: Info [0280.35] Compile of MyCharacter successful! [in 346 ms]
[2015.02.05-03.12.53:007][176]BlueprintLog: New page: Pre-PIE auto-recompile
[2015.02.05-03.12.53:013][176]LogPlayLevel: [PIE] Compiling Enemy before PIE...
[2015.02.05-03.12.53:163][176]LogPropertyNode:Warning: UI Min (0.001) >= UI Max () for Ranged Numeric
[2015.02.05-03.12.53:164][176]LogPropertyNode:Warning: UI Min (0.001) >= UI Max () for Ranged Numeric
[2015.02.05-03.12.53:182][176]LogActorComponent: UnregisterComponent: (/Engine/Transient.CharacterMovementComponent_10) Not registered. Aborting.
[2015.02.05-03.12.53:195][176]LogPlayLevel: [PIE] Compiling TestLevel before PIE...
[2015.02.05-03.12.53:245][176]LogPlayLevel: [PIE] Compiling ShoppingHUD before PIE...
[2015.02.05-03.12.53:354][176]LogPropertyNode:Warning: UI Min (0.001) >= UI Max () for Ranged Numeric
[2015.02.05-03.12.53:355][176]LogPropertyNode:Warning: UI Min (0.001) >= UI Max () for Ranged Numeric
[2015.02.05-03.12.53:383][176]LogPlayLevel: [PIE] Compiling BattleHUD before PIE...
[2015.02.05-03.12.53:682][176]LogPropertyNode:Warning: UI Min (0.001) >= UI Max () for Ranged Numeric
[2015.02.05-03.12.53:683][176]LogPropertyNode:Warning: UI Min (0.001) >= UI Max () for Ranged Numeric
[2015.02.05-03.12.53:708][176]LogPlayLevel: [PIE] Compiling RollingMovingHUD before PIE...
[2015.02.05-03.12.53:811][176]LogPropertyNode:Warning: UI Min (0.001) >= UI Max () for Ranged Numeric
[2015.02.05-03.12.53:811][176]LogPropertyNode:Warning: UI Min (0.001) >= UI Max () for Ranged Numeric
[2015.02.05-03.12.53:843][176]LogPlayLevel: [PIE] Compiling StatusHUD before PIE...
[2015.02.05-03.12.53:969][176]LogPropertyNode:Warning: UI Min (0.001) >= UI Max () for Ranged Numeric
[2015.02.05-03.12.53:970][176]LogPropertyNode:Warning: UI Min (0.001) >= UI Max () for Ranged Numeric
[2015.02.05-03.12.53:996][176]LogPlayLevel: [PIE] Compiling InventoryHUD before PIE...
[2015.02.05-03.12.54:140][176]LogPropertyNode:Warning: UI Min (0.001) >= UI Max () for Ranged Numeric
[2015.02.05-03.12.54:140][176]LogPropertyNode:Warning: UI Min (0.001) >= UI Max () for Ranged Numeric
[2015.02.05-03.12.54:188][176]LogPropertyNode:Warning: UI Min (0.001) >= UI Max () for Ranged Numeric
[2015.02.05-03.12.54:189][176]LogPropertyNode:Warning: UI Min (0.001) >= UI Max () for Ranged Numeric
[2015.02.05-03.12.54:206][176]LogPlayLevel: [PIE] Compiling MyCharacter before PIE...
[2015.02.05-03.12.54:508][176]LogPropertyNode:Warning: UI Min (0.001) >= UI Max () for Ranged Numeric
[2015.02.05-03.12.54:509][176]LogPropertyNode:Warning: UI Min (0.001) >= UI Max () for Ranged Numeric
[2015.02.05-03.12.54:629][176]LogPropertyNode:Warning: UI Min (0.001) >= UI Max () for Ranged Numeric
[2015.02.05-03.12.54:630][176]LogPropertyNode:Warning: UI Min (0.001) >= UI Max () for Ranged Numeric
[2015.02.05-03.12.54:744][176]LogPlayLevel: PIE:  Blueprint regeneration took 1736 ms (8 blueprints)
[2015.02.05-03.12.54:744][176]PIE: New page: PIE session: TestLevel (Feb 4, 2015, 5:12:54 PM)
[2015.02.05-03.12.54:747][176]LogPlayLevel: PIE: StaticDuplicateObject took: (0.002882s)
[2015.02.05-03.12.54:748][176]LogPlayLevel: PIE: World Init took: (0.000506s)
[2015.02.05-03.12.54:748][176]LogPlayLevel: PIE: Created PIE world by copying editor world from /Game/Maps/TestLevel.TestLevel to /Game/Maps/UEDPIE_0_TestLevel.TestLevel (0.003523s)
[2015.02.05-03.12.54:790][176]LogWorld: Game class is 'Kodaina_C'
[2015.02.05-03.12.54:792][176]LogAIModule: Creating AISystem for world TestLevel
[2015.02.05-03.12.54:794][176]LogWorld: Bringing World /Game/Maps/UEDPIE_0_TestLevel.TestLevel up for play (max tick rate 60) at 2015.02.04-22.12.54
[2015.02.05-03.12.54:794][176]LogWorld: Bringing up level for play took: 0.002552
[2015.02.05-03.12.54:802][176]PIE: Info Play in editor start time for /Game/Maps/UEDPIE_0_TestLevel 2.324
[2015.02.05-03.13.14:660][346]LogActorComponent: UnregisterComponent: (/Engine/Transient.CharacterMovementComponent_11) Not registered. Aborting.
[2015.02.05-03.13.14:724][347]LogParticles: Destroying 0 GPU particle simulations for FXSystem 0x000000EB2D4400E0
[2015.02.05-03.13.25:751][934]LogActorComponent: UnregisterComponent: (/Engine/Transient.CharacterMovementComponent_12) Not registered. Aborting.
[2015.02.05-03.13.26:574][935]Cmd: QUIT_EDITOR
[2015.02.05-03.13.26:903][935]LogExit: Preparing to exit.
[2015.02.05-03.13.27:710][935]LogExit: Editor shut down
[2015.02.05-03.13.27:710][935]LogExit: Transaction tracking system shut down
[2015.02.05-03.13.27:710][935]LogParticles: Destroying 0 GPU particle simulations for FXSystem 0x000000EB236C6CA0
[2015.02.05-03.13.27:711][935]LogParticles: Destroying 0 GPU particle simulations for FXSystem 0x000000EB21BED6C0
[2015.02.05-03.13.27:713][935]LogParticles: Destroying 0 GPU particle simulations for FXSystem 0x000000EB3766DDA0
[2015.02.05-03.13.27:767][935]LogExit: Object subsystem successfully closed.
[2015.02.05-03.13.27:847][935]LogModuleManager: Shutting down and abandoning module SequencerWidgets (175)
[2015.02.05-03.13.27:847][935]LogModuleManager: Shutting down and abandoning module AndroidDeviceDetection (174)
[2015.02.05-03.13.27:847][935]LogModuleManager: Shutting down and abandoning module CrashTracker (173)
[2015.02.05-03.13.27:847][935]LogModuleManager: Shutting down and abandoning module SuperSearch (172)
[2015.02.05-03.13.27:847][935]LogModuleManager: Shutting down and abandoning module SceneOutliner (171)
[2015.02.05-03.13.27:847][935]LogModuleManager: Shutting down and abandoning module EditorWidgets (170)
[2015.02.05-03.13.27:847][935]LogModuleManager: Shutting down and abandoning module CollectionManager (169)
[2015.02.05-03.13.27:847][935]LogModuleManager: Shutting down and abandoning module StatsViewer (168)
[2015.02.05-03.13.27:847][935]LogModuleManager: Shutting down and abandoning module FoliageEdit (167)
[2015.02.05-03.13.27:847][935]LogModuleManager: Shutting down and abandoning module LandscapeEditor (166)
[2015.02.05-03.13.27:847][935]LogModuleManager: Shutting down and abandoning module MeshPaint (165)
[2015.02.05-03.13.27:847][935]LogModuleManager: Shutting down and abandoning module ActorPickerMode (164)
[2015.02.05-03.13.27:847][935]LogModuleManager: Shutting down and abandoning module GeometryMode (163)
[2015.02.05-03.13.27:847][935]LogModuleManager: Shutting down and abandoning module TextureAlignMode (162)
[2015.02.05-03.13.27:847][935]LogModuleManager: Shutting down and abandoning module BspMode (161)
[2015.02.05-03.13.27:847][935]LogModuleManager: Shutting down and abandoning module PlacementMode (160)
[2015.02.05-03.13.27:847][935]LogModuleManager: Shutting down and abandoning module AutomationWorker (159)
[2015.02.05-03.13.27:847][935]LogModuleManager: Shutting down and abandoning module CharacterAI (158)
[2015.02.05-03.13.27:847][935]LogModuleManager: Shutting down and abandoning module GameProjectGeneration (157)
[2015.02.05-03.13.27:847][935]LogModuleManager: Shutting down and abandoning module IntroTutorials (156)
[2015.02.05-03.13.27:848][935]LogModuleManager: Shutting down and abandoning module EditorLiveStreaming (155)
[2015.02.05-03.13.27:848][935]LogModuleManager: Shutting down and abandoning module HardwareTargeting (154)
[2015.02.05-03.13.27:848][935]LogModuleManager: Shutting down and abandoning module DeviceProfileEditor (153)
[2015.02.05-03.13.27:848][935]LogModuleManager: Shutting down and abandoning module UndoHistory (152)
[2015.02.05-03.13.27:848][935]LogModuleManager: Shutting down and abandoning module GameplayTagsEditor (151)
[2015.02.05-03.13.27:848][935]LogModuleManager: Shutting down and abandoning module UserFeedback (150)
[2015.02.05-03.13.27:848][935]LogModuleManager: Shutting down and abandoning module XmlParser (149)
[2015.02.05-03.13.27:848][935]LogModuleManager: Shutting down and abandoning module Blutility (148)
[2015.02.05-03.13.27:848][935]LogModuleManager: Shutting down and abandoning module IOSPlatformEditor (147)
[2015.02.05-03.13.27:848][935]LogModuleManager: Shutting down and abandoning module IOSRuntimeSettings (146)
[2015.02.05-03.13.27:848][935]LogModuleManager: Shutting down and abandoning module AndroidPlatformEditor (145)
[2015.02.05-03.13.27:848][935]LogModuleManager: Shutting down and abandoning module AndroidRuntimeSettings (144)
[2015.02.05-03.13.27:848][935]LogModuleManager: Shutting down and abandoning module ProjectTargetPlatformEditor (143)
[2015.02.05-03.13.27:848][935]LogModuleManager: Shutting down and abandoning module ProjectSettingsViewer (142)
[2015.02.05-03.13.27:848][935]LogModuleManager: Shutting down and abandoning module InputBindingEditor (141)
[2015.02.05-03.13.27:848][935]LogModuleManager: Shutting down and abandoning module EditorSettingsViewer (140)
[2015.02.05-03.13.27:848][935]LogModuleManager: Shutting down and abandoning module SettingsEditor (139)
[2015.02.05-03.13.27:848][935]LogModuleManager: Shutting down and abandoning module ProjectLauncher (138)
[2015.02.05-03.13.27:848][935]LogModuleManager: Shutting down and abandoning module SessionFrontend (137)
[2015.02.05-03.13.27:848][935]LogModuleManager: Shutting down and abandoning module ProfilerClient (136)
[2015.02.05-03.13.27:848][935]LogModuleManager: Shutting down and abandoning module TargetDeviceServices (135)
[2015.02.05-03.13.27:848][935]LogModuleManager: Shutting down and abandoning module DeviceManager (134)
[2015.02.05-03.13.27:848][935]LogModuleManager: Shutting down and abandoning module AutomationController (133)
[2015.02.05-03.13.27:848][935]LogModuleManager: Shutting down and abandoning module AutomationWindow (132)
[2015.02.05-03.13.27:848][935]LogModuleManager: Shutting down and abandoning module Layers (131)
[2015.02.05-03.13.27:848][935]LogModuleManager: Shutting down and abandoning module ComponentVisualizers (130)
[2015.02.05-03.13.27:848][935]LogModuleManager: Shutting down and abandoning module DetailCustomizations (129)
[2015.02.05-03.13.27:849][935]LogModuleManager: Shutting down and abandoning module PackagesDialog (128)
[2015.02.05-03.13.27:849][935]LogModuleManager: Shutting down and abandoning module AssetRegistry (127)
[2015.02.05-03.13.27:955][935]LogModuleManager: Shutting down and abandoning module Persona (126)
[2015.02.05-03.13.27:955][935]LogModuleManager: Shutting down and abandoning module Kismet (125)
[2015.02.05-03.13.27:955][935]LogModuleManager: Shutting down and abandoning module GraphEditor (124)
[2015.02.05-03.13.27:955][935]LogModuleManager: Shutting down and abandoning module ClassViewer (123)
[2015.02.05-03.13.27:955][935]LogModuleManager: Shutting down and abandoning module Toolbox (122)
[2015.02.05-03.13.27:955][935]LogModuleManager: Shutting down and abandoning module ModuleUI (121)
[2015.02.05-03.13.27:955][935]LogModuleManager: Shutting down and abandoning module MovieSceneTools (120)
[2015.02.05-03.13.27:956][935]LogModuleManager: Shutting down and abandoning module OutputLog (119)
[2015.02.05-03.13.27:956][935]LogModuleManager: Shutting down and abandoning module GammaUI (118)
[2015.02.05-03.13.27:956][935]LogModuleManager: Shutting down and abandoning module Documentation (117)
[2015.02.05-03.13.27:956][935]LogModuleManager: Shutting down and abandoning module GameLiveStreaming (116)
[2015.02.05-03.13.27:956][935]LogModuleManager: Shutting down and abandoning module StreamingPauseRendering (115)
[2015.02.05-03.13.27:956][935]LogModuleManager: Shutting down and abandoning module HTTP (114)
[2015.02.05-03.13.27:956][935]LogModuleManager: Shutting down and abandoning module AnalyticsET (113)
[2015.02.05-03.13.27:956][935]LogModuleManager: Shutting down and abandoning module Analytics (112)
[2015.02.05-03.13.27:956][935]LogModuleManager: Shutting down and abandoning module AITestSuite (111)
[2015.02.05-03.13.27:956][935]LogModuleManager: Shutting down and abandoning module AIModule (110)
[2015.02.05-03.13.27:956][935]LogModuleManager: Shutting down and abandoning module ProfilerService (109)
[2015.02.05-03.13.28:109][935]LogModuleManager: Shutting down and abandoning module TaskGraph (108)
[2015.02.05-03.13.28:109][935]LogModuleManager: Shutting down and abandoning module GameplayDebugger (107)
[2015.02.05-03.13.28:109][935]LogModuleManager: Shutting down and abandoning module SlateRemote (106)
[2015.02.05-03.13.28:109][935]LogModuleManager: Shutting down and abandoning module ScriptEditorPlugin (105)
[2015.02.05-03.13.28:109][935]LogModuleManager: Shutting down and abandoning module CustomMeshComponent (104)
[2015.02.05-03.13.28:109][935]LogModuleManager: Shutting down and abandoning module CableComponent (103)
[2015.02.05-03.13.28:109][935]LogModuleManager: Shutting down and abandoning module MessagingDebugger (102)
[2015.02.05-03.13.28:109][935]LogModuleManager: Shutting down and abandoning module MediaPlayerEditor (101)
[2015.02.05-03.13.28:109][935]LogModuleManager: Shutting down and abandoning module SpeedTreeImporter (100)
[2015.02.05-03.13.28:109][935]LogModuleManager: Shutting down and abandoning module PluginsEditor (99)
[2015.02.05-03.13.28:109][935]LogModuleManager: Shutting down and abandoning module EpicSurvey (98)
[2015.02.05-03.13.28:109][935]LogModuleManager: Shutting down and abandoning module DesktopPlatform (97)
[2015.02.05-03.13.28:109][935]LogModuleManager: Shutting down and abandoning module VisualStudioSourceCodeAccess (96)
[2015.02.05-03.13.28:109][935]LogModuleManager: Shutting down and abandoning module UObjectPlugin (95)
[2015.02.05-03.13.28:109][935]LogModuleManager: Shutting down and abandoning module SubversionSourceControl (94)
[2015.02.05-03.13.28:109][935]LogModuleManager: Shutting down and abandoning module SourceControl (93)
[2015.02.05-03.13.28:109][935]LogModuleManager: Shutting down and abandoning module PerforceSourceControl (92)
[2015.02.05-03.13.28:109][935]LogModuleManager: Shutting down and abandoning module BlankPlugin (91)
[2015.02.05-03.13.28:109][935]LogModuleManager: Shutting down and abandoning module SlateReflector (90)
[2015.02.05-03.13.28:109][935]LogModuleManager: Shutting down and abandoning module DirectoryWatcher (89)
[2015.02.05-03.13.28:109][935]LogModuleManager: Shutting down and abandoning module HotReload (88)
[2015.02.05-03.13.28:109][935]LogModuleManager: Shutting down and abandoning module MainFrame (87)
[2015.02.05-03.13.28:109][935]LogModuleManager: Shutting down and abandoning module LevelEditor (86)
[2015.02.05-03.13.28:110][935]LogModuleManager: Shutting down and abandoning module ViewportSnapping (85)
[2015.02.05-03.13.28:110][935]LogModuleManager: Shutting down and abandoning module SmartSnapping (84)
[2015.02.05-03.13.28:110][935]LogModuleManager: Shutting down and abandoning module PaperTiledImporter (83)
[2015.02.05-03.13.28:110][935]LogModuleManager: Shutting down and abandoning module PaperJsonImporter (82)
[2015.02.05-03.13.28:110][935]LogModuleManager: Shutting down and abandoning module ContentBrowser (81)
[2015.02.05-03.13.28:110][935]LogModuleManager: Shutting down and abandoning module Paper2DEditor (80)
[2015.02.05-03.13.28:110][935]LogModuleManager: Shutting down and abandoning module VictoryBPLibrary (79)
[2015.02.05-03.13.28:110][935]LogModuleManager: Shutting down and abandoning module VictoryEdEngine (78)
[2015.02.05-03.13.28:110][935]LogModuleManager: Shutting down and abandoning module ScriptPlugin (77)
[2015.02.05-03.13.28:110][935]LogModuleManager: Shutting down and abandoning module UdpMessaging (76)
[2015.02.05-03.13.28:211][935]LogModuleManager: Shutting down and abandoning module Paper2D (75)
[2015.02.05-03.13.28:211][935]LogModuleManager: Shutting down and abandoning module UE4Game (74)
[2015.02.05-03.13.28:211][935]LogModuleManager: Shutting down and abandoning module WindowsMoviePlayer (73)
[2015.02.05-03.13.28:213][935]LogModuleManager: Shutting down and abandoning module Media (72)
[2015.02.05-03.13.28:213][935]LogModuleManager: Shutting down and abandoning module WmfMedia (71)
[2015.02.05-03.13.28:213][935]LogModuleManager: Shutting down and abandoning module OnlineBlueprintSupport (70)
[2015.02.05-03.13.28:213][935]LogModuleManager: Shutting down and abandoning module PropertyEditor (69)
[2015.02.05-03.13.28:213][935]LogModuleManager: Shutting down and abandoning module BehaviorTreeEditor (68)
[2015.02.05-03.13.28:213][935]LogModuleManager: Shutting down and abandoning module FunctionalTesting (67)
[2015.02.05-03.13.28:213][935]LogModuleManager: Shutting down and abandoning module CollisionAnalyzer (66)
[2015.02.05-03.13.28:213][935]LogModuleManager: Shutting down and abandoning module WorkspaceMenuStructure (65)
[2015.02.05-03.13.28:213][935]LogModuleManager: Shutting down and abandoning module MessageLog (64)
[2015.02.05-03.13.28:213][935]LogModuleManager: Shutting down and abandoning module Sequencer (63)
[2015.02.05-03.13.28:213][935]LogModuleManager: Shutting down and abandoning module AssetTools (62)
[2015.02.05-03.13.28:213][935]LogModuleManager: Shutting down and abandoning module UMGEditor (61)
[2015.02.05-03.13.28:213][935]LogModuleManager: Shutting down and abandoning module UMG (60)
[2015.02.05-03.13.28:213][935]LogModuleManager: Shutting down and abandoning module Slate (59)
[2015.02.05-03.13.28:214][935]LogModuleManager: Shutting down and abandoning module EditorStyle (58)
[2015.02.05-03.13.28:222][935]LogModuleManager: Shutting down and abandoning module SessionServices (57)
[2015.02.05-03.13.28:222][935]LogModuleManager: Shutting down and abandoning module SourceCodeAccess (56)
[2015.02.05-03.13.28:222][935]LogModuleManager: Shutting down and abandoning module HeadMountedDisplay (55)
[2015.02.05-03.13.28:222][935]LogModuleManager: Shutting down and abandoning module XAudio2 (54)
[2015.02.05-03.13.28:222][935]LogModuleManager: Shutting down and abandoning module Networking (52)
[2015.02.05-03.13.28:222][935]LogModuleManager: Shutting down and abandoning module Core (51)
[2015.02.05-03.13.28:222][935]LogModuleManager: Shutting down and abandoning module KismetCompiler (50)
[2015.02.05-03.13.28:222][935]LogModuleManager: Shutting down and abandoning module PhysXFormats (49)
[2015.02.05-03.13.28:222][935]LogModuleManager: Shutting down and abandoning module MeshUtilities (48)
[2015.02.05-03.13.28:222][935]LogModuleManager: Shutting down and abandoning module DerivedDataCache (47)
[2015.02.05-03.13.28:298][935]LogDerivedDataCache: Shutdown
[2015.02.05-03.13.28:298][935]LogModuleManager: Shutting down and abandoning module ShaderFormatOpenGL (46)
[2015.02.05-03.13.28:298][935]LogModuleManager: Shutting down and abandoning module ShaderFormatD3D (45)
[2015.02.05-03.13.28:298][935]LogModuleManager: Shutting down and abandoning module MetalShaderFormat (44)
[2015.02.05-03.13.28:298][935]LogModuleManager: Shutting down and abandoning module TextureFormatUncompressed (43)
[2015.02.05-03.13.28:298][935]LogModuleManager: Shutting down and abandoning module TextureFormatPVR (42)
[2015.02.05-03.13.28:298][935]LogModuleManager: Shutting down and abandoning module TextureFormatDXT (41)
[2015.02.05-03.13.28:298][935]LogModuleManager: Shutting down and abandoning module TextureFormatAndroid (40)
[2015.02.05-03.13.28:298][935]LogModuleManager: Shutting down and abandoning module AudioFormatOpus (39)
[2015.02.05-03.13.28:298][935]LogModuleManager: Shutting down and abandoning module AudioFormatOgg (38)
[2015.02.05-03.13.28:298][935]LogModuleManager: Shutting down and abandoning module AudioFormatADPCM (37)
[2015.02.05-03.13.28:298][935]LogModuleManager: Shutting down and abandoning module LinuxTargetPlatform (36)
[2015.02.05-03.13.28:298][935]LogModuleManager: Shutting down and abandoning module LinuxServerTargetPlatform (35)
[2015.02.05-03.13.28:298][935]LogModuleManager: Shutting down and abandoning module LinuxNoEditorTargetPlatform (34)
[2015.02.05-03.13.28:298][935]LogModuleManager: Shutting down and abandoning module Messaging (33)
[2015.02.05-03.13.28:298][935]LogModuleManager: Shutting down and abandoning module IOSTargetPlatform (32)
[2015.02.05-03.13.28:298][935]LogModuleManager: Shutting down and abandoning module Android_PVRTCTargetPlatform (31)
[2015.02.05-03.13.28:298][935]LogModuleManager: Shutting down and abandoning module Android_ETC2TargetPlatform (30)
[2015.02.05-03.13.28:298][935]LogModuleManager: Shutting down and abandoning module Android_ETC1TargetPlatform (29)
[2015.02.05-03.13.28:298][935]LogModuleManager: Shutting down and abandoning module Android_DXTTargetPlatform (28)
[2015.02.05-03.13.28:298][935]LogModuleManager: Shutting down and abandoning module Android_ATCTargetPlatform (27)
[2015.02.05-03.13.28:298][935]LogModuleManager: Shutting down and abandoning module AndroidTargetPlatform (26)
[2015.02.05-03.13.28:298][935]LogModuleManager: Shutting down and abandoning module WindowsTargetPlatform (25)
[2015.02.05-03.13.28:298][935]LogModuleManager: Shutting down and abandoning module WindowsServerTargetPlatform (24)
[2015.02.05-03.13.28:298][935]LogModuleManager: Shutting down and abandoning module WindowsNoEditorTargetPlatform (23)
[2015.02.05-03.13.28:298][935]LogModuleManager: Shutting down and abandoning module WindowsClientTargetPlatform (22)
[2015.02.05-03.13.28:298][935]LogModuleManager: Shutting down and abandoning module TargetPlatform (21)
[2015.02.05-03.13.28:298][935]LogModuleManager: Shutting down and abandoning module InputCore (20)
[2015.02.05-03.13.28:298][935]LogModuleManager: Shutting down and abandoning module Settings (19)
[2015.02.05-03.13.28:298][935]LogModuleManager: Shutting down and abandoning module ImageWrapper (18)
[2015.02.05-03.13.28:298][935]LogModuleManager: Shutting down and abandoning module OculusRift (15)
[2015.02.05-03.13.28:298][935]LogModuleManager: Shutting down and abandoning module ExampleDeviceProfileSelector (14)
[2015.02.05-03.13.28:298][935]LogModuleManager: Shutting down and abandoning module TextureCompressor (13)
[2015.02.05-03.13.28:298][935]LogModuleManager: Shutting down and abandoning module ShaderCore (12)
[2015.02.05-03.13.28:298][935]LogModuleManager: Shutting down and abandoning module Landscape (11)
[2015.02.05-03.13.28:298][935]LogModuleManager: Shutting down and abandoning module SlateRHIRenderer (10)
[2015.02.05-03.13.28:300][935]LogModuleManager: Shutting down and abandoning module OpenGLDrv (9)
[2015.02.05-03.13.28:300][935]LogModuleManager: Shutting down and abandoning module D3D11RHI (8)
[2015.02.05-03.13.28:300][935]LogModuleManager: Shutting down and abandoning module Renderer (7)
[2015.02.05-03.13.28:300][935]LogModuleManager: Shutting down and abandoning module Engine (6)
[2015.02.05-03.13.28:300][935]LogModuleManager: Shutting down and abandoning module CoreUObject (5)
[2015.02.05-03.13.28:300][935]LogModuleManager: Shutting down and abandoning module NetworkFile (4)
[2015.02.05-03.13.28:300][935]LogModuleManager: Shutting down and abandoning module StreamingFile (3)
[2015.02.05-03.13.28:300][935]LogModuleManager: Shutting down and abandoning module SandboxFile (2)
[2015.02.05-03.13.28:300][935]LogModuleManager: Shutting down and abandoning module PakFile (1)
[2015.02.05-03.13.28:300][935]LogExit: Exiting.
[2015.02.05-03.13.28:304][935]Log file closed, 02/04/15 22:13:28
