Log file open, 01/28/15 00:28:18
LogInit:Display: Running engine for game: KodainaKingdom
LogInit: Version: 4.6.1-2386410+++depot+UE4-Releases+4.6
LogInit: API Version: 2369412
LogInit: Compiled (64-bit): Dec 11 2014 21:31:39
LogInit: Compiled with Visual C++: 18.00.21005.01
LogInit: Build Configuration: Development
LogInit: Branch Name: ++depot+UE4-Releases+4.6
LogInit: Command line:  
LogInit: Base directory: C:/Program Files/UE45/Epic Games/4.6/Engine/Binaries/Win64/
LogInit: Rocket: 1
[2015.01.28-05.28.18:108][  0]LogTaskGraph: Started task graph with 3 named threads and 6 total threads.
[2015.01.28-05.28.18:168][  0]LogOnline:Warning: No default platform service specified for OnlineSubsystem
[2015.01.28-05.28.18:226][  0]LogInit: Presizing for 0 objects not considered by GC, pre-allocating 0 bytes.
[2015.01.28-05.28.18:234][  0]LogInit: Object subsystem initialized
[2015.01.28-05.28.18:236][  0]LogInit: Selected Device Profile: [Windows]
[2015.01.28-05.28.18:237][  0]LogInit: Applying CVar settings loaded from the selected device profile: [Windows]
[2015.01.28-05.28.18:246][  0]LogInit: Computer: ASUS
[2015.01.28-05.28.18:246][  0]LogInit: User: Owner
[2015.01.28-05.28.18:246][  0]LogInit: CPU Page size=4096, Cores=4
[2015.01.28-05.28.18:246][  0]LogInit: High frequency timer resolution =2.338349 MHz
[2015.01.28-05.28.18:246][  0]LogMemory: Memory total: Physical=15.9GB (16GB approx) Virtual=131072.0GB
[2015.01.28-05.28.18:246][  0]LogMemory: Platform Memory Stats for Windows
[2015.01.28-05.28.18:247][  0]LogMemory: Process Physical Memory: 48.83 MB used, 48.83 MB peak
[2015.01.28-05.28.18:247][  0]LogMemory: Process Virtual Memory: 25.05 MB used, 25.05 MB peak
[2015.01.28-05.28.18:247][  0]LogMemory: Physical Memory: 4131.30 MB used, 16267.18 MB total
[2015.01.28-05.28.18:247][  0]LogMemory: Virtual Memory: 274.82 MB used, 134217728.00 MB total
[2015.01.28-05.28.18:334][  0]LogD3D11RHI: Found D3D11 adapter 0: Intel(R) HD Graphics 4600 (Feature Level 11_0)
[2015.01.28-05.28.18:334][  0]LogD3D11RHI: Adapter has 32MB of dedicated video memory, 0MB of dedicated system memory, and 1760MB of shared system memory, 1 output[s]
[2015.01.28-05.28.18:347][  0]LogD3D11RHI: Found D3D11 adapter 1: NVIDIA GeForce GT 750M (Feature Level 11_0)
[2015.01.28-05.28.18:347][  0]LogD3D11RHI: Adapter has 1988MB of dedicated video memory, 0MB of dedicated system memory, and 2048MB of shared system memory, 0 output[s]
[2015.01.28-05.28.18:350][  0]LogD3D11RHI: Found D3D11 adapter 2: Microsoft Basic Render Driver (Feature Level 11_0)
[2015.01.28-05.28.18:350][  0]LogD3D11RHI: Adapter has 0MB of dedicated video memory, 0MB of dedicated system memory, and 256MB of shared system memory, 0 output[s]
[2015.01.28-05.28.18:350][  0]LogD3D11RHI: Chosen D3D11 Adapter Id = 0
[2015.01.28-05.28.18:354][  0]LogRHI: Texture pool is 1361 MB (70% of 1945 MB)
[2015.01.28-05.28.18:368][  0]LogD3D11RHI: Async texture creation enabled
[2015.01.28-05.28.18:539][  0]LogTextLocalizationManager: The requested culture ('en_US') has no localization data; parent culture's ('en') localization data will be used.
[2015.01.28-05.28.18:669][  0]LogContentStreaming: Texture pool size is 0.000000MB
[2015.01.28-05.28.24:437][  0]LogTargetPlatformManager:Display: Building Assets For Windows
[2015.01.28-05.28.25:085][  0]LogTargetPlatformManager:Display: Building Assets For Windows
[2015.01.28-05.28.25:165][  0]LogDerivedDataCache:Display: Max Cache Size: 512 MB
[2015.01.28-05.28.25:908][  0]LogDerivedDataCache: Loaded boot cache 0.74s 39MB C:/Users/Owner/AppData/Local/UnrealEngine/4.6/DerivedDataCache/Boot.ddc.
[2015.01.28-05.28.25:908][  0]LogDerivedDataCache:Display: Loaded Boot cache: C:/Users/Owner/AppData/Local/UnrealEngine/4.6/DerivedDataCache/Boot.ddc
[2015.01.28-05.28.25:909][  0]LogDerivedDataCache: FDerivedDataBackendGraph:  Pak pak cache file ../../../../../../../Users/Owner/Documents/Unreal Projects/Kodaina/DerivedDataCache/DDC.ddp not found, will not use a pak cache.
[2015.01.28-05.28.25:909][  0]LogDerivedDataCache: Unable to find inner node Pak for hierarchical cache Hierarchy.
[2015.01.28-05.28.26:011][  0]LogDerivedDataCache:Display: Pak cache opened for reading ../../../Engine/DerivedDataCache/DDC.ddp.
[2015.01.28-05.28.26:024][  0]LogDerivedDataCache: Using Local data cache path C:/Users/Owner/AppData/Local/UnrealEngine/Common/DerivedDataCache: Writable
[2015.01.28-05.28.26:267][  0]LogCollisionProfile:Warning: Profile (UI) - Custom Channel Name = 'Weapon' hasn't been found
[2015.01.28-05.28.26:458][  0]LogMeshUtilities: No automatic mesh reduction module available
[2015.01.28-05.28.26:458][  0]LogMeshUtilities: No automatic mesh merging module available
[2015.01.28-05.28.27:054][  0]LogInit: WinSock: version 1.1 (2.2), MaxSocks=32767, MaxUdp=65467
[2015.01.28-05.28.27:300][  0]LogSlate:Warning: Failed to load font data from '../../../Engine/Content/Slate/Fonts/Roboto-Italic.ttf'
[2015.01.28-05.28.46:788][  0]UdpMessaging: Initializing bridge on interface 0.0.0.0:0 to multicast group 230.0.0.1:6666.
[2015.01.28-05.28.47:230][  0]LogDirectoryWatcher:Warning: Failed to begin reading directory changes for C:/Users/Owner/Documents/Unreal Projects/Kodaina/Binaries/Win64. Error: 0
[2015.01.28-05.28.47:474][  0]SourceControl: Info Source control is disabled
[2015.01.28-05.28.47:474][  0]SourceControl: Info Source control is disabled
[2015.01.28-05.28.47:487][  0]SourceControl: Info Source control is disabled
[2015.01.28-05.28.48:073][  0]LogObj: 23754 objects as part of root set at end of initial load.
[2015.01.28-05.28.48:073][  0]LogUObjectAllocator: 5168128 out of 0 bytes used by permanent object pool.
[2015.01.28-05.28.48:160][  0]LogEngine: Initializing Engine...
[2015.01.28-05.28.48:300][  0]LogInit: XAudio2 using 'Speakers (Realtek High Definition Audio)' : 2 channels at 48 kHz using 32 bits per sample (channel mask 0x3)
[2015.01.28-05.28.48:311][  0]LogInit: FAudioDevice initialized.
[2015.01.28-05.28.48:352][  0]LogAIModule: Creating AISystem for world NewWorld
[2015.01.28-05.28.48:372][  0]LogDerivedDataCache: Saved boot cache 0.02s 39MB C:/Users/Owner/AppData/Local/UnrealEngine/4.6/DerivedDataCache/Boot.ddc.
[2015.01.28-05.28.48:374][  0]LogInit: Texture streaming: Enabled
[2015.01.28-05.28.48:435][  0]LogAnalytics: Creating configured Analytics provider AnalyticsET
[2015.01.28-05.28.48:435][  0]LogAnalytics: ET APIKey = Rocket.Release. APIServer = http://et2.epicgames.com/ET2/. AppVersion = 4.6.1-2386410+++depot+UE4-Releases+4.6
[2015.01.28-05.28.48:436][  0]LogAnalytics: SetUserId d53fbd01599cddc5eda2e5a33cd9f114
[2015.01.28-05.28.48:436][  0]LogAnalytics: AnalyticsET::StartSession [Rocket.Release]
[2015.01.28-05.28.48:462][  0]LogInit: Transaction tracking system initialized
[2015.01.28-05.28.48:662][  0]BlueprintLog: New page: Editor Load
[2015.01.28-05.28.48:728][  0]LogAssetRegistry: FAssetRegistry took 0.0109 seconds to start up
[2015.01.28-05.28.48:728][  0]LogDirectoryWatcher:Warning: Failed to begin reading directory changes for ../../../Engine/Plugins/Experimental/CharacterAI/Content/. Error: 0
[2015.01.28-05.28.49:544][  0]LogTargetPlatformManager:Display: Building Assets For Windows
[2015.01.28-05.28.49:969][  0]LogTargetPlatformManager:Display: Building Assets For Windows
[2015.01.28-05.28.50:363][  0]LogConsoleResponse:Display: 
[2015.01.28-05.28.50:519][  0]LogLinker:Warning: Asset '../../../Engine/Content/Functions/Engine_MaterialFunctions03/Procedurals/ComputeFilterWidth.uasset' has been saved with empty engine version. The asset will be loaded but may be incompatible.
[2015.01.28-05.28.51:331][  0]SourceControl: Info Source control is disabled
[2015.01.28-05.28.56:328][  0]Cmd: MAP LOAD FILE="../../../../../../../Users/Owner/Documents/Unreal Projects/Kodaina/Content/Maps/TestLevel.umap" TEMPLATE=0 SHOWPROGRESS=1
[2015.01.28-05.28.56:343][  0]LightingResults: New page: Lighting Build
[2015.01.28-05.28.56:369][  0]MapCheck: New page: Map Check
[2015.01.28-05.28.56:369][  0]LightingResults: New page: Lighting Build
[2015.01.28-05.28.56:386][  0]LogParticles: Destroying 0 GPU particle simulations for FXSystem 0x000000B33CBB5940
[2015.01.28-05.28.56:650][  0]LogEditorServer: Finished looking for orphan Actors (0.000 secs)
[2015.01.28-05.28.56:650][  0]LogAIModule: Creating AISystem for world TestLevel
[2015.01.28-05.28.56:653][  0]Cmd: MAP CHECKDEP
[2015.01.28-05.28.56:653][  0]MapCheck: New page: TestLevel - Jan 27, 2015, 7:28:56 PM
[2015.01.28-05.28.56:875][  0]MapCheck: Info Map check complete: 0 Error(s), 0 Warning(s), took 221.275ms to complete.
[2015.01.28-05.28.56:875][  0]LogFileHelpers: Loading map 'TestLevel' took 0.547
[2015.01.28-05.28.56:954][  0]LogStats:Warning: MetaData mismatch. Did you assign a stat to two groups? New //STATGROUP_Threads//SplashScreenThread///Thread_1174_0///////STATCAT_Advanced//// old //STATGROUP_Threads//SplashScreenThread///Thread_1ec8_0///////STATCAT_Advanced////
[2015.01.28-05.28.56:954][  0]LogCollectionManager: Loaded 0 collections in 0.001627 seconds
[2015.01.28-05.28.57:231][  0]LogCrashTracker: Crashtracker disabled due to settings.
[2015.01.28-05.28.57:238][  0]LogUObjectGlobals:Warning: Failed to find object 'Class None.'
[2015.01.28-05.28.57:266][  0]LogLoad: Full Startup: 41.56 seconds (BP compile: 0.03 seconds)
[2015.01.28-05.28.57:609][  0]LogContentBrowser:Verbose: The content browser source was changed by the sources view to '/Game/Blueprints'
[2015.01.28-05.28.57:750][  0]LogRenderer:Warning: Reallocating scene render targets to support 1200x904.
[2015.01.28-05.28.58:731][  4]LogAssetRegistry: Asset discovery search completed in 10.0138 seconds
[2015.01.28-05.29.04:488][147]LogPropertyNode:Warning: UI Min (0.001) >= UI Max () for Ranged Numeric
[2015.01.28-05.29.04:518][147]LogPropertyNode:Warning: UI Min (0.001) >= UI Max () for Ranged Numeric
[2015.01.28-05.29.04:595][147]LogPropertyNode:Warning: UI Min (0.001) >= UI Max () for Ranged Numeric
[2015.01.28-05.29.04:596][147]LogPropertyNode:Warning: UI Min (0.001) >= UI Max () for Ranged Numeric
[2015.01.28-05.29.10:404][426]LogActorComponent: UnregisterComponent: (/Engine/Transient.CharacterMovementComponent_0) Not registered. Aborting.
[2015.01.28-05.29.10:456][426]LogParticles: Destroying 0 GPU particle simulations for FXSystem 0x000000B3493A5BC0
[2015.01.28-05.29.10:456][426]LogParticles: Destroying 0 GPU particle simulations for FXSystem 0x000000B34A21D3A0
[2015.01.28-05.29.42:322][952]LogUObjectGlobals:Warning: Failed to find object 'Object None.'
[2015.01.28-05.29.42:323][952]LogUObjectGlobals:Warning: Failed to find object 'Object None.'
[2015.01.28-05.29.42:323][952]LogUObjectGlobals:Warning: Failed to find object 'Object None.'
[2015.01.28-05.29.42:323][952]LogUObjectGlobals:Warning: Failed to find object 'Object None.'
[2015.01.28-05.29.42:323][952]LogUObjectGlobals:Warning: Failed to find object 'Object None.'
[2015.01.28-05.29.42:323][952]LogUObjectGlobals:Warning: Failed to find object 'Object None.'
[2015.01.28-05.29.42:323][952]LogUObjectGlobals:Warning: Failed to find object 'Object None.'
[2015.01.28-05.29.42:323][952]LogUObjectGlobals:Warning: Failed to find object 'Object None.'
[2015.01.28-05.29.42:324][952]LogProperty:Warning: ObjectProperty /Script/Engine.EdGraphPin:LinkedTo.LinkedTo: unresolved reference to 'EdGraphPin'"K2Node_VariableGet_8239.EdGraphPin_6410"''
[2015.01.28-05.29.42:324][952]LogProperty:Warning: ObjectProperty /Script/Engine.EdGraphPin:LinkedTo.LinkedTo: unresolved reference to 'EdGraphPin'"K2Node_SwitchInteger_185.EdGraphPin_6753"''
[2015.01.28-05.29.42:324][952]LogProperty:Warning: ObjectProperty /Script/Engine.EdGraphPin:LinkedTo.LinkedTo: unresolved reference to 'EdGraphPin'"K2Node_SwitchInteger_216.EdGraphPin_6834"''
[2015.01.28-05.29.42:324][952]LogProperty:Warning: ObjectProperty /Script/Engine.EdGraphPin:LinkedTo.LinkedTo: unresolved reference to 'EdGraphPin'"K2Node_SwitchInteger_221.EdGraphPin_6915"''
[2015.01.28-05.29.42:325][952]LogProperty:Warning: ObjectProperty /Script/Engine.EdGraphPin:LinkedTo.LinkedTo: unresolved reference to 'EdGraphPin'"K2Node_VariableGet_8696.EdGraphPin_6773"''
[2015.01.28-05.29.42:326][952]LogProperty:Warning: ObjectProperty /Script/Engine.EdGraphPin:LinkedTo.LinkedTo: unresolved reference to 'EdGraphPin'"K2Node_VariableGet_8979.EdGraphPin_6854"''
[2015.01.28-05.29.42:328][952]LogProperty:Warning: ObjectProperty /Script/Engine.EdGraphPin:LinkedTo.LinkedTo: unresolved reference to 'EdGraphPin'"K2Node_VariableGet_11799.EdGraphPin_6989"''
[2015.01.28-05.29.56:835][640]LogActorComponent: UnregisterComponent: (/Engine/Transient.CharacterMovementComponent_1) Not registered. Aborting.
[2015.01.28-05.29.56:899][640]Cmd: OBJ SAVEPACKAGE PACKAGE="/Game/Blueprints/ShoppingHUD" FILE="../../../../../../../Users/Owner/Documents/Unreal Projects/Kodaina/Content/Blueprints/ShoppingHUD.uasset" SILENT=true
[2015.01.28-05.29.57:226][640]LogSavePackage: Save=32.674763ms
[2015.01.28-05.29.57:226][640]LogSavePackage: Moving '../../../../../../../Users/Owner/Documents/Unreal Projects/Kodaina/Saved/ShoppingHUD60C047EE449F4F7049445599EAE73504.tmp' to '../../../../../../../Users/Owner/Documents/Unreal Projects/Kodaina/Content/Blueprints/ShoppingHUD.uasset'
[2015.01.28-05.29.58:559][698]BlueprintLog: New page: Compile ShoppingHUD
[2015.01.28-05.29.58:776][698]BlueprintEditorCompileResults: Info [0103.07] Compile of ShoppingHUD successful! [in 133 ms]
[2015.01.28-05.31.16:832][383]Cmd: OBJ SAVEPACKAGE PACKAGE="/Game/Blueprints/ShoppingHUD" FILE="../../../../../../../Users/Owner/Documents/Unreal Projects/Kodaina/Content/Blueprints/ShoppingHUD.uasset" SILENT=true
[2015.01.28-05.31.17:162][383]LogSavePackage: Save=38.445930ms
[2015.01.28-05.31.17:162][383]LogSavePackage: Moving '../../../../../../../Users/Owner/Documents/Unreal Projects/Kodaina/Saved/ShoppingHUDA009E8244FFE8DEF7B52DAA0B977D094.tmp' to '../../../../../../../Users/Owner/Documents/Unreal Projects/Kodaina/Content/Blueprints/ShoppingHUD.uasset'
[2015.01.28-05.31.21:407][588]LogPropertyNode:Warning: UI Min (0.001) >= UI Max () for Ranged Numeric
[2015.01.28-05.31.21:410][588]LogPropertyNode:Warning: UI Min (0.001) >= UI Max () for Ranged Numeric
[2015.01.28-05.31.21:460][588]LogPropertyNode:Warning: UI Min (0.001) >= UI Max () for Ranged Numeric
[2015.01.28-05.31.21:461][588]LogPropertyNode:Warning: UI Min (0.001) >= UI Max () for Ranged Numeric
[2015.01.28-05.31.38:180][409]LogPropertyNode:Warning: UI Min (0.001) >= UI Max () for Ranged Numeric
[2015.01.28-05.31.38:181][409]LogPropertyNode:Warning: UI Min (0.001) >= UI Max () for Ranged Numeric
[2015.01.28-05.31.38:200][409]LogActorComponent: UnregisterComponent: (/Engine/Transient.CharacterMovementComponent_2) Not registered. Aborting.
[2015.01.28-05.31.42:769][632]LogPropertyNode:Warning: UI Min (0.001) >= UI Max () for Ranged Numeric
[2015.01.28-05.31.42:770][632]LogPropertyNode:Warning: UI Min (0.001) >= UI Max () for Ranged Numeric
[2015.01.28-05.31.42:788][632]LogActorComponent: UnregisterComponent: (/Engine/Transient.CharacterMovementComponent_3) Not registered. Aborting.
[2015.01.28-05.31.51:879][118]LogPropertyNode:Warning: UI Min (0.001) >= UI Max () for Ranged Numeric
[2015.01.28-05.31.51:880][118]LogPropertyNode:Warning: UI Min (0.001) >= UI Max () for Ranged Numeric
[2015.01.28-05.31.51:899][118]LogActorComponent: UnregisterComponent: (/Engine/Transient.CharacterMovementComponent_4) Not registered. Aborting.
[2015.01.28-05.31.54:986][268]LogPropertyNode:Warning: UI Min (0.001) >= UI Max () for Ranged Numeric
[2015.01.28-05.31.54:987][268]LogPropertyNode:Warning: UI Min (0.001) >= UI Max () for Ranged Numeric
[2015.01.28-05.31.55:005][268]LogActorComponent: UnregisterComponent: (/Engine/Transient.CharacterMovementComponent_5) Not registered. Aborting.
[2015.01.28-05.31.56:632][342]LogPropertyNode:Warning: UI Min (0.001) >= UI Max () for Ranged Numeric
[2015.01.28-05.31.56:633][342]LogPropertyNode:Warning: UI Min (0.001) >= UI Max () for Ranged Numeric
[2015.01.28-05.31.56:652][342]LogActorComponent: UnregisterComponent: (/Engine/Transient.CharacterMovementComponent_6) Not registered. Aborting.
[2015.01.28-05.32.00:941][551]LogPropertyNode:Warning: UI Min (0.001) >= UI Max () for Ranged Numeric
[2015.01.28-05.32.00:942][551]LogPropertyNode:Warning: UI Min (0.001) >= UI Max () for Ranged Numeric
[2015.01.28-05.32.00:961][551]LogActorComponent: UnregisterComponent: (/Engine/Transient.CharacterMovementComponent_7) Not registered. Aborting.
[2015.01.28-05.32.02:461][621]LogPropertyNode:Warning: UI Min (0.001) >= UI Max () for Ranged Numeric
[2015.01.28-05.32.02:461][621]LogPropertyNode:Warning: UI Min (0.001) >= UI Max () for Ranged Numeric
[2015.01.28-05.32.02:479][621]LogActorComponent: UnregisterComponent: (/Engine/Transient.CharacterMovementComponent_8) Not registered. Aborting.
[2015.01.28-05.32.09:180][950]LogPropertyNode:Warning: UI Min (0.001) >= UI Max () for Ranged Numeric
[2015.01.28-05.32.09:186][950]LogPropertyNode:Warning: UI Min (0.001) >= UI Max () for Ranged Numeric
[2015.01.28-05.32.09:321][950]LogActorComponent: UnregisterComponent: (/Engine/Transient.CharacterMovementComponent_9) Not registered. Aborting.
[2015.01.28-05.32.10:379][  1]BlueprintLog: New page: Compile MyCharacter
[2015.01.28-05.32.10:701][  1]LogPropertyNode:Warning: UI Min (0.001) >= UI Max () for Ranged Numeric
[2015.01.28-05.32.10:701][  1]LogPropertyNode:Warning: UI Min (0.001) >= UI Max () for Ranged Numeric
[2015.01.28-05.32.10:808][  1]LogActorComponent: UnregisterComponent: (/Engine/Transient.CharacterMovementComponent_10) Not registered. Aborting.
[2015.01.28-05.32.10:903][  1]LogPropertyNode:Warning: UI Min (0.001) >= UI Max () for Ranged Numeric
[2015.01.28-05.32.10:904][  1]LogPropertyNode:Warning: UI Min (0.001) >= UI Max () for Ranged Numeric
[2015.01.28-05.32.10:961][  1]BlueprintEditorCompileResults: Info [0235.26] Compile of MyCharacter successful! [in 389 ms]
[2015.01.28-05.33.11:304][555]BlueprintLog: New page: Compile MyCharacter
[2015.01.28-05.33.11:626][555]LogPropertyNode:Warning: UI Min (0.001) >= UI Max () for Ranged Numeric
[2015.01.28-05.33.11:627][555]LogPropertyNode:Warning: UI Min (0.001) >= UI Max () for Ranged Numeric
[2015.01.28-05.33.11:714][555]LogActorComponent: UnregisterComponent: (/Engine/Transient.CharacterMovementComponent_11) Not registered. Aborting.
[2015.01.28-05.33.11:785][555]LogPropertyNode:Warning: UI Min (0.001) >= UI Max () for Ranged Numeric
[2015.01.28-05.33.11:786][555]LogPropertyNode:Warning: UI Min (0.001) >= UI Max () for Ranged Numeric
[2015.01.28-05.33.11:841][555]BlueprintEditorCompileResults: Info [0296.14] Compile of MyCharacter successful! [in 349 ms]
[2015.01.28-05.33.11:959][560]LogActorComponent: UnregisterComponent: (/Engine/Transient.CharacterMovementComponent_12) Not registered. Aborting.
[2015.01.28-05.33.12:061][560]Cmd: OBJ SAVEPACKAGE PACKAGE="/Game/Blueprints/MyCharacter" FILE="../../../../../../../Users/Owner/Documents/Unreal Projects/Kodaina/Content/Blueprints/MyCharacter.uasset" SILENT=true
[2015.01.28-05.33.12:801][560]LogSavePackage: Save=445.872284ms
[2015.01.28-05.33.12:801][560]LogSavePackage: Moving '../../../../../../../Users/Owner/Documents/Unreal Projects/Kodaina/Saved/MyCharacter6C0386374B2F21B989768B8E641E164D.tmp' to '../../../../../../../Users/Owner/Documents/Unreal Projects/Kodaina/Content/Blueprints/MyCharacter.uasset'
[2015.01.28-05.34.33:539][652]BlueprintLog: New page: Compile ShoppingHUD
[2015.01.28-05.34.33:679][652]LogActorComponent: UnregisterComponent: (/Engine/Transient.CharacterMovementComponent_13) Not registered. Aborting.
[2015.01.28-05.34.33:759][652]LogPropertyNode:Warning: UI Min (0.001) >= UI Max () for Ranged Numeric
[2015.01.28-05.34.33:760][652]LogPropertyNode:Warning: UI Min (0.001) >= UI Max () for Ranged Numeric
[2015.01.28-05.34.33:795][652]BlueprintEditorCompileResults: Info [0378.09] Compile of ShoppingHUD successful! [in 186 ms]
[2015.01.28-05.34.34:680][686]LogActorComponent: UnregisterComponent: (/Engine/Transient.CharacterMovementComponent_14) Not registered. Aborting.
[2015.01.28-05.34.34:756][686]Cmd: OBJ SAVEPACKAGE PACKAGE="/Game/Blueprints/ShoppingHUD" FILE="../../../../../../../Users/Owner/Documents/Unreal Projects/Kodaina/Content/Blueprints/ShoppingHUD.uasset" SILENT=true
[2015.01.28-05.34.35:087][686]LogSavePackage: Save=39.893959ms
[2015.01.28-05.34.35:087][686]LogSavePackage: Moving '../../../../../../../Users/Owner/Documents/Unreal Projects/Kodaina/Saved/ShoppingHUD6E02091248E96089876BA48579E5E412.tmp' to '../../../../../../../Users/Owner/Documents/Unreal Projects/Kodaina/Content/Blueprints/ShoppingHUD.uasset'
[2015.01.28-05.34.37:577][808]BlueprintLog: New page: Pre-PIE auto-recompile
[2015.01.28-05.34.37:583][808]LogPlayLevel: [PIE] Compiling Enemy before PIE...
[2015.01.28-05.34.37:746][808]LogPropertyNode:Warning: UI Min (0.001) >= UI Max () for Ranged Numeric
[2015.01.28-05.34.37:747][808]LogPropertyNode:Warning: UI Min (0.001) >= UI Max () for Ranged Numeric
[2015.01.28-05.34.37:802][808]LogPropertyNode:Warning: UI Min (0.001) >= UI Max () for Ranged Numeric
[2015.01.28-05.34.37:803][808]LogPropertyNode:Warning: UI Min (0.001) >= UI Max () for Ranged Numeric
[2015.01.28-05.34.37:834][808]LogPlayLevel: [PIE] Compiling MyCharacter before PIE...
[2015.01.28-05.34.38:126][808]LogPropertyNode:Warning: UI Min (0.001) >= UI Max () for Ranged Numeric
[2015.01.28-05.34.38:127][808]LogPropertyNode:Warning: UI Min (0.001) >= UI Max () for Ranged Numeric
[2015.01.28-05.34.38:253][808]LogPropertyNode:Warning: UI Min (0.001) >= UI Max () for Ranged Numeric
[2015.01.28-05.34.38:253][808]LogPropertyNode:Warning: UI Min (0.001) >= UI Max () for Ranged Numeric
[2015.01.28-05.34.38:319][808]LogPlayLevel: [PIE] Compiling Tutorial_BP_MacroLib before PIE...
[2015.01.28-05.34.38:379][808]LogPlayLevel: [PIE] Compiling TestLevel before PIE...
[2015.01.28-05.34.38:465][808]LogPlayLevel: [PIE] Compiling BattleHUD before PIE...
[2015.01.28-05.34.38:707][808]LogPropertyNode:Warning: UI Min (0.001) >= UI Max () for Ranged Numeric
[2015.01.28-05.34.38:708][808]LogPropertyNode:Warning: UI Min (0.001) >= UI Max () for Ranged Numeric
[2015.01.28-05.34.38:756][808]LogPlayLevel: [PIE] Compiling RollingMovingHUD before PIE...
[2015.01.28-05.34.38:883][808]LogPropertyNode:Warning: UI Min (0.001) >= UI Max () for Ranged Numeric
[2015.01.28-05.34.38:884][808]LogPropertyNode:Warning: UI Min (0.001) >= UI Max () for Ranged Numeric
[2015.01.28-05.34.38:935][808]LogPlayLevel: [PIE] Compiling ShoppingHUD before PIE...
[2015.01.28-05.34.39:111][808]LogPropertyNode:Warning: UI Min (0.001) >= UI Max () for Ranged Numeric
[2015.01.28-05.34.39:113][808]LogPropertyNode:Warning: UI Min (0.001) >= UI Max () for Ranged Numeric
[2015.01.28-05.34.39:214][808]LogPlayLevel: PIE:  Blueprint regeneration took 1637 ms (7 blueprints)
[2015.01.28-05.34.39:214][808]PIE: New page: PIE session: TestLevel (Jan 27, 2015, 7:34:39 PM)
[2015.01.28-05.34.39:218][808]LogPlayLevel: PIE: StaticDuplicateObject took: (0.003010s)
[2015.01.28-05.34.39:218][808]LogPlayLevel: PIE: World Init took: (0.000465s)
[2015.01.28-05.34.39:218][808]LogPlayLevel: PIE: Created PIE world by copying editor world from /Game/Maps/TestLevel.TestLevel to /Game/Maps/UEDPIE_0_TestLevel.TestLevel (0.003636s)
[2015.01.28-05.34.39:400][808]LogWorld: Game class is 'Kodaina_C'
[2015.01.28-05.34.39:402][808]LogAIModule: Creating AISystem for world TestLevel
[2015.01.28-05.34.39:403][808]LogWorld: Bringing World /Game/Maps/UEDPIE_0_TestLevel.TestLevel up for play (max tick rate 60) at 2015.01.28-00.34.39
[2015.01.28-05.34.39:404][808]LogWorld: Bringing up level for play took: 0.001935
[2015.01.28-05.34.39:412][808]PIE: Info Play in editor start time for /Game/Maps/UEDPIE_0_TestLevel 1.508
[2015.01.28-05.35.00:751][951]LogActorComponent: UnregisterComponent: (/Engine/Transient.CharacterMovementComponent_15) Not registered. Aborting.
[2015.01.28-05.35.00:804][951]LogParticles: Destroying 0 GPU particle simulations for FXSystem 0x000000B359353380
[2015.01.28-05.35.36:003][  2]LogPropertyNode:Warning: UI Min (0.001) >= UI Max () for Ranged Numeric
[2015.01.28-05.35.36:004][  2]LogPropertyNode:Warning: UI Min (0.001) >= UI Max () for Ranged Numeric
[2015.01.28-05.35.47:007][380]LogPropertyNode:Warning: UI Min (0.001) >= UI Max () for Ranged Numeric
[2015.01.28-05.35.47:008][380]LogPropertyNode:Warning: UI Min (0.001) >= UI Max () for Ranged Numeric
[2015.01.28-05.35.47:027][380]LogActorComponent: UnregisterComponent: (/Engine/Transient.CharacterMovementComponent_16) Not registered. Aborting.
[2015.01.28-05.36.07:661][420]LogPropertyNode:Warning: UI Min (0.001) >= UI Max () for Ranged Numeric
[2015.01.28-05.36.07:662][420]LogPropertyNode:Warning: UI Min (0.001) >= UI Max () for Ranged Numeric
[2015.01.28-05.36.07:680][420]LogActorComponent: UnregisterComponent: (/Engine/Transient.CharacterMovementComponent_17) Not registered. Aborting.
[2015.01.28-05.36.09:643][509]LogPropertyNode:Warning: UI Min (0.001) >= UI Max () for Ranged Numeric
[2015.01.28-05.36.09:644][509]LogPropertyNode:Warning: UI Min (0.001) >= UI Max () for Ranged Numeric
[2015.01.28-05.36.09:663][509]LogActorComponent: UnregisterComponent: (/Engine/Transient.CharacterMovementComponent_18) Not registered. Aborting.
[2015.01.28-05.36.13:458][664]LogPropertyNode:Warning: UI Min (0.001) >= UI Max () for Ranged Numeric
[2015.01.28-05.36.13:458][664]LogPropertyNode:Warning: UI Min (0.001) >= UI Max () for Ranged Numeric
[2015.01.28-05.36.13:477][664]LogActorComponent: UnregisterComponent: (/Engine/Transient.CharacterMovementComponent_19) Not registered. Aborting.
[2015.01.28-05.36.19:403][964]LogPropertyNode:Warning: UI Min (0.001) >= UI Max () for Ranged Numeric
[2015.01.28-05.36.19:404][964]LogPropertyNode:Warning: UI Min (0.001) >= UI Max () for Ranged Numeric
[2015.01.28-05.36.19:423][964]LogActorComponent: UnregisterComponent: (/Engine/Transient.CharacterMovementComponent_20) Not registered. Aborting.
[2015.01.28-05.36.20:288][  1]LogPropertyNode:Warning: UI Min (0.001) >= UI Max () for Ranged Numeric
[2015.01.28-05.36.20:289][  1]LogPropertyNode:Warning: UI Min (0.001) >= UI Max () for Ranged Numeric
[2015.01.28-05.36.20:308][  1]LogActorComponent: UnregisterComponent: (/Engine/Transient.CharacterMovementComponent_21) Not registered. Aborting.
[2015.01.28-05.36.21:170][ 36]LogPropertyNode:Warning: UI Min (0.001) >= UI Max () for Ranged Numeric
[2015.01.28-05.36.21:171][ 36]LogPropertyNode:Warning: UI Min (0.001) >= UI Max () for Ranged Numeric
[2015.01.28-05.36.21:189][ 36]LogActorComponent: UnregisterComponent: (/Engine/Transient.CharacterMovementComponent_22) Not registered. Aborting.
[2015.01.28-05.36.22:089][ 74]LogPropertyNode:Warning: UI Min (0.001) >= UI Max () for Ranged Numeric
[2015.01.28-05.36.22:090][ 74]LogPropertyNode:Warning: UI Min (0.001) >= UI Max () for Ranged Numeric
[2015.01.28-05.36.22:109][ 74]LogActorComponent: UnregisterComponent: (/Engine/Transient.CharacterMovementComponent_23) Not registered. Aborting.
[2015.01.28-05.36.22:926][108]LogPropertyNode:Warning: UI Min (0.001) >= UI Max () for Ranged Numeric
[2015.01.28-05.36.22:926][108]LogPropertyNode:Warning: UI Min (0.001) >= UI Max () for Ranged Numeric
[2015.01.28-05.36.22:944][108]LogActorComponent: UnregisterComponent: (/Engine/Transient.CharacterMovementComponent_24) Not registered. Aborting.
[2015.01.28-05.36.23:596][134]LogPropertyNode:Warning: UI Min (0.001) >= UI Max () for Ranged Numeric
[2015.01.28-05.36.23:597][134]LogPropertyNode:Warning: UI Min (0.001) >= UI Max () for Ranged Numeric
[2015.01.28-05.36.23:616][134]LogActorComponent: UnregisterComponent: (/Engine/Transient.CharacterMovementComponent_25) Not registered. Aborting.
[2015.01.28-05.36.24:669][179]LogPropertyNode:Warning: UI Min (0.001) >= UI Max () for Ranged Numeric
[2015.01.28-05.36.24:669][179]LogPropertyNode:Warning: UI Min (0.001) >= UI Max () for Ranged Numeric
[2015.01.28-05.36.24:689][179]LogActorComponent: UnregisterComponent: (/Engine/Transient.CharacterMovementComponent_26) Not registered. Aborting.
[2015.01.28-05.36.25:443][208]LogPropertyNode:Warning: UI Min (0.001) >= UI Max () for Ranged Numeric
[2015.01.28-05.36.25:444][208]LogPropertyNode:Warning: UI Min (0.001) >= UI Max () for Ranged Numeric
[2015.01.28-05.36.25:462][208]LogActorComponent: UnregisterComponent: (/Engine/Transient.CharacterMovementComponent_27) Not registered. Aborting.
[2015.01.28-05.36.27:814][322]LogPropertyNode:Warning: UI Min (0.001) >= UI Max () for Ranged Numeric
[2015.01.28-05.36.27:814][322]LogPropertyNode:Warning: UI Min (0.001) >= UI Max () for Ranged Numeric
[2015.01.28-05.36.27:835][322]LogActorComponent: UnregisterComponent: (/Engine/Transient.CharacterMovementComponent_28) Not registered. Aborting.
[2015.01.28-05.36.28:541][350]LogPropertyNode:Warning: UI Min (0.001) >= UI Max () for Ranged Numeric
[2015.01.28-05.36.28:542][350]LogPropertyNode:Warning: UI Min (0.001) >= UI Max () for Ranged Numeric
[2015.01.28-05.36.28:563][350]LogActorComponent: UnregisterComponent: (/Engine/Transient.CharacterMovementComponent_29) Not registered. Aborting.
[2015.01.28-05.36.52:818][394]LogPropertyNode:Warning: UI Min (0.001) >= UI Max () for Ranged Numeric
[2015.01.28-05.36.52:818][394]LogPropertyNode:Warning: UI Min (0.001) >= UI Max () for Ranged Numeric
[2015.01.28-05.36.52:838][394]LogActorComponent: UnregisterComponent: (/Engine/Transient.CharacterMovementComponent_30) Not registered. Aborting.
[2015.01.28-05.37.23:985][882]BlueprintLog: New page: Compile MyCharacter
[2015.01.28-05.37.24:314][882]LogPropertyNode:Warning: UI Min (0.001) >= UI Max () for Ranged Numeric
[2015.01.28-05.37.24:315][882]LogPropertyNode:Warning: UI Min (0.001) >= UI Max () for Ranged Numeric
[2015.01.28-05.37.24:451][882]LogActorComponent: UnregisterComponent: (/Engine/Transient.CharacterMovementComponent_31) Not registered. Aborting.
[2015.01.28-05.37.24:564][882]LogPropertyNode:Warning: UI Min (0.001) >= UI Max () for Ranged Numeric
[2015.01.28-05.37.24:565][882]LogPropertyNode:Warning: UI Min (0.001) >= UI Max () for Ranged Numeric
[2015.01.28-05.37.24:620][882]BlueprintEditorCompileResults: Info [0548.92] Compile of MyCharacter successful! [in 453 ms]
[2015.01.28-05.37.28:078][ 74]BlueprintLog: New page: Pre-PIE auto-recompile
[2015.01.28-05.37.28:086][ 74]LogPlayLevel: [PIE] Compiling Enemy before PIE...
[2015.01.28-05.37.28:301][ 74]LogPropertyNode:Warning: UI Min (0.001) >= UI Max () for Ranged Numeric
[2015.01.28-05.37.28:302][ 74]LogPropertyNode:Warning: UI Min (0.001) >= UI Max () for Ranged Numeric
[2015.01.28-05.37.28:320][ 74]LogActorComponent: UnregisterComponent: (/Engine/Transient.CharacterMovementComponent_32) Not registered. Aborting.
[2015.01.28-05.37.28:344][ 74]LogPlayLevel: [PIE] Compiling TestLevel before PIE...
[2015.01.28-05.37.28:526][ 74]LogPlayLevel: [PIE] Compiling BattleHUD before PIE...
[2015.01.28-05.37.28:793][ 74]LogPropertyNode:Warning: UI Min (0.001) >= UI Max () for Ranged Numeric
[2015.01.28-05.37.28:794][ 74]LogPropertyNode:Warning: UI Min (0.001) >= UI Max () for Ranged Numeric
[2015.01.28-05.37.28:838][ 74]LogPlayLevel: [PIE] Compiling RollingMovingHUD before PIE...
[2015.01.28-05.37.28:982][ 74]LogPropertyNode:Warning: UI Min (0.001) >= UI Max () for Ranged Numeric
[2015.01.28-05.37.28:983][ 74]LogPropertyNode:Warning: UI Min (0.001) >= UI Max () for Ranged Numeric
[2015.01.28-05.37.29:035][ 74]LogPlayLevel: [PIE] Compiling ShoppingHUD before PIE...
[2015.01.28-05.37.29:195][ 74]LogPropertyNode:Warning: UI Min (0.001) >= UI Max () for Ranged Numeric
[2015.01.28-05.37.29:196][ 74]LogPropertyNode:Warning: UI Min (0.001) >= UI Max () for Ranged Numeric
[2015.01.28-05.37.29:251][ 74]LogPropertyNode:Warning: UI Min (0.001) >= UI Max () for Ranged Numeric
[2015.01.28-05.37.29:252][ 74]LogPropertyNode:Warning: UI Min (0.001) >= UI Max () for Ranged Numeric
[2015.01.28-05.37.29:287][ 74]LogPlayLevel: [PIE] Compiling MyCharacter before PIE...
[2015.01.28-05.37.29:593][ 74]LogPropertyNode:Warning: UI Min (0.001) >= UI Max () for Ranged Numeric
[2015.01.28-05.37.29:594][ 74]LogPropertyNode:Warning: UI Min (0.001) >= UI Max () for Ranged Numeric
[2015.01.28-05.37.29:726][ 74]LogPropertyNode:Warning: UI Min (0.001) >= UI Max () for Ranged Numeric
[2015.01.28-05.37.29:727][ 74]LogPropertyNode:Warning: UI Min (0.001) >= UI Max () for Ranged Numeric
[2015.01.28-05.37.29:868][ 74]LogPlayLevel: PIE:  Blueprint regeneration took 1789 ms (6 blueprints)
[2015.01.28-05.37.29:869][ 74]PIE: New page: PIE session: TestLevel (Jan 27, 2015, 7:37:29 PM)
[2015.01.28-05.37.29:872][ 74]LogPlayLevel: PIE: StaticDuplicateObject took: (0.003164s)
[2015.01.28-05.37.29:873][ 74]LogPlayLevel: PIE: World Init took: (0.000566s)
[2015.01.28-05.37.29:873][ 74]LogPlayLevel: PIE: Created PIE world by copying editor world from /Game/Maps/TestLevel.TestLevel to /Game/Maps/UEDPIE_0_TestLevel.TestLevel (0.003919s)
[2015.01.28-05.37.29:915][ 74]LogWorld: Game class is 'Kodaina_C'
[2015.01.28-05.37.29:916][ 74]LogAIModule: Creating AISystem for world TestLevel
[2015.01.28-05.37.29:918][ 74]LogWorld: Bringing World /Game/Maps/UEDPIE_0_TestLevel.TestLevel up for play (max tick rate 60) at 2015.01.28-00.37.29
[2015.01.28-05.37.29:918][ 74]LogWorld: Bringing up level for play took: 0.001839
[2015.01.28-05.37.29:928][ 74]PIE: Info Play in editor start time for /Game/Maps/UEDPIE_0_TestLevel 2.024
[2015.01.28-05.38.29:592][437]LogActorComponent: UnregisterComponent: (/Engine/Transient.CharacterMovementComponent_33) Not registered. Aborting.
[2015.01.28-05.38.51:061][641]LogParticles: Destroying 0 GPU particle simulations for FXSystem 0x000000B365549620
[2015.01.28-05.38.51:482][658]Cmd: OBJ SAVEPACKAGE PACKAGE="/Game/Blueprints/MyCharacter" FILE="../../../../../../../Users/Owner/Documents/Unreal Projects/Kodaina/Content/Blueprints/MyCharacter.uasset" SILENT=true
[2015.01.28-05.38.52:226][658]LogSavePackage: Save=451.699890ms
[2015.01.28-05.38.52:226][658]LogSavePackage: Moving '../../../../../../../Users/Owner/Documents/Unreal Projects/Kodaina/Saved/MyCharacterECE607854D4FE9BA81130E9BD348B159.tmp' to '../../../../../../../Users/Owner/Documents/Unreal Projects/Kodaina/Content/Blueprints/MyCharacter.uasset'
[2015.01.28-05.39.30:684][799]LogActorComponent: UnregisterComponent: (/Engine/Transient.CharacterMovementComponent_34) Not registered. Aborting.
[2015.01.28-05.39.31:614][800]Cmd: QUIT_EDITOR
[2015.01.28-05.39.31:996][800]LogExit: Preparing to exit.
[2015.01.28-05.39.32:434][800]LogExit: Editor shut down
[2015.01.28-05.39.32:434][800]LogExit: Transaction tracking system shut down
[2015.01.28-05.39.32:435][800]LogParticles: Destroying 0 GPU particle simulations for FXSystem 0x000000B3346F1A80
[2015.01.28-05.39.32:435][800]LogParticles: Destroying 0 GPU particle simulations for FXSystem 0x000000B336381C60
[2015.01.28-05.39.32:438][800]LogParticles: Destroying 0 GPU particle simulations for FXSystem 0x000000B3454A6E80
[2015.01.28-05.39.32:439][800]LogParticles: Destroying 0 GPU particle simulations for FXSystem 0x000000B3470162A0
[2015.01.28-05.39.32:532][800]LogExit: Object subsystem successfully closed.
[2015.01.28-05.39.32:621][800]LogModuleManager: Shutting down and abandoning module SequencerWidgets (173)
[2015.01.28-05.39.32:621][800]LogModuleManager: Shutting down and abandoning module AndroidDeviceDetection (172)
[2015.01.28-05.39.32:621][800]LogModuleManager: Shutting down and abandoning module CrashTracker (171)
[2015.01.28-05.39.32:621][800]LogModuleManager: Shutting down and abandoning module SuperSearch (170)
[2015.01.28-05.39.32:621][800]LogModuleManager: Shutting down and abandoning module SceneOutliner (169)
[2015.01.28-05.39.32:621][800]LogModuleManager: Shutting down and abandoning module EditorWidgets (168)
[2015.01.28-05.39.32:621][800]LogModuleManager: Shutting down and abandoning module CollectionManager (167)
[2015.01.28-05.39.32:621][800]LogModuleManager: Shutting down and abandoning module StatsViewer (166)
[2015.01.28-05.39.32:621][800]LogModuleManager: Shutting down and abandoning module FoliageEdit (165)
[2015.01.28-05.39.32:621][800]LogModuleManager: Shutting down and abandoning module LandscapeEditor (164)
[2015.01.28-05.39.32:621][800]LogModuleManager: Shutting down and abandoning module MeshPaint (163)
[2015.01.28-05.39.32:621][800]LogModuleManager: Shutting down and abandoning module ActorPickerMode (162)
[2015.01.28-05.39.32:621][800]LogModuleManager: Shutting down and abandoning module GeometryMode (161)
[2015.01.28-05.39.32:621][800]LogModuleManager: Shutting down and abandoning module TextureAlignMode (160)
[2015.01.28-05.39.32:621][800]LogModuleManager: Shutting down and abandoning module BspMode (159)
[2015.01.28-05.39.32:621][800]LogModuleManager: Shutting down and abandoning module PlacementMode (158)
[2015.01.28-05.39.32:621][800]LogModuleManager: Shutting down and abandoning module AutomationWorker (157)
[2015.01.28-05.39.32:621][800]LogModuleManager: Shutting down and abandoning module CharacterAI (156)
[2015.01.28-05.39.32:621][800]LogModuleManager: Shutting down and abandoning module GameProjectGeneration (155)
[2015.01.28-05.39.32:621][800]LogModuleManager: Shutting down and abandoning module IntroTutorials (154)
[2015.01.28-05.39.32:621][800]LogModuleManager: Shutting down and abandoning module EditorLiveStreaming (153)
[2015.01.28-05.39.32:621][800]LogModuleManager: Shutting down and abandoning module HardwareTargeting (152)
[2015.01.28-05.39.32:621][800]LogModuleManager: Shutting down and abandoning module DeviceProfileEditor (151)
[2015.01.28-05.39.32:621][800]LogModuleManager: Shutting down and abandoning module UndoHistory (150)
[2015.01.28-05.39.32:621][800]LogModuleManager: Shutting down and abandoning module GameplayTagsEditor (149)
[2015.01.28-05.39.32:621][800]LogModuleManager: Shutting down and abandoning module UserFeedback (148)
[2015.01.28-05.39.32:621][800]LogModuleManager: Shutting down and abandoning module XmlParser (147)
[2015.01.28-05.39.32:621][800]LogModuleManager: Shutting down and abandoning module Blutility (146)
[2015.01.28-05.39.32:621][800]LogModuleManager: Shutting down and abandoning module IOSPlatformEditor (145)
[2015.01.28-05.39.32:622][800]LogModuleManager: Shutting down and abandoning module IOSRuntimeSettings (144)
[2015.01.28-05.39.32:622][800]LogModuleManager: Shutting down and abandoning module AndroidPlatformEditor (143)
[2015.01.28-05.39.32:622][800]LogModuleManager: Shutting down and abandoning module AndroidRuntimeSettings (142)
[2015.01.28-05.39.32:622][800]LogModuleManager: Shutting down and abandoning module ProjectTargetPlatformEditor (141)
[2015.01.28-05.39.32:622][800]LogModuleManager: Shutting down and abandoning module ProjectSettingsViewer (140)
[2015.01.28-05.39.32:622][800]LogModuleManager: Shutting down and abandoning module InputBindingEditor (139)
[2015.01.28-05.39.32:622][800]LogModuleManager: Shutting down and abandoning module EditorSettingsViewer (138)
[2015.01.28-05.39.32:622][800]LogModuleManager: Shutting down and abandoning module SettingsEditor (137)
[2015.01.28-05.39.32:622][800]LogModuleManager: Shutting down and abandoning module ProjectLauncher (136)
[2015.01.28-05.39.32:622][800]LogModuleManager: Shutting down and abandoning module SessionFrontend (135)
[2015.01.28-05.39.32:622][800]LogModuleManager: Shutting down and abandoning module ProfilerClient (134)
[2015.01.28-05.39.32:622][800]LogModuleManager: Shutting down and abandoning module TargetDeviceServices (133)
[2015.01.28-05.39.32:622][800]LogModuleManager: Shutting down and abandoning module DeviceManager (132)
[2015.01.28-05.39.32:622][800]LogModuleManager: Shutting down and abandoning module AutomationController (131)
[2015.01.28-05.39.32:622][800]LogModuleManager: Shutting down and abandoning module AutomationWindow (130)
[2015.01.28-05.39.32:622][800]LogModuleManager: Shutting down and abandoning module Layers (129)
[2015.01.28-05.39.32:622][800]LogModuleManager: Shutting down and abandoning module ComponentVisualizers (128)
[2015.01.28-05.39.32:622][800]LogModuleManager: Shutting down and abandoning module DetailCustomizations (127)
[2015.01.28-05.39.32:622][800]LogModuleManager: Shutting down and abandoning module PackagesDialog (126)
[2015.01.28-05.39.32:622][800]LogModuleManager: Shutting down and abandoning module AssetRegistry (125)
[2015.01.28-05.39.32:723][800]LogModuleManager: Shutting down and abandoning module Persona (124)
[2015.01.28-05.39.32:723][800]LogModuleManager: Shutting down and abandoning module Kismet (123)
[2015.01.28-05.39.32:723][800]LogModuleManager: Shutting down and abandoning module GraphEditor (122)
[2015.01.28-05.39.32:723][800]LogModuleManager: Shutting down and abandoning module ClassViewer (121)
[2015.01.28-05.39.32:723][800]LogModuleManager: Shutting down and abandoning module Toolbox (120)
[2015.01.28-05.39.32:723][800]LogModuleManager: Shutting down and abandoning module ModuleUI (119)
[2015.01.28-05.39.32:723][800]LogModuleManager: Shutting down and abandoning module MovieSceneTools (118)
[2015.01.28-05.39.32:723][800]LogModuleManager: Shutting down and abandoning module OutputLog (117)
[2015.01.28-05.39.32:723][800]LogModuleManager: Shutting down and abandoning module GammaUI (116)
[2015.01.28-05.39.32:723][800]LogModuleManager: Shutting down and abandoning module Documentation (115)
[2015.01.28-05.39.32:723][800]LogModuleManager: Shutting down and abandoning module GameLiveStreaming (114)
[2015.01.28-05.39.32:723][800]LogModuleManager: Shutting down and abandoning module StreamingPauseRendering (113)
[2015.01.28-05.39.32:723][800]LogModuleManager: Shutting down and abandoning module HTTP (112)
[2015.01.28-05.39.32:723][800]LogModuleManager: Shutting down and abandoning module AnalyticsET (111)
[2015.01.28-05.39.32:723][800]LogModuleManager: Shutting down and abandoning module Analytics (110)
[2015.01.28-05.39.32:723][800]LogModuleManager: Shutting down and abandoning module AITestSuite (109)
[2015.01.28-05.39.32:723][800]LogModuleManager: Shutting down and abandoning module AIModule (108)
[2015.01.28-05.39.32:723][800]LogModuleManager: Shutting down and abandoning module ProfilerService (107)
[2015.01.28-05.39.32:882][800]LogModuleManager: Shutting down and abandoning module TaskGraph (106)
[2015.01.28-05.39.32:882][800]LogModuleManager: Shutting down and abandoning module GameplayDebugger (105)
[2015.01.28-05.39.32:882][800]LogModuleManager: Shutting down and abandoning module SlateRemote (104)
[2015.01.28-05.39.32:882][800]LogModuleManager: Shutting down and abandoning module ScriptEditorPlugin (103)
[2015.01.28-05.39.32:882][800]LogModuleManager: Shutting down and abandoning module CustomMeshComponent (102)
[2015.01.28-05.39.32:882][800]LogModuleManager: Shutting down and abandoning module CableComponent (101)
[2015.01.28-05.39.32:882][800]LogModuleManager: Shutting down and abandoning module MessagingDebugger (100)
[2015.01.28-05.39.32:882][800]LogModuleManager: Shutting down and abandoning module MediaPlayerEditor (99)
[2015.01.28-05.39.32:882][800]LogModuleManager: Shutting down and abandoning module SpeedTreeImporter (98)
[2015.01.28-05.39.32:882][800]LogModuleManager: Shutting down and abandoning module PluginsEditor (97)
[2015.01.28-05.39.32:882][800]LogModuleManager: Shutting down and abandoning module EpicSurvey (96)
[2015.01.28-05.39.32:882][800]LogModuleManager: Shutting down and abandoning module DesktopPlatform (95)
[2015.01.28-05.39.32:882][800]LogModuleManager: Shutting down and abandoning module VisualStudioSourceCodeAccess (94)
[2015.01.28-05.39.32:882][800]LogModuleManager: Shutting down and abandoning module UObjectPlugin (93)
[2015.01.28-05.39.32:882][800]LogModuleManager: Shutting down and abandoning module SubversionSourceControl (92)
[2015.01.28-05.39.32:882][800]LogModuleManager: Shutting down and abandoning module SourceControl (91)
[2015.01.28-05.39.32:882][800]LogModuleManager: Shutting down and abandoning module PerforceSourceControl (90)
[2015.01.28-05.39.32:882][800]LogModuleManager: Shutting down and abandoning module BlankPlugin (89)
[2015.01.28-05.39.32:882][800]LogModuleManager: Shutting down and abandoning module SlateReflector (88)
[2015.01.28-05.39.32:882][800]LogModuleManager: Shutting down and abandoning module DirectoryWatcher (87)
[2015.01.28-05.39.32:882][800]LogModuleManager: Shutting down and abandoning module HotReload (86)
[2015.01.28-05.39.32:882][800]LogModuleManager: Shutting down and abandoning module MainFrame (85)
[2015.01.28-05.39.32:882][800]LogModuleManager: Shutting down and abandoning module LevelEditor (84)
[2015.01.28-05.39.32:883][800]LogModuleManager: Shutting down and abandoning module ViewportSnapping (83)
[2015.01.28-05.39.32:883][800]LogModuleManager: Shutting down and abandoning module SmartSnapping (82)
[2015.01.28-05.39.32:883][800]LogModuleManager: Shutting down and abandoning module PaperTiledImporter (81)
[2015.01.28-05.39.32:883][800]LogModuleManager: Shutting down and abandoning module PaperJsonImporter (80)
[2015.01.28-05.39.32:883][800]LogModuleManager: Shutting down and abandoning module ContentBrowser (79)
[2015.01.28-05.39.32:883][800]LogModuleManager: Shutting down and abandoning module Paper2DEditor (78)
[2015.01.28-05.39.32:883][800]LogModuleManager: Shutting down and abandoning module ScriptPlugin (77)
[2015.01.28-05.39.32:883][800]LogModuleManager: Shutting down and abandoning module UdpMessaging (76)
[2015.01.28-05.39.32:984][800]LogModuleManager: Shutting down and abandoning module Paper2D (75)
[2015.01.28-05.39.32:984][800]LogModuleManager: Shutting down and abandoning module UE4Game (74)
[2015.01.28-05.39.32:984][800]LogModuleManager: Shutting down and abandoning module WindowsMoviePlayer (73)
[2015.01.28-05.39.32:987][800]LogModuleManager: Shutting down and abandoning module Media (72)
[2015.01.28-05.39.32:987][800]LogModuleManager: Shutting down and abandoning module WmfMedia (71)
[2015.01.28-05.39.32:987][800]LogModuleManager: Shutting down and abandoning module OnlineBlueprintSupport (70)
[2015.01.28-05.39.32:987][800]LogModuleManager: Shutting down and abandoning module PropertyEditor (69)
[2015.01.28-05.39.32:987][800]LogModuleManager: Shutting down and abandoning module BehaviorTreeEditor (68)
[2015.01.28-05.39.32:987][800]LogModuleManager: Shutting down and abandoning module FunctionalTesting (67)
[2015.01.28-05.39.32:987][800]LogModuleManager: Shutting down and abandoning module CollisionAnalyzer (66)
[2015.01.28-05.39.32:987][800]LogModuleManager: Shutting down and abandoning module WorkspaceMenuStructure (65)
[2015.01.28-05.39.32:987][800]LogModuleManager: Shutting down and abandoning module MessageLog (64)
[2015.01.28-05.39.32:987][800]LogModuleManager: Shutting down and abandoning module Sequencer (63)
[2015.01.28-05.39.32:987][800]LogModuleManager: Shutting down and abandoning module AssetTools (62)
[2015.01.28-05.39.32:988][800]LogModuleManager: Shutting down and abandoning module UMGEditor (61)
[2015.01.28-05.39.32:988][800]LogModuleManager: Shutting down and abandoning module UMG (60)
[2015.01.28-05.39.32:988][800]LogModuleManager: Shutting down and abandoning module Slate (59)
[2015.01.28-05.39.32:988][800]LogModuleManager: Shutting down and abandoning module EditorStyle (58)
[2015.01.28-05.39.32:994][800]LogModuleManager: Shutting down and abandoning module SessionServices (57)
[2015.01.28-05.39.32:994][800]LogModuleManager: Shutting down and abandoning module SourceCodeAccess (56)
[2015.01.28-05.39.32:994][800]LogModuleManager: Shutting down and abandoning module HeadMountedDisplay (55)
[2015.01.28-05.39.32:994][800]LogModuleManager: Shutting down and abandoning module XAudio2 (54)
[2015.01.28-05.39.32:994][800]LogModuleManager: Shutting down and abandoning module Networking (52)
[2015.01.28-05.39.32:994][800]LogModuleManager: Shutting down and abandoning module Core (51)
[2015.01.28-05.39.32:994][800]LogModuleManager: Shutting down and abandoning module KismetCompiler (50)
[2015.01.28-05.39.32:994][800]LogModuleManager: Shutting down and abandoning module PhysXFormats (49)
[2015.01.28-05.39.32:994][800]LogModuleManager: Shutting down and abandoning module MeshUtilities (48)
[2015.01.28-05.39.32:994][800]LogModuleManager: Shutting down and abandoning module DerivedDataCache (47)
[2015.01.28-05.39.33:011][800]LogDerivedDataCache: Shutdown
[2015.01.28-05.39.33:011][800]LogModuleManager: Shutting down and abandoning module ShaderFormatOpenGL (46)
[2015.01.28-05.39.33:011][800]LogModuleManager: Shutting down and abandoning module ShaderFormatD3D (45)
[2015.01.28-05.39.33:011][800]LogModuleManager: Shutting down and abandoning module MetalShaderFormat (44)
[2015.01.28-05.39.33:011][800]LogModuleManager: Shutting down and abandoning module TextureFormatUncompressed (43)
[2015.01.28-05.39.33:011][800]LogModuleManager: Shutting down and abandoning module TextureFormatPVR (42)
[2015.01.28-05.39.33:011][800]LogModuleManager: Shutting down and abandoning module TextureFormatDXT (41)
[2015.01.28-05.39.33:011][800]LogModuleManager: Shutting down and abandoning module TextureFormatAndroid (40)
[2015.01.28-05.39.33:011][800]LogModuleManager: Shutting down and abandoning module AudioFormatOpus (39)
[2015.01.28-05.39.33:011][800]LogModuleManager: Shutting down and abandoning module AudioFormatOgg (38)
[2015.01.28-05.39.33:011][800]LogModuleManager: Shutting down and abandoning module AudioFormatADPCM (37)
[2015.01.28-05.39.33:011][800]LogModuleManager: Shutting down and abandoning module LinuxTargetPlatform (36)
[2015.01.28-05.39.33:011][800]LogModuleManager: Shutting down and abandoning module LinuxServerTargetPlatform (35)
[2015.01.28-05.39.33:011][800]LogModuleManager: Shutting down and abandoning module LinuxNoEditorTargetPlatform (34)
[2015.01.28-05.39.33:011][800]LogModuleManager: Shutting down and abandoning module Messaging (33)
[2015.01.28-05.39.33:011][800]LogModuleManager: Shutting down and abandoning module IOSTargetPlatform (32)
[2015.01.28-05.39.33:011][800]LogModuleManager: Shutting down and abandoning module Android_PVRTCTargetPlatform (31)
[2015.01.28-05.39.33:011][800]LogModuleManager: Shutting down and abandoning module Android_ETC2TargetPlatform (30)
[2015.01.28-05.39.33:011][800]LogModuleManager: Shutting down and abandoning module Android_ETC1TargetPlatform (29)
[2015.01.28-05.39.33:011][800]LogModuleManager: Shutting down and abandoning module Android_DXTTargetPlatform (28)
[2015.01.28-05.39.33:011][800]LogModuleManager: Shutting down and abandoning module Android_ATCTargetPlatform (27)
[2015.01.28-05.39.33:011][800]LogModuleManager: Shutting down and abandoning module AndroidTargetPlatform (26)
[2015.01.28-05.39.33:011][800]LogModuleManager: Shutting down and abandoning module WindowsTargetPlatform (25)
[2015.01.28-05.39.33:011][800]LogModuleManager: Shutting down and abandoning module WindowsServerTargetPlatform (24)
[2015.01.28-05.39.33:011][800]LogModuleManager: Shutting down and abandoning module WindowsNoEditorTargetPlatform (23)
[2015.01.28-05.39.33:011][800]LogModuleManager: Shutting down and abandoning module WindowsClientTargetPlatform (22)
[2015.01.28-05.39.33:011][800]LogModuleManager: Shutting down and abandoning module TargetPlatform (21)
[2015.01.28-05.39.33:011][800]LogModuleManager: Shutting down and abandoning module InputCore (20)
[2015.01.28-05.39.33:011][800]LogModuleManager: Shutting down and abandoning module Settings (19)
[2015.01.28-05.39.33:011][800]LogModuleManager: Shutting down and abandoning module ImageWrapper (18)
[2015.01.28-05.39.33:011][800]LogModuleManager: Shutting down and abandoning module OculusRift (15)
[2015.01.28-05.39.33:011][800]LogModuleManager: Shutting down and abandoning module ExampleDeviceProfileSelector (14)
[2015.01.28-05.39.33:011][800]LogModuleManager: Shutting down and abandoning module TextureCompressor (13)
[2015.01.28-05.39.33:011][800]LogModuleManager: Shutting down and abandoning module ShaderCore (12)
[2015.01.28-05.39.33:011][800]LogModuleManager: Shutting down and abandoning module Landscape (11)
[2015.01.28-05.39.33:011][800]LogModuleManager: Shutting down and abandoning module SlateRHIRenderer (10)
[2015.01.28-05.39.33:013][800]LogModuleManager: Shutting down and abandoning module OpenGLDrv (9)
[2015.01.28-05.39.33:013][800]LogModuleManager: Shutting down and abandoning module D3D11RHI (8)
[2015.01.28-05.39.33:013][800]LogModuleManager: Shutting down and abandoning module Renderer (7)
[2015.01.28-05.39.33:013][800]LogModuleManager: Shutting down and abandoning module Engine (6)
[2015.01.28-05.39.33:013][800]LogModuleManager: Shutting down and abandoning module CoreUObject (5)
[2015.01.28-05.39.33:013][800]LogModuleManager: Shutting down and abandoning module NetworkFile (4)
[2015.01.28-05.39.33:013][800]LogModuleManager: Shutting down and abandoning module StreamingFile (3)
[2015.01.28-05.39.33:013][800]LogModuleManager: Shutting down and abandoning module SandboxFile (2)
[2015.01.28-05.39.33:013][800]LogModuleManager: Shutting down and abandoning module PakFile (1)
[2015.01.28-05.39.33:014][800]LogExit: Exiting.
[2015.01.28-05.39.33:018][800]Log file closed, 01/28/15 00:39:33
