Log file open, 01/27/15 22:18:53
LogInit:Display: Running engine for game: KodainaKingdom
LogInit: Version: 4.6.1-2386410+++depot+UE4-Releases+4.6
LogInit: API Version: 2369412
LogInit: Compiled (64-bit): Dec 11 2014 21:31:39
LogInit: Compiled with Visual C++: 18.00.21005.01
LogInit: Build Configuration: Development
LogInit: Branch Name: ++depot+UE4-Releases+4.6
LogInit: Command line:  
LogInit: Base directory: C:/Program Files/UE45/Epic Games/4.6/Engine/Binaries/Win64/
LogInit: Rocket: 1
[2015.01.28-03.18.53:516][  0]LogTaskGraph: Started task graph with 3 named threads and 6 total threads.
[2015.01.28-03.18.53:575][  0]LogOnline:Warning: No default platform service specified for OnlineSubsystem
[2015.01.28-03.18.53:638][  0]LogInit: Presizing for 0 objects not considered by GC, pre-allocating 0 bytes.
[2015.01.28-03.18.53:646][  0]LogInit: Object subsystem initialized
[2015.01.28-03.18.53:648][  0]LogInit: Selected Device Profile: [Windows]
[2015.01.28-03.18.53:648][  0]LogInit: Applying CVar settings loaded from the selected device profile: [Windows]
[2015.01.28-03.18.53:656][  0]LogInit: Computer: ASUS
[2015.01.28-03.18.53:656][  0]LogInit: User: Owner
[2015.01.28-03.18.53:656][  0]LogInit: CPU Page size=4096, Cores=4
[2015.01.28-03.18.53:656][  0]LogInit: High frequency timer resolution =2.338348 MHz
[2015.01.28-03.18.53:656][  0]LogMemory: Memory total: Physical=15.9GB (16GB approx) Virtual=131072.0GB
[2015.01.28-03.18.53:657][  0]LogMemory: Platform Memory Stats for Windows
[2015.01.28-03.18.53:657][  0]LogMemory: Process Physical Memory: 48.89 MB used, 48.89 MB peak
[2015.01.28-03.18.53:657][  0]LogMemory: Process Virtual Memory: 25.07 MB used, 25.07 MB peak
[2015.01.28-03.18.53:657][  0]LogMemory: Physical Memory: 4271.89 MB used, 16267.18 MB total
[2015.01.28-03.18.53:657][  0]LogMemory: Virtual Memory: 274.82 MB used, 134217728.00 MB total
[2015.01.28-03.18.53:835][  0]LogD3D11RHI: Found D3D11 adapter 0: Intel(R) HD Graphics 4600 (Feature Level 11_0)
[2015.01.28-03.18.53:835][  0]LogD3D11RHI: Adapter has 32MB of dedicated video memory, 0MB of dedicated system memory, and 1760MB of shared system memory, 1 output[s]
[2015.01.28-03.18.53:848][  0]LogD3D11RHI: Found D3D11 adapter 1: NVIDIA GeForce GT 750M (Feature Level 11_0)
[2015.01.28-03.18.53:848][  0]LogD3D11RHI: Adapter has 1988MB of dedicated video memory, 0MB of dedicated system memory, and 2048MB of shared system memory, 0 output[s]
[2015.01.28-03.18.53:849][  0]LogD3D11RHI: Found D3D11 adapter 2: Microsoft Basic Render Driver (Feature Level 11_0)
[2015.01.28-03.18.53:849][  0]LogD3D11RHI: Adapter has 0MB of dedicated video memory, 0MB of dedicated system memory, and 256MB of shared system memory, 0 output[s]
[2015.01.28-03.18.53:849][  0]LogD3D11RHI: Chosen D3D11 Adapter Id = 0
[2015.01.28-03.18.53:854][  0]LogRHI: Texture pool is 1361 MB (70% of 1945 MB)
[2015.01.28-03.18.53:866][  0]LogD3D11RHI: Async texture creation enabled
[2015.01.28-03.18.54:044][  0]LogTextLocalizationManager: The requested culture ('en_US') has no localization data; parent culture's ('en') localization data will be used.
[2015.01.28-03.18.54:173][  0]LogContentStreaming: Texture pool size is 0.000000MB
[2015.01.28-03.19.00:279][  0]LogTargetPlatformManager:Display: Building Assets For Windows
[2015.01.28-03.19.01:080][  0]LogTargetPlatformManager:Display: Building Assets For Windows
[2015.01.28-03.19.01:177][  0]LogDerivedDataCache:Display: Max Cache Size: 512 MB
[2015.01.28-03.19.01:234][  0]LogDerivedDataCache: Loaded boot cache 0.06s 39MB C:/Users/Owner/AppData/Local/UnrealEngine/4.6/DerivedDataCache/Boot.ddc.
[2015.01.28-03.19.01:234][  0]LogDerivedDataCache:Display: Loaded Boot cache: C:/Users/Owner/AppData/Local/UnrealEngine/4.6/DerivedDataCache/Boot.ddc
[2015.01.28-03.19.01:235][  0]LogDerivedDataCache: FDerivedDataBackendGraph:  Pak pak cache file ../../../../../../../Users/Owner/Documents/Unreal Projects/Kodaina/DerivedDataCache/DDC.ddp not found, will not use a pak cache.
[2015.01.28-03.19.01:235][  0]LogDerivedDataCache: Unable to find inner node Pak for hierarchical cache Hierarchy.
[2015.01.28-03.19.01:303][  0]LogDerivedDataCache:Display: Pak cache opened for reading ../../../Engine/DerivedDataCache/DDC.ddp.
[2015.01.28-03.19.01:317][  0]LogDerivedDataCache: Using Local data cache path C:/Users/Owner/AppData/Local/UnrealEngine/Common/DerivedDataCache: Writable
[2015.01.28-03.19.01:522][  0]LogCollisionProfile:Warning: Profile (UI) - Custom Channel Name = 'Weapon' hasn't been found
[2015.01.28-03.19.01:802][  0]LogMeshUtilities: No automatic mesh reduction module available
[2015.01.28-03.19.01:803][  0]LogMeshUtilities: No automatic mesh merging module available
[2015.01.28-03.19.02:532][  0]LogInit: WinSock: version 1.1 (2.2), MaxSocks=32767, MaxUdp=65467
[2015.01.28-03.19.02:697][  0]LogSlate:Warning: Failed to load font data from '../../../Engine/Content/Slate/Fonts/Roboto-Italic.ttf'
[2015.01.28-03.19.06:246][  0]UdpMessaging: Initializing bridge on interface 0.0.0.0:0 to multicast group 230.0.0.1:6666.
[2015.01.28-03.19.06:627][  0]LogDirectoryWatcher:Warning: Failed to begin reading directory changes for C:/Users/Owner/Documents/Unreal Projects/Kodaina/Binaries/Win64. Error: 0
[2015.01.28-03.19.06:883][  0]SourceControl: Info Source control is disabled
[2015.01.28-03.19.06:883][  0]SourceControl: Info Source control is disabled
[2015.01.28-03.19.06:897][  0]SourceControl: Info Source control is disabled
[2015.01.28-03.19.07:239][  0]LogObj: 23754 objects as part of root set at end of initial load.
[2015.01.28-03.19.07:239][  0]LogUObjectAllocator: 5168128 out of 0 bytes used by permanent object pool.
[2015.01.28-03.19.07:328][  0]LogEngine: Initializing Engine...
[2015.01.28-03.19.07:468][  0]LogInit: XAudio2 using 'Speakers (M-Audio Micro)' : 2 channels at 44.1 kHz using 16 bits per sample (channel mask 0x3)
[2015.01.28-03.19.07:476][  0]LogInit: FAudioDevice initialized.
[2015.01.28-03.19.07:515][  0]LogAIModule: Creating AISystem for world NewWorld
[2015.01.28-03.19.07:535][  0]LogDerivedDataCache: Saved boot cache 0.02s 39MB C:/Users/Owner/AppData/Local/UnrealEngine/4.6/DerivedDataCache/Boot.ddc.
[2015.01.28-03.19.07:538][  0]LogInit: Texture streaming: Enabled
[2015.01.28-03.19.07:594][  0]LogAnalytics: Creating configured Analytics provider AnalyticsET
[2015.01.28-03.19.07:594][  0]LogAnalytics: ET APIKey = Rocket.Release. APIServer = http://et2.epicgames.com/ET2/. AppVersion = 4.6.1-2386410+++depot+UE4-Releases+4.6
[2015.01.28-03.19.07:595][  0]LogAnalytics: SetUserId d53fbd01599cddc5eda2e5a33cd9f114
[2015.01.28-03.19.07:596][  0]LogAnalytics: AnalyticsET::StartSession [Rocket.Release]
[2015.01.28-03.19.07:621][  0]LogInit: Transaction tracking system initialized
[2015.01.28-03.19.07:848][  0]BlueprintLog: New page: Editor Load
[2015.01.28-03.19.07:930][  0]LogAssetRegistry: FAssetRegistry took 0.0103 seconds to start up
[2015.01.28-03.19.07:933][  0]LogDirectoryWatcher:Warning: Failed to begin reading directory changes for ../../../Engine/Plugins/Experimental/CharacterAI/Content/. Error: 0
[2015.01.28-03.19.08:747][  0]LogTargetPlatformManager:Display: Building Assets For Windows
[2015.01.28-03.19.09:265][  0]LogTargetPlatformManager:Display: Building Assets For Windows
[2015.01.28-03.19.09:684][  0]LogConsoleResponse:Display: 
[2015.01.28-03.19.09:738][  0]LogLinker:Warning: Asset '../../../Engine/Content/Functions/Engine_MaterialFunctions03/Procedurals/ComputeFilterWidth.uasset' has been saved with empty engine version. The asset will be loaded but may be incompatible.
[2015.01.28-03.19.10:098][  0]SourceControl: Info Source control is disabled
[2015.01.28-03.19.10:098][  0]Cmd: MAP LOAD FILE="../../../../../../../Users/Owner/Documents/Unreal Projects/Kodaina/Content/Maps/TestLevel.umap" TEMPLATE=0 SHOWPROGRESS=1
[2015.01.28-03.19.10:098][  0]LightingResults: New page: Lighting Build
[2015.01.28-03.19.10:117][  0]MapCheck: New page: Map Check
[2015.01.28-03.19.10:117][  0]LightingResults: New page: Lighting Build
[2015.01.28-03.19.10:125][  0]LogParticles: Destroying 0 GPU particle simulations for FXSystem 0x00000042F4F21940
[2015.01.28-03.19.10:249][  0]LogEditorServer: Finished looking for orphan Actors (0.000 secs)
[2015.01.28-03.19.10:249][  0]LogAIModule: Creating AISystem for world TestLevel
[2015.01.28-03.19.10:250][  0]Cmd: MAP CHECKDEP
[2015.01.28-03.19.10:250][  0]MapCheck: New page: TestLevel - Jan 27, 2015, 5:19:10 PM
[2015.01.28-03.19.10:427][  0]MapCheck: Info Map check complete: 0 Error(s), 0 Warning(s), took 177.262ms to complete.
[2015.01.28-03.19.10:427][  0]LogFileHelpers: Loading map 'TestLevel' took 0.329
[2015.01.28-03.19.10:532][  0]LogCollectionManager: Loaded 0 collections in 0.001557 seconds
[2015.01.28-03.19.10:842][  0]LogCrashTracker: Crashtracker disabled due to settings.
[2015.01.28-03.19.10:898][  0]LogUObjectGlobals:Warning: Failed to find object 'Class None.'
[2015.01.28-03.19.10:926][  0]LogLoad: Full Startup: 19.83 seconds (BP compile: 0.03 seconds)
[2015.01.28-03.19.11:269][  0]LogContentBrowser:Verbose: The content browser source was changed by the sources view to '/Game/Blueprints'
[2015.01.28-03.19.11:425][  0]LogRenderer:Warning: Reallocating scene render targets to support 1200x904.
[2015.01.28-03.19.12:606][  4]LogAssetRegistry: Asset discovery search completed in 4.6873 seconds
[2015.01.28-03.19.23:867][194]BlueprintLog: New page: Pre-PIE auto-recompile
[2015.01.28-03.19.23:867][194]LogPlayLevel: [PIE] Compiling TestLevel before PIE...
[2015.01.28-03.19.23:910][194]LogPlayLevel: PIE:  Blueprint regeneration took 42 ms (1 blueprints)
[2015.01.28-03.19.23:910][194]PIE: New page: PIE session: TestLevel (Jan 27, 2015, 5:19:23 PM)
[2015.01.28-03.19.23:915][194]LogPlayLevel: PIE: StaticDuplicateObject took: (0.003199s)
[2015.01.28-03.19.23:915][194]LogPlayLevel: PIE: World Init took: (0.000463s)
[2015.01.28-03.19.23:915][194]LogPlayLevel: PIE: Created PIE world by copying editor world from /Game/Maps/TestLevel.TestLevel to /Game/Maps/UEDPIE_0_TestLevel.TestLevel (0.003804s)
[2015.01.28-03.19.25:663][194]LogWorld: Game class is 'Kodaina_C'
[2015.01.28-03.19.25:664][194]LogAIModule: Creating AISystem for world TestLevel
[2015.01.28-03.19.25:666][194]LogWorld: Bringing World /Game/Maps/UEDPIE_0_TestLevel.TestLevel up for play (max tick rate 60) at 2015.01.27-22.19.25
[2015.01.28-03.19.25:667][194]LogWorld: Bringing up level for play took: 0.001972
[2015.01.28-03.19.25:673][194]PIE: Info Play in editor start time for /Game/Maps/UEDPIE_0_TestLevel 1.969
[2015.01.28-03.19.48:821][340]LogActorComponent: UnregisterComponent: (/Engine/Transient.CharacterMovementComponent_0) Not registered. Aborting.
[2015.01.28-03.19.48:855][340]LogParticles: Destroying 0 GPU particle simulations for FXSystem 0x00000042EEB49D00
[2015.01.28-03.20.00:045][805]LogPropertyNode:Warning: UI Min (0.001) >= UI Max () for Ranged Numeric
[2015.01.28-03.20.00:049][805]LogPropertyNode:Warning: UI Min (0.001) >= UI Max () for Ranged Numeric
[2015.01.28-03.20.00:099][805]LogPropertyNode:Warning: UI Min (0.001) >= UI Max () for Ranged Numeric
[2015.01.28-03.20.00:100][805]LogPropertyNode:Warning: UI Min (0.001) >= UI Max () for Ranged Numeric
[2015.01.28-03.20.19:520][624]BlueprintLog: New page: Compile ShoppingHUD
[2015.01.28-03.20.19:643][624]LogActorComponent: UnregisterComponent: (/Engine/Transient.CharacterMovementComponent_1) Not registered. Aborting.
[2015.01.28-03.20.19:737][624]LogPropertyNode:Warning: UI Min (0.001) >= UI Max () for Ranged Numeric
[2015.01.28-03.20.19:738][624]LogPropertyNode:Warning: UI Min (0.001) >= UI Max () for Ranged Numeric
[2015.01.28-03.20.19:759][624]BlueprintEditorCompileResults: Info [0088.66] Compile of ShoppingHUD successful! [in 215 ms]
[2015.01.28-03.20.25:026][867]BlueprintLog: New page: Pre-PIE auto-recompile
[2015.01.28-03.20.25:056][867]LogPropertyNode:Warning: UI Min (0.001) >= UI Max () for Ranged Numeric
[2015.01.28-03.20.25:056][867]LogPropertyNode:Warning: UI Min (0.001) >= UI Max () for Ranged Numeric
[2015.01.28-03.20.25:075][867]LogActorComponent: UnregisterComponent: (/Engine/Transient.CharacterMovementComponent_2) Not registered. Aborting.
[2015.01.28-03.20.25:076][867]LogPlayLevel: [PIE] Compiling MyCharacter before PIE...
[2015.01.28-03.20.25:342][867]LogPropertyNode:Warning: UI Min (0.001) >= UI Max () for Ranged Numeric
[2015.01.28-03.20.25:343][867]LogPropertyNode:Warning: UI Min (0.001) >= UI Max () for Ranged Numeric
[2015.01.28-03.20.25:459][867]LogPropertyNode:Warning: UI Min (0.001) >= UI Max () for Ranged Numeric
[2015.01.28-03.20.25:460][867]LogPropertyNode:Warning: UI Min (0.001) >= UI Max () for Ranged Numeric
[2015.01.28-03.20.25:532][867]LogPlayLevel: [PIE] Compiling Tutorial_BP_MacroLib before PIE...
[2015.01.28-03.20.25:578][867]LogPlayLevel: [PIE] Compiling TestLevel before PIE...
[2015.01.28-03.20.25:629][867]LogPlayLevel: [PIE] Compiling RollingMovingHUD before PIE...
[2015.01.28-03.20.25:740][867]LogPropertyNode:Warning: UI Min (0.001) >= UI Max () for Ranged Numeric
[2015.01.28-03.20.25:740][867]LogPropertyNode:Warning: UI Min (0.001) >= UI Max () for Ranged Numeric
[2015.01.28-03.20.25:771][867]LogPlayLevel: [PIE] Compiling Enemy before PIE...
[2015.01.28-03.20.25:924][867]LogPropertyNode:Warning: UI Min (0.001) >= UI Max () for Ranged Numeric
[2015.01.28-03.20.25:925][867]LogPropertyNode:Warning: UI Min (0.001) >= UI Max () for Ranged Numeric
[2015.01.28-03.20.25:956][867]LogPlayLevel: [PIE] Compiling BattleHUD before PIE...
[2015.01.28-03.20.26:183][867]LogPropertyNode:Warning: UI Min (0.001) >= UI Max () for Ranged Numeric
[2015.01.28-03.20.26:184][867]LogPropertyNode:Warning: UI Min (0.001) >= UI Max () for Ranged Numeric
[2015.01.28-03.20.26:244][867]LogPlayLevel: [PIE] Compiling ShoppingHUD before PIE...
[2015.01.28-03.20.26:391][867]LogPropertyNode:Warning: UI Min (0.001) >= UI Max () for Ranged Numeric
[2015.01.28-03.20.26:392][867]LogPropertyNode:Warning: UI Min (0.001) >= UI Max () for Ranged Numeric
[2015.01.28-03.20.26:471][867]LogPlayLevel: PIE:  Blueprint regeneration took 1444 ms (7 blueprints)
[2015.01.28-03.20.26:471][867]PIE: New page: PIE session: TestLevel (Jan 27, 2015, 5:20:26 PM)
[2015.01.28-03.20.26:475][867]LogPlayLevel: PIE: StaticDuplicateObject took: (0.003508s)
[2015.01.28-03.20.26:475][867]LogPlayLevel: PIE: World Init took: (0.000553s)
[2015.01.28-03.20.26:475][867]LogPlayLevel: PIE: Created PIE world by copying editor world from /Game/Maps/TestLevel.TestLevel to /Game/Maps/UEDPIE_0_TestLevel.TestLevel (0.004219s)
[2015.01.28-03.20.26:519][867]LogWorld: Game class is 'Kodaina_C'
[2015.01.28-03.20.26:520][867]LogAIModule: Creating AISystem for world TestLevel
[2015.01.28-03.20.26:522][867]LogWorld: Bringing World /Game/Maps/UEDPIE_0_TestLevel.TestLevel up for play (max tick rate 60) at 2015.01.27-22.20.26
[2015.01.28-03.20.26:522][867]LogWorld: Bringing up level for play took: 0.001962
[2015.01.28-03.20.26:531][867]PIE: Info Play in editor start time for /Game/Maps/UEDPIE_0_TestLevel 0.827
[2015.01.28-03.20.40:308][545]LogActorComponent: UnregisterComponent: (/Engine/Transient.CharacterMovementComponent_3) Not registered. Aborting.
[2015.01.28-03.20.40:344][545]LogParticles: Destroying 0 GPU particle simulations for FXSystem 0x0000004284B2A700
[2015.01.28-03.20.41:037][581]Cmd: OBJ SAVEPACKAGE PACKAGE="/Game/Blueprints/ShoppingHUD" FILE="../../../../../../../Users/Owner/Documents/Unreal Projects/Kodaina/Content/Blueprints/ShoppingHUD.uasset" SILENT=true
[2015.01.28-03.20.41:360][581]LogSavePackage: Save=34.096294ms
[2015.01.28-03.20.41:360][581]LogSavePackage: Moving '../../../../../../../Users/Owner/Documents/Unreal Projects/Kodaina/Saved/ShoppingHUD1DE5C15B48C05A75D2D2558ECA7B8662.tmp' to '../../../../../../../Users/Owner/Documents/Unreal Projects/Kodaina/Content/Blueprints/ShoppingHUD.uasset'
[2015.01.28-03.20.57:864][136]LogPropertyNode:Warning: UI Min (0.001) >= UI Max () for Ranged Numeric
[2015.01.28-03.20.57:865][136]LogPropertyNode:Warning: UI Min (0.001) >= UI Max () for Ranged Numeric
[2015.01.28-03.21.02:408][217]LogPropertyNode:Warning: UI Min (0.001) >= UI Max () for Ranged Numeric
[2015.01.28-03.21.02:409][217]LogPropertyNode:Warning: UI Min (0.001) >= UI Max () for Ranged Numeric
[2015.01.28-03.21.02:426][217]LogActorComponent: UnregisterComponent: (/Engine/Transient.CharacterMovementComponent_4) Not registered. Aborting.
[2015.01.28-03.21.06:126][311]LogPropertyNode:Warning: UI Min (0.001) >= UI Max () for Ranged Numeric
[2015.01.28-03.21.06:126][311]LogPropertyNode:Warning: UI Min (0.001) >= UI Max () for Ranged Numeric
[2015.01.28-03.21.06:145][311]LogActorComponent: UnregisterComponent: (/Engine/Transient.CharacterMovementComponent_5) Not registered. Aborting.
[2015.01.28-03.21.10:511][415]LogPropertyNode:Warning: UI Min (0.001) >= UI Max () for Ranged Numeric
[2015.01.28-03.21.10:512][415]LogPropertyNode:Warning: UI Min (0.001) >= UI Max () for Ranged Numeric
[2015.01.28-03.21.10:530][415]LogActorComponent: UnregisterComponent: (/Engine/Transient.CharacterMovementComponent_6) Not registered. Aborting.
[2015.01.28-03.21.13:043][471]LogPropertyNode:Warning: UI Min (0.001) >= UI Max () for Ranged Numeric
[2015.01.28-03.21.13:043][471]LogPropertyNode:Warning: UI Min (0.001) >= UI Max () for Ranged Numeric
[2015.01.28-03.21.13:061][471]LogActorComponent: UnregisterComponent: (/Engine/Transient.CharacterMovementComponent_7) Not registered. Aborting.
[2015.01.28-03.21.14:081][490]BlueprintLog: New page: Compile MyCharacter
[2015.01.28-03.21.14:369][490]LogPropertyNode:Warning: UI Min (0.001) >= UI Max () for Ranged Numeric
[2015.01.28-03.21.14:370][490]LogPropertyNode:Warning: UI Min (0.001) >= UI Max () for Ranged Numeric
[2015.01.28-03.21.14:474][490]LogActorComponent: UnregisterComponent: (/Engine/Transient.CharacterMovementComponent_8) Not registered. Aborting.
[2015.01.28-03.21.14:629][490]LogPropertyNode:Warning: UI Min (0.001) >= UI Max () for Ranged Numeric
[2015.01.28-03.21.14:629][490]LogPropertyNode:Warning: UI Min (0.001) >= UI Max () for Ranged Numeric
[2015.01.28-03.21.14:697][490]BlueprintEditorCompileResults: Info [0143.60] Compile of MyCharacter successful! [in 454 ms]
[2015.01.28-03.21.17:981][570]LogPropertyNode:Warning: UI Min (0.001) >= UI Max () for Ranged Numeric
[2015.01.28-03.21.17:982][570]LogPropertyNode:Warning: UI Min (0.001) >= UI Max () for Ranged Numeric
[2015.01.28-03.21.17:998][570]LogActorComponent: UnregisterComponent: (/Engine/Transient.CharacterMovementComponent_9) Not registered. Aborting.
[2015.01.28-03.21.22:241][651]LogPropertyNode:Warning: UI Min (0.001) >= UI Max () for Ranged Numeric
[2015.01.28-03.21.22:247][651]LogPropertyNode:Warning: UI Min (0.001) >= UI Max () for Ranged Numeric
[2015.01.28-03.21.22:395][651]LogActorComponent: UnregisterComponent: (/Engine/Transient.CharacterMovementComponent_10) Not registered. Aborting.
[2015.01.28-03.21.24:081][683]LogPropertyNode:Warning: UI Min (0.001) >= UI Max () for Ranged Numeric
[2015.01.28-03.21.24:082][683]LogPropertyNode:Warning: UI Min (0.001) >= UI Max () for Ranged Numeric
[2015.01.28-03.21.24:099][683]LogActorComponent: UnregisterComponent: (/Engine/Transient.CharacterMovementComponent_11) Not registered. Aborting.
[2015.01.28-03.21.26:429][733]LogPropertyNode:Warning: UI Min (0.001) >= UI Max () for Ranged Numeric
[2015.01.28-03.21.26:430][733]LogPropertyNode:Warning: UI Min (0.001) >= UI Max () for Ranged Numeric
[2015.01.28-03.21.26:448][733]LogActorComponent: UnregisterComponent: (/Engine/Transient.CharacterMovementComponent_12) Not registered. Aborting.
[2015.01.28-03.21.28:532][780]LogPropertyNode:Warning: UI Min (0.001) >= UI Max () for Ranged Numeric
[2015.01.28-03.21.28:532][780]LogPropertyNode:Warning: UI Min (0.001) >= UI Max () for Ranged Numeric
[2015.01.28-03.21.28:549][780]LogActorComponent: UnregisterComponent: (/Engine/Transient.CharacterMovementComponent_13) Not registered. Aborting.
[2015.01.28-03.21.30:732][827]LogPropertyNode:Warning: UI Min (0.001) >= UI Max () for Ranged Numeric
[2015.01.28-03.21.30:733][827]LogPropertyNode:Warning: UI Min (0.001) >= UI Max () for Ranged Numeric
[2015.01.28-03.21.30:750][827]LogActorComponent: UnregisterComponent: (/Engine/Transient.CharacterMovementComponent_14) Not registered. Aborting.
[2015.01.28-03.21.33:317][888]LogPropertyNode:Warning: UI Min (0.001) >= UI Max () for Ranged Numeric
[2015.01.28-03.21.33:317][888]LogPropertyNode:Warning: UI Min (0.001) >= UI Max () for Ranged Numeric
[2015.01.28-03.21.33:335][888]LogActorComponent: UnregisterComponent: (/Engine/Transient.CharacterMovementComponent_15) Not registered. Aborting.
[2015.01.28-03.21.37:892][977]LogPropertyNode:Warning: UI Min (0.001) >= UI Max () for Ranged Numeric
[2015.01.28-03.21.37:893][977]LogPropertyNode:Warning: UI Min (0.001) >= UI Max () for Ranged Numeric
[2015.01.28-03.21.37:911][977]LogActorComponent: UnregisterComponent: (/Engine/Transient.CharacterMovementComponent_16) Not registered. Aborting.
[2015.01.28-03.21.40:914][ 50]LogPropertyNode:Warning: UI Min (0.001) >= UI Max () for Ranged Numeric
[2015.01.28-03.21.40:915][ 50]LogPropertyNode:Warning: UI Min (0.001) >= UI Max () for Ranged Numeric
[2015.01.28-03.21.40:932][ 50]LogActorComponent: UnregisterComponent: (/Engine/Transient.CharacterMovementComponent_17) Not registered. Aborting.
[2015.01.28-03.21.42:521][ 78]LogPropertyNode:Warning: UI Min (0.001) >= UI Max () for Ranged Numeric
[2015.01.28-03.21.42:522][ 78]LogPropertyNode:Warning: UI Min (0.001) >= UI Max () for Ranged Numeric
[2015.01.28-03.21.42:540][ 78]LogActorComponent: UnregisterComponent: (/Engine/Transient.CharacterMovementComponent_18) Not registered. Aborting.
[2015.01.28-03.21.44:320][119]BlueprintLog: New page: Compile MyCharacter
[2015.01.28-03.21.44:607][119]LogPropertyNode:Warning: UI Min (0.001) >= UI Max () for Ranged Numeric
[2015.01.28-03.21.44:608][119]LogPropertyNode:Warning: UI Min (0.001) >= UI Max () for Ranged Numeric
[2015.01.28-03.21.44:706][119]LogActorComponent: UnregisterComponent: (/Engine/Transient.CharacterMovementComponent_19) Not registered. Aborting.
[2015.01.28-03.21.44:869][119]LogPropertyNode:Warning: UI Min (0.001) >= UI Max () for Ranged Numeric
[2015.01.28-03.21.44:870][119]LogPropertyNode:Warning: UI Min (0.001) >= UI Max () for Ranged Numeric
[2015.01.28-03.21.44:935][119]BlueprintEditorCompileResults: Info [0173.84] Compile of MyCharacter successful! [in 460 ms]
[2015.01.28-03.22.42:977][511]LogUObjectGlobals:Warning: Failed to find object 'Object None.'
[2015.01.28-03.22.52:201][922]BlueprintLog: New page: Compile MyCharacter
[2015.01.28-03.22.52:450][922]LogBlueprint:Warning: [compiler] Warning ReturnNode Exec pin has no connections on  EdGraphPin_9314 
[2015.01.28-03.22.52:470][922]LogBlueprint:Error: [compiler] Error Pin  Weapons  named Weapons doesn't match any parameters of function Define Equipment Arrays
[2015.01.28-03.22.52:487][922]LogPropertyNode:Warning: UI Min (0.001) >= UI Max () for Ranged Numeric
[2015.01.28-03.22.52:488][922]LogPropertyNode:Warning: UI Min (0.001) >= UI Max () for Ranged Numeric
[2015.01.28-03.22.52:659][922]LogActorComponent: UnregisterComponent: (/Engine/Transient.CharacterMovementComponent_20) Not registered. Aborting.
[2015.01.28-03.22.52:792][922]LogPropertyNode:Warning: UI Min (0.001) >= UI Max () for Ranged Numeric
[2015.01.28-03.22.52:793][922]LogPropertyNode:Warning: UI Min (0.001) >= UI Max () for Ranged Numeric
[2015.01.28-03.22.52:867][922]LogBlueprint:Warning: [compiler] Warning [0241.77] Compile of MyCharacter failed. 1 Fatal Issue(s) 1 Warning(s) [in 508 ms]
[2015.01.28-03.22.52:867][922]BlueprintEditorCompileResults:Warning: Warning ReturnNode Exec pin has no connections on  EdGraphPin_9314 
[2015.01.28-03.22.52:867][922]BlueprintEditorCompileResults:Error: Error Pin  Weapons  named Weapons doesn't match any parameters of function Define Equipment Arrays
[2015.01.28-03.22.52:867][922]BlueprintEditorCompileResults:Warning: Warning [0241.77] Compile of MyCharacter failed. 1 Fatal Issue(s) 1 Warning(s) [in 508 ms]
[2015.01.28-03.23.04:149][286]LogPropertyNode:Warning: UI Min (0.001) >= UI Max () for Ranged Numeric
[2015.01.28-03.23.04:150][286]LogPropertyNode:Warning: UI Min (0.001) >= UI Max () for Ranged Numeric
[2015.01.28-03.23.04:168][286]LogActorComponent: UnregisterComponent: (/Engine/Transient.CharacterMovementComponent_21) Not registered. Aborting.
[2015.01.28-03.23.50:769][438]BlueprintLog: New page: Compile MyCharacter
[2015.01.28-03.23.51:021][438]LogBlueprint:Warning: [compiler] Warning ReturnNode Exec pin has no connections on  EdGraphPin_9314 
[2015.01.28-03.23.51:043][438]LogBlueprint:Error: [compiler] Error Pin  Weapons  named Weapons doesn't match any parameters of function Define Equipment Arrays
[2015.01.28-03.23.51:060][438]LogPropertyNode:Warning: UI Min (0.001) >= UI Max () for Ranged Numeric
[2015.01.28-03.23.51:061][438]LogPropertyNode:Warning: UI Min (0.001) >= UI Max () for Ranged Numeric
[2015.01.28-03.23.51:236][438]LogActorComponent: UnregisterComponent: (/Engine/Transient.CharacterMovementComponent_22) Not registered. Aborting.
[2015.01.28-03.23.51:320][438]LogPropertyNode:Warning: UI Min (0.001) >= UI Max () for Ranged Numeric
[2015.01.28-03.23.51:321][438]LogPropertyNode:Warning: UI Min (0.001) >= UI Max () for Ranged Numeric
[2015.01.28-03.23.51:385][438]LogBlueprint:Warning: [compiler] Warning [0300.29] Compile of MyCharacter failed. 1 Fatal Issue(s) 1 Warning(s) [in 454 ms]
[2015.01.28-03.23.51:385][438]BlueprintEditorCompileResults:Warning: Warning ReturnNode Exec pin has no connections on  EdGraphPin_9314 
[2015.01.28-03.23.51:385][438]BlueprintEditorCompileResults:Error: Error Pin  Weapons  named Weapons doesn't match any parameters of function Define Equipment Arrays
[2015.01.28-03.23.51:386][438]BlueprintEditorCompileResults:Warning: Warning [0300.29] Compile of MyCharacter failed. 1 Fatal Issue(s) 1 Warning(s) [in 454 ms]
[2015.01.28-03.23.52:986][510]LogContentBrowser:Verbose: The content browser source was changed by the sources view to '/Game/Data'
[2015.01.28-03.24.10:845][497]BlueprintLog: New page: Compile ShoppingHUD
[2015.01.28-03.24.10:980][497]LogActorComponent: UnregisterComponent: (/Engine/Transient.CharacterMovementComponent_23) Not registered. Aborting.
[2015.01.28-03.24.11:116][497]LogPropertyNode:Warning: UI Min (0.001) >= UI Max () for Ranged Numeric
[2015.01.28-03.24.11:117][497]LogPropertyNode:Warning: UI Min (0.001) >= UI Max () for Ranged Numeric
[2015.01.28-03.24.11:143][497]BlueprintEditorCompileResults: Info [0320.04] Compile of ShoppingHUD successful! [in 271 ms]
[2015.01.28-03.24.59:928][689]LogUObjectGlobals:Warning: Failed to find object 'Object None.'
[2015.01.28-03.25.09:073][  3]LogPropertyNode:Warning: UI Min (0.001) >= UI Max () for Ranged Numeric
[2015.01.28-03.25.09:074][  3]LogPropertyNode:Warning: UI Min (0.001) >= UI Max () for Ranged Numeric
[2015.01.28-03.25.44:158][664]BlueprintLog: New page: Compile MyCharacter
[2015.01.28-03.25.44:420][664]LogBlueprint:Warning: [compiler] Warning ReturnNode Exec pin has no connections on  EdGraphPin_9314 
[2015.01.28-03.25.44:442][664]LogBlueprint:Error: [compiler] Error Pin  Weapons  named Weapons doesn't match any parameters of function Define Equipment Arrays
[2015.01.28-03.25.44:460][664]LogPropertyNode:Warning: UI Min (0.001) >= UI Max () for Ranged Numeric
[2015.01.28-03.25.44:461][664]LogPropertyNode:Warning: UI Min (0.001) >= UI Max () for Ranged Numeric
[2015.01.28-03.25.44:735][664]LogPropertyNode:Warning: UI Min (0.001) >= UI Max () for Ranged Numeric
[2015.01.28-03.25.44:735][664]LogPropertyNode:Warning: UI Min (0.001) >= UI Max () for Ranged Numeric
[2015.01.28-03.25.44:780][664]LogBlueprint:Warning: [compiler] Warning [0413.68] Compile of MyCharacter failed. 1 Fatal Issue(s) 1 Warning(s) [in 451 ms]
[2015.01.28-03.25.44:780][664]BlueprintEditorCompileResults:Warning: Warning ReturnNode Exec pin has no connections on  EdGraphPin_9314 
[2015.01.28-03.25.44:780][664]BlueprintEditorCompileResults:Error: Error Pin  Weapons  named Weapons doesn't match any parameters of function Define Equipment Arrays
[2015.01.28-03.25.44:780][664]BlueprintEditorCompileResults:Warning: Warning [0413.68] Compile of MyCharacter failed. 1 Fatal Issue(s) 1 Warning(s) [in 451 ms]
[2015.01.28-03.26.24:976][290]LogPropertyNode:Warning: UI Min (0.001) >= UI Max () for Ranged Numeric
[2015.01.28-03.26.24:977][290]LogPropertyNode:Warning: UI Min (0.001) >= UI Max () for Ranged Numeric
[2015.01.28-03.26.48:792][353]BlueprintLog: New page: Compile MyCharacter
[2015.01.28-03.26.49:046][353]LogBlueprint:Warning: [compiler] Warning ReturnNode Exec pin has no connections on  EdGraphPin_9314 
[2015.01.28-03.26.49:069][353]LogBlueprint:Error: [compiler] Error Pin  Weapons  named Weapons doesn't match any parameters of function Define Equipment Arrays
[2015.01.28-03.26.49:085][353]LogPropertyNode:Warning: UI Min (0.001) >= UI Max () for Ranged Numeric
[2015.01.28-03.26.49:086][353]LogPropertyNode:Warning: UI Min (0.001) >= UI Max () for Ranged Numeric
[2015.01.28-03.26.49:363][353]LogPropertyNode:Warning: UI Min (0.001) >= UI Max () for Ranged Numeric
[2015.01.28-03.26.49:364][353]LogPropertyNode:Warning: UI Min (0.001) >= UI Max () for Ranged Numeric
[2015.01.28-03.26.49:409][353]LogBlueprint:Warning: [compiler] Warning [0478.31] Compile of MyCharacter failed. 1 Fatal Issue(s) 1 Warning(s) [in 453 ms]
[2015.01.28-03.26.49:409][353]BlueprintEditorCompileResults:Warning: Warning ReturnNode Exec pin has no connections on  EdGraphPin_9314 
[2015.01.28-03.26.49:409][353]BlueprintEditorCompileResults:Error: Error Pin  Weapons  named Weapons doesn't match any parameters of function Define Equipment Arrays
[2015.01.28-03.26.49:409][353]BlueprintEditorCompileResults:Warning: Warning [0478.31] Compile of MyCharacter failed. 1 Fatal Issue(s) 1 Warning(s) [in 453 ms]
[2015.01.28-03.28.22:147][573]LogUObjectGlobals:Warning: Failed to find object 'Object None.'
[2015.01.28-03.28.39:327][241]LogPropertyNode:Warning: UI Min (0.001) >= UI Max () for Ranged Numeric
[2015.01.28-03.28.39:327][241]LogPropertyNode:Warning: UI Min (0.001) >= UI Max () for Ranged Numeric
[2015.01.28-03.29.04:717][430]LogUObjectGlobals:Warning: Failed to find object 'Object None.'
[2015.01.28-03.29.20:043][ 12]BlueprintLog: New page: Compile MyCharacter
[2015.01.28-03.29.20:348][ 12]LogPropertyNode:Warning: UI Min (0.001) >= UI Max () for Ranged Numeric
[2015.01.28-03.29.20:349][ 12]LogPropertyNode:Warning: UI Min (0.001) >= UI Max () for Ranged Numeric
[2015.01.28-03.29.20:542][ 12]LogPropertyNode:Warning: UI Min (0.001) >= UI Max () for Ranged Numeric
[2015.01.28-03.29.20:543][ 12]LogPropertyNode:Warning: UI Min (0.001) >= UI Max () for Ranged Numeric
[2015.01.28-03.29.20:586][ 12]BlueprintEditorCompileResults: Info [0629.49] Compile of MyCharacter successful! [in 373 ms]
[2015.01.28-03.29.21:449][ 42]Cmd: OBJ SAVEPACKAGE PACKAGE="/Game/Blueprints/MyCharacter" FILE="../../../../../../../Users/Owner/Documents/Unreal Projects/Kodaina/Content/Blueprints/MyCharacter.uasset" SILENT=true
[2015.01.28-03.29.22:192][ 42]LogSavePackage: Save=446.684998ms
[2015.01.28-03.29.22:192][ 42]LogSavePackage: Moving '../../../../../../../Users/Owner/Documents/Unreal Projects/Kodaina/Saved/MyCharacterB0B73FA74DE284F68585449E845AFEBF.tmp' to '../../../../../../../Users/Owner/Documents/Unreal Projects/Kodaina/Content/Blueprints/MyCharacter.uasset'
[2015.01.28-03.30.07:613][995]LogEditorTransaction: Undo Delete current selection
[2015.01.28-03.30.07:703][995]LogPropertyNode:Warning: UI Min (0.001) >= UI Max () for Ranged Numeric
[2015.01.28-03.30.07:704][995]LogPropertyNode:Warning: UI Min (0.001) >= UI Max () for Ranged Numeric
[2015.01.28-03.30.07:721][995]LogActorComponent: UnregisterComponent: (/Engine/Transient.CharacterMovementComponent_24) Not registered. Aborting.
[2015.01.28-03.32.14:702][ 28]BlueprintLog: New page: Compile ShoppingHUD
[2015.01.28-03.32.14:923][ 28]LogPropertyNode:Warning: UI Min (0.001) >= UI Max () for Ranged Numeric
[2015.01.28-03.32.14:924][ 28]LogPropertyNode:Warning: UI Min (0.001) >= UI Max () for Ranged Numeric
[2015.01.28-03.32.14:947][ 28]BlueprintEditorCompileResults: Info [0803.85] Compile of ShoppingHUD successful! [in 221 ms]
[2015.01.28-03.32.16:236][ 78]Cmd: OBJ SAVEPACKAGE PACKAGE="/Game/Blueprints/MyCharacter" FILE="../../../../../../../Users/Owner/Documents/Unreal Projects/Kodaina/Content/Blueprints/MyCharacter.uasset" SILENT=true
[2015.01.28-03.32.16:975][ 78]LogSavePackage: Save=455.569489ms
[2015.01.28-03.32.16:975][ 78]LogSavePackage: Moving '../../../../../../../Users/Owner/Documents/Unreal Projects/Kodaina/Saved/MyCharacter6D66C0984573E2F943D966A1E2785992.tmp' to '../../../../../../../Users/Owner/Documents/Unreal Projects/Kodaina/Content/Blueprints/MyCharacter.uasset'
[2015.01.28-03.32.16:990][ 78]Cmd: OBJ SAVEPACKAGE PACKAGE="/Game/Blueprints/ShoppingHUD" FILE="../../../../../../../Users/Owner/Documents/Unreal Projects/Kodaina/Content/Blueprints/ShoppingHUD.uasset" SILENT=true
[2015.01.28-03.32.17:316][ 78]LogSavePackage: Save=39.011730ms
[2015.01.28-03.32.17:316][ 78]LogSavePackage: Moving '../../../../../../../Users/Owner/Documents/Unreal Projects/Kodaina/Saved/ShoppingHUD1981F770435BF3293592D387C499BF87.tmp' to '../../../../../../../Users/Owner/Documents/Unreal Projects/Kodaina/Content/Blueprints/ShoppingHUD.uasset'
[2015.01.28-03.32.18:633][147]BlueprintLog: New page: Pre-PIE auto-recompile
[2015.01.28-03.32.18:641][147]LogPlayLevel: [PIE] Compiling Enemy before PIE...
[2015.01.28-03.32.18:825][147]LogPropertyNode:Warning: UI Min (0.001) >= UI Max () for Ranged Numeric
[2015.01.28-03.32.18:826][147]LogPropertyNode:Warning: UI Min (0.001) >= UI Max () for Ranged Numeric
[2015.01.28-03.32.18:843][147]LogActorComponent: UnregisterComponent: (/Engine/Transient.CharacterMovementComponent_25) Not registered. Aborting.
[2015.01.28-03.32.18:881][147]LogPropertyNode:Warning: UI Min (0.001) >= UI Max () for Ranged Numeric
[2015.01.28-03.32.18:882][147]LogPropertyNode:Warning: UI Min (0.001) >= UI Max () for Ranged Numeric
[2015.01.28-03.32.18:901][147]LogPlayLevel: [PIE] Compiling MyCharacter before PIE...
[2015.01.28-03.32.19:200][147]LogPropertyNode:Warning: UI Min (0.001) >= UI Max () for Ranged Numeric
[2015.01.28-03.32.19:201][147]LogPropertyNode:Warning: UI Min (0.001) >= UI Max () for Ranged Numeric
[2015.01.28-03.32.19:341][147]LogPropertyNode:Warning: UI Min (0.001) >= UI Max () for Ranged Numeric
[2015.01.28-03.32.19:341][147]LogPropertyNode:Warning: UI Min (0.001) >= UI Max () for Ranged Numeric
[2015.01.28-03.32.19:391][147]LogPlayLevel: [PIE] Compiling TestLevel before PIE...
[2015.01.28-03.32.19:465][147]LogPlayLevel: [PIE] Compiling BattleHUD before PIE...
[2015.01.28-03.32.19:714][147]LogPropertyNode:Warning: UI Min (0.001) >= UI Max () for Ranged Numeric
[2015.01.28-03.32.19:714][147]LogPropertyNode:Warning: UI Min (0.001) >= UI Max () for Ranged Numeric
[2015.01.28-03.32.19:744][147]LogPlayLevel: [PIE] Compiling RollingMovingHUD before PIE...
[2015.01.28-03.32.19:877][147]LogPropertyNode:Warning: UI Min (0.001) >= UI Max () for Ranged Numeric
[2015.01.28-03.32.19:878][147]LogPropertyNode:Warning: UI Min (0.001) >= UI Max () for Ranged Numeric
[2015.01.28-03.32.19:917][147]LogPlayLevel: [PIE] Compiling ShoppingHUD before PIE...
[2015.01.28-03.32.20:077][147]LogPropertyNode:Warning: UI Min (0.001) >= UI Max () for Ranged Numeric
[2015.01.28-03.32.20:078][147]LogPropertyNode:Warning: UI Min (0.001) >= UI Max () for Ranged Numeric
[2015.01.28-03.32.20:184][147]LogPlayLevel: PIE:  Blueprint regeneration took 1550 ms (6 blueprints)
[2015.01.28-03.32.20:184][147]PIE: New page: PIE session: TestLevel (Jan 27, 2015, 5:32:20 PM)
[2015.01.28-03.32.20:187][147]LogPlayLevel: PIE: StaticDuplicateObject took: (0.003461s)
[2015.01.28-03.32.20:188][147]LogPlayLevel: PIE: World Init took: (0.000471s)
[2015.01.28-03.32.20:188][147]LogPlayLevel: PIE: Created PIE world by copying editor world from /Game/Maps/TestLevel.TestLevel to /Game/Maps/UEDPIE_0_TestLevel.TestLevel (0.004081s)
[2015.01.28-03.32.20:231][147]LogWorld: Game class is 'Kodaina_C'
[2015.01.28-03.32.20:232][147]LogAIModule: Creating AISystem for world TestLevel
[2015.01.28-03.32.20:234][147]LogWorld: Bringing World /Game/Maps/UEDPIE_0_TestLevel.TestLevel up for play (max tick rate 60) at 2015.01.27-22.32.20
[2015.01.28-03.32.20:234][147]LogWorld: Bringing up level for play took: 0.001800
[2015.01.28-03.32.20:241][147]PIE: Info Play in editor start time for /Game/Maps/UEDPIE_0_TestLevel 2.537
[2015.01.28-03.32.28:587][561]LogParticles: Destroying 0 GPU particle simulations for FXSystem 0x00000042991FBBA0
[2015.01.28-03.32.50:816][457]BlueprintLog: New page: Compile ShoppingHUD
[2015.01.28-03.32.51:035][457]LogPropertyNode:Warning: UI Min (0.001) >= UI Max () for Ranged Numeric
[2015.01.28-03.32.51:036][457]LogPropertyNode:Warning: UI Min (0.001) >= UI Max () for Ranged Numeric
[2015.01.28-03.32.51:057][457]BlueprintEditorCompileResults: Info [0839.96] Compile of ShoppingHUD successful! [in 218 ms]
[2015.01.28-03.32.51:514][470]Cmd: OBJ SAVEPACKAGE PACKAGE="/Game/Blueprints/ShoppingHUD" FILE="../../../../../../../Users/Owner/Documents/Unreal Projects/Kodaina/Content/Blueprints/ShoppingHUD.uasset" SILENT=true
[2015.01.28-03.32.51:847][470]LogSavePackage: Save=38.432690ms
[2015.01.28-03.32.51:847][470]LogSavePackage: Moving '../../../../../../../Users/Owner/Documents/Unreal Projects/Kodaina/Saved/ShoppingHUD85EFBF1B476C240A81CB6798054F3F94.tmp' to '../../../../../../../Users/Owner/Documents/Unreal Projects/Kodaina/Content/Blueprints/ShoppingHUD.uasset'
[2015.01.28-03.34.32:153][487]BlueprintLog: New page: Compile ShoppingHUD
[2015.01.28-03.34.32:398][487]LogPropertyNode:Warning: UI Min (0.001) >= UI Max () for Ranged Numeric
[2015.01.28-03.34.32:399][487]LogPropertyNode:Warning: UI Min (0.001) >= UI Max () for Ranged Numeric
[2015.01.28-03.34.32:421][487]BlueprintEditorCompileResults: Info [0941.32] Compile of ShoppingHUD successful! [in 245 ms]
[2015.01.28-03.36.05:275][100]BlueprintLog: New page: Compile ShoppingHUD
[2015.01.28-03.36.05:546][100]LogPropertyNode:Warning: UI Min (0.001) >= UI Max () for Ranged Numeric
[2015.01.28-03.36.05:547][100]LogPropertyNode:Warning: UI Min (0.001) >= UI Max () for Ranged Numeric
[2015.01.28-03.36.05:568][100]BlueprintEditorCompileResults: Info [1034.47] Compile of ShoppingHUD successful! [in 271 ms]
[2015.01.28-03.40.02:761][628]LogFileHelpers: Editor autosave (incl. sublevels) for '/Game/Maps/TestLevel' took 0.051
[2015.01.28-03.40.02:805][628]OBJ SavePackage: Generating thumbnails for [0] asset(s) in package [/Game/Blueprints/ShoppingHUD] ([1] browsable assets)...
[2015.01.28-03.40.02:805][628]OBJ SavePackage: Finished generating thumbnails for package [/Game/Blueprints/ShoppingHUD]
[2015.01.28-03.40.03:190][628]LogSavePackage: Save=80.286598ms
[2015.01.28-03.40.03:190][628]LogSavePackage: Moving '../../../../../../../Users/Owner/Documents/Unreal Projects/Kodaina/Saved/ShoppingHUD_Auto14D4D91994741A1D8273A038054ECEA7E.tmp' to '../../../../../../../Users/Owner/Documents/Unreal Projects/Kodaina/Saved/Autosaves/Game/Blueprints/ShoppingHUD_Auto1.uasset'
[2015.01.28-03.40.03:195][628]LogFileHelpers: Auto-saving content packages took 0.434
[2015.01.28-03.40.39:543][350]BlueprintLog: New page: Compile ShoppingHUD
[2015.01.28-03.40.39:820][350]LogPropertyNode:Warning: UI Min (0.001) >= UI Max () for Ranged Numeric
[2015.01.28-03.40.39:821][350]LogPropertyNode:Warning: UI Min (0.001) >= UI Max () for Ranged Numeric
[2015.01.28-03.40.39:845][350]BlueprintEditorCompileResults: Info [1308.75] Compile of ShoppingHUD successful! [in 277 ms]
[2015.01.28-03.41.10:986][757]BlueprintLog: New page: Compile ShoppingHUD
[2015.01.28-03.41.11:248][757]LogPropertyNode:Warning: UI Min (0.001) >= UI Max () for Ranged Numeric
[2015.01.28-03.41.11:248][757]LogPropertyNode:Warning: UI Min (0.001) >= UI Max () for Ranged Numeric
[2015.01.28-03.41.11:270][757]BlueprintEditorCompileResults: Info [1340.17] Compile of ShoppingHUD successful! [in 258 ms]
[2015.01.28-03.50.03:824][750]LogFileHelpers: Editor autosave (incl. sublevels) for '/Game/Maps/TestLevel' took 0.053
[2015.01.28-03.50.03:916][750]OBJ SavePackage: Generating thumbnails for [0] asset(s) in package [/Game/Blueprints/ShoppingHUD] ([1] browsable assets)...
[2015.01.28-03.50.03:950][750]OBJ SavePackage: Finished generating thumbnails for package [/Game/Blueprints/Shoppin