Log file open, 02/04/15 14:42:45
LogInit:Display: Running engine for game: KodainaKingdom
LogInit: Version: 4.6.1-2386410+++depot+UE4-Releases+4.6
LogInit: API Version: 2369412
LogInit: Compiled (64-bit): Dec 11 2014 21:31:39
LogInit: Compiled with Visual C++: 18.00.21005.01
LogInit: Build Configuration: Development
LogInit: Branch Name: ++depot+UE4-Releases+4.6
LogInit: Command line:  
LogInit: Base directory: C:/Program Files/UE45/Epic Games/4.6/Engine/Binaries/Win64/
LogInit: Rocket: 1
[2015.02.04-19.42.45:974][  0]LogTaskGraph: Started task graph with 3 named threads and 6 total threads.
[2015.02.04-19.42.46:034][  0]LogOnline:Warning: No default platform service specified for OnlineSubsystem
[2015.02.04-19.42.46:094][  0]LogInit: Presizing for 0 objects not considered by GC, pre-allocating 0 bytes.
[2015.02.04-19.42.46:102][  0]LogInit: Object subsystem initialized
[2015.02.04-19.42.46:104][  0]LogInit: Selected Device Profile: [Windows]
[2015.02.04-19.42.46:104][  0]LogInit: Applying CVar settings loaded from the selected device profile: [Windows]
[2015.02.04-19.42.46:112][  0]LogInit: Computer: ASUS
[2015.02.04-19.42.46:112][  0]LogInit: User: Owner
[2015.02.04-19.42.46:112][  0]LogInit: CPU Page size=4096, Cores=4
[2015.02.04-19.42.46:112][  0]LogInit: High frequency timer resolution =2.338346 MHz
[2015.02.04-19.42.46:112][  0]LogMemory: Memory total: Physical=15.9GB (16GB approx) Virtual=131072.0GB
[2015.02.04-19.42.46:112][  0]LogMemory: Platform Memory Stats for Windows
[2015.02.04-19.42.46:112][  0]LogMemory: Process Physical Memory: 48.86 MB used, 48.86 MB peak
[2015.02.04-19.42.46:112][  0]LogMemory: Process Virtual Memory: 25.06 MB used, 25.07 MB peak
[2015.02.04-19.42.46:112][  0]LogMemory: Physical Memory: 4228.58 MB used, 16267.18 MB total
[2015.02.04-19.42.46:112][  0]LogMemory: Virtual Memory: 274.82 MB used, 134217728.00 MB total
[2015.02.04-19.42.46:195][  0]LogD3D11RHI: Found D3D11 adapter 0: Intel(R) HD Graphics 4600 (Feature Level 11_0)
[2015.02.04-19.42.46:195][  0]LogD3D11RHI: Adapter has 32MB of dedicated video memory, 0MB of dedicated system memory, and 1760MB of shared system memory, 1 output[s]
[2015.02.04-19.42.46:206][  0]LogD3D11RHI: Found D3D11 adapter 1: NVIDIA GeForce GT 750M (Feature Level 11_0)
[2015.02.04-19.42.46:206][  0]LogD3D11RHI: Adapter has 1988MB of dedicated video memory, 0MB of dedicated system memory, and 2048MB of shared system memory, 0 output[s]
[2015.02.04-19.42.46:207][  0]LogD3D11RHI: Found D3D11 adapter 2: Microsoft Basic Render Driver (Feature Level 11_0)
[2015.02.04-19.42.46:207][  0]LogD3D11RHI: Adapter has 0MB of dedicated video memory, 0MB of dedicated system memory, and 256MB of shared system memory, 0 output[s]
[2015.02.04-19.42.46:207][  0]LogD3D11RHI: Chosen D3D11 Adapter Id = 0
[2015.02.04-19.42.46:212][  0]LogRHI: Texture pool is 1361 MB (70% of 1945 MB)
[2015.02.04-19.42.46:224][  0]LogD3D11RHI: Async texture creation enabled
[2015.02.04-19.42.46:389][  0]LogTextLocalizationManager: The requested culture ('en_US') has no localization data; parent culture's ('en') localization data will be used.
[2015.02.04-19.42.46:512][  0]LogContentStreaming: Texture pool size is 0.000000MB
[2015.02.04-19.42.52:109][  0]LogTargetPlatformManager:Display: Building Assets For Windows
[2015.02.04-19.42.52:800][  0]LogTargetPlatformManager:Display: Building Assets For Windows
[2015.02.04-19.42.52:884][  0]LogDerivedDataCache:Display: Max Cache Size: 512 MB
[2015.02.04-19.42.52:924][  0]LogDerivedDataCache: Loaded boot cache 0.04s 39MB C:/Users/Owner/AppData/Local/UnrealEngine/4.6/DerivedDataCache/Boot.ddc.
[2015.02.04-19.42.52:924][  0]LogDerivedDataCache:Display: Loaded Boot cache: C:/Users/Owner/AppData/Local/UnrealEngine/4.6/DerivedDataCache/Boot.ddc
[2015.02.04-19.42.52:924][  0]LogDerivedDataCache: FDerivedDataBackendGraph:  Pak pak cache file ../../../../../../../Users/Owner/Documents/Unreal Projects/Kodaina/DerivedDataCache/DDC.ddp not found, will not use a pak cache.
[2015.02.04-19.42.52:924][  0]LogDerivedDataCache: Unable to find inner node Pak for hierarchical cache Hierarchy.
[2015.02.04-19.42.52:983][  0]LogDerivedDataCache:Display: Pak cache opened for reading ../../../Engine/DerivedDataCache/DDC.ddp.
[2015.02.04-19.42.52:996][  0]LogDerivedDataCache: Using Local data cache path C:/Users/Owner/AppData/Local/UnrealEngine/Common/DerivedDataCache: Writable
[2015.02.04-19.42.53:160][  0]LogCollisionProfile:Warning: Profile (UI) - Custom Channel Name = 'Weapon' hasn't been found
[2015.02.04-19.42.53:330][  0]LogMeshUtilities: No automatic mesh reduction module available
[2015.02.04-19.42.53:330][  0]LogMeshUtilities: No automatic mesh merging module available
[2015.02.04-19.42.53:867][  0]LogInit: WinSock: version 1.1 (2.2), MaxSocks=32767, MaxUdp=65467
[2015.02.04-19.42.53:991][  0]LogSlate:Warning: Failed to load font data from '../../../Engine/Content/Slate/Fonts/Roboto-Italic.ttf'
[2015.02.04-19.42.55:415][  0]UdpMessaging: Initializing bridge on interface 0.0.0.0:0 to multicast group 230.0.0.1:6666.
[2015.02.04-19.42.55:814][  0]LogDirectoryWatcher:Warning: Failed to begin reading directory changes for C:/Users/Owner/Documents/Unreal Projects/Kodaina/Binaries/Win64. Error: 0
[2015.02.04-19.42.56:045][  0]SourceControl: Info Source control is disabled
[2015.02.04-19.42.56:045][  0]SourceControl: Info Source control is disabled
[2015.02.04-19.42.56:059][  0]SourceControl: Info Source control is disabled
[2015.02.04-19.42.56:354][  0]LogObj: 24370 objects as part of root set at end of initial load.
[2015.02.04-19.42.56:354][  0]LogUObjectAllocator: 5269608 out of 0 bytes used by permanent object pool.
[2015.02.04-19.42.56:442][  0]LogEngine: Initializing Engine...
[2015.02.04-19.42.56:593][  0]LogInit: XAudio2 using 'Speakers (M-Audio Micro)' : 2 channels at 44.1 kHz using 16 bits per sample (channel mask 0x3)
[2015.02.04-19.42.56:602][  0]LogInit: FAudioDevice initialized.
[2015.02.04-19.42.56:641][  0]LogAIModule: Creating AISystem for world NewWorld
[2015.02.04-19.42.56:664][  0]LogDerivedDataCache: Saved boot cache 0.02s 39MB C:/Users/Owner/AppData/Local/UnrealEngine/4.6/DerivedDataCache/Boot.ddc.
[2015.02.04-19.42.56:667][  0]LogInit: Texture streaming: Enabled
[2015.02.04-19.42.56:724][  0]LogAnalytics: Creating configured Analytics provider AnalyticsET
[2015.02.04-19.42.56:724][  0]LogAnalytics: ET APIKey = Rocket.Release. APIServer = http://et2.epicgames.com/ET2/. AppVersion = 4.6.1-2386410+++depot+UE4-Releases+4.6
[2015.02.04-19.42.56:725][  0]LogAnalytics: SetUserId d53fbd01599cddc5eda2e5a33cd9f114
[2015.02.04-19.42.56:725][  0]LogAnalytics: AnalyticsET::StartSession [Rocket.Release]
[2015.02.04-19.42.56:756][  0]LogInit: Transaction tracking system initialized
[2015.02.04-19.42.56:983][  0]BlueprintLog: New page: Editor Load
[2015.02.04-19.42.57:052][  0]LogAssetRegistry: FAssetRegistry took 0.0105 seconds to start up
[2015.02.04-19.42.57:052][  0]LogDirectoryWatcher:Warning: Failed to begin reading directory changes for ../../../Engine/Plugins/Experimental/CharacterAI/Content/. Error: 0
[2015.02.04-19.42.57:811][  0]LogTargetPlatformManager:Display: Building Assets For Windows
[2015.02.04-19.42.58:227][  0]LogTargetPlatformManager:Display: Building Assets For Windows
[2015.02.04-19.42.58:620][  0]LogConsoleResponse:Display: 
[2015.02.04-19.42.58:668][  0]LogLinker:Warning: Asset '../../../Engine/Content/Functions/Engine_MaterialFunctions03/Procedurals/ComputeFilterWidth.uasset' has been saved with empty engine version. The asset will be loaded but may be incompatible.
[2015.02.04-19.42.59:027][  0]SourceControl: Info Source control is disabled
[2015.02.04-19.42.59:027][  0]Cmd: MAP LOAD FILE="../../../../../../../Users/Owner/Documents/Unreal Projects/Kodaina/Content/Maps/TestLevel.umap" TEMPLATE=0 SHOWPROGRESS=1
[2015.02.04-19.42.59:027][  0]LightingResults: New page: Lighting Build
[2015.02.04-19.42.59:044][  0]MapCheck: New page: Map Check
[2015.02.04-19.42.59:044][  0]LightingResults: New page: Lighting Build
[2015.02.04-19.42.59:053][  0]LogParticles: Destroying 0 GPU particle simulations for FXSystem 0x000000266A042AC0
[2015.02.04-19.42.59:153][  0]LogEditorServer: Finished looking for orphan Actors (0.000 secs)
[2015.02.04-19.42.59:153][  0]LogAIModule: Creating AISystem for world TestLevel
[2015.02.04-19.42.59:154][  0]Cmd: MAP CHECKDEP
[2015.02.04-19.42.59:154][  0]MapCheck: New page: TestLevel - Feb 4, 2015, 9:42:59 AM
[2015.02.04-19.42.59:325][  0]MapCheck: Info Map check complete: 0 Error(s), 0 Warning(s), took 171.425ms to complete.
[2015.02.04-19.42.59:325][  0]LogFileHelpers: Loading map 'TestLevel' took 0.298
[2015.02.04-19.42.59:422][  0]LogCollectionManager: Loaded 0 collections in 0.001534 seconds
[2015.02.04-19.42.59:715][  0]LogCrashTracker: Crashtracker disabled due to settings.
[2015.02.04-19.42.59:769][  0]LogUObjectGlobals:Warning: Failed to find object 'Class None.'
[2015.02.04-19.42.59:798][  0]LogLoad: Full Startup: 16.16 seconds (BP compile: 0.02 seconds)
[2015.02.04-19.43.00:141][  0]LogContentBrowser:Verbose: The content browser source was changed by the sources view to '/Game/Blueprints'
[2015.02.04-19.43.00:302][  0]LogRenderer:Warning: Reallocating scene render targets to support 1168x880.
[2015.02.04-19.43.01:475][  4]LogAssetRegistry: Asset discovery search completed in 4.4341 seconds
[2015.02.04-19.44.03:357][374]LogPropertyNode:Warning: UI Min (0.001) >= UI Max () for Ranged Numeric
[2015.02.04-19.44.03:361][374]LogPropertyNode:Warning: UI Min (0.001) >= UI Max () for Ranged Numeric
[2015.02.04-19.44.03:418][374]LogPropertyNode:Warning: UI Min (0.001) >= UI Max () for Ranged Numeric
[2015.02.04-19.44.03:419][374]LogPropertyNode:Warning: UI Min (0.001) >= UI Max () for Ranged Numeric
[2015.02.04-19.44.29:023][ 78]BlueprintLog: New page: Compile BattleHUD
[2015.02.04-19.44.29:328][ 78]LogActorComponent: UnregisterComponent: (/Engine/Transient.CharacterMovementComponent_0) Not registered. Aborting.
[2015.02.04-19.44.29:524][ 78]LogPropertyNode:Warning: UI Min (0.001) >= UI Max () for Ranged Numeric
[2015.02.04-19.44.29:525][ 78]LogPropertyNode:Warning: UI Min (0.001) >= UI Max () for Ranged Numeric
[2015.02.04-19.44.29:549][ 78]BlueprintEditorCompileResults: Info [0105.91] Compile of BattleHUD successful! [in 427 ms]
[2015.02.04-19.45.01:886][178]BlueprintLog: New page: Compile RollingMovingHUD
[2015.02.04-19.45.01:994][178]LogActorComponent: UnregisterComponent: (/Engine/Transient.CharacterMovementComponent_1) Not registered. Aborting.
[2015.02.04-19.45.02:084][178]LogPropertyNode:Warning: UI Min (0.001) >= UI Max () for Ranged Numeric
[2015.02.04-19.45.02:085][178]LogPropertyNode:Warning: UI Min (0.001) >= UI Max () for Ranged Numeric
[2015.02.04-19.45.02:118][178]BlueprintEditorCompileResults: Info [0138.48] Compile of RollingMovingHUD successful! [in 210 ms]
[2015.02.04-19.45.38:066][465]BlueprintLog: New page: Compile RollingMovingHUD
[2015.02.04-19.45.38:099][465]LogBlueprint:Warning: [compiler] Warning Could not find a variable named "Button_268" in 'RollingMovingHUD_C'.
Make sure 'RollingMovingHUD_C' has been compiled for  Get Button_268 
[2015.02.04-19.45.38:099][465]LogBlueprint:Warning: [compiler] Warning Could not find a variable named "Button_268" in 'RollingMovingHUD_C'.
Make sure 'RollingMovingHUD_C' has been compiled for  Get Button_268 
[2015.02.04-19.45.38:100][465]LogBlueprint:Error: [compiler] Error The property associated with  Button 268  could not be found
[2015.02.04-19.45.38:101][465]LogBlueprint:Error: [compiler] Error The property associated with  Button 268  could not be found
[2015.02.04-19.45.38:188][465]LogActorComponent: UnregisterComponent: (/Engine/Transient.CharacterMovementComponent_2) Not registered. Aborting.
[2015.02.04-19.45.38:265][465]LogPropertyNode:Warning: UI Min (0.001) >= UI Max () for Ranged Numeric
[2015.02.04-19.45.38:266][465]LogPropertyNode:Warning: UI Min (0.001) >= UI Max () for Ranged Numeric
[2015.02.04-19.45.38:300][465]LogBlueprint:Warning: [compiler] Warning [0174.66] Compile of RollingMovingHUD failed. 2 Fatal Issue(s) 2 Warning(s) [in 213 ms]
[2015.02.04-19.45.38:300][465]BlueprintEditorCompileResults:Warning: Warning Could not find a variable named "Button_268" in 'RollingMovingHUD_C'.
Make sure 'RollingMovingHUD_C' has been compiled for  Get Button_268 
[2015.02.04-19.45.38:300][465]BlueprintEditorCompileResults:Warning: Warning Could not find a variable named "Button_268" in 'RollingMovingHUD_C'.
Make sure 'RollingMovingHUD_C' has been compiled for  Get Button_268 
[2015.02.04-19.45.38:300][465]BlueprintEditorCompileResults:Error: Error The property associated with  Button 268  could not be found
[2015.02.04-19.45.38:300][465]BlueprintEditorCompileResults:Error: Error The property associated with  Button 268  could not be found
[2015.02.04-19.45.38:300][465]BlueprintEditorCompileResults:Warning: Warning [0174.66] Compile of RollingMovingHUD failed. 2 Fatal Issue(s) 2 Warning(s) [in 213 ms]
[2015.02.04-19.45.53:275][  0]BlueprintLog: New page: Compile RollingMovingHUD
[2015.02.04-19.45.53:302][  0]LogBlueprint:Warning: [compiler] Warning Could not find a variable named "Button_268" in 'RollingMovingHUD_C'.
Make sure 'RollingMovingHUD_C' has been compiled for  Get Button_268 
[2015.02.04-19.45.53:303][  0]LogBlueprint:Error: [compiler] Error The property associated with  Button 268  could not be found
[2015.02.04-19.45.53:394][  0]LogActorComponent: UnregisterComponent: (/Engine/Transient.CharacterMovementComponent_3) Not registered. Aborting.
[2015.02.04-19.45.53:481][  0]LogPropertyNode:Warning: UI Min (0.001) >= UI Max () for Ranged Numeric
[2015.02.04-19.45.53:482][  0]LogPropertyNode:Warning: UI Min (0.001) >= UI Max () for Ranged Numeric
[2015.02.04-19.45.53:518][  0]LogBlueprint:Warning: [compiler] Warning [0189.88] Compile of RollingMovingHUD failed. 1 Fatal Issue(s) 1 Warning(s) [in 224 ms]
[2015.02.04-19.45.53:518][  0]BlueprintEditorCompileResults:Warning: Warning Could not find a variable named "Button_268" in 'RollingMovingHUD_C'.
Make sure 'RollingMovingHUD_C' has been compiled for  Get Button_268 
[2015.02.04-19.45.53:518][  0]BlueprintEditorCompileResults:Error: Error The property associated with  Button 268  could not be found
[2015.02.04-19.45.53:518][  0]BlueprintEditorCompileResults:Warning: Warning [0189.88] Compile of RollingMovingHUD failed. 1 Fatal Issue(s) 1 Warning(s) [in 224 ms]
[2015.02.04-19.46.04:610][422]BlueprintLog: New page: Compile RollingMovingHUD
[2015.02.04-19.46.04:686][422]LogActorComponent: UnregisterComponent: (/Engine/Transient.CharacterMovementComponent_4) Not registered. Aborting.
[2015.02.04-19.46.04:753][422]LogPropertyNode:Warning: UI Min (0.001) >= UI Max () for Ranged Numeric
[2015.02.04-19.46.04:753][422]LogPropertyNode:Warning: UI Min (0.001) >= UI Max () for Ranged Numeric
[2015.02.04-19.46.04:788][422]BlueprintEditorCompileResults: Info [0201.15] Compile of RollingMovingHUD successful! [in 159 ms]
[2015.02.04-19.47.22:003][145]BlueprintLog: New page: Compile RollingMovingHUD
[2015.02.04-19.47.22:083][145]LogActorComponent: UnregisterComponent: (/Engine/Transient.CharacterMovementComponent_5) Not registered. Aborting.
[2015.02.04-19.47.22:185][145]LogPropertyNode:Warning: UI Min (0.001) >= UI Max () for Ranged Numeric
[2015.02.04-19.47.22:186][145]LogPropertyNode:Warning: UI Min (0.001) >= UI Max () for Ranged Numeric
[2015.02.04-19.47.22:220][145]BlueprintEditorCompileResults: Info [0278.58] Compile of RollingMovingHUD successful! [in 199 ms]
[2015.02.04-19.47.55:647][353]BlueprintLog: New page: Compile RollingMovingHUD
[2015.02.04-19.47.55:733][353]LogActorComponent: UnregisterComponent: (/Engine/Transient.CharacterMovementComponent_6) Not registered. Aborting.
[2015.02.04-19.47.55:805][353]LogPropertyNode:Warning: UI Min (0.001) >= UI Max () for Ranged Numeric
[2015.02.04-19.47.55:806][353]LogPropertyNode:Warning: UI Min (0.001) >= UI Max () for Ranged Numeric
[2015.02.04-19.47.55:843][353]BlueprintEditorCompileResults: Info [0312.20] Compile of RollingMovingHUD successful! [in 176 ms]
[2015.02.04-19.48.31:962][668]LogUObjectGlobals:Warning: Failed to find object 'Object None.'
[2015.02.04-19.48.36:578][836]BlueprintLog: New page: Compile RollingMovingHUD
[2015.02.04-19.48.36:664][836]LogActorComponent: UnregisterComponent: (/Engine/Transient.CharacterMovementComponent_7) Not registered. Aborting.
[2015.02.04-19.48.36:740][836]LogPropertyNode:Warning: UI Min (0.001) >= UI Max () for Ranged Numeric
[2015.02.04-19.48.36:741][836]LogPropertyNode:Warning: UI Min (0.001) >= UI Max () for Ranged Numeric
[2015.02.04-19.48.36:779][836]BlueprintEditorCompileResults: Info [0353.14] Compile of RollingMovingHUD successful! [in 179 ms]
[2015.02.04-19.48.54:912][527]BlueprintLog: New page: Pre-PIE auto-recompile
[2015.02.04-19.48.54:946][527]LogPropertyNode:Warning: UI Min (0.001) >= UI Max () for Ranged Numeric
[2015.02.04-19.48.54:949][527]LogPropertyNode:Warning: UI Min (0.001) >= UI Max () for Ranged Numeric
[2015.02.04-19.48.54:966][527]LogActorComponent: UnregisterComponent: (/Engine/Transient.CharacterMovementComponent_8) Not registered. Aborting.
[2015.02.04-19.48.54:966][527]LogPlayLevel: [PIE] Compiling MyCharacter before PIE...
[2015.02.04-19.48.55:306][527]LogPropertyNode:Warning: UI Min (0.001) >= UI Max () for Ranged Numeric
[2015.02.04-19.48.55:307][527]LogPropertyNode:Warning: UI Min (0.001) >= UI Max () for Ranged Numeric
[2015.02.04-19.48.55:443][527]LogPropertyNode:Warning: UI Min (0.001) >= UI Max () for Ranged Numeric
[2015.02.04-19.48.55:444][527]LogPropertyNode:Warning: UI Min (0.001) >= UI Max () for Ranged Numeric
[2015.02.04-19.48.55:521][527]LogPlayLevel: [PIE] Compiling Tutorial_BP_MacroLib before PIE...
[2015.02.04-19.48.55:578][527]LogPlayLevel: [PIE] Compiling TestLevel before PIE...
[2015.02.04-19.48.55:656][527]LogPlayLevel: [PIE] Compiling BattleHUD before PIE...
[2015.02.04-19.48.55:919][527]LogPropertyNode:Warning: UI Min (0.001) >= UI Max () for Ranged Numeric
[2015.02.04-19.48.55:920][527]LogPropertyNode:Warning: UI Min (0.001) >= UI Max () for Ranged Numeric
[2015.02.04-19.48.55:945][527]LogPlayLevel: [PIE] Compiling Enemy before PIE...
[2015.02.04-19.48.56:115][527]LogPropertyNode:Warning: UI Min (0.001) >= UI Max () for Ranged Numeric
[2015.02.04-19.48.56:116][527]LogPropertyNode:Warning: UI Min (0.001) >= UI Max () for Ranged Numeric
[2015.02.04-19.48.56:159][527]LogPlayLevel: [PIE] Compiling ShoppingHUD before PIE...
[2015.02.04-19.48.56:299][527]LogPropertyNode:Warning: UI Min (0.001) >= UI Max () for Ranged Numeric
[2015.02.04-19.48.56:300][527]LogPropertyNode:Warning: UI Min (0.001) >= UI Max () for Ranged Numeric
[2015.02.04-19.48.56:336][527]LogPlayLevel: [PIE] Compiling RollingMovingHUD before PIE...
[2015.02.04-19.48.56:468][527]LogPropertyNode:Warning: UI Min (0.001) >= UI Max () for Ranged Numeric
[2015.02.04-19.48.56:469][527]LogPropertyNode:Warning: UI Min (0.001) >= UI Max () for Ranged Numeric
[2015.02.04-19.48.56:506][527]LogPlayLevel: [PIE] Compiling StatusHUD before PIE...
[2015.02.04-19.48.56:662][527]LogPropertyNode:Warning: UI Min (0.001) >= UI Max () for Ranged Numeric
[2015.02.04-19.48.56:664][527]LogPropertyNode:Warning: UI Min (0.001) >= UI Max () for Ranged Numeric
[2015.02.04-19.48.56:696][527]LogPlayLevel: [PIE] Compiling InventoryHUD before PIE...
[2015.02.04-19.48.56:893][527]LogPropertyNode:Warning: UI Min (0.001) >= UI Max () for Ranged Numeric
[2015.02.04-19.48.56:894][527]LogPropertyNode:Warning: UI Min (0.001) >= UI Max () for Ranged Numeric
[2015.02.04-19.48.57:000][527]LogPlayLevel: PIE:  Blueprint regeneration took 2088 ms (9 blueprints)
[2015.02.04-19.48.57:000][527]PIE: New page: PIE session: TestLevel (Feb 4, 2015, 9:48:57 AM)
[2015.02.04-19.48.57:003][527]LogPlayLevel: PIE: StaticDuplicateObject took: (0.003149s)
[2015.02.04-19.48.57:005][527]LogPlayLevel: PIE: World Init took: (0.001490s)
[2015.02.04-19.48.57:005][527]LogPlayLevel: PIE: Created PIE world by copying editor world from /Game/Maps/TestLevel.TestLevel to /Game/Maps/UEDPIE_0_TestLevel.TestLevel (0.004876s)
[2015.02.04-19.48.57:232][527]LogWorld: Game class is 'Kodaina_C'
[2015.02.04-19.48.57:233][527]LogAIModule: Creating AISystem for world TestLevel
[2015.02.04-19.48.57:235][527]LogWorld: Bringing World /Game/Maps/UEDPIE_0_TestLevel.TestLevel up for play (max tick rate 60) at 2015.02.04-14.48.57
[2015.02.04-19.48.57:236][527]LogWorld: Bringing up level for play took: 0.002911
[2015.02.04-19.48.57:248][527]PIE: Info Play in editor start time for /Game/Maps/UEDPIE_0_TestLevel 2.707
[2015.02.04-19.49.08:126][ 59]LogActorComponent: UnregisterComponent: (/Engine/Transient.CharacterMovementComponent_9) Not registered. Aborting.
[2015.02.04-19.49.08:209][ 60]LogParticles: Destroying 0 GPU particle simulations for FXSystem 0x000000267A160D60
[2015.02.04-19.49.09:070][105]Cmd: OBJ SAVEPACKAGE PACKAGE="/Game/Blueprints/BattleHUD" FILE="../../../../../../../Users/Owner/Documents/Unreal Projects/Kodaina/Content/Blueprints/BattleHUD.uasset" SILENT=true
[2015.02.04-19.49.09:542][105]LogSavePackage: Save=144.832718ms
[2015.02.04-19.49.09:542][105]LogSavePackage: Moving '../../../../../../../Users/Owner/Documents/Unreal Projects/Kodaina/Saved/BattleHUD95FFB9A144F3A828E976778E3A39DDE7.tmp' to '../../../../../../../Users/Owner/Documents/Unreal Projects/Kodaina/Content/Blueprints/BattleHUD.uasset'
[2015.02.04-19.49.09:556][105]Cmd: OBJ SAVEPACKAGE PACKAGE="/Game/Blueprints/RollingMovingHUD" FILE="../../../../../../../Users/Owner/Documents/Unreal Projects/Kodaina/Content/Blueprints/RollingMovingHUD.uasset" SILENT=true
[2015.02.04-19.49.09:917][105]LogSavePackage: Save=31.444021ms
[2015.02.04-19.49.09:917][105]LogSavePackage: Moving '../../../../../../../Users/Owner/Documents/Unreal Projects/Kodaina/Saved/RollingMovingHUD59E72F774535C62F4AECB4A2771A403F.tmp' to '../../../../../../../Users/Owner/Documents/Unreal Projects/Kodaina/Content/Blueprints/RollingMovingHUD.uasset'
[2015.02.04-19.49.26:759][750]BlueprintLog: New page: Pre-PIE auto-recompile
[2015.02.04-19.49.26:792][750]LogPropertyNode:Warning: UI Min (0.001) >= UI Max () for Ranged Numeric
[2015.02.04-19.49.26:793][750]LogPropertyNode:Warning: UI Min (0.001) >= UI Max () for Ranged Numeric
[2015.02.04-19.49.26:814][750]LogPlayLevel: [PIE] Compiling MyCharacter before PIE...
[2015.02.04-19.49.27:164][750]LogPropertyNode:Warning: UI Min (0.001) >= UI Max () for Ranged Numeric
[2015.02.04-19.49.27:165][750]LogPropertyNode:Warning: UI Min (0.001) >= UI Max () for Ranged Numeric
[2015.02.04-19.49.27:296][750]LogPropertyNode:Warning: UI Min (0.001) >= UI Max () for Ranged Numeric
[2015.02.04-19.49.27:297][750]LogPropertyNode:Warning: UI Min (0.001) >= UI Max () for Ranged Numeric
[2015.02.04-19.49.27:371][750]LogPlayLevel: [PIE] Compiling TestLevel before PIE...
[2015.02.04-19.49.27:443][750]LogPlayLevel: [PIE] Compiling BattleHUD before PIE...
[2015.02.04-19.49.27:703][750]LogPropertyNode:Warning: UI Min (0.001) >= UI Max () for Ranged Numeric
[2015.02.04-19.49.27:704][750]LogPropertyNode:Warning: UI Min (0.001) >= UI Max () for Ranged Numeric
[2015.02.04-19.49.27:737][750]LogPlayLevel: [PIE] Compiling RollingMovingHUD before PIE...
[2015.02.04-19.49.27:871][750]LogPropertyNode:Warning: UI Min (0.001) >= UI Max () for Ranged Numeric
[2015.02.04-19.49.27:871][750]LogPropertyNode:Warning: UI Min (0.001) >= UI Max () for Ranged Numeric
[2015.02.04-19.49.27:908][750]LogPlayLevel: [PIE] Compiling Enemy before PIE...
[2015.02.04-19.49.28:086][750]LogPropertyNode:Warning: UI Min (0.001) >= UI Max () for Ranged Numeric
[2015.02.04-19.49.28:087][750]LogPropertyNode:Warning: UI Min (0.001) >= UI Max () for Ranged Numeric
[2015.02.04-19.49.28:130][750]LogPlayLevel: [PIE] Compiling ShoppingHUD before PIE...
[2015.02.04-19.49.28:266][750]LogPropertyNode:Warning: UI Min (0.001) >= UI Max () for Ranged Numeric
[2015.02.04-19.49.28:266][750]LogPropertyNode:Warning: UI Min (0.001) >= UI Max () for Ranged Numeric
[2015.02.04-19.49.28:293][750]LogPlayLevel: [PIE] Compiling StatusHUD before PIE...
[2015.02.04-19.49.28:449][750]LogPropertyNode:Warning: UI Min (0.001) >= UI Max () for Ranged Numeric
[2015.02.04-19.49.28:449][750]LogPropertyNode:Warning: UI Min (0.001) >= UI Max () for Ranged Numeric
[2015.02.04-19.49.28:479][750]LogPlayLevel: [PIE] Compiling InventoryHUD before PIE...
[2015.02.04-19.49.28:698][750]LogPropertyNode:Warning: UI Min (0.001) >= UI Max () for Ranged Numeric
[2015.02.04-19.49.28:699][750]LogPropertyNode:Warning: UI Min (0.001) >= UI Max () for Ranged Numeric
[2015.02.04-19.49.28:799][750]LogPlayLevel: PIE:  Blueprint regeneration took 2039 ms (8 blueprints)
[2015.02.04-19.49.28:799][750]PIE: New page: PIE session: TestLevel (Feb 4, 2015, 9:49:28 AM)
[2015.02.04-19.49.28:802][750]LogPlayLevel: PIE: StaticDuplicateObject took: (0.002939s)
[2015.02.04-19.49.28:802][750]LogPlayLevel: PIE: World Init took: (0.000425s)
[2015.02.04-19.49.28:802][750]LogPlayLevel: PIE: Created PIE world by copying editor world from /Game/Maps/TestLevel.TestLevel to /Game/Maps/UEDPIE_0_TestLevel.TestLevel (0.003493s)
[2015.02.04-19.49.28:849][750]LogWorld: Game class is 'Kodaina_C'
[2015.02.04-19.49.28:853][750]LogAIModule: Creating AISystem for world TestLevel
[2015.02.04-19.49.28:855][750]LogWorld: Bringing World /Game/Maps/UEDPIE_0_TestLevel.TestLevel up for play (max tick rate 60) at 2015.02.04-14.49.28
[2015.02.04-19.49.28:855][750]LogWorld: Bringing up level for play took: 0.001856
[2015.02.04-19.49.28:866][750]PIE: Info Play in editor start time for /Game/Maps/UEDPIE_0_TestLevel 2.325
[2015.02.04-19.49.31:632][874]LogActorComponent: UnregisterComponent: (/Engine/Transient.CharacterMovementComponent_10) Not registered. Aborting.
[2015.02.04-19.49.31:714][875]LogParticles: Destroying 0 GPU particle simulations for FXSystem 0x0000002601151260
[2015.02.04-19.49.35:080][997]BlueprintLog: New page: Compile RollingMovingHUD
[2015.02.04-19.49.35:253][997]LogPropertyNode:Warning: UI Min (0.001) >= UI Max () for Ranged Numeric
[2015.02.04-19.49.35:253][997]LogPropertyNode:Warning: UI Min (0.001) >= UI Max () for Ranged Numeric
[2015.02.04-19.49.35:291][997]BlueprintEditorCompileResults: Info [0411.65] Compile of RollingMovingHUD successful! [in 189 ms]
[2015.02.04-19.50.53:725][667]BlueprintLog: New page: Compile RollingMovingHUD
[2015.02.04-19.50.53:932][667]LogActorComponent: UnregisterComponent: (/Engine/Transient.CharacterMovementComponent_11) Not registered. Aborting.
[2015.02.04-19.50.54:034][667]LogPropertyNode:Warning: UI Min (0.001) >= UI Max () for Ranged Numeric
[2015.02.04-19.50.54:035][667]LogPropertyNode:Warning: UI Min (0.001) >= UI Max () for Ranged Numeric
[2015.02.04-19.50.54:070][667]BlueprintEditorCompileResults: Info [0490.43] Compile of RollingMovingHUD successful! [in 324 ms]
[2015.02.04-19.51.08:074][155]LogUObjectGlobals:Warning: Failed to find object 'Object None.'
[2015.02.04-19.51.08:077][155]LogUObjectHash:Warning: Ambiguous search, could be CanvasPanelSlot /Engine/Transient.World_3:RollingMovingHUD_C_15.WidgetTree_402.CanvasPanel_0.CanvasPanelSlot_232 or CanvasPanelSlot /Game/Blueprints/RollingMovingHUD.RollingMovingHUD_C:WidgetTree_401.CanvasPanel_0.CanvasPanelSlot_232
[2015.02.04-19.51.08:077][155]LogUObjectHash:Warning: Ambiguous search, could be CanvasPanelSlot /Engine/Transient.World_3:RollingMovingHUD_C_15.WidgetTree_402.CanvasPanel_0.CanvasPanelSlot_232 or CanvasPanelSlot /Game/Blueprints/RollingMovingHUD.RollingMovingHUD_C:WidgetTree_400.CanvasPanel_0.CanvasPanelSlot_232
[2015.02.04-19.51.08:077][155]LogUObjectHash:Warning: Ambiguous search, could be CanvasPanelSlot /Engine/Transient.World_3:RollingMovingHUD_C_15.WidgetTree_402.CanvasPanel_0.CanvasPanelSlot_232 or CanvasPanelSlot /Game/Blueprints/RollingMovingHUD.SKEL_RollingMovingHUD_C:WidgetTree_397.CanvasPanel_0.CanvasPanelSlot_232
[2015.02.04-19.51.08:077][155]LogUObjectHash:Warning: Ambiguous search, could be CanvasPanelSlot /Engine/Transient.World_3:RollingMovingHUD_C_15.WidgetTree_402.CanvasPanel_0.CanvasPanelSlot_232 or CanvasPanelSlot /Engine/Transient.REINST_RollingMovingHUD_C_73:WidgetTree_394.CanvasPanel_0.CanvasPanelSlot_232
[2015.02.04-19.51.08:077][155]LogUObjectHash:Warning: Ambiguous search, could be CanvasPanelSlot /Engine/Transient.World_3:RollingMovingHUD_C_15.WidgetTree_402.CanvasPanel_0.CanvasPanelSlot_232 or CanvasPanelSlot /Engine/Transient.World_3:REINST_RollingMovingHUD_C_9.WidgetTree_395.CanvasPanel_0.CanvasPanelSlot_232
[2015.02.04-19.51.08:077][155]LogUObjectHash:Warning: Ambiguous search, could be CanvasPanelSlot /Engine/Transient.World_3:RollingMovingHUD_C_15.WidgetTree_402.CanvasPanel_0.CanvasPanelSlot_232 or CanvasPanelSlot /Game/Blueprints/RollingMovingHUD.RollingMovingHUD_C:WidgetTree_394.CanvasPanel_0.CanvasPanelSlot_232
[2015.02.04-19.51.08:077][155]LogUObjectHash:Warning: Ambiguous search, could be CanvasPanelSlot /Engine/Transient.World_3:RollingMovingHUD_C_15.WidgetTree_402.CanvasPanel_0.CanvasPanelSlot_232 or CanvasPanelSlot /Game/Blueprints/RollingMovingHUD.SKEL_RollingMovingHUD_C:WidgetTree_393.CanvasPanel_0.CanvasPanelSlot_232
[2015.02.04-19.51.08:077][155]LogUObjectHash:Warning: Ambiguous search, could be CanvasPanelSlot /Engine/Transient.World_3:RollingMovingHUD_C_15.WidgetTree_402.CanvasPanel_0.CanvasPanelSlot_232 or CanvasPanelSlot /Engine/Transient.World_3:RollingMovingHUD_C_0.WidgetTree_390.CanvasPanel_0.CanvasPanelSlot_232
[2015.02.04-19.51.08:077][155]LogUObjectHash:Warning: Ambiguous search, could be CanvasPanelSlot /Engine/Transient.World_3:RollingMovingHUD_C_15.WidgetTree_402.CanvasPanel_0.CanvasPanelSlot_232 or CanvasPanelSlot /Engine/Transient.REINST_RollingMovingHUD_C_46:WidgetTree_230.CanvasPanel_0.CanvasPanelSlot_232
[2015.02.04-19.51.08:077][155]LogUObjectHash:Warning: Ambiguous search, could be CanvasPanelSlot /Engine/Transient.World_3:RollingMovingHUD_C_15.WidgetTree_402.CanvasPanel_0.CanvasPanelSlot_232 or CanvasPanelSlot /Engine/Transient.World_3:REINST_RollingMovingHUD_C_7.WidgetTree_231.CanvasPanel_0.CanvasPanelSlot_232
[2015.02.04-19.51.08:077][155]LogUObjectHash:Warning: Ambiguous search, could be CanvasPanelSlot /Engine/Transient.World_3:RollingMovingHUD_C_15.WidgetTree_402.CanvasPanel_0.CanvasPanelSlot_232 or CanvasPanelSlot /Engine/Transient.World_3:RollingMovingHUD_C_12.WidgetTree_229.CanvasPanel_0.CanvasPanelSlot_232
[2015.02.04-19.51.08:077][155]LogUObjectHash:Warning: Ambiguous search, could be CanvasPanelSlot /Engine/Transient.World_3:RollingMovingHUD_C_15.WidgetTree_402.CanvasPanel_0.CanvasPanelSlot_232 or CanvasPanelSlot /Engine/Transient.REINST_RollingMovingHUD_C_43:WidgetTree_210.CanvasPanel_0.CanvasPanelSlot_232
[2015.02.04-19.51.08:078][155]LogUObjectHash:Warning: Ambiguous search, could be CanvasPanelSlot /Engine/Transient.World_3:RollingMovingHUD_C_15.WidgetTree_402.CanvasPanel_0.CanvasPanelSlot_232 or CanvasPanelSlot /Engine/Transient.World_3:REINST_RollingMovingHUD_C_5.WidgetTree_211.CanvasPanel_0.CanvasPanelSlot_232
[2015.02.04-19.51.08:078][155]LogUObjectHash:Warning: Ambiguous search, could be CanvasPanelSlot /Engine/Transient.World_3:RollingMovingHUD_C_15.WidgetTree_402.CanvasPanel_0.CanvasPanelSlot_232 or CanvasPanelSlot /Engine/Transient.World_3:RollingMovingHUD_C_10.WidgetTree_207.CanvasPanel_0.CanvasPanelSlot_232
[2015.02.04-19.51.08:078][155]LogUObjectHash:Warning: Ambiguous search, could be CanvasPanelSlot /Engine/Transient.World_3:RollingMovingHUD_C_15.WidgetTree_402.CanvasPanel_0.CanvasPanelSlot_232 or CanvasPanelSlot /Engine/Transient.World_3:RollingMovingHUD_C_9.WidgetTree_203.CanvasPanel_0.CanvasPanelSlot_232
[2015.02.04-19.51.08:078][155]LogUObjectHash:Warning: Ambiguous search, could be CanvasPanelSlot /Engine/Transient.World_3:RollingMovingHUD_C_15.WidgetTree_402.CanvasPanel_0.CanvasPanelSlot_232 or CanvasPanelSlot /Engine/Transient.World_3:RollingMovingHUD_C_8.WidgetTree_199.CanvasPanel_0.CanvasPanelSlot_232
[2015.02.04-19.51.08:078][155]LogUObjectHash:Warning: Ambiguous search, could be CanvasPanelSlot /Engine/Transient.World_3:RollingMovingHUD_C_15.WidgetTree_402.CanvasPanel_0.CanvasPanelSlot_232 or CanvasPanelSlot /Engine/Transient.World_3:RollingMovingHUD_C_7.WidgetTree_195.CanvasPanel_0.CanvasPanelSlot_232
[2015.02.04-19.51.08:078][155]LogUObjectHash:Warning: Ambiguous search, could be CanvasPanelSlot /Engine/Transient.World_3:RollingMovingHUD_C_15.WidgetTree_402.CanvasPanel_0.CanvasPanelSlot_232 or CanvasPanelSlot /Engine/Transient.World_3:RollingMovingHUD_C_6.WidgetTree_191.CanvasPanel_0.CanvasPanelSlot_232
[2015.02.04-19.51.08:078][155]LogUObjectHash:Warning: Ambiguous search, could be CanvasPanelSlot /Engine/Transient.World_3:RollingMovingHUD_C_15.WidgetTree_402.CanvasPanel_0.CanvasPanelSlot_232 or CanvasPanelSlot /Engine/Transient.REINST_RollingMovingHUD_C_29:WidgetTree_157.CanvasPanel_0.CanvasPanelSlot_232
[2015.02.04-19.51.08:078][155]LogUObjectHash:Warning: Ambiguous search, could be CanvasPanelSlot /Engine/Transient.World_3:RollingMovingHUD_C_15.WidgetTree_402.CanvasPanel_0.CanvasPanelSlot_232 or CanvasPanelSlot /Engine/Transient.World_3:REINST_RollingMovingHUD_C_3.WidgetTree_158.CanvasPanel_0.CanvasPanelSlot_232
[2015.02.04-19.51.08:078][155]LogUObjectHash:Warning: Ambiguous search, could be CanvasPanelSlot /Engine/Transient.World_3:RollingMovingHUD_C_15.WidgetTree_402.CanvasPanel_0.CanvasPanelSlot_232 or CanvasPanelSlot /Engine/Transient.World_3:RollingMovingHUD_C_1.WidgetTree_154.CanvasPanel_0.CanvasPanelSlot_232
[2015.02.04-19.51.08:078][155]LogUObjectHash:Warning: Ambiguous search, could be CanvasPanelSlot /Engine/Transient.World_3:RollingMovingHUD_C_15.WidgetTree_402.CanvasPanel_0.CanvasPanelSlot_232 or CanvasPanelSlot /Engine/Transient.REINST_RollingMovingHUD_C_25:WidgetTree_137.CanvasPanel_0.CanvasPanelSlot_232
[2015.02.04-19.51.08:078][155]LogUObjectHash:Warning: Ambiguous search, could be CanvasPanelSlot /Engine/Transient.World_3:RollingMovingHUD_C_15.WidgetTree_402.CanvasPanel_0.CanvasPanelSlot_232 or CanvasPanelSlot /Engine/Transient.World_3:REINST_RollingMovingHUD_C_1.WidgetTree_138.CanvasPanel_0.CanvasPanelSlot_232
[2015.02.04-19.51.08:078][155]LogUObjectHash:Warning: Ambiguous search, could be CanvasPanelSlot /Engine/Transient.World_3:RollingMovingHUD_C_15.WidgetTree_402.CanvasPanel_0.CanvasPanelSlot_232 or CanvasPanelSlot /Engine/Transient.World_3:RollingMovingHUD_C_3.WidgetTree_134.CanvasPanel_0.CanvasPanelSlot_232
[2015.02.04-19.51.08:078][155]LogUObjectHash:Warning: Ambiguous search, could be CanvasPanelSlot /Engine/Transient.World_3:RollingMovingHUD_C_15.WidgetTree_402.CanvasPanel_0.CanvasPanelSlot_232 or CanvasPanelSlot /Engine/Transient.World_3:RollingMovingHUD_C_2.WidgetTree_130.CanvasPanel_0.CanvasPanelSlot_232
[2015.02.04-19.51.08:078][155]LogUObjectHash:Warning: Ambiguous search, could be CanvasPanelSlot /Engine/Transient.World_3:RollingMovingHUD_C_15.WidgetTree_402.CanvasPanel_0.CanvasPanelSlot_232 or CanvasPanelSlot /Game/Blueprints/RollingMovingHUD.RollingMovingHUD:WidgetTree_1.CanvasPanel_0.CanvasPanelSlot_232
[2015.02.04-19.51.08:078][155]LogProperty:Warning: Illegal TEXT reference to a private object in external package (CanvasPanelSlot /Engine/Transient.World_3:RollingMovingHUD_C_15.WidgetTree_402.CanvasPanel_0.CanvasPanelSlot_232) from referencer (TextBlock /Engine/UMG/Editor/Transient.Text1).  Import failed...
[2015.02.04-19.51.08:078][155]LogProperty:Warning: ObjectProperty /Script/UMG.Widget:Slot: unresolved reference to 'CanvasPanelSlot'CanvasPanelSlot_232''
[2015.02.04-19.51.43:101][333]BlueprintLog: New page: Compile RollingMovingHUD
[2015.02.04-19.51.43:212][333]LogActorComponent: UnregisterComponent: (/Engine/Transient.CharacterMovementComponent_12) Not registered. Aborting.
[2015.02.04-19.51.43:314][333]LogPropertyNode:Warning: UI Min (0.001) >= UI Max () for Ranged Numeric
[2015.02.04-19.51.43:315][333]LogPropertyNode:Warning: UI Min (0.001) >= UI Max () for Ranged Numeric
[2015.02.04-19.51.43:352][333]BlueprintEditorCompileResults: Info [0539.71] Compile of RollingMovingHUD successful! [in 228 ms]
[2015.02.04-19.52.10:759][266]BlueprintLog: New page: Compile RollingMovingHUD
[2015.02.04-19.52.10:873][266]LogActorComponent: UnregisterComponent: (/Engine/Transient.CharacterMovementComponent_13) Not registered. Aborting.
[2015.02.04-19.52.10:984][266]LogPropertyNode:Warning: UI Min (0.001) >= UI Max () for Ranged Numeric
[2015.02.04-19.52.10:985][266]LogPropertyNode:Warning: UI Min (0.001) >= UI Max () for Ranged Numeric
[2015.02.04-19.52.11:022][266]BlueprintEditorCompileResults: Info [0567.38] Compile of RollingMovingHUD successful! [in 241 ms]
[2015.02.04-19.52.17:322][474]BlueprintLog: New page: Compile RollingMovingHUD
[2015.02.04-19.52.17:418][474]LogActorComponent: UnregisterComponent: (/Engine/Transient.CharacterMovementComponent_14) Not registered. Aborting.
[2015.02.04-19.52.17:539][474]LogPropertyNode:Warning: UI Min (0.001) >= UI Max () for Ranged Numeric
[2015.02.04-19.52.17:540][474]LogPropertyNode:Warning: UI Min (0.001) >= UI Max () for Ranged Numeric
[2015.02.04-19.52.17:576][474]BlueprintEditorCompileResults: Info [0573.94] Compile of RollingMovingHUD successful! [in 234 ms]
[2015.02.04-19.52.20:764][582]BlueprintLog: New page: Compile RollingMovingHUD
[2015.02.04-19.52.20:861][582]LogActorComponent: UnregisterComponent: (/Engine/Transient.CharacterMovementComponent_15) Not registered. Aborting.
[2015.02.04-19.52.20:982][582]LogPropertyNode:Warning: UI Min (0.001) >= UI Max () for Ranged Numeric
[2015.02.04-19.52.20:983][582]LogPropertyNode:Warning: UI Min (0.001) >= UI Max () for Ranged Numeric
[2015.02.04-19.52.21:021][582]BlueprintEditorCompileResults: Info [0577.38] Compile of RollingMovingHUD successful! [in 234 ms]
[2015.02.04-19.53.12:004][387]BlueprintLog: New page: Compile RollingMovingHUD
[2015.02.04-19.53.12:106][387]LogActorComponent: UnregisterComponent: (/Engine/Transient.CharacterMovementComponent_16) Not registered. Aborting.
[2015.02.04-19.53.12:200][387]LogPropertyNode:Warning: UI Min (0.001) >= UI Max () for Ranged Numeric
[2015.02.04-19.53.12:201][387]LogPropertyNode:Warning: UI Min (0.001) >= UI Max () for Ranged Numeric
[2015.02.04-19.53.12:233][387]BlueprintEditorCompileResults: Info [0628.59] Compile of RollingMovingHUD successful! [in 207 ms]
[2015.02.04-19.53.21:900][719]LogActorComponent: UnregisterComponent: (/Engine/Transient.CharacterMovementComponent_17) Not registered. Aborting.
[2015.02.04-19.53.21:950][719]LogFileHelpers: Editor autosave (incl. sublevels) for '/Game/Maps/TestLevel' took 0.050
[2015.02.04-19.53.21:995][719]OBJ SavePackage: Generating thumbnails for [0] asset(s) in package [/Game/Blueprints/RollingMovingHUD] ([1] browsable assets)...
[2015.02.04-19.53.21:995][719]OBJ SavePackage: Finished generating thumbnails for package [/Game/Blueprints/RollingMovingHUD]
[2015.02.04-19.53.22:461][719]LogSavePackage: Save=84.180870ms
[2015.02.04-19.53.22:461][719]LogSavePackage: Moving '../../../../../../../Users/Owner/Documents/Unreal Projects/Kodaina/Saved/RollingMovingHUD_Auto1CFCC92BB44388B27DA9257891C34B69B.tmp' to '../../../../../../../Users/Owner/Documents/Unreal Projects/Kodaina/Saved/Autosaves/Game/Blueprints/RollingMovingHUD_Auto1.uasset'
[2015.02.04-19.53.22:470][719]LogFileHelpers: Auto-saving content packages took 0.520
[2015.02.04-19.53.40:903][367]BlueprintLog: New page: Compile RollingMovingHUD
[2015.02.04-19.53.41:134][367]LogPropertyNode:Warning: UI Min (0.001) >= UI Max () for Ranged Numeric
[2015.02.04-19.53.41:135][367]LogPropertyNode:Warning: UI Min (0.001) >= UI Max () for Ranged Numeric
[2015.02.04-19.53.41:172][367]BlueprintEditorCompileResults: Info [0657.53] Compile of RollingMovingHUD successful! [in 247 ms]
[2015.02.04-19.55.00:306][201]BlueprintLog: New page: Compile RollingMovingHUD
[2015.02.04-19.55.00:433][201]LogActorComponent: UnregisterComponent: (/Engine/Transient.CharacterMovementComponent_18) Not registered. Aborting.
[2015.02.04-19.55.00:527][201]LogPropertyNode:Warning: UI Min (0.001) >= UI Max () for Ranged Numeric
[2015.02.04-19.55.00:527][201]LogPropertyNode:Warning: UI Min (0.001) >= UI Max () for Ranged Numeric
[2015.02.04-19.55.00:566][201]BlueprintEditorCompileResults: Info [0736.93] Compile of RollingMovingHUD successful! [in 231 ms]
[2015.02.04-19.55.26:431][ 91]BlueprintLog: New page: Compile RollingMovingHUD
[2015.02.04-19.55.26:546][ 91]LogActorComponent: UnregisterComponent: (/Engine/Transient.CharacterMovementComponent_19) Not registered. Aborting.
[2015.02.04-19.55.26:643][ 91]LogPropertyNode:Warning: UI Min (0.001) >= UI Max () for Ranged Numeric
[2015.02.04-19.55.26:643][ 91]LogPropertyNode:Warning: UI Min (0.001) >= UI Max () for Ranged Numeric
[2015.02.04-19.55.26:685][ 91]BlueprintEditorCompileResults: Info [0763.05] Compile of RollingMovingHUD successful! [in 224 ms]
[2015.02.04-19.57.12:839][713]BlueprintLog: New page: Compile RollingMovingHUD
[2015.02.04-19.57.12:961][713]LogActorComponent: UnregisterComponent: (/Engine/Transient.CharacterMovementComponent_20) Not registered. Aborting.
[2015.02.04-19.57.13:053][713]LogPropertyNode:Warning: UI Min (0.001) >= UI Max () for Ranged Numeric
[2015.02.04-19.57.13:054][713]LogPropertyNode:Warning: UI Min (0.001) >= UI Max () for Ranged Numeric
[2015.02.04-19.57.13:088][713]BlueprintEditorCompileResults: Info [0869.45] Compile of RollingMovingHUD successful! [in 218 ms]
[2015.02.04-19.57.15:736][818]BlueprintLog: New page: Pre-PIE auto-recompile
[2015.02.04-19.57.15:769][818]LogPropertyNode:Warning: UI Min (0.001) >= UI Max () for Ranged Numeric
[2015.02.04-19.57.15:769][818]LogPropertyNode:Warning: UI Min (0.001) >= UI Max () for Ranged Numeric
[2015.02.04-19.57.15:788][818]LogActorComponent: UnregisterComponent: (/Engine/Transient.CharacterMovementComponent_21) Not registered. Aborting.
[2015.02.04-19.57.15:788][818]LogPlayLevel: [PIE] Compiling MyCharacter before PIE...
[2015.02.04-19.57.16:136][818]LogPropertyNode:Warning: UI Min (0.001) >= UI Max () for Ranged Numeric
[2015.02.04-19.57.16:137][818]LogPropertyNode:Warning: UI Min (0.001) >= UI Max () for Ranged Numeric
[2015.02.04-19.57.16:269][818]LogPropertyNode:Warning: UI Min (0.001) >= UI Max () for Ranged Numeric
[2015.02.04-19.57.16:270][818]LogPropertyNode:Warning: UI Min (0.001) >= UI Max () for Ranged Numeric
[2015.02.04-19.57.16:348][818]LogPlayLevel: [PIE] Compiling TestLevel before PIE...
[2015.02.04-19.57.16:444][818]LogPlayLevel: [PIE] Compiling BattleHUD before PIE...
[2015.02.04-19.57.16:712][818]LogPropertyNode:Warning: UI Min (0.001) >= UI Max () for Ranged Numeric
[2015.02.04-19.57.16:712][818]LogPropertyNode:Warning: UI Min (0.001) >= UI Max () for Ranged Numeric
[2015.02.04-19.57.16:740][818]LogPlayLevel: [PIE] Compiling Enemy before PIE...
[2015.02.04-19.57.16:917][818]LogPropertyNode:Warning: UI Min (0.001) >= UI Max () for Ranged Numeric
[2015.02.04-19.57.16:917][818]LogPropertyNode:Warning: UI Min (0.001) >= UI Max () for Ranged Numeric
[2015.02.04-19.57.16:960][818]LogPlayLevel: [PIE] Compiling ShoppingHUD before PIE...
[2015.02.04-19.57.17:093][818]LogPropertyNode:Warning: UI Min (0.001) >= UI Max () for Ranged Numeric
[2015.02.04-19.57.17:094][818]LogPropertyNode:Warning: UI Min (0.001) >= UI Max () for Ranged Numeric
[2015.02.04-19.57.17:131][818]LogPlayLevel: [PIE] Compiling RollingMovingHUD before PIE...
[2015.02.04-19.57.17:290][818]LogPropertyNode:Warning: UI Min (0.001) >= UI Max () for Ranged Numeric
[2015.02.04-19.57.17:291][818]LogPropertyNode:Warning: UI Min (0.001) >= UI Max () for Ranged Numeric
[2015.02.04-19.57.17:327][818]LogPlayLevel: [PIE] Compiling StatusHUD before PIE...
[2015.02.04-19.57.17:486][818]LogPropertyNode:Warning: UI Min (0.001) >= UI Max () for Ranged Numeric
[2015.02.04-19.57.17:487][818]LogPropertyNode:Warning: UI Min (0.001) >= UI Max () for Ranged Numeric
[2015.02.04-19.57.17:520][818]LogPlayLevel: [PIE] Compiling InventoryHUD before PIE...
[2015.02.04-19.57.17:705][818]LogPropertyNode:Warning: UI Min (0.001) >= UI Max () for Ranged Numeric
[2015.02.04-19.57.17:706][818]LogPropertyNode:Warning: UI Min (0.001) >= UI Max () for Ranged Numeric
[2015.02.04-19.57.17:809][818]LogPlayLevel: PIE:  Blueprint regeneration took 2073 ms (8 blueprints)
[2015.02.04-19.57.17:810][818]PIE: New page: PIE session: TestLevel (Feb 4, 2015, 9:57:17 AM)
[2015.02.04-19.57.17:814][818]LogPlayLevel: PIE: StaticDuplicateObject took: (0.004249s)
[2015.02.04-19.57.17:815][818]LogPlayLevel: PIE: World Init took: (0.001096s)
[2015.02.04-19.57.17:815][818]LogPlayLevel: PIE: Created PIE world by copying editor world from /Game/Maps/TestLevel.TestLevel to /Game/Maps/UEDPIE_0_TestLevel.TestLevel (0.005545s)
[2015.02.04-19.57.17:861][818]LogWorld: Game class is 'Kodaina_C'
[2015.02.04-19.57.17:862][818]LogAIModule: Creating AISystem for world TestLevel
[2015.02.04-19.57.17:864][818]LogWorld: Bringing World /Game/Maps/UEDPIE_0_TestLevel.TestLevel up for play (max tick rate 60) at 2015.02.04-14.57.17
[2015.02.04-19.57.17:864][818]LogWorld: Bringing up level for play took: 0.002038
[2015.02.04-19.57.17:873][818]PIE: Info Play in editor start time for /Game/Maps/UEDPIE_0_TestLevel 1.333
[2015.02.04-19.57.25:005][152]LogActorComponent: UnregisterComponent: (/Engine/Transient.CharacterMovementComponent_22) Not registered. Aborting.
[2015.02.04-19.57.25:086][153]LogParticles: Destroying 0 GPU particle simulations for FXSystem 0x00000026149814E0
[2015.02.04-19.57.39:876][696]BlueprintLog: New page: Compile RollingMovingHUD
[2015.02.04-19.57.40:077][696]LogPropertyNode:Warning: UI Min (0.001) >= UI Max () for Ranged Numeric
[2015.02.04-19.57.40:077][696]LogPropertyNode:Warning: UI Min (0.001) >= UI Max () for Ranged Numeric
[2015.02.04-19.57.40:112][696]BlueprintEditorCompileResults: Info [0896.47] Compile of RollingMovingHUD successful! [in 211 ms]
[2015.02.04-19.57.42:503][795]BlueprintLog: New page: Pre-PIE auto-recompile
[2015.02.04-19.57.42:536][795]LogPropertyNode:Warning: UI Min (0.001) >= UI Max () for Ranged Numeric
[2015.02.04-19.57.42:537][795]LogPropertyNode:Warning: UI Min (0.001) >= UI Max () for Ranged Numeric
[2015.02.04-19.57.42:555][795]LogActorComponent: UnregisterComponent: (/Engine/Transient.CharacterMovementComponent_23) Not registered. Aborting.
[2015.02.04-19.57.42:555][795]LogPlayLevel: [PIE] Compiling MyCharacter before PIE...
[2015.02.04-19.57.42:897][795]LogPropertyNode:Warning: UI Min (0.001) >= UI Max () for Ranged Numeric
[2015.02.04-19.57.42:898][795]LogPropertyNode:Warning: UI Min (0.001) >= UI Max () for Ranged Numeric
[2015.02.04-19.57.43:033][795]LogPropertyNode:Warning: UI Min (0.001) >= UI Max () for Ranged Numeric
[2015.02.04-19.57.43:034][795]LogPropertyNode:Warning: UI Min (0.001) >= UI Max () for Ranged Numeric
[2015.02.04-19.57.43:116][795]LogPlayLevel: [PIE] Compiling TestLevel before PIE...
[2015.02.04-19.57.43:197][795]LogPlayLevel: [PIE] Compiling BattleHUD before PIE...
[2015.02.04-19.57.43:461][795]LogPropertyNode:Warning: UI Min (0.001) >= UI Max () for Ranged Numeric
[2015.02.04-19.57.43:462][795]LogPropertyNode:Warning: UI Min (0.001) >= UI Max () for Ranged Numeric
[2015.02.04-19.57.43:492][795]LogPlayLevel: [PIE] Compiling Enemy before PIE...
[2015.02.04-19.57.43:675][795]LogPropertyNode:Warning: UI Min (0.001) >= UI Max () for Ranged Numeric
[2015.02.04-19.57.43:676][795]LogPropertyNode:Warning: UI Min (0.001) >= UI Max () for Ranged Numeric
[2015.02.04-19.57.43:719][795]LogPlayLevel: [PIE] Compiling ShoppingHUD before PIE...
[2015.02.04-19.57.43:865][795]LogPropertyNode:Warning: UI Min (0.001) >= UI Max () for Ranged Numeric
[2015.02.04-19.57.43:866][795]LogPropertyNode:Warning: UI Min (0.001) >= UI Max () for Ranged Numeric
[2015.02.04-19.57.43:899][795]LogPlayLevel: [PIE] Compiling RollingMovingHUD before PIE...
[2015.02.04-19.57.44:059][795]LogPropertyNode:Warning: UI Min (0.001) >= UI Max () for Ranged Numeric
[2015.02.04-19.57.44:060][795]LogPropertyNode:Warning: UI Min (0.001) >= UI Max () for Ranged Numeric
[2015.02.04-19.57.44:100][795]LogPlayLevel: [PIE] Compiling StatusHUD before PIE...
[2015.02.04-19.57.44:260][795]LogPropertyNode:Warning: UI Min (0.001) >= UI Max () for Ranged Numeric
[2015.02.04-19.57.44:261][795]LogPropertyNode:Warning: UI Min (0.001) >= UI Max () for Ranged Numeric
[2015.02.04-19.57.44:291][795]LogPlayLevel: [PIE] Compiling InventoryHUD before PIE...
[2015.02.04-19.57.44:469][795]LogPropertyNode:Warning: UI Min (0.001) >= UI Max () for Ranged Numeric
[2015.02.04-19.57.44:470][795]LogPropertyNode:Warning: UI Min (0.001) >= UI Max () for Ranged Numeric
[2015.02.04-19.57.44:583][795]LogPlayLevel: PIE:  Blueprint regeneration took 2080 ms (8 blueprints)
[2015.02.04-19.57.44:583][795]PIE: New page: PIE session: TestLevel (Feb 4, 2015, 9:57:44 AM)
[2015.02.04-19.57.44:587][795]LogPlayLevel: PIE: StaticDuplicateObject took: (0.002902s)
[2015.02.04-19.57.44:587][795]LogPlayLevel: PIE: World Init took: (0.000844s)
[2015.02.04-19.57.44:587][795]LogPlayLevel: PIE: Created PIE world by copying editor world from /Game/Maps/TestLevel.TestLevel to /Game/Maps/UEDPIE_0_TestLevel.TestLevel (0.003881s)
[2015.02.04-19.57.44:632][795]LogWorld: Game class is 'Kodaina_C'
[2015.02.04-19.57.44:634][795]LogAIModule: Creating AISystem for world TestLevel
[2015.02.04-19.57.44:635][795]LogWorld: Bringing World /Game/Maps/UEDPIE_0_TestLevel.TestLevel up for play (max tick rate 60) at 2015.02.04-14.57.44
[2015.02.04-19.57.44:636][795]LogWorld: Bringing up level for play took: 0.001783
[2015.02.04-19.57.44:648][795]PIE: Info Play in editor start time for /Game/Maps/UEDPIE_0_TestLevel 2.107
[2015.02.04-19.58.03:894][762]LogActorComponent: UnregisterComponent: (/Engine/Transient.CharacterMovementComponent_24) Not registered. Aborting.
[2015.02.04-19.58.03:987][763]LogParticles: Destroying 0 GPU particle simulations for FXSystem 0x0000002602650860
[2015.02.04-19.58.05:185][824]BlueprintLog: New page: Pre-PIE auto-recompile
[2015.02.04-19.58.05:217][824]LogPropertyNode:Warning: UI Min (0.001) >= UI Max () for Ranged Numeric
[2015.02.04-19.58.05:217][824]LogPropertyNode:Warning: UI Min (0.001) >= UI Max () for Ranged Numeric
[2015.02.04-19.58.05:236][824]LogPlayLevel: [PIE] Compiling MyCharacter before PIE...
[2015.02.04-19.58.05:588][824]LogPropertyNode:Warning: UI Min (0.001) >= UI Max () for Ranged Numeric
[2015.02.04-19.58.05:589][824]LogPropertyNode:Warning: UI Min (0.001) >= UI Max () for Ranged Numeric
[2015.02.04-19.58.05:729][824]LogPropertyNode:Warning: UI Min (0.001) >= UI Max () for Ranged Numeric
[2015.02.04-19.58.05:731][824]LogPropertyNode:Warning: UI Min (0.001) >= UI Max () for Ranged Numeric
[2015.02.04-19.58.05:806][824]LogPlayLevel: [PIE] Compiling TestLevel before PIE...
[2015.02.04-19.58.05:884][824]LogPlayLevel: [PIE] Compiling BattleHUD before PIE...
[2015.02.04-19.58.06:183][824]LogPropertyNode:Warning: UI Min (0.001) >= UI Max () for Ranged Numeric
[2015.02.04-19.58.06:183][824]LogPropertyNode:Warning: UI Min (0.001) >= UI Max () for Ranged Numeric
[2015.02.04-19.58.06:213][824]LogPlayLevel: [PIE] Compiling Enemy before PIE...
[2015.02.04-19.58.06:389][824]LogPropertyNode:Warning: UI Min (0.001) >= UI Max () for Ranged Numeric
[2015.02.04-19.58.06:390][824]LogPropertyNode:Warning: UI Min (0.001) >= UI Max () for Ranged Numeric
[2015.02.04-19.58.06:434][824]LogPlayLevel: [PIE] Compiling ShoppingHUD before PIE...
[2015.02.04-19.58.06:572][824]LogPropertyNode:Warning: UI Min (0.001) >= UI Max () for Ranged Numeric
[2015.02.04-19.58.06:572][824]LogPropertyNode:Warning: UI Min (0.001) >= UI Max () for Ranged Numeric
[2015.02.04-19.58.06:610][824]LogPlayLevel: [PIE] Compiling RollingMovingHUD before PIE...
[2015.02.04-19.58.06:788][824]LogPropertyNode:Warning: UI Min (0.001) >= UI Max () for Ranged Numeric
[2015.02.04-19.58.06:789][824]LogPropertyNode:Warning: UI Min (0.001) >= UI Max () for Ranged Numeric
[2015.02.04-19.58.06:830][824]LogPlayLevel: [PIE] Compiling StatusHUD before PIE...
[2015.02.04-19.58.06:982][824]LogPropertyNode:Warning: UI Min (0.001) >= UI Max () for Ranged Numeric
[2015.02.04-19.58.06:982][824]LogPropertyNode:Warning: UI Min (0.001) >= UI Max () for Ranged Numeric
[2015.02.04-19.58.07:016][824]LogPlayLevel: [PIE] Compiling InventoryHUD before PIE...
[2015.02.04-19.58.07:197][824]LogPropertyNode:Warning: UI Min (0.001) >= UI Max () for Ranged Numeric
[2015.02.04-19.58.07:198][824]LogPropertyNode:Warning: UI Min (0.001) >= UI Max () for Ranged Numeric
[2015.02.04-19.58.07:308][824]LogPlayLevel: PIE:  Blueprint regeneration took 2123 ms (8 blueprints)
[2015.02.04-19.58.07:308][824]PIE: New page: PIE session: TestLevel (Feb 4, 2015, 9:58:07 AM)
[2015.02.04-19.58.07:312][824]LogPlayLevel: PIE: StaticDuplicateObject took: (0.003286s)
[2015.02.04-19.58.07:312][824]LogPlayLevel: PIE: World Init took: (0.000764s)
[2015.02.04-19.58.07:313][824]LogPlayLevel: PIE: Created PIE world by copying editor world from /Game/Maps/TestLevel.TestLevel to /Game/Maps/UEDPIE_0_TestLevel.TestLevel (0.004336s)
[2015.02.04-19.58.07:358][824]LogWorld: Game class is 'Kodaina_C'
[2015.02.04-19.58.07:359][824]LogAIModule: Creating AISystem for world TestLevel
[2015.02.04-19.58.07:361][824]LogWorld: Bringing World /Game/Maps/UEDPIE_0_TestLevel.TestLevel up for play (max tick rate 60) at 2015.02.04-14.58.07
[2015.02.04-19.58.07:361][824]LogWorld: Bringing up level for play took: 0.001769
[2015.02.04-19.58.07:368][824]PIE: Info Play in editor start time for /Game/Maps/UEDPIE_0_TestLevel 2.827
[2015.02.04-19.58.31:389][  5]LogActorComponent: UnregisterComponent: (/Engine/Transient.CharacterMovementComponent_25) Not registered. Aborting.
[2015.02.04-19.58.31:482][  6]LogParticles: Destroying 0 GPU particle simulations for FXSystem 0x0000002672A85D00
[2015.02.04-19.58.32:070][ 35]Cmd: OBJ SAVEPACKAGE PACKAGE="/Game/Blueprints/RollingMovingHUD" FILE="../../../../../../../Users/Owner/Documents/Unreal Projects/Kodaina/Content/Blueprints/RollingMovingHUD.uasset" SILENT=true
[2015.02.04-19.58.32:451][ 35]LogSavePackage: Save=41.803909ms
[2015.02.04-19.58.32:451][ 35]LogSavePackage: Moving '../../../../../../../Users/Owner/Documents/Unreal Projects/Kodaina/Saved/RollingMovingHUDD6A2876946937615830E8685886180B1.tmp' to '../../../../../../../Users/Owner/Documents/Unreal Projects/Kodaina/Content/Blueprints/RollingMovingHUD.uasset'
[2015.02.04-20.01.12:909][554]BlueprintLog: New page: Compile RollingMovingHUD
[2015.02.04-20.01.13:049][554]LogActorComponent: UnregisterComponent: (/Engine/Transient.CharacterMovementComponent_26) Not registered. Aborting.
[2015.02.04-20.01.13:131][554]LogPropertyNode:Warning: UI Min (0.001) >= UI Max () for Ranged Numeric
[2015.02.04-20.01.13:131][554]LogPropertyNode:Warning: UI Min (0.001) >= UI Max () for Ranged Numeric
[2015.02.04-20.01.13:162][554]BlueprintEditorCompileResults: Info [1109.52] Compile of RollingMovingHUD successful! [in 229 ms]
[2015.02.04-20.01.15:282][650]BlueprintLog: New page: Pre-PIE auto-recompile
[2015.02.04-20.01.15:310][650]LogPropertyNode:Warning: UI Min (0.001) >= UI Max () for Ranged Numeric
[2015.02.04-20.01.15:311][650]LogPropertyNode:Warning: UI Min (0.001) >= UI Max () for Ranged Numeric
[2015.02.04-20.01.15:329][650]LogActorComponent: UnregisterComponent: (/Engine/Transient.CharacterMovementComponent_27) Not registered. Aborting.
[2015.02.04-20.01.15:329][650]LogPlayLevel: [PIE] Compiling MyCharacter before PIE...
[2015.02.04-20.01.15:645][650]LogPropertyNode:Warning: UI Min (0.001) >= UI Max () for Ranged Numeric
[2015.02.04-20.01.15:645][650]LogPropertyNode:Warning: UI Min (0.001) >= UI Max () for Ranged Numeric
[2015.02.04-20.01.15:839][650]LogPropertyNode:Warning: UI Min (0.001) >= UI Max () for Ranged Numeric
[2015.02.04-20.01.15:840][650]LogPropertyNode:Warning: UI Min (0.001) >= UI Max () for Ranged Numeric
[2015.02.04-20.01.15:910][650]LogPlayLevel: [PIE] Compiling TestLevel before PIE...
[2015.02.04-20.01.15:979][650]LogPlayLevel: [PIE] Compiling BattleHUD before PIE...
[2015.02.04-20.01.16:230][650]LogPropertyNode:Warning: UI Min (0.001) >= UI Max () for Ranged Numeric
[2015.02.04-20.01.16:231][650]LogPropertyNode:Warning: UI Min (0.001) >= UI Max () for Ranged Numeric
[2015.02.04-20.01.16:259][650]LogPlayLevel: [PIE] Compiling Enemy before PIE...
[2015.02.04-20.01.16:422][650]LogPropertyNode:Warning: UI Min (0.001) >= UI Max () for Ranged Numeric
[2015.02.04-20.01.16:423][650]LogPropertyNode:Warning: UI Min (0.001) >= UI Max () for Ranged Numeric
[2015.02.04-20.01.16:467][650]LogPlayLevel: [PIE] Compiling ShoppingHUD before PIE...
[2015.02.04-20.01.16:594][650]LogPropertyNode:Warning: UI Min (0.001) >= UI Max () for Ranged Numeric
[2015.02.04-20.01.16:595][650]LogPropertyNode:Warning: UI Min (0.001) >= UI Max () for Ranged Numeric
[2015.02.04-20.01.16:627][650]LogPlayLevel: [PIE] Compiling RollingMovingHUD before PIE...
[2015.02.04-20.01.16:773][650]LogPropertyNode:Warning: UI Min (0.001) >= UI Max () for Ranged Numeric
[2015.02.04-20.01.16:773][650]LogPropertyNode:Warning: UI Min (0.001) >= UI Max () for Ranged Numeric
[2015.02.04-20.01.16:807][650]LogPlayLevel: [PIE] Compiling StatusHUD before PIE...
[2015.02.04-20.01.16:949][650]LogPropertyNode:Warning: UI Min (0.001) >= UI Max () for Ranged Numeric
[2015.02.04-20.01.16:950][650]LogPropertyNode:Warning: UI Min (0.001) >= UI Max () for Ranged Numeric
[2015.02.04-20.01.16:978][650]LogPlayLevel: [PIE] Compiling InventoryHUD before PIE...
[2015.02.04-20.01.17:148][650]LogPropertyNode:Warning: UI Min (0.001) >= UI Max () for Ranged Numeric
[2015.02.04-20.01.17:149][650]LogPropertyNode:Warning: UI Min (0.001) >= UI Max () for Ranged Numeric
[2015.02.04-20.01.17:238][650]LogPlayLevel: PIE:  Blueprint regeneration took 1956 ms (8 blueprints)
[2015.02.04-20.01.17:238][650]PIE: New page: PIE session: TestLevel (Feb 4, 2015, 10:01:17 AM)
[2015.02.04-20.01.17:241][650]LogPlayLevel: PIE: StaticDuplicateObject took: (0.002986s)
[2015.02.04-20.01.17:242][650]LogPlayLevel: PIE: World Init took: (0.000529s)
[2015.02.04-20.01.17:242][650]LogPlayLevel: PIE: Created PIE world by copying editor world from /Game/Maps/TestLevel.TestLevel to /Game/Maps/UEDPIE_0_TestLevel.TestLevel (0.003658s)
[2015.02.04-20.01.17:285][650]LogWorld: Game class is 'Kodaina_C'
[2015.02.04-20.01.17:287][650]LogAIModule: Creating AISystem for world TestLevel
[2015.02.04-20.01.17:288][650]LogWorld: Bringing World /Game/Maps/UEDPIE_0_TestLevel.TestLevel up for play (max tick rate 60) at 2015.02.04-15.01.17
[2015.02.04-20.01.17:289][650]LogWorld: Bringing up level for play took: 0.001865
[2015.02.04-20.01.17:298][650]PIE: Info Play in editor start time for /Game/Maps/UEDPIE_0_TestLevel 2.757
[2015.02.04-20.01.20:951][850]LogActorComponent: UnregisterComponent: (/Engine/Transient.CharacterMovementComponent_28) Not registered. Aborting.
[2015.02.04-20.01.21:026][851]LogParticles: Destroying 0 GPU particle simulations for FXSystem 0x00000026212AFBA0
[2015.02.04-20.01.21:397][870]LogActorComponent: UnregisterComponent: (/Engine/Transient.CharacterMovementComponent_29) Not registered. Aborting.
[2015.02.04-20.01.21:496][870]Cmd: OBJ SAVEPACKAGE PACKAGE="/Game/Blueprints/RollingMovingHUD" FILE="../../../../../../../Users/Owner/Documents/Unreal Projects/Kodaina/Content/Blueprints/RollingMovingHUD.uasset" SILENT=true
[2015.02.04-20.01.21:863][870]LogSavePackage: Save=39.194370ms
[2015.02.04-20.01.21:863][870]LogSavePackage: Moving '../../../../../../../Users/Owner/Documents/Unreal Projects/Kodaina/Saved/RollingMovingHUD862363FE48FABAAB8CC3BCA80D8B8015.tmp' to '../../../../../../../Users/Owner/Documents/Unreal Projects/Kodaina/Content/Blueprints/RollingMovingHUD.uasset'
[2015.02.04-20.02.48:049][474]LogContentBrowser:Verbose: The content browser source was changed by the sources view to '/Game/Materials'
[2015.02.04-20.03.05:116][417]LogContentBrowser:Verbose: The content browser source was changed by the sources view to '/Game/Materials'
[2015.02.04-20.03.16:815][925]Cmd: OBJ SAVEPACKAGE PACKAGE="/Game/Materials/Monospace1" FILE="../../../../../../../Users/Owner/Documents/Unreal Projects/Kodaina/Content/Materials/Monospace1.uasset" SILENT=true
[2015.02.04-20.03.16:833][925]LogSavePackage: Save=15.685874ms
[2015.02.04-20.03.16:833][925]LogSavePackage: Moving '../../../../../../../Users/Owner/Documents/Unreal Projects/Kodaina/Saved/Monospace11A087EC1411F54ECC9EB6EBD77C6E3A4.tmp' to '../../../../../../../Users/Owner/Documents/Unreal Projects/Kodaina/Content/Materials/Monospace1.uasset'
[2015.02.04-20.03.21:880][173]LogContentBrowser:Verbose: The content browser source was changed by the sources view to '/Game/Blueprints'
[2015.02.04-20.04.22:796][504]LogActorComponent: UnregisterComponent: (/Engine/Transient.CharacterMovementComponent_30) Not registered. Aborting.
[2015.02.04-20.04.22:825][504]LogParticles: Destroying 0 GPU particle simulations for FXSystem 0x0000002675FC4220
[2015.02.04-20.04.22:825][504]LogParticles: Destroying 0 GPU particle simulations for FXSystem 0x000000267B98A840
[2015.02.04-20.04.22:895][504]Cmd: OBJ SAVEPACKAGE PACKAGE="/Game/Blueprints/RollingMovingHUD" FILE="../../../../../../../Users/Owner/Documents/Unreal Projects/Kodaina/Content/Blueprints/RollingMovingHUD.uasset" SILENT=true
[2015.02.04-20.04.23:259][504]LogSavePackage: Save=37.420040ms
[2015.02.04-20.04.23:259][504]LogSavePackage: Moving '../../../../../../../Users/Owner/Documents/Unreal Projects/Kodaina/Saved/RollingMovingHUD0DDE89EA4589733683CBBCA7A7FC7A43.tmp' to '../../../../../../../Users/Owner/Documents/Unreal Projects/Kodaina/Content/Blueprints/RollingMovingHUD.uasset'
[2015.02.04-20.04.23:691][521]BlueprintLog: New page: Compile RollingMovingHUD
[2015.02.04-20.04.23:889][521]BlueprintEditorCompileResults: Info [1300.25] Compile of RollingMovingHUD successful! [in 172 ms]
[2015.02.04-20.04.25:951][613]BlueprintLog: New page: Pre-PIE auto-recompile
[2015.02.04-20.04.25:962][613]LogPlayLevel: [PIE] Compiling MyCharacter before PIE...
[2015.02.04-20.04.26:422][613]LogPlayLevel: [PIE] Compiling TestLevel before PIE...
[2015.02.04-20.04.26:484][613]LogPlayLevel: [PIE] Compiling BattleHUD before PIE...
[2015.02.04-20.04.26:716][613]LogPlayLevel: [PIE] Compiling Enemy before PIE...
[2015.02.04-20.04.26:876][613]LogPlayLevel: [PIE] Compiling ShoppingHUD before PIE...
[2015.02.04-20.04.27:022][613]LogPlayLevel: [PIE] Compiling RollingMovingHUD before PIE...
[2015.02.04-20.04.27:201][613]LogPlayLevel: [PIE] Compiling StatusHUD before PIE...
[2015.02.04-20.04.27:336][613]LogPlayLevel: [PIE] Compiling InventoryHUD before PIE...
[2015.02.04-20.04.27:554][613]LogPlayLevel: PIE:  Blueprint regeneration took 1602 ms (8 blueprints)
[2015.02.04-20.04.27:554][613]PIE: New page: PIE session: TestLevel (Feb 4, 2015, 10:04:27 AM)
[2015.02.04-20.04.27:557][613]LogPlayLevel: PIE: StaticDuplicateObject took: (0.003019s)
[2015.02.04-20.04.27:558][613]LogPlayLevel: PIE: World Init took: (0.000522s)
[2015.02.04-20.04.27:558][613]LogPlayLevel: PIE: Created PIE world by copying editor world from /Game/Maps/TestLevel.TestLevel to /Game/Maps/UEDPIE_0_TestLevel.TestLevel (0.003671s)
[2015.02.04-20.04.27:602][613]LogWorld: Game class is 'Kodaina_C'
[2015.02.04-20.04.27:605][613]LogAIModule: Creating AISystem for world TestLevel
[2015.02.04-20.04.27:607][613]LogWorld: Bringing World /Game/Maps/UEDPIE_0_TestLevel.TestLevel up for play (max tick rate 60) at 2015.02.04-15.04.27
[2015.02.04-20.04.27:607][613]LogWorld: Bringing up level for play took: 0.001840
[2015.02.04-20.04.27:615][613]PIE: Info Play in editor start time for /Game/Maps/UEDPIE_0_TestLevel 1.075
[2015.02.04-20.04.40:317][329]LogActorComponent: UnregisterComponent: (/Engine/Transient.CharacterMovementComponent_31) Not registered. Aborting.
[2015.02.04-20.04.40:852][350]LogParticles: Destroying 0 GPU particle simulations for FXSystem 0x0000002674BC1A80
[2015.02.04-20.07.19:340][ 52]LogUObjectGlobals:Warning: Failed to find object 'Object None.'
[2015.02.04-20.07.19:341][ 52]LogUObjectHash:Warning: Ambiguous search, could be CanvasPanelSlot /Engine/Transient.World_5:BattleHUD_C_9.WidgetTree_911.txtCanvas.CanvasPanelSlot_1248 or CanvasPanelSlot /Game/Blueprints/BattleHUD.BattleHUD_C:WidgetTree_910.txtCanvas.CanvasPanelSlot_1248
[2015.02.04-20.07.19:341][ 52]LogUObjectHash:Warning: Ambiguous search, could be CanvasPanelSlot /Engine/Transient.World_5:BattleHUD_C_9.WidgetTree_911.txtCanvas.CanvasPanelSlot_1248 or CanvasPanelSlot /Game/Blueprints/BattleHUD.SKEL_BattleHUD_C:WidgetTree_909.txtCanvas.CanvasPanelSlot_1248
[2015.02.04-20.07.19:341][ 52]LogUObjectHash:Warning: Ambiguous search, could be CanvasPanelSlot /Engine/Transient.World_5:BattleHUD_C_9.WidgetTree_911.txtCanvas.CanvasPanelSlot_1248 or CanvasPanelSlot /Engine/Transient.REINST_SKEL_BattleHUD_C_167:WidgetTree_905.txtCanvas.CanvasPanelSlot_1248
[2015.02.04-20.07.19:341][ 52]LogUObjectHash:Warning: Ambiguous search, could be CanvasPanelSlot /Engine/Transient.World_5:BattleHUD_C_9.WidgetTree_911.txtCanvas.CanvasPanelSlot_1248 or CanvasPanelSlot /Engine/Transient.World_5:BattleHUD_C_8.WidgetTree_907.txtCanvas.CanvasPanelSlot_1248
[2015.02.04-20.07.19:341][ 52]LogUObjectHash:Warning: Ambiguous search, could be CanvasPanelSlot /Engine/Transient.World_5:BattleHUD_C_9.WidgetTree_911.txtCanvas.CanvasPanelSlot_1248 or CanvasPanelSlot /Game/Blueprints/BattleHUD.BattleHUD_C:WidgetTree_906.txtCanvas.CanvasPanelSlot_1248
[2015.02.04-20.07.19:341][ 52]LogUObjectHash:Warning: Ambiguous search, could be CanvasPanelSlot /Engine/Transient.World_5:BattleHUD_C_9.WidgetTree_911.txtCanvas.CanvasPanelSlot_1248 or CanvasPanelSlot /Game/Blueprints/BattleHUD.SKEL_BattleHUD_C:WidgetTree_905.txtCanvas.CanvasPanelSlot_1248
[2015.02.04-20.07.19:341][ 52]LogUObjectHash:Warning: Ambiguous search, could be CanvasPanelSlot /Engine/Transient.World_5:BattleHUD_C_9.WidgetTree_911.txtCanvas.CanvasPanelSlot_1248 or CanvasPanelSlot /Game/Blueprints/BattleHUD.BattleHUD:WidgetTree_10.txtCanvas.CanvasPanelSlot_1248
[2015.02.04-20.07.19:341][ 52]LogProperty:Warning: Illegal TEXT reference to a private object in external package (CanvasPanelSlot /Engine/Transient.World_5:BattleHUD_C_9.WidgetTree_911.txtCanvas.CanvasPanelSlot_1248) from referencer (TextBlock /Engine/UMG/Editor/Transient.txtLine1).  Import failed...
[2015.02.04-20.07.19:341][ 52]LogProperty:Warning: ObjectProperty /Script/UMG.Widget:Slot: unresolved reference to 'CanvasPanelSlot'CanvasPanelSlot_1248''
[2015.02.04-20.08.16:576][804]LogUObjectGlobals:Warning: Failed to find object 'Object None.'
[2015.02.04-20.08.16:576][804]LogUObjectHash:Warning: Ambiguous search, could be CanvasPanelSlot /Engine/Transient.World_5:BattleHUD_C_11.WidgetTree_919.txtCanvas.CanvasPanelSlot_1273 or CanvasPanelSlot /Game/Blueprints/BattleHUD.BattleHUD_C:WidgetTree_918.txtCanvas.CanvasPanelSlot_1273
[2015.02.04-20.08.16:576][804]LogUObjectHash:Warning: Ambiguous search, could be CanvasPanelSlot /Engine/Transient.World_5:BattleHUD_C_11.WidgetTree_919.txtCanvas.CanvasPanelSlot_1273 or CanvasPanelSlot /Game/Blueprints/BattleHUD.SKEL_BattleHUD_C:WidgetTree_917.txtCanvas.CanvasPanelSlot_1273
[2015.02.04-20.08.16:576][804]LogUObjectHash:Warning: Ambiguous search, could be CanvasPanelSlot /Engine/Transient.World_5:BattleHUD_C_11.WidgetTree_919.txtCanvas.CanvasPanelSlot_1273 or CanvasPanelSlot /Engine/Transient.REINST_SKEL_BattleHUD_C_169:WidgetTree_913.txtCanvas.CanvasPanelSlot_1273
[2015.02.04-20.08.16:576][804]LogUObjectHash:Warning: Ambiguous search, could be CanvasPanelSlot /Engine/Transient.World_5:BattleHUD_C_11.WidgetTree_919.txtCanvas.CanvasPanelSlot_1273 or CanvasPanelSlot /Engine/Transient.World_5:BattleHUD_C_10.WidgetTree_915.txtCanvas.CanvasPanelSlot_1273
[2015.02.04-20.08.16:576][804]LogUObjectHash:Warning: Ambiguous search, could be CanvasPanelSlot /Engine/Transient.World_5:BattleHUD_C_11.WidgetTree_919.txtCanvas.CanvasPanelSlot_1273 or CanvasPanelSlot /Game/Blueprints/BattleHUD.BattleHUD_C:WidgetTree_914.txtCanvas.CanvasPanelSlot_1273
[2015.02.04-20.08.16:576][804]LogUObjectHash:Warning: Ambiguous search, could be CanvasPanelSlot /Engine/Transient.World_5:BattleHUD_C_11.WidgetTree_919.txtCanvas.CanvasPanelSlot_1273 or CanvasPanelSlot /Game/Blueprints/BattleHUD.SKEL_BattleHUD_C:WidgetTree_913.txtCanvas.CanvasPanelSlot_1273
[2015.02.04-20.08.16:576][804]LogUObjectHash:Warning: Ambiguous search, could be CanvasPanelSlot /Engine/Transient.World_5:BattleHUD_C_11.WidgetTree_919.txtCanvas.CanvasPanelSlot_1273 or CanvasPanelSlot /Game/Blueprints/BattleHUD.BattleHUD:WidgetTree_10.txtCanvas.CanvasPanelSlot_1273
[2015.02.04-20.08.16:576][804]LogProperty:Warning: Illegal TEXT reference to a private object in external package (CanvasPanelSlot /Engine/Transient.World_5:BattleHUD_C_11.WidgetTree_919.txtCanvas.CanvasPanelSlot_1273) from referencer (TextBlock /Engine/UMG/Editor/Transient.txtLine2).  Import failed...
[2015.02.04-20.08.16:576][804]LogProperty:Warning: ObjectProperty /Script/UMG.Widget:Slot: unresolved reference to 'CanvasPanelSlot'CanvasPanelSlot_1273''
[2015.02.04-20.08.59:668][192]LogUObjectGlobals:Warning: Failed to find object 'Object None.'
[2015.02.04-20.08.59:668][192]LogUObjectHash:Warning: Ambiguous search, could be CanvasPanelSlot /Engine/Transient.World_5:BattleHUD_C_13.WidgetTree_927.txtCanvas.CanvasPanelSlot_1273 or CanvasPanelSlot /Game/Blueprints/BattleHUD.BattleHUD_C:WidgetTree_926.txtCanvas.CanvasPanelSlot_1273
[2015.02.04-20.08.59:668][192]LogUObjectHash:Warning: Ambiguous search, could be CanvasPanelSlot /Engine/Transient.World_5:BattleHUD_C_13.WidgetTree_927.txtCanvas.CanvasPanelSlot_1273 or CanvasPanelSlot /Game/Blueprints/BattleHUD.SKEL_BattleHUD_C:WidgetTree_925.txtCanvas.CanvasPanelSlot_1273
[2015.02.04-20.08.59:668][192]LogUObjectHash:Warning: Ambiguous search, could be CanvasPanelSlot /Engine/Transient.World_5:BattleHUD_C_13.WidgetTree_927.txtCanvas.CanvasPanelSlot_1273 or CanvasPanelSlot /Engine/Transient.REINST_SKEL_BattleHUD_C_171:WidgetTree_921.txtCanvas.CanvasPanelSlot_1273
[2015.02.04-20.08.59:668][192]LogUObjectHash:Warning: Ambiguous search, could be CanvasPanelSlot /Engine/Transient.World_5:BattleHUD_C_13.WidgetTree_927.txtCanvas.CanvasPanelSlot_1273 or CanvasPanelSlot /Engine/Transient.World_5:BattleHUD_C_12.WidgetTree_923.txtCanvas.CanvasPanelSlot_1273
[2015.02.04-20.08.59:669][192]LogUObjectHash:Warning: Ambiguous search, could be CanvasPanelSlot /Engine/Transient.World_5:BattleHUD_C_13.WidgetTree_927.txtCanvas.CanvasPanelSlot_1273 or CanvasPanelSlot /Game/Blueprints/BattleHUD.BattleHUD_C:WidgetTree_922.txtCanvas.CanvasPanelSlot_1273
[2015.02.04-20.08.59:669][192]LogUObjectHash:Warning: Ambiguous search, could be CanvasPanelSlot /Engine/Transient.World_5:BattleHUD_C_13.WidgetTree_927.txtCanvas.CanvasPanelSlot_1273 or CanvasPanelSlot /Game/Blueprints/BattleHUD.SKEL_BattleHUD_C:WidgetTree_921.txtCanvas.CanvasPanelSlot_1273
[2015.02.04-20.08.59:669][192]LogUObjectHash:Warning: Ambiguous search, could be CanvasPanelSlot /Engine/Transient.World_5:BattleHUD_C_13.WidgetTree_927.txtCanvas.CanvasPanelSlot_1273 or CanvasPanelSlot /Engine/Transient.REINST_SKEL_BattleHUD_C_170:WidgetTree_917.txtCanvas.CanvasPanelSlot_1273
[2015.02.04-20.08.59:669][192]LogUObjectHash:Warning: Ambiguous search, could be CanvasPanelSlot /Engine/Transient.World_5:BattleHUD_C_13.WidgetTree_927.txtCanvas.CanvasPanelSlot_1273 or CanvasPanelSlot /Engine/Transient.World_5:BattleHUD_C_11.WidgetTree_919.txtCanvas.CanvasPanelSlot_1273
[2015.02.04-20.08.59:669][192]LogUObjectHash:Warning: Ambiguous search, could be CanvasPanelSlot /Engine/Transient.World_5:BattleHUD_C_13.WidgetTree_927.txtCanvas.CanvasPanelSlot_1273 or CanvasPanelSlot /Game/Blueprints/BattleHUD.BattleHUD_C:WidgetTree_918.txtCanvas.CanvasPanelSlot_1273
[2015.02.04-20.08.59:669][192]LogUObjectHash:Warning: Ambiguous search, could be CanvasPanelSlot /Engine/Transient.World_5:BattleHUD_C_13.WidgetTree_927.txtCanvas.CanvasPanelSlot_1273 or CanvasPanelSlot /Engine/Transient.REINST_SKEL_BattleHUD_C_169:WidgetTree_913.txtCanvas.CanvasPanelSlot_1273
[2015.02.04-20.08.59:669][192]LogUObjectHash:Warning: Ambiguous search, could be CanvasPanelSlot /Engine/Transient.World_5:BattleHUD_C_13.WidgetTree_927.txtCanvas.CanvasPanelSlot_1273 or CanvasPanelSlot /Engine/Transient.World_5:BattleHUD_C_10.WidgetTree_915.txtCanvas.CanvasPanelSlot_1273
[2015.02.04-20.08.59:669][192]LogUObjectHash:Warning: Ambiguous search, could be CanvasPanelSlot /Engine/Transient.World_5:BattleHUD_C_13.WidgetTree_927.txtCanvas.CanvasPanelSlot_1273 or CanvasPanelSlot /Game/Blueprints/BattleHUD.BattleHUD_C:WidgetTree_914.txtCanvas.CanvasPanelSlot_1273
[2015.02.04-20.08.59:669][192]LogUObjectHash:Warning: Ambiguous search, could be CanvasPanelSlot /Engine/Transient.World_5:BattleHUD_C_13.WidgetTree_927.txtCanvas.CanvasPanelSlot_1273 or CanvasPanelSlot /Game/Blueprints/BattleHUD.BattleHUD:WidgetTree_10.txtCanvas.CanvasPanelSlot_1273
[2015.02.04-20.08.59:669][192]LogProperty:Warning: Illegal TEXT reference to a private object in external package (CanvasPanelSlot /Engine/Transient.World_5:BattleHUD_C_13.WidgetTree_927.txtCanvas.CanvasPanelSlot_1273) from referencer (TextBlock /Engine/UMG/Editor/Transient.txtLine2).  Import failed...
[2015.02.04-20.08.59:669][192]LogProperty:Warning: ObjectProperty /Script/UMG.Widget:Slot: unresolved reference to 'CanvasPanelSlot'CanvasPanelSlot_1273''
[2015.02.04-20.09.47:167][735]BlueprintLog: New page: Compile BattleHUD
[2015.02.04-20.09.47:441][735]LogActorComponent: UnregisterComponent: (/Engine/Transient.CharacterMovementComponent_32) Not registered. Aborting.
[2015.02.04-20.09.47:550][735]BlueprintEditorCompileResults: Info [1623.91] Compile of BattleHUD successful! [in 282 ms]
[2015.02.04-20.12.07:777][843]BlueprintLog: New page: Compile BattleHUD
[2015.02.04-20.12.08:004][843]LogActorComponent: UnregisterComponent: (/Engine/Transient.CharacterMovementComponent_33) Not registered. Aborting.
[2015.02.04-20.12.08:132][843]BlueprintEditorCompileResults: Info [1764.49] Compile of BattleHUD successful! [in 268 ms]
[2015.02.04-20.12.24:922][380]BlueprintLog: New page: Compile BattleHUD
[2015.02.04-20.12.25:281][380]BlueprintEditorCompileResults: Info [1781.64] Compile of BattleHUD successful! [in 270 ms]
[2015.02.04-20.12.40:694][883]BlueprintLog: New page: Compile BattleHUD
[2015.02.04-20.12.41:056][883]BlueprintEditorCompileResults: Info [1797.42] Compile of BattleHUD successful! [in 273 ms]
[2015.02.04-20.12.48:537][ 70]BlueprintLog: New page: Compile BattleHUD
[2015.02.04-20.12.48:913][ 70]BlueprintEditorCompileResults: Info [1805.27] Compile of BattleHUD successful! [in 285 ms]
[2015.02.04-20.13.24:988][120]BlueprintLog: New page: Compile BattleHUD
[2015.02.04-20.13.25:392][120]BlueprintEditorCompileResults: Info [1841.75] Compile of BattleHUD successful! [in 312 ms]
[2015.02.04-20.13.43:962][616]BlueprintLog: New page: Compile BattleHUD
[2015.02.04-20.13.44:371][616]BlueprintEditorCompileResults: Info [1860.73] Compile of BattleHUD successful! [in 316 ms]
[2015.02.04-20.14.51:355][974]LogActorComponent: UnregisterComponent: (/Engine/Transient.CharacterMovementComponent_34) Not registered. Aborting.
[2015.02.04-20.14.51:423][974]LogFileHelpers: Editor autosave (incl. sublevels) for '/Game/Maps/TestLevel' took 0.067
[2015.02.04-20.14.51:509][974]OBJ SavePackage: Generating thumbnails for [0] asset(s) in package [/Game/Blueprints/BattleHUD] ([1] browsable assets)...
[2015.02.04-20.14.51:542][974]OBJ SavePackage: Finished generating thumbnails for package [/Game/Blueprints/BattleHUD]
[2015.02.04-20.14.52:153][974]LogSavePackage: Save=269.696625ms
[2015.02.04-20.14.52:153][974]LogSavePackage: Moving '../../../../../../../Users/Owner/Documents/Unreal Projects/Kodaina/Saved/BattleHUD_Auto2A4BF996A42C83E90315529AF49CB8B4E.tmp' to '../../../../../../../Users/Owner/Documents/Unreal Projects/Kodaina/Saved/Autosaves/Game/Blueprints/BattleHUD_Auto2.uasset'
[2015.02.04-20.14.52:159][974]LogFileHelpers: Auto-saving content packages took 0.736
[2015.02.04-20.19.59:016][995]BlueprintLog: New page: Compile BattleHUD
[2015.02.04-20.19.59:424][995]BlueprintEditorCompileResults: Info [2235.78] Compile of BattleHUD successful! [in 316 ms]
[2015.02.04-20.21.33:207][803]BlueprintLog: New page: Compile BattleHUD
[2015.02.04-20.21.33:605][803]BlueprintEditorCompileResults: Info [2329.97] Compile of BattleHUD successful! [in 304 ms]
[2015.02.04-20.22.16:849][ 93]BlueprintLog: New page: Compile BattleHUD
[2015.02.04-20.22.17:119][ 93]LogActorComponent: UnregisterComponent: (/Engine/Transient.CharacterMovementComponent_35) Not registered. Aborting.
[2015.02.04-20.22.17:236][ 93]BlueprintEditorCompileResults: Info [2373.60] Compile of BattleHUD successful! [in 292 ms]
[2015.02.04-20.23.31:753][215]BlueprintLog: New page: Compile BattleHUD
[2015.02.04-20.23.32:031][215]LogActorComponent: UnregisterComponent: (/Engine/Transient.CharacterMovementComponent_36) Not registered. Aborting.
[2015.02.04-20.23.32:153][215]BlueprintEditorCompileResults: Info [2448.51] Compile of BattleHUD successful! [in 304 ms]
[2015.02.04-20.24.31:074][ 22]BlueprintLog: New page: Compile BattleHUD
[2015.02.04-20.24.31:475][ 22]BlueprintEditorCompileResults: Info [2507.84] Compile of BattleHUD successful! [in 304 ms]
[2015.02.04-20.24.36:592][185]LogUObjectGlobals:Warning: Failed to find object 'Object None.'
[2015.02.04-20.24.52:434][623]LogFileHelpers: Editor autosave (incl. sublevels) for '/Game/Maps/TestLevel' took 0.065
[2015.02.04-20.24.52:477][623]OBJ SavePackage: Generating thumbnails for [0] asset(s) in package [/Game/Blueprints/BattleHUD] ([1] browsable assets)...
[2015.02.04-20.24.52:477][623]OBJ SavePackage: Finished generating thumbnails for package [/Game/Blueprints/BattleHUD]
[2015.02.04-20.24.53:029][623]LogSavePackage: Save=203.012726ms
[2015.02.04-20.24.53:029][623]LogSavePackage: Moving '../../../../../../../Users/Owner/Documents/Unreal Projects/Kodaina/Saved/BattleHUD_Auto344839DF34B7D95134310D7B07792183F.tmp' to '../../../../../../../Users/Owner/Documents/Unreal Projects/Kodaina/Saved/Autosaves/Game/Blueprints/BattleHUD_Auto3.uasset'
[2015.02.04-20.24.53:035][623]LogFileHelpers: Auto-saving content packages took 0.601
[2015.02.04-20.25.02:990][915]BlueprintLog: New page: Compile BattleHUD
[2015.02.04-20.25.03:385][915]BlueprintEditorCompileResults: Info [2539.75] Compile of BattleHUD successful! [in 297 ms]
[2015.02.04-20.25.53:040][507]LogUObjectGlobals:Warning: Failed to find object 'Object None.'
[2015.02.04-20.25.53:040][507]LogUObjectGlobals:Warning: Failed to find object 'Object None.'
[2015.02.04-20.25.53:040][507]LogUObjectGlobals:Warning: Failed to find object 'Object None.'
[2015.02.04-20.25.53:040][507]LogUObjectGlobals:Warning: Failed to find object 'Object None.'
[2015.02.04-20.25.53:040][507]LogProperty:Warning: ObjectProperty /Script/Engine.EdGraphPin:LinkedTo.LinkedTo: unresolved reference to 'EdGraphPin'"K2Node_CallFunction_12751.EdGraphPin_63835"''
[2015.02.04-20.25.53:041][507]LogProperty:Warning: ObjectProperty /Script/Engine.EdGraphPin:LinkedTo.LinkedTo: unresolved reference to 'EdGraphPin'"K2Node_CommutativeAssociativeBinaryOperator_1019.EdGraphPin_63843"''
[2015.02.04-20.25.53:041][507]LogProperty:Warning: ObjectProperty /Script/Engine.EdGraphPin:LinkedTo.LinkedTo: unresolved reference to 'EdGraphPin'"K2Node_CommutativeAssociativeBinaryOperator_1019.EdGraphPin_63841"''
[2015.02.04-20.26.24:007][399]BlueprintLog: New page: Compile BattleHUD
[2015.02.04-20.26.24:424][399]BlueprintEditorCompileResults: Info [2620.78] Compile of BattleHUD successful! [in 316 ms]
[2015.02.04-20.27.04:829][640]BlueprintLog: New page: Compile BattleHUD
[2015.02.04-20.27.05:262][640]BlueprintEditorCompileResults: Info [2661.62] Compile of BattleHUD successful! [in 332 ms]
[2015.02.04-20.27.45:323][707]BlueprintLog: New page: Compile BattleHUD
[2015.02.04-20.27.45:724][707]BlueprintEditorCompileResults: Info [2702.09] Compile of BattleHUD successful! [in 300 ms]
[2015.02.04-20.27.46:175][711]Cmd: OBJ SAVEPACKAGE PACKAGE="/Game/Blueprints/BattleHUD" FILE="../../../../../../../Users/Owner/Documents/Unreal Projects/Kodaina/Content/Blueprints/BattleHUD.uasset" SILENT=true
[2015.02.04-20.27.46:660][711]LogSavePackage: Save=164.689484ms
[2015.02.04-20.27.46:661][711]LogSavePackage: Moving '../../../../../../../Users/Owner/Documents/Unreal Projects/Kodaina/Saved/BattleHUDDAE65FA640DF6BE410DABA93CB1947EC.tmp' to '../../../../../../../Users/Owner/Documents/Unreal Projects/Kodaina/Content/Blueprints/BattleHUD.uasset'
[2015.02.04-20.27.51:451][747]LogActorComponent: UnregisterComponent: (/Engine/Transient.CharacterMovementComponent_37) Not registered. Aborting.
[2015.02.04-20.27.53:494][791]Cmd: QUIT_EDITOR
[2015.02.04-20.27.53:828][791]LogExit: Preparing to exit.
[2015.02.04-20.27.54:377][791]LogExit: Editor shut down
[2015.02.04-20.27.54:377][791]LogExit: Transaction tracking system shut down
[2015.02.04-20.27.54:377][791]LogParticles: Destroying 0 GPU particle simulations for FXSystem 0x0000002662FDECA0
[2015.02.04-20.27.54:378][791]LogParticles: Destroying 0 GPU particle simulations for FXSystem 0x0000002660A36160
[2015.02.04-20.27.54:386][791]LogParticles: Destroying 0 GPU particle simulations for FXSystem 0x000000267A303240
[2015.02.04-20.27.54:386][791]LogParticles: Destroying 0 GPU particle simulations for FXSystem 0x0000002615A311C0
[2015.02.04-20.27.54:474][791]LogParticles: Destroying 0 GPU particle simulations for FXSystem 0x0000002674E51620
[2015.02.04-20.27.54:474][791]LogExit: Object subsystem successfully closed.
[2015.02.04-20.27.54:557][791]LogModuleManager: Shutting down and abandoning module FontEditor (176)
[2015.02.04-20.27.54:557][791]LogModuleManager: Shutting down and abandoning module SequencerWidgets (175)
[2015.02.04-20.27.54:557][791]LogModuleManager: Shutting down and abandoning module AndroidDeviceDetection (174)
[2015.02.04-20.27.54:557][791]LogModuleManager: Shutting down and abandoning module CrashTracker (173)
[2015.02.04-20.27.54:557][791]LogModuleManager: Shutting down and abandoning module SuperSearch (172)
[2015.02.04-20.27.54:557][791]LogModuleManager: Shutting down and abandoning module SceneOutliner (171)
[2015.02.04-20.27.54:557][791]LogModuleManager: Shutting down and abandoning module EditorWidgets (170)
[2015.02.04-20.27.54:557][791]LogModuleManager: Shutting down and abandoning module CollectionManager (169)
[2015.02.04-20.27.54:557][791]LogModuleManager: Shutting down and abandoning module StatsViewer (168)
[2015.02.04-20.27.54:557][791]LogModuleManager: Shutting down and abandoning module FoliageEdit (167)
[2015.02.04-20.27.54:557][791]LogModuleManager: Shutting down and abandoning module LandscapeEditor (166)
[2015.02.04-20.27.54:557][791]LogModuleManager: Shutting down and abandoning module MeshPaint (165)
[2015.02.04-20.27.54:557][791]LogModuleManager: Shutting down and abandoning module ActorPickerMode (164)
[2015.02.04-20.27.54:557][791]LogModuleManager: Shutting down and abandoning module GeometryMode (163)
[2015.02.04-20.27.54:557][791]LogModuleManager: Shutting down and abandoning module TextureAlignMode (162)
[2015.02.04-20.27.54:557][791]LogModuleManager: Shutting down and abandoning module BspMode (161)
[2015.02.04-20.27.54:557][791]LogModuleManager: Shutting down and abandoning module PlacementMode (160)
[2015.02.04-20.27.54:557][791]LogModuleManager: Shutting down and abandoning module AutomationWorker (159)
[2015.02.04-20.27.54:557][791]LogModuleManager: Shutting down and abandoning module CharacterAI (158)
[2015.02.04-20.27.54:557][791]LogModuleManager: Shutting down and abandoning module GameProjectGeneration (157)
[2015.02.04-20.27.54:557][791]LogModuleManager: Shutting down and abandoning module IntroTutorials (156)
[2015.02.04-20.27.54:557][791]LogModuleManager: Shutting down and abandoning module EditorLiveStreaming (155)
[2015.02.04-20.27.54:557][791]LogModuleManager: Shutting down and abandoning module HardwareTargeting (154)
[2015.02.04-20.27.54:557][791]LogModuleManager: Shutting down and abandoning module DeviceProfileEditor (153)
[2015.02.04-20.27.54:557][791]LogModuleManager: Shutting down and abandoning module UndoHistory (152)
[2015.02.04-20.27.54:557][791]LogModuleManager: Shutting down and abandoning module GameplayTagsEditor (151)
[2015.02.04-20.27.54:557][791]LogModuleManager: Shutting down and abandoning module UserFeedback (150)
[2015.02.04-20.27.54:557][791]LogModuleManager: Shutting down and abandoning module XmlParser (149)
[2015.02.04-20.27.54:557][791]LogModuleManager: Shutting down and abandoning module Blutility (148)
[2015.02.04-20.27.54:557][791]LogModuleManager: Shutting down and abandoning module IOSPlatformEditor (147)
[2015.02.04-20.27.54:557][791]LogModuleManager: Shutting down and abandoning module IOSRuntimeSettings (146)
[2015.02.04-20.27.54:557][791]LogModuleManager: Shutting down and abandoning module AndroidPlatformEditor (145)
[2015.02.04-20.27.54:557][791]LogModuleManager: Shutting down and abandoning module AndroidRuntimeSettings (144)
[2015.02.04-20.27.54:557][791]LogModuleManager: Shutting down and abandoning module ProjectTargetPlatformEditor (143)
[2015.02.04-20.27.54:558][791]LogModuleManager: Shutting down and abandoning module ProjectSettingsViewer (142)
[2015.02.04-20.27.54:558][791]LogModuleManager: Shutting down and abandoning module InputBindingEditor (141)
[2015.02.04-20.27.54:558][791]LogModuleManager: Shutting down and abandoning module EditorSettingsViewer (140)
[2015.02.04-20.27.54:558][791]LogModuleManager: Shutting down and abandoning module SettingsEditor (139)
[2015.02.04-20.27.54:558][791]LogModuleManager: Shutting down and abandoning module ProjectLauncher (138)
[2015.02.04-20.27.54:558][791]LogModuleManager: Shutting down and abandoning module SessionFrontend (137)
[2015.02.04-20.27.54:558][791]LogModuleManager: Shutting down and abandoning module ProfilerClient (136)
[2015.02.04-20.27.54:558][791]LogModuleManager: Shutting down and abandoning module TargetDeviceServices (135)
[2015.02.04-20.27.54:558][791]LogModuleManager: Shutting down and abandoning module DeviceManager (134)
[2015.02.04-20.27.54:558][791]LogModuleManager: Shutting down and abandoning module AutomationController (133)
[2015.02.04-20.27.54:558][791]LogModuleManager: Shutting down and abandoning module AutomationWindow (132)
[2015.02.04-20.27.54:558][791]LogModuleManager: Shutting down and abandoning module Layers (131)
[2015.02.04-20.27.54:558][791]LogModuleManager: Shutting down and abandoning module ComponentVisualizers (130)
[2015.02.04-20.27.54:558][791]LogModuleManager: Shutting down and abandoning module DetailCustomizations (129)
[2015.02.04-20.27.54:558][791]LogModuleManager: Shutting down and abandoning module PackagesDialog (128)
[2015.02.04-20.27.54:558][791]LogModuleManager: Shutting down and abandoning module AssetRegistry (127)
[2015.02.04-20.27.54:633][791]LogModuleManager: Shutting down and abandoning module Persona (126)
[2015.02.04-20.27.54:633][791]LogModuleManager: Shutting down and abandoning module Kismet (125)
[2015.02.04-20.27.54:633][791]LogModuleManager: Shutting down and abandoning module GraphEditor (124)
[2015.02.04-20.27.54:633][791]LogModuleManager: Shutting down and abandoning module ClassViewer (123)
[2015.02.04-20.27.54:633][791]LogModuleManager: Shutting down and abandoning module Toolbox (122)
[2015.02.04-20.27.54:633][791]LogModuleManager: Shutting down and abandoning module ModuleUI (121)
[2015.02.04-20.27.54:633][791]LogModuleManager: Shutting down and abandoning module MovieSceneTools (120)
[2015.02.04-20.27.54:633][791]LogModuleManager: Shutting down and abandoning module OutputLog (119)
[2015.02.04-20.27.54:633][791]LogModuleManager: Shutting down and abandoning module GammaUI (118)
[2015.02.04-20.27.54:633][791]LogModuleManager: Shutting down and abandoning module Documentation (117)
[2015.02.04-20.27.54:633][791]LogModuleManager: Shutting down and abandoning module GameLiveStreaming (116)
[2015.02.04-20.27.54:633][791]LogModuleManager: Shutting down and abandoning module StreamingPauseRendering (115)
[2015.02.04-20.27.54:633][791]LogModuleManager: Shutting down and abandoning module HTTP (114)
[2015.02.04-20.27.54:633][791]LogModuleManager: Shutting down and abandoning module AnalyticsET (113)
[2015.02.04-20.27.54:633][791]LogModuleManager: Shutting down and abandoning module Analytics (112)
[2015.02.04-20.27.54:633][791]LogModuleManager: Shutting down and abandoning module AITestSuite (111)
[2015.02.04-20.27.54:633][791]LogModuleManager: Shutting down and abandoning module AIModule (110)
[2015.02.04-20.27.54:633][791]LogModuleManager: Shutting down and abandoning module ProfilerService (109)
[2015.02.04-20.27.54:657][791]LogModuleManager: Shutting down and abandoning module TaskGraph (108)
[2015.02.04-20.27.54:657][791]LogModuleManager: Shutting down and abandoning module GameplayDebugger (107)
[2015.02.04-20.27.54:657][791]LogModuleManager: Shutting down and abandoning module SlateRemote (106)
[2015.02.04-20.27.54:657][791]LogModuleManager: Shutting down and abandoning module ScriptEditorPlugin (105)
[2015.02.04-20.27.54:657][791]LogModuleManager: Shutting down and abandoning module CustomMeshComponent (104)
[2015.02.04-20.27.54:657][791]LogModuleManager: Shutting down and abandoning module CableComponent (103)
[2015.02.04-20.27.54:657][791]LogModuleManager: Shutting down and abandoning module MessagingDebugger (102)
[2015.02.04-20.27.54:657][791]LogModuleManager: Shutting down and abandoning module MediaPlayerEditor (101)
[2015.02.04-20.27.54:657][791]LogModuleManager: Shutting down and abandoning module SpeedTreeImporter (100)
[2015.02.04-20.27.54:657][791]LogModuleManager: Shutting down and abandoning module PluginsEditor (99)
[2015.02.04-20.27.54:657][791]LogModuleManager: Shutting down and abandoning module EpicSurvey (98)
[2015.02.04-20.27.54:657][791]LogModuleManager: Shutting down and abandoning module DesktopPlatform (97)
[2015.02.04-20.27.54:657][791]LogModuleManager: Shutting down and abandoning module VisualStudioSourceCodeAccess (96)
[2015.02.04-20.27.54:657][791]LogModuleManager: Shutting down and abandoning module UObjectPlugin (95)
[2015.02.04-20.27.54:657][791]LogModuleManager: Shutting down and abandoning module SubversionSourceControl (94)
[2015.02.04-20.27.54:657][791]LogModuleManager: Shutting down and abandoning module SourceControl (93)
[2015.02.04-20.27.54:657][791]LogModuleManager: Shutting down and abandoning module PerforceSourceControl (92)
[2015.02.04-20.27.54:657][791]LogModuleManager: Shutting down and abandoning module BlankPlugin (91)
[2015.02.04-20.27.54:657][791]LogModuleManager: Shutting down and abandoning module SlateReflector (90)
[2015.02.04-20.27.54:657][791]LogModuleManager: Shutting down and abandoning module DirectoryWatcher (89)
[2015.02.04-20.27.54:657][791]LogModuleManager: Shutting down and abandoning module HotReload (88)
[2015.02.04-20.27.54:657][791]LogModuleManager: Shutting down and abandoning module MainFrame (87)
[2015.02.04-20.27.54:657][791]LogModuleManager: Shutting down and abandoning module LevelEditor (86)
[2015.02.04-20.27.54:659][791]LogModuleManager: Shutting down and abandoning module ViewportSnapping (85)
[2015.02.04-20.27.54:659][791]LogModuleManager: Shutting down and abandoning module SmartSnapping (84)
[2015.02.04-20.27.54:659][791]LogModuleManager: Shutting down and abandoning module PaperTiledImporter (83)
[2015.02.04-20.27.54:659][791]LogModuleManager: Shutting down and abandoning module PaperJsonImporter (82)
[2015.02.04-20.27.54:659][791]LogModuleManager: Shutting down and abandoning module ContentBrowser (81)
[2015.02.04-20.27.54:659][791]LogModuleManager: Shutting down and abandoning module Paper2DEditor (80)
[2015.02.04-20.27.54:659][791]LogModuleManager: Shutting down and abandoning module VictoryBPLibrary (79)
[2015.02.04-20.27.54:659][791]LogModuleManager: Shutting down and abandoning module VictoryEdEngine (78)
[2015.02.04-20.27.54:659][791]LogModuleManager: Shutting down and abandoning module ScriptPlugin (77)
[2015.02.04-20.27.54:659][791]LogModuleManager: Shutting down and abandoning module UdpMessaging (76)
[2015.02.04-20.27.54:761][791]LogModuleManager: Shutting down and abandoning module Paper2D (75)
[2015.02.04-20.27.54:761][791]LogModuleManager: Shutting down and abandoning module UE4Game (74)
[2015.02.04-20.27.54:761][791]LogModuleManager: Shutting down and abandoning module WindowsMoviePlayer (73)
[2015.02.04-20.27.54:763][791]LogModuleManager: Shutting down and abandoning module Media (72)
[2015.02.04-20.27.54:763][791]LogModuleManager: Shutting down and abandoning module WmfMedia (71)
[2015.02.04-20.27.54:763][791]LogModuleManager: Shutting down and abandoning module OnlineBlueprintSupport (70)
[2015.02.04-20.27.54:763][791]LogModuleManager: Shutting down and abandoning module PropertyEditor (69)
[2015.02.04-20.27.54:763][791]LogModuleManager: Shutting down and abandoning module BehaviorTreeEditor (68)
[2015.02.04-20.27.54:763][791]LogModuleManager: Shutting down and abandoning module FunctionalTesting (67)
[2015.02.04-20.27.54:763][791]LogModuleManager: Shutting down and abandoning module CollisionAnalyzer (66)
[2015.02.04-20.27.54:763][791]LogModuleManager: Shutting down and abandoning module WorkspaceMenuStructure (65)
[2015.02.04-20.27.54:763][791]LogModuleManager: Shutting down and abandoning module MessageLog (64)
[2015.02.04-20.27.54:763][791]LogModuleManager: Shutting down and abandoning module Sequencer (63)
[2015.02.04-20.27.54:763][791]LogModuleManager: Shutting down and abandoning module AssetTools (62)
[2015.02.04-20.27.54:763][791]LogModuleManager: Shutting down and abandoning module UMGEditor (61)
[2015.02.04-20.27.54:763][791]LogModuleManager: Shutting down and abandoning module UMG (60)
[2015.02.04-20.27.54:763][791]LogModuleManager: Shutting down and abandoning module Slate (59)
[2015.02.04-20.27.54:763][791]LogModuleManager: Shutting down and abandoning module EditorStyle (58)
[2015.02.04-20.27.54:770][791]LogModuleManager: Shutting down and abandoning module SessionServices (57)
[2015.02.04-20.27.54:770][791]LogModuleManager: Shutting down and abandoning module SourceCodeAccess (56)
[2015.02.04-20.27.54:770][791]LogModuleManager: Shutting down and abandoning module HeadMountedDisplay (55)
[2015.02.04-20.27.54:770][791]LogModuleManager: Shutting down and abandoning module XAudio2 (54)
[2015.02.04-20.27.54:770][791]LogModuleManager: Shutting down and abandoning module Networking (52)
[2015.02.04-20.27.54:770][791]LogModuleManager: Shutting down and abandoning module Core (51)
[2015.02.04-20.27.54:770][791]LogModuleManager: Shutting down and abandoning module KismetCompiler (50)
[2015.02.04-20.27.54:770][791]LogModuleManager: Shutting down and abandoning module PhysXFormats (49)
[2015.02.04-20.27.54:770][791]LogModuleManager: Shutting down and abandoning module MeshUtilities (48)
[2015.02.04-20.27.54:770][791]LogModuleManager: Shutting down and abandoning module DerivedDataCache (47)
[2015.02.04-20.27.54:842][791]LogDerivedDataCache: Shutdown
[2015.02.04-20.27.54:842][791]LogModuleManager: Shutting down and abandoning module ShaderFormatOpenGL (46)
[2015.02.04-20.27.54:842][791]LogModuleManager: Shutting down and abandoning module ShaderFormatD3D (45)
[2015.02.04-20.27.54:842][791]LogModuleManager: Shutting down and abandoning module MetalShaderFormat (44)
[2015.02.04-20.27.54:842][791]LogModuleManager: Shutting down and abandoning module TextureFormatUncompressed (43)
[2015.02.04-20.27.54:842][791]LogModuleManager: Shutting down and abandoning module TextureFormatPVR (42)
[2015.02.04-20.27.54:842][791]LogModuleManager: Shutting down and abandoning module TextureFormatDXT (41)
[2015.02.04-20.27.54:842][791]LogModuleManager: Shutting down and abandoning module TextureFormatAndroid (40)
[2015.02.04-20.27.54:842][791]LogModuleManager: Shutting down and abandoning module AudioFormatOpus (39)
[2015.02.04-20.27.54:842][791]LogModuleManager: Shutting down and abandoning module AudioFormatOgg (38)
[2015.02.04-20.27.54:842][791]LogModuleManager: Shutting down and abandoning module AudioFormatADPCM (37)
[2015.02.04-20.27.54:842][791]LogModuleManager: Shutting down and abandoning module LinuxTargetPlatform (36)
[2015.02.04-20.27.54:842][791]LogModuleManager: Shutting down and abandoning module LinuxServerTargetPlatform (35)
[2015.02.04-20.27.54:842][791]LogModuleManager: Shutting down and abandoning module LinuxNoEditorTargetPlatform (34)
[2015.02.04-20.27.54:842][791]LogModuleManager: Shutting down and abandoning module Messaging (33)
[2015.02.04-20.27.54:842][791]LogModuleManager: Shutting down and abandoning module IOSTargetPlatform (32)
[2015.02.04-20.27.54:842][791]LogModuleManager: Shutting down and abandoning module Android_PVRTCTargetPlatform (31)
[2015.02.04-20.27.54:842][791]LogModuleManager: Shutting down and abandoning module Android_ETC2TargetPlatform (30)
[2015.02.04-20.27.54:842][791]LogModuleManager: Shutting down and abandoning module Android_ETC1TargetPlatform (29)
[2015.02.04-20.27.54:842][791]LogModuleManager: Shutting down and abandoning module Android_DXTTargetPlatform (28)
[2015.02.04-20.27.54:842][791]LogModuleManager: Shutting down and abandoning module Android_ATCTargetPlatform (27)
[2015.02.04-20.27.54:842][791]LogModuleManager: Shutting down and abandoning module AndroidTargetPlatform (26)
[2015.02.04-20.27.54:842][791]LogModuleManager: Shutting down and abandoning module WindowsTargetPlatform (25)
[2015.02.04-20.27.54:842][791]LogModuleManager: Shutting down and abandoning module WindowsServerTargetPlatform (24)
[2015.02.04-20.27.54:842][791]LogModuleManager: Shutting down and abandoning module WindowsNoEditorTargetPlatform (23)
[2015.02.04-20.27.54:842][791]LogModuleManager: Shutting down and abandoning module WindowsClientTargetPlatform (22)
[2015.02.04-20.27.54:842][791]LogModuleManager: Shutting down and abandoning module TargetPlatform (21)
[2015.02.04-20.27.54:842][791]LogModuleManager: Shutting down and abandoning module InputCore (20)
[2015.02.04-20.27.54:842][791]LogModuleManager: Shutting down and abandoning module Settings (19)
[2015.02.04-20.27.54:842][791]LogModuleManager: Shutting down and abandoning module ImageWrapper (18)
[2015.02.04-20.27.54:842][791]LogModuleManager: Shutting down and abandoning module OculusRift (15)
[2015.02.04-20.27.54:842][791]LogModuleManager: Shutting down and abandoning module ExampleDeviceProfileSelector (14)
[2015.02.04-20.27.54:842][791]LogModuleManager: Shutting down and abandoning module TextureCompressor (13)
[2015.02.04-20.27.54:842][791]LogModuleManager: Shutting down and abandoning module ShaderCore (12)
[2015.02.04-20.27.54:842][791]LogModuleManager: Shutting down and abandoning module Landscape (11)
[2015.02.04-20.27.54:842][791]LogModuleManager: Shutting down and abandoning module SlateRHIRenderer (10)
[2015.02.04-20.27.54:844][791]LogModuleManager: Shutting down and abandoning module OpenGLDrv (9)
[2015.02.04-20.27.54:844][791]LogModuleManager: Shutting down and abandoning module D3D11RHI (8)
[2015.02.04-20.27.54:844][791]LogModuleManager: Shutting down and abandoning module Renderer (7)
[2015.02.04-20.27.54:844][791]LogModuleManager: Shutting down and abandoning module Engine (6)
[2015.02.04-20.27.54:844][791]LogModuleManager: Shutting down and abandoning module CoreUObject (5)
[2015.02.04-20.27.54:844][791]LogModuleManager: Shutting down and abandoning module NetworkFile (4)
[2015.02.04-20.27.54:844][791]LogModuleManager: Shutting down and abandoning module StreamingFile (3)
[2015.02.04-20.27.54:844][791]LogModuleManager: Shutting down and abandoning module SandboxFile (2)
[2015.02.04-20.27.54:845][791]LogModuleManager: Shutting down and abandoning module PakFile (1)
[2015.02.04-20.27.54:845][791]LogExit: Exiting.
[2015.02.04-20.27.54:884][791]Log file closed, 02/04/15 15:27:54
