Log file open, 01/23/15 12:14:56
LogInit:Display: Running engine for game: KodainaKingdom
LogInit: Version: 4.6.1-2386410+++depot+UE4-Releases+4.6
LogInit: API Version: 2369412
LogInit: Compiled (64-bit): Dec 11 2014 21:31:39
LogInit: Compiled with Visual C++: 18.00.21005.01
LogInit: Build Configuration: Development
LogInit: Branch Name: ++depot+UE4-Releases+4.6
LogInit: Command line:  
LogInit: Base directory: C:/Program Files/Epic Games/4.6/Engine/Binaries/Win64/
LogInit: Rocket: 1
[2015.01.23-17.14.56:896][  0]LogTaskGraph: Started task graph with 3 named threads and 6 total threads.
[2015.01.23-17.14.56:950][  0]LogOnline:Warning: No default platform service specified for OnlineSubsystem
[2015.01.23-17.14.56:968][  0]LogInit: Presizing for 0 objects not considered by GC, pre-allocating 0 bytes.
[2015.01.23-17.14.56:977][  0]LogInit: Object subsystem initialized
[2015.01.23-17.14.56:978][  0]LogConsoleResponse:Warning: Skipping Unknown console variable: 'UIScaleRule = ShortestSide'
[2015.01.23-17.14.56:978][  0]LogConsoleResponse:Warning:   Found in ini file 'C:/Users/Zim/Documents/Unreal Projects/KodainaKingdom/Saved/Config/Windows/Engine.ini', in section '[/Script/Engine.RendererSettings]'
[2015.01.23-17.14.56:978][  0]LogConsoleResponse:Warning: Skipping Unknown console variable: 'UIScaleCurve = (EditorCurveData=(Keys=),ExternalCurve=None)'
[2015.01.23-17.14.56:978][  0]LogConsoleResponse:Warning:   Found in ini file 'C:/Users/Zim/Documents/Unreal Projects/KodainaKingdom/Saved/Config/Windows/Engine.ini', in section '[/Script/Engine.RendererSettings]'
[2015.01.23-17.14.56:979][  0]LogConsoleManager:Warning: Console variable 'r.MSAA.CompositingSampleCount' wasn't set (Priority ProjectSetting < Scalability)
[2015.01.23-17.14.56:979][  0]LogInit: Selected Device Profile: [Windows]
[2015.01.23-17.14.56:979][  0]LogInit: Applying CVar settings loaded from the selected device profile: [Windows]
[2015.01.23-17.14.56:985][  0]LogInit: Computer: SEAN
[2015.01.23-17.14.56:985][  0]LogInit: User: Zim
[2015.01.23-17.14.56:985][  0]LogInit: CPU Page size=4096, Cores=4
[2015.01.23-17.14.56:985][  0]LogInit: High frequency timer resolution =2.338451 MHz
[2015.01.23-17.14.56:985][  0]LogMemory: Memory total: Physical=15.9GB (16GB approx) Virtual=131072.0GB
[2015.01.23-17.14.56:986][  0]LogMemory: Platform Memory Stats for Windows
[2015.01.23-17.14.56:986][  0]LogMemory: Process Physical Memory: 49.20 MB used, 49.20 MB peak
[2015.01.23-17.14.56:986][  0]LogMemory: Process Virtual Memory: 25.11 MB used, 25.11 MB peak
[2015.01.23-17.14.56:986][  0]LogMemory: Physical Memory: 4153.87 MB used, 16331.28 MB total
[2015.01.23-17.14.56:986][  0]LogMemory: Virtual Memory: 271.84 MB used, 134217728.00 MB total
[2015.01.23-17.14.57:017][  0]LogD3D11RHI: Found D3D11 adapter 0: NVIDIA GeForce GT 750M   (Feature Level 11_0)
[2015.01.23-17.14.57:017][  0]LogD3D11RHI: Adapter has 1985MB of dedicated video memory, 0MB of dedicated system memory, and 2048MB of shared system memory, 1 output[s]
[2015.01.23-17.14.57:038][  0]LogD3D11RHI: Found D3D11 adapter 1: NVIDIA GeForce GT 750M   (Feature Level 11_0)
[2015.01.23-17.14.57:038][  0]LogD3D11RHI: Adapter has 1985MB of dedicated video memory, 0MB of dedicated system memory, and 2048MB of shared system memory, 0 output[s]
[2015.01.23-17.14.57:039][  0]LogD3D11RHI: Found D3D11 adapter 2: Microsoft Basic Render Driver (Feature Level 11_0)
[2015.01.23-17.14.57:039][  0]LogD3D11RHI: Adapter has 0MB of dedicated video memory, 0MB of dedicated system memory, and 256MB of shared system memory, 0 output[s]
[2015.01.23-17.14.57:039][  0]LogD3D11RHI: Chosen D3D11 Adapter Id = 0
[2015.01.23-17.14.57:042][  0]LogRHI: Texture pool is 1361 MB (70% of 1945 MB)
[2015.01.23-17.14.57:054][  0]LogD3D11RHI: Async texture creation enabled
[2015.01.23-17.14.57:115][  0]LogTextLocalizationManager: The requested culture ('en_US') has no localization data; parent culture's ('en') localization data will be used.
[2015.01.23-17.14.57:251][  0]LogContentStreaming: Texture pool size is 0.000000MB
[2015.01.23-17.15.02:710][  0]LogTargetPlatformManager:Display: Building Assets For Windows
[2015.01.23-17.15.03:114][  0]LogTargetPlatformManager:Display: Building Assets For Windows
[2015.01.23-17.15.03:164][  0]LogDerivedDataCache:Display: Max Cache Size: 512 MB
[2015.01.23-17.15.03:199][  0]LogDerivedDataCache: Loaded boot cache 0.03s 39MB C:/Users/Zim/AppData/Local/UnrealEngine/4.6/DerivedDataCache/Boot.ddc.
[2015.01.23-17.15.03:199][  0]LogDerivedDataCache:Display: Loaded Boot cache: C:/Users/Zim/AppData/Local/UnrealEngine/4.6/DerivedDataCache/Boot.ddc
[2015.01.23-17.15.03:199][  0]LogDerivedDataCache: FDerivedDataBackendGraph:  Pak pak cache file ../../../../../../Users/Zim/Documents/Unreal Projects/KodainaKingdom/DerivedDataCache/DDC.ddp not found, will not use a pak cache.
[2015.01.23-17.15.03:199][  0]LogDerivedDataCache: Unable to find inner node Pak for hierarchical cache Hierarchy.
[2015.01.23-17.15.03:266][  0]LogDerivedDataCache:Display: Pak cache opened for reading ../../../Engine/DerivedDataCache/DDC.ddp.
[2015.01.23-17.15.03:278][  0]LogDerivedDataCache: Using Local data cache path C:/Users/Zim/AppData/Local/UnrealEngine/Common/DerivedDataCache: Writable
[2015.01.23-17.15.03:402][  0]LogCollisionProfile:Warning: Profile (UI) - Custom Channel Name = 'Weapon' hasn't been found
[2015.01.23-17.15.03:541][  0]LogMeshUtilities: No automatic mesh reduction module available
[2015.01.23-17.15.03:541][  0]LogMeshUtilities: No automatic mesh merging module available
[2015.01.23-17.15.03:915][  0]LogInit: WinSock: version 1.1 (2.2), MaxSocks=32767, MaxUdp=65467
[2015.01.23-17.15.03:969][  0]LogSlate:Warning: Failed to load font data from '../../../Engine/Content/Slate/Fonts/Roboto-Italic.ttf'
[2015.01.23-17.15.04:676][  0]UdpMessaging: Initializing bridge on interface 0.0.0.0:0 to multicast group 230.0.0.1:6666.
[2015.01.23-17.15.04:826][  0]LogDirectoryWatcher:Warning: Failed to begin reading directory changes for C:/Users/Zim/Documents/Unreal Projects/KodainaKingdom/Binaries/Win64. Error: 0
[2015.01.23-17.15.04:958][  0]SourceControl: Info Source control is disabled
[2015.01.23-17.15.04:958][  0]SourceControl: Info Source control is disabled
[2015.01.23-17.15.04:964][  0]SourceControl: Info Source control is disabled
[2015.01.23-17.15.05:069][  0]LogObj: 23754 objects as part of root set at end of initial load.
[2015.01.23-17.15.05:069][  0]LogUObjectAllocator: 5168136 out of 0 bytes used by permanent object pool.
[2015.01.23-17.15.05:120][  0]LogEngine: Initializing Engine...
[2015.01.23-17.15.05:256][  0]LogInit: XAudio2 using 'Speakers (Realtek High Definition Audio)' : 2 channels at 48 kHz using 32 bits per sample (channel mask 0x3)
[2015.01.23-17.15.05:303][  0]LogInit: FAudioDevice initialized.
[2015.01.23-17.15.05:321][  0]LogAIModule: Creating AISystem for world NewWorld
[2015.01.23-17.15.05:339][  0]LogDerivedDataCache: Saved boot cache 0.02s 39MB C:/Users/Zim/AppData/Local/UnrealEngine/4.6/DerivedDataCache/Boot.ddc.
[2015.01.23-17.15.05:343][  0]LogInit: Texture streaming: Enabled
[2015.01.23-17.15.05:367][  0]LogAnalytics: Creating configured Analytics provider AnalyticsET
[2015.01.23-17.15.05:367][  0]LogAnalytics: ET APIKey = Rocket.Release. APIServer = http://et2.epicgames.com/ET2/. AppVersion = 4.6.1-2386410+++depot+UE4-Releases+4.6
[2015.01.23-17.15.05:368][  0]LogAnalytics: SetUserId e818845727fd16b7b8e647cd16e3db7c
[2015.01.23-17.15.05:368][  0]LogAnalytics: AnalyticsET::StartSession [Rocket.Release]
[2015.01.23-17.15.05:382][  0]LogInit: Transaction tracking system initialized
[2015.01.23-17.15.05:463][  0]BlueprintLog: New page: Editor Load
[2015.01.23-17.15.05:490][  0]LogAssetRegistry: FAssetRegistry took 0.0108 seconds to start up
[2015.01.23-17.15.05:490][  0]LogDirectoryWatcher:Warning: Failed to begin reading directory changes for ../../../Engine/Plugins/Experimental/CharacterAI/Content/. Error: 0
[2015.01.23-17.15.05:928][  0]LogTargetPlatformManager:Display: Building Assets For Windows
[2015.01.23-17.15.06:258][  0]LogTargetPlatformManager:Display: Building Assets For Windows
[2015.01.23-17.15.06:416][  0]LogConsoleResponse:Display: 
[2015.01.23-17.15.06:459][  0]LogLinker:Warning: Asset '../../../Engine/Content/Functions/Engine_MaterialFunctions03/Procedurals/ComputeFilterWidth.uasset' has been saved with empty engine version. The asset will be loaded but may be incompatible.
[2015.01.23-17.15.06:630][  0]SourceControl: Info Source control is disabled
[2015.01.23-17.15.06:630][  0]Cmd: MAP LOAD FILE="../../../../../../Users/Zim/Documents/Unreal Projects/KodainaKingdom/Content/Maps/TestLevel.umap" TEMPLATE=0 SHOWPROGRESS=1
[2015.01.23-17.15.06:631][  0]LightingResults: New page: Lighting Build
[2015.01.23-17.15.06:639][  0]MapCheck: New page: Map Check
[2015.01.23-17.15.06:639][  0]LightingResults: New page: Lighting Build
[2015.01.23-17.15.06:646][  0]LogParticles: Destroying 0 GPU particle simulations for FXSystem 0x0000004F4C399580
[2015.01.23-17.15.06:717][  0]LogEditorServer: Finished looking for orphan Actors (0.000 secs)
[2015.01.23-17.15.06:717][  0]LogAIModule: Creating AISystem for world TestLevel
[2015.01.23-17.15.06:717][  0]Cmd: MAP CHECKDEP
[2015.01.23-17.15.06:717][  0]MapCheck: New page: TestLevel - Jan 23, 2015, 7:15:06 AM
[2015.01.23-17.15.06:791][  0]MapCheck: Info Map check complete: 0 Error(s), 0 Warning(s), took 74.166ms to complete.
[2015.01.23-17.15.06:791][  0]LogFileHelpers: Loading map 'TestLevel' took 0.161
[2015.01.23-17.15.06:863][  0]LogCollectionManager: Loaded 0 collections in 0.000876 seconds
[2015.01.23-17.15.07:011][  0]LogCrashTracker: Crashtracker disabled due to settings.
[2015.01.23-17.15.07:017][  0]LogUObjectGlobals:Warning: Failed to find object 'Class None.'
[2015.01.23-17.15.07:042][  0]LogLoad: Full Startup: 12.08 seconds (BP compile: 0.01 seconds)
[2015.01.23-17.15.07:384][  0]LogContentBrowser:Verbose: The content browser source was changed by the sources view to '/Game/Blueprints'
[2015.01.23-17.15.07:515][  0]LogRenderer:Warning: Reallocating scene render targets to support 1200x896.
[2015.01.23-17.15.08:724][  4]LogAssetRegistry: Asset discovery search completed in 3.2452 seconds
[2015.01.23-17.15.18:679][242]LogWindows:Error: Windows GetLastError: The operation completed successfully. (0)
[2015.01.23-17.15.18:694][242]LogCrashTracker: 


[2015.01.23-17.15.19:154][242]LogCrashTracker: 


[2015.01.23-17.15.19:154][242]LogWindows: === Critical error: ===
Assertion failed: PreviousCDO != nullptr [File:D:\BuildFarm\buildmachine_++depot+UE4-Releases+4.6\Engine\Source\Editor\UnrealEd\Private\Kismet2\BlueprintEditorUtils.cpp] [Line: 1062] 



KERNELBASE.dll!UnknownFunction (0x00007ffb319f606c) + 0 bytes [UnknownFile:0]
UE4Editor-Core.dll!UnknownFunction (0x00007ffb0a702f7d) + 0 bytes [UnknownFile:0]
UE4Editor-Core.dll!UnknownFunction (0x00007ffb0a5960f8) + 0 bytes [UnknownFile:0]
UE4Editor-Core.dll!UnknownFunction (0x00007ffb0a579192) + 0 bytes [UnknownFile:0]
UE4Editor-UnrealEd.dll!UnknownFunction (0x00007ffb0464cde3) + 0 bytes [UnknownFile:0]
UE4Editor-UnrealEd.dll!UnknownFunction (0x00007ffb04649664) + 0 bytes [UnknownFile:0]
UE4Editor-UnrealEd.dll!UnknownFunction (0x00007ffb046466b8) + 0 bytes [UnknownFile:0]
UE4Editor-UnrealEd.dll!UnknownFunction (0x00007ffb0464cfe8) + 0 bytes [UnknownFile:0]
UE4Editor-CoreUObject.dll!UnknownFunction (0x00007ffb0a199070) + 0 bytes [UnknownFile:0]
UE4Editor-CoreUObject.dll!UnknownFunction (0x00007ffb0a1e7092) + 0 bytes [UnknownFile:0]
UE4Editor-CoreUObject.dll!UnknownFunction (0x00007ffb0a1e74db) + 0 bytes [UnknownFile:0]
UE4Editor-CoreUObject.dll!UnknownFunction (0x00007ffb0a2037eb) + 0 bytes [UnknownFile:0]
UE4Editor-CoreUObject.dll!UnknownFunction (0x00007ffb0a264985) + 0 bytes [UnknownFile:0]
UE4Editor-CoreUObject.dll!UnknownFunction (0x00007ffb0a22342f) + 0 bytes [UnknownFile:0]
UE4Editor-CoreUObject.dll!UnknownFunction (0x00007ffb0a222722) + 0 bytes [UnknownFile:0]
UE4Editor-CoreUObject.dll!UnknownFunction (0x00007ffb0a223792) + 0 bytes [UnknownFile:0]
UE4Editor-CoreUObject.dll!UnknownFunction (0x00007ffb0a222722) + 0 bytes [UnknownFile:0]
UE4Editor-CoreUObject.dll!UnknownFunction (0x00007ffb0a1e7cc4) + 0 bytes [UnknownFile:0]
UE4Editor-CoreUObject.dll!UnknownFunction (0x00007ffb0a201789) + 0 bytes [UnknownFile:0]
UE4Editor-CoreUObject.dll!UnknownFunction (0x00007ffb0a1d65b4) + 0 bytes [UnknownFile:0]
UE4Editor-CoreUObject.dll!UnknownFunction (0x00007ffb0a20b242) + 0 bytes [UnknownFile:0]
UE4Editor-CoreUObject.dll!UnknownFunction (0x00007ffb0a1603b4) + 0 bytes [UnknownFile:0]
UE4Editor-CoreUObject.dll!UnknownFunction (0x00007ffb0a1752d0) + 0 bytes [UnknownFile:0]
UE4Editor-CoreUObject.dll!UnknownFunction (0x00007ffb0a1e6f6c) + 0 bytes [UnknownFile:0]
UE4Editor-CoreUObject.dll!UnknownFunction (0x00007ffb0a1e74db) + 0 bytes [UnknownFile:0]
UE4Editor-CoreUObject.dll!UnknownFunction (0x00007ffb0a2037eb) + 0 bytes [UnknownFile:0]
UE4Editor-CoreUObject.dll!UnknownFunction (0x00007ffb0a264985) + 0 bytes [UnknownFile:0]
UE4Editor-CoreUObject.dll!UnknownFunction (0x00007ffb0a22342f) + 0 bytes [UnknownFile:0]
UE4Editor-CoreUObject.dll!UnknownFunction (0x00007ffb0a222722) + 0 bytes [UnknownFile:0]
UE4Editor-CoreUObject.dll!UnknownFunction (0x00007ffb0a223792) + 0 bytes [UnknownFile:0]
UE4Editor-CoreUObject.dll!UnknownFunction (0x00007ffb0a222722) + 0 bytes [UnknownFile:0]
UE4Editor-CoreUObject.dll!UnknownFunction (0x00007ffb0a1e7cc4) + 0 bytes [UnknownFile:0]
UE4Editor-CoreUObject.dll!UnknownFunction (0x00007ffb0a201789) + 0 bytes [UnknownFile:0]
UE4Editor-CoreUObject.dll!UnknownFunction (0x00007ffb0a1d65b4) + 0 bytes [UnknownFile:0]
UE4Editor-CoreUObject.dll!UnknownFunction (0x00007ffb0a20b242) + 0 bytes [UnknownFile:0]
UE4Editor-CoreUObject.dll!UnknownFunction (0x00007ffb0a1603b4) + 0 bytes [UnknownFile:0]
UE4Editor-CoreUObject.dll!UnknownFunction (0x00007ffb0a1752d0) + 0 bytes [UnknownFile:0]
UE4Editor-CoreUObject.dll!UnknownFunction (0x00007ffb0a1e6f6c) + 0 bytes [UnknownFile:0]
UE4Editor-CoreUObject.dll!UnknownFunction (0x00007ffb0a1e74db) + 0 bytes [UnknownFile:0]
UE4Editor-CoreUObject.dll!UnknownFunction (0x00007ffb0a2037eb) + 0 bytes [UnknownFile:0]
UE4Editor-CoreUObject.dll!UnknownFunction (0x00007ffb0a264985) + 0 bytes [UnknownFile:0]
UE4Editor-CoreUObject.dll!UnknownFunction (0x00007ffb0a22342f) + 0 bytes [UnknownFile:0]
UE4Editor-CoreUObject.dll!UnknownFunction (0x00007ffb0a222722) + 0 bytes [UnknownFile:0]
UE4Editor-CoreUObject.dll!UnknownFunction (0x00007ffb0a223792) + 0 bytes [UnknownFile:0]
UE4Editor-CoreUObject.dll!UnknownFunction (0x00007ffb0a222722) + 0 bytes [UnknownFile:0]
UE4Editor-CoreUObject.dll!UnknownFunction (0x00007ffb0a1e7cc4) + 0 bytes [UnknownFile:0]
UE4Editor-CoreUObject.dll!UnknownFunction (0x00007ffb0a201789) + 0 bytes [UnknownFile:0]
UE4Editor-CoreUObject.dll!UnknownFunction (0x00007ffb0a1d65b4) + 0 bytes [UnknownFile:0]
UE4Editor-Engine.dll!UnknownFunction (0x00007ffb05cff924) + 0 bytes [UnknownFile:0]
UE4Editor-CoreUObject.dll!UnknownFunction (0x00007ffb0a27bd93) + 0 bytes [UnknownFile:0]
UE4Editor-CoreUObject.dll!UnknownFunction (0x00007ffb0a1adcba) + 0 bytes [UnknownFile:0]
UE4Editor-CoreUObject.dll!UnknownFunction (0x00007ffb0a1ad642) + 0 bytes [UnknownFile:0]
UE4Editor-CoreUObject.dll!UnknownFunction (0x00007ffb0a27be20) + 0 bytes [UnknownFile:0]
UE4Editor-CoreUObject.dll!UnknownFunction (0x00007ffb0a2199aa) + 0 bytes [UnknownFile:0]
UE4Editor-CoreUObject.dll!UnknownFunction (0x00007ffb0a1adcba) + 0 bytes [UnknownFile:0]
UE4Editor-CoreUObject.dll!UnknownFunction (0x00007ffb0a1ad642) + 0 bytes [UnknownFile:0]
UE4Editor-CoreUObject.dll!UnknownFunction (0x00007ffb0a21a94c) + 0 bytes [UnknownFile:0]
UE4Editor-CoreUObject.dll!UnknownFunction (0x00007ffb0a218a46) + 0 bytes [UnknownFile:0]
UE4Editor-Engine.dll!UnknownFunction (0x00007ffb05359835) + 0 bytes [UnknownFile:0]
UE4Editor-Engine.dll!UnknownFunction (0x00007ffb0535938b) + 0 bytes [UnknownFile:0]
UE4Editor-CoreUObject.dll!UnknownFunction (0x00007ffb0a20b242) + 0 bytes [UnknownFile:0]
UE4Editor-CoreUObject.dll!UnknownFunction (0x00007ffb0a199056) + 0 bytes [UnknownFile:0]
UE4Editor-CoreUObject.dll!UnknownFunction (0x00007ffb0a1e7092) + 0 bytes [UnknownFile:0]
UE4Editor-CoreUObject.dll!UnknownFunction (0x00007ffb0a1e74db) + 0 bytes [UnknownFile:0]
UE4Editor-CoreUObject.dll!UnknownFunction (0x00007ffb0a2037eb) + 0 bytes [UnknownFile:0]
UE4Editor-CoreUObject.dll!UnknownFunction (0x00007ffb0a264985) + 0 bytes [UnknownFile:0]
UE4Editor-CoreUObject.dll!UnknownFunction (0x00007ffb0a22342f) + 0 bytes [UnknownFile:0]
UE4Editor-CoreUObject.dll!UnknownFunction (0x00007ffb0a222722) + 0 bytes [UnknownFile:0]
UE4Editor-CoreUObject.dll!UnknownFunction (0x00007ffb0a223792) + 0 bytes [UnknownFile:0]
UE4Editor-CoreUObject.dll!UnknownFunction (0x00007ffb0a222722) + 0 bytes [UnknownFile:0]
UE4Editor-CoreUObject.dll!UnknownFunction (0x00007ffb0a1e7cc4) + 0 bytes [UnknownFile:0]
UE4Editor-CoreUObject.dll!UnknownFunction (0x00007ffb0a201789) + 0 bytes [UnknownFile:0]
UE4Editor-CoreUObject.dll!UnknownFunction (0x00007ffb0a1d65b4) + 0 bytes [UnknownFile:0]
UE4Editor-CoreUObject.dll!UnknownFunction (0x00007ffb0a20b242) + 0 bytes [UnknownFile:0]
UE4Editor-CoreUObject.dll!UnknownFunction (0x00007ffb0a18cafd) + 0 bytes [UnknownFile:0]
UE4Editor-CoreUObject.dll!UnknownFunction (0x00007ffb0a18c7fe) + 0 bytes [UnknownFile:0]
UE4Editor-CoreUObject.dll!UnknownFunction (0x00007ffb0a1a8496) + 0 bytes [UnknownFile:0]
UE4Editor-CoreUObject.dll!UnknownFunction (0x00007ffb0a1a7bea) + 0 bytes [UnknownFile:0]
UE4Editor-CoreUObject.dll!UnknownFunction (0x00007ffb0a20b242) + 0 bytes [UnknownFile:0]
UE4Editor-CoreUObject.dll!UnknownFunction (0x00007ffb0a18cafd) + 0 bytes [UnknownFile:0]
UE4Editor-CoreUObject.dll!UnknownFunction (0x00007ffb0a18c245) + 0 bytes [UnknownFile:0]
UE4Editor-Engine.dll!UnknownFunction (0x00007ffb05347593) + 0 bytes [UnknownFile:0]
UE4Editor-UMG.dll!UnknownFunction (0x00007ffafdffb8cf) + 0 bytes [UnknownFile:0]
UE4Editor-CoreUObject.dll!UnknownFunction (0x00007ffb0a1a7489) + 0 bytes [UnknownFile:0]
UE4Editor-CoreUObject.dll!UnknownFunction (0x00007ffb0a20b242) + 0 bytes [UnknownFile:0]
UE4Editor-CoreUObject.dll!UnknownFunction (0x00007ffb0a1e724c) + 0 bytes [UnknownFile:0]
UE4Editor-CoreUObject.dll!UnknownFunction (0x00007ffb0a201714) + 0 bytes [UnknownFile:0]
UE4Editor-CoreUObject.dll!UnknownFunction (0x00007ffb0a1e6a97) + 0 bytes [UnknownFile:0]
UE4Editor-CoreUObject.dll!UnknownFunction (0x00007ffb0a1e74db) + 0 bytes [UnknownFile:0]
UE4Editor-CoreUObject.dll!UnknownFunction (0x00007ffb0a2037eb) + 0 bytes [UnknownFile:0]
UE4Editor-CoreUObject.dll!UnknownFunction (0x00007ffb0a264985) + 0 bytes [UnknownFile:0]
UE4Editor-CoreUObject.dll!UnknownFunction (0x00007ffb0a22342f) + 0 bytes [UnknownFile:0]
UE4Editor-CoreUObject.dll!UnknownFunction (0x00007ffb0a222722) + 0 bytes [UnknownFile:0]
UE4Editor-CoreUObject.dll!UnknownFunction (0x00007ffb0a223792) + 0 bytes [UnknownFile:0]
UE4Editor-CoreUObject.dll!UnknownFunction (0x00007ffb0a222722) + 0 bytes [UnknownFile:0]
UE4Editor-CoreUObject.dll!UnknownFunction (0x00007ffb0a1e7cc4) + 0 bytes [UnknownFile:0]
UE4Editor-CoreUObject.dll!UnknownFunction (0x00007ffb0a201789) + 0 bytes [UnknownFile:0]
UE4Editor-CoreUObject.dll!UnknownFunction (0x00007ffb0a1d65b4) + 0 bytes [UnknownFile:0]
UE4Editor-CoreUObject.dll!UnknownFunction (0x00007ffb0a20b242) + 0 bytes [UnknownFile:0]
UE4Editor-CoreUObject.dll!UnknownFunction (0x00007ffb0a1603b4) + 0 bytes [UnknownFile:0]
UnknownModule!UnknownFunction (0x0000b70a61a3cd98) + 0 bytes [UnknownFile:0]


[2015.01.23-17.15.19:320][242]LogExit: Executing StaticShutdownAfterError
[2015.01.23-17.15.19:324][242]LogWindows: FPlatformMisc::RequestExit(1)
[2015.01.23-17.15.19:324][242]Log file closed, 01/23/15 12:15:19
