Log file open, 01/21/15 00:18:33
LogInit:Display: Running engine for game: KodainaKingdom
LogInit: Version: 4.6.1-2386410+++depot+UE4-Releases+4.6
LogInit: API Version: 2369412
LogInit: Compiled (64-bit): Dec 11 2014 21:31:39
LogInit: Compiled with Visual C++: 18.00.21005.01
LogInit: Build Configuration: Development
LogInit: Branch Name: ++depot+UE4-Releases+4.6
LogInit: Command line:  
LogInit: Base directory: C:/Program Files/UE45/Epic Games/4.6/Engine/Binaries/Win64/
LogInit: Rocket: 1
[2015.01.21-05.18.33:572][  0]LogTaskGraph: Started task graph with 3 named threads and 6 total threads.
[2015.01.21-05.18.33:632][  0]LogOnline:Warning: No default platform service specified for OnlineSubsystem
[2015.01.21-05.18.33:693][  0]LogInit: Presizing for 0 objects not considered by GC, pre-allocating 0 bytes.
[2015.01.21-05.18.33:701][  0]LogInit: Object subsystem initialized
[2015.01.21-05.18.33:702][  0]LogConsoleResponse:Warning: Skipping Unknown console variable: 'UIScaleRule = ShortestSide'
[2015.01.21-05.18.33:702][  0]LogConsoleResponse:Warning:   Found in ini file 'C:/Users/Owner/Documents/Unreal Projects/Kodaina/Saved/Config/Windows/Engine.ini', in section '[/Script/Engine.RendererSettings]'
[2015.01.21-05.18.33:702][  0]LogConsoleResponse:Warning: Skipping Unknown console variable: 'UIScaleCurve = (EditorCurveData=(Keys=),ExternalCurve=None)'
[2015.01.21-05.18.33:702][  0]LogConsoleResponse:Warning:   Found in ini file 'C:/Users/Owner/Documents/Unreal Projects/Kodaina/Saved/Config/Windows/Engine.ini', in section '[/Script/Engine.RendererSettings]'
[2015.01.21-05.18.33:703][  0]LogConsoleManager:Warning: Console variable 'r.MSAA.CompositingSampleCount' wasn't set (Priority ProjectSetting < Scalability)
[2015.01.21-05.18.33:703][  0]LogInit: Selected Device Profile: [Windows]
[2015.01.21-05.18.33:703][  0]LogInit: Applying CVar settings loaded from the selected device profile: [Windows]
[2015.01.21-05.18.33:712][  0]LogInit: Computer: ASUS
[2015.01.21-05.18.33:712][  0]LogInit: User: Owner
[2015.01.21-05.18.33:712][  0]LogInit: CPU Page size=4096, Cores=4
[2015.01.21-05.18.33:712][  0]LogInit: High frequency timer resolution =2.338333 MHz
[2015.01.21-05.18.33:712][  0]LogMemory: Memory total: Physical=15.9GB (16GB approx) Virtual=131072.0GB
[2015.01.21-05.18.33:712][  0]LogMemory: Platform Memory Stats for Windows
[2015.01.21-05.18.33:712][  0]LogMemory: Process Physical Memory: 48.85 MB used, 48.85 MB peak
[2015.01.21-05.18.33:712][  0]LogMemory: Process Virtual Memory: 25.05 MB used, 25.05 MB peak
[2015.01.21-05.18.33:712][  0]LogMemory: Physical Memory: 4159.49 MB used, 16267.18 MB total
[2015.01.21-05.18.33:712][  0]LogMemory: Virtual Memory: 270.96 MB used, 134217728.00 MB total
[2015.01.21-05.18.33:911][  0]LogD3D11RHI: Found D3D11 adapter 0: Intel(R) HD Graphics 4600 (Feature Level 11_0)
[2015.01.21-05.18.33:911][  0]LogD3D11RHI: Adapter has 32MB of dedicated video memory, 0MB of dedicated system memory, and 1760MB of shared system memory, 1 output[s]
[2015.01.21-05.18.33:924][  0]LogD3D11RHI: Found D3D11 adapter 1: NVIDIA GeForce GT 750M (Feature Level 11_0)
[2015.01.21-05.18.33:924][  0]LogD3D11RHI: Adapter has 1988MB of dedicated video memory, 0MB of dedicated system memory, and 2048MB of shared system memory, 0 output[s]
[2015.01.21-05.18.33:927][  0]LogD3D11RHI: Found D3D11 adapter 2: Microsoft Basic Render Driver (Feature Level 11_0)
[2015.01.21-05.18.33:927][  0]LogD3D11RHI: Adapter has 0MB of dedicated video memory, 0MB of dedicated system memory, and 256MB of shared system memory, 0 output[s]
[2015.01.21-05.18.33:927][  0]LogD3D11RHI: Chosen D3D11 Adapter Id = 0
[2015.01.21-05.18.33:936][  0]LogRHI: Texture pool is 1361 MB (70% of 1945 MB)
[2015.01.21-05.18.33:949][  0]LogD3D11RHI: Async texture creation enabled
[2015.01.21-05.18.34:118][  0]LogTextLocalizationManager: The requested culture ('en_US') has no localization data; parent culture's ('en') localization data will be used.
[2015.01.21-05.18.34:250][  0]LogContentStreaming: Texture pool size is 0.000000MB
[2015.01.21-05.18.40:180][  0]LogTargetPlatformManager:Display: Building Assets For Windows
[2015.01.21-05.18.40:900][  0]LogTargetPlatformManager:Display: Building Assets For Windows
[2015.01.21-05.18.40:987][  0]LogDerivedDataCache:Display: Max Cache Size: 512 MB
[2015.01.21-05.18.41:039][  0]LogDerivedDataCache: Loaded boot cache 0.05s 39MB C:/Users/Owner/AppData/Local/UnrealEngine/4.6/DerivedDataCache/Boot.ddc.
[2015.01.21-05.18.41:039][  0]LogDerivedDataCache:Display: Loaded Boot cache: C:/Users/Owner/AppData/Local/UnrealEngine/4.6/DerivedDataCache/Boot.ddc
[2015.01.21-05.18.41:039][  0]LogDerivedDataCache: FDerivedDataBackendGraph:  Pak pak cache file ../../../../../../../Users/Owner/Documents/Unreal Projects/Kodaina/DerivedDataCache/DDC.ddp not found, will not use a pak cache.
[2015.01.21-05.18.41:039][  0]LogDerivedDataCache: Unable to find inner node Pak for hierarchical cache Hierarchy.
[2015.01.21-05.18.41:099][  0]LogDerivedDataCache:Display: Pak cache opened for reading ../../../Engine/DerivedDataCache/DDC.ddp.
[2015.01.21-05.18.41:112][  0]LogDerivedDataCache: Using Local data cache path C:/Users/Owner/AppData/Local/UnrealEngine/Common/DerivedDataCache: Writable
[2015.01.21-05.18.41:296][  0]LogCollisionProfile:Warning: Profile (UI) - Custom Channel Name = 'Weapon' hasn't been found
[2015.01.21-05.18.41:464][  0]LogMeshUtilities: No automatic mesh reduction module available
[2015.01.21-05.18.41:464][  0]LogMeshUtilities: No automatic mesh merging module available
[2015.01.21-05.18.41:969][  0]LogInit: WinSock: version 1.1 (2.2), MaxSocks=32767, MaxUdp=65467
[2015.01.21-05.18.42:097][  0]LogSlate:Warning: Failed to load font data from '../../../Engine/Content/Slate/Fonts/Roboto-Italic.ttf'
[2015.01.21-05.18.43:474][  0]UdpMessaging: Initializing bridge on interface 0.0.0.0:0 to multicast group 230.0.0.1:6666.
[2015.01.21-05.18.43:835][  0]LogDirectoryWatcher:Warning: Failed to begin reading directory changes for C:/Users/Owner/Documents/Unreal Projects/Kodaina/Binaries/Win64. Error: 0
[2015.01.21-05.18.44:076][  0]SourceControl: Info Source control is disabled
[2015.01.21-05.18.44:076][  0]SourceControl: Info Source control is disabled
[2015.01.21-05.18.44:088][  0]SourceControl: Info Source control is disabled
[2015.01.21-05.18.44:393][  0]LogObj: 23754 objects as part of root set at end of initial load.
[2015.01.21-05.18.44:393][  0]LogUObjectAllocator: 5168136 out of 0 bytes used by permanent object pool.
[2015.01.21-05.18.44:482][  0]LogEngine: Initializing Engine...
[2015.01.21-05.18.44:631][  0]LogInit: XAudio2 using 'Speakers (2- M-Audio Micro)' : 2 channels at 44.1 kHz using 16 bits per sample (channel mask 0x3)
[2015.01.21-05.18.44:639][  0]LogInit: FAudioDevice initialized.
[2015.01.21-05.18.44:676][  0]LogAIModule: Creating AISystem for world NewWorld
[2015.01.21-05.18.44:696][  0]LogDerivedDataCache: Saved boot cache 0.02s 39MB C:/Users/Owner/AppData/Local/UnrealEngine/4.6/DerivedDataCache/Boot.ddc.
[2015.01.21-05.18.44:699][  0]LogInit: Texture streaming: Enabled
[2015.01.21-05.18.44:760][  0]LogAnalytics: Creating configured Analytics provider AnalyticsET
[2015.01.21-05.18.44:760][  0]LogAnalytics: ET APIKey = Rocket.Release. APIServer = http://et2.epicgames.com/ET2/. AppVersion = 4.6.1-2386410+++depot+UE4-Releases+4.6
[2015.01.21-05.18.44:761][  0]LogAnalytics: SetUserId d53fbd01599cddc5eda2e5a33cd9f114
[2015.01.21-05.18.44:761][  0]LogAnalytics: AnalyticsET::StartSession [Rocket.Release]
[2015.01.21-05.18.44:788][  0]LogInit: Transaction tracking system initialized
[2015.01.21-05.18.44:993][  0]BlueprintLog: New page: Editor Load
[2015.01.21-05.18.45:067][  0]LogAssetRegistry: FAssetRegistry took 0.0107 seconds to start up
[2015.01.21-05.18.45:067][  0]LogDirectoryWatcher:Warning: Failed to begin reading directory changes for ../../../Engine/Plugins/Experimental/CharacterAI/Content/. Error: 0
[2015.01.21-05.18.45:896][  0]LogTargetPlatformManager:Display: Building Assets For Windows
[2015.01.21-05.18.46:368][  0]LogTargetPlatformManager:Display: Building Assets For Windows
[2015.01.21-05.18.46:781][  0]LogConsoleResponse:Display: 
[2015.01.21-05.18.46:838][  0]LogLinker:Warning: Asset '../../../Engine/Content/Functions/Engine_MaterialFunctions03/Procedurals/ComputeFilterWidth.uasset' has been saved with empty engine version. The asset will be loaded but may be incompatible.
[2015.01.21-05.18.47:203][  0]SourceControl: Info Source control is disabled
[2015.01.21-05.18.47:203][  0]Cmd: MAP LOAD FILE="../../../../../../../Users/Owner/Documents/Unreal Projects/Kodaina/Content/Maps/TestLevel.umap" TEMPLATE=0 SHOWPROGRESS=1
[2015.01.21-05.18.47:204][  0]LightingResults: New page: Lighting Build
[2015.01.21-05.18.47:224][  0]MapCheck: New page: Map Check
[2015.01.21-05.18.47:224][  0]LightingResults: New page: Lighting Build
[2015.01.21-05.18.47:236][  0]LogParticles: Destroying 0 GPU particle simulations for FXSystem 0x00000035E7075940
[2015.01.21-05.18.47:356][  0]LogEditorServer: Finished looking for orphan Actors (0.000 secs)
[2015.01.21-05.18.47:356][  0]LogAIModule: Creating AISystem for world TestLevel
[2015.01.21-05.18.47:356][  0]Cmd: MAP CHECKDEP
[2015.01.21-05.18.47:356][  0]MapCheck: New page: TestLevel - Jan 20, 2015, 7:18:47 PM
[2015.01.21-05.18.47:538][  0]MapCheck: Info Map check complete: 0 Error(s), 0 Warning(s), took 181.582ms to complete.
[2015.01.21-05.18.47:538][  0]LogFileHelpers: Loading map 'TestLevel' took 0.335
[2015.01.21-05.18.47:648][  0]LogCollectionManager: Loaded 0 collections in 0.001589 seconds
[2015.01.21-05.18.47:915][  0]LogCrashTracker: Crashtracker disabled due to settings.
[2015.01.21-05.18.47:924][  0]LogUObjectGlobals:Warning: Failed to find object 'Class None.'
[2015.01.21-05.18.47:959][  0]LogLoad: Full Startup: 16.78 seconds (BP compile: 0.03 seconds)
[2015.01.21-05.18.48:301][  0]LogContentBrowser:Verbose: The content browser source was changed by the sources view to '/Game/Blueprints'
[2015.01.21-05.18.48:439][  0]LogRenderer:Warning: Reallocating scene render targets to support 1200x904.
[2015.01.21-05.18.50:299][  6]LogAssetRegistry: Asset discovery search completed in 5.2433 seconds
[2015.01.21-05.19.13:124][725]LogEditorViewport: Clicking on Actor (LMB): PaperSpriteActor (Sky)
[2015.01.21-05.19.13:138][725]LogPropertyNode:Warning: UI Min (0.001) >= UI Max () for Ranged Numeric
[2015.01.21-05.19.13:990][769]LogEditorViewport: Clicking on Actor (LMB): SlotMachineBlueprint_C (KeepingThisIfYouWantIt)
[2015.01.21-05.19.16:226][865]LogEditorViewport: Clicking on Actor (LMB): PaperSpriteActor (Sky)
[2015.01.21-05.19.16:240][865]LogPropertyNode:Warning: UI Min (0.001) >= UI Max () for Ranged Numeric
[2015.01.21-05.20.56:169][656]BlueprintLog: New page: Compile SlotMachineBlueprint
[2015.01.21-05.20.56:251][656]BlueprintEditorCompileResults: Info [0145.08] Compile of SlotMachineBlueprint successful! [in 77 ms]
[2015.01.21-05.21.03:191][873]LogPropertyNode:Warning: UI Min (0.001) >= UI Max () for Ranged Numeric
[2015.01.21-05.21.03:192][873]LogPropertyNode:Warning: UI Min (0.001) >= UI Max () for Ranged Numeric
[2015.01.21-05.21.03:256][873]LogPropertyNode:Warning: UI Min (0.001) >= UI Max () for Ranged Numeric
[2015.01.21-05.21.03:257][873]LogPropertyNode:Warning: UI Min (0.001) >= UI Max () for Ranged Numeric
[2015.01.21-05.21.19:880][252]LogUObjectGlobals:Warning: Failed to find object 'Object None.'
[2015.01.21-05.21.19:880][252]LogUObjectGlobals:Warning: Failed to find object 'Object None.'
[2015.01.21-05.21.19:880][252]LogUObjectHash:Warning: Ambiguous search, could be K2Node_DynamicCast /Game/Blueprints/SlotMachineBlueprint.SlotMachineBlueprint:EventGraph.K2Node_DynamicCast_389 or K2Node_DynamicCast /Game/Blueprints/MyCharacter.MyCharacter:EventGraph.K2Node_DynamicCast_389
[2015.01.21-05.21.19:880][252]LogProperty:Warning: Illegal TEXT reference to a private object in external package (EdGraphPin /Game/Blueprints/MyCharacter.MyCharacter:EventGraph.K2Node_DynamicCast_389.EdGraphPin_14459) from referencer (EdGraphPin /Game/Blueprints/SlotMachineBlueprint.SlotMachineBlueprint:EventGraph.K2Node_CallFunction_2053.EdGraphPin_14455).  Import failed...
[2015.01.21-05.21.19:880][252]LogProperty:Warning: ObjectProperty /Script/Engine.EdGraphPin:LinkedTo.LinkedTo: unresolved reference to 'EdGraphPin'"K2Node_DynamicCast_389.EdGraphPin_14459"''
[2015.01.21-05.21.24:481][395]BlueprintLog: New page: Compile SlotMachineBlueprint
[2015.01.21-05.21.24:537][395]LogActorComponent: UnregisterComponent: (/Engine/Transient.CharacterMovementComponent_0) Not registered. Aborting.
[2015.01.21-05.21.24:557][395]LogParticles: Destroying 0 GPU particle simulations for FXSystem 0x00000035E7606A20
[2015.01.21-05.21.24:558][395]LogParticles: Destroying 0 GPU particle simulations for FXSystem 0x00000035F5D30540
[2015.01.21-05.21.24:575][395]BlueprintEditorCompileResults: Info [0173.40] Compile of SlotMachineBlueprint successful! [in 89 ms]
[2015.01.21-05.21.55:387][234]BlueprintLog: New page: Compile SlotMachineBlueprint
[2015.01.21-05.21.55:492][234]BlueprintEditorCompileResults: Info [0204.32] Compile of SlotMachineBlueprint successful! [in 99 ms]
[2015.01.21-05.21.56:201][247]Cmd: OBJ SAVEPACKAGE PACKAGE="/Game/Maps/TestLevel" FILE="../../../../../../../Users/Owner/Documents/Unreal Projects/Kodaina/Content/Maps/TestLevel.umap" SILENT=true AUTOSAVING=false KEEPDIRTY=false
[2015.01.21-05.21.56:383][247]LogSavePackage: Save=16.434786ms
[2015.01.21-05.21.56:383][247]LogSavePackage: Moving '../../../../../../../Users/Owner/Documents/Unreal Projects/Kodaina/Saved/TestLevel40AC93D84439C618A43E4B9AC1A46DD2.tmp' to '../../../../../../../Users/Owner/Documents/Unreal Projects/Kodaina/Content/Maps/TestLevel.umap'
[2015.01.21-05.21.56:468][247]LogFileHelpers: Saving map 'TestLevel' took 0.485
[2015.01.21-05.21.56:483][247]Cmd: OBJ SAVEPACKAGE PACKAGE="/Game/Blueprints/SlotMachineBlueprint" FILE="../../../../../../../Users/Owner/Documents/Unreal Projects/Kodaina/Content/Blueprints/SlotMachineBlueprint.uasset" SILENT=true
[2015.01.21-05.21.56:847][247]LogSavePackage: Save=213.269882ms
[2015.01.21-05.21.56:848][247]LogSavePackage: Moving '../../../../../../../Users/Owner/Documents/Unreal Projects/Kodaina/Saved/SlotMachineBlueprintA8253F35434CF2F5A359A6BF1EDFF302.tmp' to '../../../../../../../Users/Owner/Documents/Unreal Projects/Kodaina/Content/Blueprints/SlotMachineBlueprint.uasset'
[2015.01.21-05.21.56:868][247]Cmd: OBJ SAVEPACKAGE PACKAGE="/Game/Blueprints/MyCharacter" FILE="../../../../../../../Users/Owner/Documents/Unreal Projects/Kodaina/Content/Blueprints/MyCharacter.uasset" SILENT=true
[2015.01.21-05.21.57:284][247]LogSavePackage: Save=275.012146ms
[2015.01.21-05.21.57:284][247]LogSavePackage: Moving '../../../../../../../Users/Owner/Documents/Unreal Projects/Kodaina/Saved/MyCharacter8D5A5C484FD46B7B15CF4C82D58C5187.tmp' to '../../../../../../../Users/Owner/Documents/Unreal Projects/Kodaina/Content/Blueprints/MyCharacter.uasset'
[2015.01.21-05.21.58:967][319]BlueprintLog: New page: Pre-PIE auto-recompile
[2015.01.21-05.21.58:970][319]LogPlayLevel: [PIE] Compiling Tutorial_BP_MacroLib before PIE...
[2015.01.21-05.21.59:045][319]LogPropertyNode:Warning: UI Min (0.001) >= UI Max () for Ranged Numeric
[2015.01.21-05.21.59:046][319]LogPropertyNode:Warning: UI Min (0.001) >= UI Max () for Ranged Numeric
[2015.01.21-05.21.59:064][319]LogActorComponent: UnregisterComponent: (/Engine/Transient.CharacterMovementComponent_1) Not registered. Aborting.
[2015.01.21-05.21.59:070][319]LogPlayLevel: [PIE] Compiling MyCharacter before PIE...
[2015.01.21-05.21.59:190][319]LogPropertyNode:Warning: UI Min (0.001) >= UI Max () for Ranged Numeric
[2015.01.21-05.21.59:191][319]LogPropertyNode:Warning: UI Min (0.001) >= UI Max () for Ranged Numeric
[2015.01.21-05.21.59:276][319]LogPropertyNode:Warning: UI Min (0.001) >= UI Max () for Ranged Numeric
[2015.01.21-05.21.59:277][319]LogPropertyNode:Warning: UI Min (0.001) >= UI Max () for Ranged Numeric
[2015.01.21-05.21.59:343][319]LogPlayLevel: [PIE] Compiling TestLevel before PIE...
[2015.01.21-05.21.59:405][319]LogPlayLevel: [PIE] Compiling SlotMachineBlueprint before PIE...
[2015.01.21-05.21.59:482][319]LogPlayLevel: [PIE] Compiling MyHud before PIE...
[2015.01.21-05.21.59:553][319]LogPropertyNode:Warning: UI Min (0.001) >= UI Max () for Ranged Numeric
[2015.01.21-05.21.59:554][319]LogPropertyNode:Warning: UI Min (0.001) >= UI Max () for Ranged Numeric
[2015.01.21-05.21.59:618][319]LogPlayLevel: PIE:  Blueprint regeneration took 650 ms (5 blueprints)
[2015.01.21-05.21.59:618][319]PIE: New page: PIE session: TestLevel (Jan 20, 2015, 7:21:59 PM)
[2015.01.21-05.21.59:622][319]LogPlayLevel: PIE: StaticDuplicateObject took: (0.003456s)
[2015.01.21-05.21.59:624][319]LogPlayLevel: PIE: World Init took: (0.001829s)
[2015.01.21-05.21.59:624][319]LogPlayLevel: PIE: Created PIE world by copying editor world from /Game/Maps/TestLevel.TestLevel to /Game/Maps/UEDPIE_0_TestLevel.TestLevel (0.005612s)
[2015.01.21-05.21.59:677][319]LogWorld: Game class is 'Kodaina_C'
[2015.01.21-05.21.59:679][319]LogAIModule: Creating AISystem for world TestLevel
[2015.01.21-05.21.59:680][319]LogWorld: Bringing World /Game/Maps/UEDPIE_0_TestLevel.TestLevel up for play (max tick rate 60) at 2015.01.21-00.21.59
[2015.01.21-05.21.59:680][319]LogWorld: Bringing up level for play took: 0.001113
[2015.01.21-05.21.59:682][319]PIE: Info Play in editor start time for /Game/Maps/UEDPIE_0_TestLevel 1.346
[2015.01.21-05.22.27:923][740]LogPropertyNode:Warning: UI Min (0.001) >= UI Max () for Ranged Numeric
[2015.01.21-05.22.27:934][740]LogActorComponent: UnregisterComponent: (/Engine/Transient.CharacterMovementComponent_2) Not registered. Aborting.
[2015.01.21-05.22.27:960][740]LogParticles: Destroying 0 GPU particle simulations for FXSystem 0x00000035F622B6A0
[2015.01.21-05.22.28:816][767]Cmd: OBJ SAVEPACKAGE PACKAGE="/Game/Maps/TestLevel" FILE="../../../../../../../Users/Owner/Documents/Unreal Projects/Kodaina/Content/Maps/TestLevel.umap" SILENT=true AUTOSAVING=false KEEPDIRTY=false
[2015.01.21-05.22.29:005][767]LogSavePackage: Save=17.717751ms
[2015.01.21-05.22.29:005][767]LogSavePackage: Moving '../../../../../../../Users/Owner/Documents/Unreal Projects/Kodaina/Saved/TestLevel681C08034217B614B153888A3DB2D388.tmp' to '../../../../../../../Users/Owner/Documents/Unreal Projects/Kodaina/Content/Maps/TestLevel.umap'
[2015.01.21-05.22.29:095][767]LogFileHelpers: Saving map 'TestLevel' took 0.500
[2015.01.21-05.23.29:550][ 13]LogEditorViewport: Clicking on Actor (LMB): SlotMachineBlueprint_C (KeepingThisIfYouWantIt)
[2015.01.21-05.23.30:493][ 59]Cmd: DELETE
[2015.01.21-05.23.30:493][ 59]Cmd: ACTOR DELETE
[2015.01.21-05.23.30:494][ 59]LogEditorActor: Deleted Actor: SlotMachineBlueprint_C
[2015.01.21-05.23.30:494][ 59]LogActorComponent: UnregisterComponent: (/Engine/Transient.CharacterMovementComponent_3) Not registered. Aborting.
[2015.01.21-05.23.30:526][ 59]LogEditorActor: Deleted 1 Actors (0.033 secs)
[2015.01.21-05.23.47:444][705]LogActorComponent: UnregisterComponent: (/Engine/Transient.CharacterMovementComponent_4) Not registered. Aborting.
[2015.01.21-05.23.51:593][705]LogObjectTools:Warning: ForceReplaceReferences replaced references for a transient object 'DEADCLASS_SlotMachineBlueprint_C_0' or package '/Engine/Transient'.
[2015.01.21-05.23.51:593][705]LogObjectTools:Warning: ForceReplaceReferences replaced references for a transient object 'DEADCLASS_SlotMachineBlueprint_C_1' or package '/Engine/Transient'.
[2015.01.21-05.23.51:593][705]LogObjectTools:Warning: ForceReplaceReferences replaced references for a transient object 'K2Node_ClassDynamicCast_385' or package '/Engine/Transient'.
[2015.01.21-05.23.51:593][705]LogObjectTools:Warning: ForceReplaceReferences replaced references for a transient object 'K2Node_DynamicCast_385' or package '/Engine/Transient'.
[2015.01.21-05.23.51:593][705]LogObjectTools:Warning: ForceReplaceReferences replaced references for a transient object 'K2Node_CallFunction_2046' or package '/Engine/Transient'.
[2015.01.21-05.23.51:593][705]LogObjectTools:Warning: ForceReplaceReferences replaced references for a transient object 'REINST_SKEL_SlotMachineBlueprint_C_92' or package '/Engine/Transient'.
[2015.01.21-05.23.51:593][705]LogObjectTools:Warning: ForceReplaceReferences replaced references for a transient object 'REINST_SlotMachineBlueprint_C_91' or package '/Engine/Transient'.
[2015.01.21-05.23.51:743][705]LogParticles: Destroying 0 GPU particle simulations for FXSystem 0x00000035F1BFFD80
[2015.01.21-05.23.51:744][705]LogParticles: Destroying 0 GPU particle simulations for FXSystem 0x00000035F8539080
[2015.01.21-05.23.51:744][705]LogParticles: Destroying 0 GPU particle simulations for FXSystem 0x00000035F9DED580
[2015.01.21-05.23.53:874][808]Cmd: OBJ SAVEPACKAGE PACKAGE="/Game/Maps/TestLevel" FILE="../../../../../../../Users/Owner/Documents/Unreal Projects/Kodaina/Content/Maps/TestLevel.umap" SILENT=true AUTOSAVING=false KEEPDIRTY=false
[2015.01.21-05.23.54:057][808]LogSavePackage: Save=15.635498ms
[2015.01.21-05.23.54:057][808]LogSavePackage: Moving '../../../../../../../Users/Owner/Documents/Unreal Projects/Kodaina/Saved/TestLevel31877D6C46455246C5887C8E8FCDFE2C.tmp' to '../../../../../../../Users/Owner/Documents/Unreal Projects/Kodaina/Content/Maps/TestLevel.umap'
[2015.01.21-05.23.54:141][808]LogFileHelpers: Saving map 'TestLevel' took 0.483
[2015.01.21-05.23.55:830][897]LogActorComponent: UnregisterComponent: (/Engine/Transient.CharacterMovementComponent_5) Not registered. Aborting.
[2015.01.21-05.23.56:528][898]Cmd: QUIT_EDITOR
[2015.01.21-05.23.56:896][898]LogExit: Preparing to exit.
[2015.01.21-05.23.57:799][898]LogExit: Editor shut down
[2015.01.21-05.23.57:800][898]LogExit: Transaction tracking system shut down
[2015.01.21-05.23.57:800][898]LogParticles: Destroying 0 GPU particle simulations for FXSystem 0x00000035E1A93100
[2015.01.21-05.23.57:800][898]LogParticles: Destroying 0 GPU particle simulations for FXSystem 0x00000035E05B3880
[2015.01.21-05.23.57:800][898]LogParticles: Destroying 0 GPU particle simulations for FXSystem 0x00000035EE8CE7A0
[2015.01.21-05.23.57:894][898]LogExit: Object subsystem successfully closed.
[2015.01.21-05.23.57:990][898]LogModuleManager: Shutting down and abandoning module SequencerWidgets (173)
[2015.01.21-05.23.57:990][898]LogModuleManager: Shutting down and abandoning module AndroidDeviceDetection (172)
[2015.01.21-05.23.57:990][898]LogModuleManager: Shutting down and abandoning module CrashTracker (171)
[2015.01.21-05.23.57:990][898]LogModuleManager: Shutting down and abandoning module SuperSearch (170)
[2015.01.21-05.23.57:990][898]LogModuleManager: Shutting down and abandoning module SceneOutliner (169)
[2015.01.21-05.23.57:990][898]LogModuleManager: Shutting down and abandoning module EditorWidgets (168)
[2015.01.21-05.23.57:990][898]LogModuleManager: Shutting down and abandoning module CollectionManager (167)
[2015.01.21-05.23.57:990][898]LogModuleManager: Shutting down and abandoning module StatsViewer (166)
[2015.01.21-05.23.57:990][898]LogModuleManager: Shutting down and abandoning module FoliageEdit (165)
[2015.01.21-05.23.57:990][898]LogModuleManager: Shutting down and abandoning module LandscapeEditor (164)
[2015.01.21-05.23.57:990][898]LogModuleManager: Shutting down and abandoning module MeshPaint (163)
[2015.01.21-05.23.57:990][898]LogModuleManager: Shutting down and abandoning module ActorPickerMode (162)
[2015.01.21-05.23.57:990][898]LogModuleManager: Shutting down and abandoning module GeometryMode (161)
[2015.01.21-05.23.57:990][898]LogModuleManager: Shutting down and abandoning module TextureAlignMode (160)
[2015.01.21-05.23.57:990][898]LogModuleManager: Shutting down and abandoning module BspMode (159)
[2015.01.21-05.23.57:990][898]LogModuleManager: Shutting down and abandoning module PlacementMode (158)
[2015.01.21-05.23.57:990][898]LogModuleManager: Shutting down and abandoning module AutomationWorker (157)
[2015.01.21-05.23.57:990][898]LogModuleManager: Shutting down and abandoning module CharacterAI (156)
[2015.01.21-05.23.57:990][898]LogModuleManager: Shutting down and abandoning module GameProjectGeneration (155)
[2015.01.21-05.23.57:990][898]LogModuleManager: Shutting down and abandoning module IntroTutorials (154)
[2015.01.21-05.23.57:990][898]LogModuleManager: Shutting down and abandoning module EditorLiveStreaming (153)
[2015.01.21-05.23.57:990][898]LogModuleManager: Shutting down and abandoning module HardwareTargeting (152)
[2015.01.21-05.23.57:990][898]LogModuleManager: Shutting down and abandoning module DeviceProfileEditor (151)
[2015.01.21-05.23.57:990][898]LogModuleManager: Shutting down and abandoning module UndoHistory (150)
[2015.01.21-05.23.57:990][898]LogModuleManager: Shutting down and abandoning module GameplayTagsEditor (149)
[2015.01.21-05.23.57:990][898]LogModuleManager: Shutting down and abandoning module UserFeedback (148)
[2015.01.21-05.23.57:990][898]LogModuleManager: Shutting down and abandoning module XmlParser (147)
[2015.01.21-05.23.57:990][898]LogModuleManager: Shutting down and abandoning module Blutility (146)
[2015.01.21-05.23.57:990][898]LogModuleManager: Shutting down and abandoning module IOSPlatformEditor (145)
[2015.01.21-05.23.57:990][898]LogModuleManager: Shutting down and abandoning module IOSRuntimeSettings (144)
[2015.01.21-05.23.57:991][898]LogModuleManager: Shutting down and abandoning module AndroidPlatformEditor (143)
[2015.01.21-05.23.57:991][898]LogModuleManager: Shutting down and abandoning module AndroidRuntimeSettings (142)
[2015.01.21-05.23.57:991][898]LogModuleManager: Shutting down and abandoning module ProjectTargetPlatformEditor (141)
[2015.01.21-05.23.57:991][898]LogModuleManager: Shutting down and abandoning module ProjectSettingsViewer (140)
[2015.01.21-05.23.57:991][898]LogModuleManager: Shutting down and abandoning module InputBindingEditor (139)
[2015.01.21-05.23.57:991][898]LogModuleManager: Shutting down and abandoning module EditorSettingsViewer (138)
[2015.01.21-05.23.57:991][898]LogModuleManager: Shutting down and abandoning module SettingsEditor (137)
[2015.01.21-05.23.57:991][898]LogModuleManager: Shutting down and abandoning module ProjectLauncher (136)
[2015.01.21-05.23.57:991][898]LogModuleManager: Shutting down and abandoning module SessionFrontend (135)
[2015.01.21-05.23.57:991][898]LogModuleManager: Shutting down and abandoning module ProfilerClient (134)
[2015.01.21-05.23.57:991][898]LogModuleManager: Shutting down and abandoning module TargetDeviceServices (133)
[2015.01.21-05.23.57:991][898]LogModuleManager: Shutting down and abandoning module DeviceManager (132)
[2015.01.21-05.23.57:991][898]LogModuleManager: Shutting down and abandoning module AutomationController (131)
[2015.01.21-05.23.57:991][898]LogModuleManager: Shutting down and abandoning module AutomationWindow (130)
[2015.01.21-05.23.57:991][898]LogModuleManager: Shutting down and abandoning module Layers (129)
[2015.01.21-05.23.57:991][898]LogModuleManager: Shutting down and abandoning module ComponentVisualizers (128)
[2015.01.21-05.23.57:991][898]LogModuleManager: Shutting down and abandoning module DetailCustomizations (127)
[2015.01.21-05.23.57:991][898]LogModuleManager: Shutting down and abandoning module PackagesDialog (126)
[2015.01.21-05.23.57:991][898]LogModuleManager: Shutting down and abandoning module AssetRegistry (125)
[2015.01.21-05.23.58:117][898]LogModuleManager: Shutting down and abandoning module Persona (124)
[2015.01.21-05.23.58:118][898]LogModuleManager: Shutting down and abandoning module Kismet (123)
[2015.01.21-05.23.58:118][898]LogModuleManager: Shutting down and abandoning module GraphEditor (122)
[2015.01.21-05.23.58:118][898]LogModuleManager: Shutting down and abandoning module ClassViewer (121)
[2015.01.21-05.23.58:118][898]LogModuleManager: Shutting down and abandoning module Toolbox (120)
[2015.01.21-05.23.58:118][898]LogModuleManager: Shutting down and abandoning module ModuleUI (119)
[2015.01.21-05.23.58:118][898]LogModuleManager: Shutting down and abandoning module MovieSceneTools (118)
[2015.01.21-05.23.58:118][898]LogModuleManager: Shutting down and abandoning module OutputLog (117)
[2015.01.21-05.23.58:118][898]LogModuleManager: Shutting down and abandoning module GammaUI (116)
[2015.01.21-05.23.58:118][898]LogModuleManager: Shutting down and abandoning module Documentation (115)
[2015.01.21-05.23.58:118][898]LogModuleManager: Shutting down and abandoning module GameLiveStreaming (114)
[2015.01.21-05.23.58:118][898]LogModuleManager: Shutting down and abandoning module StreamingPauseRendering (113)
[2015.01.21-05.23.58:118][898]LogModuleManager: Shutting down and abandoning module HTTP (112)
[2015.01.21-05.23.58:118][898]LogModuleManager: Shutting down and abandoning module AnalyticsET (111)
[2015.01.21-05.23.58:118][898]LogModuleManager: Shutting down and abandoning module Analytics (110)
[2015.01.21-05.23.58:118][898]LogModuleManager: Shutting down and abandoning module AITestSuite (109)
[2015.01.21-05.23.58:118][898]LogModuleManager: Shutting down and abandoning module AIModule (108)
[2015.01.21-05.23.58:118][898]LogModuleManager: Shutting down and abandoning module ProfilerService (107)
[2015.01.21-05.23.58:170][898]LogModuleManager: Shutting down and abandoning module TaskGraph (106)
[2015.01.21-05.23.58:170][898]LogModuleManager: Shutting down and abandoning module GameplayDebugger (105)
[2015.01.21-05.23.58:170][898]LogModuleManager: Shutting down and abandoning module SlateRemote (104)
[2015.01.21-05.23.58:170][898]LogModuleManager: Shutting down and abandoning module ScriptEditorPlugin (103)
[2015.01.21-05.23.58:170][898]LogModuleManager: Shutting down and abandoning module CustomMeshComponent (102)
[2015.01.21-05.23.58:170][898]LogModuleManager: Shutting down and abandoning module CableComponent (101)
[2015.01.21-05.23.58:170][898]LogModuleManager: Shutting down and abandoning module MessagingDebugger (100)
[2015.01.21-05.23.58:170][898]LogModuleManager: Shutting down and abandoning module MediaPlayerEditor (99)
[2015.01.21-05.23.58:170][898]LogModuleManager: Shutting down and abandoning module SpeedTreeImporter (98)
[2015.01.21-05.23.58:170][898]LogModuleManager: Shutting down and abandoning module PluginsEditor (97)
[2015.01.21-05.23.58:170][898]LogModuleManager: Shutting down and abandoning module EpicSurvey (96)
[2015.01.21-05.23.58:170][898]LogModuleManager: Shutting down and abandoning module DesktopPlatform (95)
[2015.01.21-05.23.58:170][898]LogModuleManager: Shutting down and abandoning module VisualStudioSourceCodeAccess (94)
[2015.01.21-05.23.58:170][898]LogModuleManager: Shutting down and abandoning module UObjectPlugin (93)
[2015.01.21-05.23.58:170][898]LogModuleManager: Shutting down and abandoning module SubversionSourceControl (92)
[2015.01.21-05.23.58:170][898]LogModuleManager: Shutting down and abandoning module SourceControl (91)
[2015.01.21-05.23.58:170][898]LogModuleManager: Shutting down and abandoning module PerforceSourceControl (90)
[2015.01.21-05.23.58:170][898]LogModuleManager: Shutting down and abandoning module BlankPlugin (89)
[2015.01.21-05.23.58:170][898]LogModuleManager: Shutting down and abandoning module SlateReflector (88)
[2015.01.21-05.23.58:170][898]LogModuleManager: Shutting down and abandoning module DirectoryWatcher (87)
[2015.01.21-05.23.58:170][898]LogModuleManager: Shutting down and abandoning module HotReload (86)
[2015.01.21-05.23.58:170][898]LogModuleManager: Shutting down and abandoning module MainFrame (85)
[2015.01.21-05.23.58:170][898]LogModuleManager: Shutting down and abandoning module LevelEditor (84)
[2015.01.21-05.23.58:171][898]LogModuleManager: Shutting down and abandoning module ViewportSnapping (83)
[2015.01.21-05.23.58:171][898]LogModuleManager: Shutting down and abandoning module SmartSnapping (82)
[2015.01.21-05.23.58:171][898]LogModuleManager: Shutting down and abandoning module PaperTiledImporter (81)
[2015.01.21-05.23.58:171][898]LogModuleManager: Shutting down and abandoning module PaperJsonImporter (80)
[2015.01.21-05.23.58:171][898]LogModuleManager: Shutting down and abandoning module ContentBrowser (79)
[2015.01.21-05.23.58:171][898]LogModuleManager: Shutting down and abandoning module Paper2DEditor (78)
[2015.01.21-05.23.58:171][898]LogModuleManager: Shutting down and abandoning module ScriptPlugin (77)
[2015.01.21-05.23.58:171][898]LogModuleManager: Shutting down and abandoning module UdpMessaging (76)
[2015.01.21-05.23.58:272][898]LogModuleManager: Shutting down and abandoning module Paper2D (75)
[2015.01.21-05.23.58:272][898]LogModuleManager: Shutting down and abandoning module UE4Game (74)
[2015.01.21-05.23.58:272][898]LogModuleManager: Shutting down and abandoning module WindowsMoviePlayer (73)
[2015.01.21-05.23.58:274][898]LogModuleManager: Shutting down and abandoning module Media (72)
[2015.01.21-05.23.58:274][898]LogModuleManager: Shutting down and abandoning module WmfMedia (71)
[2015.01.21-05.23.58:274][898]LogModuleManager: Shutting down and abandoning module OnlineBlueprintSupport (70)
[2015.01.21-05.23.58:274][898]LogModuleManager: Shutting down and abandoning module PropertyEditor (69)
[2015.01.21-05.23.58:274][898]LogModuleManager: Shutting down and abandoning module BehaviorTreeEditor (68)
[2015.01.21-05.23.58:274][898]LogModuleManager: Shutting down and abandoning module FunctionalTesting (67)
[2015.01.21-05.23.58:274][898]LogModuleManager: Shutting down and abandoning module CollisionAnalyzer (66)
[2015.01.21-05.23.58:274][898]LogModuleManager: Shutting down and abandoning module WorkspaceMenuStructure (65)
[2015.01.21-05.23.58:274][898]LogModuleManager: Shutting down and abandoning module MessageLog (64)
[2015.01.21-05.23.58:274][898]LogModuleManager: Shutting down and abandoning module Sequencer (63)
[2015.01.21-05.23.58:274][898]LogModuleManager: Shutting down and abandoning module AssetTools (62)
[2015.01.21-05.23.58:274][898]LogModuleManager: Shutting down and abandoning module UMGEditor (61)
[2015.01.21-05.23.58:274][898]LogModuleManager: Shutting down and abandoning module UMG (60)
[2015.01.21-05.23.58:274][898]LogModuleManager: Shutting down and abandoning module Slate (59)
[2015.01.21-05.23.58:274][898]LogModuleManager: Shutting down and abandoning module EditorStyle (58)
[2015.01.21-05.23.58:281][898]LogModuleManager: Shutting down and abandoning module SessionServices (57)
[2015.01.21-05.23.58:281][898]LogModuleManager: Shutting down and abandoning module SourceCodeAccess (56)
[2015.01.21-05.23.58:281][898]LogModuleManager: Shutting down and abandoning module HeadMountedDisplay (55)
[2015.01.21-05.23.58:281][898]LogModuleManager: Shutting down and abandoning module XAudio2 (54)
[2015.01.21-05.23.58:281][898]LogModuleManager: Shutting down and abandoning module Networking (52)
[2015.01.21-05.23.58:281][898]LogModuleManager: Shutting down and abandoning module Core (51)
[2015.01.21-05.23.58:281][898]LogModuleManager: Shutting down and abandoning module KismetCompiler (50)
[2015.01.21-05.23.58:281][898]LogModuleManager: Shutting down and abandoning module PhysXFormats (49)
[2015.01.21-05.23.58:281][898]LogModuleManager: Shutting down and abandoning module MeshUtilities (48)
[2015.01.21-05.23.58:281][898]LogModuleManager: Shutting down and abandoning module DerivedDataCache (47)
[2015.01.21-05.23.58:362][898]LogDerivedDataCache: Shutdown
[2015.01.21-05.23.58:362][898]LogModuleManager: Shutting down and abandoning module ShaderFormatOpenGL (46)
[2015.01.21-05.23.58:362][898]LogModuleManager: Shutting down and abandoning module ShaderFormatD3D (45)
[2015.01.21-05.23.58:362][898]LogModuleManager: Shutting down and abandoning module MetalShaderFormat (44)
[2015.01.21-05.23.58:362][898]LogModuleManager: Shutting down and abandoning module TextureFormatUncompressed (43)
[2015.01.21-05.23.58:362][898]LogModuleManager: Shutting down and abandoning module TextureFormatPVR (42)
[2015.01.21-05.23.58:362][898]LogModuleManager: Shutting down and abandoning module TextureFormatDXT (41)
[2015.01.21-05.23.58:362][898]LogModuleManager: Shutting down and abandoning module TextureFormatAndroid (40)
[2015.01.21-05.23.58:362][898]LogModuleManager: Shutting down and abandoning module AudioFormatOpus (39)
[2015.01.21-05.23.58:362][898]LogModuleManager: Shutting down and abandoning module AudioFormatOgg (38)
[2015.01.21-05.23.58:362][898]LogModuleManager: Shutting down and abandoning module AudioFormatADPCM (37)
[2015.01.21-05.23.58:362][898]LogModuleManager: Shutting down and abandoning module LinuxTargetPlatform (36)
[2015.01.21-05.23.58:362][898]LogModuleManager: Shutting down and abandoning module LinuxServerTargetPlatform (35)
[2015.01.21-05.23.58:362][898]LogModuleManager: Shutting down and abandoning module LinuxNoEditorTargetPlatform (34)
[2015.01.21-05.23.58:362][898]LogModuleManager: Shutting down and abandoning module Messaging (33)
[2015.01.21-05.23.58:362][898]LogModuleManager: Shutting down and abandoning module IOSTargetPlatform (32)
[2015.01.21-05.23.58:362][898]LogModuleManager: Shutting down and abandoning module Android_PVRTCTargetPlatform (31)
[2015.01.21-05.23.58:362][898]LogModuleManager: Shutting down and abandoning module Android_ETC2TargetPlatform (30)
[2015.01.21-05.23.58:362][898]LogModuleManager: Shutting down and abandoning module Android_ETC1TargetPlatform (29)
[2015.01.21-05.23.58:362][898]LogModuleManager: Shutting down and abandoning module Android_DXTTargetPlatform (28)
[2015.01.21-05.23.58:362][898]LogModuleManager: Shutting down and abandoning module Android_ATCTargetPlatform (27)
[2015.01.21-05.23.58:362][898]LogModuleManager: Shutting down and abandoning module AndroidTargetPlatform (26)
[2015.01.21-05.23.58:362][898]LogModuleManager: Shutting down and abandoning module WindowsTargetPlatform (25)
[2015.01.21-05.23.58:362][898]LogModuleManager: Shutting down and abandoning module WindowsServerTargetPlatform (24)
[2015.01.21-05.23.58:362][898]LogModuleManager: Shutting down and abandoning module WindowsNoEditorTargetPlatform (23)
[2015.01.21-05.23.58:362][898]LogModuleManager: Shutting down and abandoning module WindowsClientTargetPlatform (22)
[2015.01.21-05.23.58:362][898]LogModuleManager: Shutting down and abandoning module TargetPlatform (21)
[2015.01.21-05.23.58:362][898]LogModuleManager: Shutting down and abandoning module InputCore (20)
[2015.01.21-05.23.58:362][898]LogModuleManager: Shutting down and abandoning module Settings (19)
[2015.01.21-05.23.58:362][898]LogModuleManager: Shutting down and abandoning module ImageWrapper (18)
[2015.01.21-05.23.58:362][898]LogModuleManager: Shutting down and abandoning module OculusRift (15)
[2015.01.21-05.23.58:362][898]LogModuleManager: Shutting down and abandoning module ExampleDeviceProfileSelector (14)
[2015.01.21-05.23.58:362][898]LogModuleManager: Shutting down and abandoning module TextureCompressor (13)
[2015.01.21-05.23.58:362][898]LogModuleManager: Shutting down and abandoning module ShaderCore (12)
[2015.01.21-05.23.58:362][898]LogModuleManager: Shutting down and abandoning module Landscape (11)
[2015.01.21-05.23.58:362][898]LogModuleManager: Shutting down and abandoning module SlateRHIRenderer (10)
[2015.01.21-05.23.58:365][898]LogModuleManager: Shutting down and abandoning module OpenGLDrv (9)
[2015.01.21-05.23.58:365][898]LogModuleManager: Shutting down and abandoning module D3D11RHI (8)
[2015.01.21-05.23.58:365][898]LogModuleManager: Shutting down and abandoning module Renderer (7)
[2015.01.21-05.23.58:365][898]LogModuleManager: Shutting down and abandoning module Engine (6)
[2015.01.21-05.23.58:365][898]LogModuleManager: Shutting down and abandoning module CoreUObject (5)
[2015.01.21-05.23.58:365][898]LogModuleManager: Shutting down and abandoning module NetworkFile (4)
[2015.01.21-05.23.58:365][898]LogModuleManager: Shutting down and abandoning module StreamingFile (3)
[2015.01.21-05.23.58:365][898]LogModuleManager: Shutting down and abandoning module SandboxFile (2)
[2015.01.21-05.23.58:365][898]LogModuleManager: Shutting down and abandoning module PakFile (1)
[2015.01.21-05.23.58:365][898]LogExit: Exiting.
[2015.01.21-05.23.58:405][898]Log file closed, 01/21/15 00:23:58
