Log file open, 01/22/15 21:15:12
LogInit:Display: Running engine for game: KodainaKingdom
LogInit: Version: 4.6.1-2386410+++depot+UE4-Releases+4.6
LogInit: API Version: 2369412
LogInit: Compiled (64-bit): Dec 11 2014 21:31:39
LogInit: Compiled with Visual C++: 18.00.21005.01
LogInit: Build Configuration: Development
LogInit: Branch Name: ++depot+UE4-Releases+4.6
LogInit: Command line:  
LogInit: Base directory: C:/Program Files/Epic Games/4.6/Engine/Binaries/Win64/
LogInit: Rocket: 1
[2015.01.23-02.15.12:972][  0]LogTaskGraph: Started task graph with 3 named threads and 6 total threads.
[2015.01.23-02.15.13:022][  0]LogOnline:Warning: No default platform service specified for OnlineSubsystem
[2015.01.23-02.15.13:039][  0]LogInit: Presizing for 0 objects not considered by GC, pre-allocating 0 bytes.
[2015.01.23-02.15.13:048][  0]LogInit: Object subsystem initialized
[2015.01.23-02.15.13:050][  0]LogConsoleResponse:Warning: Skipping Unknown console variable: 'UIScaleRule = ShortestSide'
[2015.01.23-02.15.13:050][  0]LogConsoleResponse:Warning:   Found in ini file 'C:/Users/Zim/Documents/Unreal Projects/KodainaKingdom/Saved/Config/Windows/Engine.ini', in section '[/Script/Engine.RendererSettings]'
[2015.01.23-02.15.13:050][  0]LogConsoleResponse:Warning: Skipping Unknown console variable: 'UIScaleCurve = (EditorCurveData=(Keys=),ExternalCurve=None)'
[2015.01.23-02.15.13:050][  0]LogConsoleResponse:Warning:   Found in ini file 'C:/Users/Zim/Documents/Unreal Projects/KodainaKingdom/Saved/Config/Windows/Engine.ini', in section '[/Script/Engine.RendererSettings]'
[2015.01.23-02.15.13:050][  0]LogConsoleManager:Warning: Console variable 'r.MSAA.CompositingSampleCount' wasn't set (Priority ProjectSetting < Scalability)
[2015.01.23-02.15.13:050][  0]LogInit: Selected Device Profile: [Windows]
[2015.01.23-02.15.13:050][  0]LogInit: Applying CVar settings loaded from the selected device profile: [Windows]
[2015.01.23-02.15.13:057][  0]LogInit: Computer: SEAN
[2015.01.23-02.15.13:057][  0]LogInit: User: Zim
[2015.01.23-02.15.13:057][  0]LogInit: CPU Page size=4096, Cores=4
[2015.01.23-02.15.13:057][  0]LogInit: High frequency timer resolution =2.338451 MHz
[2015.01.23-02.15.13:057][  0]LogMemory: Memory total: Physical=15.9GB (16GB approx) Virtual=131072.0GB
[2015.01.23-02.15.13:057][  0]LogMemory: Platform Memory Stats for Windows
[2015.01.23-02.15.13:057][  0]LogMemory: Process Physical Memory: 49.20 MB used, 49.20 MB peak
[2015.01.23-02.15.13:057][  0]LogMemory: Process Virtual Memory: 25.10 MB used, 25.10 MB peak
[2015.01.23-02.15.13:057][  0]LogMemory: Physical Memory: 5663.79 MB used, 16331.28 MB total
[2015.01.23-02.15.13:057][  0]LogMemory: Virtual Memory: 275.69 MB used, 134217728.00 MB total
[2015.01.23-02.15.13:083][  0]LogD3D11RHI: Found D3D11 adapter 0: NVIDIA GeForce GT 750M   (Feature Level 11_0)
[2015.01.23-02.15.13:083][  0]LogD3D11RHI: Adapter has 1985MB of dedicated video memory, 0MB of dedicated system memory, and 2048MB of shared system memory, 1 output[s]
[2015.01.23-02.15.13:105][  0]LogD3D11RHI: Found D3D11 adapter 1: NVIDIA GeForce GT 750M   (Feature Level 11_0)
[2015.01.23-02.15.13:105][  0]LogD3D11RHI: Adapter has 1985MB of dedicated video memory, 0MB of dedicated system memory, and 2048MB of shared system memory, 0 output[s]
[2015.01.23-02.15.13:106][  0]LogD3D11RHI: Found D3D11 adapter 2: Microsoft Basic Render Driver (Feature Level 11_0)
[2015.01.23-02.15.13:106][  0]LogD3D11RHI: Adapter has 0MB of dedicated video memory, 0MB of dedicated system memory, and 256MB of shared system memory, 0 output[s]
[2015.01.23-02.15.13:106][  0]LogD3D11RHI: Chosen D3D11 Adapter Id = 0
[2015.01.23-02.15.13:110][  0]LogRHI: Texture pool is 1361 MB (70% of 1945 MB)
[2015.01.23-02.15.13:123][  0]LogD3D11RHI: Async texture creation enabled
[2015.01.23-02.15.13:186][  0]LogTextLocalizationManager: The requested culture ('en_US') has no localization data; parent culture's ('en') localization data will be used.
[2015.01.23-02.15.13:325][  0]LogContentStreaming: Texture pool size is 0.000000MB
[2015.01.23-02.15.19:235][  0]LogTargetPlatformManager:Display: Building Assets For Windows
[2015.01.23-02.15.19:725][  0]LogTargetPlatformManager:Display: Building Assets For Windows
[2015.01.23-02.15.19:778][  0]LogDerivedDataCache:Display: Max Cache Size: 512 MB
[2015.01.23-02.15.19:814][  0]LogDerivedDataCache: Loaded boot cache 0.04s 39MB C:/Users/Zim/AppData/Local/UnrealEngine/4.6/DerivedDataCache/Boot.ddc.
[2015.01.23-02.15.19:814][  0]LogDerivedDataCache:Display: Loaded Boot cache: C:/Users/Zim/AppData/Local/UnrealEngine/4.6/DerivedDataCache/Boot.ddc
[2015.01.23-02.15.19:814][  0]LogDerivedDataCache: FDerivedDataBackendGraph:  Pak pak cache file ../../../../../../Users/Zim/Documents/Unreal Projects/KodainaKingdom/DerivedDataCache/DDC.ddp not found, will not use a pak cache.
[2015.01.23-02.15.19:814][  0]LogDerivedDataCache: Unable to find inner node Pak for hierarchical cache Hierarchy.
[2015.01.23-02.15.19:888][  0]LogDerivedDataCache:Display: Pak cache opened for reading ../../../Engine/DerivedDataCache/DDC.ddp.
[2015.01.23-02.15.19:900][  0]LogDerivedDataCache: Using Local data cache path C:/Users/Zim/AppData/Local/UnrealEngine/Common/DerivedDataCache: Writable
[2015.01.23-02.15.20:030][  0]LogCollisionProfile:Warning: Profile (UI) - Custom Channel Name = 'Weapon' hasn't been found
[2015.01.23-02.15.20:171][  0]LogMeshUtilities: No automatic mesh reduction module available
[2015.01.23-02.15.20:171][  0]LogMeshUtilities: No automatic mesh merging module available
[2015.01.23-02.15.20:615][  0]LogInit: WinSock: version 1.1 (2.2), MaxSocks=32767, MaxUdp=65467
[2015.01.23-02.15.20:679][  0]LogSlate:Warning: Failed to load font data from '../../../Engine/Content/Slate/Fonts/Roboto-Italic.ttf'
[2015.01.23-02.15.21:555][  0]UdpMessaging: Initializing bridge on interface 0.0.0.0:0 to multicast group 230.0.0.1:6666.
[2015.01.23-02.15.21:715][  0]LogDirectoryWatcher:Warning: Failed to begin reading directory changes for C:/Users/Zim/Documents/Unreal Projects/KodainaKingdom/Binaries/Win64. Error: 0
[2015.01.23-02.15.21:883][  0]SourceControl: Info Source control is disabled
[2015.01.23-02.15.21:883][  0]SourceControl: Info Source control is disabled
[2015.01.23-02.15.21:890][  0]SourceControl: Info Source control is disabled
[2015.01.23-02.15.22:010][  0]LogObj: 23754 objects as part of root set at end of initial load.
[2015.01.23-02.15.22:010][  0]LogUObjectAllocator: 5168128 out of 0 bytes used by permanent object pool.
[2015.01.23-02.15.22:064][  0]LogEngine: Initializing Engine...
[2015.01.23-02.15.22:228][  0]LogInit: XAudio2 using 'Speakers (Realtek High Definition Audio)' : 2 channels at 48 kHz using 32 bits per sample (channel mask 0x3)
[2015.01.23-02.15.22:238][  0]LogInit: FAudioDevice initialized.
[2015.01.23-02.15.22:260][  0]LogAIModule: Creating AISystem for world NewWorld
[2015.01.23-02.15.22:280][  0]LogDerivedDataCache: Saved boot cache 0.02s 39MB C:/Users/Zim/AppData/Local/UnrealEngine/4.6/DerivedDataCache/Boot.ddc.
[2015.01.23-02.15.22:284][  0]LogInit: Texture streaming: Enabled
[2015.01.23-02.15.22:309][  0]LogAnalytics: Creating configured Analytics provider AnalyticsET
[2015.01.23-02.15.22:309][  0]LogAnalytics: ET APIKey = Rocket.Release. APIServer = http://et2.epicgames.com/ET2/. AppVersion = 4.6.1-2386410+++depot+UE4-Releases+4.6
[2015.01.23-02.15.22:310][  0]LogAnalytics: SetUserId e818845727fd16b7b8e647cd16e3db7c
[2015.01.23-02.15.22:310][  0]LogAnalytics: AnalyticsET::StartSession [Rocket.Release]
[2015.01.23-02.15.22:324][  0]LogInit: Transaction tracking system initialized
[2015.01.23-02.15.22:406][  0]BlueprintLog: New page: Editor Load
[2015.01.23-02.15.22:434][  0]LogAssetRegistry: FAssetRegistry took 0.0104 seconds to start up
[2015.01.23-02.15.22:434][  0]LogDirectoryWatcher:Warning: Failed to begin reading directory changes for ../../../Engine/Plugins/Experimental/CharacterAI/Content/. Error: 0
[2015.01.23-02.15.22:928][  0]LogTargetPlatformManager:Display: Building Assets For Windows
[2015.01.23-02.15.23:310][  0]LogTargetPlatformManager:Display: Building Assets For Windows
[2015.01.23-02.15.23:495][  0]LogConsoleResponse:Display: 
[2015.01.23-02.15.23:549][  0]LogLinker:Warning: Asset '../../../Engine/Content/Functions/Engine_MaterialFunctions03/Procedurals/ComputeFilterWidth.uasset' has been saved with empty engine version. The asset will be loaded but may be incompatible.
[2015.01.23-02.15.23:744][  0]SourceControl: Info Source control is disabled
[2015.01.23-02.15.23:745][  0]Cmd: MAP LOAD FILE="../../../../../../Users/Zim/Documents/Unreal Projects/KodainaKingdom/Content/Maps/TestLevel.umap" TEMPLATE=0 SHOWPROGRESS=1
[2015.01.23-02.15.23:745][  0]LightingResults: New page: Lighting Build
[2015.01.23-02.15.23:754][  0]MapCheck: New page: Map Check
[2015.01.23-02.15.23:754][  0]LightingResults: New page: Lighting Build
[2015.01.23-02.15.23:761][  0]LogParticles: Destroying 0 GPU particle simulations for FXSystem 0x00000008FE661580
[2015.01.23-02.15.24:739][  0]LogEditorServer: Finished looking for orphan Actors (0.000 secs)
[2015.01.23-02.15.24:739][  0]LogAIModule: Creating AISystem for world TestLevel
[2015.01.23-02.15.24:740][  0]Cmd: MAP CHECKDEP
[2015.01.23-02.15.24:740][  0]MapCheck: New page: TestLevel - Jan 22, 2015, 4:15:24 PM
[2015.01.23-02.15.24:839][  0]MapCheck: Info Map check complete: 0 Error(s), 0 Warning(s), took 99.5ms to complete.
[2015.01.23-02.15.24:839][  0]LogFileHelpers: Loading map 'TestLevel' took 1.095
[2015.01.23-02.15.24:918][  0]LogCollectionManager: Loaded 0 collections in 0.000994 seconds
[2015.01.23-02.15.25:105][  0]LogCrashTracker: Crashtracker disabled due to settings.
[2015.01.23-02.15.25:113][  0]LogUObjectGlobals:Warning: Failed to find object 'Class None.'
[2015.01.23-02.15.25:139][  0]LogLoad: Full Startup: 14.18 seconds (BP compile: 0.27 seconds)
[2015.01.23-02.15.25:483][  0]LogContentBrowser:Verbose: The content browser source was changed by the sources view to '/Game/Blueprints'
[2015.01.23-02.15.25:628][  0]LogRenderer:Warning: Reallocating scene render targets to support 1200x896.
[2015.01.23-02.15.26:823][  4]LogAssetRegistry: Asset discovery search completed in 4.3990 seconds
[2015.01.23-02.23.14:391][260]BlueprintLog: New page: Compile Enemy
[2015.01.23-02.23.14:477][260]LogActorComponent: UnregisterComponent: (/Engine/Transient.CharacterMovementComponent_0) Not registered. Aborting.
[2015.01.23-02.23.14:550][260]BlueprintEditorCompileResults: Info [0483.60] Compile of Enemy successful! [in 150 ms]
[2015.01.23-02.23.14:963][274]Cmd: OBJ SAVEPACKAGE PACKAGE="/Game/Blueprints/Enemy" FILE="../../../../../../Users/Zim/Documents/Unreal Projects/KodainaKingdom/Content/Blueprints/Enemy.uasset" SILENT=true
[2015.01.23-02.23.15:447][274]LogSavePackage: Save=358.881592ms
[2015.01.23-02.23.15:447][274]LogSavePackage: Moving '../../../../../../Users/Zim/Documents/Unreal Projects/KodainaKingdom/Saved/Enemy9EC3802E4A896BF8699318A33F14212A.tmp' to '../../../../../../Users/Zim/Documents/Unreal Projects/KodainaKingdom/Content/Blueprints/Enemy.uasset'
[2015.01.23-02.25.25:968][859]LogSavePackage: Save=41.760979ms
[2015.01.23-02.25.25:968][859]LogSavePackage: Moving '../../../../../../Users/Zim/Documents/Unreal Projects/KodainaKingdom/Saved/TestLevel_Auto124F05D724EB56EA2634DE28AFF38F914.tmp' to '../../../../../../Users/Zim/Documents/Unreal Projects/KodainaKingdom/Saved/Autosaves/Game/Maps/TestLevel_Auto1.umap'
[2015.01.23-02.25.25:979][859]LogFileHelpers: Editor autosave (incl. sublevels) for '/Game/Maps/TestLevel' took 0.252
[2015.01.23-02.25.25:979][859]LogFileHelpers: Editor autosave (incl. sublevels) for all levels took 0.252
[2015.01.23-02.25.37:493][253]LogPropertyNode:Warning: UI Min (0.001) >= UI Max () for Ranged Numeric
[2015.01.23-02.25.37:497][253]LogPropertyNode:Warning: UI Min (0.001) >= UI Max () for Ranged Numeric
[2015.01.23-02.25.37:568][253]LogPropertyNode:Warning: UI Min (0.001) >= UI Max () for Ranged Numeric
[2015.01.23-02.25.37:569][253]LogPropertyNode:Warning: UI Min (0.001) >= UI Max () for Ranged Numeric
[2015.01.23-02.25.42:149][499]LogPropertyNode:Warning: UI Min (0.001) >= UI Max () for Ranged Numeric
[2015.01.23-02.25.42:150][499]LogPropertyNode:Warning: UI Min (0.001) >= UI Max () for Ranged Numeric
[2015.01.23-02.25.42:181][499]LogActorComponent: UnregisterComponent: (/Engine/Transient.CharacterMovementComponent_1) Not registered. Aborting.
[2015.01.23-02.25.44:407][606]LogPropertyNode:Warning: UI Min (0.001) >= UI Max () for Ranged Numeric
[2015.01.23-02.25.44:408][606]LogPropertyNode:Warning: UI Min (0.001) >= UI Max () for Ranged Numeric
[2015.01.23-02.25.44:437][606]LogActorComponent: UnregisterComponent: (/Engine/Transient.CharacterMovementComponent_2) Not registered. Aborting.
[2015.01.23-02.25.45:958][673]LogPropertyNode:Warning: UI Min (0.001) >= UI Max () for Ranged Numeric
[2015.01.23-02.25.45:959][673]LogPropertyNode:Warning: UI Min (0.001) >= UI Max () for Ranged Numeric
[2015.01.23-02.25.45:987][673]LogActorComponent: UnregisterComponent: (/Engine/Transient.CharacterMovementComponent_3) Not registered. Aborting.
[2015.01.23-02.25.46:099][673]LogPropertyNode:Warning: UI Min (0.001) >= UI Max () for Ranged Numeric
[2015.01.23-02.25.46:101][673]LogPropertyNode:Warning: UI Min (0.001) >= UI Max () for Ranged Numeric
[2015.01.23-02.25.48:257][771]LogPropertyNode:Warning: UI Min (0.001) >= UI Max () for Ranged Numeric
[2015.01.23-02.25.48:259][771]LogPropertyNode:Warning: UI Min (0.001) >= UI Max () for Ranged Numeric
[2015.01.23-02.25.48:288][771]LogActorComponent: UnregisterComponent: (/Engine/Transient.CharacterMovementComponent_4) Not registered. Aborting.
[2015.01.23-02.25.52:002][957]LogPropertyNode:Warning: UI Min (0.001) >= UI Max () for Ranged Numeric
[2015.01.23-02.25.52:003][957]LogPropertyNode:Warning: UI Min (0.001) >= UI Max () for Ranged Numeric
[2015.01.23-02.25.52:033][957]LogActorComponent: UnregisterComponent: (/Engine/Transient.CharacterMovementComponent_5) Not registered. Aborting.
[2015.01.23-02.25.53:034][  5]BlueprintLog: New page: Compile MyCharacter
[2015.01.23-02.25.53:272][  5]LogPropertyNode:Warning: UI Min (0.001) >= UI Max () for Ranged Numeric
[2015.01.23-02.25.53:273][  5]LogPropertyNode:Warning: UI Min (0.001) >= UI Max () for Ranged Numeric
[2015.01.23-02.25.53:360][  5]LogActorComponent: UnregisterComponent: (/Engine/Transient.CharacterMovementComponent_6) Not registered. Aborting.
[2015.01.23-02.25.53:460][  5]LogPropertyNode:Warning: UI Min (0.001) >= UI Max () for Ranged Numeric
[2015.01.23-02.25.53:462][  5]LogPropertyNode:Warning: UI Min (0.001) >= UI Max () for Ranged Numeric
[2015.01.23-02.25.53:524][  5]BlueprintEditorCompileResults: Info [0642.57] Compile of MyCharacter successful! [in 370 ms]
[2015.01.23-02.25.53:985][ 15]Cmd: OBJ SAVEPACKAGE PACKAGE="/Game/Blueprints/MyCharacter" FILE="../../../../../../Users/Zim/Documents/Unreal Projects/KodainaKingdom/Content/Blueprints/MyCharacter.uasset" SILENT=true
[2015.01.23-02.25.54:882][ 15]LogSavePackage: Save=770.660583ms
[2015.01.23-02.25.54:882][ 15]LogSavePackage: Moving '../../../../../../Users/Zim/Documents/Unreal Projects/KodainaKingdom/Saved/MyCharacter25A8656D4C8A3197C9DDC99A37848491.tmp' to '../../../../../../Users/Zim/Documents/Unreal Projects/KodainaKingdom/Content/Blueprints/MyCharacter.uasset'
[2015.01.23-02.26.47:523][649]LogUObjectGlobals:Warning: Failed to find object 'Object None.'
[2015.01.23-02.27.34:536][134]LogUObjectGlobals:Warning: Failed to find object 'Object None.'
[2015.01.23-02.27.55:319][749]LogUObjectGlobals:Warning: Failed to find object 'Object None.'
[2015.01.23-02.28.12:711][246]BlueprintLog: New page: Compile MyCharacter
[2015.01.23-02.28.12:952][246]LogPropertyNode:Warning: UI Min (0.001) >= UI Max () for Ranged Numeric
[2015.01.23-02.28.12:953][246]LogPropertyNode:Warning: UI Min (0.001) >= UI Max () for Ranged Numeric
[2015.01.23-02.28.13:037][246]LogActorComponent: UnregisterComponent: (/Engine/Transient.CharacterMovementComponent_7) Not registered. Aborting.
[2015.01.23-02.28.13:127][246]LogPropertyNode:Warning: UI Min (0.001) >= UI Max () for Ranged Numeric
[2015.01.23-02.28.13:128][246]LogPropertyNode:Warning: UI Min (0.001) >= UI Max () for Ranged Numeric
[2015.01.23-02.28.13:196][246]BlueprintEditorCompileResults: Info [0782.24] Compile of MyCharacter successful! [in 358 ms]
[2015.01.23-02.28.14:554][280]LogActorComponent: UnregisterComponent: (/Engine/Transient.CharacterMovementComponent_8) Not registered. Aborting.
[2015.01.23-02.28.14:770][280]Cmd: OBJ SAVEPACKAGE PACKAGE="/Game/Maps/TestLevel" FILE="../../../../../../Users/Zim/Documents/Unreal Projects/KodainaKingdom/Content/Maps/TestLevel.umap" SILENT=true AUTOSAVING=false KEEPDIRTY=false
[2015.01.23-02.28.14:967][280]LogSavePackage: Save=47.548141ms
[2015.01.23-02.28.14:967][280]LogSavePackage: Moving '../../../../../../Users/Zim/Documents/Unreal Projects/KodainaKingdom/Saved/TestLevelEE2EC14040AF6D1CC1F9FCB9FBBF2A68.tmp' to '../../../../../../Users/Zim/Documents/Unreal Projects/KodainaKingdom/Content/Maps/TestLevel.umap'
[2015.01.23-02.28.15:090][280]LogFileHelpers: Saving map 'TestLevel' took 0.467
[2015.01.23-02.28.15:121][280]Cmd: OBJ SAVEPACKAGE PACKAGE="/Game/Blueprints/MyCharacter" FILE="../../../../../../Users/Zim/Documents/Unreal Projects/KodainaKingdom/Content/Blueprints/MyCharacter.uasset" SILENT=true
[2015.01.23-02.28.16:032][280]LogSavePackage: Save=782.847290ms
[2015.01.23-02.28.16:032][280]LogSavePackage: Moving '../../../../../../Users/Zim/Documents/Unreal Projects/KodainaKingdom/Saved/MyCharacter06CEDBA84E5E879688E9359C33EC198D.tmp' to '../../../../../../Users/Zim/Documents/Unreal Projects/KodainaKingdom/Content/Blueprints/MyCharacter.uasset'
[2015.01.23-02.32.13:666][628]LogActorComponent: UnregisterComponent: (/Engine/Transient.CharacterMovementComponent_9) Not registered. Aborting.
[2015.01.23-02.32.13:737][628]Cmd: OBJ SAVEPACKAGE PACKAGE="/Game/Blueprints/MyCharacter" FILE="../../../../../../Users/Zim/Documents/Unreal Projects/KodainaKingdom/Content/Blueprints/MyCharacter.uasset" SILENT=true
[2015.01.23-02.32.14:007][628]LogSavePackage: Save=174.509964ms
[2015.01.23-02.32.14:007][628]LogSavePackage: Moving '../../../../../../Users/Zim/Documents/Unreal Projects/KodainaKingdom/Saved/MyCharacter344B9C9C49A8CD93FC543E824B8355F0.tmp' to '../../../../../../Users/Zim/Documents/Unreal Projects/KodainaKingdom/Content/Blueprints/MyCharacter.uasset'
[2015.01.23-02.33.20:546][662]LogPropertyNode:Warning: UI Min (0.001) >= UI Max () for Ranged Numeric
[2015.01.23-02.33.20:547][662]LogPropertyNode:Warning: UI Min (0.001) >= UI Max () for Ranged Numeric
[2015.01.23-02.33.34:309][289]LogUObjectGlobals:Warning: Failed to find object 'Object None.'
[2015.01.23-02.33.34:309][289]LogUObjectGlobals:Warning: Failed to find object 'Object None.'
[2015.01.23-02.33.34:310][289]LogUObjectGlobals:Warning: Failed to find object 'Object None.'
[2015.01.23-02.33.34:310][289]LogUObjectGlobals:Warning: Failed to find object 'Object None.'
[2015.01.23-02.33.34:310][289]LogUObjectGlobals:Warning: Failed to find object 'Object None.'
[2015.01.23-02.33.34:310][289]LogUObjectGlobals:Warning: Failed to find object 'Object None.'
[2015.01.23-02.33.34:310][289]LogUObjectGlobals:Warning: Failed to find object 'Object None.'
[2015.01.23-02.33.34:311][289]LogUObjectGlobals:Warning: Failed to find object 'Object None.'
[2015.01.23-02.33.34:311][289]LogUObjectGlobals:Warning: Failed to find object 'Object None.'
[2015.01.23-02.33.34:312][289]LogProperty:Warning: Illegal TEXT reference to a private object in external package (EdGraphPin /Game/Blueprints/Enemy.Enemy:EventGraph.K2Node_Event_358.EdGraphPin_6124) from referencer (EdGraphPin /Game/Blueprints/MyCharacter.MyCharacter:EventGraph.K2Node_CallFunction_4484.EdGraphPin_6271).  Import failed...
[2015.01.23-02.33.34:312][289]LogProperty:Warning: ObjectProperty /Script/Engine.EdGraphPin:LinkedTo.LinkedTo: unresolved reference to 'EdGraphPin'"K2Node_Event_358.EdGraphPin_6124"''
[2015.01.23-02.33.34:312][289]LogUObjectHash:Warning: Ambiguous search, could be K2Node_CallFunction /Game/Blueprints/MyCharacter.MyCharacter:EventGraph.K2Node_CallFunction_4485 or K2Node_CallFunction /Game/Blueprints/Enemy.Enemy:EventGraph.K2Node_CallFunction_4485
[2015.01.23-02.33.34:312][289]LogProperty:Warning: Illegal TEXT reference to a private object in external package (EdGraphPin /Game/Blueprints/Enemy.Enemy:EventGraph.K2Node_CallFunction_4485.EdGraphPin_6225) from referencer (EdGraphPin /Game/Blueprints/MyCharacter.MyCharacter:EventGraph.K2Node_CallFunction_4484.EdGraphPin_6272).  Import failed...
[2015.01.23-02.33.34:312][289]LogProperty:Warning: ObjectProperty /Script/Engine.EdGraphPin:LinkedTo.LinkedTo: unresolved reference to 'EdGraphPin'"K2Node_CallFunction_4485.EdGraphPin_6225"''
[2015.01.23-02.33.34:312][289]LogUObjectHash:Warning: Ambiguous search, could be K2Node_CallFunction /Game/Blueprints/MyCharacter.MyCharacter:EventGraph.K2Node_CallFunction_4507 or K2Node_CallFunction /Game/Blueprints/Enemy.Enemy:EventGraph.K2Node_CallFunction_4507
[2015.01.23-02.33.34:312][289]LogProperty:Warning: Illegal TEXT reference to a private object in external package (EdGraphPin /Game/Blueprints/Enemy.Enemy:EventGraph.K2Node_CallFunction_4507.EdGraphPin_6212) from referencer (EdGraphPin /Game/Blueprints/MyCharacter.MyCharacter:EventGraph.K2Node_CallFunction_4484.EdGraphPin_6273).  Import failed...
[2015.01.23-02.33.34:312][289]LogProperty:Warning: ObjectProperty /Script/Engine.EdGraphPin:LinkedTo.LinkedTo: unresolved reference to 'EdGraphPin'"K2Node_CallFunction_4507.EdGraphPin_6212"''
[2015.01.23-02.33.34:313][289]LogUObjectHash:Warning: Ambiguous search, could be K2Node_CallFunction /Game/Blueprints/MyCharacter.MyCharacter:EventGraph.K2Node_CallFunction_4485 or K2Node_CallFunction /Game/Blueprints/Enemy.Enemy:EventGraph.K2Node_CallFunction_4485
[2015.01.23-02.33.34:313][289]LogProperty:Warning: Illegal TEXT reference to a private object in external package (EdGraphPin /Game/Blueprints/Enemy.Enemy:EventGraph.K2Node_CallFunction_4485.EdGraphPin_6223) from referencer (EdGraphPin /Game/Blueprints/MyCharacter.MyCharacter:EventGraph.K2Node_VariableGet_1848.EdGraphPin_6240).  Import failed...
[2015.01.23-02.33.34:313][289]LogProperty:Warning: ObjectProperty /Script/Engine.EdGraphPin:LinkedTo.LinkedTo: unresolved reference to 'EdGraphPin'"K2Node_CallFunction_4485.EdGraphPin_6223"''
[2015.01.23-02.33.34:315][289]LogUObjectHash:Warning: Ambiguous search, could be K2Node_CallFunction /Game/Blueprints/MyCharacter.MyCharacter:EventGraph.K2Node_CallFunction_4507 or K2Node_CallFunction /Game/Blueprints/Enemy.Enemy:EventGraph.K2Node_CallFunction_4507
[2015.01.23-02.33.34:315][289]LogProperty:Warning: Illegal TEXT reference to a private object in external package (EdGraphPin /Game/Blueprints/Enemy.Enemy:EventGraph.K2Node_CallFunction_4507.EdGraphPin_6211) from referencer (EdGraphPin /Game/Blueprints/MyCharacter.MyCharacter:EventGraph.K2Node_VariableGet_1854.EdGraphPin_6234).  Import failed...
[2015.01.23-02.33.34:315][289]LogProperty:Warning: ObjectProperty /Script/Engine.EdGraphPin:LinkedTo.LinkedTo: unresolved reference to 'EdGraphPin'"K2Node_CallFunction_4507.EdGraphPin_6211"''
[2015.01.23-02.33.34:317][289]LogUObjectHash:Warning: Ambiguous search, could be K2Node_CallFunction /Game/Blueprints/MyCharacter.MyCharacter:EventGraph.K2Node_CallFunction_2207 or K2Node_CallFunction /Game/Blueprints/Enemy.Enemy:EventGraph.K2Node_CallFunction_2207
[2015.01.23-02.33.34:317][289]LogProperty:Warning: Illegal TEXT reference to a private object in external package (EdGraphPin /Game/Blueprints/Enemy.Enemy:EventGraph.K2Node_CallFunction_2207.EdGraphPin_17446) from referencer (EdGraphPin /Game/Blueprints/MyCharacter.MyCharacter:EventGraph.K2Node_CallFunction_4507.EdGraphPin_6213).  Import failed...
[2015.01.23-02.33.34:317][289]LogProperty:Warning: ObjectProperty /Script/Engine.EdGraphPin:LinkedTo.LinkedTo: unresolved reference to 'EdGraphPin'"K2Node_CallFunction_2207.EdGraphPin_17446"''
[2015.01.23-02.33.34:317][289]LogUObjectHash:Warning: Ambiguous search, could be K2Node_VariableSet /Game/Blueprints/MyCharacter.MyCharacter:EventGraph.K2Node_VariableSet_291 or K2Node_VariableSet /Game/Blueprints/Enemy.Enemy:EventGraph.K2Node_VariableSet_291
[2015.01.23-02.33.34:317][289]LogProperty:Warning: Illegal TEXT reference to a private object in external package (EdGraphPin /Game/Blueprints/Enemy.Enemy:EventGraph.K2Node_VariableSet_291.EdGraphPin_17455) from referencer (EdGraphPin /Game/Blueprints/MyCharacter.MyCharacter:EventGraph.K2Node_CallFunction_4507.EdGraphPin_6213).  Import failed...
[2015.01.23-02.33.34:317][289]LogProperty:Warning: ObjectProperty /Script/Engine.EdGraphPin:LinkedTo.LinkedTo: unresolved reference to 'EdGraphPin'"K2Node_VariableSet_291.EdGraphPin_17455"''
[2015.01.23-02.33.34:318][289]LogUObjectHash:Warning: Ambiguous search, could be K2Node_IfThenElse /Game/Blueprints/MyCharacter.MyCharacter:EventGraph.K2Node_IfThenElse_98 or K2Node_IfThenElse /Game/Blueprints/Enemy.Enemy:EventGraph.K2Node_IfThenElse_98
[2015.01.23-02.33.34:318][289]LogProperty:Warning: Illegal TEXT reference to a private object in external package (EdGraphPin /Game/Blueprints/Enemy.Enemy:EventGraph.K2Node_IfThenElse_98.EdGraphPin_17451) from referencer (EdGraphPin /Game/Blueprints/MyCharacter.MyCharacter:EventGraph.K2Node_VariableSet_2377.EdGraphPin_6186).  Import failed...
[2015.01.23-02.33.34:318][289]LogProperty:Warning: ObjectProperty /Script/Engine.EdGraphPin:LinkedTo.LinkedTo: unresolved reference to 'EdGraphPin'"K2Node_IfThenElse_98.EdGraphPin_17451"''
[2015.01.23-02.33.34:320][289]LogUObjectHash:Warning: Ambiguous search, could be K2Node_IfThenElse /Game/Blueprints/MyCharacter.MyCharacter:EventGraph.K2Node_IfThenElse_98 or K2Node_IfThenElse /Game/Blueprints/Enemy.Enemy:EventGraph.K2Node_IfThenElse_98
[2015.01.23-02.33.34:320][289]LogProperty:Warning: Illegal TEXT reference to a private object in external package (EdGraphPin /Game/Blueprints/Enemy.Enemy:EventGraph.K2Node_IfThenElse_98.EdGraphPin_17450) from referencer (EdGraphPin /Game/Blueprints/MyCharacter.MyCharacter:EventGraph.K2Node_CallFunction_2207.EdGraphPin_17448).  Import failed...
[2015.01.23-02.33.34:320][289]LogProperty:Warning: ObjectProperty /Script/Engine.EdGraphPin:LinkedTo.LinkedTo: unresolved reference to 'EdGraphPin'"K2Node_IfThenElse_98.EdGraphPin_17450"''
[2015.01.23-02.33.34:321][289]LogProperty:Warning: Illegal TEXT reference to a private object in external package (EdGraphPin /Game/Blueprints/Enemy.Enemy:EventGraph.K2Node_Event_358.EdGraphPin_6123) from referencer (EdGraphPin /Game/Blueprints/MyCharacter.MyCharacter:EventGraph.K2Node_IfThenElse_98.EdGraphPin_17449).  Import failed...
[2015.01.23-02.33.34:321][289]LogProperty:Warning: ObjectProperty /Script/Engine.EdGraphPin:LinkedTo.LinkedTo: unresolved reference to 'EdGraphPin'"K2Node_Event_358.EdGraphPin_6123"''
[2015.01.23-02.33.34:321][289]LogUObjectHash:Warning: Ambiguous search, could be K2Node_VariableSet /Game/Blueprints/MyCharacter.MyCharacter:EventGraph.K2Node_VariableSet_291 or K2Node_VariableSet /Game/Blueprints/Enemy.Enemy:EventGraph.K2Node_VariableSet_291
[2015.01.23-02.33.34:321][289]LogProperty:Warning: Illegal TEXT reference to a private object in external package (EdGraphPin /Game/Blueprints/Enemy.Enemy:EventGraph.K2Node_VariableSet_291.EdGraphPin_17453) from referencer (EdGraphPin /Game/Blueprints/MyCharacter.MyCharacter:EventGraph.K2Node_IfThenElse_98.EdGraphPin_17452).  Import failed...
[2015.01.23-02.33.34:321][289]LogProperty:Warning: ObjectProperty /Script/Engine.EdGraphPin:LinkedTo.LinkedTo: unresolved reference to 'EdGraphPin'"K2Node_VariableSet_291.EdGraphPin_17453"''
[2015.01.23-02.34.07:015][480]BlueprintLog: New page: Compile MyCharacter
[2015.01.23-02.34.07:269][480]LogPropertyNode:Warning: UI Min (0.001) >= UI Max () for Ranged Numeric
[2015.01.23-02.34.07:271][480]LogPropertyNode:Warning: UI Min (0.001) >= UI Max () for Ranged Numeric
[2015.01.23-02.34.07:355][480]LogActorComponent: UnregisterComponent: (/Engine/Transient.CharacterMovementComponent_10) Not registered. Aborting.
[2015.01.23-02.34.07:446][480]LogPropertyNode:Warning: UI Min (0.001) >= UI Max () for Ranged Numeric
[2015.01.23-02.34.07:447][480]LogPropertyNode:Warning: UI Min (0.001) >= UI Max () for Ranged Numeric
[2015.01.23-02.34.07:514][480]BlueprintEditorCompileResults: Info [1136.56] Compile of MyCharacter successful! [in 362 ms]
[2015.01.23-02.34.08:348][492]Cmd: OBJ SAVEPACKAGE PACKAGE="/Game/Blueprints/MyCharacter" FILE="../../../../../../Users/Zim/Documents/Unreal Projects/KodainaKingdom/Content/Blueprints/MyCharacter.uasset" SILENT=true
[2015.01.23-02.34.09:246][492]LogSavePackage: Save=777.353882ms
[2015.01.23-02.34.09:246][492]LogSavePackage: Moving '../../../../../../Users/Zim/Documents/Unreal Projects/KodainaKingdom/Saved/MyCharacterB0ADA4514E1A5B0F3F7119B37BB3D470.tmp' to '../../../../../../Users/Zim/Documents/Unreal Projects/KodainaKingdom/Content/Blueprints/MyCharacter.uasset'
[2015.01.23-02.34.51:898][350]BlueprintLog: New page: Compile Enemy
[2015.01.23-02.34.51:973][350]LogActorComponent: UnregisterComponent: (/Engine/Transient.CharacterMovementComponent_11) Not registered. Aborting.
[2015.01.23-02.34.52:022][350]BlueprintEditorCompileResults: Info [1181.07] Compile of Enemy successful! [in 115 ms]
[2015.01.23-02.34.52:530][367]Cmd: OBJ SAVEPACKAGE PACKAGE="/Game/Blueprints/Enemy" FILE="../../../../../../Users/Zim/Documents/Unreal Projects/KodainaKingdom/Content/Blueprints/Enemy.uasset" SILENT=true
[2015.01.23-02.34.53:016][367]LogSavePackage: Save=361.830536ms
[2015.01.23-02.34.53:016][367]LogSavePackage: Moving '../../../../../../Users/Zim/Documents/Unreal Projects/KodainaKingdom/Saved/EnemyFC93449F4F1E61B4FAF94083DB57D522.tmp' to '../../../../../../Users/Zim/Documents/Unreal Projects/KodainaKingdom/Content/Blueprints/Enemy.uasset'
[2015.01.23-02.34.54:214][412]Cmd: OBJ SAVEPACKAGE PACKAGE="/Game/Maps/TestLevel" FILE="../../../../../../Users/Zim/Documents/Unreal Projects/KodainaKingdom/Content/Maps/TestLevel.umap" SILENT=true AUTOSAVING=false KEEPDIRTY=false
[2015.01.23-02.34.54:404][412]LogSavePackage: Save=39.343567ms
[2015.01.23-02.34.54:404][412]LogSavePackage: Moving '../../../../../../Users/Zim/Documents/Unreal Projects/KodainaKingdom/Saved/TestLevelBFAB0A2F4CF6E523CF6ACE8F933A3F57.tmp' to '../../../../../../Users/Zim/Documents/Unreal Projects/KodainaKingdom/Content/Maps/TestLevel.umap'
[2015.01.23-02.34.54:530][412]LogFileHelpers: Saving map 'TestLevel' took 0.463
[2015.01.23-02.34.54:533][412]Cmd: OBJ SAVEPACKAGE PACKAGE="/Game/Blueprints/MyCharacter" FILE="../../../../../../Users/Zim/Documents/Unreal Projects/KodainaKingdom/Content/Blueprints/MyCharacter.uasset" SILENT=true
[2015.01.23-02.34.54:932][412]LogSavePackage: Save=282.164124ms
[2015.01.23-02.34.54:932][412]LogSavePackage: Moving '../../../../../../Users/Zim/Documents/Unreal Projects/KodainaKingdom/Saved/MyCharacter2BE263F04DCA12BFA5AA6AA313BC2B3F.tmp' to '../../../../../../Users/Zim/Documents/Unreal Projects/KodainaKingdom/Content/Blueprints/MyCharacter.uasset'
[2015.01.23-02.37.53:960][888]LogContentBrowser:Verbose: The content browser source was changed by the sources view to '/Game/Data'
[2015.01.23-02.39.12:639][568]LogActorComponent: UnregisterComponent: (/Engine/Transient.CharacterMovementComponent_12) Not registered. Aborting.
[2015.01.23-02.39.19:092][795]BlueprintLog: New page: Pre-PIE auto-recompile
[2015.01.23-02.39.19:099][795]LogPlayLevel: [PIE] Compiling Tutorial_BP_MacroLib before PIE...
[2015.01.23-02.39.19:158][795]LogPlayLevel: [PIE] Compiling TestLevel before PIE...
[2015.01.23-02.39.19:221][795]LogPlayLevel: [PIE] Compiling RollingMovingHUD before PIE...
[2015.01.23-02.39.19:390][795]LogPropertyNode:Warning: UI Min (0.001) >= UI Max () for Ranged Numeric
[2015.01.23-02.39.19:391][795]LogPropertyNode:Warning: UI Min (0.001) >= UI Max () for Ranged Numeric
[2015.01.23-02.39.19:452][795]LogPlayLevel: [PIE] Compiling BattleHUD before PIE...
[2015.01.23-02.39.19:595][795]LogPropertyNode:Warning: UI Min (0.001) >= UI Max () for Ranged Numeric
[2015.01.23-02.39.19:596][795]LogPropertyNode:Warning: UI Min (0.001) >= UI Max () for Ranged Numeric
[2015.01.23-02.39.19:643][795]LogPlayLevel: [PIE] Compiling MyCharacter before PIE...
[2015.01.23-02.39.19:904][795]LogPropertyNode:Warning: UI Min (0.001) >= UI Max () for Ranged Numeric
[2015.01.23-02.39.19:905][795]LogPropertyNode:Warning: UI Min (0.001) >= UI Max () for Ranged Numeric
[2015.01.23-02.39.20:024][795]LogPropertyNode:Warning: UI Min (0.001) >= UI Max () for Ranged Numeric
[2015.01.23-02.39.20:026][795]LogPropertyNode:Warning: UI Min (0.001) >= UI Max () for Ranged Numeric
[2015.01.23-02.39.20:185][795]LogPlayLevel: [PIE] Compiling Enemy before PIE...
[2015.01.23-02.39.20:361][795]LogPlayLevel: PIE:  Blueprint regeneration took 1268 ms (6 blueprints)
[2015.01.23-02.39.20:361][795]PIE: New page: PIE session: TestLevel (Jan 22, 2015, 4:39:20 PM)
[2015.01.23-02.39.20:367][795]LogPlayLevel: PIE: StaticDuplicateObject took: (0.005523s)
[2015.01.23-02.39.20:368][795]LogPlayLevel: PIE: World Init took: (0.000751s)
[2015.01.23-02.39.20:368][795]LogPlayLevel: PIE: Created PIE world by copying editor world from /Game/Maps/TestLevel.TestLevel to /Game/Maps/UEDPIE_0_TestLevel.TestLevel (0.006503s)
[2015.01.23-02.39.20:535][795]LogWorld: Game class is 'Kodaina_C'
[2015.01.23-02.39.20:538][795]LogAIModule: Creating AISystem for world TestLevel
[2015.01.23-02.39.20:540][795]LogWorld: Bringing World /Game/Maps/UEDPIE_0_TestLevel.TestLevel up for play (max tick rate 60) at 2015.01.22-21.39.20
[2015.01.23-02.39.20:542][795]LogWorld: Bringing up level for play took: 0.003748
[2015.01.23-02.39.20:554][795]PIE: Info Play in editor start time for /Game/Maps/UEDPIE_0_TestLevel 1.519
[2015.01.23-02.39.20:596][795]LogRenderer:Warning: Reallocating scene render targets to support 1296x896.
[2015.01.23-02.39.43:316][ 80]LogParticles: Destroying 0 GPU particle simulations for FXSystem 0x0000000893E979C0
[2015.01.23-02.40.21:153][166]Cmd: OBJ SAVEPACKAGE PACKAGE="/Game/Maps/TestLevel" FILE="../../../../../../Users/Zim/Documents/Unreal Projects/KodainaKingdom/Content/Maps/TestLevel.umap" SILENT=true AUTOSAVING=false KEEPDIRTY=false
[2015.01.23-02.40.21:377][166]LogSavePackage: Save=47.313797ms
[2015.01.23-02.40.21:377][166]LogSavePackage: Moving '../../../../../../Users/Zim/Documents/Unreal Projects/KodainaKingdom/Saved/TestLevel9C43471F42FF7A70999A99AF7518FD93.tmp' to '../../../../../../Users/Zim/Documents/Unreal Projects/KodainaKingdom/Content/Maps/TestLevel.umap'
[2015.01.23-02.40.21:502][166]LogFileHelpers: Saving map 'TestLevel' took 0.504
[2015.01.23-02.40.21:533][166]Cmd: OBJ SAVEPACKAGE PACKAGE="/Game/Blueprints/MyCharacter" FILE="../../../../../../Users/Zim/Documents/Unreal Projects/KodainaKingdom/Content/Blueprints/MyCharacter.uasset" SILENT=true
[2015.01.23-02.40.22:470][166]LogSavePackage: Save=808.388977ms
[2015.01.23-02.40.22:470][166]LogSavePackage: Moving '../../../../../../Users/Zim/Documents/Unreal Projects/KodainaKingdom/Saved/MyCharacter0F500C9E4AFCADD2AFCA1DBE865D385B.tmp' to '../../../../../../Users/Zim/Documents/Unreal Projects/KodainaKingdom/Content/Blueprints/MyCharacter.uasset'
[2015.01.23-02.40.24:069][250]LogContentBrowser:Verbose: The content browser source was changed by the sources view to '/Game/Flipbooks'
[2015.01.23-02.40.26:708][407]LogContentBrowser:Verbose: The content browser source was changed by the sources view to '/Game/Blueprints'
[2015.01.23-02.40.28:523][480]LogContentBrowser:Verbose: The content browser source was changed by the sources view to '/Game/Blueprints/Interfaces'
[2015.01.23-02.40.33:754][744]LogContentBrowser:Verbose: The content browser source was changed by the sources view to '/Game/Blueprints'
[2015.01.23-02.40.55:465][617]LogUObjectGlobals:Warning: Failed to find object 'Object None.'
[2015.01.23-02.40.55:465][617]LogUObjectGlobals:Warning: Failed to find object 'Object None.'
[2015.01.23-02.42.57:053][275]Cmd: OBJ SAVEPACKAGE PACKAGE="/Game/Blueprints/Enemy" FILE="../../../../../../Users/Zim/Documents/Unreal Projects/KodainaKingdom/Content/Blueprints/Enemy.uasset" SILENT=true
[2015.01.23-02.42.57:570][275]LogSavePackage: Save=381.772369ms
[2015.01.23-02.42.57:570][275]LogSavePackage: Moving '../../../../../../Users/Zim/Documents/Unreal Projects/KodainaKingdom/Saved/Enemy450DB9864BE24B2B92E359BB370D3545.tmp' to '../../../../../../Users/Zim/Documents/Unreal Projects/KodainaKingdom/Content/Blueprints/Enemy.uasset'
[2015.01.23-02.43.08:416][728]BlueprintLog: New page: Compile BattleHUD
[2015.01.23-02.43.08:536][728]LogActorComponent: UnregisterComponent: (/Engine/Transient.CharacterMovementComponent_13) Not registered. Aborting.
[2015.01.23-02.43.08:616][728]BlueprintEditorCompileResults: Info [1677.66] Compile of BattleHUD successful! [in 172 ms]
[2015.01.23-02.43.09:035][737]Cmd: OBJ SAVEPACKAGE PACKAGE="/Game/Blueprints/BattleHUD" FILE="../../../../../../Users/Zim/Documents/Unreal Projects/KodainaKingdom/Content/Blueprints/BattleHUD.uasset" SILENT=true
[2015.01.23-02.43.09:239][737]LogSavePackage: Save=53.898926ms
[2015.01.23-02.43.09:239][737]LogSavePackage: Moving '../../../../../../Users/Zim/Documents/Unreal Projects/KodainaKingdom/Saved/BattleHUD17C4DBDF48DEE324EB7702822AD165A9.tmp' to '../../../../../../Users/Zim/Documents/Unreal Projects/KodainaKingdom/Content/Blueprints/BattleHUD.uasset'
[2015.01.23-02.50.28:410][608]LogFileHelpers: Editor autosave (incl. sublevels) for '/Game/Maps/TestLevel' took 0.040
[2015.01.23-02.50.28:450][608]OBJ SavePackage: Generating thumbnails for [0] asset(s) in package [/Game/Blueprints/BattleHUD] ([1] browsable assets)...
[2015.01.23-02.50.28:450][608]OBJ SavePackage: Finished generating thumbnails for package [/Game/Blueprints/BattleHUD]
[2015.01.23-02.50.28:729][608]LogSavePackage: Save=90.856300ms
[2015.01.23-02.50.28:729][608]LogSavePackage: Moving '../../../../../../Users/Zim/Documents/Unreal Projects/KodainaKingdom/Saved/BattleHUD_Auto26594797E4FCBD72E864071B21BD34D06.tmp' to '../../../../../../Users/Zim/Documents/Unreal Projects/KodainaKingdom/Saved/Autosaves/Game/Blueprints/BattleHUD_Auto2.uasset'
[2015.01.23-02.50.28:734][608]LogFileHelpers: Auto-saving content packages took 0.324
[2015.01.23-02.50.32:202][751]LogUObjectGlobals:Warning: Failed to find object 'Object None.'
[2015.01.23-02.50.32:202][751]LogUObjectGlobals:Warning: Failed to find object 'Object None.'
[2015.01.23-02.50.32:203][751]LogUObjectGlobals:Warning: Failed to find object 'Object None.'
[2015.01.23-02.50.32:203][751]LogUObjectGlobals:Warning: Failed to find object 'Object None.'
[2015.01.23-02.50.32:203][751]LogUObjectGlobals:Warning: Failed to find object 'Object None.'
[2015.01.23-02.50.32:203][751]LogUObjectGlobals:Warning: Failed to find object 'Object None.'
[2015.01.23-02.50.32:204][751]LogProperty:Warning: ObjectProperty /Script/Engine.EdGraphPin:LinkedTo.LinkedTo: unresolved reference to 'EdGraphPin'"K2Node_CallFunction_6586.EdGraphPin_1597"''
[2015.01.23-02.50.32:204][751]LogProperty:Warning: ObjectProperty /Script/Engine.EdGraphPin:LinkedTo.LinkedTo: unresolved reference to 'EdGraphPin'"K2Node_CallFunction_6586.EdGraphPin_1595"''
[2015.01.23-02.50.32:205][751]LogProperty:Warning: ObjectProperty /Script/Engine.EdGraphPin:LinkedTo.LinkedTo: unresolved reference to 'EdGraphPin'"K2Node_CallFunction_6587.EdGraphPin_1919"''
[2015.01.23-02.50.32:206][751]LogProperty:Warning: ObjectProperty /Script/Engine.EdGraphPin:LinkedTo.LinkedTo: unresolved reference to 'EdGraphPin'"K2Node_DynamicCast_836.EdGraphPin_20061"''
[2015.01.23-02.50.32:207][751]LogProperty:Warning: ObjectProperty /Script/Engine.EdGraphPin:LinkedTo.LinkedTo: unresolved reference to 'EdGraphPin'"K2Node_DynamicCast_836.EdGraphPin_20064"''
[2015.01.23-02.50.32:208][751]LogProperty:Warning: ObjectProperty /Script/Engine.EdGraphPin:LinkedTo.LinkedTo: unresolved reference to 'EdGraphPin'"K2Node_VariableSet_4439.EdGraphPin_20079"''
[2015.01.23-02.50.32:209][751]LogProperty:Warning: ObjectProperty /Script/Engine.EdGraphPin:LinkedTo.LinkedTo: unresolved reference to 'EdGraphPin'"K2Node_VariableSet_4439.EdGraphPin_20076"''
[2015.01.23-02.51.24:400][735]LogUObjectGlobals:Warning: Failed to find object 'Object None.'
[2015.01.23-02.51.24:400][735]LogUObjectGlobals:Warning: Failed to find object 'Object None.'
[2015.01.23-02.51.24:400][735]LogUObjectGlobals:Warning: Failed to find object 'Object None.'
[2015.01.23-02.51.24:401][735]LogUObjectGlobals:Warning: Failed to find object 'Object None.'
[2015.01.23-02.51.24:401][735]LogUObjectGlobals:Warning: Failed to find object 'Object None.'
[2015.01.23-02.51.24:401][735]LogUObjectGlobals:Warning: Failed to find object 'Object None.'
[2015.01.23-02.51.24:401][735]LogUObjectGlobals:Warning: Failed to find object 'Object None.'
[2015.01.23-02.51.24:401][735]LogUObjectGlobals:Warning: Failed to find object 'Object None.'
[2015.01.23-02.51.24:401][735]LogUObjectGlobals:Warning: Failed to find object 'Object None.'
[2015.01.23-02.51.24:401][735]LogUObjectGlobals:Warning: Failed to find object 'Object None.'
[2015.01.23-02.51.24:402][735]LogUObjectGlobals:Warning: Failed to find object 'Object None.'
[2015.01.23-02.51.24:402][735]LogUObjectGlobals:Warning: Failed to find object 'Object None.'
[2015.01.23-02.51.24:402][735]LogUObjectGlobals:Warning: Failed to find object 'Object None.'
[2015.01.23-02.51.24:402][735]LogUObjectGlobals:Warning: Failed to find object 'Object None.'
[2015.01.23-02.51.24:402][735]LogUObjectGlobals:Warning: Failed to find object 'Object None.'
[2015.01.23-02.51.24:403][735]LogProperty:Warning: ObjectProperty /Script/Engine.EdGraphPin:LinkedTo.LinkedTo: unresolved reference to 'EdGraphPin'"K2Node_Message_54.EdGraphPin_6815"''
[2015.01.23-02.51.24:407][735]LogProperty:Warning: ObjectProperty /Script/Engine.EdGraphPin:LinkedTo.LinkedTo: unresolved reference to 'EdGraphPin'"K2Node_CallFunction_5921.EdGraphPin_20050"''
[2015.01.23-02.51.24:407][735]LogProperty:Warning: ObjectProperty /Script/Engine.EdGraphPin:LinkedTo.LinkedTo: unresolved reference to 'EdGraphPin'"K2Node_CallFunction_5921.EdGraphPin_20052"''
[2015.01.23-02.51.24:408][735]LogProperty:Warning: ObjectProperty /Script/Engine.EdGraphPin:LinkedTo.LinkedTo: unresolved reference to 'EdGraphPin'"K2Node_Message_59.EdGraphPin_6830"''
[2015.01.23-02.51.24:409][735]LogProperty:Warning: ObjectProperty /Script/Engine.EdGraphPin:LinkedTo.LinkedTo: unresolved reference to 'EdGraphPin'"K2Node_VariableSet_2866.EdGraphPin_1538"''
[2015.01.23-02.51.24:409][735]LogProperty:Warning: ObjectProperty /Script/Engine.EdGraphPin:LinkedTo.LinkedTo: unresolved reference to 'EdGraphPin'"K2Node_CallFunction_4591.EdGraphPin_1640"''
[2015.01.23-02.51.24:410][735]LogProperty:Warning: ObjectProperty /Script/Engine.EdGraphPin:LinkedTo.LinkedTo: unresolved reference to 'EdGraphPin'"K2Node_VariableSet_2866.EdGraphPin_1540"''
[2015.01.23-02.51.24:410][735]LogProperty:Warning: ObjectProperty /Script/Engine.EdGraphPin:LinkedTo.LinkedTo: unresolved reference to 'EdGraphPin'"K2Node_VariableSet_2868.EdGraphPin_1528"''
[2015.01.23-02.51.24:412][735]LogProperty:Warning: ObjectProperty /Script/Engine.EdGraphPin:LinkedTo.LinkedTo: unresolved reference to 'EdGraphPin'"K2Node_VariableSet_2868.EdGraphPin_1526"''
[2015.01.23-02.51.24:414][735]LogProperty:Warning: ObjectProperty /Script/Engine.EdGraphPin:LinkedTo.LinkedTo: unresolved reference to 'EdGraphPin'"K2Node_CallFunction_5921.EdGraphPin_20049"''
[2015.01.23-02.51.24:415][735]LogProperty:Warning: ObjectProperty /Script/Engine.EdGraphPin:LinkedTo.LinkedTo: unresolved reference to 'EdGraphPin'"K2Node_Message_66.EdGraphPin_6854"''
[2015.01.23-02.51.24:415][735]LogProperty:Warning: ObjectProperty /Script/Engine.EdGraphPin:LinkedTo.LinkedTo: unresolved reference to 'EdGraphPin'"K2Node_VariableGet_2855.EdGraphPin_1550"''
[2015.01.23-02.51.24:416][735]LogProperty:Warning: ObjectProperty /Script/Engine.EdGraphPin:LinkedTo.LinkedTo: unresolved reference to 'EdGraphPin'"K2Node_Message_66.EdGraphPin_6857"''
[2015.01.23-02.51.24:417][735]LogProperty:Warning: ObjectProperty /Script/Engine.EdGraphPin:LinkedTo.LinkedTo: unresolved reference to 'EdGraphPin'"K2Node_CallFunction_5921.EdGraphPin_20051"''
[2015.01.23-02.51.24:418][735]LogProperty:Warning: ObjectProperty /Script/Engine.EdGraphPin:LinkedTo.LinkedTo: unresolved reference to 'EdGraphPin'"K2Node_Message_150.EdGraphPin_6866"''
[2015.01.23-02.51.24:418][735]LogProperty:Warning: ObjectProperty /Script/Engine.EdGraphPin:LinkedTo.LinkedTo: unresolved reference to 'EdGraphPin'"K2Node_VariableGet_2878.EdGraphPin_1574"''
[2015.01.23-02.51.24:420][735]LogProperty:Warning: ObjectProperty /Script/Engine.EdGraphPin:LinkedTo.LinkedTo: unresolved reference to 'EdGraphPin'"K2Node_VariableGet_3300.EdGraphPin_1556"''
[2015.01.23-02.51.29:763][907]BlueprintLog: New page: Compile BattleHUD
[2015.01.23-02.51.29:839][907]LogBlueprint:Warning: [compiler] Warning Type mismatch between pins  Target  and  Character 
[2015.01.23-02.51.29:840][907]LogBlueprint:Warning: [compiler] Warning Type mismatch between pins  Character  and  Target 
[2015.01.23-02.51.29:985][907]LogBlueprint:Warning: [compiler] Warning [2179.03] Compile of BattleHUD successful, but with 2 Warning(s) [in 182 ms]
[2015.01.23-02.51.29:985][907]BlueprintEditorCompileResults:Warning: Warning Type mismatch between pins  Target  and  Character 
[2015.01.23-02.51.29:986][907]BlueprintEditorCompileResults:Warning: Warning Type mismatch between pins  Character  and  Target 
[2015.01.23-02.51.29:986][907]BlueprintEditorCompileResults:Warning: Warning [2179.03] Compile of BattleHUD successful, but with 2 Warning(s) [in 182 ms]
[2015.01.23-02.51.30:585][920]Cmd: OBJ SAVEPACKAGE PACKAGE="/Game/Blueprints/BattleHUD" FILE="../../../../../../Users/Zim/Documents/Unreal Projects/KodainaKingdom/Content/Blueprints/BattleHUD.uasset" SILENT=true
[2015.01.23-02.51.30:797][920]LogSavePackage: Save=69.310410ms
[2015.01.23-02.51.30:797][920]LogSavePackage: Moving '../../../../../../Users/Zim/Documents/Unreal Projects/KodainaKingdom/Saved/BattleHUD78F0ED634B433E01D315FF90C6B52302.tmp' to '../../../../../../Users/Zim/Documents/Unreal Projects/KodainaKingdom/Content/Blueprints/BattleHUD.uasset'
[2015.01.23-02.51.35:625][ 91]LogContentBrowser:Verbose: The content browser source was changed by the sources view to 'None'
[2015.01.23-02.51.35:625][ 91]LogContentBrowser:Verbose: The content browser source was changed by the sources view to '/Game/Blueprints'
[2015.01.23-02.51.37:594][160]BlueprintLog: New page: Compile BattleHUD
[2015.01.23-02.51.37:663][160]LogBlueprint:Warning: [compiler] Warning Type mismatch between pins  Target  and  Character 
[2015.01.23-02.51.37:663][160]LogBlueprint:Warning: [compiler] Warning Type mismatch between pins  Character  and  Target 
[2015.01.23-02.51.37:802][160]LogBlueprint:Warning: [compiler] Warning [2186.85] Compile of BattleHUD successful, but with 2 Warning(s) [in 170 ms]
[2015.01.23-02.51.37:802][160]BlueprintEditorCompileResults:Warning: Warning Type mismatch between pins  Target  and  Character 
[2015.01.23-02.51.37:802][160]BlueprintEditorCompileResults:Warning: Warning Type mismatch between pins  Character  and  Target 
[2015.01.23-02.51.37:802][160]BlueprintEditorCompileResults:Warning: Warning [2186.85] Compile of BattleHUD successful, but with 2 Warning(s) [in 170 ms]
[2015.01.23-02.51.43:835][392]BlueprintLog: New page: Compile BattleHUD
[2015.01.23-02.51.44:035][392]BlueprintEditorCompileResults: Info [2193.08] Compile of BattleHUD successful! [in 164 ms]
[2015.01.23-02.51.58:035][915]BlueprintLog: New page: Compile BattleHUD
[2015.01.23-02.51.58:246][915]BlueprintEditorCompileResults: Info [2207.29] Compile of BattleHUD successful! [in 167 ms]
[2015.01.23-02.52.37:340][284]BlueprintLog: New page: Compile BattleHUD
[2015.01.23-02.52.37:553][284]BlueprintEditorCompileResults: Info [2246.60] Compile of BattleHUD successful! [in 174 ms]
[2015.01.23-02.53.15:939][677]BlueprintLog: New page: Compile BattleHUD
[2015.01.23-02.53.16:247][677]BlueprintEditorCompileResults: Info [2285.29] Compile of BattleHUD successful! [in 264 ms]
[2015.01.23-02.53.16:796][688]Cmd: OBJ SAVEPACKAGE PACKAGE="/Game/Blueprints/BattleHUD" FILE="../../../../../../Users/Zim/Documents/Unreal Projects/KodainaKingdom/Content/Blueprints/BattleHUD.uasset" SILENT=true
[2015.01.23-02.53.17:015][688]LogSavePackage: Save=78.696541ms
[2015.01.23-02.53.17:015][688]LogSavePackage: Moving '../../../../../../Users/Zim/Documents/Unreal Projects/KodainaKingdom/Saved/BattleHUD898D56074C6BC9CD4FBDD3A835F69913.tmp' to '../../../../../../Users/Zim/Documents/Unreal Projects/KodainaKingdom/Content/Blueprints/BattleHUD.uasset'
[2015.01.23-02.54.34:938][425]BlueprintLog: New page: Compile BattleHUD
[2015.01.23-02.54.35:149][425]BlueprintEditorCompileResults: Info [2364.20] Compile of BattleHUD successful! [in 175 ms]
[2015.01.23-02.54.35:555][430]Cmd: OBJ SAVEPACKAGE PACKAGE="/Game/Blueprints/BattleHUD" FILE="../../../../../../Users/Zim/Documents/Unreal Projects/KodainaKingdom/Content/Blueprints/BattleHUD.uasset" SILENT=true
[2015.01.23-02.54.35:766][430]LogSavePackage: Save=65.759773ms
[2015.01.23-02.54.35:766][430]LogSavePackage: Moving '../../../../../../Users/Zim/Documents/Unreal Projects/KodainaKingdom/Saved/BattleHUD46B4C11F42BA97764B41B1BA58E77611.tmp' to '../../../../../../Users/Zim/Documents/Unreal Projects/KodainaKingdom/Content/Blueprints/BattleHUD.uasset'
[2015.01.23-02.56.01:425][719]BlueprintLog: New page: Compile BattleHUD
[2015.01.23-02.56.01:632][719]BlueprintEditorCompileResults: Info [2450.68] Compile of BattleHUD successful! [in 171 ms]
[2015.01.23-02.56.02:250][734]Cmd: OBJ SAVEPACKAGE PACKAGE="/Game/Blueprints/BattleHUD" FILE="../../../../../../Users/Zim/Documents/Unreal Projects/KodainaKingdom/Content/Blueprints/BattleHUD.uasset" SILENT=true
[2015.01.23-02.56.02:448][734]LogSavePackage: Save=62.802258ms
[2015.01.23-02.56.02:449][734]LogSavePackage: Moving '../../../../../../Users/Zim/Documents/Unreal Projects/KodainaKingdom/Saved/BattleHUD0BDE8C93425CFA74A765EF93AF06CC5B.tmp' to '../../../../../../Users/Zim/Documents/Unreal Projects/KodainaKingdom/Content/Blueprints/BattleHUD.uasset'
[2015.01.23-02.57.32:618][583]LogPropertyNode:Warning: UI Min (0.001) >= UI Max () for Ranged Numeric
[2015.01.23-02.57.32:619][583]LogPropertyNode:Warning: UI Min (0.001) >= UI Max () for Ranged Numeric
[2015.01.23-02.57.33:730][608]BlueprintLog: New page: Compile MyCharacter
[2015.01.23-02.57.34:005][608]LogPropertyNode:Warning: UI Min (0.001) >= UI Max () for Ranged Numeric
[2015.01.23-02.57.34:007][608]LogPropertyNode:Warning: UI Min (0.001) >= UI Max () for Ranged Numeric
[2015.01.23-02.57.34:119][608]LogActorComponent: UnregisterComponent: (/Engine/Transient.CharacterMovementComponent_14) Not registered. Aborting.
[2015.01.23-02.57.34:254][608]LogPropertyNode:Warning: UI Min (0.001) >= UI Max () for Ranged Numeric
[2015.01.23-02.57.34:255][608]LogPropertyNode:Warning: UI Min (0.001) >= UI Max () for Ranged Numeric
[2015.01.23-02.57.34:373][608]BlueprintEditorCompileResults: Info [2543.42] Compile of MyCharacter successful! [in 501 ms]
[2015.01.23-02.57.34:874][609]Cmd: OBJ SAVEPACKAGE PACKAGE="/Game/Blueprints/MyCharacter" FILE="../../../../../../Users/Zim/Documents/Unreal Projects/KodainaKingdom/Content/Blueprints/MyCharacter.uasset" SILENT=true
[2015.01.23-02.57.35:824][609]LogSavePackage: Save=817.805481ms
[2015.01.23-02.57.35:825][609]LogSavePackage: Moving '../../../../../../Users/Zim/Documents/Unreal Projects/KodainaKingdom/Saved/MyCharacter783EFD0340374C032479B782AAF53CC9.tmp' to '../../../../../../Users/Zim/Documents/Unreal Projects/KodainaKingdom/Content/Blueprints/MyCharacter.uasset'
[2015.01.23-02.57.59:174][277]BlueprintLog: New page: Compile BattleHUD
[2015.01.23-02.57.59:315][277]LogActorComponent: UnregisterComponent: (/Engine/Transient.CharacterMovementComponent_15) Not registered. Aborting.
[2015.01.23-02.57.59:388][277]BlueprintEditorCompileResults: Info [2568.43] Compile of BattleHUD successful! [in 176 ms]
[2015.01.23-02.57.59:957][289]Cmd: OBJ SAVEPACKAGE PACKAGE="/Game/Blueprints/BattleHUD" FILE="../../../../../../Users/Zim/Documents/Unreal Projects/KodainaKingdom/Content/Blueprints/BattleHUD.uasset" SILENT=true
[2015.01.23-02.58.00:154][289]LogSavePackage: Save=65.364212ms
[2015.01.23-02.58.00:154][289]LogSavePackage: Moving '../../../../../../Users/Zim/Documents/Unreal Projects/KodainaKingdom/Saved/BattleHUDB81BB5EE4AC99EC7C353318067A9112A.tmp' to '../../../../../../Users/Zim/Documents/Unreal Projects/KodainaKingdom/Content/Blueprints/BattleHUD.uasset'
[2015.01.23-03.00.35:399][558]LogSavePackage: Save=48.516304ms
[2015.01.23-03.00.35:399][558]LogSavePackage: Moving '../../../../../../Users/Zim/Documents/Unreal Projects/KodainaKingdom/Saved/TestLevel_Auto394CB194C413046A276757DB3227A7852.tmp' to '../../../../../../Users/Zim/Documents/Unreal Projects/KodainaKingdom/Saved/Autosaves/Game/Maps/TestLevel_Auto3.umap'
[2015.01.23-03.00.35:412][558]LogFileHelpers: Editor autosave (incl. sublevels) for '/Game/Maps/TestLevel' took 0.278
[2015.01.23-03.00.35:412][558]LogFileHelpers: Editor autosave (incl. sublevels) for all levels took 0.278
[2015.01.23-03.00.35:424][558]OBJ SavePackage: Generating thumbnails for [0] asset(s) in package [/Game/Blueprints/BattleHUD] ([1] browsable assets)...
[2015.01.23-03.00.35:424][558]OBJ SavePackage: Finished generating thumbnails for package [/Game/Blueprints/BattleHUD]
[2015.01.23-03.00.35:670][558]LogSavePackage: Save=114.217918ms
[2015.01.23-03.00.35:670][558]LogSavePackage: Moving '../../../../../../Users/Zim/Documents/Unreal Projects/KodainaKingdom/Saved/BattleHUD_Auto3467D2892454ECF24E38C68BE9253B4CD.tmp' to '../../../../../../Users/Zim/Documents/Unreal Projects/KodainaKingdom/Saved/Autosaves/Game/Blueprints/BattleHUD_Auto3.uasset'
[2015.01.23-03.00.35:675][558]LogFileHelpers: Auto-saving content packages took 0.263
[2015.01.23-03.01.08:740][654]LogUObjectGlobals:Warning: Failed to find object 'Object None.'
[2015.01.23-03.01.08:740][654]LogUObjectGlobals:Warning: Failed to find object 'Object None.'
[2015.01.23-03.01.08:741][654]LogUObjectGlobals:Warning: Failed to find object 'Object None.'
[2015.01.23-03.01.08:741][654]LogUObjectGlobals:Warning: Failed to find object 'Object None.'
[2015.01.23-03.01.08:741][654]LogUObjectGlobals:Warning: Failed to find object 'Object None.'
[2015.01.23-03.01.08:741][654]LogUObjectGlobals:Warning: Failed to find object 'Object None.'
[2015.01.23-03.01.08:741][654]LogUObjectGlobals:Warning: Failed to find object 'Object None.'
[2015.01.23-03.01.08:741][654]LogUObjectGlobals:Warning: Failed to find object 'Object None.'
[2015.01.23-03.01.08:742][654]LogUObjectGlobals:Warning: Failed to find object 'Object None.'
[2015.01.23-03.01.08:742][654]LogUObjectGlobals:Warning: Failed to find object 'Object None.'
[2015.01.23-03.01.08:743][654]LogUObjectHash:Warning: Ambiguous search, could be K2Node_Message /Game/Blueprints/BattleHUD.BattleHUD:EventGraph.K2Node_Message_59 or K2Node_Message /Game/Blueprints/BattleHUD.BattleHUD:ExecuteUbergraph_BattleHUD.K2Node_Message_59
[2015.01.23-03.01.08:743][654]LogProperty:Warning: ObjectProperty /Script/Engine.EdGraphPin:LinkedTo.LinkedTo: unresolved reference to 'EdGraphPin'"K2Node_Message_59.EdGraphPin_20724"''
[2015.01.23-03.01.08:743][654]LogProperty:Warning: ObjectProperty /Script/Engine.EdGraphPin:LinkedTo.LinkedTo: unresolved reference to 'EdGraphPin'"K2Node_CallFunction_3552.EdGraphPin_23901"''
[2015.01.23-03.01.08:744][654]LogProperty:Warning: ObjectProperty /Script/Engine.EdGraphPin:LinkedTo.LinkedTo: unresolved reference to 'EdGraphPin'"K2Node_CallFunction_3552.EdGraphPin_23899"''
[2015.01.23-03.01.08:747][654]LogProperty:Warning: ObjectProperty /Script/Engine.EdGraphPin:LinkedTo.LinkedTo: unresolved reference to 'EdGraphPin'"K2Node_Message_66.EdGraphPin_20763"''
[2015.01.23-03.01.08:747][654]LogProperty:Warning: ObjectProperty /Script/Engine.EdGraphPin:LinkedTo.LinkedTo: unresolved reference to 'EdGraphPin'"K2Node_VariableGet_2855.EdGraphPin_20754"''
[2015.01.23-03.01.08:748][654]LogProperty:Warning: ObjectProperty /Script/Engine.EdGraphPin:LinkedTo.LinkedTo: unresolved reference to 'EdGraphPin'"K2Node_Message_66.EdGraphPin_20760"''
[2015.01.23-03.01.08:749][654]LogProperty:Warning: ObjectProperty /Script/Engine.EdGraphPin:LinkedTo.LinkedTo: unresolved reference to 'EdGraphPin'"K2Node_CallFunction_3552.EdGraphPin_23900"''
[2015.01.23-03.01.08:750][654]LogProperty:Warning: ObjectProperty /Script/Engine.EdGraphPin:LinkedTo.LinkedTo: unresolved reference to 'EdGraphPin'"K2Node_VariableGet_2878.EdGraphPin_20772"''
[2015.01.23-03.01.08:750][654]LogProperty:Warning: ObjectProperty /Script/Engine.EdGraphPin:LinkedTo.LinkedTo: unresolved reference to 'EdGraphPin'"K2Node_Message_150.EdGraphPin_20778"''
[2015.01.23-03.01.08:752][654]LogProperty:Warning: ObjectProperty /Script/Engine.EdGraphPin:LinkedTo.LinkedTo: unresolved reference to 'EdGraphPin'"K2Node_VariableGet_3300.EdGraphPin_20790"''
[2015.01.23-03.01.08:752][654]LogProperty:Warning: ObjectProperty /Script/Engine.EdGraphPin:LinkedTo.LinkedTo: unresolved reference to 'EdGraphPin'"K2Node_VariableSet_1595.EdGraphPin_24259"''
[2015.01.23-03.02.11:614][478]BlueprintLog: New page: Compile BattleHUD
[2015.01.23-03.02.11:871][478]BlueprintEditorCompileResults: Info [2820.92] Compile of BattleHUD successful! [in 216 ms]
[2015.01.23-03.02.12:319][485]Cmd: OBJ SAVEPACKAGE PACKAGE="/Game/Blueprints/BattleHUD" FILE="../../../../../../Users/Zim/Documents/Unreal Projects/KodainaKingdom/Content/Blueprints/BattleHUD.uasset" SILENT=true
[2015.01.23-03.02.12:580][485]LogSavePackage: Save=128.022781ms
[2015.01.23-03.02.12:580][485]LogSavePackage: Moving '../../../../../../Users/Zim/Documents/Unreal Projects/KodainaKingdom/Saved/BattleHUD8C862842449CFD1105889BB724D36B36.tmp' to '../../../../../../Users/Zim/Documents/Unreal Projects/KodainaKingdom/Content/Blueprints/BattleHUD.uasset'
[2015.01.23-03.02.24:912][868]BlueprintLog: New page: Compile BattleHUD
[2015.01.23-03.02.25:165][868]BlueprintEditorCompileResults: Info [2834.21] Compile of BattleHUD successful! [in 212 ms]
[2015.01.23-03.02.25:581][874]Cmd: OBJ SAVEPACKAGE PACKAGE="/Game/Blueprints/BattleHUD" FILE="../../../../../../Users/Zim/Documents/Unreal Projects/KodainaKingdom/Content/Blueprints/BattleHUD.uasset" SILENT=true
[2015.01.23-03.02.25:786][874]LogSavePackage: Save=75.975510ms
[2015.01.23-03.02.25:786][874]LogSavePackage: Moving '../../../../../../Users/Zim/Documents/Unreal Projects/KodainaKingdom/Saved/BattleHUDADFAF11F49E720C492BC508F6BC74210.tmp' to '../../../../../../Users/Zim/Documents/Unreal Projects/KodainaKingdom/Content/Blueprints/BattleHUD.uasset'
[2015.01.23-03.04.23:417][350]BlueprintLog: New page: Compile BattleHUD
[2015.01.23-03.04.23:580][350]LogActorComponent: UnregisterComponent: (/Engine/Transient.CharacterMovementComponent_16) Not registered. Aborting.
[2015.01.23-03.04.23:663][350]BlueprintEditorCompileResults: Info [2952.71] Compile of BattleHUD successful! [in 197 ms]
[2015.01.23-03.04.24:157][356]Cmd: OBJ SAVEPACKAGE PACKAGE="/Game/Blueprints/BattleHUD" FILE="../../../../../../Users/Zim/Documents/Unreal Projects/KodainaKingdom/Content/Blueprints/BattleHUD.uasset" SILENT=true
[2015.01.23-03.04.24:371][356]LogSavePackage: Save=81.923035ms
[2015.01.23-03.04.24:371][356]LogSavePackage: Moving '../../../../../../Users/Zim/Documents/Unreal Projects/KodainaKingdom/Saved/BattleHUD528C811042854F49659FB8BCA7BB8FFF.tmp' to '../../../../../../Users/Zim/Documents/Unreal Projects/KodainaKingdom/Content/Blueprints/BattleHUD.uasset'
[2015.01.23-03.04.26:647][443]BlueprintLog: New page: Pre-PIE auto-recompile
[2015.01.23-03.04.26:703][443]LogPlayLevel: [PIE] Compiling Enemy before PIE...
[2015.01.23-03.04.26:872][443]LogPlayLevel: [PIE] Compiling TestLevel before PIE...
[2015.01.23-03.04.26:938][443]LogPlayLevel: [PIE] Compiling RollingMovingHUD before PIE...
[2015.01.23-03.04.27:155][443]LogPropertyNode:Warning: UI Min (0.001) >= UI Max () for Ranged Numeric
[2015.01.23-03.04.27:156][443]LogPropertyNode:Warning: UI Min (0.001) >= UI Max () for Ranged Numeric
[2015.01.23-03.04.27:239][443]LogPlayLevel: [PIE] Compiling BattleHUD before PIE...
[2015.01.23-03.04.27:477][443]LogPropertyNode:Warning: UI Min (0.001) >= UI Max () for Ranged Numeric
[2015.01.23-03.04.27:478][443]LogPropertyNode:Warning: UI Min (0.001) >= UI Max () for Ranged Numeric
[2015.01.23-03.04.27:523][443]LogPlayLevel: [PIE] Compiling MyCharacter before PIE...
[2015.01.23-03.04.27:796][443]LogPropertyNode:Warning: UI Min (0.001) >= UI Max () for Ranged Numeric
[2015.01.23-03.04.27:797][443]LogPropertyNode:Warning: UI Min (0.001) >= UI Max () for Ranged Numeric
[2015.01.23-03.04.27:980][443]LogPropertyNode:Warning: UI Min (0.001) >= UI Max () for Ranged Numeric
[2015.01.23-03.04.27:981][443]LogPropertyNode:Warning: UI Min (0.001) >= UI Max () for Ranged Numeric
[2015.01.23-03.04.28:152][443]LogPlayLevel: PIE:  Blueprint regeneration took 1504 ms (5 blueprints)
[2015.01.23-03.04.28:152][443]PIE: New page: PIE session: TestLevel (Jan 22, 2015, 5:04:28 PM)
[2015.01.23-03.04.28:157][443]LogPlayLevel: PIE: StaticDuplicateObject took: (0.004069s)
[2015.01.23-03.04.28:157][443]LogPlayLevel: PIE: World Init took: (0.000688s)
[2015.01.23-03.04.28:158][443]LogPlayLevel: PIE: Created PIE world by copying editor world from /Game/Maps/TestLevel.TestLevel to /Game/Maps/UEDPIE_0_TestLevel.TestLevel (0.005055s)
[2015.01.23-03.04.28:203][443]LogWorld: Game class is 'Kodaina_C'
[2015.01.23-03.04.28:205][443]LogAIModule: Creating AISystem for world TestLevel
[2015.01.23-03.04.28:211][443]LogWorld: Bringing World /Game/Maps/UEDPIE_0_TestLevel.TestLevel up for play (max tick rate 60) at 2015.01.22-22.04.28
[2015.01.23-03.04.28:212][443]LogWorld: Bringing up level for play took: 0.006427
[2015.01.23-03.04.28:222][443]PIE: Info Play in editor start time for /Game/Maps/UEDPIE_0_TestLevel 1.187
[2015.01.23-03.04.36:173][858]LogScriptCore: Script call stack:
	Function /Game/Blueprints/BattleHUD.BattleHUD_C:Tick
	Function /Game/Blueprints/BattleHUD.BattleHUD_C:ExecuteUbergraph_BattleHUD

[2015.01.23-03.04.36:174][858]LogScript:Warning: Runaway loop detected (over 1000000 iterations)
	BattleHUD_C /Engine/Transient.UnrealEdEngine_0:GameInstance_1.BattleHUD_C_7
	Function /Game/Blueprints/BattleHUD.BattleHUD_C:ExecuteUbergraph_BattleHUD:0922
[2015.01.23-03.04.38:368][858]LogScriptCore: Script call stack:
	Function /Game/Blueprints/BattleHUD.BattleHUD_C:Tick

[2015.01.23-03.04.38:368][858]LogScript:Warning: Runaway loop detected (over 1000000 iterations)
	BattleHUD_C /Engine/Transient.UnrealEdEngine_0:GameInstance_1.BattleHUD_C_7
	Function /Game/Blueprints/BattleHUD.BattleHUD_C:Tick:0000
[2015.01.23-03.04.40:036][858]LogScriptCore: Script call stack:
	Function /Game/Blueprints/BattleHUD.BattleHUD_C:Tick

[2015.01.23-03.04.40:036][858]LogScript:Warning: Runaway loop detected (over 1000000 iterations)
	BattleHUD_C /Engine/Transient.UnrealEdEngine_0:GameInstance_1.BattleHUD_C_7
	Function /Game/Blueprints/BattleHUD.BattleHUD_C:Tick:0000
[2015.01.23-03.04.40:972][858]LogScriptCore: Script call stack:
	Function /Game/Blueprints/BattleHUD.BattleHUD_C:Tick

[2015.01.23-03.04.40:972][858]LogScript:Warning: Runaway loop detected (over 1000000 iterations)
	BattleHUD_C /Engine/Transient.UnrealEdEngine_0:GameInstance_1.BattleHUD_C_7
	Function /Game/Blueprints/BattleHUD.BattleHUD_C:Tick:0000
[2015.01.23-03.04.42:004][858]LogScriptCore: Script call stack:
	Function /Game/Blueprints/BattleHUD.BattleHUD_C:Tick

[2015.01.23-03.04.42:004][858]LogScript:Warning: Runaway loop detected (over 1000000 iterations)
	BattleHUD_C /Engine/Transient.UnrealEdEngine_0:GameInstance_1.BattleHUD_C_7
	Function /Game/Blueprints/BattleHUD.BattleHUD_C:Tick:0000
[2015.01.23-03.04.42:555][858]LogScriptCore: Script call stack:
	Function /Game/Blueprints/BattleHUD.BattleHUD_C:Tick

[2015.01.23-03.04.42:555][858]LogScript:Warning: Runaway loop detected (over 1000000 iterations)
	BattleHUD_C /Engine/Transient.UnrealEdEngine_0:GameInstance_1.BattleHUD_C_7
	Function /Game/Blueprints/BattleHUD.BattleHUD_C:Tick:0000
[2015.01.23-03.04.42:987][858]LogScriptCore: Script call stack:
	Function /Game/Blueprints/BattleHUD.BattleHUD_C:Tick

[2015.01.23-03.04.42:987][858]LogScript:Warning: Runaway loop detected (over 1000000 iterations)
	BattleHUD_C /Engine/Transient.UnrealEdEngine_0:GameInstance_1.BattleHUD_C_7
	Function /Game/Blueprints/BattleHUD.BattleHUD_C:Tick:0000
[2015.01.23-03.04.43:155][858]LogScriptCore: Script call stack:
	Function /Game/Blueprints/BattleHUD.BattleHUD_C:Tick

[2015.01.23-03.04.43:155][858]LogScript:Warning: Runaway loop detected (over 1000000 iterations)
	BattleHUD_C /Engine/Transient.UnrealEdEngine_0:GameInstance_1.BattleHUD_C_7
	Function /Game/Blueprints/BattleHUD.BattleHUD_C:Tick:0000
[2015.01.23-03.04.43:313][858]LogScriptCore: Script call stack:
	Function /Game/Blueprints/BattleHUD.BattleHUD_C:Tick

[2015.01.23-03.04.43:313][858]LogScript:Warning: Runaway loop detected (over 1000000 iterations)
	BattleHUD_C /Engine/Transient.UnrealEdEngine_0:GameInstance_1.BattleHUD_C_7
	Function /Game/Blueprints/BattleHUD.BattleHUD_C:Tick:0000
[2015.01.23-03.04.43:480][858]LogScriptCore: Script call stack:
	Function /Game/Blueprints/BattleHUD.BattleHUD_C:Tick

[2015.01.23-03.04.43:480][858]LogScript:Warning: Runaway loop detected (over 1000000 iterations)
	BattleHUD_C /Engine/Transient.UnrealEdEngine_0:GameInstance_1.BattleHUD_C_7
	Function /Game/Blueprints/BattleHUD.BattleHUD_C:Tick:0000
[2015.01.23-03.04.43:637][858]LogScriptCore: Script call stack:
	Function /Game/Blueprints/BattleHUD.BattleHUD_C:Tick

[2015.01.23-03.04.43:637][858]LogScript:Warning: Runaway loop detected (over 1000000 iterations)
	BattleHUD_C /Engine/Transient.UnrealEdEngine_0:GameInstance_1.BattleHUD_C_7
	Function /Game/Blueprints/BattleHUD.BattleHUD_C:Tick:0000
[2015.01.23-03.04.43:791][858]LogScriptCore: Script call stack:
	Function /Game/Blueprints/BattleHUD.BattleHUD_C:Tick

[2015.01.23-03.04.43:791][858]LogScript:Warning: Runaway loop detected (over 1000000 iterations)
	BattleHUD_C /Engine/Transient.UnrealEdEngine_0:GameInstance_1.BattleHUD_C_7
	Function /Game/Blueprints/BattleHUD.BattleHUD_C:Tick:0000
[2015.01.23-03.04.43:948][858]LogScriptCore: Script call stack:
	Function /Game/Blueprints/BattleHUD.BattleHUD_C:Tick

[2015.01.23-03.04.43:948][858]LogScript:Warning: Runaway loop detected (over 1000000 iterations)
	BattleHUD_C /Engine/Transient.UnrealEdEngine_0:GameInstance_1.BattleHUD_C_7
	Function /Game/Blueprints/BattleHUD.BattleHUD_C:Tick:0000
[2015.01.23-03.04.44:092][858]LogScriptCore: Script call stack:
	Function /Game/Blueprints/BattleHUD.BattleHUD_C:Tick

[2015.01.23-03.04.44:092][858]LogScript:Warning: Runaway loop detected (over 1000000 iterations)
	BattleHUD_C /Engine/Transient.UnrealEdEngine_0:GameInstance_1.BattleHUD_C_7
	Function /Game/Blueprints/BattleHUD.BattleHUD_C:Tick:0000
[2015.01.23-03.04.46:923][858]LogScriptCore: Script call stack:
	Function /Game/Blueprints/BattleHUD.BattleHUD_C:Tick

[2015.01.23-03.04.46:923][858]LogScript:Warning: Runaway loop detected (over 1000000 iterations)
	BattleHUD_C /Engine/Transient.UnrealEdEngine_0:GameInstance_1.BattleHUD_C_7
	Function /Game/Blueprints/BattleHUD.BattleHUD_C:Tick:0000
[2015.01.23-03.04.47:091][858]LogScriptCore: Script call stack:
	Function /Game/Blueprints/BattleHUD.BattleHUD_C:Tick

[2015.01.23-03.04.47:091][858]LogScript:Warning: Runaway loop detected (over 1000000 iterations)
	BattleHUD_C /Engine/Transient.UnrealEdEngine_0:GameInstance_1.BattleHUD_C_7
	Function /Game/Blueprints/BattleHUD.BattleHUD_C:Tick:0000
[2015.01.23-03.04.47:259][858]LogScriptCore: Script call stack:
	Function /Game/Blueprints/BattleHUD.BattleHUD_C:Tick

[2015.01.23-03.04.47:259][858]LogScript:Warning: Runaway loop detected (over 1000000 iterations)
	BattleHUD_C /Engine/Transient.UnrealEdEngine_0:GameInstance_1.BattleHUD_C_7
	Function /Game/Blueprints/BattleHUD.BattleHUD_C:Tick:0000
[2015.01.23-03.04.47:430][858]LogScriptCore: Script call stack:
	Function /Game/Blueprints/BattleHUD.BattleHUD_C:Tick

[2015.01.23-03.04.47:430][858]LogScript:Warning: Runaway loop detected (over 1000000 iterations)
	BattleHUD_C /Engine/Transient.UnrealEdEngine_0:GameInstance_1.BattleHUD_C_7
	Function /Game/Blueprints/BattleHUD.BattleHUD_C:Tick:0000
[2015.01.23-03.04.47:572][858]LogScriptCore: Script call stack:
	Function /Game/Blueprints/BattleHUD.BattleHUD_C:Tick

[2015.01.23-03.04.47:572][858]LogScript:Warning: Runaway loop detected (over 1000000 iterations)
	BattleHUD_C /Engine/Transient.UnrealEdEngine_0:GameInstance_1.BattleHUD_C_7
	Function /Game/Blueprints/BattleHUD.BattleHUD_C:Tick:0000
[2015.01.23-03.04.47:721][858]LogScriptCore: Script call stack:
	Function /Game/Blueprints/BattleHUD.BattleHUD_C:Tick

[2015.01.23-03.04.47:721][858]LogScript:Warning: Runaway loop detected (over 1000000 iterations)
	BattleHUD_C /Engine/Transient.UnrealEdEngine_0:GameInstance_1.BattleHUD_C_7
	Function /Game/Blueprints/BattleHUD.BattleHUD_C:Tick:0000
[2015.01.23-03.04.47:860][858]LogScriptCore: Script call stack:
	Function /Game/Blueprints/BattleHUD.BattleHUD_C:Tick

[2015.01.23-03.04.47:860][858]LogScript:Warning: Runaway loop detected (over 1000000 iterations)
	BattleHUD_C /Engine/Transient.UnrealEdEngine_0:GameInstance_1.BattleHUD_C_7
	Function /Game/Blueprints/BattleHUD.BattleHUD_C:Tick:0000
[2015.01.23-03.04.48:029][858]LogScriptCore: Script call stack:
	Function /Game/Blueprints/BattleHUD.BattleHUD_C:Tick

[2015.01.23-03.04.48:029][858]LogScript:Warning: Runaway loop detected (over 1000000 iterations)
	BattleHUD_C /Engine/Transient.UnrealEdEngine_0:GameInstance_1.BattleHUD_C_7
	Function /Game/Blueprints/BattleHUD.BattleHUD_C:Tick:0000
[2015.01.23-03.04.48:271][858]LogScriptCore: Script call stack:
	Function /Game/Blueprints/BattleHUD.BattleHUD_C:Tick

[2015.01.23-03.04.48:271][858]LogScript:Warning: Runaway loop detected (over 1000000 iterations)
	BattleHUD_C /Engine/Transient.UnrealEdEngine_0:GameInstance_1.BattleHUD_C_7
	Function /Game/Blueprints/BattleHUD.BattleHUD_C:Tick:0000
[2015.01.23-03.04.48:449][858]LogScriptCore: Script call stack:
	Function /Game/Blueprints/BattleHUD.BattleHUD_C:Tick

[2015.01.23-03.04.48:449][858]LogScript:Warning: Runaway loop detected (over 1000000 iterations)
	BattleHUD_C /Engine/Transient.UnrealEdEngine_0:GameInstance_1.BattleHUD_C_7
	Function /Game/Blueprints/BattleHUD.BattleHUD_C:Tick:0000
[2015.01.23-03.04.48:590][858]LogScriptCore: Script call stack:
	Function /Game/Blueprints/BattleHUD.BattleHUD_C:Tick

[2015.01.23-03.04.48:591][858]LogScript:Warning: Runaway loop detected (over 1000000 iterations)
	BattleHUD_C /Engine/Transient.UnrealEdEngine_0:GameInstance_1.BattleHUD_C_7
	Function /Game/Blueprints/BattleHUD.BattleHUD_C:Tick:0000
[2015.01.23-03.04.48:736][858]LogScriptCore: Script call stack:
	Function /Game/Blueprints/BattleHUD.BattleHUD_C:Tick

[2015.01.23-03.04.48:736][858]LogScript:Warning: Runaway loop detected (over 1000000 iterations)
	BattleHUD_C /Engine/Transient.UnrealEdEngine_0:GameInstance_1.BattleHUD_C_7
	Function /Game/Blueprints/BattleHUD.BattleHUD_C:Tick:0000
[2015.01.23-03.04.48:879][858]LogScriptCore: Script call stack:
	Function /Game/Blueprints/BattleHUD.BattleHUD_C:Tick

[2015.01.23-03.04.48:879][858]LogScript:Warning: Runaway loop detected (over 1000000 iterations)
	BattleHUD_C /Engine/Transient.UnrealEdEngine_0:GameInstance_1.BattleHUD_C_7
	Function /Game/Blueprints/BattleHUD.BattleHUD_C:Tick:0000
[2015.01.23-03.04.49:041][858]LogScriptCore: Script call stack:
	Function /Game/Blueprints/BattleHUD.BattleHUD_C:Tick

[2015.01.23-03.04.49:041][858]LogScript:Warning: Runaway loop detected (over 1000000 iterations)
	BattleHUD_C /Engine/Transient.UnrealEdEngine_0:GameInstance_1.BattleHUD_C_7
	Function /Game/Blueprints/BattleHUD.BattleHUD_C:Tick:0000
[2015.01.23-03.04.49:191][858]LogScriptCore: Script call stack:
	Function /Game/Blueprints/BattleHUD.BattleHUD_C:Tick

[2015.01.23-03.04.49:191][858]LogScript:Warning: Runaway loop detected (over 1000000 iterations)
	BattleHUD_C /Engine/Transient.UnrealEdEngine_0:GameInstance_1.BattleHUD_C_7
	Function /Game/Blueprints/BattleHUD.BattleHUD_C:Tick:0000
[2015.01.23-03.04.49:348][858]LogScriptCore: Script call stack:
	Function /Game/Blueprints/BattleHUD.BattleHUD_C:Tick

[2015.01.23-03.04.49:348][858]LogScript:Warning: Runaway loop detected (over 1000000 iterations)
	BattleHUD_C /Engine/Transient.UnrealEdEngine_0:GameInstance_1.BattleHUD_C_7
	Function /Game/Blueprints/BattleHUD.BattleHUD_C:Tick:0000
[2015.01.23-03.04.49:482][858]LogScriptCore: Script call stack:
	Function /Game/Blueprints/BattleHUD.BattleHUD_C:Tick

[2015.01.23-03.04.49:482][858]LogScript:Warning: Runaway loop detected (over 1000000 iterations)
	BattleHUD_C /Engine/Transient.UnrealEdEngine_0:GameInstance_1.BattleHUD_C_7
	Function /Game/Blueprints/BattleHUD.BattleHUD_C:Tick:0000
[2015.01.23-03.04.49:623][858]LogScriptCore: Script call stack:
	Function /Game/Blueprints/BattleHUD.BattleHUD_C:Tick

[2015.01.23-03.04.49:623][858]LogScript:Warning: Runaway loop detected (over 1000000 iterations)
	BattleHUD_C /Engine/Transient.UnrealEdEngine_0:GameInstance_1.BattleHUD_C_7
	Function /Game/Blueprints/BattleHUD.BattleHUD_C:Tick:0000
[2015.01.23-03.04.49:767][858]LogScriptCore: Script call stack:
	Function /Game/Blueprints/BattleHUD.BattleHUD_C:Tick

[2015.01.23-03.04.49:767][858]LogScript:Warning: Runaway loop detected (over 1000000 iterations)
	BattleHUD_C /Engine/Transient.UnrealEdEngine_0:GameInstance_1.BattleHUD_C_7
	Function /Game/Blueprints/BattleHUD.BattleHUD_C:Tick:0000
[2015.01.23-03.04.49:912][858]LogScriptCore: Script call stack:
	Function /Game/Blueprints/BattleHUD.BattleHUD_C:Tick

[2015.01.23-03.04.49:912][858]LogScript:Warning: Runaway loop detected (over 1000000 iterations)
	BattleHUD_C /Engine/Transient.UnrealEdEngine_0:GameInstance_1.BattleHUD_C_7
	Function /Game/Blueprints/BattleHUD.BattleHUD_C:Tick:0000
[2015.01.23-03.04.50:072][858]LogScriptCore: Script call stack:
	Function /Game/Blueprints/BattleHUD.BattleHUD_C:Tick

[2015.01.23-03.04.50:072][858]LogScript:Warning: Runaway loop detected (over 1000000 iterations)
	BattleHUD_C /Engine/Transient.UnrealEdEngine_0:GameInstance_1.BattleHUD_C_7
	Function /Game/Blueprints/BattleHUD.BattleHUD_C:Tick:0000
[2015.01.23-03.04.50:215][858]LogScriptCore: Script call stack:
	Function /Game/Blueprints/BattleHUD.BattleHUD_C:Tick

[2015.01.23-03.04.50:215][858]LogScript:Warning: Runaway loop detected (over 1000000 iterations)
	BattleHUD_C /Engine/Transient.UnrealEdEngine_0:GameInstance_1.BattleHUD_C_7
	Function /Game/Blueprints/BattleHUD.BattleHUD_C:Tick:0000
[2015.01.23-03.04.50:393][858]LogScriptCore: Script call stack:
	Function /Game/Blueprints/BattleHUD.BattleHUD_C:Tick

[2015.01.23-03.04.50:393][858]LogScript:Warning: Runaway loop detected (over 1000000 iterations)
	BattleHUD_C /Engine/Transient.UnrealEdEngine_0:GameInstance_1.BattleHUD_C_7
	Function /Game/Blueprints/BattleHUD.BattleHUD_C:Tick:0000
[2015.01.23-03.04.50:560][858]LogScriptCore: Script call stack:
	Function /Game/Blueprints/BattleHUD.BattleHUD_C:Tick

[2015.01.23-03.04.50:560][858]LogScript:Warning: Runaway loop detected (over 1000000 iterations)
	BattleHUD_C /Engine/Transient.UnrealEdEngine_0:GameInstance_1.BattleHUD_C_7
	Function /Game/Blueprints/BattleHUD.BattleHUD_C:Tick:0000
[2015.01.23-03.04.50:727][858]LogScriptCore: Script call stack:
	Function /Game/Blueprints/BattleHUD.BattleHUD_C:Tick

[2015.01.23-03.04.50:727][858]LogScript:Warning: Runaway loop detected (over 1000000 iterations)
	BattleHUD_C /Engine/Transient.UnrealEdEngine_0:GameInstance_1.BattleHUD_C_7
	Function /Game/Blueprints/BattleHUD.BattleHUD_C:Tick:0000
[2015.01.23-03.04.50:886][858]LogScriptCore: Script call stack:
	Function /Game/Blueprints/BattleHUD.BattleHUD_C:Tick

[2015.01.23-03.04.50:886][858]LogScript:Warning: Runaway loop detected (over 1000000 iterations)
	BattleHUD_C /Engine/Transient.UnrealEdEngine_0:GameInstance_1.BattleHUD_C_7
	Function /Game/Blueprints/BattleHUD.BattleHUD_C:Tick:0000
[2015.01.23-03.04.51:040][858]LogScriptCore: Script call stack:
	Function /Game/Blueprints/BattleHUD.BattleHUD_C:Tick

[2015.01.23-03.04.51:040][858]LogScript:Warning: Runaway loop detected (over 1000000 iterations)
	BattleHUD_C /Engine/Transient.UnrealEdEngine_0:GameInstance_1.BattleHUD_C_7
	Function /Game/Blueprints/BattleHUD.BattleHUD_C:Tick:0000
[2015.01.23-03.04.51:173][858]LogScriptCore: Script call stack:
	Function /Game/Blueprints/BattleHUD.BattleHUD_C:Tick

[2015.01.23-03.04.51:173][858]LogScript:Warning: Runaway loop detected (over 1000000 iterations)
	BattleHUD_C /Engine/Transient.UnrealEdEngine_0:GameInstance_1.BattleHUD_C_7
	Function /Game/Blueprints/BattleHUD.BattleHUD_C:Tick:0000
[2015.01.23-03.04.51:937][858]LogScriptCore: Script call stack:
	Function /Game/Blueprints/BattleHUD.BattleHUD_C:Tick

[2015.01.23-03.04.51:937][858]LogScript:Warning: Runaway loop detected (over 1000000 iterations)
	BattleHUD_C /Engine/Transient.UnrealEdEngine_0:GameInstance_1.BattleHUD_C_7
	Function /Game/Blueprints/BattleHUD.BattleHUD_C:Tick:0000
[2015.01.23-03.04.52:171][858]LogScriptCore: Script call stack:
	Function /Game/Blueprints/BattleHUD.BattleHUD_C:Tick

[2015.01.23-03.04.52:171][858]LogScript:Warning: Runaway loop detected (over 1000000 iterations)
	BattleHUD_C /Engine/Transient.UnrealEdEngine_0:GameInstance_1.BattleHUD_C_7
	Function /Game/Blueprints/BattleHUD.BattleHUD_C:Tick:0000
[2015.01.23-03.04.52:434][858]LogScriptCore: Script call stack:
	Function /Game/Blueprints/BattleHUD.BattleHUD_C:Tick

[2015.01.23-03.04.52:434][858]LogScript:Warning: Runaway loop detected (over 1000000 iterations)
	BattleHUD_C /Engine/Transient.UnrealEdEngine_0:GameInstance_1.BattleHUD_C_7
	Function /Game/Blueprints/BattleHUD.BattleHUD_C:Tick:0000
[2015.01.23-03.04.52:576][858]LogScriptCore: Script call stack:
	Function /Game/Blueprints/BattleHUD.BattleHUD_C:Tick

[2015.01.23-03.04.52:576][858]LogScript:Warning: Runaway loop detected (over 1000000 iterations)
	BattleHUD_C /Engine/Transient.UnrealEdEngine_0:GameInstance_1.BattleHUD_C_7
	Function /Game/Blueprints/BattleHUD.BattleHUD_C:Tick:0000
[2015.01.23-03.04.52:698][858]LogScriptCore: Script call stack:
	Function /Game/Blueprints/BattleHUD.BattleHUD_C:Tick

[2015.01.23-03.04.52:698][858]LogScript:Warning: Runaway loop detected (over 1000000 iterations)
	BattleHUD_C /Engine/Transient.UnrealEdEngine_0:GameInstance_1.BattleHUD_C_7
	Function /Game/Blueprints/BattleHUD.BattleHUD_C:Tick:0000
[2015.01.23-03.04.52:834][858]LogScriptCore: Script call stack:
	Function /Game/Blueprints/BattleHUD.BattleHUD_C:Tick

[2015.01.23-03.04.52:834][858]LogScript:Warning: Runaway loop detected (over 1000000 iterations)
	BattleHUD_C /Engine/Transient.UnrealEdEngine_0:GameInstance_1.BattleHUD_C_7
	Function /Game/Blueprints/BattleHUD.BattleHUD_C:Tick:0000
[2015.01.23-03.04.53:097][858]LogScriptCore: Script call stack:
	Function /Game/Blueprints/BattleHUD.BattleHUD_C:Tick

[2015.01.23-03.04.53:097][858]LogScript:Warning: Runaway loop detected (over 1000000 iterations)
	BattleHUD_C /Engine/Transient.UnrealEdEngine_0:GameInstance_1.BattleHUD_C_7
	Function /Game/Blueprints/BattleHUD.BattleHUD_C:Tick:0000
[2015.01.23-03.04.53:209][858]LogScriptCore: Script call stack:
	Function /Game/Blueprints/BattleHUD.BattleHUD_C:Tick

[2015.01.23-03.04.53:209][858]LogScript:Warning: Runaway loop detected (over 1000000 iterations)
	BattleHUD_C /Engine/Transient.UnrealEdEngine_0:GameInstance_1.BattleHUD_C_7
	Function /Game/Blueprints/BattleHUD.BattleHUD_C:Tick:0000
[2015.01.23-03.04.53:330][858]LogScriptCore: Script call stack:
	Function /Game/Blueprints/BattleHUD.BattleHUD_C:Tick

[2015.01.23-03.04.53:330][858]LogScript:Warning: Runaway loop detected (over 1000000 iterations)
	BattleHUD_C /Engine/Transient.UnrealEdEngine_0:GameInstance_1.BattleHUD_C_7
	Function /Game/Blueprints/BattleHUD.BattleHUD_C:Tick:0000
[2015.01.23-03.04.53:441][858]LogScriptCore: Script call stack:
	Function /Game/Blueprints/BattleHUD.BattleHUD_C:Tick

[2015.01.23-03.04.53:441][858]LogScript:Warning: Runaway loop detected (over 1000000 iterations)
	BattleHUD_C /Engine/Transient.UnrealEdEngine_0:GameInstance_1.BattleHUD_C_7
	Function /Game/Blueprints/BattleHUD.BattleHUD_C:Tick:0000
[2015.01.23-03.04.53:560][858]LogScriptCore: Script call stack:
	Function /Game/Blueprints/BattleHUD.BattleHUD_C:Tick

[2015.01.23-03.04.53:561][858]LogScript:Warning: Runaway loop detected (over 1000000 iterations)
	BattleHUD_C /Engine/Transient.UnrealEdEngine_0:GameInstance_1.BattleHUD_C_7
	Function /Game/Blueprints/BattleHUD.BattleHUD_C:Tick:0000
[2015.01.23-03.04.53:674][858]LogScriptCore: Script call stack:
	Function /Game/Blueprints/BattleHUD.BattleHUD_C:Tick

[2015.01.23-03.04.53:674][858]LogScript:Warning: Runaway loop detected (over 1000000 iterations)
	BattleHUD_C /Engine/Transient.UnrealEdEngine_0:GameInstance_1.BattleHUD_C_7
	Function /Game/Blueprints/BattleHUD.BattleHUD_C:Tick:0000
[2015.01.23-03.04.53:785][858]LogScriptCore: Script call stack:
	Function /Game/Blueprints/BattleHUD.BattleHUD_C:Tick

[2015.01.23-03.04.53:785][858]LogScript:Warning: Runaway loop detected (over 1000000 iterations)
	BattleHUD_C /Engine/Transient.UnrealEdEngine_0:GameInstance_1.BattleHUD_C_7
	Function /Game/Blueprints/BattleHUD.BattleHUD_C:Tick:0000
[2015.01.23-03.04.53:898][858]LogScriptCore: Script call stack:
	Function /Game/Blueprints/BattleHUD.BattleHUD_C:Tick

[2015.01.23-03.04.53:898][858]LogScript:Warning: Runaway loop detected (over 1000000 iterations)
	BattleHUD_C /Engine/Transient.UnrealEdEngine_0:GameInstance_1.BattleHUD_C_7
	Function /Game/Blueprints/BattleHUD.BattleHUD_C:Tick:0000
[2015.01.23-03.04.54:008][858]LogScriptCore: Script call stack:
	Function /Game/Blueprints/BattleHUD.BattleHUD_C:Tick

[2015.01.23-03.04.54:008][858]LogScript:Warning: Runaway loop detected (over 1000000 iterations)
	BattleHUD_C /Engine/Transient.UnrealEdEngine_0:GameInstance_1.BattleHUD_C_7
	Function /Game/Blueprints/BattleHUD.BattleHUD_C:Tick:0000
[2015.01.23-03.04.54:138][858]LogScriptCore: Script call stack:
	Function /Game/Blueprints/BattleHUD.BattleHUD_C:Tick

[2015.01.23-03.04.54:138][858]LogScript:Warning: Runaway loop detected (over 1000000 iterations)
	BattleHUD_C /Engine/Transient.UnrealEdEngine_0:GameInstance_1.BattleHUD_C_7
	Function /Game/Blueprints/BattleHUD.BattleHUD_C:Tick:0000
[2015.01.23-03.04.54:249][858]LogScriptCore: Script call stack:
	Function /Game/Blueprints/BattleHUD.BattleHUD_C:Tick

[2015.01.23-03.04.54:249][858]LogScript:Warning: Runaway loop detected (over 1000000 iterations)
	BattleHUD_C /Engine/Transient.UnrealEdEngine_0:GameInstance_1.BattleHUD_C_7
	Function /Game/Blueprints/BattleHUD.BattleHUD_C:Tick:0000
[2015.01.23-03.04.54:377][858]LogScriptCore: Script call stack:
	Function /Game/Blueprints/BattleHUD.BattleHUD_C:Tick

[2015.01.23-03.04.54:377][858]LogScript:Warning: Runaway loop detected (over 1000000 iterations)
	BattleHUD_C /Engine/Transient.UnrealEdEngine_0:GameInstance_1.BattleHUD_C_7
	Function /Game/Blueprints/BattleHUD.BattleHUD_C:Tick:0000
[2015.01.23-03.04.54:507][858]LogScriptCore: Script call stack:
	Function /Game/Blueprints/BattleHUD.BattleHUD_C:Tick

[2015.01.23-03.04.54:507][858]LogScript:Warning: Runaway loop detected (over 1000000 iterations)
	BattleHUD_C /Engine/Transient.UnrealEdEngine_0:GameInstance_1.BattleHUD_C_7
	Function /Game/Blueprints/BattleHUD.BattleHUD_C:Tick:0000
[2015.01.23-03.04.54:624][858]LogScriptCore: Script call stack:
	Function /Game/Blueprints/BattleHUD.BattleHUD_C:Tick

[2015.01.23-03.04.54:624][858]LogScript:Warning: Runaway loop detected (over 1000000 iterations)
	BattleHUD_C /Engine/Transient.UnrealEdEngine_0:GameInstance_1.BattleHUD_C_7
	Function /Game/Blueprints/BattleHUD.BattleHUD_C:Tick:0000
[2015.01.23-03.04.54:935][858]LogScriptCore: Script call stack:
	Function /Game/Blueprints/BattleHUD.BattleHUD_C:Tick

[2015.01.23-03.04.54:935][858]LogScript:Warning: Runaway loop detected (over 1000000 iterations)
	BattleHUD_C /Engine/Transient.UnrealEdEngine_0:GameInstance_1.BattleHUD_C_7
	Function /Game/Blueprints/BattleHUD.BattleHUD_C:Tick:0000
[2015.01.23-03.04.55:033][858]LogScriptCore: Script call stack:
	Function /Game/Blueprints/BattleHUD.BattleHUD_C:Tick

[2015.01.23-03.04.55:034][858]LogScript:Warning: Runaway loop detected (over 1000000 iterations)
	BattleHUD_C /Engine/Transient.UnrealEdEngine_0:GameInstance_1.BattleHUD_C_7
	Function /Game/Blueprints/BattleHUD.BattleHUD_C:Tick:0000
[2015.01.23-03.04.55:146][858]LogScriptCore: Script call stack:
	Function /Game/Blueprints/BattleHUD.BattleHUD_C:Tick

[2015.01.23-03.04.55:146][858]LogScript:Warning: Runaway loop detected (over 1000000 iterations)
	BattleHUD_C /Engine/Transient.UnrealEdEngine_0:GameInstance_1.BattleHUD_C_7
	Function /Game/Blueprints/BattleHUD.BattleHUD_C:Tick:0000
[2015.01.23-03.04.55:267][858]LogScriptCore: Script call stack:
	Function /Game/Blueprints/BattleHUD.BattleHUD_C:Tick

[2015.01.23-03.04.55:267][858]LogScript:Warning: Runaway loop detected (over 1000000 iterations)
	BattleHUD_C /Engine/Transient.UnrealEdEngine_0:GameInstance_1.BattleHUD_C_7
	Function /Game/Blueprints/BattleHUD.BattleHUD_C:Tick:0000
[2015.01.23-03.04.55:377][858]LogScriptCore: Script call stack:
	Function /Game/Blueprints/BattleHUD.BattleHUD_C:Tick

[2015.01.23-03.04.55:377][858]LogScript:Warning: Runaway loop detected (over 1000000 iterations)
	BattleHUD_C /Engine/Transient.UnrealEdEngine_0:GameInstance_1.BattleHUD_C_7
	Function /Game/Blueprints/BattleHUD.BattleHUD_C:Tick:0000
[2015.01.23-03.04.55:507][858]LogScriptCore: Script call stack:
	Function /Game/Blueprints/BattleHUD.BattleHUD_C:Tick

[2015.01.23-03.04.55:507][858]LogScript:Warning: Runaway loop detected (over 1000000 iterations)
	BattleHUD_C /Engine/Transient.UnrealEdEngine_0:GameInstance_1.BattleHUD_C_7
	Function /Game/Blueprints/BattleHUD.BattleHUD_C:Tick:0000
[2015.01.23-03.05.00:399][858]LogScriptCore: Script call stack:
	Function /Game/Blueprints/BattleHUD.BattleHUD_C:Tick

[2015.01.23-03.05.00:399][858]LogScript:Warning: Runaway loop detected (over 1000000 iterations)
	BattleHUD_C /Engine/Transient.UnrealEdEngine_0:GameInstance_1.BattleHUD_C_7
	Function /Game/Blueprints/BattleHUD.BattleHUD_C:Tick:0000
[2015.01.23-03.05.00:816][858]LogScriptCore: Script call stack:
	Function /Game/Blueprints/BattleHUD.BattleHUD_C:Tick

[2015.01.23-03.05.00:816][858]LogScript:Warning: Runaway loop detected (over 1000000 iterations)
	BattleHUD_C /Engine/Transient.UnrealEdEngine_0:GameInstance_1.BattleHUD_C_7
	Function /Game/Blueprints/BattleHUD.BattleHUD_C:Tick:0000
[2015.01.23-03.05.00:999][858]LogScriptCore: Script call stack:
	Function /Game/Blueprints/BattleHUD.BattleHUD_C:Tick

[2015.01.23-03.05.00:999][858]LogScript:Warning: Runaway loop detected (over 1000000 iterations)
	BattleHUD_C /Engine/Transient.UnrealEdEngine_0:GameInstance_1.BattleHUD_C_7
	Function /Game/Blueprints/BattleHUD.BattleHUD_C:Tick:0000
[2015.01.23-03.05.01:142][858]LogScriptCore: Script call stack:
	Function /Game/Blueprints/BattleHUD.BattleHUD_C:Tick

[2015.01.23-03.05.01:142][858]LogScript:Warning: Runaway loop detected (over 1000000 iterations)
	BattleHUD_C /Engine/Transient.UnrealEdEngine_0:GameInstance_1.BattleHUD_C_7
	Function /Game/Blueprints/BattleHUD.BattleHUD_C:Tick:0000
[2015.01.23-03.05.01:302][858]LogScriptCore: Script call stack:
	Function /Game/Blueprints/BattleHUD.BattleHUD_C:Tick

[2015.01.23-03.05.01:302][858]LogScript:Warning: Runaway loop detected (over 1000000 iterations)
	BattleHUD_C /Engine/Transient.UnrealEdEngine_0:GameInstance_1.BattleHUD_C_7
	Function /Game/Blueprints/BattleHUD.BattleHUD_C:Tick:0000
[2015.01.23-03.05.01:454][858]LogScriptCore: Script call stack:
	Function /Game/Blueprints/BattleHUD.BattleHUD_C:Tick

[2015.01.23-03.05.01:454][858]LogScript:Warning: Runaway loop detected (over 1000000 iterations)
	BattleHUD_C /Engine/Transient.UnrealEdEngine_0:GameInstance_1.BattleHUD_C_7
	Function /Game/Blueprints/BattleHUD.BattleHUD_C:Tick:0000
[2015.01.23-03.05.02:019][858]LogScriptCore: Script call stack:
	Function /Game/Blueprints/BattleHUD.BattleHUD_C:Tick

[2015.01.23-03.05.02:019][858]LogScript:Warning: Runaway loop detected (over 1000000 iterations)
	BattleHUD_C /Engine/Transient.UnrealEdEngine_0:GameInstance_1.BattleHUD_C_7
	Function /Game/Blueprints/BattleHUD.BattleHUD_C:Tick:0000
[2015.01.23-03.05.02:174][858]LogScriptCore: Script call stack:
	Function /Game/Blueprints/BattleHUD.BattleHUD_C:Tick

[2015.01.23-03.05.02:174][858]LogScript:Warning: Runaway loop detected (over 1000000 iterations)
	BattleHUD_C /Engine/Transient.UnrealEdEngine_0:GameInstance_1.BattleHUD_C_7
	Function /Game/Blueprints/BattleHUD.BattleHUD_C:Tick:0000
[2015.01.23-03.05.02:319][858]LogScriptCore: Script call stack:
	Function /Game/Blueprints/BattleHUD.BattleHUD_C:Tick

[2015.01.23-03.05.02:319][858]LogScript:Warning: Runaway loop detected (over 1000000 iterations)
	BattleHUD_C /Engine/Transient.UnrealEdEngine_0:GameInstance_1.BattleHUD_C_7
	Function /Game/Blueprints/BattleHUD.BattleHUD_C:Tick:0000
[2015.01.23-03.05.02:465][858]LogScriptCore: Script call stack:
	Function /Game/Blueprints/BattleHUD.BattleHUD_C:Tick

[2015.01.23-03.05.02:465][858]LogScript:Warning: Runaway loop detected (over 1000000 iterations)
	BattleHUD_C /Engine/Transient.UnrealEdEngine_0:GameInstance_1.BattleHUD_C_7
	Function /Game/Blueprints/BattleHUD.BattleHUD_C:Tick:0000
[2015.01.23-03.05.03:158][858]LogScriptCore: Script call stack:
	Function /Game/Blueprints/BattleHUD.BattleHUD_C:Tick

[2015.01.23-03.05.03:159][858]LogScript:Warning: Runaway loop detected (over 1000000 iterations)
	BattleHUD_C /Engine/Transient.UnrealEdEngine_0:GameInstance_1.BattleHUD_C_7
	Function /Game/Blueprints/BattleHUD.BattleHUD_C:Tick:0000
[2015.01.23-03.05.03:318][858]LogScriptCore: Script call stack:
	Function /Game/Blueprints/BattleHUD.BattleHUD_C:Tick

[2015.01.23-03.05.03:318][858]LogScript:Warning: Runaway loop detected (over 1000000 iterations)
	BattleHUD_C /Engine/Transient.UnrealEdEngine_0:GameInstance_1.BattleHUD_C_7
	Function /Game/Blueprints/BattleHUD.BattleHUD_C:Tick:0000
[2015.01.23-03.05.03:447][858]LogScriptCore: Script call stack:
	Function /Game/Blueprints/BattleHUD.BattleHUD_C:Tick

[2015.01.23-03.05.03:447][858]LogScript:Warning: Runaway loop detected (over 1000000 iterations)
	BattleHUD_C /Engine/Transient.UnrealEdEngine_0:GameInstance_1.BattleHUD_C_7
	Function /Game/Blueprints/BattleHUD.BattleHUD_C:Tick:0000
[2015.01.23-03.05.10:996][858]LogScriptCore: Script call stack:
	Function /Game/Blueprints/BattleHUD.BattleHUD_C:Tick

[2015.01.23-03.05.10:996][858]LogScript:Warning: Runaway loop detected (over 1000000 iterations)
	BattleHUD_C /Engine/Transient.UnrealEdEngine_0:GameInstance_1.BattleHUD_C_7
	Function /Game/Blueprints/BattleHUD.BattleHUD_C:Tick:0000
[2015.01.23-03.05.11:151][858]LogScriptCore: Script call stack:
	Function /Game/Blueprints/BattleHUD.BattleHUD_C:Tick

[2015.01.23-03.05.11:152][858]LogScript:Warning: Runaway loop detected (over 1000000 iterations)
	BattleHUD_C /Engine/Transient.UnrealEdEngine_0:GameInstance_1.BattleHUD_C_7
	Function /Game/Blueprints/BattleHUD.BattleHUD_C:Tick:0000
[2015.01.23-03.05.11:318][858]LogScriptCore: Script call stack:
	Function /Game/Blueprints/BattleHUD.BattleHUD_C:Tick

[2015.01.23-03.05.11:318][858]LogScript:Warning: Runaway loop detected (over 1000000 iterations)
	BattleHUD_C /Engine/Transient.UnrealEdEngine_0:GameInstance_1.BattleHUD_C_7
	Function /Game/Blueprints/BattleHUD.BattleHUD_C:Tick:0000
[2015.01.23-03.05.11:522][858]LogScriptCore: Script call stack:
	Function /Game/Blueprints/BattleHUD.BattleHUD_C:Tick

[2015.01.23-03.05.11:523][858]LogScript:Warning: Runaway loop detected (over 1000000 iterations)
	BattleHUD_C /Engine/Transient.UnrealEdEngine_0:GameInstance_1.BattleHUD_C_7
	Function /Game/Blueprints/BattleHUD.BattleHUD_C:Tick:0000
[2015.01.23-03.05.11:679][858]LogScriptCore: Script call stack:
	Function /Game/Blueprints/BattleHUD.BattleHUD_C:Tick

[2015.01.23-03.05.11:679][858]LogScript:Warning: Runaway loop detected (over 1000000 iterations)
	BattleHUD_C /Engine/Transient.UnrealEdEngine_0:GameInstance_1.BattleHUD_C_7
	Function /Game/Blueprints/BattleHUD.BattleHUD_C:Tick:0000
[2015.01.23-03.05.12:401][858]LogScriptCore: Script call stack:
	Function /Game/Blueprints/BattleHUD.BattleHUD_C:Tick

[2015.01.23-03.05.12:401][858]LogScript:Warning: Runaway loop detected (over 1000000 iterations)
	BattleHUD_C /Engine/Transient.UnrealEdEngine_0:GameInstance_1.BattleHUD_C_7
	Function /Game/Blueprints/BattleHUD.BattleHUD_C:Tick:0000
[2015.01.23-03.05.13:347][858]LogScriptCore: Script call stack:
	Function /Game/Blueprints/BattleHUD.BattleHUD_C:Tick

[2015.01.23-03.05.13:347][858]LogScript:Warning: Runaway loop detected (over 1000000 iterations)
	BattleHUD_C /Engine/Transient.UnrealEdEngine_0:GameInstance_1.BattleHUD_C_7
	Function /Game/Blueprints/BattleHUD.BattleHUD_C:Tick:0000
[2015.01.23-03.05.14:030][858]LogScriptCore: Script call stack:
	Function /Game/Blueprints/BattleHUD.BattleHUD_C:Tick

[2015.0