Log file open, 02/04/15 21:53:28
LogInit:Display: Running engine for game: KodainaKingdom
LogInit: Version: 4.6.1-2386410+++depot+UE4-Releases+4.6
LogInit: API Version: 2369412
LogInit: Compiled (64-bit): Dec 11 2014 21:31:39
LogInit: Compiled with Visual C++: 18.00.21005.01
LogInit: Build Configuration: Development
LogInit: Branch Name: ++depot+UE4-Releases+4.6
LogInit: Command line:  
LogInit: Base directory: C:/Program Files/UE45/Epic Games/4.6/Engine/Binaries/Win64/
LogInit: Rocket: 1
[2015.02.05-02.53.28:364][  0]LogTaskGraph: Started task graph with 3 named threads and 6 total threads.
[2015.02.05-02.53.28:423][  0]LogOnline:Warning: No default platform service specified for OnlineSubsystem
[2015.02.05-02.53.28:479][  0]LogInit: Presizing for 0 objects not considered by GC, pre-allocating 0 bytes.
[2015.02.05-02.53.28:487][  0]LogInit: Object subsystem initialized
[2015.02.05-02.53.28:489][  0]LogInit: Selected Device Profile: [Windows]
[2015.02.05-02.53.28:489][  0]LogInit: Applying CVar settings loaded from the selected device profile: [Windows]
[2015.02.05-02.53.28:497][  0]LogInit: Computer: ASUS
[2015.02.05-02.53.28:497][  0]LogInit: User: Owner
[2015.02.05-02.53.28:497][  0]LogInit: CPU Page size=4096, Cores=4
[2015.02.05-02.53.28:497][  0]LogInit: High frequency timer resolution =2.338346 MHz
[2015.02.05-02.53.28:497][  0]LogMemory: Memory total: Physical=15.9GB (16GB approx) Virtual=131072.0GB
[2015.02.05-02.53.28:497][  0]LogMemory: Platform Memory Stats for Windows
[2015.02.05-02.53.28:497][  0]LogMemory: Process Physical Memory: 48.90 MB used, 48.90 MB peak
[2015.02.05-02.53.28:497][  0]LogMemory: Process Virtual Memory: 25.04 MB used, 25.04 MB peak
[2015.02.05-02.53.28:497][  0]LogMemory: Physical Memory: 3289.98 MB used, 16267.18 MB total
[2015.02.05-02.53.28:497][  0]LogMemory: Virtual Memory: 274.81 MB used, 134217728.00 MB total
[2015.02.05-02.53.28:578][  0]LogD3D11RHI: Found D3D11 adapter 0: Intel(R) HD Graphics 4600 (Feature Level 11_0)
[2015.02.05-02.53.28:578][  0]LogD3D11RHI: Adapter has 32MB of dedicated video memory, 0MB of dedicated system memory, and 1760MB of shared system memory, 1 output[s]
[2015.02.05-02.53.28:590][  0]LogD3D11RHI: Found D3D11 adapter 1: NVIDIA GeForce GT 750M (Feature Level 11_0)
[2015.02.05-02.53.28:590][  0]LogD3D11RHI: Adapter has 1988MB of dedicated video memory, 0MB of dedicated system memory, and 2048MB of shared system memory, 0 output[s]
[2015.02.05-02.53.28:591][  0]LogD3D11RHI: Found D3D11 adapter 2: Microsoft Basic Render Driver (Feature Level 11_0)
[2015.02.05-02.53.28:591][  0]LogD3D11RHI: Adapter has 0MB of dedicated video memory, 0MB of dedicated system memory, and 256MB of shared system memory, 0 output[s]
[2015.02.05-02.53.28:591][  0]LogD3D11RHI: Chosen D3D11 Adapter Id = 0
[2015.02.05-02.53.28:596][  0]LogRHI: Texture pool is 1361 MB (70% of 1945 MB)
[2015.02.05-02.53.28:608][  0]LogD3D11RHI: Async texture creation enabled
[2015.02.05-02.53.28:768][  0]LogTextLocalizationManager: The requested culture ('en_US') has no localization data; parent culture's ('en') localization data will be used.
[2015.02.05-02.53.28:888][  0]LogContentStreaming: Texture pool size is 0.000000MB
[2015.02.05-02.53.34:150][  0]LogTargetPlatformManager:Display: Building Assets For Windows
[2015.02.05-02.53.34:766][  0]LogTargetPlatformManager:Display: Building Assets For Windows
[2015.02.05-02.53.34:847][  0]LogDerivedDataCache:Display: Max Cache Size: 512 MB
[2015.02.05-02.53.34:883][  0]LogDerivedDataCache: Loaded boot cache 0.04s 39MB C:/Users/Owner/AppData/Local/UnrealEngine/4.6/DerivedDataCache/Boot.ddc.
[2015.02.05-02.53.34:883][  0]LogDerivedDataCache:Display: Loaded Boot cache: C:/Users/Owner/AppData/Local/UnrealEngine/4.6/DerivedDataCache/Boot.ddc
[2015.02.05-02.53.34:883][  0]LogDerivedDataCache: FDerivedDataBackendGraph:  Pak pak cache file ../../../../../../../Users/Owner/Documents/Unreal Projects/Kodaina/DerivedDataCache/DDC.ddp not found, will not use a pak cache.
[2015.02.05-02.53.34:883][  0]LogDerivedDataCache: Unable to find inner node Pak for hierarchical cache Hierarchy.
[2015.02.05-02.53.34:942][  0]LogDerivedDataCache:Display: Pak cache opened for reading ../../../Engine/DerivedDataCache/DDC.ddp.
[2015.02.05-02.53.34:955][  0]LogDerivedDataCache: Using Local data cache path C:/Users/Owner/AppData/Local/UnrealEngine/Common/DerivedDataCache: Writable
[2015.02.05-02.53.35:107][  0]LogCollisionProfile:Warning: Profile (UI) - Custom Channel Name = 'Weapon' hasn't been found
[2015.02.05-02.53.35:354][  0]LogMeshUtilities: No automatic mesh reduction module available
[2015.02.05-02.53.35:354][  0]LogMeshUtilities: No automatic mesh merging module available
[2015.02.05-02.53.35:864][  0]LogInit: WinSock: version 1.1 (2.2), MaxSocks=32767, MaxUdp=65467
[2015.02.05-02.53.35:986][  0]LogSlate:Warning: Failed to load font data from '../../../Engine/Content/Slate/Fonts/Roboto-Italic.ttf'
[2015.02.05-02.53.37:331][  0]UdpMessaging: Initializing bridge on interface 0.0.0.0:0 to multicast group 230.0.0.1:6666.
[2015.02.05-02.53.37:720][  0]LogDirectoryWatcher:Warning: Failed to begin reading directory changes for C:/Users/Owner/Documents/Unreal Projects/Kodaina/Binaries/Win64. Error: 0
[2015.02.05-02.53.37:944][  0]SourceControl: Info Source control is disabled
[2015.02.05-02.53.37:944][  0]SourceControl: Info Source control is disabled
[2015.02.05-02.53.37:957][  0]SourceControl: Info Source control is disabled
[2015.02.05-02.53.38:242][  0]LogObj: 24370 objects as part of root set at end of initial load.
[2015.02.05-02.53.38:242][  0]LogUObjectAllocator: 5269600 out of 0 bytes used by permanent object pool.
[2015.02.05-02.53.38:324][  0]LogEngine: Initializing Engine...
[2015.02.05-02.53.38:459][  0]LogInit: XAudio2 using 'Speakers (M-Audio Micro)' : 2 channels at 44.1 kHz using 16 bits per sample (channel mask 0x3)
[2015.02.05-02.53.38:469][  0]LogInit: FAudioDevice initialized.
[2015.02.05-02.53.38:508][  0]LogAIModule: Creating AISystem for world NewWorld
[2015.02.05-02.53.38:528][  0]LogDerivedDataCache: Saved boot cache 0.02s 39MB C:/Users/Owner/AppData/Local/UnrealEngine/4.6/DerivedDataCache/Boot.ddc.
[2015.02.05-02.53.38:530][  0]LogInit: Texture streaming: Enabled
[2015.02.05-02.53.38:587][  0]LogAnalytics: Creating configured Analytics provider AnalyticsET
[2015.02.05-02.53.38:587][  0]LogAnalytics: ET APIKey = Rocket.Release. APIServer = http://et2.epicgames.com/ET2/. AppVersion = 4.6.1-2386410+++depot+UE4-Releases+4.6
[2015.02.05-02.53.38:588][  0]LogAnalytics: SetUserId d53fbd01599cddc5eda2e5a33cd9f114
[2015.02.05-02.53.38:588][  0]LogAnalytics: AnalyticsET::StartSession [Rocket.Release]
[2015.02.05-02.53.38:618][  0]LogInit: Transaction tracking system initialized
[2015.02.05-02.53.38:822][  0]BlueprintLog: New page: Editor Load
[2015.02.05-02.53.38:889][  0]LogAssetRegistry: FAssetRegistry took 0.0106 seconds to start up
[2015.02.05-02.53.38:889][  0]LogDirectoryWatcher:Warning: Failed to begin reading directory changes for ../../../Engine/Plugins/Experimental/CharacterAI/Content/. Error: 0
[2015.02.05-02.53.39:605][  0]LogTargetPlatformManager:Display: Building Assets For Windows
[2015.02.05-02.53.40:034][  0]LogTargetPlatformManager:Display: Building Assets For Windows
[2015.02.05-02.53.40:426][  0]LogConsoleResponse:Display: 
[2015.02.05-02.53.40:471][  0]LogLinker:Warning: Asset '../../../Engine/Content/Functions/Engine_MaterialFunctions03/Procedurals/ComputeFilterWidth.uasset' has been saved with empty engine version. The asset will be loaded but may be incompatible.
[2015.02.05-02.53.40:815][  0]SourceControl: Info Source control is disabled
[2015.02.05-02.53.40:815][  0]Cmd: MAP LOAD FILE="../../../../../../../Users/Owner/Documents/Unreal Projects/Kodaina/Content/Maps/TestLevel.umap" TEMPLATE=0 SHOWPROGRESS=1
[2015.02.05-02.53.40:816][  0]LightingResults: New page: Lighting Build
[2015.02.05-02.53.40:832][  0]MapCheck: New page: Map Check
[2015.02.05-02.53.40:832][  0]LightingResults: New page: Lighting Build
[2015.02.05-02.53.40:839][  0]LogParticles: Destroying 0 GPU particle simulations for FXSystem 0x0000002D62C8AAC0
[2015.02.05-02.53.40:931][  0]LogEditorServer: Finished looking for orphan Actors (0.000 secs)
[2015.02.05-02.53.40:931][  0]LogAIModule: Creating AISystem for world TestLevel
[2015.02.05-02.53.40:931][  0]Cmd: MAP CHECKDEP
[2015.02.05-02.53.40:931][  0]MapCheck: New page: TestLevel - Feb 4, 2015, 4:53:40 PM
[2015.02.05-02.53.41:098][  0]MapCheck: Info Map check complete: 0 Error(s), 0 Warning(s), took 167.019ms to complete.
[2015.02.05-02.53.41:098][  0]LogFileHelpers: Loading map 'TestLevel' took 0.284
[2015.02.05-02.53.41:183][  0]LogCollectionManager: Loaded 0 collections in 0.001537 seconds
[2015.02.05-02.53.41:473][  0]LogCrashTracker: Crashtracker disabled due to settings.
[2015.02.05-02.53.41:526][  0]LogUObjectGlobals:Warning: Failed to find object 'Class None.'
[2015.02.05-02.53.41:555][  0]LogLoad: Full Startup: 15.46 seconds (BP compile: 0.02 seconds)
[2015.02.05-02.53.41:897][  0]LogContentBrowser:Verbose: The content browser source was changed by the sources view to '/Game/Blueprints'
[2015.02.05-02.53.42:051][  0]LogRenderer:Warning: Reallocating scene render targets to support 1168x880.
[2015.02.05-02.53.42:974][  3]LogAssetRegistry: Asset discovery search completed in 4.0966 seconds
[2015.02.05-02.53.45:016][ 12]LogEditorViewport: Clicking Background
[2015.02.05-02.54.25:233][721]LogBlueprint:Error: [compiler] Error Found too many output connections in selection!  Set currentLine  is connected to  Append Message , previously found  Set Line4Text  connected to  Branch 
[2015.02.05-02.54.25:233][721]BlueprintLog: New page: Collapse to Function
[2015.02.05-02.54.25:233][721]BlueprintLog:Error: Error Found too many output connections in selection!  Set currentLine  is connected to  Append Message , previously found  Set Line4Text  connected to  Branch 
[2015.02.05-02.54.25:260][721]LogBlueprint:Warning: [compiler] Warning [0059.17] Compile of  failed. 1 Fatal Issue(s) 0 Warning(s) [in 23 ms]
[2015.02.05-02.54.50:609][696]BlueprintLog: New page: Collapse to Function
[2015.02.05-02.55.23:369][945]BlueprintLog: New page: Compile MessageBoxHUD
[2015.02.05-02.55.23:588][945]BlueprintEditorCompileResults: Info [0117.50] Compile of MessageBoxHUD successful! [in 135 ms]
[2015.02.05-02.55.24:142][959]Cmd: OBJ SAVEPACKAGE PACKAGE="/Game/Blueprints/MessageBoxHUD" FILE="../../../../../../../Users/Owner/Documents/Unreal Projects/Kodaina/Content/Blueprints/MessageBoxHUD.uasset" SILENT=true
[2015.02.05-02.55.24:527][959]LogSavePackage: Save=68.549309ms
[2015.02.05-02.55.24:527][959]LogSavePackage: Moving '../../../../../../../Users/Owner/Documents/Unreal Projects/Kodaina/Saved/MessageBoxHUD56394AFD46A05A2611567988C611DFAC.tmp' to '../../../../../../../Users/Owner/Documents/Unreal Projects/Kodaina/Content/Blueprints/MessageBoxHUD.uasset'
[2015.02.05-02.56.28:795][373]BlueprintLog: New page: Compile MessageBoxHUD
[2015.02.05-02.56.28:867][373]LogBlueprint:Warning: [compiler] Warning ReturnNode Exec pin has no connections on  EdGraphPin_13851 
[2015.02.05-02.56.28:943][373]LogBlueprint:Warning: [compiler] Warning [0182.85] Compile of MessageBoxHUD successful, but with 1 Warning(s) [in 99 ms]
[2015.02.05-02.56.28:943][373]BlueprintEditorCompileResults:Warning: Warning ReturnNode Exec pin has no connections on  EdGraphPin_13851 
[2015.02.05-02.56.28:943][373]BlueprintEditorCompileResults:Warning: Warning [0182.85] Compile of MessageBoxHUD successful, but with 1 Warning(s) [in 99 ms]
[2015.02.05-02.56.29:242][381]BlueprintLog: New page: Compile MessageBoxHUD
[2015.02.05-02.56.29:348][381]LogBlueprint:Warning: [compiler] Warning ReturnNode Exec pin has no connections on  EdGraphPin_13851 
[2015.02.05-02.56.29:418][381]LogBlueprint:Warning: [compiler] Warning [0183.33] Compile of MessageBoxHUD successful, but with 1 Warning(s) [in 92 ms]
[2015.02.05-02.56.29:418][381]BlueprintEditorCompileResults:Warning: Warning ReturnNode Exec pin has no connections on  EdGraphPin_13851 
[2015.02.05-02.56.29:418][381]BlueprintEditorCompileResults:Warning: Warning [0183.33] Compile of MessageBoxHUD successful, but with 1 Warning(s) [in 92 ms]
[2015.02.05-02.57.03:247][599]LogEditorTransaction: Undo Create Pin Link
[2015.02.05-02.57.17:265][103]BlueprintLog: New page: Compile MessageBoxHUD
[2015.02.05-02.57.17:454][103]BlueprintEditorCompileResults: Info [0231.36] Compile of MessageBoxHUD successful! [in 99 ms]
[2015.02.05-02.57.21:933][264]BlueprintLog: New page: Compile MessageBoxHUD
[2015.02.05-02.57.22:075][264]BlueprintEditorCompileResults: Info [0235.98] Compile of MessageBoxHUD successful! [in 93 ms]
[2015.02.05-02.57.46:905][175]BlueprintLog: New page: Pre-PIE auto-recompile
[2015.02.05-02.57.46:908][175]LogPlayLevel: [PIE] Compiling Tutorial_BP_MacroLib before PIE...
[2015.02.05-02.57.46:976][175]LogPlayLevel: [PIE] Compiling TestLevel before PIE...
[2015.02.05-02.57.47:050][175]LogPlayLevel: PIE:  Blueprint regeneration took 143 ms (2 blueprints)
[2015.02.05-02.57.47:050][175]PIE: New page: PIE session: TestLevel (Feb 4, 2015, 4:57:47 PM)
[2015.02.05-02.57.47:053][175]LogPlayLevel: PIE: StaticDuplicateObject took: (0.003151s)
[2015.02.05-02.57.47:054][175]LogPlayLevel: PIE: World Init took: (0.000529s)
[2015.02.05-02.57.47:054][175]LogPlayLevel: PIE: Created PIE world by copying editor world from /Game/Maps/TestLevel.TestLevel to /Game/Maps/UEDPIE_0_TestLevel.TestLevel (0.003825s)
[2015.02.05-02.57.49:420][175]LogWorld: Game class is 'Kodaina_C'
[2015.02.05-02.57.49:421][175]LogAIModule: Creating AISystem for world TestLevel
[2015.02.05-02.57.49:423][175]LogWorld: Bringing World /Game/Maps/UEDPIE_0_TestLevel.TestLevel up for play (max tick rate 60) at 2015.02.04-21.57.49
[2015.02.05-02.57.49:423][175]LogWorld: Bringing up level for play took: 0.001893
[2015.02.05-02.57.49:433][175]PIE: Info Play in editor start time for /Game/Maps/UEDPIE_0_TestLevel 2.954
[2015.02.05-02.57.59:027][730]LogActorComponent: UnregisterComponent: (/Engine/Transient.CharacterMovementComponent_0) Not registered. Aborting.
[2015.02.05-02.57.59:089][730]LogParticles: Destroying 0 GPU particle simulations for FXSystem 0x0000002D6E3ED1C0
[2015.02.05-02.57.59:601][752]Cmd: OBJ SAVEPACKAGE PACKAGE="/Game/Blueprints/MessageBoxHUD" FILE="../../../../../../../Users/Owner/Documents/Unreal Projects/Kodaina/Content/Blueprints/MessageBoxHUD.uasset" SILENT=true
[2015.02.05-02.57.59:982][752]LogSavePackage: Save=63.633011ms
[2015.02.05-02.57.59:982][752]LogSavePackage: Moving '../../../../../../../Users/Owner/Documents/Unreal Projects/Kodaina/Saved/MessageBoxHUD2DF827C44066CD2BDCB94A8F22BB10C5.tmp' to '../../../../../../../Users/Owner/Documents/Unreal Projects/Kodaina/Content/Blueprints/MessageBoxHUD.uasset'
[2015.02.05-02.59.43:074][204]LogUObjectGlobals:Warning: Failed to find object 'Object None.'
[2015.02.05-02.59.59:559][907]BlueprintLog: New page: Compile MessageBoxHUD
[2015.02.05-02.59.59:759][907]LogActorComponent: UnregisterComponent: (/Engine/Transient.CharacterMovementComponent_1) Not registered. Aborting.
[2015.02.05-02.59.59:818][907]BlueprintEditorCompileResults: Info [0393.73] Compile of MessageBoxHUD successful! [in 210 ms]
[2015.02.05-03.00.27:523][ 33]BlueprintLog: New page: Compile RollingMovingHUD
[2015.02.05-03.00.27:686][ 33]BlueprintEditorCompileResults: Info [0421.59] Compile of RollingMovingHUD successful! [in 123 ms]
[2015.02.05-03.01.28:324][531]BlueprintLog: New page: Compile RollingMovingHUD
[2015.02.05-03.01.28:496][531]BlueprintEditorCompileResults: Info [0482.40] Compile of RollingMovingHUD successful! [in 116 ms]
[2015.02.05-03.01.35:260][812]BlueprintLog: New page: Compile RollingMovingHUD
[2015.02.05-03.01.35:393][812]BlueprintEditorCompileResults: Info [0489.30] Compile of RollingMovingHUD successful! [in 112 ms]
[2015.02.05-03.01.41:853][ 81]BlueprintLog: New page: Compile RollingMovingHUD
[2015.02.05-03.01.41:988][ 81]BlueprintEditorCompileResults: Info [0495.90] Compile of RollingMovingHUD successful! [in 113 ms]
[2015.02.05-03.01.59:553][801]LogUObjectGlobals:Warning: Failed to find object 'Object None.'
[2015.02.05-03.02.14:596][408]BlueprintLog: New page: Compile RollingMovingHUD
[2015.02.05-03.02.14:736][408]BlueprintEditorCompileResults: Info [0528.64] Compile of RollingMovingHUD successful! [in 117 ms]
[2015.02.05-03.02.15:190][423]Cmd: OBJ SAVEPACKAGE PACKAGE="/Game/Blueprints/MessageBoxHUD" FILE="../../../../../../../Users/Owner/Documents/Unreal Projects/Kodaina/Content/Blueprints/MessageBoxHUD.uasset" SILENT=true
[2015.02.05-03.02.15:578][423]LogSavePackage: Save=62.593388ms
[2015.02.05-03.02.15:578][423]LogSavePackage: Moving '../../../../../../../Users/Owner/Documents/Unreal Projects/Kodaina/Saved/MessageBoxHUD89DD53094B1DCB2BA92721A477403FA4.tmp' to '../../../../../../../Users/Owner/Documents/Unreal Projects/Kodaina/Content/Blueprints/MessageBoxHUD.uasset'
[2015.02.05-03.02.15:590][423]Cmd: OBJ SAVEPACKAGE PACKAGE="/Game/Blueprints/RollingMovingHUD" FILE="../../../../../../../Users/Owner/Documents/Unreal Projects/Kodaina/Content/Blueprints/RollingMovingHUD.uasset" SILENT=true
[2015.02.05-03.02.15:943][423]LogSavePackage: Save=32.720566ms
[2015.02.05-03.02.15:943][423]LogSavePackage: Moving '../../../../../../../Users/Owner/Documents/Unreal Projects/Kodaina/Saved/RollingMovingHUD53CD9FAF4596D28438E4E797212F6476.tmp' to '../../../../../../../Users/Owner/Documents/Unreal Projects/Kodaina/Content/Blueprints/RollingMovingHUD.uasset'
[2015.02.05-03.02.17:109][483]BlueprintLog: New page: Pre-PIE auto-recompile
[2015.02.05-03.02.17:119][483]LogPlayLevel: [PIE] Compiling MyCharacter before PIE...
[2015.02.05-03.02.17:552][483]LogPlayLevel: [PIE] Compiling TestLevel before PIE...
[2015.02.05-03.02.17:650][483]LogPlayLevel: [PIE] Compiling BattleHUD before PIE...
[2015.02.05-03.02.17:944][483]LogPlayLevel: [PIE] Compiling Enemy before PIE...
[2015.02.05-03.02.18:100][483]LogPlayLevel: [PIE] Compiling ShoppingHUD before PIE...
[2015.02.05-03.02.18:216][483]LogPlayLevel: [PIE] Compiling RollingMovingHUD before PIE...
[2015.02.05-03.02.18:338][483]LogPlayLevel: [PIE] Compiling StatusHUD before PIE...
[2015.02.05-03.02.18:468][483]LogPlayLevel: [PIE] Compiling InventoryHUD before PIE...
[2015.02.05-03.02.18:697][483]LogPlayLevel: PIE:  Blueprint regeneration took 1587 ms (8 blueprints)
[2015.02.05-03.02.18:697][483]PIE: New page: PIE session: TestLevel (Feb 4, 2015, 5:02:18 PM)
[2015.02.05-03.02.18:700][483]LogPlayLevel: PIE: StaticDuplicateObject took: (0.003266s)
[2015.02.05-03.02.18:701][483]LogPlayLevel: PIE: World Init took: (0.000551s)
[2015.02.05-03.02.18:701][483]LogPlayLevel: PIE: Created PIE world by copying editor world from /Game/Maps/TestLevel.TestLevel to /Game/Maps/UEDPIE_0_TestLevel.TestLevel (0.003952s)
[2015.02.05-03.02.18:741][483]LogWorld: Game class is 'Kodaina_C'
[2015.02.05-03.02.18:745][483]LogAIModule: Creating AISystem for world TestLevel
[2015.02.05-03.02.18:747][483]LogWorld: Bringing World /Game/Maps/UEDPIE_0_TestLevel.TestLevel up for play (max tick rate 60) at 2015.02.04-22.02.18
[2015.02.05-03.02.18:748][483]LogWorld: Bringing up level for play took: 0.003115
[2015.02.05-03.02.18:757][483]PIE: Info Play in editor start time for /Game/Maps/UEDPIE_0_TestLevel 2.279
[2015.02.05-03.02.26:800][933]LogActorComponent: UnregisterComponent: (/Engine/Transient.CharacterMovementComponent_2) Not registered. Aborting.
[2015.02.05-03.02.26:872][934]LogParticles: Destroying 0 GPU particle simulations for FXSystem 0x0000002D6FB0E020
[2015.02.05-03.02.36:846][354]LogUObjectGlobals:Warning: Failed to find object 'Object None.'
[2015.02.05-03.02.39:686][474]BlueprintLog: New page: Compile RollingMovingHUD
[2015.02.05-03.02.39:838][474]BlueprintEditorCompileResults: Info [0553.75] Compile of RollingMovingHUD successful! [in 132 ms]
[2015.02.05-03.02.40:315][490]Cmd: OBJ SAVEPACKAGE PACKAGE="/Game/Blueprints/RollingMovingHUD" FILE="../../../../../../../Users/Owner/Documents/Unreal Projects/Kodaina/Content/Blueprints/RollingMovingHUD.uasset" SILENT=true
[2015.02.05-03.02.40:674][490]LogSavePackage: Save=38.947189ms
[2015.02.05-03.02.40:674][490]LogSavePackage: Moving '../../../../../../../Users/Owner/Documents/Unreal Projects/Kodaina/Saved/RollingMovingHUD1471135E489665386B8233B15D8FD44B.tmp' to '../../../../../../../Users/Owner/Documents/Unreal Projects/Kodaina/Content/Blueprints/RollingMovingHUD.uasset'
[2015.02.05-03.02.42:019][560]BlueprintLog: New page: Pre-PIE auto-recompile
[2015.02.05-03.02.42:030][560]LogPlayLevel: [PIE] Compiling MyCharacter before PIE...
[2015.02.05-03.02.42:457][560]LogPlayLevel: [PIE] Compiling TestLevel before PIE...
[2015.02.05-03.02.42:520][560]LogPlayLevel: [PIE] Compiling BattleHUD before PIE...
[2015.02.05-03.02.42:819][560]LogPlayLevel: [PIE] Compiling Enemy before PIE...
[2015.02.05-03.02.42:977][560]LogPlayLevel: [PIE] Compiling ShoppingHUD before PIE...
[2015.02.05-03.02.43:098][560]LogPlayLevel: [PIE] Compiling RollingMovingHUD before PIE...
[2015.02.05-03.02.43:225][560]LogPlayLevel: [PIE] Compiling StatusHUD before PIE...
[2015.02.05-03.02.43:357][560]LogPlayLevel: [PIE] Compiling InventoryHUD before PIE...
[2015.02.05-03.02.43:615][560]LogPlayLevel: PIE:  Blueprint regeneration took 1596 ms (8 blueprints)
[2015.02.05-03.02.43:616][560]PIE: New page: PIE session: TestLevel (Feb 4, 2015, 5:02:43 PM)
[2015.02.05-03.02.43:619][560]LogPlayLevel: PIE: StaticDuplicateObject took: (0.003075s)
[2015.02.05-03.02.43:619][560]LogPlayLevel: PIE: World Init took: (0.000394s)
[2015.02.05-03.02.43:619][560]LogPlayLevel: PIE: Created PIE world by copying editor world from /Game/Maps/TestLevel.TestLevel to /Game/Maps/UEDPIE_0_TestLevel.TestLevel (0.003595s)
[2015.02.05-03.02.43:661][560]LogWorld: Game class is 'Kodaina_C'
[2015.02.05-03.02.43:662][560]LogAIModule: Creating AISystem for world TestLevel
[2015.02.05-03.02.43:664][560]LogWorld: Bringing World /Game/Maps/UEDPIE_0_TestLevel.TestLevel up for play (max tick rate 60) at 2015.02.04-22.02.43
[2015.02.05-03.02.43:664][560]LogWorld: Bringing up level for play took: 0.001896
[2015.02.05-03.02.43:673][560]PIE: Info Play in editor start time for /Game/Maps/UEDPIE_0_TestLevel 1.194
[2015.02.05-03.02.47:316][758]Cmd: 
[2015.02.05-03.02.47:316][758]Command not recognized:  
[2015.02.05-03.02.50:659][949]LogActorComponent: UnregisterComponent: (/Engine/Transient.CharacterMovementComponent_3) Not registered. Aborting.
[2015.02.05-03.02.50:735][950]LogParticles: Destroying 0 GPU particle simulations for FXSystem 0x0000002D05B8D3A0
[2015.02.05-03.03.13:102][885]BlueprintLog: New page: Compile RollingMovingHUD
[2015.02.05-03.03.13:133][885]LogBlueprint:Warning: [compiler] Warning Could not find a variable named "TextBlock_43" in 'RollingMovingHUD_C'.
Make sure 'RollingMovingHUD_C' has been compiled for  Get TextBlock_43 
[2015.02.05-03.03.13:133][885]LogBlueprint:Warning: [compiler] Warning Could not find a variable named "TextBlock_43" in 'RollingMovingHUD_C'.
Make sure 'RollingMovingHUD_C' has been compiled for  Get TextBlock_43 
[2015.02.05-03.03.13:134][885]LogBlueprint:Error: [compiler] Error The property associated with  Text Block 43  could not be found
[2015.02.05-03.03.13:135][885]LogBlueprint:Error: [compiler] Error The property associated with  Text Block 43  could not be found
[2015.02.05-03.03.13:306][885]LogBlueprint:Warning: [compiler] Warning [0587.21] Compile of RollingMovingHUD failed. 2 Fatal Issue(s) 2 Warning(s) [in 184 ms]
[2015.02.05-03.03.13:306][885]BlueprintEditorCompileResults:Warning: Warning Could not find a variable named "TextBlock_43" in 'RollingMovingHUD_C'.
Make sure 'RollingMovingHUD_C' has been compiled for  Get TextBlock_43 
[2015.02.05-03.03.13:306][885]BlueprintEditorCompileResults:Warning: Warning Could not find a variable named "TextBlock_43" in 'RollingMovingHUD_C'.
Make sure 'RollingMovingHUD_C' has been compiled for  Get TextBlock_43 
[2015.02.05-03.03.13:306][885]BlueprintEditorCompileResults:Error: Error The property associated with  Text Block 43  could not be found
[2015.02.05-03.03.13:306][885]BlueprintEditorCompileResults:Error: Error The property associated with  Text Block 43  could not be found
[2015.02.05-03.03.13:306][885]BlueprintEditorCompileResults:Warning: Warning [0587.21] Compile of RollingMovingHUD failed. 2 Fatal Issue(s) 2 Warning(s) [in 184 ms]
[2015.02.05-03.03.30:295][564]BlueprintLog: New page: Compile RollingMovingHUD
[2015.02.05-03.03.30:327][564]LogBlueprint:Warning: [compiler] Warning Could not find a variable named "TextBlock_43" in 'RollingMovingHUD_C'.
Make sure 'RollingMovingHUD_C' has been compiled for  Get TextBlock_43 
[2015.02.05-03.03.30:328][564]LogBlueprint:Error: [compiler] Error The property associated with  Text Block 43  could not be found
[2015.02.05-03.03.30:511][564]LogBlueprint:Warning: [compiler] Warning [0604.42] Compile of RollingMovingHUD failed. 1 Fatal Issue(s) 1 Warning(s) [in 195 ms]
[2015.02.05-03.03.30:511][564]BlueprintEditorCompileResults:Warning: Warning Could not find a variable named "TextBlock_43" in 'RollingMovingHUD_C'.
Make sure 'RollingMovingHUD_C' has been compiled for  Get TextBlock_43 
[2015.02.05-03.03.30:511][564]BlueprintEditorCompileResults:Error: Error The property associated with  Text Block 43  could not be found
[2015.02.05-03.03.30:511][564]BlueprintEditorCompileResults:Warning: Warning [0604.42] Compile of RollingMovingHUD failed. 1 Fatal Issue(s) 1 Warning(s) [in 195 ms]
[2015.02.05-03.03.50:775][441]BlueprintLog: New page: Compile RollingMovingHUD
[2015.02.05-03.03.50:942][441]BlueprintEditorCompileResults: Info [0624.85] Compile of RollingMovingHUD successful! [in 147 ms]
[2015.02.05-03.04.12:295][309]LogFileHelpers: Editor autosave (incl. sublevels) for '/Game/Maps/TestLevel' took 0.044
[2015.02.05-03.04.12:339][309]OBJ SavePackage: Generating thumbnails for [0] asset(s) in package [/Game/Blueprints/RollingMovingHUD] ([1] browsable assets)...
[2015.02.05-03.04.12:339][309]OBJ SavePackage: Finished generating thumbnails for package [/Game/Blueprints/RollingMovingHUD]
[2015.02.05-03.04.12:756][309]LogSavePackage: Save=73.337311ms
[2015.02.05-03.04.12:756][309]LogSavePackage: Moving '../../../../../../../Users/Owner/Documents/Unreal Projects/Kodaina/Saved/RollingMovingHUD_Auto17470ED4C49C1A32DD0C68CA6962FD3BB.tmp' to '../../../../../../../Users/Owner/Documents/Unreal Projects/Kodaina/Saved/Autosaves/Game/Blueprints/RollingMovingHUD_Auto1.uasset'
[2015.02.05-03.04.12:763][309]LogFileHelpers: Auto-saving content packages took 0.468
[2015.02.05-03.04.46:119][548]BlueprintLog: New page: Compile RollingMovingHUD
[2015.02.05-03.04.46:292][548]BlueprintEditorCompileResults: Info [0680.20] Compile of RollingMovingHUD successful! [in 153 ms]
[2015.02.05-03.04.46:836][564]Cmd: OBJ SAVEPACKAGE PACKAGE="/Game/Blueprints/RollingMovingHUD" FILE="../../../../../../../Users/Owner/Documents/Unreal Projects/Kodaina/Content/Blueprints/RollingMovingHUD.uasset" SILENT=true
[2015.02.05-03.04.47:190][564]LogSavePackage: Save=31.630478ms
[2015.02.05-03.04.47:190][564]LogSavePackage: Moving '../../../../../../../Users/Owner/Documents/Unreal Projects/Kodaina/Saved/RollingMovingHUDCF46FAE244830FD7207330985B5B4769.tmp' to '../../../../../../../Users/Owner/Documents/Unreal Projects/Kodaina/Content/Blueprints/RollingMovingHUD.uasset'
[2015.02.05-03.04.48:893][650]BlueprintLog: New page: Pre-PIE auto-recompile
[2015.02.05-03.04.48:905][650]LogPlayLevel: [PIE] Compiling MyCharacter before PIE...
[2015.02.05-03.04.49:338][650]LogPlayLevel: [PIE] Compiling TestLevel before PIE...
[2015.02.05-03.04.49:435][650]LogPlayLevel: [PIE] Compiling BattleHUD before PIE...
[2015.02.05-03.04.49:745][650]LogPlayLevel: [PIE] Compiling Enemy before PIE...
[2015.02.05-03.04.49:903][650]LogPlayLevel: [PIE] Compiling ShoppingHUD before PIE...
[2015.02.05-03.04.50:088][650]LogPlayLevel: [PIE] Compiling RollingMovingHUD before PIE...
[2015.02.05-03.04.50:223][650]LogPlayLevel: [PIE] Compiling StatusHUD before PIE...
[2015.02.05-03.04.50:351][650]LogPlayLevel: [PIE] Compiling InventoryHUD before PIE...
[2015.02.05-03.04.50:569][650]LogPlayLevel: PIE:  Blueprint regeneration took 1675 ms (8 blueprints)
[2015.02.05-03.04.50:570][650]PIE: New page: PIE session: TestLevel (Feb 4, 2015, 5:04:50 PM)
[2015.02.05-03.04.50:573][650]LogPlayLevel: PIE: Stat