Log file open, 01/21/15 18:39:18
LogInit:Display: Running engine for game: KodainaKingdom
LogInit: Version: 4.6.1-2386410+++depot+UE4-Releases+4.6
LogInit: API Version: 2369412
LogInit: Compiled (64-bit): Dec 11 2014 21:31:39
LogInit: Compiled with Visual C++: 18.00.21005.01
LogInit: Build Configuration: Development
LogInit: Branch Name: ++depot+UE4-Releases+4.6
LogInit: Command line:  
LogInit: Base directory: C:/Program Files/UE45/Epic Games/4.6/Engine/Binaries/Win64/
LogInit: Rocket: 1
[2015.01.21-23.39.18:677][  0]LogTaskGraph: Started task graph with 3 named threads and 6 total threads.
[2015.01.21-23.39.18:737][  0]LogOnline:Warning: No default platform service specified for OnlineSubsystem
[2015.01.21-23.39.18:794][  0]LogInit: Presizing for 0 objects not considered by GC, pre-allocating 0 bytes.
[2015.01.21-23.39.18:802][  0]LogInit: Object subsystem initialized
[2015.01.21-23.39.18:804][  0]LogConsoleResponse:Warning: Skipping Unknown console variable: 'UIScaleRule = ShortestSide'
[2015.01.21-23.39.18:804][  0]LogConsoleResponse:Warning:   Found in ini file 'C:/Users/Owner/Documents/Unreal Projects/Kodaina/Saved/Config/Windows/Engine.ini', in section '[/Script/Engine.RendererSettings]'
[2015.01.21-23.39.18:804][  0]LogConsoleResponse:Warning: Skipping Unknown console variable: 'UIScaleCurve = (EditorCurveData=(Keys=),ExternalCurve=None)'
[2015.01.21-23.39.18:804][  0]LogConsoleResponse:Warning:   Found in ini file 'C:/Users/Owner/Documents/Unreal Projects/Kodaina/Saved/Config/Windows/Engine.ini', in section '[/Script/Engine.RendererSettings]'
[2015.01.21-23.39.18:804][  0]LogConsoleManager:Warning: Console variable 'r.MSAA.CompositingSampleCount' wasn't set (Priority ProjectSetting < Scalability)
[2015.01.21-23.39.18:804][  0]LogInit: Selected Device Profile: [Windows]
[2015.01.21-23.39.18:804][  0]LogInit: Applying CVar settings loaded from the selected device profile: [Windows]
[2015.01.21-23.39.18:812][  0]LogInit: Computer: ASUS
[2015.01.21-23.39.18:812][  0]LogInit: User: Owner
[2015.01.21-23.39.18:812][  0]LogInit: CPU Page size=4096, Cores=4
[2015.01.21-23.39.18:812][  0]LogInit: High frequency timer resolution =2.338333 MHz
[2015.01.21-23.39.18:812][  0]LogMemory: Memory total: Physical=15.9GB (16GB approx) Virtual=131072.0GB
[2015.01.21-23.39.18:812][  0]LogMemory: Platform Memory Stats for Windows
[2015.01.21-23.39.18:812][  0]LogMemory: Process Physical Memory: 48.80 MB used, 48.80 MB peak
[2015.01.21-23.39.18:812][  0]LogMemory: Process Virtual Memory: 25.04 MB used, 25.04 MB peak
[2015.01.21-23.39.18:812][  0]LogMemory: Physical Memory: 4188.25 MB used, 16267.18 MB total
[2015.01.21-23.39.18:812][  0]LogMemory: Virtual Memory: 270.96 MB used, 134217728.00 MB total
[2015.01.21-23.39.18:896][  0]LogD3D11RHI: Found D3D11 adapter 0: Intel(R) HD Graphics 4600 (Feature Level 11_0)
[2015.01.21-23.39.18:896][  0]LogD3D11RHI: Adapter has 32MB of dedicated video memory, 0MB of dedicated system memory, and 1760MB of shared system memory, 1 output[s]
[2015.01.21-23.39.18:907][  0]LogD3D11RHI: Found D3D11 adapter 1: NVIDIA GeForce GT 750M (Feature Level 11_0)
[2015.01.21-23.39.18:907][  0]LogD3D11RHI: Adapter has 1988MB of dedicated video memory, 0MB of dedicated system memory, and 2048MB of shared system memory, 0 output[s]
[2015.01.21-23.39.18:909][  0]LogD3D11RHI: Found D3D11 adapter 2: Microsoft Basic Render Driver (Feature Level 11_0)
[2015.01.21-23.39.18:909][  0]LogD3D11RHI: Adapter has 0MB of dedicated video memory, 0MB of dedicated system memory, and 256MB of shared system memory, 0 output[s]
[2015.01.21-23.39.18:909][  0]LogD3D11RHI: Chosen D3D11 Adapter Id = 0
[2015.01.21-23.39.18:914][  0]LogRHI: Texture pool is 1361 MB (70% of 1945 MB)
[2015.01.21-23.39.18:925][  0]LogD3D11RHI: Async texture creation enabled
[2015.01.21-23.39.19:086][  0]LogTextLocalizationManager: The requested culture ('en_US') has no localization data; parent culture's ('en') localization data will be used.
[2015.01.21-23.39.19:208][  0]LogContentStreaming: Texture pool size is 0.000000MB
[2015.01.21-23.39.24:587][  0]LogTargetPlatformManager:Display: Building Assets For Windows
[2015.01.21-23.39.25:235][  0]LogTargetPlatformManager:Display: Building Assets For Windows
[2015.01.21-23.39.25:316][  0]LogDerivedDataCache:Display: Max Cache Size: 512 MB
[2015.01.21-23.39.25:354][  0]LogDerivedDataCache: Loaded boot cache 0.04s 39MB C:/Users/Owner/AppData/Local/UnrealEngine/4.6/DerivedDataCache/Boot.ddc.
[2015.01.21-23.39.25:354][  0]LogDerivedDataCache:Display: Loaded Boot cache: C:/Users/Owner/AppData/Local/UnrealEngine/4.6/DerivedDataCache/Boot.ddc
[2015.01.21-23.39.25:354][  0]LogDerivedDataCache: FDerivedDataBackendGraph:  Pak pak cache file ../../../../../../../Users/Owner/Documents/Unreal Projects/Kodaina/DerivedDataCache/DDC.ddp not found, will not use a pak cache.
[2015.01.21-23.39.25:354][  0]LogDerivedDataCache: Unable to find inner node Pak for hierarchical cache Hierarchy.
[2015.01.21-23.39.25:413][  0]LogDerivedDataCache:Display: Pak cache opened for reading ../../../Engine/DerivedDataCache/DDC.ddp.
[2015.01.21-23.39.25:426][  0]LogDerivedDataCache: Using Local data cache path C:/Users/Owner/AppData/Local/UnrealEngine/Common/DerivedDataCache: Writable
[2015.01.21-23.39.25:584][  0]LogCollisionProfile:Warning: Profile (UI) - Custom Channel Name = 'Weapon' hasn't been found
[2015.01.21-23.39.25:739][  0]LogMeshUtilities: No automatic mesh reduction module available
[2015.01.21-23.39.25:739][  0]LogMeshUtilities: No automatic mesh merging module available
[2015.01.21-23.39.26:187][  0]LogInit: WinSock: version 1.1 (2.2), MaxSocks=32767, MaxUdp=65467
[2015.01.21-23.39.26:306][  0]LogSlate:Warning: Failed to load font data from '../../../Engine/Content/Slate/Fonts/Roboto-Italic.ttf'
[2015.01.21-23.39.27:587][  0]UdpMessaging: Initializing bridge on interface 0.0.0.0:0 to multicast group 230.0.0.1:6666.
[2015.01.21-23.39.27:930][  0]LogDirectoryWatcher:Warning: Failed to begin reading directory changes for C:/Users/Owner/Documents/Unreal Projects/Kodaina/Binaries/Win64. Error: 0
[2015.01.21-23.39.28:158][  0]SourceControl: Info Source control is disabled
[2015.01.21-23.39.28:158][  0]SourceControl: Info Source control is disabled
[2015.01.21-23.39.28:170][  0]SourceControl: Info Source control is disabled
[2015.01.21-23.39.28:460][  0]LogObj: 23754 objects as part of root set at end of initial load.
[2015.01.21-23.39.28:460][  0]LogUObjectAllocator: 5168136 out of 0 bytes used by permanent object pool.
[2015.01.21-23.39.28:545][  0]LogEngine: Initializing Engine...
[2015.01.21-23.39.28:686][  0]LogInit: XAudio2 using 'Speakers (2- M-Audio Micro)' : 2 channels at 44.1 kHz using 16 bits per sample (channel mask 0x3)
[2015.01.21-23.39.28:698][  0]LogInit: FAudioDevice initialized.
[2015.01.21-23.39.28:736][  0]LogAIModule: Creating AISystem for world NewWorld
[2015.01.21-23.39.28:757][  0]LogDerivedDataCache: Saved boot cache 0.02s 39MB C:/Users/Owner/AppData/Local/UnrealEngine/4.6/DerivedDataCache/Boot.ddc.
[2015.01.21-23.39.28:760][  0]LogInit: Texture streaming: Enabled
[2015.01.21-23.39.28:816][  0]LogAnalytics: Creating configured Analytics provider AnalyticsET
[2015.01.21-23.39.28:816][  0]LogAnalytics: ET APIKey = Rocket.Release. APIServer = http://et2.epicgames.com/ET2/. AppVersion = 4.6.1-2386410+++depot+UE4-Releases+4.6
[2015.01.21-23.39.28:817][  0]LogAnalytics: SetUserId d53fbd01599cddc5eda2e5a33cd9f114
[2015.01.21-23.39.28:817][  0]LogAnalytics: AnalyticsET::StartSession [Rocket.Release]
[2015.01.21-23.39.28:843][  0]LogInit: Transaction tracking system initialized
[2015.01.21-23.39.29:049][  0]BlueprintLog: New page: Editor Load
[2015.01.21-23.39.29:119][  0]LogAssetRegistry: FAssetRegistry took 0.0112 seconds to start up
[2015.01.21-23.39.29:119][  0]LogDirectoryWatcher:Warning: Failed to begin reading directory changes for ../../../Engine/Plugins/Experimental/CharacterAI/Content/. Error: 0
[2015.01.21-23.39.29:863][  0]LogTargetPlatformManager:Display: Building Assets For Windows
[2015.01.21-23.39.30:285][  0]LogTargetPlatformManager:Display: Building Assets For Windows
[2015.01.21-23.39.30:675][  0]LogConsoleResponse:Display: 
[2015.01.21-23.39.30:723][  0]LogLinker:Warning: Asset '../../../Engine/Content/Functions/Engine_MaterialFunctions03/Procedurals/ComputeFilterWidth.uasset' has been saved with empty engine version. The asset will be loaded but may be incompatible.
[2015.01.21-23.39.31:066][  0]SourceControl: Info Source control is disabled
[2015.01.21-23.39.41:171][  0]Cmd: MAP LOAD FILE="../../../../../../../Users/Owner/Documents/Unreal Projects/Kodaina/Content/Maps/TestLevel.umap" TEMPLATE=0 SHOWPROGRESS=1
[2015.01.21-23.39.41:172][  0]LightingResults: New page: Lighting Build
[2015.01.21-23.39.41:201][  0]MapCheck: New page: Map Check
[2015.01.21-23.39.41:201][  0]LightingResults: New page: Lighting Build
[2015.01.21-23.39.41:212][  0]LogParticles: Destroying 0 GPU particle simulations for FXSystem 0x0000009AD3BAD940
[2015.01.21-23.39.41:861][  0]LogEditorServer: Finished looking for orphan Actors (0.000 secs)
[2015.01.21-23.39.41:862][  0]LogAIModule: Creating AISystem for world TestLevel
[2015.01.21-23.39.41:864][  0]Cmd: MAP CHECKDEP
[2015.01.21-23.39.41:864][  0]MapCheck: New page: TestLevel - Jan 21, 2015, 1:39:41 PM
[2015.01.21-23.39.42:083][  0]MapCheck: Info Map check complete: 0 Error(s), 0 Warning(s), took 219.048ms to complete.
[2015.01.21-23.39.42:083][  0]LogFileHelpers: Loading map 'TestLevel' took 0.913
[2015.01.21-23.39.42:158][  0]LogStats:Warning: MetaData mismatch. Did you assign a stat to two groups? New //STATGROUP_Threads//SplashScreenThread///Thread_2294_0///////STATCAT_Advanced//// old //STATGROUP_Threads//SplashScreenThread///Thread_2b38_0///////STATCAT_Advanced////
[2015.01.21-23.39.42:159][  0]LogCollectionManager: Loaded 0 collections in 0.001565 seconds
[2015.01.21-23.39.42:402][  0]LogCrashTracker: Crashtracker disabled due to settings.
[2015.01.21-23.39.42:423][  0]LogUObjectGlobals:Warning: Failed to find object 'Class None.'
[2015.01.21-23.39.42:453][  0]LogLoad: Full Startup: 26.04 seconds (BP compile: 0.16 seconds)
[2015.01.21-23.39.42:477][  0]LogContentBrowser:Verbose: The content browser source was changed by the sources view to '/Game/Sprites'
[2015.01.21-23.39.42:635][  0]LogRenderer:Warning: Reallocating scene render targets to support 1200x904.
[2015.01.21-23.39.42:876][  4]LogAssetRegistry: Asset discovery search completed in 13.7685 seconds
[2015.01.21-23.39.46:321][135]LogPropertyNode:Warning: UI Min (0.001) >= UI Max () for Ranged Numeric
[2015.01.21-23.39.46:324][135]LogPropertyNode:Warning: UI Min (0.001) >= UI Max () for Ranged Numeric
[2015.01.21-23.39.46:370][135]LogPropertyNode:Warning: UI Min (0.001) >= UI Max () for Ranged Numeric
[2015.01.21-23.39.46:371][135]LogPropertyNode:Warning: UI Min (0.001) >= UI Max () for Ranged Numeric
[2015.01.21-23.39.54:775][492]BlueprintLog: New page: Compile MyHud
[2015.01.21-23.39.54:904][492]LogPropertyNode:Warning: UI Min (0.001) >= UI Max () for Ranged Numeric
[2015.01.21-23.39.54:905][492]LogPropertyNode:Warning: UI Min (0.001) >= UI Max () for Ranged Numeric
[2015.01.21-23.39.54:929][492]BlueprintEditorCompileResults: Info [0038.52] Compile of MyHud successful! [in 139 ms]
[2015.01.21-23.39.58:507][640]BlueprintLog: New page: Compile MyCharacter
[2015.01.21-23.39.58:622][640]LogPropertyNode:Warning: UI Min (0.001) >= UI Max () for Ranged Numeric
[2015.01.21-23.39.58:622][640]LogPropertyNode:Warning: UI Min (0.001) >= UI Max () for Ranged Numeric
[2015.01.21-23.39.58:723][640]LogPropertyNode:Warning: UI Min (0.001) >= UI Max () for Ranged Numeric
[2015.01.21-23.39.58:723][640]LogPropertyNode:Warning: UI Min (0.001) >= UI Max () for Ranged Numeric
[2015.01.21-23.39.58:762][640]BlueprintEditorCompileResults: Info [0042.35] Compile of MyCharacter successful! [in 194 ms]
[2015.01.21-23.40.01:891][775]LogEditorViewport: Clicking Background
[2015.01.21-23.40.04:553][928]BlueprintLog: New page: Pre-PIE auto-recompile
[2015.01.21-23.40.04:557][928]LogPlayLevel: [PIE] Compiling Dice before PIE...
[2015.01.21-23.40.04:620][928]LogPlayLevel: [PIE] Compiling Tutorial_BP_MacroLib before PIE...
[2015.01.21-23.40.04:658][928]LogPlayLevel: [PIE] Compiling TestLevel before PIE...
[2015.01.21-23.40.04:703][928]LogPlayLevel: [PIE] Compiling MyHud before PIE...
[2015.01.21-23.40.04:795][928]LogPropertyNode:Warning: UI Min (0.001) >= UI Max () for Ranged Numeric
[2015.01.21-23.40.04:795][928]LogPropertyNode:Warning: UI Min (0.001) >= UI Max () for Ranged Numeric
[2015.01.21-23.40.04:834][928]LogPropertyNode:Warning: UI Min (0.001) >= UI Max () for Ranged Numeric
[2015.01.21-23.40.04:835][928]LogPropertyNode:Warning: UI Min (0.001) >= UI Max () for Ranged Numeric
[2015.01.21-23.40.04:858][928]LogPlayLevel: [PIE] Compiling MyCharacter before PIE...
[2015.01.21-23.40.04:973][928]LogPropertyNode:Warning: UI Min (0.001) >= UI Max () for Ranged Numeric
[2015.01.21-23.40.04:973][928]LogPropertyNode:Warning: UI Min (0.001) >= UI Max () for Ranged Numeric
[2015.01.21-23.40.05:036][928]LogPropertyNode:Warning: UI Min (0.001) >= UI Max () for Ranged Numeric
[2015.01.21-23.40.05:037][928]LogPropertyNode:Warning: UI Min (0.001) >= UI Max () for Ranged Numeric
[2015.01.21-23.40.05:104][928]LogPlayLevel: PIE:  Blueprint regeneration took 549 ms (5 blueprints)
[2015.01.21-23.40.05:104][928]PIE: New page: PIE session: TestLevel (Jan 21, 2015, 1:40:05 PM)
[2015.01.21-23.40.05:105][928]LogPlayLevel: PIE: StaticDuplicateObject took: (0.001450s)
[2015.01.21-23.40.05:106][928]LogPlayLevel: PIE: World Init took: (0.000442s)
[2015.01.21-23.40.05:106][928]LogPlayLevel: PIE: Created PIE world by copying editor world from /Game/Maps/TestLevel.TestLevel to /Game/Maps/UEDPIE_0_TestLevel.TestLevel (0.002040s)
[2015.01.21-23.40.05:200][928]LogWorld: Game class is 'Kodaina_C'
[2015.01.21-23.40.05:201][928]LogAIModule: Creating AISystem for world TestLevel
[2015.01.21-23.40.05:202][928]LogWorld: Bringing World /Game/Maps/UEDPIE_0_TestLevel.TestLevel up for play (max tick rate 60) at 2015.01.21-18.40.05
[2015.01.21-23.40.05:202][928]LogWorld: Bringing up level for play took: 0.001050
[2015.01.21-23.40.05:204][928]PIE: Info Play in editor start time for /Game/Maps/UEDPIE_0_TestLevel 0.918
[2015.01.21-23.40.05:234][928]LogWindows:Error: Windows GetLastError: The operation completed successfully. (0)
[2015.01.21-23.40.05:234][928]LogCrashTracker: 


[2015.01.21-23.40.05:811][928]LogCrashTracker: 


[2015.01.21-23.40.05:811][928]LogWindows: === Critical error: ===
Fatal error: [File:D:\BuildFarm\buildmachine_++depot+UE4-Releases+4.6\Engine\Source\Runtime\CoreUObject\Private\Templates\Casts.cpp] [Line: 11] 
Cast of PaperSprite /Game/Sprites/0_Sprite.0_Sprite to Texture2D failed


KERNELBASE.dll!UnknownFunction (0x00007ff8a3ce606c) + 0 bytes [UnknownFile:0]
UE4Editor-Core.dll!UnknownFunction (0x00007ff87cc22f7d) + 0 bytes [UnknownFile:0]
UE4Editor-Core.dll!UnknownFunction (0x00007ff87cab5fcf) + 0 bytes [UnknownFile:0]
UE4Editor-CoreUObject.dll!UnknownFunction (0x00007ff885d8a1f7) + 0 bytes [UnknownFile:0]
UE4Editor-SlateRHIRenderer.dll!UnknownFunction (0x00007ff8749f7d2d) + 0 bytes [UnknownFile:0]
UE4Editor-SlateRHIRenderer.dll!UnknownFunction (0x00007ff874a40da9) + 0 bytes [UnknownFile:0]
UE4Editor-SlateCore.dll!UnknownFunction (0x00007ff879b28bda) + 0 bytes [UnknownFile:0]
UE4Editor-SlateCore.dll!UnknownFunction (0x00007ff879b2cb8a) + 0 bytes [UnknownFile:0]
UE4Editor-SlateRHIRenderer.dll!UnknownFunction (0x00007ff874a39151) + 0 bytes [UnknownFile:0]
UE4Editor-Slate.dll!UnknownFunction (0x00007ff879e094fb) + 0 bytes [UnknownFile:0]
UE4Editor-Slate.dll!UnknownFunction (0x00007ff879e253a2) + 0 bytes [UnknownFile:0]
UE4Editor.exe!FEngineLoop::Tick() (0x00007ff6728cce1a) + 0 bytes [d:\buildfarm\buildmachine_++depot+ue4-releases+4.6\engine\source\runtime\launch\private\launchengineloop.cpp:2239]
UE4Editor.exe!GuardedMain() (0x00007ff6728c089f) + 0 bytes [d:\buildfarm\buildmachine_++depot+ue4-releases+4.6\engine\source\runtime\launch\private\launch.cpp:131]
UE4Editor.exe!GuardedMainWrapper() (0x00007ff6728c090a) + 5 bytes [d:\buildfarm\buildmachine_++depot+ue4-releases+4.6\engine\source\runtime\launch\private\windows\launchwindows.cpp:126]
UE4Editor.exe!WinMain() (0x00007ff6728ce3d9) + 17 bytes [d:\buildfarm\buildmachine_++depot+ue4-releases+4.6\engine\source\runtime\launch\private\windows\launchwindows.cpp:202]
UE4Editor.exe!__tmainCRTStartup() (0x00007ff6728cf319) + 21 bytes [f:\dd\vctools\crt\crtw32\dllstuff\crtexe.c:618]
KERNEL32.DLL!UnknownFunction (0x00007ff8a4cd16ad) + 0 bytes [UnknownFile:0]
ntdll.dll!UnknownFunction (0x00007ff8a6844409) + 0 bytes [UnknownFile:0]
ntdll.dll!UnknownFunction (0x00007ff8a6844409) + 0 bytes [UnknownFile:0]


[2015.01.21-23.40.05:953][928]LogExit: Executing StaticShutdownAfterError
[2015.01.21-23.40.05:957][928]LogWindows: FPlatformMisc::RequestExit(1)
[2015.01.21-23.40.05:957][928]Log file closed, 01/21/15 18:40:05
