Log file open, 01/25/15 16:22:20
LogInit:Display: Running engine for game: KodainaKingdom
LogInit: Version: 4.6.1-2386410+++depot+UE4-Releases+4.6
LogInit: API Version: 2369412
LogInit: Compiled (64-bit): Dec 11 2014 21:31:39
LogInit: Compiled with Visual C++: 18.00.21005.01
LogInit: Build Configuration: Development
LogInit: Branch Name: ++depot+UE4-Releases+4.6
LogInit: Command line:  
LogInit: Base directory: C:/Program Files/UE45/Epic Games/4.6/Engine/Binaries/Win64/
LogInit: Rocket: 1
[2015.01.25-21.22.20:258][  0]LogTaskGraph: Started task graph with 3 named threads and 6 total threads.
[2015.01.25-21.22.20:316][  0]LogOnline:Warning: No default platform service specified for OnlineSubsystem
[2015.01.25-21.22.20:501][  0]LogInit: Presizing for 0 objects not considered by GC, pre-allocating 0 bytes.
[2015.01.25-21.22.20:508][  0]LogInit: Object subsystem initialized
[2015.01.25-21.22.20:510][  0]LogInit: Selected Device Profile: [Windows]
[2015.01.25-21.22.20:510][  0]LogInit: Applying CVar settings loaded from the selected device profile: [Windows]
[2015.01.25-21.22.20:518][  0]LogInit: Computer: ASUS
[2015.01.25-21.22.20:518][  0]LogInit: User: Owner
[2015.01.25-21.22.20:518][  0]LogInit: CPU Page size=4096, Cores=4
[2015.01.25-21.22.20:518][  0]LogInit: High frequency timer resolution =2.338342 MHz
[2015.01.25-21.22.20:518][  0]LogMemory: Memory total: Physical=15.9GB (16GB approx) Virtual=131072.0GB
[2015.01.25-21.22.20:518][  0]LogMemory: Platform Memory Stats for Windows
[2015.01.25-21.22.20:518][  0]LogMemory: Process Physical Memory: 48.86 MB used, 48.86 MB peak
[2015.01.25-21.22.20:518][  0]LogMemory: Process Virtual Memory: 25.10 MB used, 25.11 MB peak
[2015.01.25-21.22.20:518][  0]LogMemory: Physical Memory: 5039.59 MB used, 16267.18 MB total
[2015.01.25-21.22.20:518][  0]LogMemory: Virtual Memory: 274.82 MB used, 134217728.00 MB total
[2015.01.25-21.22.20:938][  0]LogD3D11RHI: Found D3D11 adapter 0: Intel(R) HD Graphics 4600 (Feature Level 11_0)
[2015.01.25-21.22.20:938][  0]LogD3D11RHI: Adapter has 32MB of dedicated video memory, 0MB of dedicated system memory, and 1760MB of shared system memory, 2 output[s]
[2015.01.25-21.22.20:955][  0]LogD3D11RHI: Found D3D11 adapter 1: NVIDIA GeForce GT 750M (Feature Level 11_0)
[2015.01.25-21.22.20:955][  0]LogD3D11RHI: Adapter has 1988MB of dedicated video memory, 0MB of dedicated system memory, and 2048MB of shared system memory, 0 output[s]
[2015.01.25-21.22.20:957][  0]LogD3D11RHI: Found D3D11 adapter 2: Microsoft Basic Render Driver (Feature Level 11_0)
[2015.01.25-21.22.20:957][  0]LogD3D11RHI: Adapter has 0MB of dedicated video memory, 0MB of dedicated system memory, and 256MB of shared system memory, 0 output[s]
[2015.01.25-21.22.20:957][  0]LogD3D11RHI: Chosen D3D11 Adapter Id = 0
[2015.01.25-21.22.20:962][  0]LogRHI: Texture pool is 1361 MB (70% of 1945 MB)
[2015.01.25-21.22.20:974][  0]LogD3D11RHI: Async texture creation enabled
[2015.01.25-21.22.21:464][  0]LogTextLocalizationManager: The requested culture ('en_US') has no localization data; parent culture's ('en') localization data will be used.
[2015.01.25-21.22.21:608][  0]LogContentStreaming: Texture pool size is 0.000000MB
[2015.01.25-21.22.28:783][  0]LogTargetPlatformManager:Display: Building Assets For Windows
[2015.01.25-21.22.29:787][  0]LogTargetPlatformManager:Display: Building Assets For Windows
[2015.01.25-21.22.29:880][  0]LogDerivedDataCache:Display: Max Cache Size: 512 MB
[2015.01.25-21.22.30:480][  0]LogDerivedDataCache: Loaded boot cache 0.60s 39MB C:/Users/Owner/AppData/Local/UnrealEngine/4.6/DerivedDataCache/Boot.ddc.
[2015.01.25-21.22.30:480][  0]LogDerivedDataCache:Display: Loaded Boot cache: C:/Users/Owner/AppData/Local/UnrealEngine/4.6/DerivedDataCache/Boot.ddc
[2015.01.25-21.22.30:480][  0]LogDerivedDataCache: FDerivedDataBackendGraph:  Pak pak cache file ../../../../../../../Users/Owner/Documents/Unreal Projects/Kodaina/DerivedDataCache/DDC.ddp not found, will not use a pak cache.
[2015.01.25-21.22.30:480][  0]LogDerivedDataCache: Unable to find inner node Pak for hierarchical cache Hierarchy.
[2015.01.25-21.22.30:543][  0]LogDerivedDataCache:Display: Pak cache opened for reading ../../../Engine/DerivedDataCache/DDC.ddp.
[2015.01.25-21.22.30:556][  0]LogDerivedDataCache: Using Local data cache path C:/Users/Owner/AppData/Local/UnrealEngine/Common/DerivedDataCache: Writable
[2015.01.25-21.22.32:194][  0]LogCollisionProfile:Warning: Profile (UI) - Custom Channel Name = 'Weapon' hasn't been found
[2015.01.25-21.22.32:846][  0]LogMeshUtilities: No automatic mesh reduction module available
[2015.01.25-21.22.32:846][  0]LogMeshUtilities: No automatic mesh merging module available
[2015.01.25-21.22.34:869][  0]LogInit: WinSock: version 1.1 (2.2), MaxSocks=32767, MaxUdp=65467
[2015.01.25-21.22.35:408][  0]LogSlate:Warning: Failed to load font data from '../../../Engine/Content/Slate/Fonts/Roboto-Italic.ttf'
[2015.01.25-21.22.57:671][  0]UdpMessaging: Initializing bridge on interface 0.0.0.0:0 to multicast group 230.0.0.1:6666.
[2015.01.25-21.22.58:542][  0]LogDirectoryWatcher:Warning: Failed to begin reading directory changes for C:/Users/Owner/Documents/Unreal Projects/Kodaina/Binaries/Win64. Error: 0
[2015.01.25-21.22.59:179][  0]SourceControl: Info Source control is disabled
[2015.01.25-21.22.59:179][  0]SourceControl: Info Source control is disabled
[2015.01.25-21.22.59:191][  0]SourceControl: Info Source control is disabled
[2015.01.25-21.23.00:063][  0]LogObj: 23754 objects as part of root set at end of initial load.
[2015.01.25-21.23.00:063][  0]LogUObjectAllocator: 5168136 out of 0 bytes used by permanent object pool.
[2015.01.25-21.23.00:188][  0]LogEngine: Initializing Engine...
[2015.01.25-21.23.00:619][  0]LogInit: XAudio2 using 'Speakers (M-Audio Micro)' : 2 channels at 44.1 kHz using 16 bits per sample (channel mask 0x3)
[2015.01.25-21.23.00:627][  0]LogInit: FAudioDevice initialized.
[2015.01.25-21.23.00:706][  0]LogAIModule: Creating AISystem for world NewWorld
[2015.01.25-21.23.00:733][  0]LogDerivedDataCache: Saved boot cache 0.03s 39MB C:/Users/Owner/AppData/Local/UnrealEngine/4.6/DerivedDataCache/Boot.ddc.
[2015.01.25-21.23.00:739][  0]LogInit: Texture streaming: Enabled
[2015.01.25-21.23.00:839][  0]LogAnalytics: Creating configured Analytics provider AnalyticsET
[2015.01.25-21.23.00:839][  0]LogAnalytics: ET APIKey = Rocket.Release. APIServer = http://et2.epicgames.com/ET2/. AppVersion = 4.6.1-2386410+++depot+UE4-Releases+4.6
[2015.01.25-21.23.00:842][  0]LogAnalytics: SetUserId d53fbd01599cddc5eda2e5a33cd9f114
[2015.01.25-21.23.00:842][  0]LogAnalytics: AnalyticsET::StartSession [Rocket.Release]
[2015.01.25-21.23.00:885][  0]LogInit: Transaction tracking system initialized
[2015.01.25-21.23.01:239][  0]BlueprintLog: New page: Editor Load
[2015.01.25-21.23.01:402][  0]LogAssetRegistry: FAssetRegistry took 0.0112 seconds to start up
[2015.01.25-21.23.01:402][  0]LogDirectoryWatcher:Warning: Failed to begin reading directory changes for ../../../Engine/Plugins/Experimental/CharacterAI/Content/. Error: 0
[2015.01.25-21.23.03:555][  0]LogTargetPlatformManager:Display: Building Assets For Windows
[2015.01.25-21.23.04:048][  0]LogTargetPlatformManager:Display: Building Assets For Windows
[2015.01.25-21.23.04:845][  0]LogConsoleResponse:Display: 
[2015.01.25-21.23.05:500][  0]LogLinker:Warning: Asset '../../../Engine/Content/Functions/Engine_MaterialFunctions03/Procedurals/ComputeFilterWidth.uasset' has been saved with empty engine version. The asset will be loaded but may be incompatible.
[2015.01.25-21.23.07:144][  0]SourceControl: Info Source control is disabled
[2015.01.25-21.23.07:144][  0]Cmd: MAP LOAD FILE="../../../../../../../Users/Owner/Documents/Unreal Projects/Kodaina/Content/Maps/TestLevel.umap" TEMPLATE=0 SHOWPROGRESS=1
[2015.01.25-21.23.07:145][  0]LightingResults: New page: Lighting Build
[2015.01.25-21.23.07:163][  0]MapCheck: New page: Map Check
[2015.01.25-21.23.07:163][  0]LightingResults: New page: Lighting Build
[2015.01.25-21.23.07:170][  0]LogParticles: Destroying 0 GPU particle simulations for FXSystem 0x000000BC85F41940
[2015.01.25-21.23.08:105][  0]LogEditorServer: Finished looking for orphan Actors (0.000 secs)
[2015.01.25-21.23.08:105][  0]LogAIModule: Creating AISystem for world TestLevel
[2015.01.25-21.23.08:106][  0]Cmd: MAP CHECKDEP
[2015.01.25-21.23.08:106][  0]MapCheck: New page: TestLevel - Jan 25, 2015, 11:23:08 AM
[2015.01.25-21.23.08:278][  0]MapCheck: Info Map check complete: 0 Error(s), 0 Warning(s), took 172.66ms to complete.
[2015.01.25-21.23.08:278][  0]LogFileHelpers: Loading map 'TestLevel' took 1.135
[2015.01.25-21.23.08:441][  0]LogCollectionManager: Loaded 0 collections in 0.001614 seconds
[2015.01.25-21.23.09:217][  0]LogCrashTracker: Crashtracker disabled due to settings.
[2015.01.25-21.23.09:271][  0]LogUObjectGlobals:Warning: Failed to find object 'Class None.'
[2015.01.25-21.23.09:301][  0]LogLoad: Full Startup: 54.11 seconds (BP compile: 0.01 seconds)
[2015.01.25-21.23.09:643][  0]LogContentBrowser:Verbose: The content browser source was changed by the sources view to '/Game/Blueprints'
[2015.01.25-21.23.09:897][  0]LogRenderer:Warning: Reallocating scene render targets to support 1200x880.
[2015.01.25-21.23.11:504][  5]LogAssetRegistry: Asset discovery search completed in 10.1144 seconds
[2015.01.25-21.23.17:923][126]LogRenderer:Warning: Reallocating scene render targets to support 1200x904.
[2015.01.25-21.23.21:443][256]LogEditorViewport: Clicking Background
[2015.01.25-21.23.26:808][498]LogPropertyNode:Warning: UI Min (0.001) >= UI Max () for Ranged Numeric
[2015.01.25-21.25.29:079][988]BlueprintLog: New page: Compile ShoppingHUD
[2015.01.25-21.25.29:218][988]BlueprintEditorCompileResults: Info [0194.03] Compile of ShoppingHUD successful! [in 98 ms]
[2015.01.25-21.25.47:744][562]LogContentBrowser:Verbose: The content browser source was changed by the sources view to '/Game/Data'
[2015.01.25-21.26.02:213][693]LogContentBrowser:Verbose: The content browser source was changed by the sources view to '/Game/Data'
[2015.01.25-21.26.07:102][856]LogRenderer:Warning: Reallocating scene render targets to support 1416x904.
[2015.01.25-21.26.40:075][738]BlueprintLog: New page: Compile StatTracker
[2015.01.25-21.26.40:168][738]BlueprintEditorCompileResults: Info [0264.98] Compile of StatTracker successful! [in 92 ms]
[2015.01.25-21.27.11:261][647]BlueprintLog: New page: Compile ShoppingHUD
[2015.01.25-21.27.11:381][647]BlueprintEditorCompileResults: Info [0296.19] Compile of ShoppingHUD successful! [in 105 ms]
[2015.01.25-21.27.41:479][347]BlueprintLog: New page: Compile StatTracker
[2015.01.25-21.27.41:599][347]BlueprintEditorCompileResults: Info [0326.41] Compile of StatTracker successful! [in 119 ms]
[2015.01.25-21.27.43:687][404]BlueprintLog: New page: Compile ShoppingHUD
[2015.01.25-21.27.43:814][404]BlueprintEditorCompileResults: Info [0328.63] Compile of ShoppingHUD successful! [in 96 ms]
[2015.01.25-21.29.11:950][564]Cmd: OBJ SAVEPACKAGE PACKAGE="/Game/Blueprints/ShoppingHUD" FILE="../../../../../../../Users/Owner/Documents/Unreal Projects/Kodaina/Content/Blueprints/ShoppingHUD.uasset" SILENT=true
[2015.01.25-21.29.12:253][564]LogSavePackage: Save=21.338196ms
[2015.01.25-21.29.12:253][564]LogSavePackage: Moving '../../../../../../../Users/Owner/Documents/Unreal Projects/Kodaina/Saved/ShoppingHUDF01A6E7C42DCF23D6A005FB8A1AC4D86.tmp' to '../../../../../../../Users/Owner/Documents/Unreal Projects/Kodaina/Content/Blueprints/ShoppingHUD.uasset'
[2015.01.25-21.29.12:292][564]Cmd: OBJ SAVEPACKAGE PACKAGE="/Game/Data/StatTracker" FILE="../../../../../../../Users/Owner/Documents/Unreal Projects/Kodaina/Content/Data/StatTracker.uasset" SILENT=true
[2015.01.25-21.29.12:300][564]LogSavePackage: Save=5.068121ms
[2015.01.25-21.29.12:300][564]LogSavePackage: Moving '../../../../../../../Users/Owner/Documents/Unreal Projects/Kodaina/Saved/StatTrackerAFD109FB407BEFDDEC8B4E854BAE3B87.tmp' to '../../../../../../../Users/Owner/Documents/Unreal Projects/Kodaina/Content/Data/StatTracker.uasset'
[2015.01.25-21.29.58:893][783]LogUObjectGlobals:Warning: Failed to find object 'Object None.'
[2015.01.25-21.29.58:893][783]LogUObjectGlobals:Warning: Failed to find object 'Object None.'
[2015.01.25-21.29.58:894][783]LogUObjectGlobals:Warning: Failed to find object 'Object None.'
[2015.01.25-21.29.58:894][783]LogUObjectGlobals:Warning: Failed to find object 'Object None.'
[2015.01.25-21.29.58:894][783]LogUObjectGlobals:Warning: Failed to find object 'Object None.'
[2015.01.25-21.29.58:894][783]LogProperty:Warning: ObjectProperty /Script/Engine.EdGraphPin:LinkedTo.LinkedTo: unresolved reference to 'EdGraphPin'"K2Node_DynamicCast_422.EdGraphPin_12446"''
[2015.01.25-21.29.58:895][783]LogProperty:Warning: ObjectProperty /Script/Engine.EdGraphPin:LinkedTo.LinkedTo: unresolved reference to 'EdGraphPin'"K2Node_VariableSet_91.EdGraphPin_12466"''
[2015.01.25-21.29.58:895][783]LogProperty:Warning: ObjectProperty /Script/Engine.EdGraphPin:LinkedTo.LinkedTo: unresolved reference to 'EdGraphPin'"K2Node_VariableSet_83.EdGraphPin_12450"''
[2015.01.25-21.29.58:895][783]LogProperty:Warning: ObjectProperty /Script/Engine.EdGraphPin:LinkedTo.LinkedTo: unresolved reference to 'EdGraphPin'"K2Node_VariableSet_84.EdGraphPin_12454"''
[2015.01.25-21.29.58:895][783]LogProperty:Warning: ObjectProperty /Script/Engine.EdGraphPin:LinkedTo.LinkedTo: unresolved reference to 'EdGraphPin'"K2Node_VariableSet_91.EdGraphPin_12468"''
[2015.01.25-21.29.58:895][783]LogProperty:Warning: ObjectProperty /Script/Engine.EdGraphPin:LinkedTo.LinkedTo: unresolved reference to 'EdGraphPin'"K2Node_VariableSet_83.EdGraphPin_12447"''
[2015.01.25-21.29.58:896][783]LogProperty:Warning: ObjectProperty /Script/Engine.EdGraphPin:LinkedTo.LinkedTo: unresolved reference to 'EdGraphPin'"K2Node_VariableSet_84.EdGraphPin_12451"''
[2015.01.25-21.29.58:896][783]LogProperty:Warning: ObjectProperty /Script/Engine.EdGraphPin:LinkedTo.LinkedTo: unresolved reference to 'EdGraphPin'"K2Node_VariableSet_91.EdGraphPin_12465"''
[2015.01.25-21.30.18:670][277]BlueprintLog: New page: Compile ShoppingHUD
[2015.01.25-21.30.18:786][277]BlueprintEditorCompileResults: Info [0483.60] Compile of ShoppingHUD successful! [in 82 ms]
[2015.01.25-21.31.22:777][ 22]BlueprintLog: New page: Compile ShoppingHUD
[2015.01.25-21.31.22:886][ 22]BlueprintEditorCompileResults: Info [0547.70] Compile of ShoppingHUD successful! [in 78 ms]
[2015.01.25-21.31.44:973][635]BlueprintLog: New page: Compile StatTracker
[2015.01.25-21.31.45:091][635]BlueprintEditorCompileResults: Info [0569.90] Compile of StatTracker successful! [in 78 ms]
[2015.01.25-21.32.33:018][ 19]Cmd: OBJ SAVEPACKAGE PACKAGE="/Game/Blueprints/ShoppingHUD" FILE="../../../../../../../Users/Owner/Documents/Unreal Projects/Kodaina/Content/Blueprints/ShoppingHUD.uasset" SILENT=true
[2015.01.25-21.32.33:305][ 19]LogSavePackage: Save=22.347031ms
[2015.01.25-21.32.33:305][ 19]LogSavePackage: Moving '../../../../../../../Users/Owner/Documents/Unreal Projects/Kodaina/Saved/ShoppingHUDEEA1B1FA4CB2CAFD288E8496F8FC8919.tmp' to '../../../../../../../Users/Owner/Documents/Unreal Projects/Kodaina/Content/Blueprints/ShoppingHUD.uasset'
[2015.01.25-21.32.33:327][ 19]Cmd: OBJ SAVEPACKAGE PACKAGE="/Game/Data/StatTracker" FILE="../../../../../../../Users/Owner/Documents/Unreal Projects/Kodaina/Content/Data/StatTracker.uasset" SILENT=true
[2015.01.25-21.32.33:597][ 19]LogSavePackage: Save=7.036610ms
[2015.01.25-21.32.33:598][ 19]LogSavePackage: Moving '../../../../../../../Users/Owner/Documents/Unreal Projects/Kodaina/Saved/StatTracker2488A90F49904B01FE738AAC2DCDCC19.tmp' to '../../../../../../../Users/Owner/Documents/Unreal Projects/Kodaina/Content/Data/StatTracker.uasset'
[2015.01.25-21.33.14:902][984]LogFileHelpers: Editor autosave (incl. sublevels) for '/Game/Maps/TestLevel' took 0.016
[2015.01.25-21.33.14:944][984]OBJ SavePackage: Generating thumbnails for [0] asset(s) in package [/Game/Data/StatTracker] ([1] browsable assets)...
[2015.01.25-21.33.14:944][984]OBJ SavePackage: Finished generating thumbnails for package [/Game/Data/StatTracker]
[2015.01.25-21.33.15:282][984]LogSavePackage: Save=40.889656ms
[2015.01.25-21.33.15:282][984]LogSavePackage: Moving '../../../../../../../Users/Owner/Documents/Unreal Projects/Kodaina/Saved/StatTracker_Auto10B61EFA149F30ECB1D2B569104083F1C.tmp' to '../../../../../../../Users/Owner/Documents/Unreal Projects/Kodaina/Saved/Autosaves/Game/Data/StatTracker_Auto1.uasset'
[2015.01.25-21.33.15:339][984]LogFileHelpers: Auto-saving content packages took 0.437
[2015.01.25-21.33.24:064][191]BlueprintLog: New page: Compile StatTracker
[2015.01.25-21.33.24:172][191]BlueprintEditorCompileResults: Info [0668.99] Compile of StatTracker successful! [in 77 ms]
[2015.01.25-21.33.24:725][203]Cmd: OBJ SAVEPACKAGE PACKAGE="/Game/Data/StatTracker" FILE="../../../../../../../Users/Owner/Documents/Unreal Projects/Kodaina/Content/Data/StatTracker.uasset" SILENT=true
[2015.01.25-21.33.25:007][203]LogSavePackage: Save=8.965755ms
[2015.01.25-21.33.25:007][203]LogSavePackage: Moving '../../../../../../../Users/Owner/Documents/Unreal Projects/Kodaina/Saved/StatTracker57AEA62C496582EA0C0CFD8A900B11A8.tmp' to '../../../../../../../Users/Owner/Documents/Unreal Projects/Kodaina/Content/Data/StatTracker.uasset'
[2015.01.25-21.33.46:447][725]BlueprintLog: New page: Compile ShoppingHUD
[2015.01.25-21.33.46:601][725]BlueprintEditorCompileResults: Info [0691.41] Compile of ShoppingHUD successful! [in 102 ms]
[2015.01.25-21.34.33:814][915]LogUObjectGlobals:Warning: Failed to find object 'Object None.'
[2015.01.25-21.35.14:948][ 37]BlueprintLog: New page: Compile ShoppingHUD
[2015.01.25-21.35.14:992][ 37]LogBlueprint:Error: [compiler] Error The type of  Target Array  is undetermined.  Connect something to  Add  to imply a specific type.
[2015.01.25-21.35.14:992][ 37]LogBlueprint:Error: [compiler] Error The type of  New Item  is undetermined.  Connect something to  Add  to imply a specific type.
[2015.01.25-21.35.15:102][ 37]LogBlueprint:Warning: [compiler] Warning [0779.91] Compile of ShoppingHUD failed. 2 Fatal Issue(s) 0 Warning(s) [in 118 ms]
[2015.01.25-21.35.15:102][ 37]BlueprintEditorCompileResults:Error: Error The type of  Target Array  is undetermined.  Connect something to  Add  to imply a specific type.
[2015.01.25-21.35.15:102][ 37]BlueprintEditorCompileResults:Error: Error The type of  New Item  is undetermined.  Connect something to  Add  to imply a specific type.
[2015.01.25-21.35.15:102][ 37]BlueprintEditorCompileResults:Warning: Warning [0779.91] Compile of ShoppingHUD failed. 2 Fatal Issue(s) 0 Warning(s) [in 118 ms]
[2015.01.25-21.35.18:641][129]BlueprintLog: New page: Compile ShoppingHUD
[2015.01.25-21.35.18:745][129]BlueprintEditorCompileResults: Info [0783.56] Compile of ShoppingHUD successful! [in 79 ms]
[2015.01.25-21.35.36:768][637]BlueprintLog: New page: Compile ShoppingHUD
[2015.01.25-21.35.36:875][637]BlueprintEditorCompileResults: Info [0801.69] Compile of ShoppingHUD successful! [in 94 ms]
[2015.01.25-21.35.42:980][811]Cmd: OBJ SAVEPACKAGE PACKAGE="/Game/Blueprints/ShoppingHUD" FILE="../../../../../../../Users/Owner/Documents/Unreal Projects/Kodaina/Content/Blueprints/ShoppingHUD.uasset" SILENT=true
[2015.01.25-21.35.43:280][811]LogSavePackage: Save=18.830437ms
[2015.01.25-21.35.43:280][811]LogSavePackage: Moving '../../../../../../../Users/Owner/Documents/Unreal Projects/Kodaina/Saved/ShoppingHUD8559E01C4FECBD3C48B73894481F1208.tmp' to '../../../../../../../Users/Owner/Documents/Unreal Projects/Kodaina/Content/Blueprints/ShoppingHUD.uasset'
[2015.01.25-21.35.47:669][854]Cmd: QUIT_EDITOR
[2015.01.25-21.35.48:067][854]LogExit: Preparing to exit.
[2015.01.25-21.35.48:329][854]LogExit: Editor shut down
[2015.01.25-21.35.48:329][854]LogExit: Transaction tracking system shut down
[2015.01.25-21.35.48:330][854]LogParticles: Destroying 0 GPU particle simulations for FXSystem 0x000000BCFD122200
[2015.01.25-21.35.48:330][854]LogParticles: Destroying 0 GPU particle simulations for FXSystem 0x000000BCFF341300
[2015.01.25-21.35.48:330][854]LogParticles: Destroying 0 GPU particle simulations for FXSystem 0x000000BC8E0E9BC0
[2015.01.25-21.35.48:330][854]LogParticles: Destroying 0 GPU particle simulations for FXSystem 0x000000BC8E924360
[2015.01.25-21.35.48:386][854]LogParticles: Destroying 0 GPU particle simulations for FXSystem 0x000000BC8CDC3100
[2015.01.25-21.35.48:386][854]LogExit: Object subsystem successfully closed.
[2015.01.25-21.35.48:470][854]LogModuleManager: Shutting down and abandoning module SequencerWidgets (173)
[2015.01.25-21.35.48:470][854]LogModuleManager: Shutting down and abandoning module AndroidDeviceDetection (172)
[2015.01.25-21.35.48:470][854]LogModuleManager: Shutting down and abandoning module CrashTracker (171)
[2015.01.25-21.35.48:470][854]LogModuleManager: Shutting down and abandoning module SuperSearch (170)
[2015.01.25-21.35.48:470][854]LogModuleManager: Shutting down and abandoning module SceneOutliner (169)
[2015.01.25-21.35.48:470][854]LogModuleManager: Shutting down and abandoning module EditorWidgets (168)
[2015.01.25-21.35.48:470][854]LogModuleManager: Shutting down and abandoning module CollectionManager (167)
[2015.01.25-21.35.48:470][854]LogModuleManager: Shutting down and abandoning module StatsViewer (166)
[2015.01.25-21.35.48:470][854]LogModuleManager: Shutting down and abandoning module FoliageEdit (165)
[2015.01.25-21.35.48:470][854]LogModuleManager: Shutting down and abandoning module LandscapeEditor (164)
[2015.01.25-21.35.48:470][854]LogModuleManager: Shutting down and abandoning module MeshPaint (163)
[2015.01.25-21.35.48:470][854]LogModuleManager: Shutting down and abandoning module ActorPickerMode (162)
[2015.01.25-21.35.48:470][854]LogModuleManager: Shutting down and abandoning module GeometryMode (161)
[2015.01.25-21.35.48:470][854]LogModuleManager: Shutting down and abandoning module TextureAlignMode (160)
[2015.01.25-21.35.48:470][854]LogModuleManager: Shutting down and abandoning module BspMode (159)
[2015.01.25-21.35.48:470][854]LogModuleManager: Shutting down and abandoning module PlacementMode (158)
[2015.01.25-21.35.48:470][854]LogModuleManager: Shutting down and abandoning module AutomationWorker (157)
[2015.01.25-21.35.48:470][854]LogModuleManager: Shutting down and abandoning module CharacterAI (156)
[2015.01.25-21.35.48:470][854]LogModuleManager: Shutting down and abandoning module GameProjectGeneration (155)
[2015.01.25-21.35.48:470][854]LogModuleManager: Shutting down and abandoning module IntroTutorials (154)
[2015.01.25-21.35.48:470][854]LogModuleManager: Shutting down and abandoning module EditorLiveStreaming (153)
[2015.01.25-21.35.48:470][854]LogModuleManager: Shutting down and abandoning module HardwareTargeting (152)
[2015.01.25-21.35.48:470][854]LogModuleManager: Shutting down and abandoning module DeviceProfileEditor (151)
[2015.01.25-21.35.48:470][854]LogModuleManager: Shutting down and abandoning module UndoHistory (150)
[2015.01.25-21.35.48:470][854]LogModuleManager: Shutting down and abandoning module GameplayTagsEditor (149)
[2015.01.25-21.35.48:470][854]LogModuleManager: Shutting down and abandoning module UserFeedback (148)
[2015.01.25-21.35.48:470][854]LogModuleManager: Shutting down and abandoning module XmlParser (147)
[2015.01.25-21.35.48:470][854]LogModuleManager: Shutting down and abandoning module Blutility (146)
[2015.01.25-21.35.48:470][854]LogModuleManager: Shutting down and abandoning module IOSPlatformEditor (145)
[2015.01.25-21.35.48:470][854]LogModuleManager: Shutting down and abandoning module IOSRuntimeSettings (144)
[2015.01.25-21.35.48:470][854]LogModuleManager: Shutting down and abandoning module AndroidPlatformEditor (143)
[2015.01.25-21.35.48:470][854]LogModuleManager: Shutting down and abandoning module AndroidRuntimeSettings (142)
[2015.01.25-21.35.48:470][854]LogModuleManager: Shutting down and abandoning module ProjectTargetPlatformEditor (141)
[2015.01.25-21.35.48:471][854]LogModuleManager: Shutting down and abandoning module ProjectSettingsViewer (140)
[2015.01.25-21.35.48:471][854]LogModuleManager: Shutting down and abandoning module InputBindingEditor (139)
[2015.01.25-21.35.48:471][854]LogModuleManager: Shutting down and abandoning module EditorSettingsViewer (138)
[2015.01.25-21.35.48:471][854]LogModuleManager: Shutting down and abandoning module SettingsEditor (137)
[2015.01.25-21.35.48:471][854]LogModuleManager: Shutting down and abandoning module ProjectLauncher (136)
[2015.01.25-21.35.48:471][854]LogModuleManager: Shutting down and abandoning module SessionFrontend (135)
[2015.01.25-21.35.48:471][854]LogModuleManager: Shutting down and abandoning module ProfilerClient (134)
[2015.01.25-21.35.48:471][854]LogModuleManager: Shutting down and abandoning module TargetDeviceServices (133)
[2015.01.25-21.35.48:471][854]LogModuleManager: Shutting down and abandoning module DeviceManager (132)
[2015.01.25-21.35.48:471][854]LogModuleManager: Shutting down and abandoning module AutomationController (131)
[2015.01.25-21.35.48:471][854]LogModuleManager: Shutting down and abandoning module AutomationWindow (130)
[2015.01.25-21.35.48:471][854]LogModuleManager: Shutting down and abandoning module Layers (129)
[2015.01.25-21.35.48:471][854]LogModuleManager: Shutting down and abandoning module ComponentVisualizers (128)
[2015.01.25-21.35.48:471][854]LogModuleManager: Shutting down and abandoning module DetailCustomizations (127)
[2015.01.25-21.35.48:471][854]LogModuleManager: Shutting down and abandoning module PackagesDialog (126)
[2015.01.25-21.35.48:471][854]LogModuleManager: Shutting down and abandoning module AssetRegistry (125)
[2015.01.25-21.35.48:610][854]LogModuleManager: Shutting down and abandoning module Persona (124)
[2015.01.25-21.35.48:610][854]LogModuleManager: Shutting down and abandoning module Kismet (123)
[2015.01.25-21.35.48:610][854]LogModuleManager: Shutting down and abandoning module GraphEditor (122)
[2015.01.25-21.35.48:611][854]LogModuleManager: Shutting down and abandoning module ClassViewer (121)
[2015.01.25-21.35.48:611][854]LogModuleManager: Shutting down and abandoning module Toolbox (120)
[2015.01.25-21.35.48:611][854]LogModuleManager: Shutting down and abandoning module ModuleUI (119)
[2015.01.25-21.35.48:611][854]LogModuleManager: Shutting down and abandoning module MovieSceneTools (118)
[2015.01.25-21.35.48:611][854]LogModuleManager: Shutting down and abandoning module OutputLog (117)
[2015.01.25-21.35.48:611][854]LogModuleManager: Shutting down and abandoning module GammaUI (116)
[2015.01.25-21.35.48:611][854]LogModuleManager: Shutting down and abandoning module Documentation (115)
[2015.01.25-21.35.48:611][854]LogModuleManager: Shutting down and abandoning module GameLiveStreaming (114)
[2015.01.25-21.35.48:611][854]LogModuleManager: Shutting down and abandoning module StreamingPauseRendering (113)
[2015.01.25-21.35.48:611][854]LogModuleManager: Shutting down and abandoning module HTTP (112)
[2015.01.25-21.35.48:611][854]LogModuleManager: Shutting down and abandoning module AnalyticsET (111)
[2015.01.25-21.35.48:611][854]LogModuleManager: Shutting down and abandoning module Analytics (110)
[2015.01.25-21.35.48:611][854]LogModuleManager: Shutting down and abandoning module AITestSuite (109)
[2015.01.25-21.35.48:611][854]LogModuleManager: Shutting down and abandoning module AIModule (108)
[2015.01.25-21.35.48:611][854]LogModuleManager: Shutting down and abandoning module ProfilerService (107)
[2015.01.25-21.35.48:712][854]LogModuleManager: Shutting down and abandoning module TaskGraph (106)
[2015.01.25-21.35.48:712][854]LogModuleManager: Shutting down and abandoning module GameplayDebugger (105)
[2015.01.25-21.35.48:712][854]LogModuleManager: Shutting down and abandoning module SlateRemote (104)
[2015.01.25-21.35.48:712][854]LogModuleManager: Shutting down and abandoning module ScriptEditorPlugin (103)
[2015.01.25-21.35.48:712][854]LogModuleManager: Shutting down and abandoning module CustomMeshComponent (102)
[2015.01.25-21.35.48:712][854]LogModuleManager: Shutting down and abandoning module CableComponent (101)
[2015.01.25-21.35.48:712][854]LogModuleManager: Shutting down and abandoning module MessagingDebugger (100)
[2015.01.25-21.35.48:712][854]LogModuleManager: Shutting down and abandoning module MediaPlayerEditor (99)
[2015.01.25-21.35.48:712][854]LogModuleManager: Shutting down and abandoning module SpeedTreeImporter (98)
[2015.01.25-21.35.48:712][854]LogModuleManager: Shutting down and abandoning module PluginsEditor (97)
[2015.01.25-21.35.48:712][854]LogModuleManager: Shutting down and abandoning module EpicSurvey (96)
[2015.01.25-21.35.48:712][854]LogModuleManager: Shutting down and abandoning module DesktopPlatform (95)
[2015.01.25-21.35.48:712][854]LogModuleManager: Shutting down and abandoning module VisualStudioSourceCodeAccess (94)
[2015.01.25-21.35.48:712][854]LogModuleManager: Shutting down and abandoning module UObjectPlugin (93)
[2015.01.25-21.35.48:712][854]LogModuleManager: Shutting down and abandoning module SubversionSourceControl (92)
[2015.01.25-21.35.48:712][854]LogModuleManager: Shutting down and abandoning module SourceControl (91)
[2015.01.25-21.35.48:712][854]LogModuleManager: Shutting down and abandoning module PerforceSourceControl (90)
[2015.01.25-21.35.48:712][854]LogModuleManager: Shutting down and abandoning module BlankPlugin (89)
[2015.01.25-21.35.48:712][854]LogModuleManager: Shutting down and abandoning module SlateReflector (88)
[2015.01.25-21.35.48:712][854]LogModuleManager: Shutting down and abandoning module DirectoryWatcher (87)
[2015.01.25-21.35.48:713][854]LogModuleManager: Shutting down and abandoning module HotReload (86)
[2015.01.25-21.35.48:713][854]LogModuleManager: Shutting down and abandoning module MainFrame (85)
[2015.01.25-21.35.48:713][854]LogModuleManager: Shutting down and abandoning module LevelEditor (84)
[2015.01.25-21.35.48:714][854]LogModuleManager: Shutting down and abandoning module ViewportSnapping (83)
[2015.01.25-21.35.48:714][854]LogModuleManager: Shutting down and abandoning module SmartSnapping (82)
[2015.01.25-21.35.48:714][854]LogModuleManager: Shutting down and abandoning module PaperTiledImporter (81)
[2015.01.25-21.35.48:714][854]LogModuleManager: Shutting down and abandoning module PaperJsonImporter (80)
[2015.01.25-21.35.48:714][854]LogModuleManager: Shutting down and abandoning module ContentBrowser (79)
[2015.01.25-21.35.48:714][854]LogModuleManager: Shutting down and abandoning module Paper2DEditor (78)
[2015.01.25-21.35.48:714][854]LogModuleManager: Shutting down and abandoning module ScriptPlugin (77)
[2015.01.25-21.35.48:714][854]LogModuleManager: Shutting down and abandoning module UdpMessaging (76)
[2015.01.25-21.35.48:815][854]LogModuleManager: Shutting down and abandoning module Paper2D (75)
[2015.01.25-21.35.48:815][854]LogModuleManager: Shutting down and abandoning module UE4Game (74)
[2015.01.25-21.35.48:815][854]LogModuleManager: Shutting down and abandoning module WindowsMoviePlayer (73)
[2015.01.25-21.35.48:819][854]LogModuleManager: Shutting down and abandoning module Media (72)
[2015.01.25-21.35.48:819][854]LogModuleManager: Shutting down and abandoning module WmfMedia (71)
[2015.01.25-21.35.48:819][854]LogModuleManager: Shutting down and abandoning module OnlineBlueprintSupport (70)
[2015.01.25-21.35.48:819][854]LogModuleManager: Shutting down and abandoning module PropertyEditor (69)
[2015.01.25-21.35.48:819][854]LogModuleManager: Shutting down and abandoning module BehaviorTreeEditor (68)
[2015.01.25-21.35.48:819][854]LogModuleManager: Shutting down and abandoning module FunctionalTesting (67)
[2015.01.25-21.35.48:819][854]LogModuleManager: Shutting down and abandoning module CollisionAnalyzer (66)
[2015.01.25-21.35.48:819][854]LogModuleManager: Shutting down and abandoning module WorkspaceMenuStructure (65)
[2015.01.25-21.35.48:819][854]LogModuleManager: Shutting down and abandoning module MessageLog (64)
[2015.01.25-21.35.48:819][854]LogModuleManager: Shutting down and abandoning module Sequencer (63)
[2015.01.25-21.35.48:819][854]LogModuleManager: Shutting down and abandoning module AssetTools (62)
[2015.01.25-21.35.48:819][854]LogModuleManager: Shutting down and abandoning module UMGEditor (61)
[2015.01.25-21.35.48:819][854]LogModuleManager: Shutting down and abandoning module UMG (60)
[2015.01.25-21.35.48:819][854]LogModuleManager: Shutting down and abandoning module Slate (59)
[2015.01.25-21.35.48:819][854]LogModuleManager: Shutting down and abandoning module EditorStyle (58)
[2015.01.25-21.35.48:826][854]LogModuleManager: Shutting down and abandoning module SessionServices (57)
[2015.01.25-21.35.48:826][854]LogModuleManager: Shutting down and abandoning module SourceCodeAccess (56)
[2015.01.25-21.35.48:826][854]LogModuleManager: Shutting down and abandoning module HeadMountedDisplay (55)
[2015.01.25-21.35.48:826][854]LogModuleManager: Shutting down and abandoning module XAudio2 (54)
[2015.01.25-21.35.48:826][854]LogModuleManager: Shutting down and abandoning module Networking (52)
[2015.01.25-21.35.48:826][854]LogModuleManager: Shutting down and abandoning module Core (51)
[2015.01.25-21.35.48:826][854]LogModuleManager: Shutting down and abandoning module KismetCompiler (50)
[2015.01.25-21.35.48:826][854]LogModuleManager: Shutting down and abandoning module PhysXFormats (49)
[2015.01.25-21.35.48:826][854]LogModuleManager: Shutting down and abandoning module MeshUtilities (48)
[2015.01.25-21.35.48:826][854]LogModuleManager: Shutting down and abandoning module DerivedDataCache (47)
[2015.01.25-21.35.48:874][854]LogDerivedDataCache: Shutdown
[2015.01.25-21.35.48:874][854]LogModuleManager: Shutting down and abandoning module ShaderFormatOpenGL (46)
[2015.01.25-21.35.48:874][854]LogModuleManager: Shutting down and abandoning module ShaderFormatD3D (45)
[2015.01.25-21.35.48:874][854]LogModuleManager: Shutting down and abandoning module MetalShaderFormat (44)
[2015.01.25-21.35.48:874][854]LogModuleManager: Shutting down and abandoning module TextureFormatUncompressed (43)
[2015.01.25-21.35.48:874][854]LogModuleManager: Shutting down and abandoning module TextureFormatPVR (42)
[2015.01.25-21.35.48:874][854]LogModuleManager: Shutting down and abandoning module TextureFormatDXT (41)
[2015.01.25-21.35.48:874][854]LogModuleManager: Shutting down and abandoning module TextureFormatAndroid (40)
[2015.01.25-21.35.48:874][854]LogModuleManager: Shutting down and abandoning module AudioFormatOpus (39)
[2015.01.25-21.35.48:874][854]LogModuleManager: Shutting down and abandoning module AudioFormatOgg (38)
[2015.01.25-21.35.48:874][854]LogModuleManager: Shutting down and abandoning module AudioFormatADPCM (37)
[2015.01.25-21.35.48:874][854]LogModuleManager: Shutting down and abandoning module LinuxTargetPlatform (36)
[2015.01.25-21.35.48:874][854]LogModuleManager: Shutting down and abandoning module LinuxServerTargetPlatform (35)
[2015.01.25-21.35.48:874][854]LogModuleManager: Shutting down and abandoning module LinuxNoEditorTargetPlatform (34)
[2015.01.25-21.35.48:874][854]LogModuleManager: Shutting down and abandoning module Messaging (33)
[2015.01.25-21.35.48:874][854]LogModuleManager: Shutting down and abandoning module IOSTargetPlatform (32)
[2015.01.25-21.35.48:874][854]LogModuleManager: Shutting down and abandoning module Android_PVRTCTargetPlatform (31)
[2015.01.25-21.35.48:874][854]LogModuleManager: Shutting down and abandoning module Android_ETC2TargetPlatform (30)
[2015.01.25-21.35.48:874][854]LogModuleManager: Shutting down and abandoning module Android_ETC1TargetPlatform (29)
[2015.01.25-21.35.48:874][854]LogModuleManager: Shutting down and abandoning module Android_DXTTargetPlatform (28)
[2015.01.25-21.35.48:874][854]LogModuleManager: Shutting down and abandoning module Android_ATCTargetPlatform (27)
[2015.01.25-21.35.48:874][854]LogModuleManager: Shutting down and abandoning module AndroidTargetPlatform (26)
[2015.01.25-21.35.48:874][854]LogModuleManager: Shutting down and abandoning module WindowsTargetPlatform (25)
[2015.01.25-21.35.48:874][854]LogModuleManager: Shutting down and abandoning module WindowsServerTargetPlatform (24)
[2015.01.25-21.35.48:874][854]LogModuleManager: Shutting down and abandoning module WindowsNoEditorTargetPlatform (23)
[2015.01.25-21.35.48:874][854]LogModuleManager: Shutting down and abandoning module WindowsClientTargetPlatform (22)
[2015.01.25-21.35.48:874][854]LogModuleManager: Shutting down and abandoning module TargetPlatform (21)
[2015.01.25-21.35.48:874][854]LogModuleManager: Shutting down and abandoning module InputCore (20)
[2015.01.25-21.35.48:874][854]LogModuleManager: Shutting down and abandoning module Settings (19)
[2015.01.25-21.35.48:874][854]LogModuleManager: Shutting down and abandoning module ImageWrapper (18)
[2015.01.25-21.35.48:874][854]LogModuleManager: Shutting down and abandoning module OculusRift (15)
[2015.01.25-21.35.48:874][854]LogModuleManager: Shutting down and abandoning module ExampleDeviceProfileSelector (14)
[2015.01.25-21.35.48:874][854]LogModuleManager: Shutting down and abandoning module TextureCompressor (13)
[2015.01.25-21.35.48:874][854]LogModuleManager: Shutting down and abandoning module ShaderCore (12)
[2015.01.25-21.35.48:874][854]LogModuleManager: Shutting down and abandoning module Landscape (11)
[2015.01.25-21.35.48:874][854]LogModuleManager: Shutting down and abandoning module SlateRHIRenderer (10)
[2015.01.25-21.35.48:876][854]LogModuleManager: Shutting down and abandoning module OpenGLDrv (9)
[2015.01.25-21.35.48:876][854]LogModuleManager: Shutting down and abandoning module D3D11RHI (8)
[2015.01.25-21.35.48:876][854]LogModuleManager: Shutting down and abandoning module Renderer (7)
[2015.01.25-21.35.48:876][854]LogModuleManager: Shutting down and abandoning module Engine (6)
[2015.01.25-21.35.48:876][854]LogModuleManager: Shutting down and abandoning module CoreUObject (5)
[2015.01.25-21.35.48:876][854]LogModuleManager: Shutting down and abandoning module NetworkFile (4)
[2015.01.25-21.35.48:876][854]LogModuleManager: Shutting down and abandoning module StreamingFile (3)
[2015.01.25-21.35.48:876][854]LogModuleManager: Shutting down and abandoning module SandboxFile (2)
[2015.01.25-21.35.48:876][854]LogModuleManager: Shutting down and abandoning module PakFile (1)
[2015.01.25-21.35.48:877][854]LogExit: Exiting.
[2015.01.25-21.35.48:881][854]Log file closed, 01/25/15 16:35:48
