Log file open, 02/04/15 14:41:42
LogInit:Display: Running engine for game: KodainaKingdom
LogInit: Version: 4.6.1-2386410+++depot+UE4-Releases+4.6
LogInit: API Version: 2369412
LogInit: Compiled (64-bit): Dec 11 2014 21:31:39
LogInit: Compiled with Visual C++: 18.00.21005.01
LogInit: Build Configuration: Development
LogInit: Branch Name: ++depot+UE4-Releases+4.6
LogInit: Command line:  
LogInit: Base directory: C:/Program Files/UE45/Epic Games/4.6/Engine/Binaries/Win64/
LogInit: Rocket: 1
[2015.02.04-19.41.42:032][  0]LogTaskGraph: Started task graph with 3 named threads and 6 total threads.
[2015.02.04-19.41.42:091][  0]LogOnline:Warning: No default platform service specified for OnlineSubsystem
[2015.02.04-19.41.42:165][  0]LogInit: Presizing for 0 objects not considered by GC, pre-allocating 0 bytes.
[2015.02.04-19.41.42:173][  0]LogInit: Object subsystem initialized
[2015.02.04-19.41.42:174][  0]LogInit: Selected Device Profile: [Windows]
[2015.02.04-19.41.42:174][  0]LogInit: Applying CVar settings loaded from the selected device profile: [Windows]
[2015.02.04-19.41.42:182][  0]LogInit: Computer: ASUS
[2015.02.04-19.41.42:182][  0]LogInit: User: Owner
[2015.02.04-19.41.42:182][  0]LogInit: CPU Page size=4096, Cores=4
[2015.02.04-19.41.42:182][  0]LogInit: High frequency timer resolution =2.338346 MHz
[2015.02.04-19.41.42:183][  0]LogMemory: Memory total: Physical=15.9GB (16GB approx) Virtual=131072.0GB
[2015.02.04-19.41.42:183][  0]LogMemory: Platform Memory Stats for Windows
[2015.02.04-19.41.42:183][  0]LogMemory: Process Physical Memory: 48.88 MB used, 48.88 MB peak
[2015.02.04-19.41.42:183][  0]LogMemory: Process Virtual Memory: 25.04 MB used, 25.04 MB peak
[2015.02.04-19.41.42:183][  0]LogMemory: Physical Memory: 4094.04 MB used, 16267.18 MB total
[2015.02.04-19.41.42:183][  0]LogMemory: Virtual Memory: 274.81 MB used, 134217728.00 MB total
[2015.02.04-19.41.42:352][  0]LogD3D11RHI: Found D3D11 adapter 0: Intel(R) HD Graphics 4600 (Feature Level 11_0)
[2015.02.04-19.41.42:352][  0]LogD3D11RHI: Adapter has 32MB of dedicated video memory, 0MB of dedicated system memory, and 1760MB of shared system memory, 1 output[s]
[2015.02.04-19.41.42:363][  0]LogD3D11RHI: Found D3D11 adapter 1: NVIDIA GeForce GT 750M (Feature Level 11_0)
[2015.02.04-19.41.42:363][  0]LogD3D11RHI: Adapter has 1988MB of dedicated video memory, 0MB of dedicated system memory, and 2048MB of shared system memory, 0 output[s]
[2015.02.04-19.41.42:365][  0]LogD3D11RHI: Found D3D11 adapter 2: Microsoft Basic Render Driver (Feature Level 11_0)
[2015.02.04-19.41.42:365][  0]LogD3D11RHI: Adapter has 0MB of dedicated video memory, 0MB of dedicated system memory, and 256MB of shared system memory, 0 output[s]
[2015.02.04-19.41.42:365][  0]LogD3D11RHI: Chosen D3D11 Adapter Id = 0
[2015.02.04-19.41.42:369][  0]LogRHI: Texture pool is 1361 MB (70% of 1945 MB)
[2015.02.04-19.41.42:382][  0]LogD3D11RHI: Async texture creation enabled
[2015.02.04-19.41.42:544][  0]LogTextLocalizationManager: The requested culture ('en_US') has no localization data; parent culture's ('en') localization data will be used.
[2015.02.04-19.41.42:666][  0]LogContentStreaming: Texture pool size is 0.000000MB
[2015.02.04-19.41.48:055][  0]LogTargetPlatformManager:Display: Building Assets For Windows
[2015.02.04-19.41.48:724][  0]LogTargetPlatformManager:Display: Building Assets For Windows
[2015.02.04-19.41.48:809][  0]LogDerivedDataCache:Display: Max Cache Size: 512 MB
[2015.02.04-19.41.48:846][  0]LogDerivedDataCache: Loaded boot cache 0.04s 39MB C:/Users/Owner/AppData/Local/UnrealEngine/4.6/DerivedDataCache/Boot.ddc.
[2015.02.04-19.41.48:846][  0]LogDerivedDataCache:Display: Loaded Boot cache: C:/Users/Owner/AppData/Local/UnrealEngine/4.6/DerivedDataCache/Boot.ddc
[2015.02.04-19.41.48:847][  0]LogDerivedDataCache: FDerivedDataBackendGraph:  Pak pak cache file ../../../../../../../Users/Owner/Documents/Unreal Projects/Kodaina/DerivedDataCache/DDC.ddp not found, will not use a pak cache.
[2015.02.04-19.41.48:847][  0]LogDerivedDataCache: Unable to find inner node Pak for hierarchical cache Hierarchy.
[2015.02.04-19.41.48:907][  0]LogDerivedDataCache:Display: Pak cache opened for reading ../../../Engine/DerivedDataCache/DDC.ddp.
[2015.02.04-19.41.48:920][  0]LogDerivedDataCache: Using Local data cache path C:/Users/Owner/AppData/Local/UnrealEngine/Common/DerivedDataCache: Writable
[2015.02.04-19.41.49:080][  0]LogCollisionProfile:Warning: Profile (UI) - Custom Channel Name = 'Weapon' hasn't been found
[2015.02.04-19.41.49:337][  0]LogMeshUtilities: No automatic mesh reduction module available
[2015.02.04-19.41.49:337][  0]LogMeshUtilities: No automatic mesh merging module available
[2015.02.04-19.41.50:008][  0]LogInit: WinSock: version 1.1 (2.2), MaxSocks=32767, MaxUdp=65467
[2015.02.04-19.41.50:172][  0]LogSlate:Warning: Failed to load font data from '../../../Engine/Content/Slate/Fonts/Roboto-Italic.ttf'
[2015.02.04-19.41.51:681][  0]UdpMessaging: Initializing bridge on interface 0.0.0.0:0 to multicast group 230.0.0.1:6666.
[2015.02.04-19.41.52:080][  0]LogDirectoryWatcher:Warning: Failed to begin reading directory changes for C:/Users/Owner/Documents/Unreal Projects/Kodaina/Binaries/Win64. Error: 0
[2015.02.04-19.41.52:317][  0]SourceControl: Info Source control is disabled
[2015.02.04-19.41.52:317][  0]SourceControl: Info Source control is disabled
[2015.02.04-19.41.52:331][  0]SourceControl: Info Source control is disabled
[2015.02.04-19.41.52:621][  0]LogObj: 24370 objects as part of root set at end of initial load.
[2015.02.04-19.41.52:621][  0]LogUObjectAllocator: 5269608 out of 0 bytes used by permanent object pool.
[2015.02.04-19.41.52:707][  0]LogEngine: Initializing Engine...
[2015.02.04-19.41.52:847][  0]LogInit: XAudio2 using 'Speakers (M-Audio Micro)' : 2 channels at 44.1 kHz using 16 bits per sample (channel mask 0x3)
[2015.02.04-19.41.52:857][  0]LogInit: FAudioDevice initialized.
[2015.02.04-19.41.52:900][  0]LogAIModule: Creating AISystem for world NewWorld
[2015.02.04-19.41.52:919][  0]LogDerivedDataCache: Saved boot cache 0.02s 39MB C:/Users/Owner/AppData/Local/UnrealEngine/4.6/DerivedDataCache/Boot.ddc.
[2015.02.04-19.41.52:922][  0]LogInit: Texture streaming: Enabled
[2015.02.04-19.41.52:981][  0]LogAnalytics: Creating configured Analytics provider AnalyticsET
[2015.02.04-19.41.52:982][  0]LogAnalytics: ET APIKey = Rocket.Release. APIServer = http://et2.epicgames.com/ET2/. AppVersion = 4.6.1-2386410+++depot+UE4-Releases+4.6
[2015.02.04-19.41.52:983][  0]LogAnalytics: SetUserId d53fbd01599cddc5eda2e5a33cd9f114
[2015.02.04-19.41.52:983][  0]LogAnalytics: AnalyticsET::StartSession [Rocket.Release]
[2015.02.04-19.41.53:012][  0]LogInit: Transaction tracking system initialized
[2015.02.04-19.41.53:234][  0]BlueprintLog: New page: Editor Load
[2015.02.04-19.41.53:299][  0]LogAssetRegistry: FAssetRegistry took 0.0107 seconds to start up
[2015.02.04-19.41.53:299][  0]LogDirectoryWatcher:Warning: Failed to begin reading directory changes for ../../../Engine/Plugins/Experimental/CharacterAI/Content/. Error: 0
[2015.02.04-19.41.54:075][  0]LogTargetPlatformManager:Display: Building Assets For Windows
[2015.02.04-19.41.54:504][  0]LogTargetPlatformManager:Display: Building Assets For Windows
[2015.02.04-19.41.54:969][  0]LogConsoleResponse:Display: 
[2015.02.04-19.41.55:025][  0]LogLinker:Warning: Asset '../../../Engine/Content/Functions/Engine_MaterialFunctions03/Procedurals/ComputeFilterWidth.uasset' has been saved with empty engine version. The asset will be loaded but may be incompatible.
[2015.02.04-19.41.55:405][  0]SourceControl: Info Source control is disabled
[2015.02.04-19.41.55:405][  0]Cmd: MAP LOAD FILE="../../../../../../../Users/Owner/Documents/Unreal Projects/Kodaina/Content/Maps/TestLevel.umap" TEMPLATE=0 SHOWPROGRESS=1
[2015.02.04-19.41.55:406][  0]LightingResults: New page: Lighting Build
[2015.02.04-19.41.55:422][  0]MapCheck: New page: Map Check
[2015.02.04-19.41.55:422][  0]LightingResults: New page: Lighting Build
[2015.02.04-19.41.55:429][  0]LogParticles: Destroying 0 GPU particle simulations for FXSystem 0x0000006F7D386AC0
[2015.02.04-19.41.55:525][  0]LogEditorServer: Finished looking for orphan Actors (0.000 secs)
[2015.02.04-19.41.55:525][  0]LogAIModule: Creating AISystem for world TestLevel
[2015.02.04-19.41.55:525][  0]Cmd: MAP CHECKDEP
[2015.02.04-19.41.55:525][  0]MapCheck: New page: TestLevel - Feb 4, 2015, 9:41:55 AM
[2015.02.04-19.41.55:701][  0]MapCheck: Info Map check complete: 0 Error(s), 0 Warning(s), took 175.844ms to complete.
[2015.02.04-19.41.55:701][  0]LogFileHelpers: Loading map 'TestLevel' took 0.296
[2015.02.04-19.41.55:796][  0]LogCollectionManager: Loaded 0 collections in 0.001556 seconds
[2015.02.04-19.41.56:094][  0]LogCrashTracker: Crashtracker disabled due to settings.
[2015.02.04-19.41.56:150][  0]LogUObjectGlobals:Warning: Failed to find object 'Class None.'
[2015.02.04-19.41.56:178][  0]LogLoad: Full Startup: 16.55 seconds (BP compile: 0.02 seconds)
[2015.02.04-19.41.56:521][  0]LogContentBrowser:Verbose: The content browser source was changed by the sources view to '/Game/Blueprints'
[2015.02.04-19.41.56:678][  0]LogRenderer:Warning: Reallocating scene render targets to support 1168x880.
[2015.02.04-19.41.57:854][  4]LogAssetRegistry: Asset discovery search completed in 4.5663 seconds
[2015.02.04-19.42.13:061][370]LogAssetTools:Warning: Failed to import 'C:\Users\Owner\Documents\Unreal Projects\Kodaina\Plugins\VictoryPlugin\VictoryPlugin.uplugin'. Unknown extension 'uplugin'.
[2015.02.04-19.42.36:519][304]LogWindows:Error: Windows GetLastError: The operation completed successfully. (0)
[2015.02.04-19.42.36:544][304]LogCrashTracker: 


[2015.02.04-19.42.37:373][304]LogCrashTracker: 


[2015.02.04-19.42.37:373][304]LogWindows: === Critical error: ===
Assertion failed: PreviousCDO != nullptr [File:D:\BuildFarm\buildmachine_++depot+UE4-Releases+4.6\Engine\Source\Editor\UnrealEd\Private\Kismet2\BlueprintEditorUtils.cpp] [Line: 1062] 



KERNELBASE.dll!UnknownFunction (0x00007ffd0d50606c) + 0 bytes [UnknownFile:0]
UE4Editor-Core.dll!UnknownFunction (0x00007ffcebdf2f7d) + 0 bytes [UnknownFile:0]
UE4Editor-Core.dll!UnknownFunction (0x00007ffcebc860f8) + 0 bytes [UnknownFile:0]
UE4Editor-Core.dll!UnknownFunction (0x00007ffcebc69192) + 0 bytes [UnknownFile:0]
UE4Editor-UnrealEd.dll!UnknownFunction (0x00007ffce810cde3) + 0 bytes [UnknownFile:0]
UE4Editor-UnrealEd.dll!UnknownFunction (0x00007ffce8109664) + 0 bytes [UnknownFile:0]
UE4Editor-UnrealEd.dll!UnknownFunction (0x00007ffce81066b8) + 0 bytes [UnknownFile:0]
UE4Editor-UnrealEd.dll!UnknownFunction (0x00007ffce810cfe8) + 0 bytes [UnknownFile:0]
UE4Editor-CoreUObject.dll!UnknownFunction (0x00007ffceb889070) + 0 bytes [UnknownFile:0]
UE4Editor-CoreUObject.dll!UnknownFunction (0x00007ffceb8d7092) + 0 bytes [UnknownFile:0]
UE4Editor-CoreUObject.dll!UnknownFunction (0x00007ffceb8d74db) + 0 bytes [UnknownFile:0]
UE4Editor-CoreUObject.dll!UnknownFunction (0x00007ffceb8f37eb) + 0 bytes [UnknownFile:0]
UE4Editor-CoreUObject.dll!UnknownFunction (0x00007ffceb954985) + 0 bytes [UnknownFile:0]
UE4Editor-CoreUObject.dll!UnknownFunction (0x00007ffceb91342f) + 0 bytes [UnknownFile:0]
UE4Editor-CoreUObject.dll!UnknownFunction (0x00007ffceb912722) + 0 bytes [UnknownFile:0]
UE4Editor-CoreUObject.dll!UnknownFunction (0x00007ffceb913792) + 0 bytes [UnknownFile:0]
UE4Editor-CoreUObject.dll!UnknownFunction (0x00007ffceb912722) + 0 bytes [UnknownFile:0]
UE4Editor-CoreUObject.dll!UnknownFunction (0x00007ffceb8d7cc4) + 0 bytes [UnknownFile:0]
UE4Editor-CoreUObject.dll!UnknownFunction (0x00007ffceb8f1789) + 0 bytes [UnknownFile:0]
UE4Editor-CoreUObject.dll!UnknownFunction (0x00007ffceb8c65b4) + 0 bytes [UnknownFile:0]
UE4Editor-CoreUObject.dll!UnknownFunction (0x00007ffceb8fb242) + 0 bytes [UnknownFile:0]
UE4Editor-CoreUObject.dll!UnknownFunction (0x00007ffceb8503b4) + 0 bytes [UnknownFile:0]
UE4Editor-CoreUObject.dll!UnknownFunction (0x00007ffceb8652d0) + 0 bytes [UnknownFile:0]
UE4Editor-CoreUObject.dll!UnknownFunction (0x00007ffceb8d6f6c) + 0 bytes [UnknownFile:0]
UE4Editor-CoreUObject.dll!UnknownFunction (0x00007ffceb8d74db) + 0 bytes [UnknownFile:0]
UE4Editor-CoreUObject.dll!UnknownFunction (0x00007ffceb8f37eb) + 0 bytes [UnknownFile:0]
UE4Editor-CoreUObject.dll!UnknownFunction (0x00007ffceb954985) + 0 bytes [UnknownFile:0]
UE4Editor-CoreUObject.dll!UnknownFunction (0x00007ffceb91342f) + 0 bytes [UnknownFile:0]
UE4Editor-CoreUObject.dll!UnknownFunction (0x00007ffceb912722) + 0 bytes [UnknownFile:0]
UE4Editor-CoreUObject.dll!UnknownFunction (0x00007ffceb913792) + 0 bytes [UnknownFile:0]
UE4Editor-CoreUObject.dll!UnknownFunction (0x00007ffceb912722) + 0 bytes [UnknownFile:0]
UE4Editor-CoreUObject.dll!UnknownFunction (0x00007ffceb8d7cc4) + 0 bytes [UnknownFile:0]
UE4Editor-CoreUObject.dll!UnknownFunction (0x00007ffceb8f1789) + 0 bytes [UnknownFile:0]
UE4Editor-CoreUObject.dll!UnknownFunction (0x00007ffceb8c65b4) + 0 bytes [UnknownFile:0]
UE4Editor-CoreUObject.dll!UnknownFunction (0x00007ffceb8fb242) + 0 bytes [UnknownFile:0]
UE4Editor-CoreUObject.dll!UnknownFunction (0x00007ffceb8503b4) + 0 bytes [UnknownFile:0]
UE4Editor-CoreUObject.dll!UnknownFunction (0x00007ffceb8652d0) + 0 bytes [UnknownFile:0]
UE4Editor-CoreUObject.dll!UnknownFunction (0x00007ffceb8d6f6c) + 0 bytes [UnknownFile:0]
UE4Editor-CoreUObject.dll!UnknownFunction (0x00007ffceb8d74db) + 0 bytes [UnknownFile:0]
UE4Editor-CoreUObject.dll!UnknownFunction (0x00007ffceb8f37eb) + 0 bytes [UnknownFile:0]
UE4Editor-CoreUObject.dll!UnknownFunction (0x00007ffceb954985) + 0 bytes [UnknownFile:0]
UE4Editor-CoreUObject.dll!UnknownFunction (0x00007ffceb91342f) + 0 bytes [UnknownFile:0]
UE4Editor-CoreUObject.dll!UnknownFunction (0x00007ffceb912722) + 0 bytes [UnknownFile:0]
UE4Editor-CoreUObject.dll!UnknownFunction (0x00007ffceb913792) + 0 bytes [UnknownFile:0]
UE4Editor-CoreUObject.dll!UnknownFunction (0x00007ffceb912722) + 0 bytes [UnknownFile:0]
UE4Editor-CoreUObject.dll!UnknownFunction (0x00007ffceb8d7cc4) + 0 bytes [UnknownFile:0]
UE4Editor-CoreUObject.dll!UnknownFunction (0x00007ffceb8f1789) + 0 bytes [UnknownFile:0]
UE4Editor-CoreUObject.dll!UnknownFunction (0x00007ffceb8c65b4) + 0 bytes [UnknownFile:0]
UE4Editor-CoreUObject.dll!UnknownFunction (0x00007ffceb8fb242) + 0 bytes [UnknownFile:0]
UE4Editor-UnrealEd.dll!UnknownFunction (0x00007ffce81093e7) + 0 bytes [UnknownFile:0]
UE4Editor-UnrealEd.dll!UnknownFunction (0x00007ffce8106353) + 0 bytes [UnknownFile:0]
UE4Editor-UnrealEd.dll!UnknownFunction (0x00007ffce810cfe8) + 0 bytes [UnknownFile:0]
UE4Editor-CoreUObject.dll!UnknownFunction (0x00007ffceb889070) + 0 bytes [UnknownFile:0]
UE4Editor-CoreUObject.dll!UnknownFunction (0x00007ffceb8d7092) + 0 bytes [UnknownFile:0]
UE4Editor-CoreUObject.dll!UnknownFunction (0x00007ffceb8d74db) + 0 bytes [UnknownFile:0]
UE4Editor-CoreUObject.dll!UnknownFunction (0x00007ffceb8f37eb) + 0 bytes [UnknownFile:0]
UE4Editor-CoreUObject.dll!UnknownFunction (0x00007ffceb954985) + 0 bytes [UnknownFile:0]
UE4Editor-CoreUObject.dll!UnknownFunction (0x00007ffceb91342f) + 0 bytes [UnknownFile:0]
UE4Editor-CoreUObject.dll!UnknownFunction (0x00007ffceb912722) + 0 bytes [UnknownFile:0]
UE4Editor-CoreUObject.dll!UnknownFunction (0x00007ffceb913792) + 0 bytes [UnknownFile:0]
UE4Editor-CoreUObject.dll!UnknownFunction (0x00007ffceb912722) + 0 bytes [UnknownFile:0]
UE4Editor-CoreUObject.dll!UnknownFunction (0x00007ffceb8d7cc4) + 0 bytes [UnknownFile:0]
UE4Editor-CoreUObject.dll!UnknownFunction (0x00007ffceb8f1789) + 0 bytes [UnknownFile:0]
UE4Editor-CoreUObject.dll!UnknownFunction (0x00007ffceb8c65b4) + 0 bytes [UnknownFile:0]
UE4Editor-CoreUObject.dll!UnknownFunction (0x00007ffceb8fb242) + 0 bytes [UnknownFile:0]
UE4Editor-CoreUObject.dll!UnknownFunction (0x00007ffceb888db5) + 0 bytes [UnknownFile:0]
UE4Editor-CoreUObject.dll!UnknownFunction (0x00007ffceb8d7092) + 0 bytes [UnknownFile:0]
UE4Editor-CoreUObject.dll!UnknownFunction (0x00007ffceb8d74db) + 0 bytes [UnknownFile:0]
UE4Editor-CoreUObject.dll!UnknownFunction (0x00007ffceb8f37eb) + 0 bytes [UnknownFile:0]
UE4Editor-CoreUObject.dll!UnknownFunction (0x00007ffceb954985) + 0 bytes [UnknownFile:0]
UE4Editor-CoreUObject.dll!UnknownFunction (0x00007ffceb91342f) + 0 bytes [UnknownFile:0]
UE4Editor-CoreUObject.dll!UnknownFunction (0x00007ffceb912722) + 0 bytes [UnknownFile:0]
UE4Editor-CoreUObject.dll!UnknownFunction (0x00007ffceb913792) + 0 bytes [UnknownFile:0]
UE4Editor-CoreUObject.dll!UnknownFunction (0x00007ffceb912722) + 0 bytes [UnknownFile:0]
UE4Editor-CoreUObject.dll!UnknownFunction (0x00007ffceb8d7cc4) + 0 bytes [UnknownFile:0]
UE4Editor-CoreUObject.dll!UnknownFunction (0x00007ffceb8f1789) + 0 bytes [UnknownFile:0]
UE4Editor-CoreUObject.dll!UnknownFunction (0x00007ffceb8c65b4) + 0 bytes [UnknownFile:0]
UE4Editor-CoreUObject.dll!UnknownFunction (0x00007ffceb96b3ea) + 0 bytes [UnknownFile:0]
UE4Editor-CoreUObject.dll!UnknownFunction (0x00007ffceb8fb242) + 0 bytes [UnknownFile:0]
UE4Editor-CoreUObject.dll!UnknownFunction (0x00007ffceb87cafd) + 0 bytes [UnknownFile:0]
UE4Editor-CoreUObject.dll!UnknownFunction (0x00007ffceb87c7fe) + 0 bytes [UnknownFile:0]
UE4Editor-CoreUObject.dll!UnknownFunction (0x00007ffceb898496) + 0 bytes [UnknownFile:0]
UE4Editor-CoreUObject.dll!UnknownFunction (0x00007ffceb897bea) + 0 bytes [UnknownFile:0]
UE4Editor-CoreUObject.dll!UnknownFunction (0x00007ffceb8fb242) + 0 bytes [UnknownFile:0]
UE4Editor-CoreUObject.dll!UnknownFunction (0x00007ffceb8503b4) + 0 bytes [UnknownFile:0]
UE4Editor-CoreUObject.dll!UnknownFunction (0x00007ffceb8652d0) + 0 bytes [UnknownFile:0]
UE4Editor-CoreUObject.dll!UnknownFunction (0x00007ffceb8d6f6c) + 0 bytes [UnknownFile:0]
UE4Editor-CoreUObject.dll!UnknownFunction (0x00007ffceb8d74db) + 0 bytes [UnknownFile:0]
UE4Editor-CoreUObject.dll!UnknownFunction (0x00007ffceb8f37eb) + 0 bytes [UnknownFile:0]
UE4Editor-CoreUObject.dll!UnknownFunction (0x00007ffceb954985) + 0 bytes [UnknownFile:0]
UE4Editor-CoreUObject.dll!UnknownFunction (0x00007ffceb91342f) + 0 bytes [UnknownFile:0]
UE4Editor-CoreUObject.dll!UnknownFunction (0x00007ffceb912722) + 0 bytes [UnknownFile:0]
UE4Editor-CoreUObject.dll!UnknownFunction (0x00007ffceb913792) + 0 bytes [UnknownFile:0]
UE4Editor-CoreUObject.dll!UnknownFunction (0x00007ffceb912722) + 0 bytes [UnknownFile:0]
UE4Editor-CoreUObject.dll!UnknownFunction (0x00007ffceb8d7cc4) + 0 bytes [UnknownFile:0]
UE4Editor-CoreUObject.dll!UnknownFunction (0x00007ffceb8f1789) + 0 bytes [UnknownFile:0]
UE4Editor-CoreUObject.dll!UnknownFunction (0x00007ffceb8c65b4) + 0 bytes [UnknownFile:0]
UE4Editor-Engine.dll!UnknownFunction (0x00007ffce9c2f924) + 0 bytes [UnknownFile:0]
UE4Editor-CoreUObject.dll!UnknownFunction (0x00007ffceb96bd93) + 0 bytes [UnknownFile:0]
UE4Editor-CoreUObject.dll!UnknownFunction (0x00007ffceb89dcba) + 0 bytes [UnknownFile:0]
UnknownModule!UnknownFunction (0x0000c38723810155) + 0 bytes [UnknownFile:0]


[2015.02.04-19.42.37:521][304]LogExit: Executing StaticShutdownAfterError
[2015.02.04-19.42.37:524][304]LogWindows: FPlatformMisc::RequestExit(1)
[2015.02.04-19.42.37:524][304]Log file closed, 02/04/15 14:42:37
