Log file open, 02/04/15 21:50:30
LogInit:Display: Running engine for game: KodainaKingdom
LogInit: Version: 4.6.1-2386410+++depot+UE4-Releases+4.6
LogInit: API Version: 2369412
LogInit: Compiled (64-bit): Dec 11 2014 21:31:39
LogInit: Compiled with Visual C++: 18.00.21005.01
LogInit: Build Configuration: Development
LogInit: Branch Name: ++depot+UE4-Releases+4.6
LogInit: Command line:  
LogInit: Base directory: C:/Program Files/UE45/Epic Games/4.6/Engine/Binaries/Win64/
LogInit: Rocket: 1
[2015.02.05-02.50.30:574][  0]LogTaskGraph: Started task graph with 3 named threads and 6 total threads.
[2015.02.05-02.50.30:634][  0]LogOnline:Warning: No default platform service specified for OnlineSubsystem
[2015.02.05-02.50.30:693][  0]LogInit: Presizing for 0 objects not considered by GC, pre-allocating 0 bytes.
[2015.02.05-02.50.30:700][  0]LogInit: Object subsystem initialized
[2015.02.05-02.50.30:702][  0]LogInit: Selected Device Profile: [Windows]
[2015.02.05-02.50.30:702][  0]LogInit: Applying CVar settings loaded from the selected device profile: [Windows]
[2015.02.05-02.50.30:710][  0]LogInit: Computer: ASUS
[2015.02.05-02.50.30:710][  0]LogInit: User: Owner
[2015.02.05-02.50.30:710][  0]LogInit: CPU Page size=4096, Cores=4
[2015.02.05-02.50.30:710][  0]LogInit: High frequency timer resolution =2.338346 MHz
[2015.02.05-02.50.30:710][  0]LogMemory: Memory total: Physical=15.9GB (16GB approx) Virtual=131072.0GB
[2015.02.05-02.50.30:710][  0]LogMemory: Platform Memory Stats for Windows
[2015.02.05-02.50.30:710][  0]LogMemory: Process Physical Memory: 48.91 MB used, 48.91 MB peak
[2015.02.05-02.50.30:710][  0]LogMemory: Process Virtual Memory: 25.06 MB used, 25.07 MB peak
[2015.02.05-02.50.30:710][  0]LogMemory: Physical Memory: 3273.03 MB used, 16267.18 MB total
[2015.02.05-02.50.30:710][  0]LogMemory: Virtual Memory: 274.82 MB used, 134217728.00 MB total
[2015.02.05-02.50.30:805][  0]LogD3D11RHI: Found D3D11 adapter 0: Intel(R) HD Graphics 4600 (Feature Level 11_0)
[2015.02.05-02.50.30:805][  0]LogD3D11RHI: Adapter has 32MB of dedicated video memory, 0MB of dedicated system memory, and 1760MB of shared system memory, 1 output[s]
[2015.02.05-02.50.30:817][  0]LogD3D11RHI: Found D3D11 adapter 1: NVIDIA GeForce GT 750M (Feature Level 11_0)
[2015.02.05-02.50.30:817][  0]LogD3D11RHI: Adapter has 1988MB of dedicated video memory, 0MB of dedicated system memory, and 2048MB of shared system memory, 0 output[s]
[2015.02.05-02.50.30:818][  0]LogD3D11RHI: Found D3D11 adapter 2: Microsoft Basic Render Driver (Feature Level 11_0)
[2015.02.05-02.50.30:818][  0]LogD3D11RHI: Adapter has 0MB of dedicated video memory, 0MB of dedicated system memory, and 256MB of shared system memory, 0 output[s]
[2015.02.05-02.50.30:818][  0]LogD3D11RHI: Chosen D3D11 Adapter Id = 0
[2015.02.05-02.50.30:823][  0]LogRHI: Texture pool is 1361 MB (70% of 1945 MB)
[2015.02.05-02.50.30:835][  0]LogD3D11RHI: Async texture creation enabled
[2015.02.05-02.50.30:997][  0]LogTextLocalizationManager: The requested culture ('en_US') has no localization data; parent culture's ('en') localization data will be used.
[2015.02.05-02.50.31:121][  0]LogContentStreaming: Texture pool size is 0.000000MB
[2015.02.05-02.50.36:471][  0]LogTargetPlatformManager:Display: Building Assets For Windows
[2015.02.05-02.50.37:085][  0]LogTargetPlatformManager:Display: Building Assets For Windows
[2015.02.05-02.50.37:166][  0]LogDerivedDataCache:Display: Max Cache Size: 512 MB
[2015.02.05-02.50.37:210][  0]LogDerivedDataCache: Loaded boot cache 0.04s 39MB C:/Users/Owner/AppData/Local/UnrealEngine/4.6/DerivedDataCache/Boot.ddc.
[2015.02.05-02.50.37:210][  0]LogDerivedDataCache:Display: Loaded Boot cache: C:/Users/Owner/AppData/Local/UnrealEngine/4.6/DerivedDataCache/Boot.ddc
[2015.02.05-02.50.37:210][  0]LogDerivedDataCache: FDerivedDataBackendGraph:  Pak pak cache file ../../../../../../../Users/Owner/Documents/Unreal Projects/Kodaina/DerivedDataCache/DDC.ddp not found, will not use a pak cache.
[2015.02.05-02.50.37:210][  0]LogDerivedDataCache: Unable to find inner node Pak for hierarchical cache Hierarchy.
[2015.02.05-02.50.37:269][  0]LogDerivedDataCache:Display: Pak cache opened for reading ../../../Engine/DerivedDataCache/DDC.ddp.
[2015.02.05-02.50.37:282][  0]LogDerivedDataCache: Using Local data cache path C:/Users/Owner/AppData/Local/UnrealEngine/Common/DerivedDataCache: Writable
[2015.02.05-02.50.37:441][  0]LogCollisionProfile:Warning: Profile (UI) - Custom Channel Name = 'Weapon' hasn't been found
[2015.02.05-02.50.37:686][  0]LogMeshUtilities: No automatic mesh reduction module available
[2015.02.05-02.50.37:686][  0]LogMeshUtilities: No automatic mesh merging module available
[2015.02.05-02.50.38:265][  0]LogInit: WinSock: version 1.1 (2.2), MaxSocks=32767, MaxUdp=65467
[2015.02.05-02.50.38:388][  0]LogSlate:Warning: Failed to load font data from '../../../Engine/Content/Slate/Fonts/Roboto-Italic.ttf'
[2015.02.05-02.50.39:728][  0]UdpMessaging: Initializing bridge on interface 0.0.0.0:0 to multicast group 230.0.0.1:6666.
[2015.02.05-02.50.40:128][  0]LogDirectoryWatcher:Warning: Failed to begin reading directory changes for C:/Users/Owner/Documents/Unreal Projects/Kodaina/Binaries/Win64. Error: 0
[2015.02.05-02.50.40:357][  0]SourceControl: Info Source control is disabled
[2015.02.05-02.50.40:357][  0]SourceControl: Info Source control is disabled
[2015.02.05-02.50.40:370][  0]SourceControl: Info Source control is disabled
[2015.02.05-02.50.40:656][  0]LogObj: 24370 objects as part of root set at end of initial load.
[2015.02.05-02.50.40:656][  0]LogUObjectAllocator: 5269600 out of 0 bytes used by permanent object pool.
[2015.02.05-02.50.40:739][  0]LogEngine: Initializing Engine...
[2015.02.05-02.50.40:874][  0]LogInit: XAudio2 using 'Speakers (M-Audio Micro)' : 2 channels at 44.1 kHz using 16 bits per sample (channel mask 0x3)
[2015.02.05-02.50.40:885][  0]LogInit: FAudioDevice initialized.
[2015.02.05-02.50.40:924][  0]LogAIModule: Creating AISystem for world NewWorld
[2015.02.05-02.50.40:945][  0]LogDerivedDataCache: Saved boot cache 0.02s 39MB C:/Users/Owner/AppData/Local/UnrealEngine/4.6/DerivedDataCache/Boot.ddc.
[2015.02.05-02.50.40:947][  0]LogInit: Texture streaming: Enabled
[2015.02.05-02.50.41:004][  0]LogAnalytics: Creating configured Analytics provider AnalyticsET
[2015.02.05-02.50.41:004][  0]LogAnalytics: ET APIKey = Rocket.Release. APIServer = http://et2.epicgames.com/ET2/. AppVersion = 4.6.1-2386410+++depot+UE4-Releases+4.6
[2015.02.05-02.50.41:005][  0]LogAnalytics: SetUserId d53fbd01599cddc5eda2e5a33cd9f114
[2015.02.05-02.50.41:005][  0]LogAnalytics: AnalyticsET::StartSession [Rocket.Release]
[2015.02.05-02.50.41:034][  0]LogInit: Transaction tracking system initialized
[2015.02.05-02.50.41:240][  0]BlueprintLog: New page: Editor Load
[2015.02.05-02.50.41:309][  0]LogAssetRegistry: FAssetRegistry took 0.0103 seconds to start up
[2015.02.05-02.50.41:309][  0]LogDirectoryWatcher:Warning: Failed to begin reading directory changes for ../../../Engine/Plugins/Experimental/CharacterAI/Content/. Error: 0
[2015.02.05-02.50.42:019][  0]LogTargetPlatformManager:Display: Building Assets For Windows
[2015.02.05-02.50.42:407][  0]LogTargetPlatformManager:Display: Building Assets For Windows
[2015.02.05-02.50.42:786][  0]LogConsoleResponse:Display: 
[2015.02.05-02.50.42:832][  0]LogLinker:Warning: Asset '../../../Engine/Content/Functions/Engine_MaterialFunctions03/Procedurals/ComputeFilterWidth.uasset' has been saved with empty engine version. The asset will be loaded but may be incompatible.
[2015.02.05-02.50.43:177][  0]SourceControl: Info Source control is disabled
[2015.02.05-02.50.43:178][  0]Cmd: MAP LOAD FILE="../../../../../../../Users/Owner/Documents/Unreal Projects/Kodaina/Content/Maps/TestLevel.umap" TEMPLATE=0 SHOWPROGRESS=1
[2015.02.05-02.50.43:178][  0]LightingResults: New page: Lighting Build
[2015.02.05-02.50.43:194][  0]MapCheck: New page: Map Check
[2015.02.05-02.50.43:194][  0]LightingResults: New page: Lighting Build
[2015.02.05-02.50.43:201][  0]LogParticles: Destroying 0 GPU particle simulations for FXSystem 0x000000D8348E6AC0
[2015.02.05-02.50.43:299][  0]LogEditorServer: Finished looking for orphan Actors (0.000 secs)
[2015.02.05-02.50.43:299][  0]LogAIModule: Creating AISystem for world TestLevel
[2015.02.05-02.50.43:299][  0]Cmd: MAP CHECKDEP
[2015.02.05-02.50.43:299][  0]MapCheck: New page: TestLevel - Feb 4, 2015, 4:50:43 PM
[2015.02.05-02.50.43:462][  0]MapCheck: Info Map check complete: 0 Error(s), 0 Warning(s), took 162.141ms to complete.
[2015.02.05-02.50.43:462][  0]LogFileHelpers: Loading map 'TestLevel' took 0.284
[2015.02.05-02.50.43:552][  0]LogCollectionManager: Loaded 0 collections in 0.001767 seconds
[2015.02.05-02.50.43:836][  0]LogCrashTracker: Crashtracker disabled due to settings.
[2015.02.05-02.50.43:888][  0]LogUObjectGlobals:Warning: Failed to find object 'Class None.'
[2015.02.05-02.50.43:916][  0]LogLoad: Full Startup: 15.63 seconds (BP compile: 0.02 seconds)
[2015.02.05-02.50.44:258][  0]LogContentBrowser:Verbose: The content browser source was changed by the sources view to '/Game/Blueprints'
[2015.02.05-02.50.44:419][  0]LogRenderer:Warning: Reallocating scene render targets to support 1168x880.
[2015.02.05-02.50.45:593][  4]LogAssetRegistry: Asset discovery search completed in 4.2944 seconds
[2015.02.05-02.50.53:392][ 16]LogPropertyNode:Warning: UI Min (0.001) >= UI Max () for Ranged Numeric
[2015.02.05-02.50.53:396][ 16]LogPropertyNode:Warning: UI Min (0.001) >= UI Max () for Ranged Numeric
[2015.02.05-02.50.53:446][ 16]LogPropertyNode:Warning: UI Min (0.001) >= UI Max () for Ranged Numeric
[2015.02.05-02.50.53:446][ 16]LogPropertyNode:Warning: UI Min (0.001) >= UI Max () for Ranged Numeric
[2015.02.05-02.51.06:704][537]BlueprintLog: New page: Compile MessageBoxHUD
[2015.02.05-02.51.06:889][537]LogActorComponent: UnregisterComponent: (/Engine/Transient.CharacterMovementComponent_0) Not registered. Aborting.
[2015.02.05-02.51.07:015][537]BlueprintEditorCompileResults: Info [0038.73] Compile of MessageBoxHUD successful! [in 268 ms]
[2015.02.05-02.51.10:722][739]BlueprintLog: New page: Pre-PIE auto-recompile
[2015.02.05-02.51.10:724][739]LogPlayLevel: [PIE] Compiling Tutorial_BP_MacroLib before PIE...
[2015.02.05-02.51.10:774][739]LogPlayLevel: [PIE] Compiling TestLevel before PIE...
[2015.02.05-02.51.10:832][739]LogPlayLevel: [PIE] Compiling RollingMovingHUD before PIE...
[2015.02.05-02.51.10:968][739]LogPropertyNode:Warning: UI Min (0.001) >= UI Max () for Ranged Numeric
[2015.02.05-02.51.10:969][739]LogPropertyNode:Warning: UI Min (0.001) >= UI Max () for Ranged Numeric
[2015.02.05-02.51.11:031][739]LogPropertyNode:Warning: UI Min (0.001) >= UI Max () for Ranged Numeric
[2015.02.05-02.51.11:032][739]LogPropertyNode:Warning: UI Min (0.001) >= UI Max () for Ranged Numeric
[2015.02.05-02.51.11:058][739]LogPlayLevel: [PIE] Compiling MyCharacter before PIE...
[2015.02.05-02.51.11:391][739]LogPropertyNode:Warning: UI Min (0.001) >= UI Max () for Ranged Numeric
[2015.02.05-02.51.11:392][739]LogPropertyNode:Warning: UI Min (0.001) >= UI Max () for Ranged Numeric
[2015.02.05-02.51.11:505][739]LogPropertyNode:Warning: UI Min (0.001) >= UI Max () for Ranged Numeric
[2015.02.05-02.51.11:505][739]LogPropertyNode:Warning: UI Min (0.001) >= UI Max () for Ranged Numeric
[2015.02.05-02.51.11:589][739]LogPlayLevel: [PIE] Compiling BattleHUD before PIE...
[2015.02.05-02.51.11:925][739]LogPropertyNode:Warning: UI Min (0.001) >= UI Max () for Ranged Numeric
[2015.02.05-02.51.11:926][739]LogPropertyNode:Warning: UI Min (0.001) >= UI Max () for Ranged Numeric
[2015.02.05-02.51.11:962][739]LogPlayLevel: [PIE] Compiling Enemy before PIE...
[2015.02.05-02.51.12:100][739]LogPropertyNode:Warning: UI Min (0.001) >= UI Max () for Ranged Numeric
[2015.02.05-02.51.12:101][739]LogPropertyNode:Warning: UI Min (0.001) >= UI Max () for Ranged Numeric
[2015.02.05-02.51.12:149][739]LogPlayLevel: [PIE] Compiling ShoppingHUD before PIE...
[2015.02.05-02.51.12:253][739]LogPropertyNode:Warning: UI Min (0.001) >= UI Max () for Ranged Numeric
[2015.02.05-02.51.12:254][739]LogPropertyNode:Warning: UI Min (0.001) >= UI Max () for Ranged Numeric
[2015.02.05-02.51.12:288][739]LogPlayLevel: [PIE] Compiling StatusHUD before PIE...
[2015.02.05-02.51.12:446][739]LogPropertyNode:Warning: UI Min (0.001) >= UI Max () for Ranged Numeric
[2015.02.05-02.51.12:447][739]LogPropertyNode:Warning: UI Min (0.001) >= UI Max () for Ranged Numeric
[2015.02.05-02.51.12:483][739]LogPlayLevel: [PIE] Compiling InventoryHUD before PIE...
[2015.02.05-02.51.12:620][739]LogPropertyNode:Warning: UI Min (0.001) >= UI Max () for Ranged Numeric
[2015.02.05-02.51.12:621][739]LogPropertyNode:Warning: UI Min (0.001) >= UI Max () for Ranged Numeric
[2015.02.05-02.51.12:721][739]LogPlayLevel: PIE:  Blueprint regeneration took 2000 ms (9 blueprints)
[2015.02.05-02.51.12:721][739]PIE: New page: PIE session: TestLevel (Feb 4, 2015, 4:51:12 PM)
[2015.02.05-02.51.12:725][739]LogPlayLevel: PIE: StaticDuplicateObject took: (0.002982s)
[2015.02.05-02.51.12:725][739]LogPlayLevel: PIE: World Init took: (0.000430s)
[2015.02.05-02.51.12:725][739]LogPlayLevel: PIE: Created PIE world by copying editor world from /Game/Maps/TestLevel.TestLevel to /Game/Maps/UEDPIE_0_TestLevel.TestLevel (0.003552s)
[2015.02.05-02.51.12:944][739]LogWorld: Game class is 'Kodaina_C'
[2015.02.05-02.51.12:945][739]LogAIModule: Creating AISystem for world TestLevel
[2015.02.05-02.51.12:947][739]LogWorld: Bringing World /Game/Maps/UEDPIE_0_TestLevel.TestLevel up for play (max tick rate 60) at 2015.02.04-21.51.12
[2015.02.05-02.51.12:947][739]LogWorld: Bringing up level for play took: 0.001776
[2015.02.05-02.51.12:957][739]PIE: Info Play in editor start time for /Game/Maps/UEDPIE_0_TestLevel 2.479
[2015.02.05-02.51.15:808][892]LogActorComponent: UnregisterComponent: (/Engine/Transient.CharacterMovementComponent_1) Not registered. Aborting.
[2015.02.05-02.51.15:879][893]LogParticles: Destroying 0 GPU particle simulations for FXSystem 0x000000D849E3E0C0
[2015.02.05-02.51.58:578][754]BlueprintLog: New page: Compile MessageBoxHUD
[2015.02.05-02.51.58:763][754]BlueprintEditorCompileResults: Info [0090.48] Compile of MessageBoxHUD successful! [in 141 ms]
[2015.02.05-02.52.08:439][173]LogUObjectGlobals:Warning: Failed to find object 'Object None.'
[2015.02.05-02.52.08:439][173]LogUObjectGlobals:Warning: Failed to find object 'Object None.'
[2015.02.05-02.52.08:439][173]LogUObjectGlobals:Warning: Failed to find object 'Object None.'
[2015.02.05-02.52.08:439][173]LogUObjectGlobals:Warning: Failed to find object 'Object None.'
[2015.02.05-02.52.08:439][173]LogUObjectGlobals:Warning: Failed to find object 'Object None.'
[2015.02.05-02.52.08:439][173]LogUObjectGlobals:Warning: Failed to find object 'Object None.'
[2015.02.05-02.52.08:439][173]LogUObjectGlobals:Warning: Failed to find object 'Object None.'
[2015.02.05-02.52.08:439][173]LogUObjectGlobals:Warning: Failed to find object 'Object None.'
[2015.02.05-02.52.08:439][173]LogUObjectGlobals:Warning: Failed to find object 'Object None.'
[2015.02.05-02.52.08:439][173]LogUObjectGlobals:Warning: Failed to find object 'Object None.'
[2015.02.05-02.52.08:440][173]LogUObjectGlobals:Warning: Failed to find object 'Object None.'
[2015.02.05-02.52.08:440][173]LogUObjectGlobals:Warning: Failed to find object 'Object None.'
[2015.02.05-02.52.08:440][173]LogUObjectGlobals:Warning: Failed to find object 'Object None.'
[2015.02.05-02.52.08:440][173]LogUObjectGlobals:Warning: Failed to find object 'Object None.'
[2015.02.05-02.52.08:440][173]LogUObjectGlobals:Warning: Failed to find object 'Object None.'
[2015.02.05-02.52.08:440][173]LogUObjectGlobals:Warning: Failed to find object 'Object None.'
[2015.02.05-02.52.08:440][173]LogUObjectGlobals:Warning: Failed to find object 'Object None.'
[2015.02.05-02.52.08:440][173]LogUObjectGlobals:Warning: Failed to find object 'Object None.'
[2015.02.05-02.52.08:440][173]LogUObjectGlobals:Warning: Failed to find object 'Object None.'
[2015.02.05-02.52.08:440][173]LogUObjectGlobals:Warning: Failed to find object 'Object None.'
[2015.02.05-02.52.08:440][173]LogUObjectGlobals:Warning: Failed to find object 'Object None.'
[2015.02.05-02.52.08:440][173]LogUObjectGlobals:Warning: Failed to find object 'Object None.'
[2015.02.05-02.52.08:441][173]LogUObjectGlobals:Warning: Failed to find object 'Object None.'
[2015.02.05-02.52.08:441][173]LogUObjectGlobals:Warning: Failed to find object 'Object None.'
[2015.02.05-02.52.08:441][173]LogUObjectGlobals:Warning: Failed to find object 'Object None.'
[2015.02.05-02.52.08:441][173]LogUObjectGlobals:Warning: Failed to find object 'Object None.'
[2015.02.05-02.52.08:441][173]LogUObjectGlobals:Warning: Failed to find object 'Object None.'
[2015.02.05-02.52.08:441][173]LogUObjectGlobals:Warning: Failed to find object 'Object None.'
[2015.02.05-02.52.08:441][173]LogUObjectGlobals:Warning: Failed to find object 'Object None.'
[2015.02.05-02.52.08:441][173]LogUObjectGlobals:Warning: Failed to find object 'Object None.'
[2015.02.05-02.52.08:441][173]LogUObjectGlobals:Warning: Failed to find object 'Object None.'
[2015.02.05-02.52.08:441][173]LogUObjectGlobals:Warning: Failed to find object 'Object None.'
[2015.02.05-02.52.08:441][173]LogUObjectGlobals:Warning: Failed to find object 'Object None.'
[2015.02.05-02.52.08:441][173]LogUObjectGlobals:Warning: Failed to find object 'Object None.'
[2015.02.05-02.52.08:441][173]LogUObjectGlobals:Warning: Failed to find object 'Object None.'
[2015.02.05-02.52.08:441][173]LogUObjectGlobals:Warning: Failed to find object 'Object None.'
[2015.02.05-02.52.08:442][173]LogUObjectGlobals:Warning: Failed to find object 'Object None.'
[2015.02.05-02.52.08:442][173]LogUObjectGlobals:Warning: Failed to find object 'Object None.'
[2015.02.05-02.52.08:442][173]LogUObjectGlobals:Warning: Failed to find object 'Object None.'
[2015.02.05-02.52.08:442][173]LogUObjectGlobals:Warning: Failed to find object 'Object None.'
[2015.02.05-02.52.08:442][173]LogUObjectGlobals:Warning: Failed to find object 'Object None.'
[2015.02.05-02.52.08:442][173]LogUObjectGlobals:Warning: Failed to find object 'Object None.'
[2015.02.05-02.52.08:442][173]LogUObjectGlobals:Warning: Failed to find object 'Object None.'
[2015.02.05-02.52.08:442][173]LogUObjectGlobals:Warning: Failed to find object 'Object None.'
[2015.02.05-02.52.08:442][173]LogUObjectGlobals:Warning: Failed to find object 'Object None.'
[2015.02.05-02.52.08:442][173]LogUObjectGlobals:Warning: Failed to find object 'Object None.'
[2015.02.05-02.52.08:442][173]LogUObjectGlobals:Warning: Failed to find object 'Object None.'
[2015.02.05-02.52.08:442][173]LogUObjectGlobals:Warning: Failed to find object 'Object None.'
[2015.02.05-02.52.08:442][173]LogUObjectGlobals:Warning: Failed to find object 'Object None.'
[2015.02.05-02.52.08:443][173]LogUObjectHash:Warning: Ambiguous search, could be K2Node_MacroInstance /Game/Blueprints/MessageBoxHUD.MessageBoxHUD:SetUpMessage.K2Node_MacroInstance_626 or K2Node_MacroInstance /Game/Blueprints/BattleHUD.BattleHUD:MessageBoxExecOnEnd.K2Node_MacroInstance_626
[2015.02.05-02.52.08:443][173]LogUObjectHash:Warning: Ambiguous search, could be K2Node_MacroInstance /Game/Blueprints/MessageBoxHUD.MessageBoxHUD:SetUpMessage.K2Node_MacroInstance_626 or K2Node_MacroInstance /Game/Blueprints/BattleHUD.BattleHUD:EventGraph.K2Node_MacroInstance_626
[2015.02.05-02.52.08:443][173]LogUObjectHash:Warning: Ambiguous search, could be K2Node_MacroInstance /Game/Blueprints/MessageBoxHUD.MessageBoxHUD:SetUpMessage.K2Node_MacroInstance_626 or K2Node_MacroInstance /Game/Blueprints/MessageBoxHUD.MessageBoxHUD:MessageBoxExecOnEnd.K2Node_MacroInstance_626
[2015.02.05-02.52.08:443][173]LogUObjectHash:Warning: Ambiguous search, could be K2Node_VariableSet /Game/Blueprints/MessageBoxHUD.MessageBoxHUD:SetUpMessage.K2Node_VariableSet_4589 or K2Node_VariableSet /Game/Blueprints/BattleHUD.BattleHUD:MessageBoxExecOnEnd.K2Node_VariableSet_4589
[2015.02.05-02.52.08:443][173]LogUObjectHash:Warning: Ambiguous search, could be K2Node_VariableSet /Game/Blueprints/MessageBoxHUD.MessageBoxHUD:SetUpMessage.K2Node_VariableSet_4589 or K2Node_VariableSet /Game/Blueprints/BattleHUD.BattleHUD:EventGraph.K2Node_VariableSet_4589
[2015.02.05-02.52.08:443][173]LogUObjectHash:Warning: Ambiguous search, could be K2Node_VariableSet /Game/Blueprints/MessageBoxHUD.MessageBoxHUD:SetUpMessage.K2Node_VariableSet_4589 or K2Node_VariableSet /Game/Blueprints/MessageBoxHUD.MessageBoxHUD:MessageBoxExecOnEnd.K2Node_VariableSet_4589
[2015.02.05-02.52.08:443][173]LogUObjectHash:Warning: Ambiguous search, could be K2Node_VariableSet /Game/Blueprints/MessageBoxHUD.MessageBoxHUD:SetUpMessage.K2Node_VariableSet_4589 or K2Node_VariableSet /Game/Blueprints/MessageBoxHUD.MessageBoxHUD:EventGraph.K2Node_VariableSet_4589
[2015.02.05-02.52.08:444][173]LogUObjectHash:Warning: Ambiguous search, could be K2Node_VariableSet /Game/Blueprints/MessageBoxHUD.MessageBoxHUD:SetUpMessage.K2Node_VariableSet_6167 or K2Node_VariableSet /Game/Blueprints/BattleHUD.BattleHUD:MessageBoxExecOnEnd.K2Node_VariableSet_6167
[2015.02.05-02.52.08:444][173]LogUObjectHash:Warning: Ambiguous search, could be K2Node_VariableSet /Game/Blueprints/MessageBoxHUD.MessageBoxHUD:SetUpMessage.K2Node_VariableSet_6167 or K2Node_VariableSet /Game/Blueprints/BattleHUD.BattleHUD:EventGraph.K2Node_VariableSet_6167
[2015.02.05-02.52.08:444][173]LogUObjectHash:Warning: Ambiguous search, could be K2Node_VariableSet /Game/Blueprints/MessageBoxHUD.MessageBoxHUD:SetUpMessage.K2Node_VariableSet_6167 or K2Node_VariableSet /Game/Blueprints/MessageBoxHUD.MessageBoxHUD:MessageBoxExecOnEnd.K2Node_VariableSet_6167
[2015.02.05-02.52.08:444][173]LogUObjectHash:Warning: Ambiguous search, could be K2Node_VariableSet /Game/Blueprints/MessageBoxHUD.MessageBoxHUD:SetUpMessage.K2Node_VariableSet_6167 or K2Node_VariableSet /Game/Blueprints/MessageBoxHUD.MessageBoxHUD:EventGraph.K2Node_VariableSet_6167
[2015.02.05-02.52.08:444][173]LogUObjectHash:Warning: Ambiguous search, could be K2Node_VariableSet /Game/Blueprints/MessageBoxHUD.MessageBoxHUD:SetUpMessage.K2Node_VariableSet_5429 or K2Node_VariableSet /Game/Blueprints/BattleHUD.BattleHUD:MessageBoxExecOnEnd.K2Node_VariableSet_5429
[2015.02.05-02.52.08:444][173]LogUObjectHash:Warning: Ambiguous search, could be K2Node_VariableSet /Game/Blueprints/MessageBoxHUD.MessageBoxHUD:SetUpMessage.K2Node_VariableSet_5429 or K2Node_VariableSet /Game/Blueprints/BattleHUD.BattleHUD:EventGraph.K2Node_VariableSet_5429
[2015.02.05-02.52.08:444][173]LogUObjectHash:Warning: Ambiguous search, could be K2Node_VariableSet /Game/Blueprints/MessageBoxHUD.MessageBoxHUD:SetUpMessage.K2Node_VariableSet_5429 or K2Node_VariableSet /Game/Blueprints/MessageBoxHUD.MessageBoxHUD:MessageBoxExecOnEnd.K2Node_VariableSet_5429
[2015.02.05-02.52.08:444][173]LogUObjectHash:Warning: Ambiguous search, could be K2Node_VariableSet /Game/Blueprints/MessageBoxHUD.MessageBoxHUD:SetUpMessage.K2Node_VariableSet_5429 or K2Node_VariableSet /Game/Blueprints/MessageBoxHUD.MessageBoxHUD:EventGraph.K2Node_VariableSet_5429
[2015.02.05-02.52.08:444][173]LogUObjectHash:Warning: Ambiguous search, could be K2Node_MacroInstance /Game/Blueprints/MessageBoxHUD.MessageBoxHUD:SetUpMessage.K2Node_MacroInstance_604 or K2Node_MacroInstance /Game/Blueprints/BattleHUD.BattleHUD:MessageBoxExecOnEnd.K2Node_MacroInstance_604
[2015.02.05-02.52.08:444][173]LogUObjectHash:Warning: Ambiguous search, could be K2Node_MacroInstance /Game/Blueprints/MessageBoxHUD.MessageBoxHUD:SetUpMessage.K2Node_MacroInstance_604 or K2Node_MacroInstance /Game/Blueprints/BattleHUD.BattleHUD:EventGraph.K2Node_MacroInstance_604
[2015.02.05-02.52.08:444][173]LogUObjectHash:Warning: Ambiguous search, could be K2Node_MacroInstance /Game/Blueprints/MessageBoxHUD.MessageBoxHUD:SetUpMessage.K2Node_MacroInstance_604 or K2Node_MacroInstance /Game/Blueprints/MessageBoxHUD.MessageBoxHUD:MessageBoxExecOnEnd.K2Node_MacroInstance_604
[2015.02.05-02.52.08:444][173]LogUObjectHash:Warning: Ambiguous search, could be K2Node_MacroInstance /Game/Blueprints/MessageBoxHUD.MessageBoxHUD:SetUpMessage.K2Node_MacroInstance_604 or K2Node_MacroInstance /Game/Blueprints/MessageBoxHUD.MessageBoxHUD:EventGraph.K2Node_MacroInstance_604
[2015.02.05-02.52.08:445][173]LogUObjectHash:Warning: Ambiguous search, could be K2Node_VariableSet /Game/Blueprints/MessageBoxHUD.MessageBoxHUD:SetUpMessage.K2Node_VariableSet_6169 or K2Node_VariableSet /Game/Blueprints/BattleHUD.BattleHUD:MessageBoxExecOnEnd.K2Node_VariableSet_6169
[2015.02.05-02.52.08:445][173]LogUObjectHash:Warning: Ambiguous search, could be K2Node_VariableSet /Game/Blueprints/MessageBoxHUD.MessageBoxHUD:SetUpMessage.K2Node_VariableSet_6169 or K2Node_VariableSet /Game/Blueprints/BattleHUD.BattleHUD:EventGraph.K2Node_VariableSet_6169
[2015.02.05-02.52.08:445][173]LogUObjectHash:Warning: Ambiguous search, could be K2Node_VariableSet /Game/Blueprints/MessageBoxHUD.MessageBoxHUD:SetUpMessage.K2Node_VariableSet_6169 or K2Node_VariableSet /Game/Blueprints/MessageBoxHUD.MessageBoxHUD:MessageBoxExecOnEnd.K2Node_VariableSet_6169
[2015.02.05-02.52.08:445][173]LogUObjectHash:Warning: Ambiguous search, could be K2Node_VariableSet /Game/Blueprints/MessageBoxHUD.MessageBoxHUD:SetUpMessage.K2Node_VariableSet_6169 or K2Node_VariableSet /Game/Blueprints/MessageBoxHUD.MessageBoxHUD:EventGraph.K2Node_VariableSet_6169
[2015.02.05-02.52.08:445][173]LogUObjectHash:Warning: Ambiguous search, could be K2Node_VariableSet /Game/Blueprints/MessageBoxHUD.MessageBoxHUD:SetUpMessage.K2Node_VariableSet_6171 or K2Node_VariableSet /Game/Blueprints/BattleHUD.BattleHUD:MessageBoxExecOnEnd.K2Node_VariableSet_6171
[2015.02.05-02.52.08:445][173]LogUObjectHash:Warning: Ambiguous search, could be K2Node_VariableSet /Game/Blueprints/MessageBoxHUD.MessageBoxHUD:SetUpMessage.K2Node_VariableSet_6171 or K2Node_VariableSet /Game/Blueprints/BattleHUD.BattleHUD:EventGraph.K2Node_VariableSet_6171
[2015.02.05-02.52.08:445][173]LogUObjectHash:Warning: Ambiguous search, could be K2Node_VariableSet /Game/Blueprints/MessageBoxHUD.MessageBoxHUD:SetUpMessage.K2Node_VariableSet_6171 or K2Node_VariableSet /Game/Blueprints/MessageBoxHUD.MessageBoxHUD:MessageBoxExecOnEnd.K2Node_VariableSet_6171
[2015.02.05-02.52.08:445][173]LogUObjectHash:Warning: Ambiguous search, could be K2Node_VariableSet /Game/Blueprints/MessageBoxHUD.MessageBoxHUD:SetUpMessage.K2Node_VariableSet_6171 or K2Node_VariableSet /Game/Blueprints/MessageBoxHUD.MessageBoxHUD:EventGraph.K2Node_VariableSet_6171
[2015.02.05-02.52.08:445][173]LogUObjectHash:Warning: Ambiguous search, could be K2Node_VariableSet /Game/Blueprints/MessageBoxHUD.MessageBoxHUD:SetUpMessage.K2Node_VariableSet_5429 or K2Node_VariableSet /Game/Blueprints/BattleHUD.BattleHUD:MessageBoxExecOnEnd.K2Node_VariableSet_5429
[2015.02.05-02.52.08:445][173]LogUObjectHash:Warning: Ambiguous search, could be K2Node_VariableSet /Game/Blueprints/MessageBoxHUD.MessageBoxHUD:SetUpMessage.K2Node_VariableSet_5429 or K2Node_VariableSet /Game/Blueprints/BattleHUD.BattleHUD:EventGraph.K2Node_VariableSet_5429
[2015.02.05-02.52.08:445][173]LogUObjectHash:Warning: Ambiguous search, could be K2Node_VariableSet /Game/Blueprints/MessageBoxHUD.MessageBoxHUD:SetUpMessage.K2Node_VariableSet_5429 or K2Node_VariableSet /Game/Blueprints/MessageBoxHUD.MessageBoxHUD:MessageBoxExecOnEnd.K2Node_VariableSet_5429
[2015.02.05-02.52.08:445][173]LogUObjectHash:Warning: Ambiguous search, could be K2Node_VariableSet /Game/Blueprints/MessageBoxHUD.MessageBoxHUD:SetUpMessage.K2Node_VariableSet_5429 or K2Node_VariableSet /Game/Blueprints/MessageBoxHUD.MessageBoxHUD:EventGraph.K2Node_VariableSet_5429
[2015.02.05-02.52.08:446][173]LogUObjectHash:Warning: Ambiguous search, could be K2Node_CallFunction /Game/Blueprints/MessageBoxHUD.MessageBoxHUD:SetUpMessage.K2Node_CallFunction_11921 or K2Node_CallFunction /Game/Blueprints/BattleHUD.BattleHUD:MessageBoxExecOnEnd.K2Node_CallFunction_11921
[2015.02.05-02.52.08:446][173]LogUObjectHash:Warning: Ambiguous search, could be K2Node_CallFunction /Game/Blueprints/MessageBoxHUD.MessageBoxHUD:SetUpMessage.K2Node_CallFunction_11921 or K2Node_CallFunction /Game/Blueprints/BattleHUD.BattleHUD:EventGraph.K2Node_CallFunction_11921
[2015.02.05-02.52.08:446][173]LogUObjectHash:Warning: Ambiguous search, could be K2Node_CallFunction /Game/Blueprints/MessageBoxHUD.MessageBoxHUD:SetUpMessage.K2Node_CallFunction_11921 or K2Node_CallFunction /Game/Blueprints/MessageBoxHUD.MessageBoxHUD:MessageBoxExecOnEnd.K2Node_CallFunction_11921
[2015.02.05-02.52.08:446][173]LogUObjectHash:Warning: Ambiguous search, could be K2Node_CallFunction /Game/Blueprints/MessageBoxHUD.MessageBoxHUD:SetUpMessage.K2Node_CallFunction_11921 or K2Node_CallFunction /Game/Blueprints/MessageBoxHUD.MessageBoxHUD:EventGraph.K2Node_CallFunction_11921
[2015.02.05-02.52.08:446][173]LogUObjectHash:Warning: Ambiguous search, could be K2Node_MacroInstance /Game/Blueprints/MessageBoxHUD.MessageBoxHUD:SetUpMessage.K2Node_MacroInstance_604 or K2Node_MacroInstance /Game/Blueprints/BattleHUD.BattleHUD:MessageBoxExecOnEnd.K2Node_MacroInstance_604
[2015.02.05-02.52.08:446][173]LogUObjectHash:Warning: Ambiguous search, could be K2Node_MacroInstance /Game/Blueprints/MessageBoxHUD.MessageBoxHUD:SetUpMessage.K2Node_MacroInstance_604 or K2Node_MacroInstance /Game/Blueprints/BattleHUD.BattleHUD:EventGraph.K2Node_MacroInstance_604
[2015.02.05-02.52.08:446][173]LogUObjectHash:Warning: Ambiguous search, could be K2Node_MacroInstance /Game/Blueprints/MessageBoxHUD.MessageBoxHUD:SetUpMessage.K2Node_MacroInstance_604 or K2Node_MacroInstance /Game/Blueprints/MessageBoxHUD.MessageBoxHUD:MessageBoxExecOnEnd.K2Node_MacroInstance_604
[2015.02.05-02.52.08:446][173]LogUObjectHash:Warning: Ambiguous search, could be K2Node_MacroInstance /Game/Blueprints/MessageBoxHUD.MessageBoxHUD:SetUpMessage.K2Node_MacroInstance_604 or K2Node_MacroInstance /Game/Blueprints/MessageBoxHUD.MessageBoxHUD:EventGraph.K2Node_MacroInstance_604
[2015.02.05-02.52.08:446][173]LogUObjectHash:Warning: Ambiguous search, could be K2Node_VariableSet /Game/Blueprints/MessageBoxHUD.MessageBoxHUD:SetUpMessage.K2Node_VariableSet_6400 or K2Node_VariableSet /Game/Blueprints/BattleHUD.BattleHUD:MessageBoxExecOnEnd.K2Node_VariableSet_6400
[2015.02.05-02.52.08:446][173]LogUObjectHash:Warning: Ambiguous search, could be K2Node_VariableSet /Game/Blueprints/MessageBoxHUD.MessageBoxHUD:SetUpMessage.K2Node_VariableSet_6400 or K2Node_VariableSet /Game/Blueprints/BattleHUD.BattleHUD:EventGraph.K2Node_VariableSet_6400
[2015.02.05-02.52.08:446][173]LogUObjectHash:Warning: Ambiguous search, could be K2Node_VariableSet /Game/Blueprints/MessageBoxHUD.MessageBoxHUD:SetUpMessage.K2Node_VariableSet_6400 or K2Node_VariableSet /Game/Blueprints/MessageBoxHUD.MessageBoxHUD:MessageBoxExecOnEnd.K2Node_VariableSet_6400
[2015.02.05-02.52.08:446][173]LogUObjectHash:Warning: Ambiguous search, could be K2Node_VariableSet /Game/Blueprints/MessageBoxHUD.MessageBoxHUD:SetUpMessage.K2Node_VariableSet_6400 or K2Node_VariableSet /Game/Blueprints/MessageBoxHUD.MessageBoxHUD:EventGraph.K2Node_VariableSet_6400
[2015.02.05-02.52.08:447][173]LogUObjectHash:Warning: Ambiguous search, could be K2Node_CallFunction /Game/Blueprints/MessageBoxHUD.MessageBoxHUD:SetUpMessage.K2Node_CallFunction_12181 or K2Node_CallFunction /Game/Blueprints/BattleHUD.BattleHUD:MessageBoxExecOnEnd.K2Node_CallFunction_12181
[2015.02.05-02.52.08:447][173]LogUObjectHash:Warning: Ambiguous search, could be K2Node_CallFunction /Game/Blueprints/MessageBoxHUD.MessageBoxHUD:SetUpMessage.K2Node_CallFunction_12181 or K2Node_CallFunction /Game/Blueprints/BattleHUD.BattleHUD:EventGraph.K2Node_CallFunction_12181
[2015.02.05-02.52.08:447][173]LogUObjectHash:Warning: Ambiguous search, could be K2Node_CallFunction /Game/Blueprints/MessageBoxHUD.MessageBoxHUD:SetUpMessage.K2Node_CallFunction_12181 or K2Node_CallFunction /Game/Blueprints/MessageBoxHUD.MessageBoxHUD:MessageBoxExecOnEnd.K2Node_CallFunction_12181
[2015.02.05-02.52.08:447][173]LogUObjectHash:Warning: Ambiguous search, could be K2Node_CallFunction /Game/Blueprints/MessageBoxHUD.MessageBoxHUD:SetUpMessage.K2Node_CallFunction_12181 or K2Node_CallFunction /Game/Blueprints/MessageBoxHUD.MessageBoxHUD:EventGraph.K2Node_CallFunction_12181
[2015.02.05-02.52.08:447][173]LogUObjectHash:Warning: Ambiguous search, could be K2Node_Knot /Game/Blueprints/MessageBoxHUD.MessageBoxHUD:SetUpMessage.K2Node_Knot_511 or K2Node_Knot /Game/Blueprints/BattleHUD.BattleHUD:MessageBoxExecOnEnd.K2Node_Knot_511
[2015.02.05-02.52.08:447][173]LogUObjectHash:Warning: Ambiguous search, could be K2Node_Knot /Game/Blueprints/MessageBoxHUD.MessageBoxHUD:SetUpMessage.K2Node_Knot_511 or K2Node_Knot /Game/Blueprints/BattleHUD.BattleHUD:EventGraph.K2Node_Knot_511
[2015.02.05-02.52.08:447][173]LogUObjectHash:Warning: Ambiguous search, could be K2Node_Knot /Game/Blueprints/MessageBoxHUD.MessageBoxHUD:SetUpMessage.K2Node_Knot_511 or K2Node_Knot /Game/Blueprints/MessageBoxHUD.MessageBoxHUD:MessageBoxExecOnEnd.K2Node_Knot_511
[2015.02.05-02.52.08:447][173]LogUObjectHash:Warning: Ambiguous search, could be K2Node_Knot /Game/Blueprints/MessageBoxHUD.MessageBoxHUD:SetUpMessage.K2Node_Knot_511 or K2Node_Knot /Game/Blueprints/MessageBoxHUD.MessageBoxHUD:EventGraph.K2Node_Knot_511
[2015.02.05-02.52.08:447][173]LogUObjectHash:Warning: Ambiguous search, could be K2Node_CallFunction /Game/Blueprints/MessageBoxHUD.MessageBoxHUD:SetUpMessage.K2Node_CallFunction_12193 or K2Node_CallFunction /Game/Blueprints/BattleHUD.BattleHUD:MessageBoxExecOnEnd.K2Node_CallFunction_12193
[2015.02.05-02.52.08:447][173]LogUObjectHash:Warning: Ambiguous search, could be K2Node_CallFunction /Game/Blueprints/MessageBoxHUD.MessageBoxHUD:SetUpMessage.K2Node_CallFunction_12193 or K2Node_CallFunction /Game/Blueprints/BattleHUD.BattleHUD:EventGraph.K2Node_CallFunction_12193
[2015.02.05-02.52.08:447][173]LogUObjectHash:Warning: Ambiguous search, could be K2Node_CallFunction /Game/Blueprints/MessageBoxHUD.MessageBoxHUD:SetUpMessage.K2Node_CallFunction_12193 or K2Node_CallFunction /Game/Blueprints/MessageBoxHUD.MessageBoxHUD:MessageBoxExecOnEnd.K2Node_CallFunction_12193
[2015.02.05-02.52.08:447][173]LogUObjectHash:Warning: Ambiguous search, could be K2Node_CallFunction /Game/Blueprints/MessageBoxHUD.MessageBoxHUD:SetUpMessage.K2Node_CallFunction_12193 or K2Node_CallFunction /Game/Blueprints/MessageBoxHUD.MessageBoxHUD:EventGraph.K2Node_CallFunction_12193
[2015.02.05-02.52.08:447][173]LogUObjectHash:Warning: Ambiguous search, could be K2Node_CallFunction /Game/Blueprints/MessageBoxHUD.MessageBoxHUD:SetUpMessage.K2Node_CallFunction_12571 or K2Node_CallFunction /Game/Blueprints/BattleHUD.BattleHUD:MessageBoxExecOnEnd.K2Node_CallFunction_12571
[2015.02.05-02.52.08:447][173]LogUObjectHash:Warning: Ambiguous search, could be K2Node_CallFunction /Game/Blueprints/MessageBoxHUD.MessageBoxHUD:SetUpMessage.K2Node_CallFunction_12571 or K2Node_CallFunction /Game/Blueprints/BattleHUD.BattleHUD:EventGraph.K2Node_CallFunction_12571
[2015.02.05-02.52.08:447][173]LogUObjectHash:Warning: Ambiguous search, could be K2Node_CallFunction /Game/Blueprints/MessageBoxHUD.MessageBoxHUD:SetUpMessage.K2Node_CallFunction_12571 or K2Node_CallFunction /Game/Blueprints/MessageBoxHUD.MessageBoxHUD:MessageBoxExecOnEnd.K2Node_CallFunction_12571
[2015.02.05-02.52.08:447][173]LogUObjectHash:Warning: Ambiguous search, could be K2Node_CallFunction /Game/Blueprints/MessageBoxHUD.MessageBoxHUD:SetUpMessage.K2Node_CallFunction_12571 or K2Node_CallFunction /Game/Blueprints/MessageBoxHUD.MessageBoxHUD:EventGraph.K2Node_CallFunction_12571
[2015.02.05-02.52.08:447][173]LogUObjectHash:Warning: Ambiguous search, could be K2Node_CallFunction /Game/Blueprints/MessageBoxHUD.MessageBoxHUD:SetUpMessage.K2Node_CallFunction_12946 or K2Node_CallFunction /Game/Blueprints/BattleHUD.BattleHUD:MessageBoxExecOnEnd.K2Node_CallFunction_12946
[2015.02.05-02.52.08:447][173]LogUObjectHash:Warning: Ambiguous search, could be K2Node_CallFunction /Game/Blueprints/MessageBoxHUD.MessageBoxHUD:SetUpMessage.K2Node_CallFunction_12946 or K2Node_CallFunction /Game/Blueprints/BattleHUD.BattleHUD:EventGraph.K2Node_CallFunction_12946
[2015.02.05-02.52.08:447][173]LogUObjectHash:Warning: Ambiguous search, could be K2Node_CallFunction /Game/Blueprints/MessageBoxHUD.MessageBoxHUD:SetUpMessage.K2Node_CallFunction_12946 or K2Node_CallFunction /Game/Blueprints/MessageBoxHUD.MessageBoxHUD:MessageBoxExecOnEnd.K2Node_CallFunction_12946
[2015.02.05-02.52.08:447][173]LogUObjectHash:Warning: Ambiguous search, could be K2Node_CallFunction /Game/Blueprints/MessageBoxHUD.MessageBoxHUD:SetUpMessage.K2Node_CallFunction_12946 or K2Node_CallFunction /Game/Blueprints/MessageBoxHUD.MessageBoxHUD:EventGraph.K2Node_CallFunction_12946
[2015.02.05-02.52.08:448][173]LogUObjectHash:Warning: Ambiguous search, could be K2Node_CallFunction /Game/Blueprints/MessageBoxHUD.MessageBoxHUD:SetUpMessage.K2Node_CallFunction_13318 or K2Node_CallFunction /Game/Blueprints/BattleHUD.BattleHUD:MessageBoxExecOnEnd.K2Node_CallFunction_13318
[2015.02.05-02.52.08:448][173]LogUObjectHash:Warning: Ambiguous search, could be K2Node_CallFunction /Game/Blueprints/MessageBoxHUD.MessageBoxHUD:SetUpMessage.K2Node_CallFunction_13318 or K2Node_CallFunction /Game/Blueprints/BattleHUD.BattleHUD:EventGraph.K2Node_CallFunction_13318
[2015.02.05-02.52.08:448][173]LogUObjectHash:Warning: Ambiguous search, could be K2Node_CallFunction /Game/Blueprints/MessageBoxHUD.MessageBoxHUD:SetUpMessage.K2Node_CallFunction_13318 or K2Node_CallFunction /Game/Blueprints/MessageBoxHUD.MessageBoxHUD:MessageBoxExecOnEnd.K2Node_CallFunction_13318
[2015.02.05-02.52.08:448][173]LogUObjectHash:Warning: Ambiguous search, could be K2Node_CallFunction /Game/Blueprints/MessageBoxHUD.MessageBoxHUD:SetUpMessage.K2Node_CallFunction_13318 or K2Node_CallFunction /Game/Blueprints/MessageBoxHUD.MessageBoxHUD:EventGraph.K2Node_CallFunction_13318
[2015.02.05-02.52.08:448][173]LogUObjectHash:Warning: Ambiguous search, could be K2Node_CallFunction /Game/Blueprints/MessageBoxHUD.MessageBoxHUD:SetUpMessage.K2Node_CallFunction_13319 or K2Node_CallFunction /Game/Blueprints/BattleHUD.BattleHUD:MessageBoxExecOnEnd.K2Node_CallFunction_13319
[2015.02.05-02.52.08:448][173]LogUObjectHash:Warning: Ambiguous search, could be K2Node_CallFunction /Game/Blueprints/MessageBoxHUD.MessageBoxHUD:SetUpMessage.K2Node_CallFunction_13319 or K2Node_CallFunction /Game/Blueprints/BattleHUD.BattleHUD:EventGraph.K2Node_CallFunction_13319
[2015.02.05-02.52.08:448][173]LogUObjectHash:Warning: Ambiguous search, could be K2Node_CallFunction /Game/Blueprints/MessageBoxHUD.MessageBoxHUD:SetUpMessage.K2Node_CallFunction_13319 or K2Node_CallFunction /Game/Blueprints/MessageBoxHUD.MessageBoxHUD:MessageBoxExecOnEnd.K2Node_CallFunction_13319
[2015.02.05-02.52.08:448][173]LogUObjectHash:Warning: Ambiguous search, could be K2Node_CallFunction /Game/Blueprints/MessageBoxHUD.MessageBoxHUD:SetUpMessage.K2Node_CallFunction_13319 or K2Node_CallFunction /Game/Blueprints/MessageBoxHUD.MessageBoxHUD:EventGraph.K2Node_CallFunction_13319
[2015.02.05-02.52.08:448][173]LogUObjectHash:Warning: Ambiguous search, could be K2Node_CommutativeAssociativeBinaryOperator /Game/Blueprints/MessageBoxHUD.MessageBoxHUD:SetUpMessage.K2Node_CommutativeAssociativeBinaryOperator_982 or K2Node_CommutativeAssociativeBinaryOperator /Game/Blueprints/BattleHUD.BattleHUD:MessageBoxExecOnEnd.K2Node_CommutativeAssociativeBinaryOperator_982
[2015.02.05-02.52.08:448][173]LogUObjectHash:Warning: Ambiguous search, could be K2Node_CommutativeAssociativeBinaryOperator /Game/Blueprints/MessageBoxHUD.MessageBoxHUD:SetUpMessage.K2Node_CommutativeAssociativeBinaryOperator_982 or K2Node_CommutativeAssociativeBinaryOperator /Game/Blueprints/BattleHUD.BattleHUD:EventGraph.K2Node_CommutativeAssociativeBinaryOperator_982
[2015.02.05-02.52.08:448][173]LogUObjectHash:Warning: Ambiguous search, could be K2Node_CommutativeAssociativeBinaryOperator /Game/Blueprints/MessageBoxHUD.MessageBoxHUD:SetUpMessage.K2Node_CommutativeAssociativeBinaryOperator_982 or K2Node_CommutativeAssociativeBinaryOperator /Game/Blueprints/MessageBoxHUD.MessageBoxHUD:MessageBoxExecOnEnd.K2Node_CommutativeAssociativeBinaryOperator_982
[2015.02.05-02.52.08:448][173]LogUObjectHash:Warning: Ambiguous search, could be K2Node_CommutativeAssociativeBinaryOperator /Game/Blueprints/MessageBoxHUD.MessageBoxHUD:SetUpMessage.K2Node_CommutativeAssociativeBinaryOperator_982 or K2Node_CommutativeAssociativeBinaryOperator /Game/Blueprints/MessageBoxHUD.MessageBoxHUD:EventGraph.K2Node_CommutativeAssociativeBinaryOperator_982
[2015.02.05-02.52.08:448][173]LogUObjectHash:Warning: Ambiguous search, could be K2Node_CommutativeAssociativeBinaryOperator /Game/Blueprints/MessageBoxHUD.MessageBoxHUD:SetUpMessage.K2Node_CommutativeAssociativeBinaryOperator_982 or K2Node_CommutativeAssociativeBinaryOperator /Game/Blueprints/BattleHUD.BattleHUD:MessageBoxExecOnEnd.K2Node_CommutativeAssociativeBinaryOperator_982
[2015.02.05-02.52.08:448][173]LogUObjectHash:Warning: Ambiguous search, could be K2Node_CommutativeAssociativeBinaryOperator /Game/Blueprints/MessageBoxHUD.MessageBoxHUD:SetUpMessage.K2Node_CommutativeAssociativeBinaryOperator_982 or K2Node_CommutativeAssociativeBinaryOperator /Game/Blueprints/BattleHUD.BattleHUD:EventGraph.K2Node_CommutativeAssociativeBinaryOperator_982
[2015.02.05-02.52.08:448][173]LogUObjectHash:Warning: Ambiguous search, could be K2Node_CommutativeAssociativeBinaryOperator /Game/Blueprints/MessageBoxHUD.MessageBoxHUD:SetUpMessage.K2Node_CommutativeAssociativeBinaryOperator_982 or K2Node_CommutativeAssociativeBinaryOperator /Game/Blueprints/MessageBoxHUD.MessageBoxHUD:MessageBoxExecOnEnd.K2Node_CommutativeAssociativeBinaryOperator_982
[2015.02.05-02.52.08:448][173]LogUObjectHash:Warning: Ambiguous search, could be K2Node_CommutativeAssociativeBinaryOperator /Game/Blueprints/MessageBoxHUD.MessageBoxHUD:SetUpMessage.K2Node_CommutativeAssociativeBinaryOperator_982 or K2Node_CommutativeAssociativeBinaryOperator /Game/Blueprints/MessageBoxHUD.MessageBoxHUD:EventGraph.K2Node_CommutativeAssociativeBinaryOperator_982
[2015.02.05-02.52.08:449][173]LogUObjectHash:Warning: Ambiguous search, could be K2Node_VariableSet /Game/Blueprints/MessageBoxHUD.MessageBoxHUD:SetUpMessage.K2Node_VariableSet_6400 or K2Node_VariableSet /Game/Blueprints/BattleHUD.BattleHUD:MessageBoxExecOnEnd.K2Node_VariableSet_6400
[2015.02.05-02.52.08:449][173]LogUObjectHash:Warning: Ambiguous search, could be K2Node_VariableSet /Game/Blueprints/MessageBoxHUD.MessageBoxHUD:SetUpMessage.K2Node_VariableSet_6400 or K2Node_VariableSet /Game/Blueprints/BattleHUD.BattleHUD:EventGraph.K2Node_VariableSet_6400
[2015.02.05-02.52.08:449][173]LogUObjectHash:Warning: Ambiguous search, could be K2Node_VariableSet /Game/Blueprints/MessageBoxHUD.MessageBoxHUD:SetUpMessage.K2Node_VariableSet_6400 or K2Node_VariableSet /Game/Blueprints/MessageBoxHUD.MessageBoxHUD:MessageBoxExecOnEnd.K2Node_VariableSet_6400
[2015.02.05-02.52.08:449][173]LogUObjectHash:Warning: Ambiguous search, could be K2Node_VariableSet /Game/Blueprints/MessageBoxHUD.MessageBoxHUD:SetUpMessage.K2Node_VariableSet_6400 or K2Node_VariableSet /Game/Blueprints/MessageBoxHUD.MessageBoxHUD:EventGraph.K2Node_VariableSet_6400
[2015.02.05-02.52.08:449][173]LogUObjectHash:Warning: Ambiguous search, could be K2Node_IfThenElse /Game/Blueprints/MessageBoxHUD.MessageBoxHUD:SetUpMessage.K2Node_IfThenElse_2040 or K2Node_IfThenElse /Game/Blueprints/BattleHUD.BattleHUD:MessageBoxExecOnEnd.K2Node_IfThenElse_2040
[2015.02.05-02.52.08:449][173]LogUObjectHash:Warning: Ambiguous search, could be K2Node_IfThenElse /Game/Blueprints/MessageBoxHUD.MessageBoxHUD:SetUpMessage.K2Node_IfThenElse_2040 or K2Node_IfThenElse /Game/Blueprints/BattleHUD.BattleHUD:EventGraph.K2Node_IfThenElse_2040
[2015.02.05-02.52.08:449][173]LogUObjectHash:Warning: Ambiguous search, could be K2Node_IfThenElse /Game/Blueprints/MessageBoxHUD.MessageBoxHUD:SetUpMessage.K2Node_IfThenElse_2040 or K2Node_IfThenElse /Game/Blueprints/MessageBoxHUD.MessageBoxHUD:MessageBoxExecOnEnd.K2Node_IfThenElse_2040
[2015.02.05-02.52.08:449][173]LogUObjectHash:Warning: Ambiguous search, could be K2Node_IfThenElse /Game/Blueprints/MessageBoxHUD.MessageBoxHUD:SetUpMessage.K2Node_IfThenElse_2040 or K2Node_IfThenElse /Game/Blueprints/MessageBoxHUD.MessageBoxHUD:EventGraph.K2Node_IfThenElse_2040
[2015.02.05-02.52.08:450][173]LogUObjectHash:Warning: Ambiguous search, could be K2Node_CallFunction /Game/Blueprints/MessageBoxHUD.MessageBoxHUD:SetUpMessage.K2Node_CallFunction_12392 or K2Node_CallFunction /Game/Blueprints/BattleHUD.BattleHUD:MessageBoxExecOnEnd.K2Node_CallFunction_12392
[2015.02.05-02.52.08:450][173]LogUObjectHash:Warning: Ambiguous search, could be K2Node_CallFunction /Game/Blueprints/MessageBoxHUD.MessageBoxHUD:SetUpMessage.K2Node_CallFunction_12392 or K2Node_CallFunction /Game/Blueprints/BattleHUD.BattleHUD:EventGraph.K2Node_CallFunction_12392
[2015.02.05-02.52.08:450][173]LogUObjectHash:Warning: Ambiguous search, could be K2Node_CallFunction /Game/Blueprints/MessageBoxHUD.MessageBoxHUD:SetUpMessage.K2Node_CallFunction_12392 or K2Node_CallFunction /Game/Blueprints/MessageBoxHUD.MessageBoxHUD:MessageBoxExecOnEnd.K2Node_CallFunction_12392
[2015.02.05-02.52.08:450][173]LogUObjectHash:Warning: Ambiguous search, could be K2Node_CallFunction /Game/Blueprints/MessageBoxHUD.MessageBoxHUD:SetUpMessage.K2Node_CallFunction_12392 or K2Node_CallFunction /Game/Blueprints/MessageBoxHUD.MessageBoxHUD:EventGraph.K2Node_CallFunction_12392
[2015.02.05-02.52.08:450][173]LogUObjectHash:Warning: Ambiguous search, could be K2Node_VariableGet /Game/Blueprints/MessageBoxHUD.MessageBoxHUD:SetUpMessage.K2Node_VariableGet_8478 or K2Node_VariableGet /Game/Blueprints/BattleHUD.BattleHUD:MessageBoxExecOnEnd.K2Node_VariableGet_8478
[2015.02.05-02.52.08:450][173]LogUObjectHash:Warning: Ambiguous search, could be K2Node_VariableGet /Game/Blueprints/MessageBoxHUD.MessageBoxHUD:SetUpMessage.K2Node_VariableGet_8478 or K2Node_VariableGet /Game/Blueprints/BattleHUD.BattleHUD:EventGraph.K2Node_VariableGet_8478
[2015.02.05-02.52.08:450][173]LogUObjectHash:Warning: Ambiguous search, could be K2Node_VariableGet /Game/Blueprints/MessageBoxHUD.MessageBoxHUD:SetUpMessage.K2Node_VariableGet_8478 or K2Node_VariableGet /Game/Blueprints/MessageBoxHUD.MessageBoxHUD:MessageBoxExecOnEnd.K2Node_VariableGet_8478
[2015.02.05-02.52.08:450][173]LogUObjectHash:Warning: Ambiguous search, could be K2Node_VariableGet /Game/Blueprints/MessageBoxHUD.MessageBoxHUD:SetUpMessage.K2Node_VariableGet_8478 or K2Node_VariableGet /Game/Blueprints/MessageBoxHUD.MessageBoxHUD:EventGraph.K2Node_VariableGet_8478
[2015.02.05-02.52.08:450][173]LogUObjectHash:Warning: Ambiguous search, could be K2Node_IfThenElse /Game/Blueprints/MessageBoxHUD.MessageBoxHUD:SetUpMessage.K2Node_IfThenElse_2040 or K2Node_IfThenElse /Game/Blueprints/BattleHUD.BattleHUD:MessageBoxExecOnEnd.K2Node_IfThenElse_2040
[2015.02.05-02.52.08:450][173]LogUObjectHash:Warning: Ambiguous search, could be K2Node_IfThenElse /Game/Blueprints/MessageBoxHUD.MessageBoxHUD:SetUpMessage.K2Node_IfThenElse_2040 or K2Node_IfThenElse /Game/Blueprints/BattleHUD.BattleHUD:EventGraph.K2Node_IfThenElse_2040
[2015.02.05-02.52.08:450][173]LogUObjectHash:Warning: Ambiguous search, could be K2Node_IfThenElse /Game/Blueprints/MessageBoxHUD.MessageBoxHUD:SetUpMessage.K2Node_IfThenElse_2040 or K2Node_IfThenElse /Game/Blueprints/MessageBoxHUD.MessageBoxHUD:MessageBoxExecOnEnd.K2Node_IfThenElse_2040
[2015.02.05-02.52.08:450][173]LogUObjectHash:Warning: Ambiguous search, could be K2Node_IfThenElse /Game/Blueprints/MessageBoxHUD.MessageBoxHUD:SetUpMessage.K2Node_IfThenElse_2040 or K2Node_IfThenElse /Game/Blueprints/MessageBoxHUD.MessageBoxHUD:EventGraph.K2Node_IfThenElse_2040
[2015.02.05-02.52.08:451][173]LogUObjectHash:Warning: Ambiguous search, could be K2Node_VariableSet /Game/Blueprints/MessageBoxHUD.MessageBoxHUD:SetUpMessage.K2Node_VariableSet_6657 or K2Node_VariableSet /Game/Blueprints/BattleHUD.BattleHUD:MessageBoxExecOnEnd.K2Node_VariableSet_6657
[2015.02.05-02.52.08:451][173]LogUObjectHash:Warning: Ambiguous search, could be K2Node_VariableSet /Game/Blueprints/MessageBoxHUD.MessageBoxHUD:SetUpMessage.K2Node_VariableSet_6657 or K2Node_VariableSet /Game/Blueprints/BattleHUD.BattleHUD:EventGraph.K2Node_VariableSet_6657
[2015.02.05-02.52.08:451][173]LogUObjectHash:Warning: Ambiguous search, could be K2Node_VariableSet /Game/Blueprints/MessageBoxHUD.MessageBoxHUD:SetUpMessage.K2Node_VariableSet_6657 or K2Node_VariableSet /Game/Blueprints/MessageBoxHUD.MessageBoxHUD:MessageBoxExecOnEnd.K2Node_VariableSet_6657
[2015.02.05-02.52.08:451][173]LogUObjectHash:Warning: Ambiguous search, could be K2Node_VariableSet /Game/Blueprints/MessageBoxHUD.MessageBoxHUD:SetUpMessage.K2Node_VariableSet_6657 or K2Node_VariableSet /Game/Blueprints/MessageBoxHUD.MessageBoxHUD:EventGraph.K2Node_VariableSet_6657
[2015.02.05-02.52.08:451][173]LogUObjectHash:Warning: Ambiguous search, could be K2Node_IfThenElse /Game/Blueprints/MessageBoxHUD.MessageBoxHUD:SetUpMessage.K2Node_IfThenElse_2075 or K2Node_IfThenElse /Game/Blueprints/BattleHUD.BattleHUD:MessageBoxExecOnEnd.K2Node_IfThenElse_2075
[2015.02.05-02.52.08:451][173]LogUObjectHash:Warning: Ambiguous search, could be K2Node_IfThenElse /Game/Blueprints/MessageBoxHUD.MessageBoxHUD:SetUpMessage.K2Node_IfThenElse_2075 or K2Node_IfThenElse /Game/Blueprints/BattleHUD.BattleHUD:EventGraph.K2Node_IfThenElse_2075
[2015.02.05-02.52.08:451][173]LogUObjectHash:Warning: Ambiguous search, could be K2Node_IfThenElse /Game/Blueprints/MessageBoxHUD.MessageBoxHUD:SetUpMessage.K2Node_IfThenElse_2075 or K2Node_IfThenElse /Game/Blueprints/MessageBoxHUD.MessageBoxHUD:MessageBoxExecOnEnd.K2Node_IfThenElse_2075
[2015.02.05-02.52.08:451][173]LogUObjectHash:Warning: Ambiguous search, could be K2Node_IfThenElse /Game/Blueprints/MessageBoxHUD.MessageBoxHUD:SetUpMessage.K2Node_IfThenElse_2075 or K2Node_IfThenElse /Game/Blueprints/MessageBoxHUD.MessageBoxHUD:EventGraph.K2Node_IfThenElse_2075
[2015.02.05-02.52.08:451][173]LogUObjectHash:Warning: Ambiguous search, could be K2Node_CallFunction /Game/Blueprints/MessageBoxHUD.MessageBoxHUD:SetUpMessage.K2Node_CallFunction_12571 or K2Node_CallFunction /Game/Blueprints/BattleHUD.BattleHUD:MessageBoxExecOnEnd.K2Node_CallFunction_12571
[2015.02.05-02.52.08:451][173]LogUObjectHash:Warning: Ambiguous search, could be K2Node_CallFunction /Game/Blueprints/MessageBoxHUD.MessageBoxHUD:SetUpMessage.K2Node_CallFunction_12571 or K2Node_CallFunction /Game/Blueprints/BattleHUD.BattleHUD:EventGraph.K2Node_CallFunction_12571
[2015.02.05-02.52.08:451][173]LogUObjectHash:Warning: Ambiguous search, could be K2Node_CallFunction /Game/Blueprints/MessageBoxHUD.MessageBoxHUD:SetUpMessage.K2Node_CallFunction_12571 or K2Node_CallFunction /Game/Blueprints/MessageBoxHUD.MessageBoxHUD:MessageBoxExecOnEnd.K2Node_CallFunction_12571
[2015.02.05-02.52.08:451][173]LogUObjectHash:Warning: Ambiguous search, could be K2Node_CallFunction /Game/Blueprints/MessageBoxHUD.MessageBoxHUD:SetUpMessage.K2Node_CallFunction_12571 or K2Node_CallFunction /Game/Blueprints/MessageBoxHUD.MessageBoxHUD:EventGraph.K2Node_CallFunction_12571
[2015.02.05-02.52.08:452][173]LogUObjectHash:Warning: Ambiguous search, could be K2Node_VariableSet /Game/Blueprints/MessageBoxHUD.MessageBoxHUD:SetUpMessage.K2Node_VariableSet_6657 or K2Node_VariableSet /Game/Blueprints/BattleHUD.BattleHUD:MessageBoxExecOnEnd.K2Node_VariableSet_6657
[2015.02.05-02.52.08:452][173]LogUObjectHash:Warning: Ambiguous search, could be K2Node_VariableSet /Game/Blueprints/MessageBoxHUD.MessageBoxHUD:SetUpMessage.K2Node_VariableSet_6657 or K2Node_VariableSet /Game/Blueprints/BattleHUD.BattleHUD:EventGraph.K2Node_VariableSet_6657
[2015.02.05-02.52.08:452][173]LogUObjectHash:Warning: Ambiguous search, could be K2Node_VariableSet /Game/Blueprints/MessageBoxHUD.MessageBoxHUD:SetUpMessage.K2Node_VariableSet_6657 or K2Node_VariableSet /Game/Blueprints/MessageBoxHUD.MessageBoxHUD:MessageBoxExecOnEnd.K2Node_VariableSet_6657
[2015.02.05-02.52.08:452][173]LogUObjectHash:Warning: Ambiguous search, could be K2Node_VariableSet /Game/Blueprints/MessageBoxHUD.MessageBoxHUD:SetUpMessage.K2Node_VariableSet_6657 or K2Node_VariableSet /Game/Blueprints/MessageBoxHUD.MessageBoxHUD:EventGraph.K2Node_VariableSet_6657
[2015.02.05-02.52.08:452][173]LogUObjectHash:Warning: Ambiguous search, could be K2Node_CallFunction /Game/Blueprints/MessageBoxHUD.MessageBoxHUD:SetUpMessage.K2Node_CallFunction_12945 or K2Node_CallFunction /Game/Blueprints/BattleHUD.BattleHUD:MessageBoxExecOnEnd.K2Node_CallFunction_12945
[2015.02.05-02.52.08:452][173]LogUObjectHash:Warning: Ambiguous search, could be K2Node_CallFunction /Game/Blueprints/MessageBoxHUD.MessageBoxHUD:SetUpMessage.K2Node_CallFunction_12945 or K2Node_CallFunction /Game/Blueprints/BattleHUD.BattleHUD:EventGraph.K2Node_CallFunction_12945
[2015.02.05-02.52.08:452][173]LogUObjectHash:Warning: Ambiguous search, could be K2Node_CallFunction /Game/Blueprints/MessageBoxHUD.MessageBoxHUD:SetUpMessage.K2Node_CallFunction_12945 or K2Node_CallFunction /Game/Blueprints/MessageBoxHUD.MessageBoxHUD:MessageBoxExecOnEnd.K2Node_CallFunction_12945
[2015.02.05-02.52.08:452][173]LogUObjectHash:Warning: Ambiguous search, could be K2Node_CallFunction /Game/Blueprints/MessageBoxHUD.MessageBoxHUD:SetUpMessage.K2Node_CallFunction_12945 or K2Node_CallFunction /Game/Blueprints/MessageBoxHUD.MessageBoxHUD:EventGraph.K2Node_CallFunction_12945
[2015.02.05-02.52.08:452][173]LogUObjectHash:Warning: Ambiguous search, could be K2Node_CommutativeAssociativeBinaryOperator /Game/Blueprints/MessageBoxHUD.MessageBoxHUD:SetUpMessage.K2Node_CommutativeAssociativeBinaryOperator_1034 or K2Node_CommutativeAssociativeBinaryOperator /Game/Blueprints/BattleHUD.BattleHUD:MessageBoxExecOnEnd.K2Node_CommutativeAssociativeBinaryOperator_1034
[2015.02.05-02.52.08:452][173]LogUObjectHash:Warning: Ambiguous search, could be K2Node_CommutativeAssociativeBinaryOperator /Game/Blueprints/MessageBoxHUD.MessageBoxHUD:SetUpMessage.K2Node_CommutativeAssociativeBinaryOperator_1034 or K2Node_CommutativeAssociativeBinaryOperator /Game/Blueprints/BattleHUD.BattleHUD:EventGraph.K2Node_CommutativeAssociativeBinaryOperator_1034
[2015.02.05-02.52.08:453][173]LogUObjectHash:Warning: Ambiguous search, could be K2Node_CommutativeAssociativeBinaryOperator /Game/Blueprints/MessageBoxHUD.MessageBoxHUD:SetUpMessage.K2Node_CommutativeAssociativeBinaryOperator_1034 or K2Node_CommutativeAssociativeBinaryOperator /Game/Blueprints/MessageBoxHUD.MessageBoxHUD:MessageBoxExecOnEnd.K2Node_CommutativeAssociativeBinaryOperator_1034
[2015.02.05-02.52.08:453][173]LogUObjectHash:Warning: Ambiguous search, could be K2Node_CommutativeAssociativeBinaryOperator /Game/Blueprints/MessageBoxHUD.MessageBoxHUD:SetUpMessage.K2Node_CommutativeAssociativeBinaryOperator_1034 or K2Node_CommutativeAssociativeBinaryOperator /Game/Blueprints/MessageBoxHUD.MessageBoxHUD:EventGraph.K2Node_CommutativeAssociativeBinaryOperator_1034
[2015.02.05-02.52.08:453][173]LogUObjectHash:Warning: Ambiguous search, could be K2Node_IfThenElse /Game/Blueprints/MessageBoxHUD.MessageBoxHUD:SetUpMessage.K2Node_IfThenElse_2075 or K2Node_IfThenElse /Game/Blueprints/BattleHUD.BattleHUD:MessageBoxExecOnEnd.K2Node_IfThenElse_2075
[2015.02.05-02.52.08:453][173]LogUObjectHash:Warning: Ambiguous search, could be K2Node_IfThenElse /Game/Blueprints/MessageBoxHUD.MessageBoxHUD:SetUpMessage.K2Node_IfThenElse_2075 or K2Node_IfThenElse /Game/Blueprints/BattleHUD.BattleHUD:EventGraph.K2Node_IfThenElse_2075
[2015.02.05-02.52.08:453][173]LogUObjectHash:Warning: Ambiguous search, could be K2Node_IfThenElse /Game/Blueprints/MessageBoxHUD.MessageBoxHUD:SetUpMessage.K2Node_IfThenElse_2075 or K2Node_IfThenElse /Game/Blueprints/MessageBoxHUD.MessageBoxHUD:MessageBoxExecOnEnd.K2Node_IfThenElse_2075
[2015.02.05-02.52.08:453][173]LogUObjectHash:Warning: Ambiguous search, could be K2Node_IfThenElse /Game/Blueprints/MessageBoxHUD.MessageBoxHUD:SetUpMessage.K2Node_IfThenElse_2075 or K2Node_IfThenElse /Game/Blueprints/MessageBoxHUD.MessageBoxHUD:EventGraph.K2Node_IfThenElse_2075
[2015.02.05-02.52.08:453][173]LogUObjectHash:Warning: Ambiguous search, could be K2Node_VariableGet /Game/Blueprints/MessageBoxHUD.MessageBoxHUD:SetUpMessage.K2Node_VariableGet_15665 or K2Node_VariableGet /Game/Blueprints/BattleHUD.BattleHUD:MessageBoxExecOnEnd.K2Node_VariableGet_15665
[2015.02.05-02.52.08:453][173]LogUObjectHash:Warning: Ambiguous search, could be K2Node_VariableGet /Game/Blueprints/MessageBoxHUD.MessageBoxHUD:SetUpMessage.K2Node_VariableGet_15665 or K2Node_VariableGet /Game/Blueprints/BattleHUD.BattleHUD:EventGraph.K2Node_VariableGet_15665
[2015.02.05-02.52.08:453][173]LogUObjectHash:Warning: Ambiguous search, could be K2Node_VariableGet /Game/Blueprints/MessageBoxHUD.MessageBoxHUD:SetUpMessage.K2Node_VariableGet_15665 or K2Node_VariableGet /Game/Blueprints/MessageBoxHUD.MessageBoxHUD:MessageBoxExecOnEnd.K2Node_VariableGet_15665
[2015.02.05-02.52.08:453][173]LogUObjectHash:Warning: Ambiguous search, could be K2Node_VariableGet /Game/Blueprints/MessageBoxHUD.MessageBoxHUD:SetUpMessage.K2Node_VariableGet_15665 or K2Node_VariableGet /Game/Blueprints/MessageBoxHUD.MessageBoxHUD:EventGraph.K2Node_VariableGet_15665
[2015.02.05-02.52.08:453][173]LogUObjectHash:Warning: Ambiguous search, could be K2Node_VariableSet /Game/Blueprints/MessageBoxHUD.MessageBoxHUD:SetUpMessage.K2Node_VariableSet_6917 or K2Node_VariableSet /Game/Blueprints/BattleHUD.BattleHUD:MessageBoxExecOnEnd.K2Node_VariableSet_6917
[2015.02.05-02.52.08:453][173]LogUObjectHash:Warning: Ambiguous search, could be K2Node_VariableSet /Game/Blueprints/MessageBoxHUD.MessageBoxHUD:SetUpMessage.K2Node_VariableSet_6917 or K2Node_VariableSet /Game/Blueprints/BattleHUD.BattleHUD:EventGraph.K2Node_VariableSet_6917
[2015.02.05-02.52.08:453][173]LogUObjectHash:Warning: Ambiguous search, could be K2Node_VariableSet /Game/Blueprints/MessageBoxHUD.MessageBoxHUD:SetUpMessage.K2Node_VariableSet_6917 or K2Node_VariableSet /Game/Blueprints/MessageBoxHUD.MessageBoxHUD:MessageBoxExecOnEnd.K2Node_VariableSet_6917
[2015.02.05-02.52.08:453][173]LogUObjectHash:Warning: Ambiguous search, could be K2Node_VariableSet /Game/Blueprints/MessageBoxHUD.MessageBoxHUD:SetUpMessage.K2Node_VariableSet_6917 or K2Node_VariableSet /Game/Blueprints/MessageBoxHUD.MessageBoxHUD:EventGraph.K2Node_VariableSet_6917
[2015.02.05-02.52.08:454][173]LogUObjectHash:Warning: Ambiguous search, could be K2Node_IfThenElse /Game/Blueprints/MessageBoxHUD.MessageBoxHUD:SetUpMessage.K2Node_IfThenElse_2112 or K2Node_IfThenElse /Game/Blueprints/BattleHUD.BattleHUD:MessageBoxExecOnEnd.K2Node_IfThenElse_2112
[2015.02.05-02.52.08:454][173]LogUObjectHash:Warning: Ambiguous search, could be K2Node_IfThenElse /Game/Blueprints/MessageBoxHUD.MessageBoxHUD:SetUpMessage.K2Node_IfThenElse_2112 or K2Node_IfThenElse /Game/Blueprints/BattleHUD.BattleHUD:EventGraph.K2Node_IfThenElse_2112
[2015.02.05-02.52.08:454][173]LogUObjectHash:Warning: Ambiguous search, could be K2Node_IfThenElse /Game/Blueprints/MessageBoxHUD.MessageBoxHUD:SetUpMessage.K2Node_IfThenElse_2112 or K2Node_IfThenElse /Game/Blueprints/MessageBoxHUD.MessageBoxHUD:MessageBoxExecOnEnd.K2Node_IfThenElse_2112
[2015.02.05-02.52.08:454][173]LogUObjectHash:Warning: Ambiguous search, could be K2Node_IfThenElse /Game/Blueprints/MessageBoxHUD.MessageBoxHUD:SetUpMessage.K2Node_IfThenElse_2112 or K2Node_IfThenElse /Game/Blueprints/MessageBoxHUD.MessageBoxHUD:EventGraph.K2Node_IfThenElse_2112
[2015.02.05-02.52.08:454][173]LogUObjectHash:Warning: Ambiguous search, could be K2Node_CallFunction /Game/Blueprints/MessageBoxHUD.MessageBoxHUD:SetUpMessage.K2Node_CallFunction_12751 or K2Node_CallFunction /Game/Blueprints/BattleHUD.BattleHUD:MessageBoxExecOnEnd.K2Node_CallFunction_12751
[2015.02.05-02.52.08:454][173]LogUObjectHash:Warning: Ambiguous search, could be K2Node_CallFunction /Game/Blueprints/MessageBoxHUD.MessageBoxHUD:SetUpMessage.K2Node_CallFunction_12751 or K2Node_CallFunction /Game/Blueprints/BattleHUD.BattleHUD:EventGraph.K2Node_CallFunction_12751
[2015.02.05-02.52.08:454][173]LogUObjectHash:Warning: Ambiguous search, could be K2Node_CallFunction /Game/Blueprints/MessageBoxHUD.MessageBoxHUD:SetUpMessage.K2Node_CallFunction_12751 or K2Node_CallFunction /Game/Blueprints/MessageBoxHUD.MessageBoxHUD:MessageBoxExecOnEnd.K2Node_CallFunction_12751
[2015.02.05-02.52.08:454][173]LogUObjectHash:Warning: Ambiguous search, could be K2Node_CallFunction /Game/Blueprints/MessageBoxHUD.MessageBoxHUD:SetUpMessage.K2Node_CallFunction_12751 or K2Node_CallFunction /Game/Blueprints/MessageBoxHUD.MessageBoxHUD:EventGraph.K2Node_CallFunction_12751
[2015.02.05-02.52.08:454][173]LogUObjectHash:Warning: Ambiguous search, could be K2Node_VariableSet /Game/Blueprints/MessageBoxHUD.MessageBoxHUD:SetUpMessage.K2Node_VariableSet_7153 or K2Node_VariableSet /Game/Blueprints/BattleHUD.BattleHUD:MessageBoxExecOnEnd.K2Node_VariableSet_7153
[2015.02.05-02.52.08:454][173]LogUObjectHash:Warning: Ambiguous search, could be K2Node_VariableSet /Game/Blueprints/MessageBoxHUD.MessageBoxHUD:SetUpMessage.K2Node_VariableSet_7153 or K2Node_VariableSet /Game/Blueprints/BattleHUD.BattleHUD:EventGraph.K2Node_VariableSet_7153
[2015.02.05-02.52.08:454][173]LogUObjectHash:Warning: Ambiguous search, could be K2Node_VariableSet /Game/Blueprints/MessageBoxHUD.MessageBoxHUD:SetUpMessage.K2Node_VariableSet_7153 or K2Node_VariableSet /Game/Blueprints/MessageBoxHUD.MessageBoxHUD:MessageBoxExecOnEnd.K2Node_VariableSet_7153
[2015.02.05-02.52.08:454][173]LogUObjectHash:Warning: Ambiguous search, could be K2Node_VariableSet /Game/Blueprints/MessageBoxHUD.MessageBoxHUD:SetUpMessage.K2Node_VariableSet_7153 or K2Node_VariableSet /Game/Blueprints/MessageBoxHUD.MessageBoxHUD:EventGraph.K2Node_VariableSet_7153
[2015.02.05-02.52.08:454][173]LogUObjectHash:Warning: Ambiguous search, could be K2Node_VariableSet /Game/Blueprints/MessageBoxHUD.MessageBoxHUD:SetUpMessage.K2Node_VariableSet_7154 or K2Node_VariableSet /Game/Blueprints/BattleHUD.BattleHUD:MessageBoxExecOnEnd.K2Node_VariableSet_7154
[2015.02.05-02.52.08:454][173]LogUObjectHash:Warning: Ambiguous search, could be K2Node_VariableSet /Game/Blueprints/MessageBoxHUD.MessageBoxHUD:SetUpMessage.K2Node_VariableSet_7154 or K2Node_VariableSet /Game/Blueprints/BattleHUD.BattleHUD:EventGraph.K2Node_VariableSet_7154
[2015.02.05-02.52.08:454][173]LogUObjectHash:Warning: Ambiguous search, could be K2Node_VariableSet /Game/Blueprints/MessageBoxHUD.MessageBoxHUD:SetUpMessage.K2Node_VariableSet_7154 or K2Node_VariableSet /Game/Blueprints/MessageBoxHUD.MessageBoxHUD:MessageBoxExecOnEnd.K2Node_VariableSet_7154
[2015.02.05-02.52.08:454][173]LogUObjectHash:Warning: Ambiguous search, could be K2Node_VariableSet /Game/Blueprints/MessageBoxHUD.MessageBoxHUD:SetUpMessage.K2Node_VariableSet_7154 or K2Node_VariableSet /Game/Blueprints/MessageBoxHUD.MessageBoxHUD:EventGraph.K2Node_VariableSet_7154
[2015.02.05-02.52.08:454][173]LogUObjectHash:Warning: Ambiguous search, could be K2Node_CallFunction /Game/Blueprints/MessageBoxHUD.MessageBoxHUD:SetUpMessage.K2Node_CallFunction_12751 or K2Node_CallFunction /Game/Blueprints/BattleHUD.BattleHUD:MessageBoxExecOnEnd.K2Node_CallFunction_12751
[2015.02.05-02.52.08:454][173]LogUObjectHash:Warning: Ambiguous search, could be K2Node_CallFunction /Game/Blueprints/MessageBoxHUD.MessageBoxHUD:SetUpMessage.K2Node_CallFunction_12751 or K2Node_CallFunction /Game/Blueprints/BattleHUD.BattleHUD:EventGraph.K2Node_CallFunction_12751
[2015.02.05-02.52.08:454][173]LogUObjectHash:Warning: Ambiguous search, could be K2Node_CallFunction /Game/Blueprints/MessageBoxHUD.MessageBoxHUD:SetUpMessage.K2Node_CallFunction_12751 or K2Node_CallFunction /Game/Blueprints/MessageBoxHUD.MessageBoxHUD:MessageBoxExecOnEnd.K2Node_CallFunction_12751
[2015.02.05-02.52.08:454][173]LogUObjectHash:Warning: Ambiguous search, could be K2Node_CallFunction /Game/Blueprints/MessageBoxHUD.MessageBoxHUD:SetUpMessage.K2Node_CallFunction_12751 or K2Node_CallFunction /Game/Blueprints/MessageBoxHUD.MessageBoxHUD:EventGraph.K2Node_CallFunction_12751
[2015.02.05-02.52.08:455][173]LogUObjectHash:Warning: Ambiguous search, could be K2Node_CallFunction /Game/Blueprints/MessageBoxHUD.MessageBoxHUD:SetUpMessage.K2Node_CallFunction_12946 or K2Node_CallFunction /Game/Blueprints/BattleHUD.BattleHUD:MessageBoxExecOnEnd.K2Node_CallFunction_12946
[2015.02.05-02.52.08:455][173]LogUObjectHash:Warning: Ambiguous search, could be K2Node_CallFunction /Game/Blueprints/MessageBoxHUD.MessageBoxHUD:SetUpMessage.K2Node_CallFunction_12946 or K2Node_CallFunction /Game/Blueprints/BattleHUD.BattleHUD:EventGraph.K2Node_CallFunction_12946
[2015.02.05-02.52.08:455][173]LogUObjectHash:Warning: Ambiguous search, could be K2Node_CallFunction /Game/Blueprints/MessageBoxHUD.MessageBoxHUD:SetUpMessage.K2Node_CallFunction_12946 or K2Node_CallFunction /Game/Blueprints/MessageBoxHUD.MessageBoxHUD:MessageBoxExecOnEnd.K2Node_CallFunction_12946
[2015.02.05-02.52.08:455][173]LogUObjectHash:Warning: Ambiguous search, could be K2Node_CallFunction /Game/Blueprints/MessageBoxHUD.MessageBoxHUD:SetUpMessage.K2Node_CallFunction_12946 or K2Node_CallFunction /Game/Blueprints/MessageBoxHUD.MessageBoxHUD:EventGraph.K2Node_CallFunction_12946
[2015.02.05-02.52.08:455][173]LogUObjectHash:Warning: Ambiguous search, could be K2Node_VariableSet /Game/Blueprints/MessageBoxHUD.MessageBoxHUD:SetUpMessage.K2Node_VariableSet_6917 or K2Node_VariableSet /Game/Blueprints/BattleHUD.BattleHUD:MessageBoxExecOnEnd.K2Node_VariableSet_6917
[2015.02.05-02.52.08:455][173]LogUObjectHash:Warning: Ambiguous search, could be K2Node_VariableSet /Game/Blueprints/MessageBoxHUD.MessageBoxHUD:SetUpMessage.K2Node_VariableSet_6917 or K2Node_VariableSet /Game/Blueprints/BattleHUD.BattleHUD:EventGraph.K2Node_VariableSet_6917
[2015.02.05-02.52.08:455][173]LogUObjectHash:Warning: Ambiguous search, could be K2Node_VariableSet /Game/Blueprints/MessageBoxHUD.MessageBoxHUD:SetUpMessage.K2Node_VariableSet_6917 or K2Node_VariableSet /Game/Blueprints/MessageBoxHUD.MessageBoxHUD:MessageBoxExecOnEnd.K2Node_VariableSet_6917
[2015.02.05-02.52.08:455][173]LogUObjectHash:Warning: Ambiguous search, could be K2Node_VariableSet /Game/Blueprints/MessageBoxHUD.MessageBoxHUD:SetUpMessage.K2Node_VariableSet_6917 or K2Node_VariableSet /Game/Blueprints/MessageBoxHUD.MessageBoxHUD:EventGraph.K2Node_VariableSet_6917
[2015.02.05-02.52.08:456][173]LogUObjectHash:Warning: Ambiguous search, could be K2Node_CallFunction /Game/Blueprints/MessageBoxHUD.MessageBoxHUD:SetUpMessage.K2Node_CallFunction_13318 or K2Node_CallFunction /Game/Blueprints/BattleHUD.BattleHUD:MessageBoxExecOnEnd.K2Node_CallFunction_13318
[2015.02.05-02.52.08:456][173]LogUObjectHash:Warning: Ambiguous search, could be K2Node_CallFunction /Game/Blueprints/MessageBoxHUD.MessageBoxHUD:SetUpMessage.K2Node_CallFunction_13318 or K2Node_CallFunction /Game/Blueprints/BattleHUD.BattleHUD:EventGraph.K2Node_CallFunction_13318
[2015.02.05-02.52.08:456][173]LogUObjectHash:Warning: Ambiguous search, could be K2Node_CallFunction /Game/Blueprints/MessageBoxHUD.MessageBoxHUD:SetUpMessage.K2Node_CallFunction_13318 or K2Node_CallFunction /Game/Blueprints/MessageBoxHUD.MessageBoxHUD:MessageBoxExecOnEnd.K2Node_CallFunction_13318
[2015.02.05-02.52.08:456][173]LogUObjectHash:Warning: Ambiguous search, could be K2Node_CallFunction /Game/Blueprints/MessageBoxHUD.MessageBoxHUD:SetUpMessage.K2Node_CallFunction_13318 or K2Node_CallFunction /Game/Blueprints/MessageBoxHUD.MessageBoxHUD:EventGraph.K2Node_CallFunction_13318
[2015.02.05-02.52.08:457][173]LogUObjectHash:Warning: Ambiguous search, could be K2Node_VariableSet /Game/Blueprints/MessageBoxHUD.MessageBoxHUD:SetUpMessage.K2Node_VariableSet_7153 or K2Node_VariableSet /Game/Blueprints/BattleHUD.BattleHUD:MessageBoxExecOnEnd.K2Node_VariableSet_7153
[2015.02.05-02.52.08:457][173]LogUObjectHash:Warning: Ambiguous search, could be K2Node_VariableSet /Game/Blueprints/MessageBoxHUD.MessageBoxHUD:SetUpMessage.K2Node_VariableSet_7153 or K2Node_VariableSet /Game/Blueprints/BattleHUD.BattleHUD:EventGraph.K2Node_VariableSet_7153
[2015.02.05-02.52.08:457][173]LogUObjectHash:Warning: Ambiguous search, could be K2Node_VariableSet /Game/Blueprints/MessageBoxHUD.MessageBoxHUD:SetUpMessage.K2Node_VariableSet_7153 or K2Node_VariableSet /Game/Blueprints/MessageBoxHUD.MessageBoxHUD:MessageBoxExecOnEnd.K2Node_VariableSet_7153
[2015.02.05-02.52.08:457][173]LogUObjectHash:Warning: Ambiguous search, could be K2Node_VariableSet /Game/Blueprints/MessageBoxHUD.MessageBoxHUD:SetUpMessage.K2Node_VariableSet_7153 or K2Node_VariableSet /Game/Blueprints/MessageBoxHUD.MessageBoxHUD:EventGraph.K2Node_VariableSet_7153
[2015.02.05-02.52.08:457][173]LogUObjectHash:Warning: Ambiguous search, could be K2Node_IfThenElse /Game/Blueprints/MessageBoxHUD.MessageBoxHUD:SetUpMessage.K2Node_IfThenElse_3138 or K2Node_IfThenElse /Game/Blueprints/BattleHUD.BattleHUD:MessageBoxExecOnEnd.K2Node_IfThenElse_3138
[2015.02.05-02.52.08:457][173]LogUObjectHash:Warning: Ambiguous search, could be K2Node_IfThenElse /Game/Blueprints/MessageBoxHUD.MessageBoxHUD:SetUpMessage.K2Node_IfThenElse_3138 or K2Node_IfThenElse /Game/Blueprints/BattleHUD.BattleHUD:EventGraph.K2Node_IfThenElse_3138
[2015.02.05-02.52.08:458][173]LogUObjectHash:Warning: Ambiguous search, could be K2Node_IfThenElse /Game/Blueprints/MessageBoxHUD.MessageBoxHUD:SetUpMessage.K2Node_IfThenElse_3138 or K2Node_IfThenElse /Game/Blueprints/MessageBoxHUD.MessageBoxHUD:MessageBoxExecOnEnd.K2Node_IfThenElse_3138
[2015.02.05-02.52.08:458][173]LogUObjectHash:Warning: Ambiguous search, could be K2Node_IfThenElse /Game/Blueprints/MessageBoxHUD.MessageBoxHUD:SetUpMessage.K2Node_IfThenElse_3138 or K2Node_IfThenElse /Game/Blueprints/MessageBoxHUD.MessageBoxHUD:EventGraph.K2Node_IfThenElse_3138
[2015.02.05-02.52.08:458][173]LogUObjectHash:Warning: Ambiguous search, could be K2Node_VariableGet /Game/Blueprints/MessageBoxHUD.MessageBoxHUD:SetUpMessage.K2Node_VariableGet_13535 or K2Node_VariableGet /Game/Blueprints/BattleHUD.BattleHUD:MessageBoxExecOnEnd.K2Node_VariableGet_13535
[2015.02.05-02.52.08:458][173]LogUObjectHash:Warning: Ambiguous search, could be K2Node_VariableGet /Game/Blueprints/MessageBoxHUD.MessageBoxHUD:SetUpMessage.K2Node_VariableGet_13535 or K2Node_VariableGet /Game/Blueprints/BattleHUD.BattleHUD:EventGraph.K2Node_VariableGet_13535
[2015.02.05-02.52.08:458][173]LogUObjectHash:Warning: Ambiguous search, could be K2Node_VariableGet /Game/Blueprints/MessageBoxHUD.MessageBoxHUD:SetUpMessage.K2Node_VariableGet_13535 or K2Node_VariableGet /Game/Blueprints/MessageBoxHUD.MessageBoxHUD:MessageBoxExecOnEnd.K2Node_VariableGet_13535
[2015.02.05-02.52.08:458][173]LogUObjectHash:Warning: Ambiguous search, could be K2Node_VariableGet /Game/Blueprints/MessageBoxHUD.MessageBoxHUD:SetUpMessage.K2Node_VariableGet_13535 or K2Node_VariableGet /Game/Blueprints/MessageBoxHUD.MessageBoxHUD:EventGraph.K2Node_VariableGet_13535
[2015.02.05-02.52.08:459][173]LogUObjectHash:Warning: Ambiguous search, could be K2Node_CommutativeAssociativeBinaryOperator /Game/Blueprints/MessageBoxHUD.MessageBoxHUD:SetUpMessage.K2Node_CommutativeAssociativeBinaryOperator_1019 or K2Node_CommutativeAssociativeBinaryOperator /Game/Blueprints/BattleHUD.BattleHUD:MessageBoxExecOnEnd.K2Node_CommutativeAssociativeBinaryOperator_1019
[2015.02.05-02.52.08:459][173]LogUObjectHash:Warning: Ambiguous search, could be K2Node_CommutativeAssociativeBinaryOperator /Game/Blueprints/MessageBoxHUD.MessageBoxHUD:SetUpMessage.K2Node_CommutativeAssociativeBinaryOperator_1019 or K2Node_CommutativeAssociativeBinaryOperator /Game/Blueprints/BattleHUD.BattleHUD:EventGraph.K2Node_CommutativeAssociativeBinaryOperator_1019
[2015.02.05-02.52.08:459][173]LogUObjectHash:Warning: Ambiguous search, could be K2Node_CommutativeAssociativeBinaryOperator /Game/Blueprints/MessageBoxHUD.MessageBoxHUD:SetUpMessage.K2Node_CommutativeAssociativeBinaryOperator_1019 or K2Node_CommutativeAssociativeBinaryOperator /Game/Blueprints/MessageBoxHUD.MessageBoxHUD:MessageBoxExecOnEnd.K2Node_CommutativeAssociativeBinaryOperator_1019
[2015.02.05-02.52.08:459][173]LogUObjectHash:Warning: Ambiguous search, could be K2Node_CommutativeAssociativeBinaryOperator /Game/Blueprints/MessageBoxHUD.MessageBoxHUD:SetUpMessage.K2Node_CommutativeAssociativeBinaryOperator_1019 or K2Node_CommutativeAssociativeBinaryOperator /Game/Blueprints/MessageBoxHUD.MessageBoxHUD:EventGraph.K2Node_CommutativeAssociativeBinaryOperator_1019
[2015.02.05-02.52.08:459][173]LogUObjectHash:Warning: Ambiguous search, could be K2Node_VariableGet /Game/Blueprints/MessageBoxHUD.MessageBoxHUD:SetUpMessage.K2Node_VariableGet_15667 or K2Node_VariableGet /Game/Blueprints/BattleHUD.BattleHUD:MessageBoxExecOnEnd.K2Node_VariableGet_15667
[2015.02.05-02.52.08:459][173]LogUObjectHash:Warning: Ambiguous search, could be K2Node_VariableGet /Game/Blueprints/MessageBoxHUD.MessageBoxHUD:SetUpMessage.K2Node_VariableGet_15667 or K2Node_VariableGet /Game/Blueprints/BattleHUD.BattleHUD:EventGraph.K2Node_VariableGet_15667
[2015.02.05-02.52.08:459][173]LogUObjectHash:Warning: Ambiguous search, could be K2Node_VariableGet /Game/Blueprints/MessageBoxHUD.MessageBoxHUD:SetUpMessage.K2Node_VariableGet_15667 or K2Node_VariableGet /Game/Blueprints/MessageBoxHUD.MessageBoxHUD:MessageBoxExecOnEnd.K2Node_VariableGet_15667
[2015.02.05-02.52.08:459][173]LogUObjectHash:Warning: Ambiguous search, could be K2Node_VariableGet /Game/Blueprints/MessageBoxHUD.MessageBoxHUD:SetUpMessage.K2Node_VariableGet_15667 or K2Node_VariableGet /Game/Blueprints/MessageBoxHUD.MessageBoxHUD:EventGraph.K2Node_VariableGet_15667
[2015.02.05-02.52.08:459][173]LogUObjectHash:Warning: Ambiguous search, could be K2Node_CallFunction /Game/Blueprints/MessageBoxHUD.MessageBoxHUD:SetUpMessage.K2Node_CallFunction_13319 or K2Node_CallFunction /Game/Blueprints/BattleHUD.BattleHUD:MessageBoxExecOnEnd.K2Node_CallFunction_13319
[2015.02.05-02.52.08:459][173]LogUObjectHash:Warning: Ambiguous search, could be K2Node_CallFunction /Game/Blueprints/MessageBoxHUD.MessageBoxHUD:SetUpMessage.K2Node_CallFunction_13319 or K2Node_CallFunction /Game/Blueprints/BattleHUD.BattleHUD:EventGraph.K2Node_CallFunction_13319
[2015.02.05-02.52.08:459][173]LogUObjectHash:Warning: Ambiguous search, could be K2Node_CallFunction /Game/Blueprints/MessageBoxHUD.MessageBoxHUD:SetUpMessage.K2Node_CallFunction_13319 or K2Node_CallFunction /Game/Blueprints/MessageBoxHUD.MessageBoxHUD:MessageBoxExecOnEnd.K2Node_CallFunction_13319
[2015.02.05-02.52.08:459][173]LogUObjectHash:Warning: Ambiguous search, could be K2Node_CallFunction /Game/Blueprints/MessageBoxHUD.MessageBoxHUD:SetUpMessage.K2Node_CallFunction_13319 or K2Node_CallFunction /Game/Blueprints/MessageBoxHUD.MessageBoxHUD:EventGraph.K2Node_CallFunction_13319
[2015.02.05-02.52.08:460][173]LogUObjectHash:Warning: Ambiguous search, could be K2Node_VariableSet /Game/Blueprints/MessageBoxHUD.MessageBoxHUD:SetUpMessage.K2Node_VariableSet_7154 or K2Node_VariableSet /Game/Blueprints/BattleHUD.BattleHUD:MessageBoxExecOnEnd.K2Node_VariableSet_7154
[2015.02.05-02.52.08:460][173]LogUObjectHash:Warning: Ambiguous search, could be K2Node_VariableSet /Game/Blueprints/MessageBoxHUD.MessageBoxHUD:SetUpMessage.K2Node_VariableSet_7154 or K2Node_VariableSet /Game/Blueprints/BattleHUD.BattleHUD:EventGraph.K2Node_VariableSet_7154
[2015.02.05-02.52.08:460][173]LogUObjectHash:Warning: Ambiguous search, could be K2Node_VariableSet /Game/Blueprints/MessageBoxHUD.MessageBoxHUD:SetUpMessage.K2Node_VariableSet_7154 or K2Node_VariableSet /Game/Blueprints/MessageBoxHUD.MessageBoxHUD:MessageBoxExecOnEnd.K2Node_VariableSet_7154
[2015.02.05-02.52.08:460][173]LogUObjectHash:Warning: Ambiguous search, could be K2Node_VariableSet /Game/Blueprints/MessageBoxHUD.MessageBoxHUD:SetUpMessage.K2Node_VariableSet_7154 or K2Node_VariableSet /Game/Blueprints/MessageBoxHUD.MessageBoxHUD:EventGraph.K2Node_VariableSet_7154
[2015.02.05-02.52.08:461][173]LogUObjectHash:Warning: Ambiguous search, could be K2Node_VariableSet /Game/Blueprints/MessageBoxHUD.MessageBoxHUD:SetUpMessage.K2Node_VariableSet_2461 or K2Node_VariableSet /Game/Blueprints/BattleHUD.BattleHUD:MessageBoxExecOnEnd.K2Node_VariableSet_2461
[2015.02.05-02.52.08:461][173]LogUObjectHash:Warning: Ambiguous search, could be K2Node_VariableSet /Game/Blueprints/MessageBoxHUD.MessageBoxHUD:SetUpMessage.K2Node_VariableSet_2461 or K2Node_VariableSet /Game/Blueprints/BattleHUD.BattleHUD:EventGraph.K2Node_VariableSet_2461
[2015.02.05-02.52.08:461][173]LogUObjectHash:Warning: Ambiguous search, could be K2Node_VariableSet /Game/Blueprints/MessageBoxHUD.MessageBoxHUD:SetUpMessage.K2Node_VariableSet_2461 or K2Node_VariableSet /Game/Blueprints/MessageBoxHUD.MessageBoxHUD:MessageBoxExecOnEnd.K2Node_VariableSet_2461
[2015.02.05-02.52.08:461][173]LogUObjectHash:Warning: Ambiguous search, could be K2Node_VariableSet /Game/Blueprints/MessageBoxHUD.MessageBoxHUD:SetUpMessage.K2Node_VariableSet_2461 or K2Node_VariableSet /Game/Blueprints/MessageBoxHUD.MessageBoxHUD:EventGraph.K2Node_VariableSet_2461
[2015.02.05-02.52.08:461][173]LogUObjectHash:Warning: Ambiguous search, could be K2Node_VariableSet /Game/Blueprints/MessageBoxHUD.MessageBoxHUD:SetUpMessage.K2Node_VariableSet_2463 or K2Node_VariableSet /Game/Blueprints/BattleHUD.BattleHUD:MessageBoxExecOnEnd.K2Node_VariableSet_2463
[2015.02.05-02.52.08:461][173]LogUObjectHash:Warning: Ambiguous search, could be K2Node_VariableSet /Game/Blueprints/MessageBoxHUD.MessageBoxHUD:SetUpMessage.K2Node_VariableSet_2463 or K2Node_VariableSet /Game/Blueprints/BattleHUD.BattleHUD:EventGraph.K2Node_VariableSet_2463
[2015.02.05-02.52.08:461][173]LogUObjectHash:Warning: Ambiguous search, could be K2Node_VariableSet /Game/Blueprints/MessageBoxHUD.MessageBoxHUD:SetUpMessage.K2Node_VariableSet_2463 or K2Node_VariableSet /Game/Blueprints/MessageBoxHUD.MessageBoxHUD:MessageBoxExecOnEnd.K2Node_VariableSet_2463
[2015.02.05-02.52.08:461][173]LogUObjectHash:Warning: Ambiguous search, could be K2Node_VariableSet /Game/Blueprints/MessageBoxHUD.MessageBoxHUD:SetUpMessage.K2Node_VariableSet_2463 or K2Node_VariableSet /Game/Blueprints/MessageBoxHUD.MessageBoxHUD:EventGraph.K2Node_VariableSet_2463
[2015.02.05-02.52.08:461][173]LogUObjectHash:Warning: Ambiguous search, could be K2Node_VariableGet /Game/Blueprints/MessageBoxHUD.MessageBoxHUD:SetUpMessage.K2Node_VariableGet_3235 or K2Node_VariableGet /Game/Blueprints/BattleHUD.BattleHUD:MessageBoxExecOnEnd.K2Node_VariableGet_3235
[2015.02.05-02.52.08:461][173]LogUObjectHash:Warning: Ambiguous search, could be K2Node_VariableGet /Game/Blueprints/MessageBoxHUD.MessageBoxHUD:SetUpMessage.K2Node_VariableGet_3235 or K2Node_VariableGet /Game/Blueprints/BattleHUD.BattleHUD:EventGraph.K2Node_VariableGet_3235
[2015.02.05-02.52.08:461][173]LogUObjectHash:Warning: Ambiguous search, could be K2Node_VariableGet /Game/Blueprints/MessageBoxHUD.MessageBoxHUD:SetUpMessage.K2Node_VariableGet_3235 or K2Node_VariableGet /Game/Blueprints/MessageBoxHUD.MessageBoxHUD:MessageBoxExecOnEnd.K2Node_VariableGet_3235
[2015.02.05-02.52.08:461][173]LogUObjectHash:Warning: Ambiguous search, could be K2Node_VariableGet /Game/Blueprints/MessageBoxHUD.MessageBoxHUD:SetUpMessage.K2Node_VariableGet_3235 or K2Node_VariableGet /Game/Blueprints/MessageBoxHUD.MessageBoxHUD:EventGraph.K2Node_VariableGet_3235
[2015.02.05-02.52.08:461][173]LogUObjectHash:Warning: Ambiguous search, could be K2Node_VariableSet /Game/Blueprints/MessageBoxHUD.MessageBoxHUD:SetUpMessage.K2Node_VariableSet_3826 or K2Node_VariableSet /Game/Blueprints/BattleHUD.BattleHUD:MessageBoxExecOnEnd.K2Node_VariableSet_3826
[2015.02.05-02.52.08:461][173]LogUObjectHash:Warning: Ambiguous search, could be K2Node_VariableSet /Game/Blueprints/MessageBoxHUD.MessageBoxHUD:SetUpMessage.K2Node_VariableSet_3826 or K2Node_VariableSet /Game/Blueprints/BattleHUD.BattleHUD:EventGraph.K2Node_VariableSet_3826
[2015.02.05-02.52.08:461][173]LogUObjectHash:Warning: Ambiguous search, could be K2Node_VariableSet /Game/Blueprints/MessageBoxHUD.MessageBoxHUD:SetUpMessage.K2Node_VariableSet_3826 or K2Node_VariableSet /Game/Blueprints/MessageBoxHUD.MessageBoxHUD:MessageBoxExecOnEnd.K2Node_VariableSet_3826
[2015.02.05-02.52.08:462][173]LogUObjectHash:Warning: Ambiguous search, could be K2Node_VariableSet /Game/Blueprints/MessageBoxHUD.MessageBoxHUD:SetUpMessage.K2Node_VariableSet_3826 or K2Node_VariableSet /Game/Blueprints/MessageBoxHUD.MessageBoxHUD:EventGraph.K2Node_VariableSet_3826
[2015.02.05-02.52.08:462][173]LogUObjectHash:Warning: Ambiguous search, could be K2Node_VariableGet /Game/Blueprints/BattleHUD.BattleHUD:MessageBoxExecOnEnd.K2Node_VariableGet_3237 or K2Node_VariableGet /Game/Blueprints/BattleHUD.BattleHUD:Get_txtDisplay_Text_0.K2Node_VariableGet_3237
[2015.02.05-02.52.08:462][173]LogUObjectHash:Warning: Ambiguous search, could be K2Node_VariableGet /Game/Blueprints/BattleHUD.BattleHUD:MessageBoxExecOnEnd.K2Node_VariableGet_3237 or K2Node_VariableGet /Game/Blueprints/BattleHUD.BattleHUD:EventGraph.K2Node_VariableGet_3237
[2015.02.05-02.52.08:462][173]LogUObjectHash:Warning: Ambiguous search, could be K2Node_VariableGet /Game/Blueprints/BattleHUD.BattleHUD:MessageBoxExecOnEnd.K2Node_VariableGet_3237 or K2Node_VariableGet /Game/Blueprints/MessageBoxHUD.MessageBoxHUD:MessageBoxExecOnEnd.K2Node_VariableGet_3237
[2015.02.05-02.52.08:462][173]LogUObjectHash:Warning: Ambiguous search, could be K2Node_VariableGet /Game/Blueprints/BattleHUD.BattleHUD:MessageBoxExecOnEnd.K2Node_VariableGet_3237 or K2Node_VariableGet /Game/Blueprints/MessageBoxHUD.MessageBoxHUD:EventGraph.K2Node_VariableGet_3237
[2015.02.05-02.52.08:462][173]LogUObjectHash:Warning: Ambiguous search, could be K2Node_CallFunction /Game/Blueprints/BattleHUD.BattleHUD:MessageBoxExecOnEnd.K2Node_CallFunction_11631 or K2Node_CallFunction /Game/Blueprints/MessageBoxHUD.MessageBoxHUD:MessageBoxExecOnEnd.K2Node_CallFunction_11631
[2015.02.05-02.52.08:466][173]LogCrashTracker: 


[2015.02.05-02.52.09:031][173]LogCrashTracker: 


[2015.02.05-02.52.09:031][173]LogWindows: === Critical error: ===
Fatal error!

Unhandled Exception: EXCEPTION_ACCESS_VIOLATION reading address 0x00000028

UE4Editor-BlueprintGraph.dll!UnknownFunction (0x00007ffce12cda9c) + 0 bytes [UnknownFile:0]
UE4Editor-UnrealEd.dll!UnknownFunction (0x00007ffce291815d) + 0 bytes [UnknownFile:0]
UE4Editor-UnrealEd.dll!UnknownFunction (0x00007ffce290c9f0) + 0 bytes [UnknownFile:0]
UE4Editor-Kismet.dll!UnknownFunction (0x00007ffce1e68b5d) + 0 bytes [UnknownFile:0]
UE4Editor-Kismet.dll!UnknownFunction (0x00007ffce1e689ff) + 0 bytes [UnknownFile:0]
UE4Editor-Kismet.dll!UnknownFunction (0x00007ffce1e02651) + 0 bytes [UnknownFile:0]
UE4Editor-Kismet.dll!UnknownFunction (0x00007ffce1e06136) + 0 bytes [UnknownFile:0]
UE4Editor-Slate.dll!UnknownFunction (0x00007ffce85c05d3) + 0 bytes [UnknownFile:0]
UE4Editor-Slate.dll!UnknownFunction (0x00007ffce86098cc) + 0 bytes [UnknownFile:0]
UE4Editor-GraphEditor.dll!UnknownFunction (0x00007ffce0b051cf) + 0 bytes [UnknownFile:0]
UE4Editor-Slate.dll!UnknownFunction (0x00007ffce85a8be2) + 0 bytes [UnknownFile:0]
UE4Editor-Slate.dll!UnknownFunction (0x00007ffce8565f4d) + 0 bytes [UnknownFile:0]
UE4Editor-Slate.dll!UnknownFunction (0x00007ffce856788a) + 0 bytes [UnknownFile:0]
UE4Editor-Slate.dll!UnknownFunction (0x00007ffce860a209) + 0 bytes [UnknownFile:0]
UE4Editor-Slate.dll!UnknownFunction (0x00007ffce85fb0c8) + 0 bytes [UnknownFile:0]
UE4Editor-Core.dll!UnknownFunction (0x00007ffced10e6c4) + 0 bytes [UnknownFile:0]
UE4Editor-Core.dll!UnknownFunction (0x00007ffced0fa1fb) + 0 bytes [UnknownFile:0]
UE4Editor-Core.dll!UnknownFunction (0x00007ffced10fbbb) + 0 bytes [UnknownFile:0]
UE4Editor-Core.dll!UnknownFunction (0x00007ffced0f6cf2) + 0 bytes [UnknownFile:0]
USER32.dll!UnknownFunction (0x00007ffd0da32434) + 0 bytes [UnknownFile:0]
USER32.dll!UnknownFunction (0x00007ffd0da32297) + 0 bytes [UnknownFile:0]
UE4Editor-Core.dll!UnknownFunction (0x00007ffced110076) + 0 bytes [UnknownFile:0]
UE4Editor.exe!FEngineLoop::Tick() (0x00007ff64135cbda) + 8 bytes [d:\buildfarm\buildmachine_++depot+ue4-releases+4.6\engine\source\runtime\launch\private\launchengineloop.cpp:2193]
UE4Editor.exe!GuardedMain() (0x00007ff64135089f) + 0 bytes [d:\buildfarm\buildmachine_++depot+ue4-releases+4.6\engine\source\runtime\launch\private\launch.cpp:131]
UE4Editor.exe!GuardedMainWrapper() (0x00007ff64135090a) + 5 bytes [d:\buildfarm\buildmachine_++depot+ue4-releases+4.6\engine\source\runtime\launch\private\windows\launchwindows.cpp:126]
UE4Editor.exe!WinMain() (0x00007ff64135e3d9) + 17 bytes [d:\buildfarm\buildmachine_++depot+ue4-releases+4.6\engine\source\runtime\launch\private\windows\launchwindows.cpp:202]
UE4Editor.exe!__tmainCRTStartup() (0x00007ff64135f319) + 21 bytes [f:\dd\vctools\crt\crtw32\dllstuff\crtexe.c:618]
KERNEL32.DLL!UnknownFunction (0x00007ffd0df716ad) + 0 bytes [UnknownFile:0]
ntdll.dll!UnknownFunction (0x00007ffd10114409) + 0 bytes [UnknownFile:0]
ntdll.dll!UnknownFunction (0x00007ffd10114409) + 0 bytes [UnknownFile:0]


[2015.02.05-02.52.09:171][173]LogExit: Executing StaticShutdownAfterError
[2015.02.05-02.52.09:175][173]LogWindows: FPlatformMisc::RequestExit(1)
[2015.02.05-02.52.09:176][173]Log file closed, 02/04/15 21:52:09
