Log file open, 01/22/15 15:38:55
LogInit:Display: Running engine for game: KodainaKingdom
LogInit: Version: 4.6.1-2386410+++depot+UE4-Releases+4.6
LogInit: API Version: 2369412
LogInit: Compiled (64-bit): Dec 11 2014 21:31:39
LogInit: Compiled with Visual C++: 18.00.21005.01
LogInit: Build Configuration: Development
LogInit: Branch Name: ++depot+UE4-Releases+4.6
LogInit: Command line:  
LogInit: Base directory: C:/Program Files/Epic Games/4.6/Engine/Binaries/Win64/
LogInit: Rocket: 1
[2015.01.22-20.38.55:950][  0]LogTaskGraph: Started task graph with 3 named threads and 6 total threads.
[2015.01.22-20.38.56:002][  0]LogOnline:Warning: No default platform service specified for OnlineSubsystem
[2015.01.22-20.38.56:347][  0]LogInit: Presizing for 0 objects not considered by GC, pre-allocating 0 bytes.
[2015.01.22-20.38.56:358][  0]LogInit: Object subsystem initialized
[2015.01.22-20.38.56:360][  0]LogConsoleResponse:Warning: Skipping Unknown console variable: 'UIScaleRule = ShortestSide'
[2015.01.22-20.38.56:360][  0]LogConsoleResponse:Warning:   Found in ini file 'C:/Users/Zim/Documents/Unreal Projects/KodainaKingdom/Saved/Config/Windows/Engine.ini', in section '[/Script/Engine.RendererSettings]'
[2015.01.22-20.38.56:360][  0]LogConsoleResponse:Warning: Skipping Unknown console variable: 'UIScaleCurve = (EditorCurveData=(Keys=),ExternalCurve=None)'
[2015.01.22-20.38.56:360][  0]LogConsoleResponse:Warning:   Found in ini file 'C:/Users/Zim/Documents/Unreal Projects/KodainaKingdom/Saved/Config/Windows/Engine.ini', in section '[/Script/Engine.RendererSettings]'
[2015.01.22-20.38.56:360][  0]LogConsoleManager:Warning: Console variable 'r.MSAA.CompositingSampleCount' wasn't set (Priority ProjectSetting < Scalability)
[2015.01.22-20.38.56:361][  0]LogInit: Selected Device Profile: [Windows]
[2015.01.22-20.38.56:361][  0]LogInit: Applying CVar settings loaded from the selected device profile: [Windows]
[2015.01.22-20.38.56:369][  0]LogInit: Computer: SEAN
[2015.01.22-20.38.56:369][  0]LogInit: User: Zim
[2015.01.22-20.38.56:369][  0]LogInit: CPU Page size=4096, Cores=4
[2015.01.22-20.38.56:369][  0]LogInit: High frequency timer resolution =2.338451 MHz
[2015.01.22-20.38.56:369][  0]LogMemory: Memory total: Physical=15.9GB (16GB approx) Virtual=131072.0GB
[2015.01.22-20.38.56:369][  0]LogMemory: Platform Memory Stats for Windows
[2015.01.22-20.38.56:369][  0]LogMemory: Process Physical Memory: 49.21 MB used, 49.21 MB peak
[2015.01.22-20.38.56:369][  0]LogMemory: Process Virtual Memory: 25.12 MB used, 25.12 MB peak
[2015.01.22-20.38.56:369][  0]LogMemory: Physical Memory: 5405.18 MB used, 16331.28 MB total
[2015.01.22-20.38.56:369][  0]LogMemory: Virtual Memory: 275.69 MB used, 134217728.00 MB total
[2015.01.22-20.38.56:403][  0]LogD3D11RHI: Found D3D11 adapter 0: NVIDIA GeForce GT 750M   (Feature Level 11_0)
[2015.01.22-20.38.56:403][  0]LogD3D11RHI: Adapter has 1985MB of dedicated video memory, 0MB of dedicated system memory, and 2048MB of shared system memory, 1 output[s]
[2015.01.22-20.38.56:427][  0]LogD3D11RHI: Found D3D11 adapter 1: NVIDIA GeForce GT 750M   (Feature Level 11_0)
[2015.01.22-20.38.56:427][  0]LogD3D11RHI: Adapter has 1985MB of dedicated video memory, 0MB of dedicated system memory, and 2048MB of shared system memory, 0 output[s]
[2015.01.22-20.38.56:428][  0]LogD3D11RHI: Found D3D11 adapter 2: Microsoft Basic Render Driver (Feature Level 11_0)
[2015.01.22-20.38.56:428][  0]LogD3D11RHI: Adapter has 0MB of dedicated video memory, 0MB of dedicated system memory, and 256MB of shared system memory, 0 output[s]
[2015.01.22-20.38.56:428][  0]LogD3D11RHI: Chosen D3D11 Adapter Id = 0
[2015.01.22-20.38.56:432][  0]LogRHI: Texture pool is 1361 MB (70% of 1945 MB)
[2015.01.22-20.38.56:444][  0]LogD3D11RHI: Async texture creation enabled
[2015.01.22-20.38.56:890][  0]LogTextLocalizationManager: The requested culture ('en_US') has no localization data; parent culture's ('en') localization data will be used.
[2015.01.22-20.38.57:038][  0]LogContentStreaming: Texture pool size is 0.000000MB
[2015.01.22-20.39.03:791][  0]LogTargetPlatformManager:Display: Building Assets For Windows
[2015.01.22-20.39.04:857][  0]LogTargetPlatformManager:Display: Building Assets For Windows
[2015.01.22-20.39.04:937][  0]LogDerivedDataCache:Display: Max Cache Size: 512 MB
[2015.01.22-20.39.05:424][  0]LogDerivedDataCache: Loaded boot cache 0.49s 39MB C:/Users/Zim/AppData/Local/UnrealEngine/4.6/DerivedDataCache/Boot.ddc.
[2015.01.22-20.39.05:424][  0]LogDerivedDataCache:Display: Loaded Boot cache: C:/Users/Zim/AppData/Local/UnrealEngine/4.6/DerivedDataCache/Boot.ddc
[2015.01.22-20.39.05:424][  0]LogDerivedDataCache: FDerivedDataBackendGraph:  Pak pak cache file ../../../../../../Users/Zim/Documents/Unreal Projects/KodainaKingdom/DerivedDataCache/DDC.ddp not found, will not use a pak cache.
[2015.01.22-20.39.05:424][  0]LogDerivedDataCache: Unable to find inner node Pak for hierarchical cache Hierarchy.
[2015.01.22-20.39.05:535][  0]LogDerivedDataCache:Display: Pak cache opened for reading ../../../Engine/DerivedDataCache/DDC.ddp.
[2015.01.22-20.39.05:548][  0]LogDerivedDataCache: Using Local data cache path C:/Users/Zim/AppData/Local/UnrealEngine/Common/DerivedDataCache: Writable
[2015.01.22-20.39.11:294][  0]LogCollisionProfile:Warning: Profile (UI) - Custom Channel Name = 'Weapon' hasn't been found
[2015.01.22-20.39.11:773][  0]LogMeshUtilities: No automatic mesh reduction module available
[2015.01.22-20.39.11:773][  0]LogMeshUtilities: No automatic mesh merging module available
[2015.01.22-20.39.12:876][  0]LogInit: WinSock: version 1.1 (2.2), MaxSocks=32767, MaxUdp=65467
[2015.01.22-20.39.12:942][  0]LogSlate:Warning: Failed to load font data from '../../../Engine/Content/Slate/Fonts/Roboto-Italic.ttf'
[2015.01.22-20.39.26:556][  0]UdpMessaging: Initializing bridge on interface 0.0.0.0:0 to multicast group 230.0.0.1:6666.
[2015.01.22-20.39.26:824][  0]LogDirectoryWatcher:Warning: Failed to begin reading directory changes for C:/Users/Zim/Documents/Unreal Projects/KodainaKingdom/Binaries/Win64. Error: 0
[2015.01.22-20.39.27:416][  0]SourceControl: Info Source control is disabled
[2015.01.22-20.39.27:417][  0]SourceControl: Info Source control is disabled
[2015.01.22-20.39.27:423][  0]SourceControl: Info Source control is disabled
[2015.01.22-20.39.27:833][  0]LogObj: 23754 objects as part of root set at end of initial load.
[2015.01.22-20.39.27:833][  0]LogUObjectAllocator: 5168136 out of 0 bytes used by permanent object pool.
[2015.01.22-20.39.27:889][  0]LogEngine: Initializing Engine...
[2015.01.22-20.39.28:404][  0]LogInit: XAudio2 using 'Speakers (Realtek High Definition Audio)' : 2 channels at 48 kHz using 32 bits per sample (channel mask 0x3)
[2015.01.22-20.39.28:414][  0]LogInit: FAudioDevice initialized.
[2015.01.22-20.39.28:432][  0]LogAIModule: Creating AISystem for world NewWorld
[2015.01.22-20.39.28:453][  0]LogDerivedDataCache: Saved boot cache 0.02s 39MB C:/Users/Zim/AppData/Local/UnrealEngine/4.6/DerivedDataCache/Boot.ddc.
[2015.01.22-20.39.28:457][  0]LogInit: Texture streaming: Enabled
[2015.01.22-20.39.28:484][  0]LogAnalytics: Creating configured Analytics provider AnalyticsET
[2015.01.22-20.39.28:484][  0]LogAnalytics: ET APIKey = Rocket.Release. APIServer = http://et2.epicgames.com/ET2/. AppVersion = 4.6.1-2386410+++depot+UE4-Releases+4.6
[2015.01.22-20.39.28:485][  0]LogAnalytics: SetUserId e818845727fd16b7b8e647cd16e3db7c
[2015.01.22-20.39.28:485][  0]LogAnalytics: AnalyticsET::StartSession [Rocket.Release]
[2015.01.22-20.39.28:498][  0]LogInit: Transaction tracking system initialized
[2015.01.22-20.39.28:588][  0]BlueprintLog: New page: Editor Load
[2015.01.22-20.39.28:616][  0]LogAssetRegistry: FAssetRegistry took 0.0112 seconds to start up
[2015.01.22-20.39.28:616][  0]LogDirectoryWatcher:Warning: Failed to begin reading directory changes for ../../../Engine/Plugins/Experimental/CharacterAI/Content/. Error: 0
[2015.01.22-20.39.29:117][  0]LogTargetPlatformManager:Display: Building Assets For Windows
[2015.01.22-20.39.29:519][  0]LogTargetPlatformManager:Display: Building Assets For Windows
[2015.01.22-20.39.29:703][  0]LogConsoleResponse:Display: 
[2015.01.22-20.39.30:141][  0]LogLinker:Warning: Asset '../../../Engine/Content/Functions/Engine_MaterialFunctions03/Procedurals/ComputeFilterWidth.uasset' has been saved with empty engine version. The asset will be loaded but may be incompatible.
[2015.01.22-20.39.31:265][  0]SourceControl: Info Source control is disabled
[2015.01.22-20.39.31:265][  0]Cmd: MAP LOAD FILE="../../../../../../Users/Zim/Documents/Unreal Projects/KodainaKingdom/Content/Maps/TestLevel.umap" TEMPLATE=0 SHOWPROGRESS=1
[2015.01.22-20.39.31:265][  0]LightingResults: New page: Lighting Build
[2015.01.22-20.39.31:275][  0]MapCheck: New page: Map Check
[2015.01.22-20.39.31:275][  0]LightingResults: New page: Lighting Build
[2015.01.22-20.39.31:284][  0]LogParticles: Destroying 0 GPU particle simulations for FXSystem 0x000000A357445580
[2015.01.22-20.39.31:993][  0]LogEditorServer: Finished looking for orphan Actors (0.000 secs)
[2015.01.22-20.39.31:993][  0]LogAIModule: Creating AISystem for world TestLevel
[2015.01.22-20.39.31:993][  0]Cmd: MAP CHECKDEP
[2015.01.22-20.39.31:993][  0]MapCheck: New page: TestLevel - Jan 22, 2015, 10:39:31 AM
[2015.01.22-20.39.32:071][  0]MapCheck: Info Map check complete: 0 Error(s), 0 Warning(s), took 76.436ms to complete.
[2015.01.22-20.39.32:071][  0]LogFileHelpers: Loading map 'TestLevel' took 0.805
[2015.01.22-20.39.32:197][  0]LogCollectionManager: Loaded 0 collections in 0.000960 seconds
[2015.01.22-20.39.32:428][  0]LogCrashTracker: Crashtracker disabled due to settings.
[2015.01.22-20.39.32:434][  0]LogUObjectGlobals:Warning: Failed to find object 'Class None.'
[2015.01.22-20.39.32:460][  0]LogLoad: Full Startup: 39.78 seconds (BP compile: 0.01 seconds)
[2015.01.22-20.39.32:802][  0]LogContentBrowser:Verbose: The content browser source was changed by the sources view to '/Game/Blueprints'
[2015.01.22-20.39.32:936][  0]LogRenderer:Warning: Reallocating scene render targets to support 1200x896.
[2015.01.22-20.40.05:134][ 97]LogAssetRegistry: Asset discovery search completed in 36.5294 seconds
[2015.01.22-20.47.08:582][512]BlueprintLog: New page: Pre-PIE auto-recompile
[2015.01.22-20.47.08:582][512]LogPlayLevel: [PIE] Compiling TestLevel before PIE...
[2015.01.22-20.47.08:622][512]LogPlayLevel: PIE:  Blueprint regeneration took 40 ms (1 blueprints)
[2015.01.22-20.47.08:622][512]PIE: New page: PIE session: TestLevel (Jan 22, 2015, 10:47:08 AM)
[2015.01.22-20.47.08:626][512]LogPlayLevel: PIE: StaticDuplicateObject took: (0.003247s)
[2015.01.22-20.47.08:626][512]LogPlayLevel: PIE: World Init took: (0.000637s)
[2015.01.22-20.47.08:626][512]LogPlayLevel: PIE: Created PIE world by copying editor world from /Game/Maps/TestLevel.TestLevel to /Game/Maps/UEDPIE_0_TestLevel.TestLevel (0.004104s)
[2015.01.22-20.47.09:724][512]LogWorld: Game class is 'Kodaina_C'
[2015.01.22-20.47.09:726][512]LogAIModule: Creating AISystem for world TestLevel
[2015.01.22-20.47.09:729][512]LogWorld: Bringing World /Game/Maps/UEDPIE_0_TestLevel.TestLevel up for play (max tick rate 60) at 2015.01.22-15.47.09
[2015.01.22-20.47.09:730][512]LogWorld: Bringing up level for play took: 0.003518
[2015.01.22-20.47.09:732][512]PIE: Info Play in editor start time for /Game/Maps/UEDPIE_0_TestLevel 0.697
[2015.01.22-20.48.01:187][593]LogActorComponent: UnregisterComponent: (/Engine/Transient.CharacterMovementComponent_0) Not registered. Aborting.
[2015.01.22-20.48.01:205][593]LogParticles: Destroying 0 GPU particle simulations for FXSystem 0x000000A350F17100
[2015.01.22-20.48.05:277][764]LogPropertyNode:Warning: UI Min (0.001) >= UI Max () for Ranged Numeric
[2015.01.22-20.48.05:295][764]LogPropertyNode:Warning: UI Min (0.001) >= UI Max () for Ranged Numeric
[2015.01.22-20.48.05:410][764]LogPropertyNode:Warning: UI Min (0.001) >= UI Max () for Ranged Numeric
[2015.01.22-20.48.05:411][764]LogPropertyNode:Warning: UI Min (0.001) >= UI Max () for Ranged Numeric
[2015.01.22-20.48.32:120][725]Cmd: OBJ SAVEPACKAGE PACKAGE="/Game/Blueprints/MyCharacter" FILE="../../../../../../Users/Zim/Documents/Unreal Projects/KodainaKingdom/Content/Blueprints/MyCharacter.uasset" SILENT=true
[2015.01.22-20.48.33:031][725]LogSavePackage: Save=802.327698ms
[2015.01.22-20.48.33:031][725]LogSavePackage: Moving '../../../../../../Users/Zim/Documents/Unreal Projects/KodainaKingdom/Saved/MyCharacter8EA6D6CF46341146CD4C97B9158BC3CD.tmp' to '../../../../../../Users/Zim/Documents/Unreal Projects/KodainaKingdom/Content/Blueprints/MyCharacter.uasset'
[2015.01.22-20.51.13:312][  9]LogEditorViewport: Clicking on Actor (LMB): Space_C (Space12)
[2015.01.22-20.51.16:232][170]LogEditorViewport: Clicking on Actor (LMB): PlayerStart (PlayerStart)
[2015.01.22-20.51.22:651][480]LogRenderer:Warning: Reallocating scene render targets to support 1416x896.
[2015.01.22-20.51.25:469][608]LogPropertyNode:Warning: UI Min (0.001) >= UI Max () for Ranged Numeric
[2015.01.22-20.51.32:076][909]LogPropertyNode:Warning: UI Min (0) >= UI Max () for Ranged Numeric
[2015.01.22-20.51.32:077][909]LogPropertyNode:Warning: UI Min (0) >= UI Max () for Ranged Numeric
[2015.01.22-20.51.32:081][909]LogPropertyNode:Warning: UI Min (0) >= UI Max () for Ranged Numeric
[2015.01.22-20.51.32:081][909]LogPropertyNode:Warning: UI Min (0) >= UI Max () for Ranged Numeric
[2015.01.22-20.51.32:082][909]LogPropertyNode:Warning: UI Min (0) >= UI Max () for Ranged Numeric
[2015.01.22-20.51.32:083][909]LogPropertyNode:Warning: UI Min (0) >= UI Max () for Ranged Numeric
[2015.01.22-20.51.32:084][909]LogPropertyNode:Warning: UI Min (0) >= UI Max () for Ranged Numeric
[2015.01.22-20.51.32:085][909]LogPropertyNode:Warning: UI Min (0) >= UI Max () for Ranged Numeric
[2015.01.22-20.51.32:086][909]LogPropertyNode:Warning: UI Min (0) >= UI Max () for Ranged Numeric
[2015.01.22-20.51.32:087][909]LogPropertyNode:Warning: UI Min (0) >= UI Max () for Ranged Numeric
[2015.01.22-20.51.32:087][909]LogPropertyNode:Warning: UI Min (0) >= UI Max () for Ranged Numeric
[2015.01.22-20.51.34:512][ 25]LogPropertyNode:Warning: UI Min (0.001) >= UI Max () for Ranged Numeric
[2015.01.22-20.51.50:253][753]Cmd: OBJ SAVEPACKAGE PACKAGE="/Game/Blueprints/MyCharacter" FILE="../../../../../../Users/Zim/Documents/Unreal Projects/KodainaKingdom/Content/Blueprints/MyCharacter.uasset" SILENT=true
[2015.01.22-20.51.50:578][753]LogSavePackage: Save=222.700836ms
[2015.01.22-20.51.50:578][753]LogSavePackage: Moving '../../../../../../Users/Zim/Documents/Unreal Projects/KodainaKingdom/Saved/MyCharacter7F2715514E06961F4E5E5FBC1ECD6E8B.tmp' to '../../../../../../Users/Zim/Documents/Unreal Projects/KodainaKingdom/Content/Blueprints/MyCharacter.uasset'
[2015.01.22-20.51.52:149][824]LogPropertyNode:Warning: UI Min (0.001) >= UI Max () for Ranged Numeric
[2015.01.22-20.52.31:194][121]LogPropertyNode:Warning: UI Min (0.001) >= UI Max () for Ranged Numeric
[2015.01.22-20.52.31:196][121]LogPropertyNode:Warning: UI Min (0.001) >= UI Max () for Ranged Numeric
[2015.01.22-20.52.31:224][121]LogActorComponent: UnregisterComponent: (/Engine/Transient.CharacterMovementComponent_1) Not registered. Aborting.
[2015.01.22-20.52.33:741][240]LogPropertyNode:Warning: UI Min (0.001) >= UI Max () for Ranged Numeric
[2015.01.22-20.52.33:742][240]LogPropertyNode:Warning: UI Min (0.001) >= UI Max () for Ranged Numeric
[2015.01.22-20.52.33:772][240]LogActorComponent: UnregisterComponent: (/Engine/Transient.CharacterMovementComponent_2) Not registered. Aborting.
[2015.01.22-20.52.36:281][360]LogPropertyNode:Warning: UI Min (0.001) >= UI Max () for Ranged Numeric
[2015.01.22-20.52.36:282][360]LogPropertyNode:Warning: UI Min (0.001) >= UI Max () for Ranged Numeric
[2015.01.22-20.52.36:311][360]LogActorComponent: UnregisterComponent: (/Engine/Transient.CharacterMovementComponent_3) Not registered. Aborting.
[2015.01.22-20.52.36:377][360]LogPropertyNode:Warning: UI Min (0.001) >= UI Max () for Ranged Numeric
[2015.01.22-20.52.36:378][360]LogPropertyNode:Warning: UI Min (0.001) >= UI Max () for Ranged Numeric
[2015.01.22-20.52.37:352][395]LogPropertyNode:Warning: UI Min (0.001) >= UI Max () for Ranged Numeric
[2015.01.22-20.52.37:353][395]LogPropertyNode:Warning: UI Min (0.001) >= UI Max () for Ranged Numeric
[2015.01.22-20.52.37:386][395]LogActorComponent: UnregisterComponent: (/Engine/Transient.CharacterMovementComponent_4) Not registered. Aborting.
[2015.01.22-20.52.37:488][395]LogPropertyNode:Warning: UI Min (0.001) >= UI Max () for Ranged Numeric
[2015.01.22-20.52.37:489][395]LogPropertyNode:Warning: UI Min (0.001) >= UI Max () for Ranged Numeric
[2015.01.22-20.53.12:714][ 38]LogPropertyNode:Warning: UI Min (0.001) >= UI Max () for Ranged Numeric
[2015.01.22-20.53.12:716][ 38]LogPropertyNode:Warning: UI Min (0.001) >= UI Max () for Ranged Numeric
[2015.01.22-20.53.12:749][ 38]LogActorComponent: UnregisterComponent: (/Engine/Transient.CharacterMovementComponent_5) Not registered. Aborting.
[2015.01.22-20.53.12:847][ 38]LogPropertyNode:Warning: UI Min (0.001) >= UI Max () for Ranged Numeric
[2015.01.22-20.53.12:849][ 38]LogPropertyNode:Warning: UI Min (0.001) >= UI Max () for Ranged Numeric
[2015.01.22-20.53.22:230][470]LogPropertyNode:Warning: UI Min (0.001) >= UI Max () for Ranged Numeric
[2015.01.22-20.53.22:231][470]LogPropertyNode:Warning: UI Min (0.001) >= UI Max () for Ranged Numeric
[2015.01.22-20.53.22:259][470]LogActorComponent: UnregisterComponent: (/Engine/Transient.CharacterMovementComponent_6) Not registered. Aborting.
[2015.01.22-20.53.22:352][470]LogPropertyNode:Warning: UI Min (0.001) >= UI Max () for Ranged Numeric
[2015.01.22-20.53.22:353][470]LogPropertyNode:Warning: UI Min (0.001) >= UI Max () for Ranged Numeric
[2015.01.22-20.53.43:503][521]BlueprintLog: New page: Compile MyCharacter
[2015.01.22-20.53.43:732][521]LogPropertyNode:Warning: UI Min (0.001) >= UI Max () for Ranged Numeric
[2015.01.22-20.53.43:733][521]LogPropertyNode:Warning: UI Min (0.001) >= UI Max () for Ranged Numeric
[2015.01.22-20.53.43:824][521]LogActorComponent: UnregisterComponent: (/Engine/Transient.CharacterMovementComponent_7) Not registered. Aborting.
[2015.01.22-20.53.43:956][521]LogPropertyNode:Warning: UI Min (0.001) >= UI Max () for Ranged Numeric
[2015.01.22-20.53.43:958][521]LogPropertyNode:Warning: UI Min (0.001) >= UI Max () for Ranged Numeric
[2015.01.22-20.53.43:993][521]BlueprintEditorCompileResults: Info [0891.31] Compile of MyCharacter successful! [in 366 ms]
[2015.01.22-20.53.44:542][536]Cmd: OBJ SAVEPACKAGE PACKAGE="/Game/Blueprints/MyCharacter" FILE="../../../../../../Users/Zim/Documents/Unreal Projects/KodainaKingdom/Content/Blueprints/MyCharacter.uasset" SILENT=true
[2015.01.22-20.53.45:434][536]LogSavePackage: Save=783.388672ms
[2015.01.22-20.53.45:434][536]LogSavePackage: Moving '../../../../../../Users/Zim/Documents/Unreal Projects/KodainaKingdom/Saved/MyCharacterC6D7EA2644243CEE83AF2F99B104B644.tmp' to '../../../../../../Users/Zim/Documents/Unreal Projects/KodainaKingdom/Content/Blueprints/MyCharacter.uasset'
[2015.01.22-20.54.36:430][712]LogActorComponent: UnregisterComponent: (/Engine/Transient.CharacterMovementComponent_8) Not registered. Aborting.
[2015.01.22-20.54.43:597][ 13]Cmd: QUIT_EDITOR
[2015.01.22-20.54.44:147][ 13]LogExit: Preparing to exit.
[2015.01.22-20.54.45:179][ 13]LogExit: Editor shut down
[2015.01.22-20.54.45:179][ 13]LogExit: Transaction tracking system shut down
[2015.01.22-20.54.45:180][ 13]LogParticles: Destroying 0 GPU particle simulations for FXSystem 0x000000A3518B2160
[2015.01.22-20.54.45:180][ 13]LogParticles: Destroying 0 GPU particle simulations for FXSystem 0x000000A35CC0A160
[2015.01.22-20.54.45:180][ 13]LogParticles: Destroying 0 GPU particle simulations for FXSystem 0x000000A34EFF2CA0
[2015.01.22-20.54.45:254][ 13]LogExit: Object subsystem successfully closed.
[2015.01.22-20.54.45:317][ 13]LogModuleManager: Shutting down and abandoning module Merge (173)
[2015.01.22-20.54.45:317][ 13]LogModuleManager: Shutting down and abandoning module AndroidDeviceDetection (172)
[2015.01.22-20.54.45:317][ 13]LogModuleManager: Shutting down and abandoning module CrashTracker (171)
[2015.01.22-20.54.45:317][ 13]LogModuleManager: Shutting down and abandoning module SuperSearch (170)
[2015.01.22-20.54.45:317][ 13]LogModuleManager: Shutting down and abandoning module SceneOutliner (169)
[2015.01.22-20.54.45:317][ 13]LogModuleManager: Shutting down and abandoning module EditorWidgets (168)
[2015.01.22-20.54.45:317][ 13]LogModuleManager: Shutting down and abandoning module CollectionManager (167)
[2015.01.22-20.54.45:317][ 13]LogModuleManager: Shutting down and abandoning module StatsViewer (166)
[2015.01.22-20.54.45:317][ 13]LogModuleManager: Shutting down and abandoning module FoliageEdit (165)
[2015.01.22-20.54.45:317][ 13]LogModuleManager: Shutting down and abandoning module LandscapeEditor (164)
[2015.01.22-20.54.45:317][ 13]LogModuleManager: Shutting down and abandoning module MeshPaint (163)
[2015.01.22-20.54.45:317][ 13]LogModuleManager: Shutting down and abandoning module ActorPickerMode (162)
[2015.01.22-20.54.45:317][ 13]LogModuleManager: Shutting down and abandoning module GeometryMode (161)
[2015.01.22-20.54.45:317][ 13]LogModuleManager: Shutting down and abandoning module TextureAlignMode (160)
[2015.01.22-20.54.45:317][ 13]LogModuleManager: Shutting down and abandoning module BspMode (159)
[2015.01.22-20.54.45:317][ 13]LogModuleManager: Shutting down and abandoning module PlacementMode (158)
[2015.01.22-20.54.45:317][ 13]LogModuleManager: Shutting down and abandoning module AutomationWorker (157)
[2015.01.22-20.54.45:317][ 13]LogModuleManager: Shutting down and abandoning module CharacterAI (156)
[2015.01.22-20.54.45:317][ 13]LogModuleManager: Shutting down and abandoning module GameProjectGeneration (155)
[2015.01.22-20.54.45:317][ 13]LogModuleManager: Shutting down and abandoning module IntroTutorials (154)
[2015.01.22-20.54.45:317][ 13]LogModuleManager: Shutting down and abandoning module EditorLiveStreaming (153)
[2015.01.22-20.54.45:317][ 13]LogModuleManager: Shutting down and abandoning module HardwareTargeting (152)
[2015.01.22-20.54.45:317][ 13]LogModuleManager: Shutting down and abandoning module DeviceProfileEditor (151)
[2015.01.22-20.54.45:318][ 13]LogModuleManager: Shutting down and abandoning module UndoHistory (150)
[2015.01.22-20.54.45:318][ 13]LogModuleManager: Shutting down and abandoning module GameplayTagsEditor (149)
[2015.01.22-20.54.45:318][ 13]LogModuleManager: Shutting down and abandoning module UserFeedback (148)
[2015.01.22-20.54.45:318][ 13]LogModuleManager: Shutting down and abandoning module XmlParser (147)
[2015.01.22-20.54.45:318][ 13]LogModuleManager: Shutting down and abandoning module Blutility (146)
[2015.01.22-20.54.45:318][ 13]LogModuleManager: Shutting down and abandoning module IOSPlatformEditor (145)
[2015.01.22-20.54.45:318][ 13]LogModuleManager: Shutting down and abandoning module IOSRuntimeSettings (144)
[2015.01.22-20.54.45:318][ 13]LogModuleManager: Shutting down and abandoning module AndroidPlatformEditor (143)
[2015.01.22-20.54.45:318][ 13]LogModuleManager: Shutting down and abandoning module AndroidRuntimeSettings (142)
[2015.01.22-20.54.45:318][ 13]LogModuleManager: Shutting down and abandoning module ProjectTargetPlatformEditor (141)
[2015.01.22-20.54.45:318][ 13]LogModuleManager: Shutting down and abandoning module ProjectSettingsViewer (140)
[2015.01.22-20.54.45:318][ 13]LogModuleManager: Shutting down and abandoning module InputBindingEditor (139)
[2015.01.22-20.54.45:318][ 13]LogModuleManager: Shutting down and abandoning module EditorSettingsViewer (138)
[2015.01.22-20.54.45:318][ 13]LogModuleManager: Shutting down and abandoning module SettingsEditor (137)
[2015.01.22-20.54.45:318][ 13]LogModuleManager: Shutting down and abandoning module ProjectLauncher (136)
[2015.01.22-20.54.45:318][ 13]LogModuleManager: Shutting down and abandoning module SessionFrontend (135)
[2015.01.22-20.54.45:318][ 13]LogModuleManager: Shutting down and abandoning module ProfilerClient (134)
[2015.01.22-20.54.45:318][ 13]LogModuleManager: Shutting down and abandoning module TargetDeviceServices (133)
[2015.01.22-20.54.45:318][ 13]LogModuleManager: Shutting down and abandoning module DeviceManager (132)
[2015.01.22-20.54.45:318][ 13]LogModuleManager: Shutting down and abandoning module AutomationController (131)
[2015.01.22-20.54.45:318][ 13]LogModuleManager: Shutting down and abandoning module AutomationWindow (130)
[2015.01.22-20.54.45:318][ 13]LogModuleManager: Shutting down and abandoning module Layers (129)
[2015.01.22-20.54.45:318][ 13]LogModuleManager: Shutting down and abandoning module ComponentVisualizers (128)
[2015.01.22-20.54.45:318][ 13]LogModuleManager: Shutting down and abandoning module DetailCustomizations (127)
[2015.01.22-20.54.45:318][ 13]LogModuleManager: Shutting down and abandoning module PackagesDialog (126)
[2015.01.22-20.54.45:319][ 13]LogModuleManager: Shutting down and abandoning module AssetRegistry (125)
[2015.01.22-20.54.45:451][ 13]LogModuleManager: Shutting down and abandoning module Persona (124)
[2015.01.22-20.54.45:451][ 13]LogModuleManager: Shutting down and abandoning module Kismet (123)
[2015.01.22-20.54.45:451][ 13]LogModuleManager: Shutting down and abandoning module GraphEditor (122)
[2015.01.22-20.54.45:451][ 13]LogModuleManager: Shutting down and abandoning module ClassViewer (121)
[2015.01.22-20.54.45:451][ 13]LogModuleManager: Shutting down and abandoning module Toolbox (120)
[2015.01.22-20.54.45:451][ 13]LogModuleManager: Shutting down and abandoning module ModuleUI (119)
[2015.01.22-20.54.45:451][ 13]LogModuleManager: Shutting down and abandoning module MovieSceneTools (118)
[2015.01.22-20.54.45:451][ 13]LogModuleManager: Shutting down and abandoning module OutputLog (117)
[2015.01.22-20.54.45:451][ 13]LogModuleManager: Shutting down and abandoning module GammaUI (116)
[2015.01.22-20.54.45:451][ 13]LogModuleManager: Shutting down and abandoning module Documentation (115)
[2015.01.22-20.54.45:451][ 13]LogModuleManager: Shutting down and abandoning module GameLiveStreaming (114)
[2015.01.22-20.54.45:451][ 13]LogModuleManager: Shutting down and abandoning module StreamingPauseRendering (113)
[2015.01.22-20.54.45:451][ 13]LogModuleManager: Shutting down and abandoning module HTTP (112)
[2015.01.22-20.54.45:451][ 13]LogModuleManager: Shutting down and abandoning module AnalyticsET (111)
[2015.01.22-20.54.45:451][ 13]LogModuleManager: Shutting down and abandoning module Analytics (110)
[2015.01.22-20.54.45:451][ 13]LogModuleManager: Shutting down and abandoning module AITestSuite (109)
[2015.01.22-20.54.45:451][ 13]LogModuleManager: Shutting down and abandoning module AIModule (108)
[2015.01.22-20.54.45:452][ 13]LogModuleManager: Shutting down and abandoning module ProfilerService (107)
[2015.01.22-20.54.45:503][ 13]LogModuleManager: Shutting down and abandoning module TaskGraph (106)
[2015.01.22-20.54.45:503][ 13]LogModuleManager: Shutting down and abandoning module GameplayDebugger (105)
[2015.01.22-20.54.45:503][ 13]LogModuleManager: Shutting down and abandoning module SlateRemote (104)
[2015.01.22-20.54.45:503][ 13]LogModuleManager: Shutting down and abandoning module ScriptEditorPlugin (103)
[2015.01.22-20.54.45:503][ 13]LogModuleManager: Shutting down and abandoning module CustomMeshComponent (102)
[2015.01.22-20.54.45:503][ 13]LogModuleManager: Shutting down and abandoning module CableComponent (101)
[2015.01.22-20.54.45:503][ 13]LogModuleManager: Shutting down and abandoning module MessagingDebugger (100)
[2015.01.22-20.54.45:503][ 13]LogModuleManager: Shutting down and abandoning module MediaPlayerEditor (99)
[2015.01.22-20.54.45:503][ 13]LogModuleManager: Shutting down and abandoning module SpeedTreeImporter (98)
[2015.01.22-20.54.45:503][ 13]LogModuleManager: Shutting down and abandoning module PluginsEditor (97)
[2015.01.22-20.54.45:503][ 13]LogModuleManager: Shutting down and abandoning module EpicSurvey (96)
[2015.01.22-20.54.45:504][ 13]LogModuleManager: Shutting down and abandoning module DesktopPlatform (95)
[2015.01.22-20.54.45:504][ 13]LogModuleManager: Shutting down and abandoning module VisualStudioSourceCodeAccess (94)
[2015.01.22-20.54.45:504][ 13]LogModuleManager: Shutting down and abandoning module UObjectPlugin (93)
[2015.01.22-20.54.45:504][ 13]LogModuleManager: Shutting down and abandoning module SubversionSourceControl (92)
[2015.01.22-20.54.45:504][ 13]LogModuleManager: Shutting down and abandoning module SourceControl (91)
[2015.01.22-20.54.45:504][ 13]LogModuleManager: Shutting down and abandoning module PerforceSourceControl (90)
[2015.01.22-20.54.45:504][ 13]LogModuleManager: Shutting down and abandoning module BlankPlugin (89)
[2015.01.22-20.54.45:504][ 13]LogModuleManager: Shutting down and abandoning module SlateReflector (88)
[2015.01.22-20.54.45:504][ 13]LogModuleManager: Shutting down and abandoning module DirectoryWatcher (87)
[2015.01.22-20.54.45:504][ 13]LogModuleManager: Shutting down and abandoning module HotReload (86)
[2015.01.22-20.54.45:504][ 13]LogModuleManager: Shutting down and abandoning module MainFrame (85)
[2015.01.22-20.54.45:504][ 13]LogModuleManager: Shutting down and abandoning module LevelEditor (84)
[2015.01.22-20.54.45:505][ 13]LogModuleManager: Shutting down and abandoning module ViewportSnapping (83)
[2015.01.22-20.54.45:505][ 13]LogModuleManager: Shutting down and abandoning module SmartSnapping (82)
[2015.01.22-20.54.45:505][ 13]LogModuleManager: Shutting down and abandoning module PaperTiledImporter (81)
[2015.01.22-20.54.45:505][ 13]LogModuleManager: Shutting down and abandoning module PaperJsonImporter (80)
[2015.01.22-20.54.45:505][ 13]LogModuleManager: Shutting down and abandoning module ContentBrowser (79)
[2015.01.22-20.54.45:505][ 13]LogModuleManager: Shutting down and abandoning module Paper2DEditor (78)
[2015.01.22-20.54.45:505][ 13]LogModuleManager: Shutting down and abandoning module ScriptPlugin (77)
[2015.01.22-20.54.45:505][ 13]LogModuleManager: Shutting down and abandoning module UdpMessaging (76)
[2015.01.22-20.54.45:606][ 13]LogModuleManager: Shutting down and abandoning module Paper2D (75)
[2015.01.22-20.54.45:606][ 13]LogModuleManager: Shutting down and abandoning module UE4Game (74)
[2015.01.22-20.54.45:606][ 13]LogModuleManager: Shutting down and abandoning module WindowsMoviePlayer (73)
[2015.01.22-20.54.45:609][ 13]LogModuleManager: Shutting down and abandoning module Media (72)
[2015.01.22-20.54.45:609][ 13]LogModuleManager: Shutting down and abandoning module WmfMedia (71)
[2015.01.22-20.54.45:609][ 13]LogModuleManager: Shutting down and abandoning module OnlineBlueprintSupport (70)
[2015.01.22-20.54.45:609][ 13]LogModuleManager: Shutting down and abandoning module PropertyEditor (69)
[2015.01.22-20.54.45:609][ 13]LogModuleManager: Shutting down and abandoning module BehaviorTreeEditor (68)
[2015.01.22-20.54.45:609][ 13]LogModuleManager: Shutting down and abandoning module FunctionalTesting (67)
[2015.01.22-20.54.45:609][ 13]LogModuleManager: Shutting down and abandoning module CollisionAnalyzer (66)
[2015.01.22-20.54.45:609][ 13]LogModuleManager: Shutting down and abandoning module WorkspaceMenuStructure (65)
[2015.01.22-20.54.45:609][ 13]LogModuleManager: Shutting down and abandoning module MessageLog (64)
[2015.01.22-20.54.45:609][ 13]LogModuleManager: Shutting down and abandoning module Sequencer (63)
[2015.01.22-20.54.45:609][ 13]LogModuleManager: Shutting down and abandoning module AssetTools (62)
[2015.01.22-20.54.45:609][ 13]LogModuleManager: Shutting down and abandoning module UMGEditor (61)
[2015.01.22-20.54.45:609][ 13]LogModuleManager: Shutting down and abandoning module UMG (60)
[2015.01.22-20.54.45:609][ 13]LogModuleManager: Shutting down and abandoning module Slate (59)
[2015.01.22-20.54.45:609][ 13]LogModuleManager: Shutting down and abandoning module EditorStyle (58)
[2015.01.22-20.54.45:614][ 13]LogModuleManager: Shutting down and abandoning module SessionServices (57)
[2015.01.22-20.54.45:614][ 13]LogModuleManager: Shutting down and abandoning module SourceCodeAccess (56)
[2015.01.22-20.54.45:614][ 13]LogModuleManager: Shutting down and abandoning module HeadMountedDisplay (55)
[2015.01.22-20.54.45:614][ 13]LogModuleManager: Shutting down and abandoning module XAudio2 (54)
[2015.01.22-20.54.45:614][ 13]LogModuleManager: Shutting down and abandoning module Networking (52)
[2015.01.22-20.54.45:614][ 13]LogModuleManager: Shutting down and abandoning module Core (51)
[2015.01.22-20.54.45:614][ 13]LogModuleManager: Shutting down and abandoning module KismetCompiler (50)
[2015.01.22-20.54.45:614][ 13]LogModuleManager: Shutting down and abandoning module PhysXFormats (49)
[2015.01.22-20.54.45:614][ 13]LogModuleManager: Shutting down and abandoning module MeshUtilities (48)
[2015.01.22-20.54.45:614][ 13]LogModuleManager: Shutting down and abandoning module DerivedDataCache (47)
[2015.01.22-20.54.45:669][ 13]LogDerivedDataCache: Shutdown
[2015.01.22-20.54.45:669][ 13]LogModuleManager: Shutting down and abandoning module ShaderFormatOpenGL (46)
[2015.01.22-20.54.45:669][ 13]LogModuleManager: Shutting down and abandoning module ShaderFormatD3D (45)
[2015.01.22-20.54.45:669][ 13]LogModuleManager: Shutting down and abandoning module MetalShaderFormat (44)
[2015.01.22-20.54.45:669][ 13]LogModuleManager: Shutting down and abandoning module TextureFormatUncompressed (43)
[2015.01.22-20.54.45:669][ 13]LogModuleManager: Shutting down and abandoning module TextureFormatPVR (42)
[2015.01.22-20.54.45:669][ 13]LogModuleManager: Shutting down and abandoning module TextureFormatDXT (41)
[2015.01.22-20.54.45:669][ 13]LogModuleManager: Shutting down and abandoning module TextureFormatAndroid (40)
[2015.01.22-20.54.45:669][ 13]LogModuleManager: Shutting down and abandoning module AudioFormatOpus (39)
[2015.01.22-20.54.45:669][ 13]LogModuleManager: Shutting down and abandoning module AudioFormatOgg (38)
[2015.01.22-20.54.45:669][ 13]LogModuleManager: Shutting down and abandoning module AudioFormatADPCM (37)
[2015.01.22-20.54.45:669][ 13]LogModuleManager: Shutting down and abandoning module LinuxTargetPlatform (36)
[2015.01.22-20.54.45:669][ 13]LogModuleManager: Shutting down and abandoning module LinuxServerTargetPlatform (35)
[2015.01.22-20.54.45:669][ 13]LogModuleManager: Shutting down and abandoning module LinuxNoEditorTargetPlatform (34)
[2015.01.22-20.54.45:669][ 13]LogModuleManager: Shutting down and abandoning module Messaging (33)
[2015.01.22-20.54.45:669][ 13]LogModuleManager: Shutting down and abandoning module IOSTargetPlatform (32)
[2015.01.22-20.54.45:669][ 13]LogModuleManager: Shutting down and abandoning module Android_PVRTCTargetPlatform (31)
[2015.01.22-20.54.45:669][ 13]LogModuleManager: Shutting down and abandoning module Android_ETC2TargetPlatform (30)
[2015.01.22-20.54.45:669][ 13]LogModuleManager: Shutting down and abandoning module Android_ETC1TargetPlatform (29)
[2015.01.22-20.54.45:669][ 13]LogModuleManager: Shutting down and abandoning module Android_DXTTargetPlatform (28)
[2015.01.22-20.54.45:669][ 13]LogModuleManager: Shutting down and abandoning module Android_ATCTargetPlatform (27)
[2015.01.22-20.54.45:669][ 13]LogModuleManager: Shutting down and abandoning module AndroidTargetPlatform (26)
[2015.01.22-20.54.45:669][ 13]LogModuleManager: Shutting down and abandoning module WindowsTargetPlatform (25)
[2015.01.22-20.54.45:669][ 13]LogModuleManager: Shutting down and abandoning module WindowsServerTargetPlatform (24)
[2015.01.22-20.54.45:669][ 13]LogModuleManager: Shutting down and abandoning module WindowsNoEditorTargetPlatform (23)
[2015.01.22-20.54.45:669][ 13]LogModuleManager: Shutting down and abandoning module WindowsClientTargetPlatform (22)
[2015.01.22-20.54.45:669][ 13]LogModuleManager: Shutting down and abandoning module TargetPlatform (21)
[2015.01.22-20.54.45:669][ 13]LogModuleManager: Shutting down and abandoning module InputCore (20)
[2015.01.22-20.54.45:669][ 13]LogModuleManager: Shutting down and abandoning module Settings (19)
[2015.01.22-20.54.45:669][ 13]LogModuleManager: Shutting down and abandoning module ImageWrapper (18)
[2015.01.22-20.54.45:669][ 13]LogModuleManager: Shutting down and abandoning module OculusRift (15)
[2015.01.22-20.54.45:669][ 13]LogModuleManager: Shutting down and abandoning module ExampleDeviceProfileSelector (14)
[2015.01.22-20.54.45:669][ 13]LogModuleManager: Shutting down and abandoning module TextureCompressor (13)
[2015.01.22-20.54.45:669][ 13]LogModuleManager: Shutting down and abandoning module ShaderCore (12)
[2015.01.22-20.54.45:669][ 13]LogModuleManager: Shutting down and abandoning module Landscape (11)
[2015.01.22-20.54.45:669][ 13]LogModuleManager: Shutting down and abandoning module SlateRHIRenderer (10)
[2015.01.22-20.54.45:672][ 13]LogModuleManager: Shutting down and abandoning module OpenGLDrv (9)
[2015.01.22-20.54.45:672][ 13]LogModuleManager: Shutting down and abandoning module D3D11RHI (8)
[2015.01.22-20.54.45:672][ 13]LogModuleManager: Shutting down and abandoning module Renderer (7)
[2015.01.22-20.54.45:672][ 13]LogModuleManager: Shutting down and abandoning module Engine (6)
[2015.01.22-20.54.45:672][ 13]LogModuleManager: Shutting down and abandoning module CoreUObject (5)
[2015.01.22-20.54.45:672][ 13]LogModuleManager: Shutting down and abandoning module NetworkFile (4)
[2015.01.22-20.54.45:672][ 13]LogModuleManager: Shutting down and abandoning module StreamingFile (3)
[2015.01.22-20.54.45:672][ 13]LogModuleManager: Shutting down and abandoning module SandboxFile (2)
[2015.01.22-20.54.45:672][ 13]LogModuleManager: Shutting down and abandoning module PakFile (1)
[2015.01.22-20.54.45:672][ 13]LogExit: Exiting.
[2015.01.22-20.54.45:678][ 13]Log file closed, 01/22/15 15:54:45
