Log file open, 01/11/15 22:12:38
LogInit:Display: Running engine for game: SpikesGalore
LogInit: Version: 4.6.1-2386410+++depot+UE4-Releases+4.6
LogInit: API Version: 2369412
LogInit: Compiled (64-bit): Dec 11 2014 21:31:39
LogInit: Compiled with Visual C++: 18.00.21005.01
LogInit: Build Configuration: Development
LogInit: Branch Name: ++depot+UE4-Releases+4.6
LogInit: Command line:  /Temp/Autosaves/Game/Maps/UEDPCLevel3 -game -PIEVIACONSOLE -ResX=1280 -ResY=720  -Multiprocess 
LogInit: Base directory: C:/Program Files/Epic Games/4.6/Engine/Binaries/Win64/
LogInit: Rocket: 1
[2015.01.12-03.12.38:727][  0]LogTaskGraph: Started task graph with 3 named threads and 6 total threads.
[2015.01.12-03.12.38:786][  0]LogOnline:Warning: No default platform service specified for OnlineSubsystem
[2015.01.12-03.12.38:811][  0]LogInit: Presizing for 0 objects not considered by GC, pre-allocating 0 bytes.
[2015.01.12-03.12.38:831][  0]LogInit: Object subsystem initialized
[2015.01.12-03.12.38:833][  0]LogConsoleResponse:Warning: Skipping Unknown console variable: 'UIScaleRule = ShortestSide'
[2015.01.12-03.12.38:834][  0]LogConsoleResponse:Warning:   Found in ini file 'C:/Users/Zim/Documents/Unreal Projects/SpikesGalore/Saved/Config/Windows/Engine.ini', in section '[/Script/Engine.RendererSettings]'
[2015.01.12-03.12.38:834][  0]LogConsoleResponse:Warning: Skipping Unknown console variable: 'UIScaleCurve = (EditorCurveData=(Keys=),ExternalCurve=None)'
[2015.01.12-03.12.38:834][  0]LogConsoleResponse:Warning:   Found in ini file 'C:/Users/Zim/Documents/Unreal Projects/SpikesGalore/Saved/Config/Windows/Engine.ini', in section '[/Script/Engine.RendererSettings]'
[2015.01.12-03.12.38:834][  0]LogConsoleManager:Warning: Console variable 'r.MSAA.CompositingSampleCount' wasn't set (Priority ProjectSetting < Scalability)
[2015.01.12-03.12.38:834][  0]LogInit: Selected Device Profile: [Windows]
[2015.01.12-03.12.38:834][  0]LogInit: Applying CVar settings loaded from the selected device profile: [Windows]
[2015.01.12-03.12.38:840][  0]LogInit: Computer: SEAN
[2015.01.12-03.12.38:840][  0]LogInit: User: Zim
[2015.01.12-03.12.38:840][  0]LogInit: CPU Page size=4096, Cores=4
[2015.01.12-03.12.38:840][  0]LogInit: High frequency timer resolution =2.338443 MHz
[2015.01.12-03.12.38:840][  0]LogMemory: Memory total: Physical=15.9GB (16GB approx) Virtual=131072.0GB
[2015.01.12-03.12.38:841][  0]LogMemory: Platform Memory Stats for Windows
[2015.01.12-03.12.38:841][  0]LogMemory: Process Physical Memory: 49.22 MB used, 49.22 MB peak
[2015.01.12-03.12.38:841][  0]LogMemory: Process Virtual Memory: 25.13 MB used, 25.13 MB peak
[2015.01.12-03.12.38:841][  0]LogMemory: Physical Memory: 6657.63 MB used, 16331.28 MB total
[2015.01.12-03.12.38:841][  0]LogMemory: Virtual Memory: 275.67 MB used, 134217728.00 MB total
[2015.01.12-03.12.38:876][  0]LogD3D11RHI: Found D3D11 adapter 0: NVIDIA GeForce GT 750M   (Feature Level 11_0)
[2015.01.12-03.12.38:876][  0]LogD3D11RHI: Adapter has 1985MB of dedicated video memory, 0MB of dedicated system memory, and 2048MB of shared system memory, 1 output[s]
[2015.01.12-03.12.38:906][  0]LogD3D11RHI: Found D3D11 adapter 1: NVIDIA GeForce GT 750M   (Feature Level 11_0)
[2015.01.12-03.12.38:906][  0]LogD3D11RHI: Adapter has 1985MB of dedicated video memory, 0MB of dedicated system memory, and 2048MB of shared system memory, 0 output[s]
[2015.01.12-03.12.38:907][  0]LogD3D11RHI: Found D3D11 adapter 2: Microsoft Basic Render Driver (Feature Level 11_0)
[2015.01.12-03.12.38:907][  0]LogD3D11RHI: Adapter has 0MB of dedicated video memory, 0MB of dedicated system memory, and 256MB of shared system memory, 0 output[s]
[2015.01.12-03.12.38:907][  0]LogD3D11RHI: Chosen D3D11 Adapter Id = 0
[2015.01.12-03.12.38:914][  0]LogRHI: Texture pool is 1361 MB (70% of 1945 MB)
[2015.01.12-03.12.38:931][  0]LogD3D11RHI: Async texture creation enabled
[2015.01.12-03.12.39:007][  0]LogTextLocalizationManager: The requested culture ('en_US') has no localization data; parent culture's ('en') localization data will be used.
[2015.01.12-03.12.39:216][  0]LogContentStreaming: Texture pool size is 1000.000000MB
[2015.01.12-03.12.47:282][  0]LogTargetPlatformManager:Display: Building Assets For Windows
[2015.01.12-03.12.47:996][  0]LogTargetPlatformManager:Display: Building Assets For Windows
[2015.01.12-03.12.48:086][  0]LogDerivedDataCache:Display: Max Cache Size: 512 MB
[2015.01.12-03.12.48:141][  0]LogDerivedDataCache: Loaded boot cache 0.06s 39MB C:/Users/Zim/AppData/Local/UnrealEngine/4.6/DerivedDataCache/Boot.ddc.
[2015.01.12-03.12.48:141][  0]LogDerivedDataCache:Display: Loaded Boot cache: C:/Users/Zim/AppData/Local/UnrealEngine/4.6/DerivedDataCache/Boot.ddc
[2015.01.12-03.12.48:141][  0]LogDerivedDataCache: FDerivedDataBackendGraph:  Pak pak cache file ../../../../../../Users/Zim/Documents/Unreal Projects/SpikesGalore/DerivedDataCache/DDC.ddp not found, will not use a pak cache.
[2015.01.12-03.12.48:141][  0]LogDerivedDataCache: Unable to find inner node Pak for hierarchical cache Hierarchy.
[2015.01.12-03.12.48:241][  0]LogDerivedDataCache:Display: Pak cache opened for reading ../../../Engine/DerivedDataCache/DDC.ddp.
[2015.01.12-03.12.48:253][  0]LogDerivedDataCache: Using Local data cache path C:/Users/Zim/AppData/Local/UnrealEngine/Common/DerivedDataCache: Writable
[2015.01.12-03.12.48:461][  0]LogCollisionProfile:Warning: Profile (UI) - Custom Channel Name = 'Weapon' hasn't been found
[2015.01.12-03.12.48:652][  0]LogMeshUtilities: No automatic mesh reduction module available
[2015.01.12-03.12.48:652][  0]LogMeshUtilities: No automatic mesh merging module available
[2015.01.12-03.12.49:087][  0]LogInit: WinSock: version 1.1 (2.2), MaxSocks=32767, MaxUdp=65467
[2015.01.12-03.12.49:174][  0]LogSlate:Warning: Failed to load font data from '../../../Engine/Content/Slate/Fonts/Roboto-Italic.ttf'
[2015.01.12-03.12.50:363][  0]LogWindowsMoviePlayer: Unable to load movie: ../../../../../../Users/Zim/Documents/Unreal Projects/SpikesGalore/Content/Movies/Default_Startup.mp4
[2015.01.12-03.12.50:574][  0]SourceControl: Info Source control is disabled
[2015.01.12-03.12.50:574][  0]SourceControl: Info Source control is disabled
[2015.01.12-03.12.50:586][  0]SourceControl: Info Source control is disabled
[2015.01.12-03.12.50:644][  0]LogDirectoryWatcher:Warning: Failed to begin reading directory changes for C:/Users/Zim/Documents/Unreal Projects/SpikesGalore/Binaries/Win64. Error: 0
[2015.01.12-03.12.50:719][  0]LogObj: 23338 objects as part of root set at end of initial load.
[2015.01.12-03.12.50:719][  0]LogUObjectAllocator: 4907952 out of 0 bytes used by permanent object pool.
[2015.01.12-03.12.50:788][  0]LogAutomationTest:Warning: ERR: Transient text cannot be serialized "Testing Transient serialization detection".
[2015.01.12-03.12.50:788][  0]LogEngine: Initializing Engine...
[2015.01.12-03.12.52:792][  0]LogHMD:Warning: No Oculus HMD detected! Is Oculus Run-Time installed and service is running?
[2015.01.12-03.12.52:803][  0]LogHMD: Oculus shutdown.
[2015.01.12-03.12.52:965][  0]LogInit: XAudio2 using 'Speakers (Realtek High Definition Audio)' : 2 channels at 48 kHz using 32 bits per sample (channel mask 0x3)
[2015.01.12-03.12.52:975][  0]LogInit: FAudioDevice initialized.
[2015.01.12-03.12.52:978][  0]LogInit: Texture streaming: Enabled
[2015.01.12-03.12.53:078][  0]LogAnalytics: Creating configured Analytics provider AnalyticsET
[2015.01.12-03.12.53:078][  0]LogAnalytics: ET APIKey = Rocket.Release. APIServer = http://et2.epicgames.com/ET2/. AppVersion = 4.6.1-2386410+++depot+UE4-Releases+4.6
[2015.01.12-03.12.53:079][  0]LogAnalytics: SetUserId e818845727fd16b7b8e647cd16e3db7c
[2015.01.12-03.12.53:079][  0]LogAnalytics: AnalyticsET::StartSession [Rocket.Release]
[2015.01.12-03.12.53:105][  0]LogConsoleManager:Warning: Console variable 'r.VSync' wasn't set (Priority Code < GameSetting)
[2015.01.12-03.12.53:105][  0]LogNet: Browse: /Temp/Autosaves/Game/Maps/UEDPCLevel3?Name=Player
[2015.01.12-03.12.53:106][  0]LogLoad: LoadMap: /Temp/Autosaves/Game/Maps/UEDPCLevel3?Name=Player
[2015.01.12-03.12.53:121][  0]LogMemory: Platform Memory Stats for Windows
[2015.01.12-03.12.53:121][  0]LogMemory: Process Physical Memory: 279.60 MB used, 315.52 MB peak
[2015.01.12-03.12.53:121][  0]LogMemory: Process Virtual Memory: 222.66 MB used, 265.08 MB peak
[2015.01.12-03.12.53:121][  0]LogMemory: Physical Memory: 6853.62 MB used, 16331.28 MB total
[2015.01.12-03.12.53:121][  0]LogMemory: Virtual Memory: 659.97 MB used, 134217728.00 MB total
[2015.01.12-03.12.53:121][  0]LogMemory: 
[2015.01.12-03.12.53:121][  0]Allocator Stats for TBB: (not implemented)
[2015.01.12-03.12.53:821][  0]LogWorld: Game class is 'SpikeGame_C'
[2015.01.12-03.12.53:851][  0]LogAIModule: Creating AISystem for world Level3
[2015.01.12-03.12.53:855][  0]LogWorld: Bringing World /Temp/Autosaves/Game/Maps/UEDPCLevel3.Level3 up for play (max tick rate 0) at 2015.01.11-22.12.53
[2015.01.12-03.12.53:855][  0]LogWorld: Bringing up level for play took: 0.003619
[2015.01.12-03.12.53:857][  0]LogInit:Display: Game Engine Initialized.
[2015.01.12-03.12.54:081][  0]LogLoad: Full Startup: 17.46 seconds (BP compile: 0.25 seconds)
[2015.01.12-03.12.54:204][  2]LogRenderer:Warning: Reallocating scene render targets to support 1280x720.
[2015.01.12-03.13.04:495][869]LogEngine: All Windows Closed
[2015.01.12-03.13.04:495][869]LogWindows: FPlatformMisc::RequestExit(0)
[2015.01.12-03.13.04:512][870]LogExit: Preparing to exit.
[2015.01.12-03.13.04:644][870]LogExit: Game engine shut down
[2015.01.12-03.13.04:644][870]LogParticles: Destroying 0 GPU particle simulations for FXSystem 0x00000003A7E599E0
[2015.01.12-03.13.04:673][870]LogExit: Object subsystem successfully closed.
[2015.01.12-03.13.04:719][870]LogModuleManager: Shutting down and abandoning module AndroidDeviceDetection (102)
[2015.01.12-03.13.04:719][870]LogModuleManager: Shutting down and abandoning module AutomationWorker (101)
[2015.01.12-03.13.04:719][870]LogModuleManager: Shutting down and abandoning module CharacterAI (100)
[2015.01.12-03.13.04:719][870]LogModuleManager: Shutting down and abandoning module AITestSuite (99)
[2015.01.12-03.13.04:719][870]LogModuleManager: Shutting down and abandoning module AIModule (98)
[2015.01.12-03.13.04:719][870]LogModuleManager: Shutting down and abandoning module GameLiveStreaming (97)
[2015.01.12-03.13.04:719][870]LogModuleManager: Shutting down and abandoning module StreamingPauseRendering (96)
[2015.01.12-03.13.04:719][870]LogModuleManager: Shutting down and abandoning module HTTP (95)
[2015.01.12-03.13.04:719][870]LogModuleManager: Shutting down and abandoning module AnalyticsET (94)
[2015.01.12-03.13.04:719][870]LogModuleManager: Shutting down and abandoning module Analytics (93)
[2015.01.12-03.13.04:719][870]LogModuleManager: Shutting down and abandoning module ProfilerService (92)
[2015.01.12-03.13.04:756][870]LogModuleManager: Shutting down and abandoning module TaskGraph (91)
[2015.01.12-03.13.04:756][870]LogModuleManager: Shutting down and abandoning module GameplayDebugger (90)
[2015.01.12-03.13.04:756][870]LogModuleManager: Shutting down and abandoning module SlateRemote (89)
[2015.01.12-03.13.04:756][870]LogModuleManager: Shutting down and abandoning module CustomMeshComponent (88)
[2015.01.12-03.13.04:756][870]LogModuleManager: Shutting down and abandoning module CableComponent (87)
[2015.01.12-03.13.04:756][870]LogModuleManager: Shutting down and abandoning module DesktopPlatform (86)
[2015.01.12-03.13.04:756][870]LogModuleManager: Shutting down and abandoning module DirectoryWatcher (85)
[2015.01.12-03.13.04:756][870]LogModuleManager: Shutting down and abandoning module HotReload (84)
[2015.01.12-03.13.04:756][870]LogModuleManager: Shutting down and abandoning module VisualStudioSourceCodeAccess (83)
[2015.01.12-03.13.04:756][870]LogModuleManager: Shutting down and abandoning module UObjectPlugin (82)
[2015.01.12-03.13.04:756][870]LogModuleManager: Shutting down and abandoning module SubversionSourceControl (81)
[2015.01.12-03.13.04:756][870]LogModuleManager: Shutting down and abandoning module SourceControl (80)
[2015.01.12-03.13.04:756][870]LogModuleManager: Shutting down and abandoning module PerforceSourceControl (79)
[2015.01.12-03.13.04:756][870]LogModuleManager: Shutting down and abandoning module BlankPlugin (78)
[2015.01.12-03.13.04:756][870]LogModuleManager: Shutting down and abandoning module ScriptPlugin (77)
[2015.01.12-03.13.04:756][870]LogModuleManager: Shutting down and abandoning module UdpMessaging (76)
[2015.01.12-03.13.04:756][870]LogModuleManager: Shutting down and abandoning module Paper2D (75)
[2015.01.12-03.13.04:756][870]LogModuleManager: Shutting down and abandoning module UE4Game (74)
[2015.01.12-03.13.04:756][870]LogModuleManager: Shutting down and abandoning module WindowsMoviePlayer (73)
[2015.01.12-03.13.04:758][870]LogModuleManager: Shutting down and abandoning module Media (72)
[2015.01.12-03.13.04:758][870]LogModuleManager: Shutting down and abandoning module WmfMedia (71)
[2015.01.12-03.13.04:758][870]LogModuleManager: Shutting down and abandoning module OnlineBlueprintSupport (70)
[2015.01.12-03.13.04:759][870]LogModuleManager: Shutting down and abandoning module PropertyEditor (69)
[2015.01.12-03.13.04:759][870]LogModuleManager: Shutting down and abandoning module BehaviorTreeEditor (68)
[2015.01.12-03.13.04:759][870]LogModuleManager: Shutting down and abandoning module FunctionalTesting (67)
[2015.01.12-03.13.04:759][870]LogModuleManager: Shutting down and abandoning module CollisionAnalyzer (66)
[2015.01.12-03.13.04:759][870]LogModuleManager: Shutting down and abandoning module WorkspaceMenuStructure (65)
[2015.01.12-03.13.04:759][870]LogModuleManager: Shutting down and abandoning module MessageLog (64)
[2015.01.12-03.13.04:759][870]LogModuleManager: Shutting down and abandoning module Sequencer (63)
[2015.01.12-03.13.04:759][870]LogModuleManager: Shutting down and abandoning module AssetTools (62)
[2015.01.12-03.13.04:759][870]LogModuleManager: Shutting down and abandoning module UMGEditor (61)
[2015.01.12-03.13.04:759][870]LogModuleManager: Shutting down and abandoning module UMG (60)
[2015.01.12-03.13.04:759][870]LogModuleManager: Shutting down and abandoning module Slate (59)
[2015.01.12-03.13.04:759][870]LogModuleManager: Shutting down and abandoning module EditorStyle (58)
[2015.01.12-03.13.04:764][870]LogModuleManager: Shutting down and abandoning module SessionServices (57)
[2015.01.12-03.13.04:764][870]LogModuleManager: Shutting down and abandoning module SourceCodeAccess (56)
[2015.01.12-03.13.04:764][870]LogModuleManager: Shutting down and abandoning module HeadMountedDisplay (55)
[2015.01.12-03.13.04:764][870]LogModuleManager: Shutting down and abandoning module XAudio2 (54)
[2015.01.12-03.13.04:764][870]LogModuleManager: Shutting down and abandoning module Networking (52)
[2015.01.12-03.13.04:764][870]LogModuleManager: Shutting down and abandoning module Core (51)
[2015.01.12-03.13.04:764][870]LogModuleManager: Shutting down and abandoning module KismetCompiler (50)
[2015.01.12-03.13.04:764][870]LogModuleManager: Shutting down and abandoning module PhysXFormats (49)
[2015.01.12-03.13.04:764][870]LogModuleManager: Shutting down and abandoning module MeshUtilities (48)
[2015.01.12-03.13.04:764][870]LogModuleManager: Shutting down and abandoning module DerivedDataCache (47)
[2015.01.12-03.13.05:256][870]LogDerivedDataCache: Shutdown
[2015.01.12-03.13.05:256][870]LogModuleManager: Shutting down and abandoning module ShaderFormatOpenGL (46)
[2015.01.12-03.13.05:256][870]LogModuleManager: Shutting down and abandoning module ShaderFormatD3D (45)
[2015.01.12-03.13.05:256][870]LogModuleManager: Shutting down and abandoning module MetalShaderFormat (44)
[2015.01.12-03.13.05:256][870]LogModuleManager: Shutting down and abandoning module TextureFormatUncompressed (43)
[2015.01.12-03.13.05:256][870]LogModuleManager: Shutting down and abandoning module TextureFormatPVR (42)
[2015.01.12-03.13.05:256][870]LogModuleManager: Shutting down and abandoning module TextureFormatDXT (41)
[2015.01.12-03.13.05:256][870]LogModuleManager: Shutting down and abandoning module TextureFormatAndroid (40)
[2015.01.12-03.13.05:256][870]LogModuleManager: Shutting down and abandoning module AudioFormatOpus (39)
[2015.01.12-03.13.05:256][870]LogModuleManager: Shutting down and abandoning module AudioFormatOgg (38)
[2015.01.12-03.13.05:256][870]LogModuleManager: Shutting down and abandoning module AudioFormatADPCM (37)
[2015.01.12-03.13.05:256][870]LogModuleManager: Shutting down and abandoning module LinuxTargetPlatform (36)
[2015.01.12-03.13.05:256][870]LogModuleManager: Shutting down and abandoning module LinuxServerTargetPlatform (35)
[2015.01.12-03.13.05:256][870]LogModuleManager: Shutting down and abandoning module LinuxNoEditorTargetPlatform (34)
[2015.01.12-03.13.05:256][870]LogModuleManager: Shutting down and abandoning module Messaging (33)
[2015.01.12-03.13.05:256][870]LogModuleManager: Shutting down and abandoning module IOSTargetPlatform (32)
[2015.01.12-03.13.05:256][870]LogModuleManager: Shutting down and abandoning module Android_PVRTCTargetPlatform (31)
[2015.01.12-03.13.05:256][870]LogModuleManager: Shutting down and abandoning module Android_ETC2TargetPlatform (30)
[2015.01.12-03.13.05:256][870]LogModuleManager: Shutting down and abandoning module Android_ETC1TargetPlatform (29)
[2015.01.12-03.13.05:256][870]LogModuleManager: Shutting down and abandoning module Android_DXTTargetPlatform (28)
[2015.01.12-03.13.05:256][870]LogModuleManager: Shutting down and abandoning module Android_ATCTargetPlatform (27)
[2015.01.12-03.13.05:256][870]LogModuleManager: Shutting down and abandoning module AndroidTargetPlatform (26)
[2015.01.12-03.13.05:256][870]LogModuleManager: Shutting down and abandoning module WindowsTargetPlatform (25)
[2015.01.12-03.13.05:256][870]LogModuleManager: Shutting down and abandoning module WindowsServerTargetPlatform (24)
[2015.01.12-03.13.05:256][870]LogModuleManager: Shutting down and abandoning module WindowsNoEditorTargetPlatform (23)
[2015.01.12-03.13.05:256][870]LogModuleManager: Shutting down and abandoning module WindowsClientTargetPlatform (22)
[2015.01.12-03.13.05:256][870]LogModuleManager: Shutting down and abandoning module TargetPlatform (21)
[2015.01.12-03.13.05:256][870]LogModuleManager: Shutting down and abandoning module InputCore (20)
[2015.01.12-03.13.05:256][870]LogModuleManager: Shutting down and abandoning module Settings (19)
[2015.01.12-03.13.05:256][870]LogModuleManager: Shutting down and abandoning module ImageWrapper (18)
[2015.01.12-03.13.05:256][870]LogModuleManager: Shutting down and abandoning module OculusRift (15)
[2015.01.12-03.13.05:256][870]LogModuleManager: Shutting down and abandoning module ExampleDeviceProfileSelector (14)
[2015.01.12-03.13.05:256][870]LogModuleManager: Shutting down and abandoning module TextureCompressor (13)
[2015.01.12-03.13.05:256][870]LogModuleManager: Shutting down and abandoning module ShaderCore (12)
[2015.01.12-03.13.05:256][870]LogModuleManager: Shutting down and abandoning module Landscape (11)
[2015.01.12-03.13.05:256][870]LogModuleManager: Shutting down and abandoning module SlateRHIRenderer (10)
[2015.01.12-03.13.05:257][870]LogModuleManager: Shutting down and abandoning module OpenGLDrv (9)
[2015.01.12-03.13.05:257][870]LogModuleManager: Shutting down and abandoning module D3D11RHI (8)
[2015.01.12-03.13.05:257][870]LogModuleManager: Shutting down and abandoning module Renderer (7)
[2015.01.12-03.13.05:257][870]LogModuleManager: Shutting down and abandoning module Engine (6)
[2015.01.12-03.13.05:257][870]LogModuleManager: Shutting down and abandoning module CoreUObject (5)
[2015.01.12-03.13.05:257][870]LogModuleManager: Shutting down and abandoning module NetworkFile (4)
[2015.01.12-03.13.05:257][870]LogModuleManager: Shutting down and abandoning module StreamingFile (3)
[2015.01.12-03.13.05:257][870]LogModuleManager: Shutting down and abandoning module SandboxFile (2)
[2015.01.12-03.13.05:257][870]LogModuleManager: Shutting down and abandoning module PakFile (1)
[2015.01.12-03.13.05:257][870]LogExit: Exiting.
[2015.01.12-03.13.05:259][870]Log file closed, 01/11/15 22:13:05
