Log file open, 01/13/15 21:33:58
LogInit:Display: Running engine for game: SpikesGalore
LogInit: Version: 4.6.1-2386410+++depot+UE4-Releases+4.6
LogInit: API Version: 2369412
LogInit: Compiled (64-bit): Dec 11 2014 21:31:39
LogInit: Compiled with Visual C++: 18.00.21005.01
LogInit: Build Configuration: Development
LogInit: Branch Name: ++depot+UE4-Releases+4.6
LogInit: Command line:  
LogInit: Base directory: C:/Program Files/Epic Games/4.6/Engine/Binaries/Win64/
LogInit: Rocket: 1
[2015.01.14-02.33.58:805][  0]LogTaskGraph: Started task graph with 3 named threads and 6 total threads.
[2015.01.14-02.33.58:859][  0]LogOnline:Warning: No default platform service specified for OnlineSubsystem
[2015.01.14-02.33.58:913][  0]LogInit: Presizing for 0 objects not considered by GC, pre-allocating 0 bytes.
[2015.01.14-02.33.58:922][  0]LogInit: Object subsystem initialized
[2015.01.14-02.33.58:923][  0]LogConsoleResponse:Warning: Skipping Unknown console variable: 'UIScaleRule = ShortestSide'
[2015.01.14-02.33.58:923][  0]LogConsoleResponse:Warning:   Found in ini file 'C:/Users/Zim/Documents/Unreal Projects/SpikesGalore/Saved/Config/Windows/Engine.ini', in section '[/Script/Engine.RendererSettings]'
[2015.01.14-02.33.58:923][  0]LogConsoleResponse:Warning: Skipping Unknown console variable: 'UIScaleCurve = (EditorCurveData=(Keys=),ExternalCurve=None)'
[2015.01.14-02.33.58:923][  0]LogConsoleResponse:Warning:   Found in ini file 'C:/Users/Zim/Documents/Unreal Projects/SpikesGalore/Saved/Config/Windows/Engine.ini', in section '[/Script/Engine.RendererSettings]'
[2015.01.14-02.33.58:924][  0]LogConsoleManager:Warning: Console variable 'r.MSAA.CompositingSampleCount' wasn't set (Priority ProjectSetting < Scalability)
[2015.01.14-02.33.58:924][  0]LogInit: Selected Device Profile: [Windows]
[2015.01.14-02.33.58:924][  0]LogInit: Applying CVar settings loaded from the selected device profile: [Windows]
[2015.01.14-02.33.58:935][  0]LogInit: Computer: SEAN
[2015.01.14-02.33.58:935][  0]LogInit: User: Zim
[2015.01.14-02.33.58:935][  0]LogInit: CPU Page size=4096, Cores=4
[2015.01.14-02.33.58:935][  0]LogInit: High frequency timer resolution =2.338443 MHz
[2015.01.14-02.33.58:935][  0]LogMemory: Memory total: Physical=15.9GB (16GB approx) Virtual=131072.0GB
[2015.01.14-02.33.58:935][  0]LogMemory: Platform Memory Stats for Windows
[2015.01.14-02.33.58:935][  0]LogMemory: Process Physical Memory: 49.26 MB used, 49.26 MB peak
[2015.01.14-02.33.58:935][  0]LogMemory: Process Virtual Memory: 25.20 MB used, 25.20 MB peak
[2015.01.14-02.33.58:935][  0]LogMemory: Physical Memory: 6162.46 MB used, 16331.28 MB total
[2015.01.14-02.33.58:935][  0]LogMemory: Virtual Memory: 275.67 MB used, 134217728.00 MB total
[2015.01.14-02.33.58:962][  0]LogD3D11RHI: Found D3D11 adapter 0: NVIDIA GeForce GT 750M   (Feature Level 11_0)
[2015.01.14-02.33.58:962][  0]LogD3D11RHI: Adapter has 1985MB of dedicated video memory, 0MB of dedicated system memory, and 2048MB of shared system memory, 1 output[s]
[2015.01.14-02.33.58:984][  0]LogD3D11RHI: Found D3D11 adapter 1: NVIDIA GeForce GT 750M   (Feature Level 11_0)
[2015.01.14-02.33.58:984][  0]LogD3D11RHI: Adapter has 1985MB of dedicated video memory, 0MB of dedicated system memory, and 2048MB of shared system memory, 0 output[s]
[2015.01.14-02.33.58:986][  0]LogD3D11RHI: Found D3D11 adapter 2: Microsoft Basic Render Driver (Feature Level 11_0)
[2015.01.14-02.33.58:986][  0]LogD3D11RHI: Adapter has 0MB of dedicated video memory, 0MB of dedicated system memory, and 256MB of shared system memory, 0 output[s]
[2015.01.14-02.33.58:986][  0]LogD3D11RHI: Chosen D3D11 Adapter Id = 0
[2015.01.14-02.33.58:989][  0]LogRHI: Texture pool is 1361 MB (70% of 1945 MB)
[2015.01.14-02.33.59:000][  0]LogD3D11RHI: Async texture creation enabled
[2015.01.14-02.33.59:266][  0]LogTextLocalizationManager: The requested culture ('en_US') has no localization data; parent culture's ('en') localization data will be used.
[2015.01.14-02.33.59:409][  0]LogContentStreaming: Texture pool size is 0.000000MB
[2015.01.14-02.34.05:672][  0]LogTargetPlatformManager:Display: Building Assets For Windows
[2015.01.14-02.34.06:276][  0]LogTargetPlatformManager:Display: Building Assets For Windows
[2015.01.14-02.34.06:338][  0]LogDerivedDataCache:Display: Max Cache Size: 512 MB
[2015.01.14-02.34.06:377][  0]LogDerivedDataCache: Loaded boot cache 0.04s 39MB C:/Users/Zim/AppData/Local/UnrealEngine/4.6/DerivedDataCache/Boot.ddc.
[2015.01.14-02.34.06:377][  0]LogDerivedDataCache:Display: Loaded Boot cache: C:/Users/Zim/AppData/Local/UnrealEngine/4.6/DerivedDataCache/Boot.ddc
[2015.01.14-02.34.06:377][  0]LogDerivedDataCache: FDerivedDataBackendGraph:  Pak pak cache file ../../../../../../Users/Zim/Documents/Unreal Projects/SpikesGalore/DerivedDataCache/DDC.ddp not found, will not use a pak cache.
[2015.01.14-02.34.06:377][  0]LogDerivedDataCache: Unable to find inner node Pak for hierarchical cache Hierarchy.
[2015.01.14-02.34.06:447][  0]LogDerivedDataCache:Display: Pak cache opened for reading ../../../Engine/DerivedDataCache/DDC.ddp.
[2015.01.14-02.34.06:459][  0]LogDerivedDataCache: Using Local data cache path C:/Users/Zim/AppData/Local/UnrealEngine/Common/DerivedDataCache: Writable
[2015.01.14-02.34.08:488][  0]LogCollisionProfile:Warning: Profile (UI) - Custom Channel Name = 'Weapon' hasn't been found
[2015.01.14-02.34.08:678][  0]LogMeshUtilities: No automatic mesh reduction module available
[2015.01.14-02.34.08:678][  0]LogMeshUtilities: No automatic mesh merging module available
[2015.01.14-02.34.09:214][  0]LogInit: WinSock: version 1.1 (2.2), MaxSocks=32767, MaxUdp=65467
[2015.01.14-02.34.09:274][  0]LogSlate:Warning: Failed to load font data from '../../../Engine/Content/Slate/Fonts/Roboto-Italic.ttf'
[2015.01.14-02.34.10:731][  0]UdpMessaging: Initializing bridge on interface 0.0.0.0:0 to multicast group 230.0.0.1:6666.
[2015.01.14-02.34.10:902][  0]LogDirectoryWatcher:Warning: Failed to begin reading directory changes for C:/Users/Zim/Documents/Unreal Projects/SpikesGalore/Binaries/Win64. Error: 0
[2015.01.14-02.34.11:117][  0]SourceControl: Info Source control is disabled
[2015.01.14-02.34.11:117][  0]SourceControl: Info Source control is disabled
[2015.01.14-02.34.11:124][  0]SourceControl: Info Source control is disabled
[2015.01.14-02.34.11:263][  0]LogObj: 23754 objects as part of root set at end of initial load.
[2015.01.14-02.34.11:263][  0]LogUObjectAllocator: 5168128 out of 0 bytes used by permanent object pool.
[2015.01.14-02.34.11:318][  0]LogEngine: Initializing Engine...
[2015.01.14-02.34.11:532][  0]LogInit: XAudio2 using 'Speakers (Realtek High Definition Audio)' : 2 channels at 48 kHz using 32 bits per sample (channel mask 0x3)
[2015.01.14-02.34.11:546][  0]LogInit: FAudioDevice initialized.
[2015.01.14-02.34.11:565][  0]LogAIModule: Creating AISystem for world NewWorld
[2015.01.14-02.34.11:585][  0]LogDerivedDataCache: Saved boot cache 0.02s 39MB C:/Users/Zim/AppData/Local/UnrealEngine/4.6/DerivedDataCache/Boot.ddc.
[2015.01.14-02.34.11:589][  0]LogInit: Texture streaming: Enabled
[2015.01.14-02.34.11:615][  0]LogAnalytics: Creating configured Analytics provider AnalyticsET
[2015.01.14-02.34.11:615][  0]LogAnalytics: ET APIKey = Rocket.Release. APIServer = http://et2.epicgames.com/ET2/. AppVersion = 4.6.1-2386410+++depot+UE4-Releases+4.6
[2015.01.14-02.34.11:616][  0]LogAnalytics: SetUserId e818845727fd16b7b8e647cd16e3db7c
[2015.01.14-02.34.11:616][  0]LogAnalytics: AnalyticsET::StartSession [Rocket.Release]
[2015.01.14-02.34.11:631][  0]LogInit: Transaction tracking system initialized
[2015.01.14-02.34.11:719][  0]BlueprintLog: New page: Editor Load
[2015.01.14-02.34.11:748][  0]LogAssetRegistry: FAssetRegistry took 0.0103 seconds to start up
[2015.01.14-02.34.11:748][  0]LogDirectoryWatcher:Warning: Failed to begin reading directory changes for ../../../Engine/Plugins/Experimental/CharacterAI/Content/. Error: 0
[2015.01.14-02.34.12:283][  0]LogTargetPlatformManager:Display: Building Assets For Windows
[2015.01.14-02.34.12:722][  0]LogTargetPlatformManager:Display: Building Assets For Windows
[2015.01.14-02.34.12:919][  0]LogConsoleResponse:Display: 
[2015.01.14-02.34.13:035][  0]LogLinker:Warning: Asset '../../../Engine/Content/Functions/Engine_MaterialFunctions03/Procedurals/ComputeFilterWidth.uasset' has been saved with empty engine version. The asset will be loaded but may be incompatible.
[2015.01.14-02.34.13:273][  0]SourceControl: Info Source control is disabled
[2015.01.14-02.34.13:273][  0]Cmd: MAP LOAD FILE="../../../../../../Users/Zim/Documents/Unreal Projects/SpikesGalore/Content/Maps/Level1.umap" TEMPLATE=0 SHOWPROGRESS=1
[2015.01.14-02.34.13:276][  0]LightingResults: New page: Lighting Build
[2015.01.14-02.34.13:285][  0]MapCheck: New page: Map Check
[2015.01.14-02.34.13:285][  0]LightingResults: New page: Lighting Build
[2015.01.14-02.34.13:293][  0]LogParticles: Destroying 0 GPU particle simulations for FXSystem 0x000000288C1BD940
[2015.01.14-02.34.14:032][  0]LogEditorServer: Finished looking for orphan Actors (0.000 secs)
[2015.01.14-02.34.14:032][  0]LogAIModule: Creating AISystem for world Level1
[2015.01.14-02.34.14:032][  0]Cmd: MAP CHECKDEP
[2015.01.14-02.34.14:032][  0]MapCheck: New page: Level1 - Jan 13, 2015, 4:34:14 PM
[2015.01.14-02.34.14:122][  0]MapCheck: Info Map check complete: 0 Error(s), 0 Warning(s), took 89.588ms to complete.
[2015.01.14-02.34.14:122][  0]LogFileHelpers: Loading map 'Level1' took 0.849
[2015.01.14-02.34.14:215][  0]LogCollectionManager: Loaded 0 collections in 0.001007 seconds
[2015.01.14-02.34.14:386][  0]LogCrashTracker: Crashtracker disabled due to settings.
[2015.01.14-02.34.14:392][  0]LogUObjectGlobals:Warning: Failed to find object 'Class None.'
[2015.01.14-02.34.14:417][  0]LogLoad: Full Startup: 18.41 seconds (BP compile: 0.19 seconds)
[2015.01.14-02.34.14:763][  0]LogContentBrowser:Verbose: The content browser source was changed by the sources view to '/Game/Sprites'
[2015.01.14-02.34.14:946][  0]LogRenderer:Warning: Reallocating scene render targets to support 1200x896.
[2015.01.14-02.34.16:097][  4]LogAssetRegistry: Asset discovery search completed in 4.3593 seconds
[2015.01.14-02.42.11:124][571]LogContentBrowser:Verbose: The content browser source was changed by the sources view to '/Game/Maps'
[2015.01.14-02.42.12:894][665]LogActorComponent: UnregisterComponent: (/Engine/Transient.ProjectileMovementComponent_0) Not registered. Aborting.
[2015.01.14-02.42.12:929][665]Cmd: MAP LOAD FILE="../../../../../../Users/Zim/Documents/Unreal Projects/SpikesGalore/Content/Maps/Level4.umap" TEMPLATE=0 SHOWPROGRESS=1
[2015.01.14-02.42.12:929][665]LightingResults: New page: Lighting Build
[2015.01.14-02.42.12:960][665]LoadErrors: New page: Loading map: Level4.umap
[2015.01.14-02.42.12:961][665]MapCheck: New page: Map Check
[2015.01.14-02.42.12:961][665]LightingResults: New page: Lighting Build
[2015.01.14-02.42.12:973][665]LogParticles: Destroying 0 GPU particle simulations for FXSystem 0x0000002885B91DA0
[2015.01.14-02.42.13:011][665]LogEditorServer: Finished looking for orphan Actors (0.000 secs)
[2015.01.14-02.42.13:011][665]LogAIModule: Creating AISystem for world Level4
[2015.01.14-02.42.13:106][665]Cmd: MAP CHECKDEP
[2015.01.14-02.42.13:106][665]MapCheck: New page: Level4 - Jan 13, 2015, 4:42:13 PM
[2015.01.14-02.42.13:203][665]MapCheck: Info Map check complete: 0 Error(s), 0 Warning(s), took 96.627ms to complete.
[2015.01.14-02.42.13:203][665]LogFileHelpers: Loading map 'Level4' took 0.277
[2015.01.14-02.57.05:459][ 59]LogActorComponent: UnregisterComponent: (/Engine/Transient.ProjectileMovementComponent_1) Not registered. Aborting.
[2015.01.14-02.57.05:483][ 59]Cmd: OBJ SAVEPACKAGE PACKAGE="/Game/Maps/Level5" FILE="../../../../../../Users/Zim/Documents/Unreal Projects/SpikesGalore/Content/Maps/Level5.umap" SILENT=true AUTOSAVING=false KEEPDIRTY=false
[2015.01.14-02.57.05:545][ 59]LogSavePackage: Save=41.778652ms
[2015.01.14-02.57.05:545][ 59]LogSavePackage: Moving '../../../../../../Users/Zim/Documents/Unreal Projects/SpikesGalore/Saved/Level5250B664F47CC431EECEAC59C142047AC.tmp' to '../../../../../../Users/Zim/Documents/Unreal Projects/SpikesGalore/Content/Maps/Level5.umap'
[2015.01.14-02.57.05:672][ 59]LogFileHelpers: Saving map 'Level5' took 0.576
[2015.01.14-02.57.44:420][123]LogEditorViewport: Clicking on Actor (LMB): PaperSpriteActor (Platform_2)
[2015.01.14-02.57.44:431][123]LogPropertyNode:Warning: UI Min (0.001) >= UI Max () for Ranged Numeric
[2015.01.14-02.57.47:582][305]Cmd: DELETE
[2015.01.14-02.57.47:582][305]Cmd: ACTOR DELETE
[2015.01.14-02.57.47:583][305]LogEditorActor: Deleted Actor: PaperSpriteActor
[2015.01.14-02.57.47:611][305]LogEditorActor: Deleted 1 Actors (0.029 secs)
[2015.01.14-02.57.49:181][398]LogEditorViewport: Clicking on Actor (LMB): Apple_C (Apple2)
[2015.01.14-02.57.50:033][446]Cmd: DELETE
[2015.01.14-02.57.50:033][446]Cmd: ACTOR DELETE
[2015.01.14-02.57.50:034][446]LogEditorActor: Deleted Actor: Apple_C
[2015.01.14-02.57.50:064][446]LogEditorActor: Deleted 1 Actors (0.030 secs)
[2015.01.14-02.57.51:932][557]LogEditorViewport: Clicking on Actor (LMB): Apple_C (Apple)
[2015.01.14-02.57.52:638][597]Cmd: DELETE
[2015.01.14-02.57.52:638][597]Cmd: ACTOR DELETE
[2015.01.14-02.57.52:639][597]LogEditorActor: Deleted Actor: Apple_C
[2015.01.14-02.57.52:662][597]LogEditorActor: Deleted 1 Actors (0.024 secs)
[2015.01.14-02.57.54:058][680]LogEditorViewport: Clicking on Actor (LMB): PaperSpriteActor (Platform_1)
[2015.01.14-02.57.54:074][680]LogPropertyNode:Warning: UI Min (0.001) >= UI Max () for Ranged Numeric
[2015.01.14-02.58.07:900][472]LogEditorViewport: Clicking on Actor (LMB): PaperSpriteActor (Sky)
[2015.01.14-02.58.07:910][472]LogPropertyNode:Warning: UI Min (0.001) >= UI Max () for Ranged Numeric
[2015.01.14-02.58.09:402][557]LogEditorViewport: Clicking on Actor (LMB): PlayerStart (PlayerStart)
[2015.01.14-02.58.12:281][719]LogNavigationPoint: PostEditMove Clear paths rebuilt
[2015.01.14-02.58.15:672][918]LogContentBrowser:Verbose: The content browser source was changed by the sources view to '/Game/Blueprints'
[2015.01.14-02.58.18:561][ 65]LogContentBrowser:Verbose: The content browser source was changed by the sources view to '/Game/Sprites'
[2015.01.14-02.58.23:413][343]LogEditorViewport: Clicking on Actor (LMB): PaperSpriteActor (Platform_1)
[2015.01.14-02.58.23:424][343]LogPropertyNode:Warning: UI Min (0.001) >= UI Max () for Ranged Numeric
[2015.01.14-02.58.24:796][417]LogPropertyNode:Warning: UI Min (0.001) >= UI Max () for Ranged Numeric
[2015.01.14-02.58.24:820][417]LogPropertyNode:Warning: UI Min (0.001) >= UI Max () for Ranged Numeric
[2015.01.14-02.58.38:844][194]LogEditorViewport: Clicking on Actor (LMB): PaperSpriteActor (Billboard4_Sprite)
[2015.01.14-02.58.38:854][194]LogPropertyNode:Warning: UI Min (0.001) >= UI Max () for Ranged Numeric
[2015.01.14-02.58.39:771][246]Cmd: DELETE
[2015.01.14-02.58.39:771][246]Cmd: ACTOR DELETE
[2015.01.14-02.58.39:772][246]LogEditorActor: Deleted Actor: PaperSpriteActor
[2015.01.14-02.58.39:772][246]LogActorComponent: UnregisterComponent: (/Engine/Transient.CharacterMovementComponent_0) Not registered. Aborting.
[2015.01.14-02.58.39:772][246]LogActorComponent: UnregisterComponent: (/Engine/Transient.ProjectileMovementComponent_2) Not registered. Aborting.
[2015.01.14-02.58.39:795][246]LogEditorActor: Deleted 1 Actors (0.023 secs)
[2015.01.14-02.58.42:688][414]BlueprintLog: New page: Pre-PIE auto-recompile
[2015.01.14-02.58.42:693][414]LogPlayLevel: [PIE] Compiling Tutorial_BP_MacroLib before PIE...
[2015.01.14-02.58.42:753][414]LogPlayLevel: [PIE] Compiling Level5 before PIE...
[2015.01.14-02.58.42:839][414]LogPlayLevel: PIE:  Blueprint regeneration took 150 ms (2 blueprints)
[2015.01.14-02.58.42:839][414]PIE: New page: PIE session: Level5 (Jan 13, 2015, 4:58:42 PM)
[2015.01.14-02.58.42:842][414]LogPlayLevel: PIE: StaticDuplicateObject took: (0.002065s)
[2015.01.14-02.58.42:842][414]LogPlayLevel: PIE: World Init took: (0.000662s)
[2015.01.14-02.58.42:843][414]LogPlayLevel: PIE: Created PIE world by copying editor world from /Game/Maps/Level5.Level5 to /Game/Maps/UEDPIE_0_Level5.Level5 (0.002925s)
[2015.01.14-02.58.42:920][414]LogWorld: Game class is 'SpikeGame_C'
[2015.01.14-02.58.42:922][414]LogAIModule: Creating AISystem for world Level5
[2015.01.14-02.58.42:923][414]LogWorld: Bringing World /Game/Maps/UEDPIE_0_Level5.Level5 up for play (max tick rate 60) at 2015.01.13-21.58.42
[2015.01.14-02.58.42:924][414]LogWorld: Bringing up level for play took: 0.001400
[2015.01.14-02.58.42:925][414]PIE: Info Play in editor start time for /Game/Maps/UEDPIE_0_Level5 0.564
[2015.01.14-02.58.47:719][693]LogParticles: Destroying 0 GPU particle simulations for FXSystem 0x000000288A4A5440
[2015.01.14-02.58.49:150][777]LogEditorViewport: Clicking on Actor (LMB): PaperSpriteActor (Platform_2)
[2015.01.14-02.58.49:161][777]LogPropertyNode:Warning: UI Min (0.001) >= UI Max () for Ranged Numeric
[2015.01.14-02.58.51:514][901]BlueprintLog: New page: Pre-PIE auto-recompile
[2015.01.14-02.58.51:521][901]LogPlayLevel: [PIE] Compiling Level5 before PIE...
[2015.01.14-02.58.51:609][901]LogPlayLevel: PIE:  Blueprint regeneration took 94 ms (1 blueprints)
[2015.01.14-02.58.51:609][901]PIE: New page: PIE session: Level5 (Jan 13, 2015, 4:58:51 PM)
[2015.01.14-02.58.51:611][901]LogPlayLevel: PIE: StaticDuplicateObject took: (0.001977s)
[2015.01.14-02.58.51:612][901]LogPlayLevel: PIE: World Init took: (0.000858s)
[2015.01.14-02.58.51:612][901]LogPlayLevel: PIE: Created PIE world by copying editor world from /Game/Maps/Level5.Level5 to /Game/Maps/UEDPIE_0_Level5.Level5 (0.003059s)
[2015.01.14-02.58.51:647][901]LogWorld: Game class is 'SpikeGame_C'
[2015.01.14-02.58.51:649][901]LogAIModule: Creating AISystem for world Level5
[2015.01.14-02.58.51:651][901]LogWorld: Bringing World /Game/Maps/UEDPIE_0_Level5.Level5 up for play (max tick rate 60) at 2015.01.13-21.58.51
[2015.01.14-02.58.51:652][901]LogWorld: Bringing up level for play took: 0.002040
[2015.01.14-02.58.51:655][901]PIE: Info Play in editor start time for /Game/Maps/UEDPIE_0_Level5 -0.708
[2015.01.14-02.58.53:605][ 13]LogPropertyNode:Warning: UI Min (0.001) >= UI Max () for Ranged Numeric
[2015.01.14-02.58.53:656][ 13]LogParticles: Destroying 0 GPU particle simulations for FXSystem 0x000000288FF28860
[2015.01.14-02.58.56:870][190]BlueprintLog: New page: Pre-PIE auto-recompile
[2015.01.14-02.58.56:875][190]LogPlayLevel: [PIE] Compiling Level5 before PIE...
[2015.01.14-02.58.56:973][190]LogPlayLevel: PIE:  Blueprint regeneration took 103 ms (1 blueprints)
[2015.01.14-02.58.56:974][190]PIE: New page: PIE session: Level5 (Jan 13, 2015, 4:58:56 PM)
[2015.01.14-02.58.56:976][190]LogPlayLevel: PIE: StaticDuplicateObject took: (0.002068s)
[2015.01.14-02.58.56:977][190]LogPlayLevel: PIE: World Init took: (0.000633s)
[2015.01.14-02.58.56:977][190]LogPlayLevel: PIE: Created PIE world by copying editor world from /Game/Maps/Level5.Level5 to /Game/Maps/UEDPIE_0_Level5.Level5 (0.003056s)
[2015.01.14-02.58.57:016][190]LogWorld: Game class is 'SpikeGame_C'
[2015.01.14-02.58.57:018][190]LogAIModule: Creating AISystem for world Level5
[2015.01.14-02.58.57:020][190]LogWorld: Bringing World /Game/Maps/UEDPIE_0_Level5.Level5 up for play (max tick rate 60) at 2015.01.13-21.58.57
[2015.01.14-02.58.57:020][190]LogWorld: Bringing up level for play took: 0.001503
[2015.01.14-02.58.57:022][190]PIE: Info Play in editor start time for /Game/Maps/UEDPIE_0_Level5 0.66
[2015.01.14-02.59.10:170][972]LogPropertyNode:Warning: UI Min (0.001) >= UI Max () for Ranged Numeric
[2015.01.14-02.59.10:221][972]LogParticles: Destroying 0 GPU particle simulations for FXSystem 0x000000288FF2AC00
[2015.01.14-02.59.12:566][ 98]LogEditorViewport: Clicking on Actor (LMB): PaperSpriteActor (Sky)
[2015.01.14-02.59.12:577][ 98]LogPropertyNode:Warning: UI Min (0.001) >= UI Max () for Ranged Numeric
[2015.01.14-02.59.13:592][146]BlueprintLog: New page: Pre-PIE auto-recompile
[2015.01.14-02.59.13:599][146]LogPlayLevel: [PIE] Compiling Level5 before PIE...
[2015.01.14-02.59.13:696][146]LogPlayLevel: PIE:  Blueprint regeneration took 103 ms (1 blueprints)
[2015.01.14-02.59.13:696][146]PIE: New page: PIE session: Level5 (Jan 13, 2015, 4:59:13 PM)
[2015.01.14-02.59.13:698][146]LogPlayLevel: PIE: StaticDuplicateObject took: (0.002001s)
[2015.01.14-02.59.13:699][146]LogPlayLevel: PIE: World Init took: (0.000555s)
[2015.01.14-02.59.13:699][146]LogPlayLevel: PIE: Created PIE world by copying editor world from /Game/Maps/Level5.Level5 to /Game/Maps/UEDPIE_0_Level5.Level5 (0.002728s)
[2015.01.14-02.59.13:731][146]LogWorld: Game class is 'SpikeGame_C'
[2015.01.14-02.59.13:733][146]LogAIModule: Creating AISystem for world Level5
[2015.01.14-02.59.13:734][146]LogWorld: Bringing World /Game/Maps/UEDPIE_0_Level5.Level5 up for play (max tick rate 60) at 2015.01.13-21.59.13
[2015.01.14-02.59.13:734][146]LogWorld: Bringing up level for play took: 0.001375
[2015.01.14-02.59.13:736][146]PIE: Info Play in editor start time for /Game/Maps/UEDPIE_0_Level5 -0.626
[2015.01.14-02.59.21:393][601]LogPropertyNode:Warning: UI Min (0.001) >= UI Max () for Ranged Numeric
[2015.01.14-02.59.21:440][601]LogParticles: Destroying 0 GPU particle simulations for FXSystem 0x00000028850F8400
[2015.01.14-02.59.22:678][670]LogEditorViewport: Clicking on Actor (LMB): PaperSpriteActor (Platform_2)
[2015.01.14-02.59.22:689][670]LogPropertyNode:Warning: UI Min (0.001) >= UI Max () for Ranged Numeric
[2015.01.14-02.59.31:359][146]LogPropertyNode:Warning: UI Min (0.001) >= UI Max () for Ranged Numeric
[2015.01.14-02.59.31:387][146]LogPropertyNode:Warning: UI Min (0.001) >= UI Max () for Ranged Numeric
[2015.01.14-02.59.36:910][441]BlueprintLog: New page: Pre-PIE auto-recompile
[2015.01.14-02.59.36:918][441]LogPlayLevel: [PIE] Compiling Level5 before PIE...
[2015.01.14-02.59.37:010][441]LogPlayLevel: PIE:  Blueprint regeneration took 100 ms (1 blueprints)
[2015.01.14-02.59.37:010][441]PIE: New page: PIE session: Level5 (Jan 13, 2015, 4:59:37 PM)
[2015.01.14-02.59.37:014][441]LogPlayLevel: PIE: StaticDuplicateObject took: (0.003591s)
[2015.01.14-02.59.37:015][441]LogPlayLevel: PIE: World Init took: (0.000831s)
[2015.01.14-02.59.37:015][441]LogPlayLevel: PIE: Created PIE world by copying editor world from /Game/Maps/Level5.Level5 to /Game/Maps/UEDPIE_0_Level5.Level5 (0.004650s)
[2015.01.14-02.59.37:048][441]LogWorld: Game class is 'SpikeGame_C'
[2015.01.14-02.59.37:050][441]LogAIModule: Creating AISystem for world Level5
[2015.01.14-02.59.37:051][441]LogWorld: Bringing World /Game/Maps/UEDPIE_0_Level5.Level5 up for play (max tick rate 60) at 2015.01.13-21.59.37
[2015.01.14-02.59.37:052][441]LogWorld: Bringing up level for play took: 0.001435
[2015.01.14-02.59.37:053][441]PIE: Info Play in editor start time for /Game/Maps/UEDPIE_0_Level5 0.691
[2015.01.14-02.59.39:911][608]LogPropertyNode:Warning: UI Min (0.001) >= UI Max () for Ranged Numeric
[2015.01.14-02.59.39:955][608]LogParticles: Destroying 0 GPU particle simulations for FXSystem 0x000000289524D1C0
[2015.01.14-02.59.44:680][870]BlueprintLog: New page: Pre-PIE auto-recompile
[2015.01.14-02.59.44:685][870]LogPlayLevel: [PIE] Compiling Level5 before PIE...
[2015.01.14-02.59.44:784][870]LogPlayLevel: PIE:  Blueprint regeneration took 102 ms (1 blueprints)
[2015.01.14-02.59.44:784][870]PIE: New page: PIE session: Level5 (Jan 13, 2015, 4:59:44 PM)
[2015.01.14-02.59.44:787][870]LogPlayLevel: PIE: StaticDuplicateObject took: (0.002465s)
[2015.01.14-02.59.44:787][870]LogPlayLevel: PIE: World Init took: (0.000797s)
[2015.01.14-02.59.44:788][870]LogPlayLevel: PIE: Created PIE world by copying editor world from /Game/Maps/Level5.Level5 to /Game/Maps/UEDPIE_0_Level5.Level5 (0.003540s)
[2015.01.14-02.59.44:825][870]LogWorld: Game class is 'SpikeGame_C'
[2015.01.14-02.59.44:827][870]LogAIModule: Creating AISystem for world Level5
[2015.01.14-02.59.44:828][870]LogWorld: Bringing World /Game/Maps/UEDPIE_0_Level5.Level5 up for play (max tick rate 60) at 2015.01.13-21.59.44
[2015.01.14-02.59.44:829][870]LogWorld: Bringing up level for play took: 0.001380
[2015.01.14-02.59.44:830][870]PIE: Info Play in editor start time for /Game/Maps/UEDPIE_0_Level5 0.468
[2015.01.14-02.59.48:973][111]LogPropertyNode:Warning: UI Min (0.001) >= UI Max () for Ranged Numeric
[2015.01.14-02.59.49:020][111]LogParticles: Destroying 0 GPU particle simulations for FXSystem 0x000000289524CF40
[2015.01.14-02.59.52:166][285]BlueprintLog: New page: Pre-PIE auto-recompile
[2015.01.14-02.59.52:170][285]LogPlayLevel: [PIE] Compiling Level5 before PIE...
[2015.01.14-02.59.52:254][285]LogPlayLevel: PIE:  Blueprint regeneration took 87 ms (1 blueprints)
[2015.01.14-02.59.52:254][285]PIE: New page: PIE session: Level5 (Jan 13, 2015, 4:59:52 PM)
[2015.01.14-02.59.52:256][285]LogPlayLevel: PIE: StaticDuplicateObject took: (0.002064s)
[2015.01.14-02.59.52:257][285]LogPlayLevel: PIE: World Init took: (0.000578s)
[2015.01.14-02.59.52:257][285]LogPlayLevel: PIE: Created PIE world by copying editor world from /Game/Maps/Level5.Level5 to /Game/Maps/UEDPIE_0_Level5.Level5 (0.002813s)
[2015.01.14-02.59.52:293][285]LogWorld: Game class is 'SpikeGame_C'
[2015.01.14-02.59.52:295][285]LogAIModule: Creating AISystem for world Level5
[2015.01.14-02.59.52:297][285]LogWorld: Bringing World /Game/Maps/UEDPIE_0_Level5.Level5 up for play (max tick rate 60) at 2015.01.13-21.59.52
[2015.01.14-02.59.52:297][285]LogWorld: Bringing up level for play took: 0.001590
[2015.01.14-02.59.52:299][285]PIE: Info Play in editor start time for /Game/Maps/UEDPIE_0_Level5 -0.063
[2015.01.14-03.00.09:448][306]LogPropertyNode:Warning: UI Min (0.001) >= UI Max () for Ranged Numeric
[2015.01.14-03.00.09:501][306]LogParticles: Destroying 0 GPU particle simulations for FXSystem 0x00000028850F8400
[2015.01.14-03.00.12:102][446]LogPropertyNode:Warning: UI Min (0.001) >= UI Max () for Ranged Numeric
[2015.01.14-03.00.12:126][446]LogPropertyNode:Warning: UI Min (0.001) >= UI Max () for Ranged Numeric
[2015.01.14-03.00.18:774][801]BlueprintLog: New page: Pre-PIE auto-recompile
[2015.01.14-03.00.18:780][801]LogPlayLevel: [PIE] Compiling Level5 before PIE...
[2015.01.14-03.00.18:876][801]LogPlayLevel: PIE:  Blueprint regeneration took 102 ms (1 blueprints)
[2015.01.14-03.00.18:877][801]PIE: New page: PIE session: Level5 (Jan 13, 2015, 5:00:18 PM)
[2015.01.14-03.00.18:880][801]LogPlayLevel: PIE: StaticDuplicateObject took: (0.003078s)
[2015.01.14-03.00.18:881][801]LogPlayLevel: PIE: World Init took: (0.000687s)
[2015.01.14-03.00.18:881][801]LogPlayLevel: PIE: Created PIE world by copying editor world from /Game/Maps/Level5.Level5 to /Game/Maps/UEDPIE_0_Level5.Level5 (0.003986s)
[2015.01.14-03.00.18:916][801]LogWorld: Game class is 'SpikeGame_C'
[2015.01.14-03.00.18:918][801]LogAIModule: Creating AISystem for world Level5
[2015.01.14-03.00.18:920][801]LogWorld: Bringing World /Game/Maps/UEDPIE_0_Level5.Level5 up for play (max tick rate 60) at 2015.01.13-22.00.18
[2015.01.14-03.00.18:920][801]LogWorld: Bringing up level for play took: 0.001676
[2015.01.14-03.00.18:922][801]PIE: Info Play in editor start time for /Game/Maps/UEDPIE_0_Level5 0.56
[2015.01.14-03.00.23:923][ 96]LogPropertyNode:Warning: UI Min (0.001) >= UI Max () for Ranged Numeric
[2015.01.14-03.00.23:971][ 96]LogParticles: Destroying 0 GPU particle simulations for FXSystem 0x000000288AAF1C60
[2015.01.14-03.00.25:240][164]LogEditorViewport: Clicking on Actor (LMB): Flag_C (Flag)
[2015.01.14-03.00.33:473][605]LogEditorViewport: Clicking on Actor (LMB): PaperSpriteActor (Sky)
[2015.01.14-03.00.33:487][605]LogPropertyNode:Warning: UI Min (0.001) >= UI Max () for Ranged Numeric
[2015.01.14-03.00.34:420][652]LogEditorViewport: Clicking on Actor (LMB): Flag_C (Flag)
[2015.01.14-03.00.37:474][827]LogEditorViewport: Clicking on Actor (LMB): Flag_C (Flag)
[2015.01.14-03.00.38:278][872]LogEditorViewport: Clicking on Actor (LMB): PaperSpriteActor (Sky)
[2015.01.14-03.00.38:290][872]LogPropertyNode:Warning: UI Min (0.001) >= UI Max () for Ranged Numeric
[2015.01.14-03.00.45:450][236]Cmd: OBJ SAVEPACKAGE PACKAGE="/Game/Maps/Level5" FILE="../../../../../../Users/Zim/Documents/Unreal Projects/SpikesGalore/Content/Maps/Level5.umap" SILENT=true AUTOSAVING=false KEEPDIRTY=false
[2015.01.14-03.00.45:604][236]LogSavePackage: Save=42.591160ms
[2015.01.14-03.00.45:604][236]LogSavePackage: Moving '../../../../../../Users/Zim/Documents/Unreal Projects/SpikesGalore/Saved/Level563831D5748165E8D35CA5682F53BB746.tmp' to '../../../../../../Users/Zim/Documents/Unreal Projects/SpikesGalore/Content/Maps/Level5.umap'
[2015.01.14-03.00.47:895][359]LogContentBrowser:Verbose: The content browser source was changed by the sources view to '/Game/Maps'
[2015.01.14-03.00.48:775][396]Cmd: MAP LOAD FILE="../../../../../../Users/Zim/Documents/Unreal Projects/SpikesGalore/Content/Maps/Level1.umap" TEMPLATE=0 SHOWPROGRESS=1
[2015.01.14-03.00.48:775][396]LightingResults: New page: Lighting Build
[2015.01.14-03.00.48:819][396]LoadErrors: New page: Loading map: Level1.umap
[2015.01.14-03.00.48:820][396]MapCheck: New page: Map Check
[2015.01.14-03.00.48:820][396]LightingResults: New page: Lighting Build
[2015.01.14-03.00.48:841][396]LogParticles: Destroying 0 GPU particle simulations for FXSystem 0x00000028956D1C60
[2015.01.14-03.00.48:919][396]LogEditorServer: Finished looking for orphan Actors (0.000 secs)
[2015.01.14-03.00.48:919][396]LogAIModule: Creating AISystem for world Level1
[2015.01.14-03.00.49:038][396]Cmd: MAP CHECKDEP
[2015.01.14-03.00.49:038][396]MapCheck: New page: Level1 - Jan 13, 2015, 5:00:49 PM
[2015.01.14-03.00.49:180][396]MapCheck: Info Map check complete: 0 Error(s), 0 Warning(s), took 141.848ms to complete.
[2015.01.14-03.00.49:180][396]LogFileHelpers: Loading map 'Level1' took 0.409
[2015.01.14-03.00.50:343][461]BlueprintLog: New page: Pre-PIE auto-recompile
[2015.01.14-03.00.50:343][461]LogPlayLevel: [PIE] Compiling Level1 before PIE...
[2015.01.14-03.00.50:406][461]LogActorComponent: UnregisterComponent: (/Engine/Transient.ProjectileMovementComponent_3) Not registered. Aborting.
[2015.01.14-03.00.50:431][461]LogPlayLevel: PIE:  Blueprint regeneration took 88 ms (1 blueprints)
[2015.01.14-03.00.50:431][461]PIE: New page: PIE session: Level1 (Jan 13, 2015, 5:00:50 PM)
[2015.01.14-03.00.50:434][461]LogPlayLevel: PIE: StaticDuplicateObject took: (0.002836s)
[2015.01.14-03.00.50:435][461]LogPlayLevel: PIE: World Init took: (0.000818s)
[2015.01.14-03.00.50:435][461]LogPlayLevel: PIE: Created PIE world by copying editor world from /Game/Maps/Level1.Level1 to /Game/Maps/UEDPIE_0_Level1.Level1 (0.003907s)
[2015.01.14-03.00.50:469][461]LogWorld: Game class is 'SpikeGame_C'
[2015.01.14-03.00.50:471][461]LogAIModule: Creating AISystem for world Level1
[2015.01.14-03.00.50:472][461]LogWorld: Bringing World /Game/Maps/UEDPIE_0_Level1.Level1 up for play (max tick rate 60) at 2015.01.13-22.00.50
[2015.01.14-03.00.50:472][461]LogWorld: Bringing up level for play took: 0.001514
[2015.01.14-03.00.50:474][461]PIE: Info Play in editor start time for /Game/Maps/UEDPIE_0_Level1 0.112
[2015.01.14-03.00.55:111][726]LogPackageName: SearchForPackageOnDisk took   0.135s to resolve Level2.umap
[2015.01.14-03.00.55:248][727]LogPackageName: SearchForPackageOnDisk took   0.126s to resolve Level2.umap
[2015.01.14-03.00.55:248][727]LogNet: Browse: /Game/Maps/Level2
[2015.01.14-03.00.55:248][727]LogLoad: LoadMap: /Game/Maps/Level2
[2015.01.14-03.00.55:277][727]LogParticles: Destroying 0 GPU particle simulations for FXSystem 0x0000002892718B80
[2015.01.14-03.00.55:277][727]Cmd: MEM
[2015.01.14-03.00.55:302][727]LogMemory: Platform Memory Stats for Windows
[2015.01.14-03.00.55:302][727]LogMemory: Process Physical Memory: 469.88 MB used, 470.61 MB peak
[2015.01.14-03.00.55:302][727]LogMemory: Process Virtual Memory: 370.11 MB used, 370.27 MB peak
[2015.01.14-03.00.55:302][727]LogMemory: Physical Memory: 6664.38 MB used, 16331.28 MB total
[2015.01.14-03.00.55:302][727]LogMemory: Virtual Memory: 878.13 MB used, 134217728.00 MB total
[2015.01.14-03.00.55:302][727]LogMemory: 
[2015.01.14-03.00.55:302][727]Allocator Stats for TBB: (not implemented)
[2015.01.14-03.00.55:571][727]LogWorld: Game class is 'SpikeGame_C'
[2015.01.14-03.00.55:573][727]LogAIModule: Creating AISystem for world Level2
[2015.01.14-03.00.55:576][727]LogWorld: Bringing World /Game/Maps/UEDPIE_0_Level2.Level2 up for play (max tick rate 60) at 2015.01.13-22.00.55
[2015.01.14-03.00.55:577][727]LogWorld: Bringing up level for play took: 0.003178
[2015.01.14-03.00.58:795][912]LogPackageName: SearchForPackageOnDisk took   0.126s to resolve Level3.umap
[2015.01.14-03.00.58:937][913]LogPackageName: SearchForPackageOnDisk took   0.131s to resolve Level3.umap
[2015.01.14-03.00.58:937][913]LogNet: Browse: /Game/Maps/Level3
[2015.01.14-03.00.58:937][913]LogLoad: LoadMap: /Game/Maps/Level3
[2015.01.14-03.00.58:961][913]LogParticles: Destroying 0 GPU particle simulations for FXSystem 0x0000002895852AC0
[2015.01.14-03.00.58:961][913]Cmd: MEM
[2015.01.14-03.00.58:986][913]LogMemory: Platform Memory Stats for Windows
[2015.01.14-03.00.58:986][913]LogMemory: Process Physical Memory: 473.43 MB used, 478.75 MB peak
[2015.01.14-03.00.58:986][913]LogMemory: Process Virtual Memory: 370.11 MB used, 375.53 MB peak
[2015.01.14-03.00.58:986][913]LogMemory: Physical Memory: 6667.79 MB used, 16331.28 MB total
[2015.01.14-03.00.58:986][913]LogMemory: Virtual Memory: 878.13 MB used, 134217728.00 MB total
[2015.01.14-03.00.58:986][913]LogMemory: 
[2015.01.14-03.00.58:986][913]Allocator Stats for TBB: (not implemented)
[2015.01.14-03.00.59:162][913]LogWorld: Game class is 'SpikeGame_C'
[2015.01.14-03.00.59:165][913]LogAIModule: Creating AISystem for world Level3
[2015.01.14-03.00.59:168][913]LogWorld: Bringing World /Game/Maps/UEDPIE_0_Level3.Level3 up for play (max tick rate 60) at 2015.01.13-22.00.59
[2015.01.14-03.00.59:168][913]LogWorld: Bringing up level for play took: 0.003387
[2015.01.14-03.01.03:464][162]LogPackageName: SearchForPackageOnDisk took   0.132s to resolve Level4.umap
[2015.01.14-03.01.03:604][163]LogPackageName: SearchForPackageOnDisk took   0.129s to resolve Level4.umap
[2015.01.14-03.01.03:604][163]LogNet: Browse: /Game/Maps/Level4
[2015.01.14-03.01.03:604][163]LogLoad: LoadMap: /Game/Maps/Level4
[2015.01.14-03.01.03:629][163]LogParticles: Destroying 0 GPU particle simulations for FXSystem 0x0000002899AC7CE0
[2015.01.14-03.01.03:634][163]Cmd: MEM
[2015.01.14-03.01.03:656][163]LogMemory: Platform Memory Stats for Windows
[2015.01.14-03.01.03:656][163]LogMemory: Process Physical Memory: 473.59 MB used, 479.16 MB peak
[2015.01.14-03.01.03:656][163]LogMemory: Process Virtual Memory: 370.11 MB used, 375.73 MB peak
[2015.01.14-03.01.03:656][163]LogMemory: Physical Memory: 6662.04 MB used, 16331.28 MB total
[2015.01.14-03.01.03:656][163]LogMemory: Virtual Memory: 878.13 MB used, 134217728.00 MB total
[2015.01.14-03.01.03:656][163]LogMemory: 
[2015.01.14-03.01.03:656][163]Allocator Stats for TBB: (not implemented)
[2015.01.14-03.01.03:876][163]LogWorld: Game class is 'SpikeGame_C'
[2015.01.14-03.01.03:878][163]LogAIModule: Creating AISystem for world Level4
[2015.01.14-03.01.03:882][163]LogWorld: Bringing World /Game/Maps/UEDPIE_0_Level4.Level4 up for play (max tick rate 60) at 2015.01.13-22.01.03
[2015.01.14-03.01.03:883][163]LogWorld: Bringing up level for play took: 0.004918
[2015.01.14-03.01.08:939][458]LogPackageName: SearchForPackageOnDisk took   0.125s to resolve Level5.umap
[2015.01.14-03.01.09:080][459]LogPackageName: SearchForPackageOnDisk took   0.127s to resolve Level5.umap
[2015.01.14-03.01.09:080][459]LogNet: Browse: /Game/Maps/Level5
[2015.01.14-03.01.09:081][459]LogLoad: LoadMap: /Game/Maps/Level5
[2015.01.14-03.01.09:107][459]LogParticles: Destroying 0 GPU particle simulations for FXSystem 0x000000289972B600
[2015.01.14-03.01.09:107][459]Cmd: MEM
[2015.01.14-03.01.09:134][459]LogMemory: Platform Memory Stats for Windows
[2015.01.14-03.01.09:134][459]LogMemory: Process Physical Memory: 473.70 MB used, 479.53 MB peak
[2015.01.14-03.01.09:134][459]LogMemory: Process Virtual Memory: 370.14 MB used, 376.19 MB peak
[2015.01.14-03.01.09:134][459]LogMemory: Physical Memory: 6659.27 MB used, 16331.28 MB total
[2015.01.14-03.01.09:134][459]LogMemory: Virtual Memory: 882.95 MB used, 134217728.00 MB total
[2015.01.14-03.01.09:134][459]LogMemory: 
[2015.01.14-03.01.09:134][459]Allocator Stats for TBB: (not implemented)
[2015.01.14-03.01.09:356][459]LogWorld: Game class is 'SpikeGame_C'
[2015.01.14-03.01.09:359][459]LogAIModule: Creating AISystem for world Level5
[2015.01.14-03.01.09:361][459]LogWorld: Bringing World /Game/Maps/UEDPIE_0_Level5.Level5 up for play (max tick rate 60) at 2015.01.13-22.01.09
[2015.01.14-03.01.09:362][459]LogWorld: Bringing up level for play took: 0.003347
[2015.01.14-03.01.12:692][650]LogPackageName: SearchForPackageOnDisk took   0.127s to resolve Level5.umap
[2015.01.14-03.01.12:830][651]LogPackageName: SearchForPackageOnDisk took   0.124s to resolve Level5.umap
[2015.01.14-03.01.12:830][651]LogNet: Browse: /Game/Maps/Level5
[2015.01.14-03.01.12:830][651]LogLoad: LoadMap: /Game/Maps/Level5
[2015.01.14-03.01.12:854][651]LogParticles: Destroying 0 GPU particle simulations for FXSystem 0x000000288F84A2A0
[2015.01.14-03.01.12:855][651]Cmd: MEM
[2015.01.14-03.01.12:877][651]LogMemory: Platform Memory Stats for Windows
[2015.01.14-03.01.12:877][651]LogMemory: Process Physical Memory: 473.70 MB used, 479.53 MB peak
[2015.01.14-03.01.12:877][651]LogMemory: Process Virtual Memory: 370.14 MB used, 376.19 MB peak
[2015.01.14-03.01.12:877][651]LogMemory: Physical Memory: 6665.01 MB used, 16331.28 MB total
[2015.01.14-03.01.12:877][651]LogMemory: Virtual Memory: 882.95 MB used, 134217728.00 MB total
[2015.01.14-03.01.12:877][651]LogMemory: 
[2015.01.14-03.01.12:877][651]Allocator Stats for TBB: (not implemented)
[2015.01.14-03.01.13:087][651]LogWorld: Game class is 'SpikeGame_C'
[2015.01.14-03.01.13:089][651]LogAIModule: Creating AISystem for world Level5
[2015.01.14-03.01.13:091][651]LogWorld: Bringing World /Game/Maps/UEDPIE_0_Level5.Level5 up for play (max tick rate 60) at 2015.01.13-22.01.13
[2015.01.14-03.01.13:092][651]LogWorld: Bringing up level for play took: 0.002624
[2015.01.14-03.01.14:325][720]LogParticles: Destroying 0 GPU particle simulations for FXSystem 0x000000288F848B80
[2015.01.14-03.01.20:327][ 57]Cmd: MAP LOAD FILE="../../../../../../Users/Zim/Documents/Unreal Projects/SpikesGalore/Content/Maps/Level5.umap" TEMPLATE=0 SHOWPROGRESS=1
[2015.01.14-03.01.20:328][ 57]LightingResults: New page: Lighting Build
[2015.01.14-03.01.20:379][ 57]LoadErrors: New page: Loading map: Level5.umap
[2015.01.14-03.01.20:380][ 57]MapCheck: New page: Map Check
[2015.01.14-03.01.20:380][ 57]LightingResults: New page: Lighting Build
[2015.01.14-03.01.20:404][ 57]LogParticles: Destroying 0 GPU particle simulations for FXSystem 0x000000289271AB60
[2015.01.14-03.01.20:503][ 57]LogEditorServer: Finished looking for orphan Actors (0.000 secs)
[2015.01.14-03.01.20:503][ 57]LogAIModule: Creating AISystem for world Level5
[2015.01.14-03.01.20:631][ 57]Cmd: MAP CHECKDEP
[2015.01.14-03.01.20:631][ 57]MapCheck: New page: Level5 - Jan 13, 2015, 5:01:20 PM
[2015.01.14-03.01.20:786][ 57]MapCheck: Info Map check complete: 0 Error(s), 0 Warning(s), took 154.863ms to complete.
[2015.01.14-03.01.20:787][ 57]LogFileHelpers: Loading map 'Level5' took 0.463
[2015.01.14-03.01.26:096][348]LogEditorViewport: Clicking on Actor (LMB): Flag_C (Flag)
[2015.01.14-03.01.39:769][  2]BlueprintLog: New page: Compile Level5
[2015.01.14-03.01.39:823][  2]LogActorComponent: UnregisterComponent: (/Engine/Transient.ProjectileMovementComponent_4) Not registered. Aborting.
[2015.01.14-03.01.39:823][  2]LogActorComponent: UnregisterComponent: (/Engine/Transient.CharacterMovementComponent_1) Not registered. Aborting.
[2015.01.14-03.01.39:856][  2]BlueprintEditorCompileResults: Info [1663.85] Compile of Level5 successful! [in 82 ms]
[2015.01.14-03.01.41:745][ 73]Cmd: OBJ SAVEPACKAGE PACKAGE="/Game/Maps/Level5" FILE="../../../../../../Users/Zim/Documents/Unreal Projects/SpikesGalore/Content/Maps/Level5.umap" SILENT=true AUTOSAVING=false KEEPDIRTY=false
[2015.01.14-03.01.41:887][ 73]LogSavePackage: Save=46.458263ms
[2015.01.14-03.01.41:887][ 73]LogSavePackage: Moving '../../../../../../Users/Zim/Documents/Unreal Projects/SpikesGalore/Saved/Level5A59C7529454DC1377D7C91954D9B321B.tmp' to '../../../../../../Users/Zim/Documents/Unreal Projects/SpikesGalore/Content/Maps/Level5.umap'
[2015.01.14-03.01.42:008][ 73]LogFileHelpers: Saving map 'Level5' took 0.411
[2015.01.14-03.04.00:582][ 35]LogContentBrowser:Verbose: The content browser source was changed by the sources view to '/Game/Textures'
[2015.01.14-03.04.05:514][ 67]LogFactory: FactoryCreateBinary: Texture with TextureFactory (0 0 ../../../../../../Users/Zim/Documents/Coding Resources/Sprites/Billboard5.png)
[2015.01.14-03.04.06:834][ 67]0.000015 seconds to analyze Texture2D /Game/Textures/Billboard5.Billboard5

[2015.01.14-03.04.06:836][ 67]LogTexture:Display: Building textures: Billboard5 (AutoDXT)
[2015.01.14-03.04.06:953][ 67]LogContentBrowser:Verbose: The content browser source was changed by the sources view to 'None'
[2015.01.14-03.04.06:953][ 67]LogContentBrowser:Verbose: The content browser source was changed by the sources view to '/Game/Textures'
[2015.01.14-03.04.09:577][191]LogContentBrowser:Verbose: The content browser source was changed by the sources view to '/Game/Textures'
[2015.01.14-03.04.14:868][471]Cmd: OBJ SAVEPACKAGE PACKAGE="/Game/Sprites/Billboard5_Sprite" FILE="../../../../../../Users/Zim/Documents/Unreal Projects/SpikesGalore/Content/Sprites/Billboard5_Sprite.uasset" SILENT=true
[2015.01.14-03.04.14:898][471]LogSavePackage: Save=26.115240ms
[2015.01.14-03.04.14:898][471]LogSavePackage: Moving '../../../../../../Users/Zim/Documents/Unreal Projects/SpikesGalore/Saved/Billboard5_Sprite5D6B52A14E4272E42D0CF8BB7C851D8F.tmp' to '../../../../../../Users/Zim/Documents/Unreal Projects/SpikesGalore/Content/Sprites/Billboard5_Sprite.uasset'
[2015.01.14-03.04.15:529][500]LogContentBrowser:Verbose: The content browser source was changed by the sources view to '/Game/Sprites'
[2015.01.14-03.04.19:400][679]LogPropertyNode:Warning: UI Min (0.001) >= UI Max () for Ranged Numeric
[2015.01.14-03.04.19:428][679]LogPropertyNode:Warning: UI Min (0.001) >= UI Max () for Ranged Numeric
[2015.01.14-03.04.30:758][294]BlueprintLog: New page: Pre-PIE auto-recompile
[2015.01.14-03.04.30:758][294]LogPlayLevel: [PIE] Compiling Level5 before PIE...
[2015.01.14-03.04.30:823][294]LogActorComponent: UnregisterComponent: (/Engine/Transient.ProjectileMovementComponent_5) Not registered. Aborting.
[2015.01.14-03.04.30:851][294]LogPlayLevel: PIE:  Blueprint regeneration took 92 ms (1 blueprints)
[2015.01.14-03.04.30:851][294]PIE: New page: PIE session: Level5 (Jan 13, 2015, 5:04:30 PM)
[2015.01.14-03.04.30:854][294]LogPlayLevel: PIE: StaticDuplicateObject took: (0.002211s)
[2015.01.14-03.04.30:854][294]LogPlayLevel: PIE: World Init took: (0.000698s)
[2015.01.14-03.04.30:854][294]LogPlayLevel: PIE: Created PIE world by copying editor world from /Game/Maps/Level5.Level5 to /Game/Maps/UEDPIE_0_Level5.Level5 (0.003099s)
[2015.01.14-03.04.30:898][294]LogWorld: Game class is 'SpikeGame_C'
[2015.01.14-03.04.30:900][294]LogAIModule: Creating AISystem for world Level5
[2015.01.14-03.04.30:902][294]LogWorld: Bringing World /Game/Maps/UEDPIE_0_Level5.Level5 up for play (max tick rate 60) at 2015.01.13-22.04.30
[2015.01.14-03.04.30:903][294]LogWorld: Bringing up level for play took: 0.001937
[2015.01.14-03.04.30:904][294]PIE: Info Play in editor start time for /Game/Maps/UEDPIE_0_Level5 0.542
[2015.01.14-03.04.33:771][460]LogPropertyNode:Warning: UI Min (0.001) >= UI Max () for Ranged Numeric
[2015.01.14-03.04.33:821][460]LogParticles: Destroying 0 GPU particle simulations for FXSystem 0x000000288FEE74C0
[2015.01.14-03.04.37:078][609]LogContentBrowser:Verbose: The content browser source was changed by the sources view to '/Game/Blueprints'
[2015.01.14-03.04.53:183][501]BlueprintLog: New page: Pre-PIE auto-recompile
[2015.01.14-03.04.53:183][501]LogPlayLevel: [PIE] Compiling Level5 before PIE...
[2015.01.14-03.04.53:248][501]LogActorComponent: UnregisterComponent: (/Engine/Transient.CharacterMovementComponent_2) Not registered. Aborting.
[2015.01.14-03.04.53:248][501]LogActorComponent: UnregisterComponent: (/Engine/Transient.ProjectileMovementComponent_6) Not registered. Aborting.
[2015.01.14-03.04.53:278][501]LogPlayLevel: PIE:  Blueprint regeneration took 94 ms (1 blueprints)
[2015.01.14-03.04.53:279][501]PIE: New page: PIE session: Level5 (Jan 13, 2015, 5:04:53 PM)
[2015.01.14-03.04.53:282][501]LogPlayLevel: PIE: StaticDuplicateObject took: (0.002326s)
[2015.01.14-03.04.53:282][501]LogPlayLevel: PIE: World Init took: (0.000624s)
[2015.01.14-03.04.53:282][501]LogPlayLevel: PIE: Created PIE world by copying editor world from /Game/Maps/Level5.Level5 to /Game/Maps/UEDPIE_0_Level5.Level5 (0.003144s)
[2015.01.14-03.04.53:317][501]LogWorld: Game class is 'SpikeGame_C'
[2015.01.14-03.04.53:319][501]LogAIModule: Creating AISystem for world Level5
[2015.01.14-03.04.53:321][501]LogWorld: Bringing World /Game/Maps/UEDPIE_0_Level5.Level5 up for play (max tick rate 60) at 2015.01.13-22.04.53
[2015.01.14-03.04.53:322][501]LogWorld: Bringing up level for play took: 0.002593
[2015.01.14-03.04.53:324][501]PIE: Info Play in editor start time for /Game/Maps/UEDPIE_0_Level5 0.963
[2015.01.14-03.04.58:920][830]LogParticles: Destroying 0 GPU particle simulations for FXSystem 0x000000289A651F80
[2015.01.14-03.05.06:272][254]BlueprintLog: New page: Pre-PIE auto-recompile
[2015.01.14-03.05.06:272][254]LogPlayLevel: [PIE] Compiling Level5 before PIE...
[2015.01.14-03.05.06:358][254]LogPlayLevel: PIE:  Blueprint regeneration took 85 ms (1 blueprints)
[2015.01.14-03.05.06:358][254]PIE: New page: PIE session: Level5 (Jan 13, 2015, 5:05:06 PM)
[2015.01.14-03.05.06:361][254]LogPlayLevel: PIE: StaticDuplicateObject took: (0.002792s)
[2015.01.14-03.05.06:362][254]LogPlayLevel: PIE: World Init took: (0.000835s)
[2015.01.14-03.05.06:362][254]LogPlayLevel: PIE: Created PIE world by copying editor world from /Game/Maps/Level5.Level5 to /Game/Maps/UEDPIE_0_Level5.Level5 (0.003887s)
[2015.01.14-03.05.06:398][254]LogWorld: Game class is 'SpikeGame_C'
[2015.01.14-03.05.06:400][254]LogAIModule: Creating AISystem for world Level5
[2015.01.14-03.05.06:401][254]LogWorld: Bringing World /Game/Maps/UEDPIE_0_Level5.Level5 up for play (max tick rate 60) at 2015.01.13-22.05.06
[2015.01.14-03.05.06:402][254]LogWorld: Bringing up level for play took: 0.001876
[2015.01.14-03.05.06:404][254]PIE: Info Play in editor start time for /Game/Maps/UEDPIE_0_Level5 0.042
[2015.01.14-03.05.40:222][271]LogPackageName: SearchForPackageOnDisk took   0.135s to resolve Level6.umap
[2015.01.14-03.05.40:368][272]LogPackageName: SearchForPackageOnDisk took   0.133s to resolve Level6.umap
[2015.01.14-03.05.40:368][272]LogNet: Browse: /Game/Maps/Level1
[2015.01.14-03.05.40:368][272]LogNet:Warning: Travel Failure: [InvalidURL]: Invalid URL: /Game/Maps/Level1
[2015.01.14-03.05.40:368][272]LogNet: TravelFailure: InvalidURL, Reason for Failure: 'Invalid URL: /Game/Maps/Level1'
[2015.01.14-03.05.40:368][272]LogNet:Warning: Travel Failure: [ClientTravelFailure]: Invalid URL: /Game/Maps/Level1
[2015.01.14-03.05.40:368][272]LogNet: TravelFailure: ClientTravelFailure, Reason for Failure: 'Invalid URL: /Game/Maps/Level1'
[2015.01.14-03.05.40:469][273]LogParticles: Destroying 0 GPU particle simulations for FXSystem 0x000000289572BCE0
[2015.01.14-03.05.45:017][525]BlueprintLog: New page: Pre-PIE auto-recompile
[2015.01.14-03.05.45:017][525]LogPlayLevel: [PIE] Compiling Level5 before PIE...
[2015.01.14-03.05.45:113][525]LogPlayLevel: PIE:  Blueprint regeneration took 96 ms (1 blueprints)
[2015.01.14-03.05.45:113][525]PIE: New page: PIE session: Level5 (Jan 13, 2015, 5:05:45 PM)
[2015.01.14-03.05.45:116][525]LogPlayLevel: PIE: StaticDuplicateObject took: (0.002272s)
[2015.01.14-03.05.45:117][525]LogPlayLevel: PIE: World Init took: (0.000616s)
[2015.01.14-03.05.45:117][525]LogPlayLevel: PIE: Created PIE world by copying editor world from /Game/Maps/Level5.Level5 to /Game/Maps/UEDPIE_0_Level5.Level5 (0.003066s)
[2015.01.14-03.05.45:148][525]LogWorld: Game class is 'SpikeGame_C'
[2015.01.14-03.05.45:149][525]LogAIModule: Creating AISystem for world Level5
[2015.01.14-03.05.45:151][525]LogWorld: Bringing World /Game/Maps/UEDPIE_0_Level5.Level5 up for play (max tick rate 60) at 2015.01.13-22.05.45
[2015.01.14-03.05.45:151][525]LogWorld: Bringing up level for play took: 0.001634
[2015.01.14-03.05.45:153][525]PIE: Info Play in editor start time for /Game/Maps/UEDPIE_0_Level5 0.791
[2015.01.14-03.06.39:667][786]LogParticles: Destroying 0 GPU particle simulations for FXSystem 0x000000288F849DA0
[2015.01.14-03.06.40:843][854]LogEditorViewport: Clicking on Actor (LMB): PaperSpriteActor (Platform_3)
[2015.01.14-03.06.40:855][854]LogPropertyNode:Warning: UI Min (0.001) >= UI Max () for Ranged Numeric
[2015.01.14-03.06.43:486][998]BlueprintLog: New page: Pre-PIE auto-recompile
[2015.01.14-03.06.43:486][998]LogPlayLevel: [PIE] Compiling Level5 before PIE...
[2015.01.14-03.06.43:571][998]LogPlayLevel: PIE:  Blueprint regeneration took 85 ms (1 blueprints)
[2015.01.14-03.06.43:571][998]PIE: New page: PIE session: Level5 (Jan 13, 2015, 5:06:43 PM)
[2015.01.14-03.06.43:574][998]LogPlayLevel: PIE: StaticDuplicateObject took: (0.002289s)
[2015.01.14-03.06.43:575][998]LogPlayLevel: PIE: World Init took: (0.000626s)
[2015.01.14-03.06.43:575][998]LogPlayLevel: PIE: Created PIE world by copying editor world from /Game/Maps/Level5.Level5 to /Game/Maps/UEDPIE_0_Level5.Level5 (0.003101s)
[2015.01.14-03.06.43:609][998]LogWorld: Game class is 'SpikeGame_C'
[2015.01.14-03.06.43:611][998]LogAIModule: Creating AISystem for world Level5
[2015.01.14-03.06.43:612][998]LogWorld: Bringing World /Game/Maps/UEDPIE_0_Level5.Level5 up for play (max tick rate 60) at 2015.01.13-22.06.43
[2015.01.14-03.06.43:613][998]LogWorld: Bringing up level for play took: 0.002153
[2015.01.14-03.06.43:615][998]PIE: Info Play in editor start time for /Game/Maps/UEDPIE_0_Level5 -0.747
[2015.01.14-03.06.54:356][637]LogPropertyNode:Warning: UI Min (0.001) >= UI Max () for Ranged Numeric
[2015.01.14-03.06.54:406][637]LogParticles: Destroying 0 GPU particle simulations for FXSystem 0x00000028957C4C20
[2015.01.14-03.06.55:614][706]LogEditorViewport: Clicking on Actor (LMB): PaperSpriteActor (Platform_4)
[2015.01.14-03.06.55:624][706]LogPropertyNode:Warning: UI Min (0.001) >= UI Max () for Ranged Numeric
[2015.01.14-03.06.57:848][830]LogEditorViewport: Clicking on Actor (LMB): Flag_C (Flag)
[2015.01.14-03.07.00:545][979]BlueprintLog: New page: Pre-PIE auto-recompile
[2015.01.14-03.07.00:545][979]LogPlayLevel: [PIE] Compiling Level5 before PIE...
[2015.01.14-03.07.00:637][979]LogPlayLevel: PIE:  Blueprint regeneration took 92 ms (1 blueprints)
[2015.01.14-03.07.00:637][979]PIE: New page: PIE session: Level5 (Jan 13, 2015, 5:07:00 PM)
[2015.01.14-03.07.00:640][979]LogPlayLevel: PIE: StaticDuplicateObject took: (0.002767s)
[2015.01.14-03.07.00:641][979]LogPlayLevel: PIE: World Init took: (0.000760s)
[2015.01.14-03.07.00:641][979]LogPlayLevel: PIE: Created PIE world by copying editor world from /Game/Maps/Level5.Level5 to /Game/Maps/UEDPIE_0_Level5.Level5 (0.003766s)
[2015.01.14-03.07.00:674][979]LogWorld: Game class is 'SpikeGame_C'
[2015.01.14-03.07.00:676][979]LogAIModule: Creating AISystem for world Level5
[2015.01.14-03.07.00:677][979]LogWorld: Bringing World /Game/Maps/UEDPIE_0_Level5.Level5 up for play (max tick rate 60) at 2015.01.13-22.07.00
[2015.01.14-03.07.00:678][979]LogWorld: Bringing up level for play took: 0.001828
[2015.01.14-03.07.00:680][979]PIE: Info Play in editor start time for /Game/Maps/UEDPIE_0_Level5 0.318
[2015.01.14-03.07.08:020][409]LogPackageName: SearchForPackageOnDisk took   0.132s to resolve Level6.umap
[2015.01.14-03.07.08:163][410]LogPackageName: SearchForPackageOnDisk took   0.130s to resolve Level6.umap
[2015.01.14-03.07.08:163][410]LogNet: Browse: /Game/Maps/Level1
[2015.01.14-03.07.08:163][410]LogNet:Warning: Travel Failure: [InvalidURL]: Invalid URL: /Game/Maps/Level1
[2015.01.14-03.07.08:163][410]LogNet: TravelFailure: InvalidURL, Reason for Failure: 'Invalid URL: /Game/Maps/Level1'
[2015.01.14-03.07.08:163][410]LogNet:Warning: Travel Failure: [ClientTravelFailure]: Invalid URL: /Game/Maps/Level1
[2015.01.14-03.07.08:163][410]LogNet: TravelFailure: ClientTravelFailure, Reason for Failure: 'Invalid URL: /Game/Maps/Level1'
[2015.01.14-03.07.08:176][411]LogNet: Browse: /Game/Maps/Level1?closed
[2015.01.14-03.07.08:176][411]LogNet: Failed; returning to Entry
[2015.01.14-03.07.08:194][411]LogLoad: LoadMap: /Game/Maps/Level1?closed
[2015.01.14-03.07.08:218][411]LogParticles: Destroying 0 GPU particle simulations for FXSystem 0x000000288C73D260
[2015.01.14-03.07.08:221][411]Cmd: MEM
[2015.01.14-03.07.08:244][411]LogMemory: Platform Memory Stats for Windows
[2015.01.14-03.07.08:244][411]LogMemory: Process Physical Memory: 517.75 MB used, 520.72 MB peak
[2015.01.14-03.07.08:244][411]LogMemory: Process Virtual Memory: 404.38 MB used, 437.28 MB peak
[2015.01.14-03.07.08:244][411]LogMemory: Physical Memory: 6688.17 MB used, 16331.28 MB total
[2015.01.14-03.07.08:244][411]LogMemory: Virtual Memory: 1037.77 MB used, 134217728.00 MB total
[2015.01.14-03.07.08:244][411]LogMemory: 
[2015.01.14-03.07.08:244][411]Allocator Stats for TBB: (not implemented)
[2015.01.14-03.07.08:418][411]LogWorld: Game class is 'SpikeGame_C'
[2015.01.14-03.07.08:420][411]LogAIModule: Creating AISystem for world Level1
[2015.01.14-03.07.08:423][411]LogWorld: Bringing World /Game/Maps/UEDPIE_0_Level1.Level1 up for play (max tick rate 60) at 2015.01.13-22.07.08
[2015.01.14-03.07.08:423][411]LogWorld: Bringing up level for play took: 0.002952
[2015.01.14-03.07.09:678][480]LogParticles: Destroying 0 GPU particle simulations for FXSystem 0x0000002888D320C0
[2015.01.14-03.07.10:677][533]BlueprintLog: New page: Pre-PIE auto-recompile
[2015.01.14-03.07.10:677][533]LogPlayLevel: [PIE] Compiling Level5 before PIE...
[2015.01.14-03.07.10:765][533]LogPlayLevel: PIE:  Blueprint regeneration took 88 ms (1 blueprints)
[2015.01.14-03.07.10:765][533]PIE: New page: PIE session: Level5 (Jan 13, 2015, 5:07:10 PM)
[2015.01.14-03.07.10:768][533]LogPlayLevel: PIE: StaticDuplicateObject took: (0.002260s)
[2015.01.14-03.07.10:768][533]LogPlayLevel: PIE: World Init took: (0.000571s)
[2015.01.14-03.07.10:769][533]LogPlayLevel: PIE: Created PIE world by copying editor world from /Game/Maps/Level5.Level5 to /Game/Maps/UEDPIE_0_Level5.Level5 (0.003006s)
[2015.01.14-03.07.10:799][533]LogWorld: Game class is 'SpikeGame_C'
[2015.01.14-03.07.10:801][533]LogAIModule: Creating AISystem for world Level5
[2015.01.14-03.07.10:803][533]LogWorld: Bringing World /Game/Maps/UEDPIE_0_Level5.Level5 up for play (max tick rate 60) at 2015.01.13-22.07.10
[2015.01.14-03.07.10:803][533]LogWorld: Bringing up level for play took: 0.001652
[2015.01.14-03.07.10:805][533]PIE: Info Play in editor start time for /Game/Maps/UEDPIE_0_Level5 0.443
[2015.01.14-03.07.19:337][ 39]LogParticles: Destroying 0 GPU particle simulations for FXSystem 0x000000289524C9A0
[2015.01.14-03.07.21:364][158]LogEditorViewport: Clicking on Actor (LMB): Apple_C (Apple)
[2015.01.14-03.07.33:337][811]BlueprintLog: New page: Pre-PIE auto-recompile
[2015.01.14-03.07.33:337][811]LogPlayLevel: [PIE] Compiling Level5 before PIE...
[2015.01.14-03.07.33:429][811]LogPlayLevel: PIE:  Blueprint regeneration took 92 ms (1 blueprints)
[2015.01.14-03.07.33:429][811]PIE: New page: PIE session: Level5 (Jan 13, 2015, 5:07:33 PM)
[2015.01.14-03.07.33:433][811]LogPlayLevel: PIE: StaticDuplicateObject took: (0.002694s)
[2015.01.14-03.07.33:433][811]LogPlayLevel: PIE: World Init took: (0.000626s)
[2015.01.14-03.07.33:433][811]LogPlayLevel: PIE: Created PIE world by copying editor world from /Game/Maps/Level5.Level5 to /Game/Maps/UEDPIE_0_Level5.Level5 (0.003522s)
[2015.01.14-03.07.33:469][811]LogWorld: Game class is 'SpikeGame_C'
[2015.01.14-03.07.33:471][811]LogAIModule: Creating AISystem for world Level5
[2015.01.14-03.07.33:472][811]LogWorld: Bringing World /Game/Maps/UEDPIE_0_Level5.Level5 up for play (max tick rate 60) at 2015.01.13-22.07.33
[2015.01.14-03.07.33:473][811]LogWorld: Bringing up level for play took: 0.001768
[2015.01.14-03.07.33:474][811]PIE: Info Play in editor start time for /Game/Maps/UEDPIE_0_Level5 1.112
[2015.01.14-03.07.40:249][211]LogParticles: Destroying 0 GPU particle simulations for FXSystem 0x0000002899728860
[2015.01.14-03.07.47:615][514]Cmd: OBJ SAVEPACKAGE PACKAGE="/Game/Maps/Level5" FILE="../../../../../../Users/Zim/Documents/Unreal Projects/SpikesGalore/Content/Maps/Level5.umap" SILENT=true AUTOSAVING=false KEEPDIRTY=false
[2015.01.14-03.07.47:764][514]LogSavePackage: Save=43.139816ms
[2015.01.14-03.07.47:764][514]LogSavePackage: Moving '../../../../../../Users/Zim/Documents/Unreal Projects/SpikesGalore/Saved/Level59C62E5A44A07CCF9E12439BB8B6452CD.tmp' to '../../../../../../Users/Zim/Documents/Unreal Projects/SpikesGalore/Content/Maps/Level5.umap'
[2015.01.14-03.07.51:746][713]Cmd: OBJ SAVEPACKAGE PACKAGE="/Game/Textures/Billboard5" FILE="../../../../../../Users/Zim/Documents/Unreal Projects/SpikesGalore/Content/Textures/Billboard5.uasset" SILENT=true
[2015.01.14-03.07.51:806][713]LogSavePackage: Save=56.513245ms
[2015.01.14-03.07.51:806][713]LogSavePackage: Moving '../../../../../../Users/Zim/Documents/Unreal Projects/SpikesGalore/Saved/Billboard5AD704FAC46C99D81EB311B99404C75D0.tmp' to '../../../../../../Users/Zim/Documents/Unreal Projects/SpikesGalore/Content/Textures/Billboard5.uasset'
[2015.01.14-03.07.51:817][713]Cmd: OBJ SAVEPACKAGE PACKAGE="/Game/Textures/Billboard5_Sprite" FILE="../../../../../../Users/Zim/Documents/Unreal Projects/SpikesGalore/Content/Textures/Billboard5_Sprite.uasset" SILENT=true
[2015.01.14-03.07.51:824][713]LogSavePackage: Save=4.169441ms
[2015.01.14-03.07.51:824][713]LogSavePackage: Moving '../../../../../../Users/Zim/Documents/Unreal Projects/SpikesGalore/Saved/Billboard5_SpriteF6FEA61A42598BD5587E528830F0F1D1.tmp' to '../../../../../../Users/Zim/Documents/Unreal Projects/SpikesGalore/Content/Textures/Billboard5_Sprite.uasset'
[2015.01.14-03.17.48:374][589]LogActorComponent: UnregisterComponent: (/Engine/Transient.CharacterMovementComponent_3) Not registered. Aborting.
[2015.01.14-03.17.48:374][589]LogActorComponent: UnregisterComponent: (/Engine/Transient.ProjectileMovementComponent_7) Not registered. Aborting.
[2015.01.14-03.17.48:406][589]LogFileHelpers: Editor autosave (incl. sublevels) for '/Game/Maps/Level5' took 0.033
[2015.01.14-03.59.33:303][548]LogActorComponent: UnregisterComponent: (/Engine/Transient.CharacterMovementComponent_4) Not registered. Aborting.
[2015.01.14-03.59.33:303][548]LogActorComponent: UnregisterComponent: (/Engine/Transient.ProjectileMovementComponent_8) Not registered. Aborting.
[2015.01.14-03.59.35:262][637]LogContentBrowser:Verbose: The content browser source was changed by the sources view to '/Game/Maps'
[2015.01.14-03.59.42:809][780]LogActorComponent: UnregisterComponent: (/Engine/Transient.CharacterMovementComponent_5) Not registered. Aborting.
[2015.01.14-03.59.42:809][780]LogActorComponent: UnregisterComponent: (/Engine/Transient.ProjectileMovementComponent_9) Not registered. Aborting.
[2015.01.14-03.59.42:838][780]Cmd: OBJ SAVEPACKAGE PACKAGE="/Game/Maps/Level6" FILE="../../../../../../Users/Zim/Documents/Unreal Projects/SpikesGalore/Content/Maps/Level6.umap" SILENT=true AUTOSAVING=false KEEPDIRTY=false
[2015.01.14-03.59.42:909][780]LogSavePackage: Save=40.889599ms
[2015.01.14-03.59.42:909][780]LogSavePackage: Moving '../../../../../../Users/Zim/Documents/Unreal Projects/SpikesGalore/Saved/Level6EEA04C3B4268B65DD85B8B9B1FA7B7D4.tmp' to '../../../../../../Users/Zim/Documents/Unreal Projects/SpikesGalore/Content/Maps/Level6.umap'
[2015.01.14-03.59.43:037][780]LogFileHelpers: Saving map 'Level6' took 0.531
[2015.01.14-03.59.45:331][901]Cmd: MAP LOAD FILE="../../../../../../Users/Zim/Documents/Unreal Projects/SpikesGalore/Content/Maps/Level6.umap" TEMPLATE=0 SHOWPROGRESS=1
[2015.01.14-03.59.45:331][901]LightingResults: New page: Lighting Build
[2015.01.14-03.59.45:375][901]LoadErrors: New page: Loading map: Level6.umap
[2015.01.14-03.59.45:376][901]MapCheck: New page: Map Check
[2015.01.14-03.59.45:376][901]LightingResults: New page: Lighting Build
[2015.01.14-03.59.45:406][901]LogParticles: Destroying 0 GPU particle simulations for FXSystem 0x00000028958520C0
[2015.01.14-03.59.45:740][901]LogEditorServer: Finished looking for orphan Actors (0.000 secs)
[2015.01.14-03.59.45:740][901]LogAIModule: Creating AISystem for world Level6
[2015.01.14-03.59.45:855][901]Cmd: MAP CHECKDEP
[2015.01.14-03.59.45:855][901]MapCheck: New page: Level6 - Jan 13, 2015, 5:59:45 PM
[2015.01.14-03.59.46:002][901]MapCheck: Info Map check complete: 0 Error(s), 0 Warning(s), took 146.94ms to complete.
[2015.01.14-03.59.46:030][901]LogFileHelpers: Loading map 'Level6' took 0.703
[2015.01.14-03.59.55:574][409]BlueprintLog: New page: Compile Level6
[2015.01.14-03.59.55:626][409]LogActorComponent: UnregisterComponent: (/Engine/Transient.ProjectileMovementComponent_10) Not registered. Aborting.
[2015.01.14-03.59.55:660][409]BlueprintEditorCompileResults: Info [5159.66] Compile of Level6 successful! [in 81 ms]
[2015.01.14-03.59.57:393][481]Cmd: OBJ SAVEPACKAGE PACKAGE="/Game/Maps/Level6" FILE="../../../../../../Users/Zim/Documents/Unreal Projects/SpikesGalore/Content/Maps/Level6.umap" SILENT=true AUTOSAVING=false KEEPDIRTY=false
[2015.01.14-03.59.57:553][481]LogSavePackage: Save=46.291485ms
[2015.01.14-03.59.57:553][481]LogSavePackage: Moving '../../../../../../Users/Zim/Documents/Unreal Projects/SpikesGalore/Saved/Level6A3262BB64951535F5D631FA9D8E9D7B0.tmp' to '../../../../../../Users/Zim/Documents/Unreal Projects/SpikesGalore/Content/Maps/Level6.umap'
[2015.01.14-03.59.57:672][481]LogFileHelpers: Saving map 'Level6' took 0.435
[2015.01.14-04.00.06:917][ 14]LogEditorViewport: Clicking on Actor (LMB): Flag_C (Flag)
[2015.01.14-04.00.15:014][451]Cmd: OBJ SAVEPACKAGE PACKAGE="/Game/Maps/Level6" FILE="../../../../../../Users/Zim/Documents/Unreal Projects/SpikesGalore/Content/Maps/Level6.umap" SILENT=true AUTOSAVING=false KEEPDIRTY=false
[2015.01.14-04.00.15:149][451]LogSavePackage: Save=41.447662ms
[2015.01.14-04.00.15:149][451]LogSavePackage: Moving '../../../../../../Users/Zim/Documents/Unreal Projects/SpikesGalore/Saved/Level6C0B52FC84C3F2C66D175D9B0CF5A3C11.tmp' to '../../../../../../Users/Zim/Documents/Unreal Projects/SpikesGalore/Content/Maps/Level6.umap'
[2015.01.14-04.00.15:270][451]LogFileHelpers: Saving map 'Level6' took 0.405
[2015.01.14-04.00.26:252][102]LogEditorViewport: Clicking on Actor (LMB): PaperSpriteActor (Platform_4)
[2015.01.14-04.00.26:263][102]LogPropertyNode:Warning: UI Min (0.001) >= UI Max () for Ranged Numeric
[2015.01.14-04.01.07:400][274]LogEditorViewport: Clicking on Actor (LMB): PaperSpriteActor (Platform_3)
[2015.01.14-04.01.07:411][274]LogPropertyNode:Warning: UI Min (0.001) >= UI Max () for Ranged Numeric
[2015.01.14-04.01.11:526][503]LogEditorViewport: Clicking on Actor (LMB): PaperSpriteActor (Platform_2)
[2015.01.14-04.01.11:537][503]LogPropertyNode:Warning: UI Min (0.001) >= UI Max () for Ranged Numeric
[2015.01.14-04.01.15:152][702]LogEditorViewport: Clicking on Actor (LMB): PaperSpriteActor (Platform_3)
[2015.01.14-04.01.15:163][702]LogPropertyNode:Warning: UI Min (0.001) >= UI Max () for Ranged Numeric
[2015.01.14-04.01.17:304][820]LogEditorViewport: Clicking on Actor (LMB): PaperSpriteActor (Platform_2)
[2015.01.14-04.01.17:315][820]LogPropertyNode:Warning: UI Min (0.001) >= UI Max () for Ranged Numeric
[2015.01.14-04.01.21:827][ 76]LogPropertyNode:Warning: UI Min (0.001) >= UI Max () for Ranged Numeric
[2015.01.14-04.01.21:852][ 76]LogPropertyNode:Warning: UI Min (0.001) >= UI Max () for Ranged Numeric
[2015.01.14-04.02.21:343][352]LogPropertyNode:Warning: UI Min (0.001) >= UI Max () for Ranged Numeric
[2015.01.14-04.02.21:371][352]LogPropertyNode:Warning: UI Min (0.001) >= UI Max () for Ranged Numeric
[2015.01.14-04.02.26:766][646]LogPropertyNode:Warning: UI Min (0.001) >= UI Max () for Ranged Numeric
[2015.01.14-04.02.26:795][646]LogPropertyNode:Warning: UI Min (0.001) >= UI Max () for Ranged Numeric
[2015.01.14-04.02.33:934][ 48]LogEditorViewport: Clicking on Actor (LMB): Apple_C (Apple2)
[2015.01.14-04.02.38:701][313]LogContentBrowser:Verbose: The content browser source was changed by the sources view to '/Game/Blueprints'
[2015.01.14-04.03.05:992][827]LogContentBrowser:Verbose: The content browser source was changed by the sources view to '/Game/Maps'
[2015.01.14-04.03.07:805][925]LogActorComponent: UnregisterComponent: (/Engine/Transient.CharacterMovementComponent_6) Not registered. Aborting.
[2015.01.14-04.03.07:805][925]LogActorComponent: UnregisterComponent: (/Engine/Transient.ProjectileMovementComponent_11) Not registered. Aborting.
[2015.01.14-04.03.08:026][925]Cmd: OBJ SAVEPACKAGE PACKAGE="/Game/Maps/Level6" FILE="../../../../../../Users/Zim/Documents/Unreal Projects/SpikesGalore/Content/Maps/Level6.umap" SILENT=true AUTOSAVING=false KEEPDIRTY=false
[2015.01.14-04.03.08:168][925]LogSavePackage: Save=43.550346ms
[2015.01.14-04.03.08:168][925]LogSavePackage: Moving '../../../../../../Users/Zim/Documents/Unreal Projects/SpikesGalore/Saved/Level674CADABF44F26ED835FAB7BA0F9D3FBC.tmp' to '../../../../../../Users/Zim/Documents/Unreal Projects/SpikesGalore/Content/Maps/Level6.umap'
[2015.01.14-04.03.08:291][925]LogFileHelpers: Saving map 'Level6' took 0.418
[2015.01.14-04.03.10:309][ 25]Cmd: MAP LOAD FILE="../../../../../../Users/Zim/Documents/Unreal Projects/SpikesGalore/Content/Maps/Level3.umap" TEMPLATE=0 SHOWPROGRESS=1
[2015.01.14-04.03.10:309][ 25]LightingResults: New page: Lighting Build
[2015.01.14-04.03.10:355][ 25]LoadErrors: New page: Loading map: Level3.umap
[2015.01.14-04.03.10:356][ 25]MapCheck: New page: Map Check
[2015.01.14-04.03.10:356][ 25]LightingResults: New page: Lighting Build
[2015.01.14-04.03.10:382][ 25]LogParticles: Destroying 0 GPU particle simulations for FXSystem 0x000000289269D580
[2015.01.14-04.03.10:528][ 25]LogEditorServer: Finished looking for orphan Actors (0.000 secs)
[2015.01.14-04.03.10:528][ 25]LogAIModule: Creating AISystem for world Level3
[2015.01.14-04.03.10:641][ 25]Cmd: MAP CHECKDEP
[2015.01.14-04.03.10:641][ 25]MapCheck: New page: Level3 - Jan 13, 2015, 6:03:10 PM
[2015.01.14-04.03.10:792][ 25]MapCheck: Info Map check complete: 0 Error(s), 0 Warning(s), took 149.765ms to complete.
[2015.01.14-04.03.10:822][ 25]LogFileHelpers: Loading map 'Level3' took 0.515
[2015.01.14-04.03.12:464][118]LogEditorViewport: Clicking on Actor (LMB): Spike_C (Spike)
[2015.01.14-04.03.15:187][266]LogActorComponent: UnregisterComponent: (/Engine/Transient.ProjectileMovementComponent_12) Not registered. Aborting.
[2015.01.14-04.03.15:215][266]Cmd: MAP LOAD FILE="../../../../../../Users/Zim/Documents/Unreal Projects/SpikesGalore/Content/Maps/Level6.umap" TEMPLATE=0 SHOWPROGRESS=1
[2015.01.14-04.03.15:215][266]LightingResults: New page: Lighting Build
[2015.01.14-04.03.15:258][266]LoadErrors: New page: Loading map: Level6.umap
[2015.01.14-04.03.15:259][266]MapCheck: New page: Map Check
[2015.01.14-04.03.15:259][266]LightingResults: New page: Lighting Build
[2015.01.14-04.03.15:284][266]LogParticles: Destroying 0 GPU particle simulations for FXSystem 0x000000288C73F920
[2015.01.14-04.03.15:454][266]LogEditorServer: Finished looking for orphan Actors (0.000 secs)
[2015.01.14-04.03.15:454][266]LogAIModule: Creating AISystem for world Level6
[2015.01.14-04.03.15:573][266]Cmd: MAP CHECKDEP
[2015.01.14-04.03.15:574][266]MapCheck: New page: Level6 - Jan 13, 2015, 6:03:15 PM
[2015.01.14-04.03.15:715][266]MapCheck: Info Map check complete: 0 Error(s), 0 Warning(s), took 141.21ms to complete.
[2015.01.14-04.03.15:746][266]LogFileHelpers: Loading map 'Level6' took 0.534
[2015.01.14-04.03.18:004][392]LogEditorViewport: Clicking on Actor (LMB): Spike_C (Spike)
[2015.01.14-04.03.28:560][974]LogEditorViewport: Clicking on Actor (LMB): Apple_C (Apple)
[2015.01.14-04.03.39:251][541]BlueprintLog: New page: Pre-PIE auto-recompile
[2015.01.14-04.03.39:251][541]LogPlayLevel: [PIE] Compiling Level6 before PIE...
[2015.01.14-04.03.39:308][541]LogActorComponent: UnregisterComponent: (/Engine/Transient.ProjectileMovementComponent_13) Not registered. Aborting.
[2015.01.14-04.03.39:336][541]LogPlayLevel: PIE:  Blueprint regeneration took 84 ms (1 blueprints)
[2015.01.14-04.03.39:336][541]PIE: New page: PIE session: Level6 (Jan 13, 2015, 6:03:39 PM)
[2015.01.14-04.03.39:339][541]LogPlayLevel: PIE: StaticDuplicateObject took: (0.002897s)
[2015.01.14-04.03.39:340][541]LogPlayLevel: PIE: World Init took: (0.000604s)
[2015.01.14-04.03.39:340][541]LogPlayLevel: PIE: Created PIE world by copying editor world from /Game/Maps/Level6.Level6 to /Game/Maps/UEDPIE_0_Level6.Level6 (0.003694s)
[2015.01.14-04.03.39:389][541]LogWorld: Game class is 'SpikeGame_C'
[2015.01.14-04.03.39:391][541]LogAIModule: Creating AISystem for world Level6
[2015.01.14-04.03.39:393][541]LogWorld: Bringing World /Game/Maps/UEDPIE_0_Level6.Level6 up for play (max tick rate 60) at 2015.01.13-23.03.39
[2015.01.14-04.03.39:394][541]LogWorld: Bringing up level for play took: 0.002571
[2015.01.14-04.03.39:396][541]PIE: Info Play in editor start time for /Game/Maps/UEDPIE_0_Level6 1.034
[2015.01.14-04.03.45:658][910]LogParticles: Destroying 0 GPU particle simulations for FXSystem 0x000000289CB4D800
[2015.01.14-04.03.46:901][982]LogEditorViewport: Clicking on Actor (LMB): Spike_C (Spike)
[2015.01.14-04.03.47:558][ 16]LogEditorViewport: Clicking on Actor (CTRL LMB): Spike_C (Spike2)
[2015.01.14-04.03.48:406][ 62]LogEditorViewport: Clicking on Actor (CTRL LMB): Spike_C (Spike3)
[2015.01.14-04.03.54:958][438]BlueprintLog: New page: Pre-PIE auto-recompile
[2015.01.14-04.03.54:958][438]LogPlayLevel: [PIE] Compiling Level6 before PIE...
[2015.01.14-04.03.55:041][438]LogPlayLevel: PIE:  Blueprint regeneration took 82 ms (1 blueprints)
[2015.01.14-04.03.55:041][438]PIE: New page: PIE session: Level6 (Jan 13, 2015, 6:03:55 PM)
[2015.01.14-04.03.55:045][438]LogPlayLevel: PIE: StaticDuplicateObject took: (0.003873s)
[2015.01.14-04.03.55:046][438]LogPlayLevel: PIE: World Init took: (0.000720s)
[2015.01.14-04.03.55:046][438]LogPlayLevel: PIE: Created PIE world by copying editor world from /Game/Maps/Level6.Level6 to /Game/Maps/UEDPIE_0_Level6.Level6 (0.004875s)
[2015.01.14-04.03.55:079][438]LogWorld: Game class is 'SpikeGame_C'
[2015.01.14-04.03.55:082][438]LogAIModule: Creating AISystem for world Level6
[2015.01.14-04.03.55:084][438]LogWorld: Bringing World /Game/Maps/UEDPIE_0_Level6.Level6 up for play (max tick rate 60) at 2015.01.13-23.03.55
[2015.01.14-04.03.55:085][438]LogWorld: Bringing up level for play took: 0.002289
[2015.01.14-04.03.55:086][438]PIE: Info Play in editor start time for /Game/Maps/UEDPIE_0_Level6 0.724
[2015.01.14-04.05.17:381][364]LogParticles: Destroying 0 GPU particle simulations for FXSystem 0x000000289D981B20
[2015.01.14-04.05.21:870][623]LogEditorViewport: Clicking on Actor (LMB): Spike_C (Spike)
[2015.01.14-04.05.51:697][269]BlueprintLog: New page: Pre-PIE auto-recompile
[2015.01.14-04.05.51:697][269]LogPlayLevel: [PIE] Compiling Level6 before PIE...
[2015.01.14-04.05.51:790][269]LogPlayLevel: PIE:  Blueprint regeneration took 93 ms (1 blueprints)
[2015.01.14-04.05.51:790][269]PIE: New page: PIE session: Level6 (Jan 13, 2015, 6:05:51 PM)
[2015.01.14-04.05.51:794][269]LogPlayLevel: PIE: StaticDuplicateObject took: (0.003065s)
[2015.01.14-04.05.51:794][269]LogPlayLevel: PIE: World Init took: (0.000626s)
[2015.01.14-04.05.51:794][269]LogPlayLevel: PIE: Created PIE world by copying editor world from /Game/Maps/Level6.Level6 to /Game/Maps/UEDPIE_0_Level6.Level6 (0.003868s)
[2015.01.14-04.05.51:832][269]LogWorld: Game class is 'SpikeGame_C'
[2015.01.14-04.05.51:834][269]LogAIModule: Creating AISystem for world Level6
[2015.01.14-04.05.51:837][269]LogWorld: Bringing World /Game/Maps/UEDPIE_0_Level6.Level6 up for play (max tick rate 60) at 2015.01.13-23.05.51
[2015.01.14-04.05.51:838][269]LogWorld: Bringing up level for play took: 0.003373
[2015.01.14-04.05.51:840][269]PIE: Info Play in editor start time for /Game/Maps/UEDPIE_0_Level6 -0.522
[2015.01.14-04.06.08:156][237]LogPackageName: SearchForPackageOnDisk took   0.136s to resolve Level7.umap
[2015.01.14-04.06.08:301][238]LogPackageName: SearchForPackageOnDisk took   0.130s to resolve Level7.umap
[2015.01.14-04.06.08:301][238]LogNet: Browse: /Game/Maps/Level1
[2015.01.14-04.06.08:301][238]LogNet:Warning: Travel Failure: [InvalidURL]: Invalid URL: /Game/Maps/Level1
[2015.01.14-04.06.08:301][238]LogNet: TravelFailure: InvalidURL, Reason for Failure: 'Invalid URL: /Game/Maps/Level1'
[2015.01.14-04.06.08:301][238]LogNet:Warning: Travel Failure: [ClientTravelFailure]: Invalid URL: /Game/Maps/Level1
[2015.01.14-04.06.08:302][238]LogNet: TravelFailure: ClientTravelFailure, Reason for Failure: 'Invalid URL: /Game/Maps/Level1'
[2015.01.14-04.06.08:386][239]LogParticles: Destroying 0 GPU particle simulations for FXSystem 0x000000289D9B7880
[2015.01.14-04.06.10:962][359]Cmd: OBJ SAVEPACKAGE PACKAGE="/Game/Maps/Level6" FILE="../../../../../../Users/Zim/Documents/Unreal Projects/SpikesGalore/Content/Maps/Level6.umap" SILENT=true AUTOSAVING=false KEEPDIRTY=false
[2015.01.14-04.06.11:116][359]LogSavePackage: Save=44.927330ms
[2015.01.14-04.06.11:116][359]LogSavePackage: Moving '../../../../../../Users/Zim/Documents/Unreal Projects/SpikesGalore/Saved/Level65FC5384143571578385220866C85285D.tmp' to '../../../../../../Users/Zim/Documents/Unreal Projects/SpikesGalore/Content/Maps/Level6.umap'
[2015.01.14-04.06.11:232][359]LogFileHelpers: Saving map 'Level6' took 0.421
[2015.01.14-04.06.12:301][417]LogEditorViewport: Clicking on Actor (LMB): PaperSpriteActor (Sky)
[2015.01.14-04.06.12:314][417]LogPropertyNode:Warning: UI Min (0.001) >= UI Max () for Ranged Numeric
[2015.01.14-04.06.13:879][505]LogEditorViewport: Clicking on Actor (LMB): PaperSpriteActor (Sky)
[2015.01.14-04.06.13:889][505]LogPropertyNode:Warning: UI Min (0.001) >= UI Max () for Ranged Numeric
[2015.01.14-04.06.14:657][547]LogEditorViewport: Clicking on Actor (LMB): PaperSpriteActor (Sky)
[2015.01.14-04.06.14:668][547]LogPropertyNode:Warning: UI Min (0.001) >= UI Max () for Ranged Numeric
[2015.01.14-04.06.15:179][573]LogEditorViewport: Clicking on Actor (LMB): PaperSpriteActor (Billboard5_Sprite)
[2015.01.14-04.06.15:192][573]LogPropertyNode:Warning: UI Min (0.001) >= UI Max () for Ranged Numeric
[2015.01.14-04.06.16:335][637]Cmd: DELETE
[2015.01.14-04.06.16:335][637]Cmd: ACTOR DELETE
[2015.01.14-04.06.16:336][637]LogEditorActor: Deleted Actor: PaperSpriteActor
[2015.01.14-04.06.16:359][637]LogEditorActor: Deleted 1 Actors (0.024 secs)
[2015.01.14-04.06.18:884][771]Cmd: OBJ SAVEPACKAGE PACKAGE="/Game/Maps/Level6" FILE="../../../../../../Users/Zim/Documents/Unreal Projects/SpikesGalore/Content/Maps/Level6.umap" SILENT=true AUTOSAVING=false KEEPDIRTY=false
[2015.01.14-04.06.19:031][771]LogSavePackage: Save=48.131599ms
[2015.01.14-04.06.19:031][771]LogSavePackage: Moving '../../../../../../Users/Zim/Documents/Unreal Projects/SpikesGalore/Saved/Level67808BD6A43845EF55147C59D53E39318.tmp' to '../../../../../../Users/Zim/Documents/Unreal Projects/SpikesGalore/Content/Maps/Level6.umap'
[2015.01.14-04.06.19:171][771]LogFileHelpers: Saving map 'Level6' took 0.438
[2015.01.14-04.06.20:959][820]Cmd: QUIT_EDITOR
[2015.01.14-04.06.21:512][820]LogExit: Preparing to exit.
[2015.01.14-04.06.22:704][820]LogExit: Editor shut down
[2015.01.14-04.06.22:705][820]LogExit: Transaction tracking system shut down
[2015.01.14-04.06.22:707][820]LogParticles: Destroying 0 GPU particle simulations for FXSystem 0x000000289271ADE0
[2015.01.14-04.06.22:708][820]LogParticles: Destroying 0 GPU particle simulations for FXSystem 0x000000288AAF2520
[2015.01.14-04.06.22:709][820]LogParticles: Destroying 0 GPU particle simulations for FXSystem 0x000000289A6532E0
[2015.01.14-04.06.22:785][820]LogExit: Object subsystem successfully closed.
[2015.01.14-04.06.22:862][820]LogModuleManager: Shutting down and abandoning module Merge (173)
[2015.01.14-04.06.22:862][820]LogModuleManager: Shutting down and abandoning module AndroidDeviceDetection (172)
[2015.01.14-04.06.22:862][820]LogModuleManager: Shutting down and abandoning module CrashTracker (171)
[2015.01.14-04.06.22:862][820]LogModuleManager: Shutting down and abandoning module SuperSearch (170)
[2015.01.14-04.06.22:862][820]LogModuleManager: Shutting down and abandoning module SceneOutliner (169)
[2015.01.14-04.06.22:862][820]LogModuleManager: Shutting down and abandoning module EditorWidgets (168)
[2015.01.14-04.06.22:862][820]LogModuleManager: Shutting down and abandoning module CollectionManager (167)
[2015.01.14-04.06.22:862][820]LogModuleManager: Shutting down and abandoning module StatsViewer (166)
[2015.01.14-04.06.22:862][820]LogModuleManager: Shutting down and abandoning module FoliageEdit (165)
[2015.01.14-04.06.22:862][820]LogModuleManager: Shutting down and abandoning module LandscapeEditor (164)
[2015.01.14-04.06.22:862][820]LogModuleManager: Shutting down and abandoning module MeshPaint (163)
[2015.01.14-04.06.22:862][820]LogModuleManager: Shutting down and abandoning module ActorPickerMode (162)
[2015.01.14-04.06.22:862][820]LogModuleManager: Shutting down and abandoning module GeometryMode (161)
[2015.01.14-04.06.22:862][820]LogModuleManager: Shutting down and abandoning module TextureAlignMode (160)
[2015.01.14-04.06.22:862][820]LogModuleManager: Shutting down and abandoning module BspMode (159)
[2015.01.14-04.06.22:862][820]LogModuleManager: Shutting down and abandoning module PlacementMode (158)
[2015.01.14-04.06.22:862][820]LogModuleManager: Shutting down and abandoning module AutomationWorker (157)
[2015.01.14-04.06.22:862][820]LogModuleManager: Shutting down and abandoning module CharacterAI (156)
[2015.01.14-04.06.22:862][820]LogModuleManager: Shutting down and abandoning module GameProjectGeneration (155)
[2015.01.14-04.06.22:862][820]LogModuleManager: Shutting down and abandoning module IntroTutorials (154)
[2015.01.14-04.06.22:862][820]LogModuleManager: Shutting down and abandoning module EditorLiveStreaming (153)
[2015.01.14-04.06.22:862][820]LogModuleManager: Shutting down and abandoning module HardwareTargeting (152)
[2015.01.14-04.06.22:862][820]LogModuleManager: Shutting down and abandoning module DeviceProfileEditor (151)
[2015.01.14-04.06.22:862][820]LogModuleManager: Shutting down and abandoning module UndoHistory (150)
[2015.01.14-04.06.22:862][820]LogModuleManager: Shutting down and abandoning module GameplayTagsEditor (149)
[2015.01.14-04.06.22:862][820]LogModuleManager: Shutting down and abandoning module UserFeedback (148)
[2015.01.14-04.06.22:863][820]LogModuleManager: Shutting down and abandoning module XmlParser (147)
[2015.01.14-04.06.22:863][820]LogModuleManager: Shutting down and abandoning module Blutility (146)
[2015.01.14-04.06.22:863][820]LogModuleManager: Shutting down and abandoning module IOSPlatformEditor (145)
[2015.01.14-04.06.22:863][820]LogModuleManager: Shutting down and abandoning module IOSRuntimeSettings (144)
[2015.01.14-04.06.22:863][820]LogModuleManager: Shutting down and abandoning module AndroidPlatformEditor (143)
[2015.01.14-04.06.22:863][820]LogModuleManager: Shutting down and abandoning module AndroidRuntimeSettings (142)
[2015.01.14-04.06.22:863][820]LogModuleManager: Shutting down and abandoning module ProjectTargetPlatformEditor (141)
[2015.01.14-04.06.22:863][820]LogModuleManager: Shutting down and abandoning module ProjectSettingsViewer (140)
[2015.01.14-04.06.22:863][820]LogModuleManager: Shutting down and abandoning module InputBindingEditor (139)
[2015.01.14-04.06.22:863][820]LogModuleManager: Shutting down and abandoning module EditorSettingsViewer (138)
[2015.01.14-04.06.22:863][820]LogModuleManager: Shutting down and abandoning module SettingsEditor (137)
[2015.01.14-04.06.22:863][820]LogModuleManager: Shutting down and abandoning module ProjectLauncher (136)
[2015.01.14-04.06.22:863][820]LogModuleManager: Shutting down and abandoning module SessionFrontend (135)
[2015.01.14-04.06.22:863][820]LogModuleManager: Shutting down and abandoning module ProfilerClient (134)
[2015.01.14-04.06.22:863][820]LogModuleManager: Shutting down and abandoning module TargetDeviceServices (133)
[2015.01.14-04.06.22:863][820]LogModuleManager: Shutting down and abandoning module DeviceManager (132)
[2015.01.14-04.06.22:863][820]LogModuleManager: Shutting down and abandoning module AutomationController (131)
[2015.01.14-04.06.22:863][820]LogModuleManager: Shutting down and abandoning module AutomationWindow (130)
[2015.01.14-04.06.22:863][820]LogModuleManager: Shutting down and abandoning module Layers (129)
[2015.01.14-04.06.22:863][820]LogModuleManager: Shutting down and abandoning module ComponentVisualizers (128)
[2015.01.14-04.06.22:863][820]LogModuleManager: Shutting down and abandoning module DetailCustomizations (127)
[2015.01.14-04.06.22:863][820]LogModuleManager: Shutting down and abandoning module PackagesDialog (126)
[2015.01.14-04.06.22:864][820]LogModuleManager: Shutting down and abandoning module AssetRegistry (125)
[2015.01.14-04.06.22:950][820]LogModuleManager: Shutting down and abandoning module Persona (124)
[2015.01.14-04.06.22:950][820]LogModuleManager: Shutting down and abandoning module Kismet (123)
[2015.01.14-04.06.22:950][820]LogModuleManager: Shutting down and abandoning module GraphEditor (122)
[2015.01.14-04.06.22:951][820]LogModuleManager: Shutting down and abandoning module ClassViewer (121)
[2015.01.14-04.06.22:951][820]LogModuleManager: Shutting down and abandoning module Toolbox (120)
[2015.01.14-04.06.22:951][820]LogModuleManager: Shutting down and abandoning module ModuleUI (119)
[2015.01.14-04.06.22:951][820]LogModuleManager: Shutting down and abandoning module MovieSceneTools (118)
[2015.01.14-04.06.22:951][820]LogModuleManager: Shutting down and abandoning module OutputLog (117)
[2015.01.14-04.06.22:951][820]LogModuleManager: Shutting down and abandoning module GammaUI (116)
[2015.01.14-04.06.22:951][820]LogModuleManager: Shutting down and abandoning module Documentation (115)
[2015.01.14-04.06.22:951][820]LogModuleManager: Shutting down and abandoning module GameLiveStreaming (114)
[2015.01.14-04.06.22:951][820]LogModuleManager: Shutting down and abandoning module StreamingPauseRendering (113)
[2015.01.14-04.06.22:951][820]LogModuleManager: Shutting down and abandoning module HTTP (112)
[2015.01.14-04.06.22:951][820]LogModuleManager: Shutting down and abandoning module AnalyticsET (111)
[2015.01.14-04.06.22:951][820]LogModuleManager: Shutting down and abandoning module Analytics (110)
[2015.01.14-04.06.22:951][820]LogModuleManager: Shutting down and abandoning module AITestSuite (109)
[2015.01.14-04.06.22:951][820]LogModuleManager: Shutting down and abandoning module AIModule (108)
[2015.01.14-04.06.22:951][820]LogModuleManager: Shutting down and abandoning module ProfilerService (107)
[2015.01.14-04.06.23:173][820]LogModuleManager: Shutting down and abandoning module TaskGraph (106)
[2015.01.14-04.06.23:173][820]LogModuleManager: Shutting down and abandoning module GameplayDebugger (105)
[2015.01.14-04.06.23:173][820]LogModuleManager: Shutting down and abandoning module SlateRemote (104)
[2015.01.14-04.06.23:173][820]LogModuleManager: Shutting down and abandoning module ScriptEditorPlugin (103)
[2015.01.14-04.06.23:173][820]LogModuleManager: Shutting down and abandoning module CustomMeshComponent (102)
[2015.01.14-04.06.23:173][820]LogModuleManager: Shutting down and abandoning module CableComponent (101)
[2015.01.14-04.06.23:173][820]LogModuleManager: Shutting down and abandoning module MessagingDebugger (100)
[2015.01.14-04.06.23:173][820]LogModuleManager: Shutting down and abandoning module MediaPlayerEditor (99)
[2015.01.14-04.06.23:173][820]LogModuleManager: Shutting down and abandoning module SpeedTreeImporter (98)
[2015.01.14-04.06.23:173][820]LogModuleManager: Shutting down and abandoning module PluginsEditor (97)
[2015.01.14-04.06.23:173][820]LogModuleManager: Shutting down and abandoning module EpicSurvey (96)
[2015.01.14-04.06.23:173][820]LogModuleManager: Shutting down and abandoning module DesktopPlatform (95)
[2015.01.14-04.06.23:173][820]LogModuleManager: Shutting down and abandoning module VisualStudioSourceCodeAccess (94)
[2015.01.14-04.06.23:173][820]LogModuleManager: Shutting down and abandoning module UObjectPlugin (93)
[2015.01.14-04.06.23:173][820]LogModuleManager: Shutting down and abandoning module SubversionSourceControl (92)
[2015.01.14-04.06.23:173][820]LogModuleManager: Shutting down and abandoning module SourceControl (91)
[2015.01.14-04.06.23:173][820]LogModuleManager: Shutting down and abandoning module PerforceSourceControl (90)
[2015.01.14-04.06.23:173][820]LogModuleManager: Shutting down and abandoning module BlankPlugin (89)
[2015.01.14-04.06.23:173][820]LogModuleManager: Shutting down and abandoning module SlateReflector (88)
[2015.01.14-04.06.23:173][820]LogModuleManager: Shutting down and abandoning module DirectoryWatcher (87)
[2015.01.14-04.06.23:174][820]LogModuleManager: Shutting down and abandoning module HotReload (86)
[2015.01.14-04.06.23:174][820]LogModuleManager: Shutting down and abandoning module MainFrame (85)
[2015.01.14-04.06.23:174][820]LogModuleManager: Shutting down and abandoning module LevelEditor (84)
[2015.01.14-04.06.23:176][820]LogModuleManager: Shutting down and abandoning module ViewportSnapping (83)
[2015.01.14-04.06.23:176][820]LogModuleManager: Shutting down and abandoning module SmartSnapping (82)
[2015.01.14-04.06.23:176][820]LogModuleManager: Shutting down and abandoning module PaperTiledImporter (81)
[2015.01.14-04.06.23:176][820]LogModuleManager: Shutting down and abandoning module PaperJsonImporter (80)
[2015.01.14-04.06.23:176][820]LogModuleManager: Shutting down and abandoning module ContentBrowser (79)
[2015.01.14-04.06.23:176][820]LogModuleManager: Shutting down and abandoning module Paper2DEditor (78)
[2015.01.14-04.06.23:176][820]LogModuleManager: Shutting down and abandoning module ScriptPlugin (77)
[2015.01.14-04.06.23:176][820]LogModuleManager: Shutting down and abandoning module UdpMessaging (76)
[2015.01.14-04.06.23:277][820]LogModuleManager: Shutting down and abandoning module Paper2D (75)
[2015.01.14-04.06.23:277][820]LogModuleManager: Shutting down and abandoning module UE4Game (74)
[2015.01.14-04.06.23:277][820]LogModuleManager: Shutting down and abandoning module WindowsMoviePlayer (73)
[2015.01.14-04.06.23:280][820]LogModuleManager: Shutting down and abandoning module Media (72)
[2015.01.14-04.06.23:280][820]LogModuleManager: Shutting down and abandoning module WmfMedia (71)
[2015.01.14-04.06.23:280][820]LogModuleManager: Shutting down and abandoning module OnlineBlueprintSupport (70)
[2015.01.14-04.06.23:280][820]LogModuleManager: Shutting down and abandoning module PropertyEditor (69)
[2015.01.14-04.06.23:280][820]LogModuleManager: Shutting down and abandoning module BehaviorTreeEditor (68)
[2015.01.14-04.06.23:280][820]LogModuleManager: Shutting down and abandoning module FunctionalTesting (67)
[2015.01.14-04.06.23:280][820]LogModuleManager: Shutting down and abandoning module CollisionAnalyzer (66)
[2015.01.14-04.06.23:280][820]LogModuleManager: Shutting down and abandoning module WorkspaceMenuStructure (65)
[2015.01.14-04.06.23:280][820]LogModuleManager: Shutting down and abandoning module MessageLog (64)
[2015.01.14-04.06.23:280][820]LogModuleManager: Shutting down and abandoning module Sequencer (63)
[2015.01.14-04.06.23:280][820]LogModuleManager: Shutting down and abandoning module AssetTools (62)
[2015.01.14-04.06.23:280][820]LogModuleManager: Shutting down and abandoning module UMGEditor (61)
[2015.01.14-04.06.23:280][820]LogModuleManager: Shutting down and abandoning module UMG (60)
[2015.01.14-04.06.23:280][820]LogModuleManager: Shutting down and abandoning module Slate (59)
[2015.01.14-04.06.23:280][820]LogModuleManager: Shutting down and abandoning module EditorStyle (58)
[2015.01.14-04.06.23:287][820]LogModuleManager: Shutting down and abandoning module SessionServices (57)
[2015.01.14-04.06.23:287][820]LogModuleManager: Shutting down and abandoning module SourceCodeAccess (56)
[2015.01.14-04.06.23:287][820]LogModuleManager: Shutting down and abandoning module HeadMountedDisplay (55)
[2015.01.14-04.06.23:287][820]LogModuleManager: Shutting down and abandoning module XAudio2 (54)
[2015.01.14-04.06.23:287][820]LogModuleManager: Shutting down and abandoning module Networking (52)
[2015.01.14-04.06.23:287][820]LogModuleManager: Shutting down and abandoning module Core (51)
[2015.01.14-04.06.23:287][820]LogModuleManager: Shutting down and abandoning module KismetCompiler (50)
[2015.01.14-04.06.23:287][820]LogModuleManager: Shutting down and abandoning module PhysXFormats (49)
[2015.01.14-04.06.23:287][820]LogModuleManager: Shutting down and abandoning module MeshUtilities (48)
[2015.01.14-04.06.23:287][820]LogModuleManager: Shutting down and abandoning module DerivedDataCache (47)
[2015.01.14-04.06.23:288][820]LogDerivedDataCache: Shutdown
[2015.01.14-04.06.23:288][820]LogModuleManager: Shutting down and abandoning module ShaderFormatOpenGL (46)
[2015.01.14-04.06.23:288][820]LogModuleManager: Shutting down and abandoning module ShaderFormatD3D (45)
[2015.01.14-04.06.23:288][820]LogModuleManager: Shutting down and abandoning module MetalShaderFormat (44)
[2015.01.14-04.06.23:288][820]LogModuleManager: Shutting down and abandoning module TextureFormatUncompressed (43)
[2015.01.14-04.06.23:288][820]LogModuleManager: Shutting down and abandoning module TextureFormatPVR (42)
[2015.01.14-04.06.23:288][820]LogModuleManager: Shutting down and abandoning module TextureFormatDXT (41)
[2015.01.14-04.06.23:288][820]LogModuleManager: Shutting down and abandoning module TextureFormatAndroid (40)
[2015.01.14-04.06.23:288][820]LogModuleManager: Shutting down and abandoning module AudioFormatOpus (39)
[2015.01.14-04.06.23:288][820]LogModuleManager: Shutting down and abandoning module AudioFormatOgg (38)
[2015.01.14-04.06.23:288][820]LogModuleManager: Shutting down and abandoning module AudioFormatADPCM (37)
[2015.01.14-04.06.23:288][820]LogModuleManager: Shutting down and abandoning module LinuxTargetPlatform (36)
[2015.01.14-04.06.23:288][820]LogModuleManager: Shutting down and abandoning module LinuxServerTargetPlatform (35)
[2015.01.14-04.06.23:288][820]LogModuleManager: Shutting down and abandoning module LinuxNoEditorTargetPlatform (34)
[2015.01.14-04.06.23:288][820]LogModuleManager: Shutting down and abandoning module Messaging (33)
[2015.01.14-04.06.23:288][820]LogModuleManager: Shutting down and abandoning module IOSTargetPlatform (32)
[2015.01.14-04.06.23:288][820]LogModuleManager: Shutting down and abandoning module Android_PVRTCTargetPlatform (31)
[2015.01.14-04.06.23:288][820]LogModuleManager: Shutting down and abandoning module Android_ETC2TargetPlatform (30)
[2015.01.14-04.06.23:288][820]LogModuleManager: Shutting down and abandoning module Android_ETC1TargetPlatform (29)
[2015.01.14-04.06.23:288][820]LogModuleManager: Shutting down and abandoning module Android_DXTTargetPlatform (28)
[2015.01.14-04.06.23:288][820]LogModuleManager: Shutting down and abandoning module Android_ATCTargetPlatform (27)
[2015.01.14-04.06.23:288][820]LogModuleManager: Shutting down and abandoning module AndroidTargetPlatform (26)
[2015.01.14-04.06.23:288][820]LogModuleManager: Shutting down and abandoning module WindowsTargetPlatform (25)
[2015.01.14-04.06.23:288][820]LogModuleManager: Shutting down and abandoning module WindowsServerTargetPlatform (24)
[2015.01.14-04.06.23:288][820]LogModuleManager: Shutting down and abandoning module WindowsNoEditorTargetPlatform (23)
[2015.01.14-04.06.23:288][820]LogModuleManager: Shutting down and abandoning module WindowsClientTargetPlatform (22)
[2015.01.14-04.06.23:288][820]LogModuleManager: Shutting down and abandoning module TargetPlatform (21)
[2015.01.14-04.06.23:288][820]LogModuleManager: Shutting down and abandoning module InputCore (20)
[2015.01.14-04.06.23:288][820]LogModuleManager: Shutting down and abandoning module Settings (19)
[2015.01.14-04.06.23:288][820]LogModuleManager: Shutting down and abandoning module ImageWrapper (18)
[2015.01.14-04.06.23:288][820]LogModuleManager: Shutting down and abandoning module OculusRift (15)
[2015.01.14-04.06.23:288][820]LogModuleManager: Shutting down and abandoning module ExampleDeviceProfileSelector (14)
[2015.01.14-04.06.23:288][820]LogModuleManager: Shutting down and abandoning module TextureCompressor (13)
[2015.01.14-04.06.23:288][820]LogModuleManager: Shutting down and abandoning module ShaderCore (12)
[2015.01.14-04.06.23:288][820]LogModuleManager: Shutting down and abandoning module Landscape (11)
[2015.01.14-04.06.23:288][820]LogModuleManager: Shutting down and abandoning module SlateRHIRenderer (10)
[2015.01.14-04.06.23:296][820]LogModuleManager: Shutting down and abandoning module OpenGLDrv (9)
[2015.01.14-04.06.23:296][820]LogModuleManager: Shutting down and abandoning module D3D11RHI (8)
[2015.01.14-04.06.23:296][820]LogModuleManager: Shutting down and abandoning module Renderer (7)
[2015.01.14-04.06.23:296][820]LogModuleManager: Shutting down and abandoning module Engine (6)
[2015.01.14-04.06.23:296][820]LogModuleManager: Shutting down and abandoning module CoreUObject (5)
[2015.01.14-04.06.23:296][820]LogModuleManager: Shutting down and abandoning module NetworkFile (4)
[2015.01.14-04.06.23:296][820]LogModuleManager: Shutting down and abandoning module StreamingFile (3)
[2015.01.14-04.06.23:296][820]LogModuleManager: Shutting down and abandoning module SandboxFile (2)
[2015.01.14-04.06.23:296][820]LogModuleManager: Shutting down and abandoning module PakFile (1)
[2015.01.14-04.06.23:296][820]LogExit: Exiting.
[2015.01.14-04.06.23:361][820]Log file closed, 01/13/15 23:06:23
